number,value,datetime_start,datetime_complete,duration,params_gamma_1,params_gamma_2,params_lambda,params_n_clusters,params_n_neighbors,state
1,37.669999999999995,2025-01-21 15:57:44.337895,2025-01-21 15:58:36.386606,0 days 00:00:52.048711,0.3163760547448626,0.3135815021785475,1.2619764993078284,90,49,COMPLETE
2,10.4,2025-01-21 15:58:36.471524,2025-01-21 15:59:11.494564,0 days 00:00:35.023040,0.04446064646137846,0.09063434523513779,0.014806963302738004,57,43,COMPLETE
3,6.99,2025-01-21 15:59:11.565359,2025-01-21 15:59:45.493106,0 days 00:00:33.927747,0.016420409287251636,0.0020590276904295375,0.0050959263262350665,56,49,COMPLETE
4,27.01,2025-01-21 15:59:45.572560,2025-01-21 16:00:01.014395,0 days 00:00:15.441835,0.008186516839182865,0.04122829661165054,2.027837334603594,8,1,COMPLETE
5,50.9,2025-01-21 16:00:01.088790,2025-01-21 16:00:48.915614,0 days 00:00:47.826824,0.4955562413568806,0.01858514474703579,0.508552371316276,86,3,COMPLETE
6,31.44,2025-01-21 16:00:48.983737,2025-01-21 16:01:28.654200,0 days 00:00:39.670463,0.005944223442370421,0.029628118272288836,0.4308249869889392,65,31,COMPLETE
7,21.4,2025-01-21 16:01:28.732705,2025-01-21 16:02:02.200954,0 days 00:00:33.468249,2.077240998326883,0.09676056150865099,0.0013897468484614776,55,39,COMPLETE
8,11.28,2025-01-21 16:02:02.270683,2025-01-21 16:02:38.881807,0 days 00:00:36.611124,0.04885269331888911,0.0010964184515037864,0.01241040143235148,61,11,COMPLETE
9,43.34,2025-01-21 16:02:38.953328,2025-01-21 16:03:22.873298,0 days 00:00:43.919970,1.2389390464457113,0.03598184567738233,0.12612109669360314,78,37,COMPLETE
10,39.43,2025-01-21 16:03:22.936582,2025-01-21 16:03:38.366536,0 days 00:00:15.429954,0.09219302741067913,0.5194655178892374,0.2664341390166563,8,5,COMPLETE
11,37.19,2025-01-21 16:03:38.446245,2025-01-21 16:04:03.488351,0 days 00:00:25.042106,5.205786769236098,0.008674940452485331,0.06209212015171359,34,18,COMPLETE
12,16.25,2025-01-21 16:04:03.563105,2025-01-21 16:04:58.764686,0 days 00:00:55.201581,0.5945497428097525,5.3425952259171945,0.12241623224222013,99,27,COMPLETE
13,49.51,2025-01-21 16:04:58.851734,2025-01-21 16:05:44.401718,0 days 00:00:45.549984,0.7254718005134474,0.007854080091357851,0.37488692321463757,81,33,COMPLETE
14,27.92,2025-01-21 16:05:44.464675,2025-01-21 16:06:30.475406,0 days 00:00:46.010731,0.0010331784129778982,0.005797879481600478,0.7379333212895862,81,19,COMPLETE
15,30.680000000000003,2025-01-21 16:06:30.545064,2025-01-21 16:06:57.061151,0 days 00:00:26.516087,0.22383699984813377,0.00856576340183878,2.4320696124274104,36,18,COMPLETE
16,48.91,2025-01-21 16:06:57.146607,2025-01-21 16:07:39.341850,0 days 00:00:42.195243,1.079163772492427,0.00418385502936051,0.28879795538177133,74,31,COMPLETE
17,32.46,2025-01-21 16:07:39.419355,2025-01-21 16:08:34.360778,0 days 00:00:54.941423,4.014910650358976,0.01697063538920099,0.036988455302432485,98,11,COMPLETE
18,42.19,2025-01-21 16:08:34.546236,2025-01-21 16:09:01.205884,0 days 00:00:26.659648,0.2092087918587873,0.2575511593373107,0.7442614401697087,36,22,COMPLETE
19,39.83,2025-01-21 16:09:01.263658,2025-01-21 16:09:50.959696,0 days 00:00:49.696038,0.4786160531122514,2.0772051396462494,0.16122468368690207,88,12,COMPLETE
20,42.39,2025-01-21 16:09:51.041520,2025-01-21 16:10:32.428742,0 days 00:00:41.387222,0.09101005951490075,0.0020416667333698164,0.6247122567156275,70,33,COMPLETE
21,32.37,2025-01-21 16:10:32.506772,2025-01-21 16:11:02.366735,0 days 00:00:29.859963,2.04509627078527,0.01520279248633201,0.043879582336795134,45,25,COMPLETE
22,48.08,2025-01-21 16:11:02.435252,2025-01-21 16:11:46.069901,0 days 00:00:43.634649,0.7096082185484694,0.004471221643869215,0.2422870761254623,73,30,COMPLETE
23,48.49,2025-01-21 16:11:46.135393,2025-01-21 16:12:35.325962,0 days 00:00:49.190569,1.3077927031372052,0.003114649369787817,0.3365738096571884,86,37,COMPLETE
24,40.339999999999996,2025-01-21 16:12:35.383588,2025-01-21 16:13:19.697907,0 days 00:00:44.314319,1.0570987273541919,0.015862758001818338,1.3958674054547433,76,27,COMPLETE
25,27.37,2025-01-21 16:13:19.785302,2025-01-21 16:14:12.090386,0 days 00:00:52.305084,0.16457696355203888,0.001032439402004109,0.08531484844109422,92,44,COMPLETE
26,44.21,2025-01-21 16:14:12.161247,2025-01-21 16:14:51.795346,0 days 00:00:39.634099,2.79562349306192,0.009060493715968307,1.0234237014865466,66,34,COMPLETE
27,44.62,2025-01-21 16:14:51.892024,2025-01-21 16:15:38.572999,0 days 00:00:46.680975,0.3692073720590865,0.002858229346562409,0.2111908995977247,81,24,COMPLETE
28,51.07000000000001,2025-01-21 16:15:38.645496,2025-01-21 16:16:08.742264,0 days 00:00:30.096768,0.7353338797601814,0.05104691361333856,0.4284075475782396,46,7,COMPLETE
29,46.67,2025-01-21 16:16:08.815637,2025-01-21 16:16:29.191688,0 days 00:00:20.376051,0.12241562226541369,0.06115188248348741,0.49394235460078884,21,6,COMPLETE
30,34.63,2025-01-21 16:16:29.269899,2025-01-21 16:16:59.594248,0 days 00:00:30.324349,0.27550037979902486,0.1980280534059789,1.3044660363015526,46,3,COMPLETE
31,27.439999999999998,2025-01-21 16:16:59.682576,2025-01-21 16:17:22.635699,0 days 00:00:22.953123,0.6451268548714949,0.5866540741959333,0.024392573361395047,26,8,COMPLETE
32,50.42,2025-01-21 16:17:22.703941,2025-01-21 16:18:15.001303,0 days 00:00:52.297362,0.8493066587330373,0.025091494816766712,0.3561346236700907,92,13,COMPLETE
33,50.24999999999999,2025-01-21 16:18:15.078742,2025-01-21 16:19:07.785657,0 days 00:00:52.706915,0.3735744082874981,0.02141620412502711,0.5003457872457364,93,13,COMPLETE
34,41.77,2025-01-21 16:19:07.855159,2025-01-21 16:20:01.775290,0 days 00:00:53.920131,0.3674738561396689,0.02110642006584617,1.0391059603139658,95,14,COMPLETE
35,28.720000000000002,2025-01-21 16:20:01.849530,2025-01-21 16:20:51.901493,0 days 00:00:50.051963,0.03658752918480393,0.07847631646551549,1.870429304788229,88,1,COMPLETE
36,31.619999999999997,2025-01-21 16:20:51.996541,2025-01-21 16:21:26.197039,0 days 00:00:34.200498,2.266499360075625,0.13821757511236038,2.769523526578385,50,8,COMPLETE
37,41.91,2025-01-21 16:21:26.284906,2025-01-21 16:22:23.037564,0 days 00:00:56.752658,0.05468185795248973,0.04762455767043403,0.5990418357161095,100,15,COMPLETE
38,33.08,2025-01-21 16:22:23.096799,2025-01-21 16:23:14.805771,0 days 00:00:51.708972,0.37088078740057023,0.02772911303858402,0.08273905425590546,91,8,COMPLETE
39,15.32,2025-01-21 16:23:14.873302,2025-01-21 16:23:51.040872,0 days 00:00:36.167570,0.14259869023758642,0.09628999226651681,0.002610050963089789,59,4,COMPLETE
40,47.12,2025-01-21 16:23:51.121126,2025-01-21 16:24:30.255830,0 days 00:00:39.134704,1.4855169900708323,0.04480206760969698,0.17551237457358776,65,15,COMPLETE
41,47.199999999999996,2025-01-21 16:24:30.328795,2025-01-21 16:25:03.320037,0 days 00:00:32.991242,3.8073653133272085,0.024741855102599082,0.48620542685955664,53,11,COMPLETE
42,50.17,2025-01-21 16:25:03.387336,2025-01-21 16:25:52.058242,0 days 00:00:48.670906,0.7081744201676096,0.010715383014179678,0.3043252778315929,85,7,COMPLETE
43,43.65,2025-01-21 16:25:52.125676,2025-01-21 16:26:40.348864,0 days 00:00:48.223188,0.7794417962900104,0.013463114819402646,0.9236329531328731,85,1,COMPLETE
44,38.72,2025-01-21 16:26:40.431400,2025-01-21 16:27:34.501792,0 days 00:00:54.070392,0.027534174356269633,0.035440351600333896,0.37767635126477384,94,7,COMPLETE
45,38.379999999999995,2025-01-21 16:27:34.573919,2025-01-21 16:28:22.810862,0 days 00:00:48.236943,0.4093562553702156,0.011227054063721917,0.12036263439404347,84,10,COMPLETE
46,25.740000000000002,2025-01-21 16:28:22.875871,2025-01-21 16:29:16.832243,0 days 00:00:53.956372,1.709550223836256,0.13383994233974192,0.012395507556061523,96,5,COMPLETE
47,49.78,2025-01-21 16:29:16.908296,2025-01-21 16:29:45.768327,0 days 00:00:28.860031,1.0000662538069867,0.05629763231226965,0.27260026755865446,41,14,COMPLETE
48,31.2,2025-01-21 16:29:45.841267,2025-01-21 16:30:26.576986,0 days 00:00:40.735719,0.24890485224358,0.006240411822524138,1.7779266611123734,69,3,COMPLETE
49,32.690000000000005,2025-01-21 16:30:26.646182,2025-01-21 16:31:11.760324,0 days 00:00:45.114142,0.006702983681829565,0.02463105255714364,0.44371714183465927,77,21,COMPLETE
50,43.5,2025-01-21 16:31:11.829015,2025-01-21 16:32:04.256604,0 days 00:00:52.427589,0.5611497634905668,0.035444955224292904,0.15786431990214095,92,17,COMPLETE
51,47.81,2025-01-21 16:32:04.321546,2025-01-21 16:32:51.169727,0 days 00:00:46.848181,2.878591273700374,0.020600257498341695,0.7483597068595935,82,9,COMPLETE
52,49.41,2025-01-21 16:32:51.252397,2025-01-21 16:33:15.288981,0 days 00:00:24.036584,1.126674597031867,0.05570053494463439,0.2749690513182629,30,13,COMPLETE
53,47.870000000000005,2025-01-21 16:33:15.348222,2025-01-21 16:33:45.848508,0 days 00:00:30.500286,0.9082552810205797,0.061068675788169616,0.2089697547172934,46,16,COMPLETE
54,49.65,2025-01-21 16:33:45.913065,2025-01-21 16:34:13.714334,0 days 00:00:27.801269,0.5270974702642618,0.011683077238120603,0.3171588116414256,40,13,COMPLETE
55,50.370000000000005,2025-01-21 16:34:13.798107,2025-01-21 16:34:41.514938,0 days 00:00:27.716831,1.5937723261331105,0.13051536318464113,0.5839087456938291,40,6,COMPLETE
56,0.51,2025-01-21 16:34:41.596288,2025-01-21 16:35:14.717799,0 days 00:00:33.121511,0.0019254745889991207,0.4260164553657788,0.5428930163451394,50,6,COMPLETE
57,45.9,2025-01-21 16:35:14.795227,2025-01-21 16:35:35.113715,0 days 00:00:20.318488,5.7579643021717795,0.13604677979920765,0.776667564036408,22,10,COMPLETE
58,38.04,2025-01-21 16:35:35.185017,2025-01-21 16:36:26.109935,0 days 00:00:50.924918,1.6223821768851083,0.9789420038891482,1.4481422374283184,89,3,COMPLETE
59,30.11,2025-01-21 16:36:26.180728,2025-01-21 16:36:40.636449,0 days 00:00:14.455721,0.18396245965381383,0.006364123008629271,0.09792269476303138,5,2,COMPLETE
60,49.4,2025-01-21 16:36:40.706665,2025-01-21 16:36:58.363796,0 days 00:00:17.657131,0.2900430161515959,0.018191000930804415,0.3941020462785404,14,7,COMPLETE
61,35.64,2025-01-21 16:36:58.428908,2025-01-21 16:37:22.562862,0 days 00:00:24.133954,3.5781612910171936,0.18934868627192095,0.057479776533259155,31,5,COMPLETE
62,49.24,2025-01-21 16:37:22.644587,2025-01-21 16:37:49.824090,0 days 00:00:27.179503,0.9093366465025559,0.038512395100441646,0.2580690526659124,39,12,COMPLETE
63,50.09,2025-01-21 16:37:49.906753,2025-01-21 16:38:19.039095,0 days 00:00:29.132342,0.7454735668940128,0.07630830097774081,0.5540612017652689,42,20,COMPLETE
64,49.51,2025-01-21 16:38:19.104221,2025-01-21 16:38:48.428712,0 days 00:00:29.324491,0.6131191290395615,0.1198419602418807,0.6207107479679975,44,21,COMPLETE
65,46.0,2025-01-21 16:38:48.524813,2025-01-21 16:39:24.272560,0 days 00:00:35.747747,2.151493979948954,0.07561492394634246,0.9904956272407707,57,18,COMPLETE
66,51.31,2025-01-21 16:39:24.345227,2025-01-21 16:39:51.008148,0 days 00:00:26.662921,1.2380127849738407,0.2679584457806235,0.37326302143869694,35,6,COMPLETE
67,45.739999999999995,2025-01-21 16:39:51.086232,2025-01-21 16:40:15.223404,0 days 00:00:24.137172,0.4792676659573346,0.3872648973847355,0.19330196664142715,31,6,COMPLETE
68,51.949999999999996,2025-01-21 16:40:15.288885,2025-01-21 16:40:46.305584,0 days 00:00:31.016699,1.3600415147961435,0.5978837032082654,0.4112274603853371,36,4,COMPLETE
69,52.080000000000005,2025-01-21 16:40:46.394777,2025-01-21 16:41:12.532164,0 days 00:00:26.137387,1.3892836590672006,1.0043798212093673,0.40678736084519446,35,4,COMPLETE
70,52.09,2025-01-21 16:41:12.599684,2025-01-21 16:41:38.751196,0 days 00:00:26.151512,1.3328822608202837,1.0111372825014613,0.3865707284658636,36,4,COMPLETE
71,51.190000000000005,2025-01-21 16:41:38.833658,2025-01-21 16:42:06.392622,0 days 00:00:27.558964,2.662715973821295,1.3851511117420199,0.37480995955001134,35,4,COMPLETE
72,45.07,2025-01-21 16:42:06.475897,2025-01-21 16:42:32.666430,0 days 00:00:26.190533,2.6551509499295247,1.3966141273739447,0.1381880904622572,35,2,COMPLETE
73,52.27,2025-01-21 16:42:32.732770,2025-01-21 16:42:56.243752,0 days 00:00:23.510982,1.3740231746389564,2.161114063917827,0.3895212973907375,28,4,COMPLETE
74,51.6,2025-01-21 16:42:56.332595,2025-01-21 16:43:18.810541,0 days 00:00:22.477946,1.210000776267882,3.9438425805409016,0.3918988233950105,26,4,COMPLETE
75,51.739999999999995,2025-01-21 16:43:18.884380,2025-01-21 16:43:40.452408,0 days 00:00:21.568028,1.2692826921679965,3.8270098159545767,0.4057123403746845,25,4,COMPLETE
76,48.38,2025-01-21 16:43:40.522961,2025-01-21 16:44:02.357888,0 days 00:00:21.834927,1.3514899431367802,3.437877737356601,0.21106942878867435,25,4,COMPLETE
77,48.24,2025-01-21 16:44:02.431178,2025-01-21 16:44:21.659345,0 days 00:00:19.228167,4.761112802143357,5.791718999076392,0.7838029065274271,19,4,COMPLETE
78,51.4,2025-01-21 16:44:21.725412,2025-01-21 16:44:44.857466,0 days 00:00:23.132054,1.9127091821318618,2.8448229550090516,0.3578208680558144,28,2,COMPLETE
79,50.870000000000005,2025-01-21 16:44:44.931991,2025-01-21 16:45:07.589842,0 days 00:00:22.657851,2.2773609377158155,3.247792372887493,0.3385561994486984,27,2,COMPLETE
80,50.21,2025-01-21 16:45:07.644441,2025-01-21 16:45:25.383977,0 days 00:00:17.739536,1.2436993541549979,0.7644304345115148,0.23584160107892857,15,5,COMPLETE
81,51.76,2025-01-21 16:45:25.440336,2025-01-21 16:45:48.338780,0 days 00:00:22.898444,1.8447340695291927,2.676962449189745,0.46770778179682465,28,3,COMPLETE
82,51.85999999999999,2025-01-21 16:45:48.434307,2025-01-21 16:46:11.418397,0 days 00:00:22.984090,1.689770020629647,2.6655773791587674,0.46747454692547613,28,3,COMPLETE
83,43.580000000000005,2025-01-21 16:46:11.495981,2025-01-21 16:46:34.769668,0 days 00:00:23.273687,1.9451321075788433,3.8515679591211898,1.1107304248109215,28,3,COMPLETE
84,50.54,2025-01-21 16:46:34.837211,2025-01-21 16:46:55.160491,0 days 00:00:20.323280,3.385649362579921,2.3656609724378157,0.4538701535569353,23,2,COMPLETE
85,50.43,2025-01-21 16:46:55.233926,2025-01-21 16:47:13.965347,0 days 00:00:18.731421,1.8200526662627217,2.09459326262355,0.6690631797610294,17,3,COMPLETE
86,46.050000000000004,2025-01-21 16:47:14.036877,2025-01-21 16:47:39.359226,0 days 00:00:25.322349,4.186601831429656,1.5135164832037729,0.8793791512755161,33,1,COMPLETE
87,51.74999999999999,2025-01-21 16:47:39.445616,2025-01-21 16:48:02.773411,0 days 00:00:23.327795,1.4364085087989997,4.459959604668776,0.4493485701906169,29,4,COMPLETE
88,20.23,2025-01-21 16:48:02.835395,2025-01-21 16:48:29.885716,0 days 00:00:27.050321,1.4872342883689884,4.417624418002296,0.0063937649727820005,38,4,COMPLETE
89,52.349999999999994,2025-01-21 16:48:29.963196,2025-01-21 16:48:50.415138,0 days 00:00:20.451942,1.0141083208534516,1.0222212585551138,0.48472028628828273,23,5,COMPLETE
90,36.4,2025-01-21 16:48:50.504341,2025-01-21 16:49:10.286371,0 days 00:00:19.782030,1.0464160963589775,0.8471041308201417,1.5759758552224805,20,5,COMPLETE
91,41.97,2025-01-21 16:49:10.359588,2025-01-21 16:49:31.407089,0 days 00:00:21.047501,3.0157121249789594,1.6265993225462085,1.2276744593853672,24,3,COMPLETE
92,50.870000000000005,2025-01-21 16:49:31.480920,2025-01-21 16:49:54.776720,0 days 00:00:23.295800,2.4279270973263816,4.708674725431506,0.3026000512029297,29,4,COMPLETE
93,51.949999999999996,2025-01-21 16:49:54.854816,2025-01-21 16:50:19.255510,0 days 00:00:24.400694,1.2444800072498352,1.1591054900901165,0.4560919862201747,32,1,COMPLETE
94,51.65,2025-01-21 16:50:19.328839,2025-01-21 16:50:43.835757,0 days 00:00:24.506918,0.9244582806578302,1.1906837234863152,0.5111141730254627,32,1,COMPLETE
95,51.38,2025-01-21 16:50:43.922363,2025-01-21 16:51:00.722880,0 days 00:00:16.800517,1.4796204499413468,0.6049912280392417,0.44406241470631347,12,5,COMPLETE
96,50.62,2025-01-21 16:51:00.799491,2025-01-21 16:51:27.677780,0 days 00:00:26.878289,2.038919089579388,1.850926299166361,0.6504712629124543,38,8,COMPLETE
97,0.5,2025-01-21 16:51:27.764664,2025-01-21 16:51:54.140165,0 days 00:00:26.375501,0.019464480304860737,2.3543457982064075,0.24158396114085898,33,1,COMPLETE
98,47.54,2025-01-21 16:51:54.236786,2025-01-21 16:52:13.067416,0 days 00:00:18.830630,1.1346224262068036,0.9798220634890189,0.8211692208470799,18,3,COMPLETE
99,28.01,2025-01-21 16:52:13.139229,2025-01-21 16:52:34.148237,0 days 00:00:21.009008,0.8232695849626008,1.176435772551875,2.2397162115786933,22,2,COMPLETE
100,46.69,2025-01-21 16:52:34.215762,2025-01-21 16:53:01.227460,0 days 00:00:27.011698,1.7507421877565374,2.483990581646111,0.146541060101145,37,7,COMPLETE
101,46.77,2025-01-21 16:53:01.306827,2025-01-21 16:53:24.947364,0 days 00:00:23.640537,0.634730162571315,0.6875217308514295,0.18761025198909445,30,5,COMPLETE
102,51.66,2025-01-21 16:53:25.014152,2025-01-21 16:53:49.825878,0 days 00:00:24.811726,0.8845566520257488,1.1871044142523834,0.5293195565151703,32,1,COMPLETE
103,51.559999999999995,2025-01-21 16:53:49.898184,2025-01-21 16:54:10.700617,0 days 00:00:20.802433,1.0157448408208176,1.8613365015718273,0.5636743210846836,24,3,COMPLETE
104,49.33,2025-01-21 16:54:10.794203,2025-01-21 16:54:33.397943,0 days 00:00:22.603740,1.5652833032451237,0.5037106835955347,0.691197157624092,27,1,COMPLETE
105,51.72,2025-01-21 16:54:33.479290,2025-01-21 16:54:58.241514,0 days 00:00:24.762224,1.3842495374341721,2.782155108775432,0.4656550441957357,32,2,COMPLETE
106,49.66,2025-01-21 16:54:58.306140,2025-01-21 16:55:21.631892,0 days 00:00:23.325752,3.182943553699904,2.7654592030081098,0.3000085427232617,29,2,COMPLETE
107,51.99,2025-01-21 16:55:21.695227,2025-01-21 16:55:47.403573,0 days 00:00:25.708346,1.3223208491787886,0.9307727782671977,0.4284600621570004,34,5,COMPLETE
108,19.139999999999997,2025-01-21 16:55:47.468919,2025-01-21 16:56:16.598695,0 days 00:00:29.129776,2.263151075474123,5.220877219173072,0.001282627153826382,42,6,COMPLETE
109,47.08,2025-01-21 16:56:16.677736,2025-01-21 16:56:43.055060,0 days 00:00:26.377324,4.724298487156201,0.9331870837393113,0.24072949173037542,36,5,COMPLETE
110,0.52,2025-01-21 16:56:43.135862,2025-01-21 16:57:10.127522,0 days 00:00:26.991660,0.003931937814289179,1.920059113887023,0.429436477369429,34,7,COMPLETE
111,49.669999999999995,2025-01-21 16:57:10.198512,2025-01-21 16:57:30.070643,0 days 00:00:19.872131,0.45714579067934474,1.6751875728232564,0.3214994795444564,21,4,COMPLETE
112,52.09,2025-01-21 16:57:30.161237,2025-01-21 16:57:54.046504,0 days 00:00:23.885267,1.2492783527990239,3.1582931933028764,0.45370335283091456,30,3,COMPLETE
113,50.4,2025-01-21 16:57:54.125885,2025-01-21 16:58:16.712414,0 days 00:00:22.586529,1.2258003290915376,3.2675753057446433,0.6368059776760773,26,3,COMPLETE
114,48.11,2025-01-21 16:58:16.781128,2025-01-21 16:58:47.453991,0 days 00:00:30.672863,1.750455750411922,1.103197439157111,0.4106540226197015,48,47,COMPLETE
115,19.34,2025-01-21 16:58:47.536226,2025-01-21 16:59:09.109785,0 days 00:00:21.573559,0.819660761498897,4.050491788970689,0.026849891019527092,25,4,COMPLETE
116,51.559999999999995,2025-01-21 16:59:09.185716,2025-01-21 16:59:33.074884,0 days 00:00:23.889168,1.3873847862409692,1.4084026690449578,0.27477462505077577,30,6,COMPLETE
117,52.15,2025-01-21 16:59:33.158173,2025-01-21 17:00:00.138393,0 days 00:00:26.980220,1.0306493148004652,0.7385409846266013,0.5129323843459532,37,9,COMPLETE
118,51.849999999999994,2025-01-21 17:00:00.206120,2025-01-21 17:00:29.498799,0 days 00:00:29.292679,0.7231735104310162,0.7263396190345942,0.5289189702459968,44,9,COMPLETE
119,45.37,2025-01-21 17:00:29.556101,2025-01-21 17:00:56.100410,0 days 00:00:26.544309,0.6801883946955878,0.34082582216653645,0.914473563109394,37,10,COMPLETE
120,41.88,2025-01-21 17:00:56.175684,2025-01-21 17:01:26.446236,0 days 00:00:30.270552,0.06357955869906626,0.4785075602899219,0.5529470919624574,44,8,COMPLETE
121,51.7,2025-01-21 17:01:26.543350,2025-01-21 17:01:55.387056,0 days 00:00:28.843706,1.0950292472318617,0.6746067034931231,0.3392765052361855,41,9,COMPLETE
122,49.26,2025-01-21 17:01:55.480197,2025-01-21 17:02:21.755264,0 days 00:00:26.275067,2.422847585848268,0.7757134055197922,0.7147015420755379,34,3,COMPLETE
123,52.28,2025-01-21 17:02:21.852307,2025-01-21 17:02:48.141296,0 days 00:00:26.288989,0.9849883694167533,0.8774824899842308,0.48913776591999053,36,5,COMPLETE
124,51.83,2025-01-21 17:02:48.226030,2025-01-21 17:03:17.647932,0 days 00:00:29.421902,1.0019112599896396,0.614090378794685,0.4941435196418667,43,9,COMPLETE
125,50.93,2025-01-21 17:03:17.718229,2025-01-21 17:03:47.304221,0 days 00:00:29.585992,0.5495193273553771,0.5827533963287104,0.5651252722347181,43,9,COMPLETE
126,44.080000000000005,2025-01-21 17:03:47.358501,2025-01-21 17:04:17.501511,0 days 00:00:30.143010,0.938136953722081,0.890581508702931,1.0795236194041447,47,9,COMPLETE
127,47.17,2025-01-21 17:04:17.591219,2025-01-21 17:04:50.720882,0 days 00:00:33.129663,0.6524838458203106,0.7289866830793628,0.8122182716206475,53,11,COMPLETE
128,51.6,2025-01-21 17:04:50.776287,2025-01-21 17:05:17.170217,0 days 00:00:26.393930,0.7895098648690886,0.4157461940507206,0.34724921840543954,36,5,COMPLETE
129,51.03,2025-01-21 17:05:17.256432,2025-01-21 17:05:45.478966,0 days 00:00:28.222534,1.0279833751313683,1.08672774732741,0.6245856675215006,40,7,COMPLETE
130,52.07000000000001,2025-01-21 17:05:45.554329,2025-01-21 17:06:12.882026,0 days 00:00:27.327697,1.1799249084482148,0.5250593041512424,0.4907888246182647,38,6,COMPLETE
131,50.529999999999994,2025-01-21 17:06:12.944009,2025-01-21 17:06:40.760644,0 days 00:00:27.816635,1.5806738520474182,0.5234687783814372,0.274252380683489,40,6,COMPLETE
132,52.07000000000001,2025-01-21 17:06:40.841345,2025-01-21 17:07:07.690615,0 days 00:00:26.849270,1.1475776095934906,0.617288727523901,0.5006623227242475,38,6,COMPLETE
133,51.04,2025-01-21 17:07:07.783091,2025-01-21 17:07:34.243483,0 days 00:00:26.460392,1.3562246660201145,0.2917138743274877,0.412572601436285,37,5,COMPLETE
134,51.99,2025-01-21 17:07:34.330580,2025-01-21 17:08:01.805229,0 days 00:00:27.474649,1.23784615608727,0.85100800229956,0.37519646350945346,39,8,COMPLETE
