number,value,datetime_start,datetime_complete,duration,params_gamma_1,params_gamma_2,params_lambda,params_n_clusters,params_n_neighbors,state
1480,52.1,2025-01-21 22:58:31.576350,2025-01-21 22:58:45.593220,0 days 00:00:14.016870,1.2724358372681848,1.193660238560616,0.48267291390085854,5,1,COMPLETE
1481,51.839999999999996,2025-01-21 22:58:45.704073,2025-01-21 22:58:59.078361,0 days 00:00:13.374288,1.1112488256325719,0.6228615402249437,0.338734609773047,3,1,COMPLETE
1482,48.78,2025-01-21 22:58:59.189347,2025-01-21 22:59:12.508290,0 days 00:00:13.318943,1.529957753159044,1.3991771343122033,0.19676626578407244,3,1,COMPLETE
1483,52.49,2025-01-21 22:59:12.600538,2025-01-21 22:59:27.362055,0 days 00:00:14.761517,0.8003165973495071,1.0284451868795472,0.4010037027230377,5,4,COMPLETE
1484,52.43,2025-01-21 22:59:15.324542,2025-01-21 22:59:29.709162,0 days 00:00:14.384620,0.8146829340159604,0.9429704600082353,0.4031645901595197,5,4,COMPLETE
1485,50.519999999999996,2025-01-21 22:59:27.489778,2025-01-21 22:59:42.595106,0 days 00:00:15.105328,0.966194601483539,2.2155702099230576,0.5791142570767506,7,1,COMPLETE
1486,50.949999999999996,2025-01-21 22:59:29.890393,2025-01-21 22:59:43.773260,0 days 00:00:13.882867,1.0159124523164944,2.324770996530878,0.5786394960923361,3,1,COMPLETE
1487,45.660000000000004,2025-01-21 22:59:42.709634,2025-01-21 22:59:56.694407,0 days 00:00:13.984773,0.18865872286019064,1.5243082624231843,0.497525284649755,3,1,COMPLETE
1488,51.13999999999999,2025-01-21 22:59:43.871411,2025-01-21 23:00:00.772099,0 days 00:00:16.900688,1.2677006736383338,0.18379983521532986,0.4958412335532289,10,2,COMPLETE
1489,51.59,2025-01-21 22:59:56.779634,2025-01-21 23:00:13.789628,0 days 00:00:17.009994,1.2730892382794847,1.8006342501317487,0.3349693051980477,10,2,COMPLETE
1490,50.86000000000001,2025-01-21 23:00:00.877393,2025-01-21 23:00:15.289890,0 days 00:00:14.412497,1.905785454282029,1.796115569211371,0.3130367218903257,5,1,COMPLETE
1491,50.9,2025-01-21 23:00:13.909598,2025-01-21 23:00:28.325574,0 days 00:00:14.415976,0.4129543036469686,1.182434420539783,0.4079446696642983,5,1,COMPLETE
1492,52.449999999999996,2025-01-21 23:00:15.609277,2025-01-21 23:00:29.553659,0 days 00:00:13.944382,1.5502956083430381,1.1956055522096092,0.41660312988770287,3,1,COMPLETE
1493,48.699999999999996,2025-01-21 23:00:28.425963,2025-01-21 23:00:42.286517,0 days 00:00:13.860554,1.5775664774029918,1.4060843394454512,0.7368184313591031,3,1,COMPLETE
1494,48.99,2025-01-21 23:00:29.640292,2025-01-21 23:00:43.913194,0 days 00:00:14.272902,1.095568495660252,1.4084725340001587,0.7050907663064714,3,1,COMPLETE
1495,51.89,2025-01-21 23:00:42.581269,2025-01-21 23:00:57.694907,0 days 00:00:15.113638,1.0986782930132764,1.4811555746917358,0.48064099197913324,7,1,COMPLETE
1496,52.22,2025-01-21 23:00:44.243320,2025-01-21 23:01:03.386854,0 days 00:00:19.143534,0.9106212217319023,0.9847057378410392,0.48427596533721134,8,1,COMPLETE
1497,52.15,2025-01-21 23:00:57.790915,2025-01-21 23:01:14.675278,0 days 00:00:16.884363,0.8791149201572848,0.9856449973869355,0.3598242678325365,3,1,COMPLETE
1498,51.83,2025-01-21 23:01:03.483291,2025-01-21 23:01:18.056735,0 days 00:00:14.573444,0.7427200955064263,1.8965720347413222,0.3707047320601796,3,1,COMPLETE
1499,50.12,2025-01-21 23:01:14.781038,2025-01-21 23:01:29.961199,0 days 00:00:15.180161,1.3101418549216104,1.867079793814507,0.23404285027052765,5,1,COMPLETE
1500,50.43,2025-01-21 23:01:18.151329,2025-01-21 23:01:33.182985,0 days 00:00:15.031656,1.3256906375665305,0.01809845871446772,0.5673926625250749,5,1,COMPLETE
1501,50.21,2025-01-21 23:01:30.048351,2025-01-21 23:01:44.864553,0 days 00:00:14.816202,1.0547430427968585,0.019773288993333474,0.5848381952602364,3,1,COMPLETE
1502,52.480000000000004,2025-01-21 23:01:33.282529,2025-01-21 23:01:46.913616,0 days 00:00:13.631087,1.0339863315499915,0.7996865108604593,0.45523617183342924,3,1,COMPLETE
1503,50.61,2025-01-21 23:01:44.972235,2025-01-21 23:01:58.748242,0 days 00:00:13.776007,0.5998034663609013,0.8163998835861053,0.29984055573265944,3,1,COMPLETE
1504,41.91,2025-01-21 23:01:47.440951,2025-01-21 23:02:02.694286,0 days 00:00:15.253335,0.5970546283008983,1.1942842964412923,0.13668775453579993,5,1,COMPLETE
1505,51.29,2025-01-21 23:01:58.844778,2025-01-21 23:02:14.954643,0 days 00:00:16.109865,1.9177830789598278,1.176420281857801,0.4083195402405715,7,1,COMPLETE
1506,51.54,2025-01-21 23:02:02.796364,2025-01-21 23:02:18.588777,0 days 00:00:15.792413,1.7549659284256287,1.5719841670864572,0.4159279577536694,7,1,COMPLETE
1507,51.949999999999996,2025-01-21 23:02:15.054686,2025-01-21 23:02:29.215138,0 days 00:00:14.160452,0.8543067370808375,1.6328367269582575,0.5075087471687272,3,1,COMPLETE
1508,48.67,2025-01-21 23:02:18.683017,2025-01-21 23:02:32.725285,0 days 00:00:14.042268,0.2907286964944047,0.039071872022555736,0.5322897911167607,3,1,COMPLETE
1509,51.65,2025-01-21 23:02:29.333113,2025-01-21 23:02:43.473903,0 days 00:00:14.140790,1.1975485760746727,0.5226251287154755,0.3408034184397981,3,1,COMPLETE
1510,51.57000000000001,2025-01-21 23:02:32.838537,2025-01-21 23:02:47.049284,0 days 00:00:14.210747,1.2143485695841985,2.525275559658911,0.3321296940968215,5,1,COMPLETE
1511,52.1,2025-01-21 23:02:43.584928,2025-01-21 23:02:58.584908,0 days 00:00:14.999980,1.4946583872853936,2.5271068262124516,0.4620863130526378,5,1,COMPLETE
1512,50.43,2025-01-21 23:02:47.136984,2025-01-21 23:03:01.786717,0 days 00:00:14.649733,1.4412302647153667,1.3155452283317066,0.6580792813915496,5,4,COMPLETE
1513,49.26,2025-01-21 23:02:58.697082,2025-01-21 23:03:12.676944,0 days 00:00:13.979862,0.7025325833538709,1.3937283674010474,0.6333524606314528,3,1,COMPLETE
1514,50.660000000000004,2025-01-21 23:03:01.903447,2025-01-21 23:03:33.193729,0 days 00:00:31.290282,0.9937886746219301,2.0208828649711514,0.6144562487360525,44,3,COMPLETE
1515,52.38,2025-01-21 23:03:12.781239,2025-01-21 23:03:26.560748,0 days 00:00:13.779509,0.9453520908578036,2.0946556775851746,0.38076262128053984,3,1,COMPLETE
1516,51.18000000000001,2025-01-21 23:03:26.663758,2025-01-21 23:03:41.597571,0 days 00:00:14.933813,1.0080454413691418,1.056811089843807,0.27452010829896584,6,1,COMPLETE
1517,50.89,2025-01-21 23:03:33.294886,2025-01-21 23:03:48.340506,0 days 00:00:15.045620,0.7861456047250976,1.0201428796651377,0.28885164820607784,3,1,COMPLETE
1518,52.400000000000006,2025-01-21 23:03:41.825421,2025-01-21 23:03:55.771030,0 days 00:00:13.945609,0.7575628291823799,1.6295369471652412,0.4361077976549119,3,1,COMPLETE
1519,52.690000000000005,2025-01-21 23:03:48.448129,2025-01-21 23:04:35.142955,0 days 00:00:46.694826,1.2247401290545423,1.677870166842095,0.4411964540798665,3,1,COMPLETE
1520,51.66,2025-01-21 23:03:55.890773,2025-01-21 23:04:11.797351,0 days 00:00:15.906578,1.3081650369632871,1.2378226570010997,0.5311156099805663,9,2,COMPLETE
1521,52.53,2025-01-21 23:04:11.917907,2025-01-21 23:04:25.465075,0 days 00:00:13.547168,1.1818367098332712,1.550405507228296,0.3792431089388731,3,1,COMPLETE
1522,41.839999999999996,2025-01-21 23:04:25.549925,2025-01-21 23:04:40.433488,0 days 00:00:14.883563,2.3596941538036296,0.9059497065681577,0.10176883526759517,5,1,COMPLETE
1523,46.11,2025-01-21 23:04:35.243802,2025-01-21 23:04:50.077687,0 days 00:00:14.833885,1.6651620954206563,0.7178263927718067,0.8680429893132332,5,1,COMPLETE
1524,51.18000000000001,2025-01-21 23:04:40.554161,2025-01-21 23:04:56.240616,0 days 00:00:15.686455,1.6153567021417,0.6487265087033024,0.5144327609836524,7,1,COMPLETE
1525,52.18000000000001,2025-01-21 23:04:50.194233,2025-01-21 23:05:25.128653,0 days 00:00:34.934420,0.8951189975399194,1.2736674671443782,0.5113697012082841,49,3,COMPLETE
1526,52.31,2025-01-21 23:04:56.330419,2025-01-21 23:05:10.594483,0 days 00:00:14.264064,0.9070397656710609,1.3059125636448297,0.3621786882121248,3,1,COMPLETE
1527,52.5,2025-01-21 23:05:10.684239,2025-01-21 23:05:24.127964,0 days 00:00:13.443725,1.0926062829515184,1.0652939453153167,0.4535302298346336,3,1,COMPLETE
1528,52.059999999999995,2025-01-21 23:05:24.219488,2025-01-21 23:05:37.239961,0 days 00:00:13.020473,1.432458070220968,2.1375118161685585,0.5526668210448898,2,1,COMPLETE
1529,52.09,2025-01-21 23:05:25.235535,2025-01-21 23:05:39.096812,0 days 00:00:13.861277,1.4222251995108646,2.089436771899171,0.31414427326318756,2,1,COMPLETE
1530,51.629999999999995,2025-01-21 23:05:37.346621,2025-01-21 23:05:51.684269,0 days 00:00:14.337648,1.149354447900005,1.47823349517658,0.3177909458653911,5,1,COMPLETE
1531,52.190000000000005,2025-01-21 23:05:39.627703,2025-01-21 23:05:54.090549,0 days 00:00:14.462846,1.1205362386792523,1.5570179723618682,0.4014087637680493,5,1,COMPLETE
1532,52.11,2025-01-21 23:05:51.766903,2025-01-21 23:06:07.089241,0 days 00:00:15.322338,0.7388477635983436,0.8880391296164015,0.39947587183866,7,1,COMPLETE
1533,48.67,2025-01-21 23:05:54.218612,2025-01-21 23:06:09.669148,0 days 00:00:15.450536,0.6789340245415568,0.8711058622970002,0.22535399664377576,7,1,COMPLETE
1534,35.449999999999996,2025-01-21 23:06:07.175292,2025-01-21 23:06:21.378274,0 days 00:00:14.202982,0.1356043667186276,1.2064279733198036,0.222834406760448,3,1,COMPLETE
1535,48.39,2025-01-21 23:06:09.744412,2025-01-21 23:06:28.511557,0 days 00:00:18.767145,0.9068233326192627,1.129936598068332,0.7142793446618555,3,1,COMPLETE
1536,48.449999999999996,2025-01-21 23:06:21.458943,2025-01-21 23:06:35.486171,0 days 00:00:14.027228,0.9080539080845424,1.0431578067181304,0.716380955199003,2,1,COMPLETE
1537,37.95,2025-01-21 23:06:28.612720,2025-01-21 23:06:42.552960,0 days 00:00:13.940240,0.9977329756138069,1.7666702672004506,0.08117227212040237,2,1,COMPLETE
1538,51.519999999999996,2025-01-21 23:06:35.561028,2025-01-21 23:06:50.827231,0 days 00:00:15.266203,2.0130824254057136,1.8501858940616147,0.46171401718312155,5,1,COMPLETE
1539,51.81,2025-01-21 23:06:42.639782,2025-01-21 23:07:11.969364,0 days 00:00:29.329582,1.9894089679250013,1.7848206148869212,0.44717962413568085,39,3,COMPLETE
1540,51.15,2025-01-21 23:06:50.937203,2025-01-21 23:07:05.772332,0 days 00:00:14.835129,1.350373189375934,1.3280277331069192,0.5978680218265361,5,1,COMPLETE
1541,0.5,2025-01-21 23:07:05.866286,2025-01-21 23:07:20.224456,0 days 00:00:14.358170,0.004531214509727842,1.4387602683605225,0.3541815316092242,2,1,COMPLETE
1542,52.480000000000004,2025-01-21 23:07:12.080228,2025-01-21 23:09:42.200279,0 days 00:02:30.120051,1.1547515257697805,1.486699424704138,0.34718719025211026,2,1,COMPLETE
1543,51.629999999999995,2025-01-21 23:07:20.420471,2025-01-21 23:07:34.526635,0 days 00:00:14.106164,1.093641743054124,2.575567961014179,0.5428756675919147,5,1,COMPLETE
1544,52.1,2025-01-21 23:07:34.629311,2025-01-21 23:07:50.684259,0 days 00:00:16.054948,0.8150413694216815,1.0614876597252678,0.3883229070454803,9,2,COMPLETE
1545,52.7,2025-01-21 23:07:50.805653,2025-01-21 23:08:03.638668,0 days 00:00:12.833015,1.2780911319168908,1.41287576876718,0.46879664529543214,2,1,COMPLETE
1546,51.32,2025-01-21 23:08:03.735429,2025-01-21 23:08:43.378580,0 days 00:00:39.643151,1.794853379302713,1.6722417969331755,0.5877845082662674,69,3,COMPLETE
1547,52.410000000000004,2025-01-21 23:08:43.479029,2025-01-21 23:08:56.383606,0 days 00:00:12.904577,1.5850663171199078,2.208905132535649,0.4995141316733691,2,1,COMPLETE
1548,50.39,2025-01-21 23:08:56.472858,2025-01-21 23:09:31.495580,0 days 00:00:35.022722,1.42761236658504,0.1178706426217452,0.35435760564607466,58,3,COMPLETE
1549,51.7,2025-01-21 23:09:31.605754,2025-01-21 23:09:58.129548,0 days 00:00:26.523794,1.694032825677187,1.2246167269931232,0.4312044423424973,36,3,COMPLETE
1550,51.790000000000006,2025-01-21 23:09:42.356421,2025-01-21 23:09:57.154478,0 days 00:00:14.798057,1.6811866025423892,1.183639192045968,0.43102915345620607,5,1,COMPLETE
1551,49.88,2025-01-21 23:09:57.245620,2025-01-21 23:10:11.101706,0 days 00:00:13.856086,2.353056220054626,5.3173900783866594,0.2658285522623568,3,1,COMPLETE
1552,0.49,2025-01-21 23:09:58.229472,2025-01-21 23:10:13.711496,0 days 00:00:15.482024,0.002244298284263277,0.44400124278243364,0.2727384599604919,3,1,COMPLETE
1553,50.519999999999996,2025-01-21 23:10:11.214336,2025-01-21 23:10:26.481816,0 days 00:00:15.267480,1.3605841993175636,0.7559408175076915,0.6316182921215824,7,1,COMPLETE
1554,50.46000000000001,2025-01-21 23:10:13.841794,2025-01-21 23:10:29.179105,0 days 00:00:15.337311,1.4005075832013025,0.9524904741201745,0.6312790147725744,7,1,COMPLETE
1555,52.03,2025-01-21 23:10:26.578283,2025-01-21 23:10:41.417114,0 days 00:00:14.838831,1.3368259259366797,0.9653308730151676,0.500169920886036,5,1,COMPLETE
1556,52.61,2025-01-21 23:10:29.294594,2025-01-21 23:10:42.600443,0 days 00:00:13.305849,1.2685818127649624,1.846892142321001,0.5175532530052824,2,1,COMPLETE
1557,50.2,2025-01-21 23:10:41.541855,2025-01-21 23:10:54.715583,0 days 00:00:13.173728,1.2206676580070785,0.010447748708074406,0.4049057924548805,2,1,COMPLETE
1558,47.46,2025-01-21 23:10:42.712528,2025-01-21 23:10:56.007622,0 days 00:00:13.295094,1.136448951463147,1.4551644278973475,0.7892800028668279,2,1,COMPLETE
1559,51.160000000000004,2025-01-21 23:10:54.812799,2025-01-21 23:11:09.627753,0 days 00:00:14.814954,1.6670125982693633,1.4318870201032055,0.32836495761050744,5,1,COMPLETE
1560,51.38,2025-01-21 23:10:56.128256,2025-01-21 23:11:11.576860,0 days 00:00:15.448604,1.6291990330589354,2.2595487427822416,0.3197686232724228,5,1,COMPLETE
1561,52.16,2025-01-21 23:11:09.709210,2025-01-21 23:11:25.806304,0 days 00:00:16.097094,1.495397445297441,2.3663955173510987,0.4752030940567407,11,2,COMPLETE
1562,50.739999999999995,2025-01-21 23:11:11.864971,2025-01-21 23:11:38.185696,0 days 00:00:26.320725,0.9970075308317157,1.8520904403761238,0.4653999442673134,34,29,COMPLETE
1563,28.74,2025-01-21 23:11:25.923111,2025-01-21 23:12:06.713122,0 days 00:00:40.790011,0.9876437128762325,0.31298593952516945,2.806432107212561,61,3,COMPLETE
1564,51.81,2025-01-21 23:11:38.302920,2025-01-21 23:11:51.849040,0 days 00:00:13.546120,0.8653670721921899,2.770179502692015,0.3931466312515809,3,1,COMPLETE
1565,50.57000000000001,2025-01-21 23:11:51.936083,2025-01-21 23:12:04.857208,0 days 00:00:12.921125,2.7714713300008675,1.1209778921193867,0.5495011218996095,2,1,COMPLETE
1566,41.36,2025-01-21 23:12:04.952871,2025-01-21 23:12:19.389923,0 days 00:00:14.437052,1.2261760168154854,1.2929632536216802,1.0828830981866275,5,1,COMPLETE
1567,52.04,2025-01-21 23:12:07.211614,2025-01-21 23:12:21.898118,0 days 00:00:14.686504,1.2171612010654351,1.659831688875553,0.3864734974319209,5,1,COMPLETE
1568,51.129999999999995,2025-01-21 23:12:19.501032,2025-01-21 23:12:32.584448,0 days 00:00:13.083416,1.9899435364633007,0.7990842815567243,0.3788166052928182,2,1,COMPLETE
1569,51.15,2025-01-21 23:12:22.031616,2025-01-21 23:12:34.894402,0 days 00:00:12.862786,1.980845160914765,0.8104004175125503,0.564979234714457,2,1,COMPLETE
1570,50.33,2025-01-21 23:12:32.689657,2025-01-21 23:12:48.723428,0 days 00:00:16.033771,0.5929519747468093,1.092926985305833,0.5746575778589242,9,2,COMPLETE
1571,48.74,2025-01-21 23:12:35.114213,2025-01-21 23:12:51.549556,0 days 00:00:16.435343,0.6363926581757764,0.5975330575386574,0.6512554566635115,9,2,COMPLETE
1572,52.370000000000005,2025-01-21 23:12:48.843987,2025-01-21 23:13:02.942348,0 days 00:00:14.098361,0.8106671244555523,0.6051747416782588,0.4447216772374392,4,1,COMPLETE
1573,52.15,2025-01-21 23:12:51.650484,2025-01-21 23:13:49.154034,0 days 00:00:57.503550,1.0248918431662881,2.0205048321462695,0.46051201228199495,91,3,COMPLETE
1574,51.67,2025-01-21 23:13:03.250555,2025-01-21 23:13:19.129745,0 days 00:00:15.879190,1.0276499118308355,1.5547296708420288,0.3139023330228562,7,1,COMPLETE
1575,52.669999999999995,2025-01-21 23:13:19.235881,2025-01-21 23:13:32.996717,0 days 00:00:13.760836,1.3970407930121458,1.9161534763608759,0.4865766060424355,2,1,COMPLETE
1576,52.5,2025-01-21 23:13:33.093263,2025-01-21 23:13:46.976993,0 days 00:00:13.883730,1.0573203753832756,1.3086247698456221,0.4213076978545133,4,1,COMPLETE
1577,52.64,2025-01-21 23:13:47.076009,2025-01-21 23:14:00.284128,0 days 00:00:13.208119,0.8244488428542255,1.0022274726935745,0.36802686132855,2,1,COMPLETE
1578,52.349999999999994,2025-01-21 23:13:49.407656,2025-01-21 23:14:02.817555,0 days 00:00:13.409899,0.7517458070419666,0.9997379574096584,0.3546368294008082,2,1,COMPLETE
1579,47.83,2025-01-21 23:14:00.378237,2025-01-21 23:14:15.087085,0 days 00:00:14.708848,1.4861395216942337,1.2530855757229578,0.7848462956934119,5,1,COMPLETE
1580,51.09,2025-01-21 23:14:03.119740,2025-01-21 23:14:17.592368,0 days 00:00:14.472628,1.4932512200648886,1.3013747731812064,0.29418885649281323,5,1,COMPLETE
1581,50.24999999999999,2025-01-21 23:14:15.176322,2025-01-21 23:14:29.265971,0 days 00:00:14.089649,0.4840146102598104,1.6104160081652608,0.5297666853709582,4,1,COMPLETE
1582,51.99,2025-01-21 23:14:17.699603,2025-01-21 23:14:31.615137,0 days 00:00:13.915534,1.24278068660935,1.6555932639671134,0.5324119806520813,4,1,COMPLETE
1583,50.73,2025-01-21 23:14:29.358108,2025-01-21 23:14:42.430128,0 days 00:00:13.072020,1.2272297425114436,1.502550194761599,0.6331882176203238,2,1,COMPLETE
1584,49.85,2025-01-21 23:14:31.809389,2025-01-21 23:14:44.766730,0 days 00:00:12.957341,0.9636768697187912,1.1443089529918835,0.6598552939028378,2,1,COMPLETE
1585,52.26,2025-01-21 23:14:42.524992,2025-01-21 23:14:57.714667,0 days 00:00:15.189675,0.9600725113271044,1.1056644145542167,0.43064740974909516,7,1,COMPLETE
1586,52.03,2025-01-21 23:14:44.944222,2025-01-21 23:15:00.237617,0 days 00:00:15.293395,1.1356652187910385,0.8968772556263849,0.412599636072667,7,1,COMPLETE
1587,52.6,2025-01-21 23:14:57.824338,2025-01-21 23:15:11.786540,0 days 00:00:13.962202,1.1683086615716385,0.9129604499848383,0.4091620771434835,3,1,COMPLETE
1588,50.8,2025-01-21 23:15:00.357015,2025-01-21 23:15:32.994663,0 days 00:00:32.637648,0.7167913358654628,2.693211107882179,0.3536834952681185,46,3,COMPLETE
1589,52.28,2025-01-21 23:15:11.890341,2025-01-21 23:15:24.885226,0 days 00:00:12.994885,1.740970020705715,1.393651250100274,0.49755253353605405,2,1,COMPLETE
1590,25.46,2025-01-21 23:15:24.972727,2025-01-21 23:15:39.836956,0 days 00:00:14.864229,0.7124553885331592,1.9540987338782045,0.021575875218890653,5,4,COMPLETE
1591,50.129999999999995,2025-01-21 23:15:33.100960,2025-01-21 23:18:05.805554,0 days 00:02:32.704594,0.8629569680469505,1.9472681266867868,0.26491485989905905,4,1,COMPLETE
1592,50.160000000000004,2025-01-21 23:15:39.930418,2025-01-21 23:15:54.246187,0 days 00:00:14.315769,0.8645808369052308,1.647869161062628,0.2575688048826202,4,1,COMPLETE
1593,50.019999999999996,2025-01-21 23:15:54.341226,2025-01-21 23:16:07.007074,0 days 00:00:12.665848,1.3439882724485226,0.0021322558969437797,0.5507685196006263,2,1,COMPLETE
1594,51.629999999999995,2025-01-21 23:16:07.096463,2025-01-21 23:16:22.322470,0 days 00:00:15.226007,0.9291290136770357,0.6970930866206824,0.30616947779114273,6,1,COMPLETE
1595,52.64,2025-01-21 23:16:22.424421,2025-01-21 23:16:35.545331,0 days 00:00:13.120910,1.4352282485938972,1.3008722990335835,0.45472359410923463,2,1,COMPLETE
1596,52.410000000000004,2025-01-21 23:16:35.670914,2025-01-21 23:16:49.574667,0 days 00:00:13.903753,1.096017522577538,2.027941980159311,0.36898089444236426,4,1,COMPLETE
1597,23.9,2025-01-21 23:16:49.671256,2025-01-21 23:17:02.473554,0 days 00:00:12.802298,1.7216847049540123,1.1963989479743162,0.005155217361627213,2,1,COMPLETE
1598,51.82,2025-01-21 23:17:02.585966,2025-01-21 23:17:16.280617,0 days 00:00:13.694651,0.8458566984649377,0.2183353300551883,0.4884208486403659,4,1,COMPLETE
1599,51.07000000000001,2025-01-21 23:17:16.396840,2025-01-21 23:17:31.092714,0 days 00:00:14.695874,1.3190499311051427,1.4786324757221312,0.608274461969123,6,1,COMPLETE
1600,45.08,2025-01-21 23:17:31.205644,2025-01-21 23:17:44.096434,0 days 00:00:12.890790,1.0784222345529453,1.7405895641967233,0.9016961605806001,2,1,COMPLETE
1601,51.0,2025-01-21 23:17:44.186057,2025-01-21 23:17:57.943220,0 days 00:00:13.757163,0.949791703280441,0.09350637600896765,0.3940312520741238,4,1,COMPLETE
1602,51.2,2025-01-21 23:17:58.040662,2025-01-21 23:18:13.962499,0 days 00:00:15.921837,2.30037520189949,2.2162857116572825,0.4796475131456381,8,2,COMPLETE
1603,52.22,2025-01-21 23:18:05.909244,2025-01-21 23:18:22.158157,0 days 00:00:16.248913,1.2284699434322581,2.321600026164791,0.47406683962726603,8,1,COMPLETE
1604,51.99,2025-01-21 23:18:14.060700,2025-01-21 23:18:27.198131,0 days 00:00:13.137431,1.2227189185313354,0.9965022045703772,0.3204313336090922,2,1,COMPLETE
1605,51.72,2025-01-21 23:18:22.515823,2025-01-21 23:18:35.778272,0 days 00:00:13.262449,1.565948666057649,1.0850399222381257,0.32718872069708826,2,1,COMPLETE
1606,51.92,2025-01-21 23:18:27.295536,2025-01-21 23:18:40.721593,0 days 00:00:13.426057,1.4822841579317239,1.3899318398352318,0.5737712062044072,2,1,COMPLETE
1607,0.5,2025-01-21 23:18:35.882112,2025-01-21 23:18:51.744520,0 days 00:00:15.862408,0.03354739088840204,1.368138099062956,0.7308732499564438,5,1,COMPLETE
1608,52.16,2025-01-21 23:18:40.804754,2025-01-21 23:18:57.839552,0 days 00:00:17.034798,0.6435659674122302,0.841910248023833,0.40582066894709223,11,2,COMPLETE
1609,52.05,2025-01-21 23:18:51.858591,2025-01-21 23:19:09.366956,0 days 00:00:17.508365,0.6658019904166798,0.809790789282653,0.4146461142320987,11,2,COMPLETE
1610,52.43,2025-01-21 23:18:57.925035,2025-01-21 23:19:12.494504,0 days 00:00:14.569469,0.9961175030845045,1.7899059307843879,0.4295159244576711,4,1,COMPLETE
1611,51.449999999999996,2025-01-21 23:19:09.462487,2025-01-21 23:19:24.895933,0 days 00:00:15.433446,1.0506153208800788,1.6992212784406953,0.5514702231714278,6,1,COMPLETE
1612,52.71,2025-01-21 23:19:12.589703,2025-01-21 23:19:26.654918,0 days 00:00:14.065215,1.0712414102639614,1.1449164846492133,0.3610839570738065,2,1,COMPLETE
1613,39.07,2025-01-21 23:19:24.986723,2025-01-21 23:19:37.903016,0 days 00:00:12.916293,1.8021665937851752,1.120315947772846,1.3349361433691516,2,1,COMPLETE
