number,value,datetime_start,datetime_complete,duration,params_gamma_1,params_gamma_2,params_lambda,params_n_clusters,params_n_neighbors,state
4432,51.82,2025-01-22 05:42:43.795063,2025-01-22 05:42:58.554798,0 days 00:00:14.759735,1.3068248928806112,1.2257817414630394,0.5544206565491098,4,1,COMPLETE
4433,51.470000000000006,2025-01-22 05:42:46.245553,2025-01-22 05:42:59.890134,0 days 00:00:13.644581,1.3729266220076846,2.1283548507971912,0.596415152809266,2,1,COMPLETE
4434,50.38,2025-01-22 05:42:58.736297,2025-01-22 05:43:12.082814,0 days 00:00:13.346517,1.015572526867563,1.5726677836750234,0.6390831291033436,2,1,COMPLETE
4435,52.51,2025-01-22 05:43:00.033022,2025-01-22 05:43:13.821041,0 days 00:00:13.788019,1.0082969853978818,1.6596157540925962,0.35561462947527767,2,1,COMPLETE
4436,50.4,2025-01-22 05:43:12.234342,2025-01-22 05:43:26.897038,0 days 00:00:14.662696,0.729899272337853,0.007044283173212758,0.36111412077477745,4,1,COMPLETE
4437,51.470000000000006,2025-01-22 05:43:14.102405,2025-01-22 05:43:29.314302,0 days 00:00:15.211897,0.6788099111528586,2.267771365610207,0.47476823750514674,5,1,COMPLETE
4438,51.94,2025-01-22 05:43:27.067347,2025-01-22 05:43:43.011539,0 days 00:00:15.944192,1.146221528374684,2.3322087583525026,0.47366457229020287,7,1,COMPLETE
4439,51.4,2025-01-22 05:43:29.654234,2025-01-22 05:43:45.760282,0 days 00:00:16.106048,1.868338607559728,1.3027847327419253,0.5162808179061732,8,1,COMPLETE
4440,49.05,2025-01-22 05:43:43.171043,2025-01-22 05:43:57.685829,0 days 00:00:14.514786,1.7977592017613913,1.3341913825175655,0.21408458668522634,4,1,COMPLETE
4441,48.89,2025-01-22 05:43:45.916372,2025-01-22 05:44:00.078529,0 days 00:00:14.162157,1.5106153629959154,1.8203356161160857,0.2027674718476234,4,1,COMPLETE
4442,49.82,2025-01-22 05:43:57.818873,2025-01-22 05:44:11.795237,0 days 00:00:13.976364,1.4384084088025213,0.005389290760306496,0.39237477176091273,2,1,COMPLETE
4443,52.6,2025-01-22 05:44:00.346624,2025-01-22 05:44:13.980245,0 days 00:00:13.633621,0.8350696352540716,1.5365794001737563,0.40551058985109273,2,1,COMPLETE
4444,51.42,2025-01-22 05:44:11.963110,2025-01-22 05:44:27.228912,0 days 00:00:15.265802,0.8888193385764595,1.531391203660264,0.30983156415001883,6,1,COMPLETE
4445,49.49,2025-01-22 05:44:14.399981,2025-01-22 05:44:29.582220,0 days 00:00:15.182239,1.0892890947185627,3.9353974941887326,0.28881289054297477,6,1,COMPLETE
4446,52.339999999999996,2025-01-22 05:44:27.384440,2025-01-22 05:44:41.700931,0 days 00:00:14.316491,1.161440588061689,1.9190413271997588,0.4427150105072136,4,1,COMPLETE
4447,51.76,2025-01-22 05:44:29.964814,2025-01-22 05:44:44.138749,0 days 00:00:14.173935,1.2740587919033008,1.8984130086414965,0.5461200731873314,4,1,COMPLETE
4448,52.290000000000006,2025-01-22 05:44:41.858385,2025-01-22 05:44:55.216258,0 days 00:00:13.357873,1.3600623692622549,1.2251443474393358,0.5444163292791976,2,1,COMPLETE
4449,50.55,2025-01-22 05:44:44.557662,2025-01-22 05:44:57.596571,0 days 00:00:13.038909,2.476399398423902,1.2644717776713716,0.33937517217314367,2,1,COMPLETE
4450,52.400000000000006,2025-01-22 05:44:55.363609,2025-01-22 05:45:08.990626,0 days 00:00:13.627017,1.0174598979999465,1.2505036000066978,0.3440882260789802,2,1,COMPLETE
4451,51.89,2025-01-22 05:44:57.852175,2025-01-22 05:45:13.075705,0 days 00:00:15.223530,0.9314028209179546,2.7273578741288893,0.443660874776402,6,1,COMPLETE
4452,48.32,2025-01-22 05:45:09.156864,2025-01-22 05:45:26.401396,0 days 00:00:17.244532,0.8641310307595448,1.5867917176343624,0.7006181322513659,10,2,COMPLETE
4453,49.97,2025-01-22 05:45:13.206522,2025-01-22 05:45:27.408494,0 days 00:00:14.201972,1.6345835334523353,1.5243578231177572,0.6835956845134435,4,1,COMPLETE
4454,52.14,2025-01-22 05:45:26.590522,2025-01-22 05:45:41.299311,0 days 00:00:14.708789,1.5762729538960443,1.7988838185273186,0.39502463421537265,4,1,COMPLETE
4455,52.09,2025-01-22 05:45:27.578369,2025-01-22 05:45:44.430629,0 days 00:00:16.852260,1.229860624567039,2.106975756592248,0.3938072286532889,8,1,COMPLETE
4456,51.99,2025-01-22 05:45:41.467049,2025-01-22 05:45:58.011035,0 days 00:00:16.543986,1.0828440284722136,2.147218971725829,0.491287773056219,8,1,COMPLETE
4457,52.739999999999995,2025-01-22 05:45:44.563886,2025-01-22 05:45:58.189844,0 days 00:00:13.625958,1.056352932599086,1.446258755051252,0.47985034839276425,2,1,COMPLETE
4458,49.61,2025-01-22 05:45:58.165397,2025-01-22 05:46:13.710437,0 days 00:00:15.545040,0.7297357174551639,1.2158676645211588,0.24658735794710046,5,1,COMPLETE
4459,49.370000000000005,2025-01-22 05:45:58.363587,2025-01-22 05:46:13.291954,0 days 00:00:14.928367,0.5763331731988605,1.174767110974025,0.26715790993853034,5,1,COMPLETE
4460,52.18000000000001,2025-01-22 05:46:13.466255,2025-01-22 05:46:27.619481,0 days 00:00:14.153226,1.2989860429617146,1.7480788576216166,0.556467817459052,2,1,COMPLETE
4461,51.449999999999996,2025-01-22 05:46:13.888992,2025-01-22 05:46:27.651941,0 days 00:00:13.762949,1.276221397757432,1.7831679358025023,0.5926878171769849,2,1,COMPLETE
4462,51.06,2025-01-22 05:46:27.774720,2025-01-22 05:46:42.477822,0 days 00:00:14.703102,1.9186446113324216,1.4399240219169633,0.32093113023404257,4,1,COMPLETE
4463,51.83,2025-01-22 05:46:27.958580,2025-01-22 05:46:42.357237,0 days 00:00:14.398657,0.8571736359673112,1.3767185940094577,0.3265536170120108,4,1,COMPLETE
4464,51.839999999999996,2025-01-22 05:46:42.507916,2025-01-22 05:46:58.039836,0 days 00:00:15.531920,1.0307898333163659,3.271391670697525,0.42719131812223,6,1,COMPLETE
4465,50.91,2025-01-22 05:46:42.639389,2025-01-22 05:46:57.631788,0 days 00:00:14.992399,1.0074285219578207,0.044136128839626206,0.43698173879643126,6,1,COMPLETE
4466,0.5,2025-01-22 05:46:57.782392,2025-01-22 05:47:13.013194,0 days 00:00:15.230802,0.03768328236033111,2.7087074753624227,0.38499831775498433,2,1,COMPLETE
4467,29.04,2025-01-22 05:46:58.246510,2025-01-22 05:47:12.353410,0 days 00:00:14.106900,1.5463676073359567,1.142184502342302,0.023466121608976275,2,1,COMPLETE
4468,52.52,2025-01-22 05:47:12.529421,2025-01-22 05:47:26.020301,0 days 00:00:13.490880,1.254316905158796,2.621791850815217,0.3682144266768638,2,1,COMPLETE
4469,52.12,2025-01-22 05:47:13.189874,2025-01-22 05:47:27.955166,0 days 00:00:14.765292,1.305051854657598,1.5809748545662177,0.5172678506508025,4,1,COMPLETE
4470,26.919999999999998,2025-01-22 05:47:26.178184,2025-01-22 05:47:41.511285,0 days 00:00:15.333101,0.7403639265327435,1.5725722940386992,2.953959437535774,4,1,COMPLETE
4471,51.85999999999999,2025-01-22 05:47:28.490359,2025-01-22 05:47:44.327250,0 days 00:00:15.836891,0.789815231181258,2.031322380479946,0.43788302820953623,7,1,COMPLETE
4472,51.970000000000006,2025-01-22 05:47:41.662418,2025-01-22 05:47:57.371351,0 days 00:00:15.708933,1.5202073928708977,2.0216045554739,0.450516785590944,7,1,COMPLETE
4473,52.129999999999995,2025-01-22 05:47:44.463338,2025-01-22 05:47:59.276252,0 days 00:00:14.812914,1.5060224768977875,1.3262618736501006,0.4926144648666551,4,1,COMPLETE
4474,50.46000000000001,2025-01-22 05:47:57.545109,2025-01-22 05:48:12.332841,0 days 00:00:14.787732,1.105133043732053,1.3510803003607639,0.6335711042558044,4,1,COMPLETE
4475,41.71,2025-01-22 05:47:59.821375,2025-01-22 05:48:14.152878,0 days 00:00:14.331503,0.18619841246448499,1.7641145252654422,0.3343908754414288,2,1,COMPLETE
4476,52.339999999999996,2025-01-22 05:48:12.505855,2025-01-22 05:49:01.498270,0 days 00:00:48.992415,0.9075521780051821,1.738134968214706,0.36474411411981544,76,3,COMPLETE
4477,52.73,2025-01-22 05:48:14.697339,2025-01-22 05:48:27.974760,0 days 00:00:13.277421,0.9446728993054345,1.1297354068800438,0.37302992186618017,2,1,COMPLETE
4478,50.74999999999999,2025-01-22 05:48:28.112362,2025-01-22 05:48:42.701084,0 days 00:00:14.588722,1.2102397868108503,0.012251255994334794,0.5372797160655681,6,1,COMPLETE
4479,51.66,2025-01-22 05:48:42.875876,2025-01-22 05:48:59.621663,0 days 00:00:16.745787,0.8661849095336113,2.2837725787997165,0.3917446633027072,10,9,COMPLETE
4480,50.4,2025-01-22 05:48:59.781242,2025-01-22 05:49:14.415664,0 days 00:00:14.634422,2.085265827378184,1.5134937929611754,0.27830653255222765,4,1,COMPLETE
4481,50.55,2025-01-22 05:49:02.018801,2025-01-22 05:49:16.534385,0 days 00:00:14.515584,1.85041943294023,1.1136464278644964,0.29324530741723076,4,1,COMPLETE
4482,52.83,2025-01-22 05:49:14.601889,2025-01-22 05:49:28.244297,0 days 00:00:13.642408,1.0886671849944092,1.1385019619806585,0.455913717538349,2,1,COMPLETE
4483,52.849999999999994,2025-01-22 05:49:17.256075,2025-01-22 05:49:30.839756,0 days 00:00:13.583681,1.1158628202064846,1.3013569030146805,0.4627171520725686,2,1,COMPLETE
4484,51.51,2025-01-22 05:49:28.395831,2025-01-22 05:49:43.648931,0 days 00:00:15.253100,1.388554640899497,1.3962132186744882,0.5682379268732585,6,1,COMPLETE
4485,48.19,2025-01-22 05:49:31.163559,2025-01-22 05:49:46.200016,0 days 00:00:15.036457,1.3766746273732307,1.906920163737628,0.7604304307601792,6,1,COMPLETE
4486,46.42,2025-01-22 05:49:43.793374,2025-01-22 05:49:58.645237,0 days 00:00:14.851863,0.6508567789130248,1.8478335204932577,0.7420638179309829,4,1,COMPLETE
4487,50.580000000000005,2025-01-22 05:49:46.457462,2025-01-22 05:50:16.330085,0 days 00:00:29.872623,0.9928342945147154,2.344575591766483,0.6296142116791973,40,3,COMPLETE
4488,52.86,2025-01-22 05:49:58.802248,2025-01-22 05:50:12.646354,0 days 00:00:13.844106,1.1653381579196738,1.543285401880995,0.39996210262368614,2,1,COMPLETE
4489,51.61,2025-01-22 05:50:12.785998,2025-01-22 05:51:01.095614,0 days 00:00:48.309616,1.6926001668767787,2.145373139268475,0.3255869553986851,82,3,COMPLETE
4490,51.300000000000004,2025-01-22 05:50:16.513055,2025-01-22 05:50:32.384593,0 days 00:00:15.871538,1.6689250955346138,1.5448857878658273,0.3323000450097919,8,1,COMPLETE
4491,51.849999999999994,2025-01-22 05:50:32.547366,2025-01-22 05:50:46.894932,0 days 00:00:14.347566,0.8218058613341068,1.2091569776809992,0.5012352993357678,4,1,COMPLETE
4492,52.86,2025-01-22 05:50:47.061688,2025-01-22 05:51:00.009794,0 days 00:00:12.948106,1.2890853567156093,2.132334758586322,0.4201418905158567,2,1,COMPLETE
4493,51.62,2025-01-22 05:51:00.150219,2025-01-22 05:51:14.749242,0 days 00:00:14.599023,0.9613408603292849,1.0424705942796937,0.3199731381048542,5,1,COMPLETE
4494,52.129999999999995,2025-01-22 05:51:01.242576,2025-01-22 05:51:16.143619,0 days 00:00:14.901043,1.0137345710802104,1.0674457266996058,0.5160224852611959,5,1,COMPLETE
4495,52.470000000000006,2025-01-22 05:51:14.905582,2025-01-22 05:51:28.081378,0 days 00:00:13.175796,1.1730817093225268,1.6886318049055233,0.5288408355244715,2,1,COMPLETE
4496,52.690000000000005,2025-01-22 05:51:16.309989,2025-01-22 05:51:30.592856,0 days 00:00:14.282867,1.4181523112941732,1.6946555996285055,0.3977611730918197,2,1,COMPLETE
4497,0.5,2025-01-22 05:51:28.225207,2025-01-22 05:51:42.730074,0 days 00:00:14.504867,0.02708606884632111,1.3883002006345615,0.3953744120605147,2,1,COMPLETE
4498,49.94,2025-01-22 05:51:30.753255,2025-01-22 05:51:46.100490,0 days 00:00:15.347235,0.755713312531552,1.3666236230701814,0.6161499225079975,4,1,COMPLETE
4499,52.290000000000006,2025-01-22 05:51:43.029899,2025-01-22 05:51:57.649776,0 days 00:00:14.619877,0.7396199942146161,1.3325731049613487,0.46337385270868664,4,1,COMPLETE
4500,51.89,2025-01-22 05:51:46.237873,2025-01-22 05:52:02.266304,0 days 00:00:16.028431,0.5848224562321545,1.2235001883866365,0.4542800824038422,8,1,COMPLETE
4501,48.44,2025-01-22 05:51:57.822678,2025-01-22 05:52:13.881022,0 days 00:00:16.058344,0.5326698020306347,1.8219786930169068,0.27318371847974904,8,1,COMPLETE
4502,50.86000000000001,2025-01-22 05:52:02.425386,2025-01-22 05:52:18.362055,0 days 00:00:15.936669,1.1798976497814675,1.8482600047733537,0.26241676673761655,6,1,COMPLETE
4503,51.85999999999999,2025-01-22 05:52:14.030129,2025-01-22 05:52:29.597016,0 days 00:00:15.566887,1.2163482664088634,2.7475294385308313,0.35742291421852485,6,1,COMPLETE
4504,51.27,2025-01-22 05:52:18.532659,2025-01-22 05:52:33.355763,0 days 00:00:14.823104,2.174519879131223,2.4072250939491675,0.37087862716921444,4,1,COMPLETE
4505,52.16,2025-01-22 05:52:29.740866,2025-01-22 05:52:43.621597,0 days 00:00:13.880731,1.5224010329287623,1.5411267232339994,0.553187186799895,2,1,COMPLETE
4506,32.42,2025-01-22 05:52:33.522443,2025-01-22 05:52:47.546609,0 days 00:00:14.024166,0.07334470508075043,1.5056354159541987,0.556138705812013,2,1,COMPLETE
4507,50.54,2025-01-22 05:52:43.761175,2025-01-22 05:52:57.442285,0 days 00:00:13.681110,2.757332920708171,1.0824197514403744,0.4405159070629659,2,1,COMPLETE
4508,52.62,2025-01-22 05:52:47.869761,2025-01-22 05:53:02.851372,0 days 00:00:14.981611,0.9074200371127311,1.0401829574915253,0.4373329197518973,4,1,COMPLETE
4509,49.49,2025-01-22 05:52:57.628555,2025-01-22 05:53:12.732372,0 days 00:00:15.103817,0.9156339005599107,1.2422541894664587,0.22662879886351725,4,1,COMPLETE
4510,51.449999999999996,2025-01-22 05:53:03.030591,2025-01-22 05:53:18.414489,0 days 00:00:15.383898,1.0285588720193994,1.9726075194675896,0.3113215226249663,6,1,COMPLETE
4511,48.94,2025-01-22 05:53:12.903409,2025-01-22 05:53:28.635850,0 days 00:00:15.732441,0.4050923172112484,1.6056993914743292,0.3172247798376739,6,1,COMPLETE
4512,50.580000000000005,2025-01-22 05:53:18.583446,2025-01-22 05:53:33.704263,0 days 00:00:15.120817,1.4057835428006529,1.6053880968338194,0.6461401043685233,4,1,COMPLETE
4513,42.69,2025-01-22 05:53:28.795282,2025-01-22 05:53:42.506839,0 days 00:00:13.711557,1.32877721383243,1.4702397089309152,1.0605195381590768,2,1,COMPLETE
4514,52.12,2025-01-22 05:53:33.854495,2025-01-22 05:53:47.796460,0 days 00:00:13.941965,1.8132606787866334,1.3418754691555919,0.49560604813190456,2,1,COMPLETE
4515,52.410000000000004,2025-01-22 05:53:42.633851,2025-01-22 05:53:55.990371,0 days 00:00:13.356520,1.7381373613506585,2.2555373139187562,0.4970824016104667,2,1,COMPLETE
4516,52.38,2025-01-22 05:53:48.121919,2025-01-22 05:54:03.342769,0 days 00:00:15.220850,1.1038268588429736,2.3549545497609587,0.3741339060306588,4,1,COMPLETE
4517,51.32,2025-01-22 05:53:56.136019,2025-01-22 05:54:13.836661,0 days 00:00:17.700642,1.1434637070074545,3.3297556173866023,0.36683409506049364,10,2,COMPLETE
4518,51.89,2025-01-22 05:54:03.568457,2025-01-22 05:54:20.545726,0 days 00:00:16.977269,1.1160276702695962,1.186456610763719,0.4097301242328316,10,2,COMPLETE
4519,44.14,2025-01-22 05:54:13.979894,2025-01-22 05:54:28.987491,0 days 00:00:15.007597,0.8315819222402872,1.902629537584318,0.14854434615947604,4,1,COMPLETE
4520,52.17,2025-01-22 05:54:20.709282,2025-01-22 05:54:36.571843,0 days 00:00:15.862561,0.7947001762787428,1.864420564318334,0.4471435729455904,6,1,COMPLETE
4521,51.790000000000006,2025-01-22 05:54:29.189898,2025-01-22 05:54:44.601479,0 days 00:00:15.411581,1.5145477155442382,1.0513229157280015,0.44955407282515164,6,5,COMPLETE
4522,51.53,2025-01-22 05:54:36.864774,2025-01-22 05:54:50.252037,0 days 00:00:13.387263,1.4853609738345994,0.9653488188218524,0.5916167645239129,2,1,COMPLETE
4523,50.629999999999995,2025-01-22 05:54:44.766214,2025-01-22 05:54:59.077676,0 days 00:00:14.311462,1.333540096842416,1.3330241087941122,0.6461847882187044,2,1,COMPLETE
4524,52.23,2025-01-22 05:54:50.432384,2025-01-22 05:55:05.711285,0 days 00:00:15.278901,0.986504784533575,1.351128702413191,0.3515999930915276,4,1,COMPLETE
4525,24.21,2025-01-22 05:54:59.338331,2025-01-22 05:55:14.021147,0 days 00:00:14.682816,0.9894698814442181,1.6822110897397058,0.005861805325275461,4,1,COMPLETE
4526,28.83,2025-01-22 05:55:05.995759,2025-01-22 05:55:23.031328,0 days 00:00:17.035569,0.67333789125501,1.6810926273250064,2.098938722710601,8,1,COMPLETE
4527,51.43,2025-01-22 05:55:14.146489,2025-01-22 05:55:29.758558,0 days 00:00:15.612069,1.2552385115406481,1.5490091855520414,0.29663848109061636,7,1,COMPLETE
4528,52.07000000000001,2025-01-22 05:55:23.204492,2025-01-22 05:55:38.254113,0 days 00:00:15.049621,1.2457029206603933,1.1791190423996294,0.5048298345176079,4,1,COMPLETE
4529,51.67,2025-01-22 05:55:29.923091,2025-01-22 05:56:07.151133,0 days 00:00:37.228042,1.9780758359978081,1.985005221407171,0.5143757264269838,54,4,COMPLETE
4530,52.61,2025-01-22 05:55:38.419532,2025-01-22 05:55:51.530726,0 days 00:00:13.111194,0.9183890699309082,2.09253120267912,0.4029407297533106,2,1,COMPLETE
4531,51.82,2025-01-22 05:55:51.685110,2025-01-22 05:56:05.750362,0 days 00:00:14.065252,1.656789634776143,2.6711130704861046,0.5219485256827299,4,1,COMPLETE
4532,51.25999999999999,2025-01-22 05:56:05.928160,2025-01-22 05:56:20.182601,0 days 00:00:14.254441,2.178291144012376,1.227242353845981,0.36883409295948827,2,1,COMPLETE
4533,52.49,2025-01-22 05:56:07.334786,2025-01-22 05:56:21.959730,0 days 00:00:14.624944,1.1121709352490023,1.4278463120862632,0.3625091884168915,2,1,COMPLETE
4534,52.52,2025-01-22 05:56:20.344214,2025-01-22 05:56:35.290336,0 days 00:00:14.946122,1.080099837437928,0.9725220961365886,0.4265257184707171,6,1,COMPLETE
4535,52.38,2025-01-22 05:56:22.473574,2025-01-22 05:57:09.923076,0 days 00:00:47.449502,0.8347342375138135,1.6991917762792719,0.4217938221455859,6,1,COMPLETE
4536,32.76,2025-01-22 05:56:35.472549,2025-01-22 05:57:10.955663,0 days 00:00:35.483114,0.8567080308041659,0.24841637390837767,0.04836707441261249,4,1,COMPLETE
4537,51.09,2025-01-22 05:57:10.112852,2025-01-22 05:57:24.145464,0 days 00:00:14.032612,1.4286942942931413,1.1669134198355842,0.29012429209765267,4,1,COMPLETE
4538,51.54,2025-01-22 05:57:11.119306,2025-01-22 05:57:25.554480,0 days 00:00:14.435174,1.4057452412336844,1.4497482570860707,0.31040241699814264,4,1,COMPLETE
4539,51.65,2025-01-22 05:57:24.499309,2025-01-22 05:57:37.593417,0 days 00:00:13.094108,1.2970874702118897,1.425341392972133,0.5897517033639388,2,1,COMPLETE
4540,49.66,2025-01-22 05:57:25.701562,2025-01-22 05:57:38.947047,0 days 00:00:13.245485,0.6867835051277319,2.01958501442999,0.6027207823509649,2,1,COMPLETE
4541,45.5,2025-01-22 05:57:37.766743,2025-01-22 05:57:50.904400,0 days 00:00:13.137657,0.6949625759498711,1.8241976258787023,0.7878525389010143,2,1,COMPLETE
4542,52.459999999999994,2025-01-22 05:57:39.099559,2025-01-22 05:57:55.367477,0 days 00:00:16.267918,0.9833355685351022,0.9896724408348367,0.4665229583835226,6,1,COMPLETE
4543,52.38,2025-01-22 05:57:51.054280,2025-01-22 05:58:05.906554,0 days 00:00:14.852274,1.069583694226699,0.981614125083881,0.46303067413350585,6,1,COMPLETE
4544,51.93,2025-01-22 05:57:55.527732,2025-01-22 05:58:48.943159,0 days 00:00:53.415427,1.6867782292476987,2.403709202480245,0.34458335475324736,91,4,COMPLETE
4545,49.830000000000005,2025-01-22 05:58:06.082848,2025-01-22 05:58:22.298966,0 days 00:00:16.216118,1.723207546803505,2.4676006788330187,0.23486773924342616,8,1,COMPLETE
4546,51.88,2025-01-22 05:58:22.468659,2025-01-22 05:58:37.481965,0 days 00:00:15.013306,1.2106322786736783,1.1759577074807634,0.34173310282888614,4,1,COMPLETE
4547,51.82,2025-01-22 05:58:37.623457,2025-01-22 05:58:51.758342,0 days 00:00:14.134885,1.5767482507228052,1.6298769455345163,0.3929918157445326,4,1,COMPLETE
4548,52.839999999999996,2025-01-22 05:58:49.082408,2025-01-22 05:59:02.731564,0 days 00:00:13.649156,0.9628522109464723,1.6131193135132003,0.41402080297575816,2,1,COMPLETE
4549,49.61,2025-01-22 05:58:51.904909,2025-01-22 05:59:05.265887,0 days 00:00:13.360978,3.7775724834844193,1.3706561807992894,0.5174425922265217,2,1,COMPLETE
4550,49.51,2025-01-22 05:59:02.874995,2025-01-22 05:59:17.553925,0 days 00:00:14.678930,3.7304238396350153,1.3089036185297969,0.5162581502522847,5,1,COMPLETE
4551,49.04,2025-01-22 05:59:05.552213,2025-01-22 05:59:20.329264,0 days 00:00:14.777051,1.1572260581472973,1.9257031843506098,0.7078577543743368,5,1,COMPLETE
4552,52.38,2025-01-22 05:59:17.702245,2025-01-22 05:59:32.950698,0 days 00:00:15.248453,1.2920826930567384,1.8876684071235095,0.4339717822846007,4,1,COMPLETE
4553,52.82,2025-01-22 05:59:20.466866,2025-01-22 05:59:34.899772,0 days 00:00:14.432906,0.8506029073031316,1.2270689228521356,0.4193143220471012,2,1,COMPLETE
4554,50.96000000000001,2025-01-22 05:59:33.114545,2025-01-22 05:59:49.335305,0 days 00:00:16.220760,0.9230741059998083,1.1631940828889324,0.2892103662327701,8,2,COMPLETE
4555,50.44,2025-01-22 05:59:35.627321,2025-01-22 05:59:52.123937,0 days 00:00:16.496616,1.034284224572336,1.5688480853868214,0.25632528068464555,8,2,COMPLETE
4556,50.41,2025-01-22 05:59:49.488464,2025-01-22 06:00:35.467305,0 days 00:00:45.978841,1.0953166760902768,0.10351808830036927,0.5725350625710611,2,1,COMPLETE
4557,51.64,2025-01-22 05:59:52.256528,2025-01-22 06:00:05.582198,0 days 00:00:13.325670,1.3856646798335863,2.9584363169284122,0.56734819201168,2,1,COMPLETE
4558,52.03,2025-01-22 06:00:05.774137,2025-01-22 06:00:19.499697,0 days 00:00:13.725560,1.171611040360883,1.3909850889936464,0.3426114187227093,4,1,COMPLETE
4559,52.03,2025-01-22 06:00:19.674906,2025-01-22 06:00:33.990407,0 days 00:00:14.315501,0.8093537478027015,2.071889750133796,0.38066138681718725,6,1,COMPLETE
4560,52.59,2025-01-22 06:00:34.153861,2025-01-22 06:00:49.213669,0 days 00:00:15.059808,1.4253357619444902,1.658939648586356,0.47908604133568145,2,1,COMPLETE
4561,52.290000000000006,2025-01-22 06:00:35.632197,2025-01-22 06:00:51.147499,0 days 00:00:15.515302,1.4909909660409157,1.6630524394477069,0.48164772257255145,4,1,COMPLETE
4562,50.59,2025-01-22 06:00:49.391993,2025-01-22 06:01:04.526243,0 days 00:00:15.134250,1.581558213768019,1.0161677352146516,0.6498757340136316,4,1,COMPLETE
4563,51.18000000000001,2025-01-22 06:00:51.800748,2025-01-22 06:01:07.842949,0 days 00:00:16.042201,1.9403017637683033,0.979849599885981,0.37565340164631783,6,1,COMPLETE
4564,51.629999999999995,2025-01-22 06:01:04.663403,2025-01-22 06:01:20.222022,0 days 00:00:15.558619,1.9678640277145056,2.2599376526476647,0.3887082416981308,6,1,COMPLETE
4565,52.27,2025-01-22 06:01:08.177896,2025-01-22 06:01:22.225930,0 days 00:00:14.048034,1.2446368969769404,2.2123218449843924,0.3254866165615083,2,1,COMPLETE
4566,52.17,2025-01-22 06:01:20.380317,2025-01-22 06:01:34.554952,0 days 00:00:14.174635,1.2423534185396028,1.4456411300994685,0.3150891962559454,2,1,COMPLETE
