number,value,datetime_start,datetime_complete,duration,params_gamma_1,params_gamma_2,params_lambda,params_n_clusters,params_n_neighbors,state
2822,51.83,2025-01-22 02:03:30.595290,2025-01-22 02:03:46.525709,0 days 00:00:15.930419,1.0792723026627618,1.7237248202771513,0.5327247496949835,8,1,COMPLETE
2823,52.190000000000005,2025-01-22 02:03:36.684543,2025-01-22 02:03:51.290116,0 days 00:00:14.605573,1.180049148917162,1.2573233635254812,0.44160398751134267,5,1,COMPLETE
2824,51.93,2025-01-22 02:03:46.664915,2025-01-22 02:04:01.586079,0 days 00:00:14.921164,1.560590702041162,1.0164043895630563,0.43846813939188967,5,1,COMPLETE
2825,48.16,2025-01-22 02:03:51.393068,2025-01-22 02:04:05.817596,0 days 00:00:14.424528,4.2347322750435765,0.44994459363335193,0.3688937183063082,4,1,COMPLETE
2826,50.96000000000001,2025-01-22 02:04:01.692651,2025-01-22 02:04:16.252981,0 days 00:00:14.560330,0.790316636679034,1.4953772270970922,0.2916576988905974,4,1,COMPLETE
2827,51.019999999999996,2025-01-22 02:04:05.949824,2025-01-22 02:04:19.270534,0 days 00:00:13.320710,0.7738601664983672,1.4970817768896427,0.29293280747128214,2,1,COMPLETE
2828,51.59,2025-01-22 02:04:16.369536,2025-01-22 02:04:29.700076,0 days 00:00:13.330540,1.3096044171815238,1.226627275442974,0.583635978967532,2,1,COMPLETE
2829,50.980000000000004,2025-01-22 02:04:19.415257,2025-01-22 02:04:34.360233,0 days 00:00:14.944976,1.4340318189365797,0.8308368802914499,0.6004847870225796,6,1,COMPLETE
2830,51.65,2025-01-22 02:04:29.911708,2025-01-22 02:04:45.329755,0 days 00:00:15.418047,1.5261367484896697,0.812734230598134,0.3803364019329865,6,1,COMPLETE
2831,44.91,2025-01-22 02:04:34.483530,2025-01-22 02:04:49.024216,0 days 00:00:14.540686,1.007598755447077,1.8332289709908522,0.8840805742736089,4,1,COMPLETE
2832,52.27,2025-01-22 02:04:45.470302,2025-01-22 02:05:00.304397,0 days 00:00:14.834095,1.0444192509366688,1.8101078477465968,0.46763009984133597,4,1,COMPLETE
2833,52.86,2025-01-22 02:04:49.141409,2025-01-22 02:05:02.583113,0 days 00:00:13.441704,1.1541133309228784,1.0124977303990281,0.452160136339078,2,1,COMPLETE
2834,52.059999999999995,2025-01-22 02:05:00.407668,2025-01-22 02:05:13.755736,0 days 00:00:13.348068,1.2061367792253732,1.032437774541492,0.32480400550379773,2,1,COMPLETE
2835,52.28,2025-01-22 02:05:03.013071,2025-01-22 02:05:16.095601,0 days 00:00:13.082530,0.8580862064791354,1.3201412012665033,0.33461627299607755,2,1,COMPLETE
2836,45.97,2025-01-22 02:05:13.888275,2025-01-22 02:05:29.516764,0 days 00:00:15.628489,0.6001226286542192,1.3265707218216216,0.7507482617100344,7,1,COMPLETE
2837,51.449999999999996,2025-01-22 02:05:16.310917,2025-01-22 02:05:31.841942,0 days 00:00:15.531025,1.6727321202241492,1.5931012588612734,0.5129209393188218,7,1,COMPLETE
2838,51.55,2025-01-22 02:05:29.632811,2025-01-22 02:05:43.578330,0 days 00:00:13.945519,1.816690834798719,1.6209871772276192,0.5267970355020215,4,1,COMPLETE
2839,52.370000000000005,2025-01-22 02:05:32.107121,2025-01-22 02:05:46.440280,0 days 00:00:14.333159,0.9056032022369108,1.909273211728631,0.40183489203048356,4,1,COMPLETE
2840,51.54,2025-01-22 02:05:43.711873,2025-01-22 02:05:58.267053,0 days 00:00:14.555180,0.9246218051202718,0.24306795385559882,0.40683035205970486,4,1,COMPLETE
2841,52.23,2025-01-22 02:05:46.545735,2025-01-22 02:06:00.483502,0 days 00:00:13.937767,1.3429691390463077,0.659937470111275,0.3925887750279503,2,1,COMPLETE
2842,48.980000000000004,2025-01-22 02:05:58.395421,2025-01-22 02:06:11.782350,0 days 00:00:13.386929,2.8130145242252906,0.6802558678028073,0.687763598982863,2,1,COMPLETE
2843,49.7,2025-01-22 02:06:00.933903,2025-01-22 02:06:14.187835,0 days 00:00:13.253932,2.7716634552656694,1.1650106954453858,0.6540827643691356,2,1,COMPLETE
2844,52.09,2025-01-22 02:06:11.888705,2025-01-22 02:06:26.847960,0 days 00:00:14.959255,1.1916372410664173,1.0271507178645056,0.47883187896523965,5,1,COMPLETE
2845,52.239999999999995,2025-01-22 02:06:14.608907,2025-01-22 02:06:29.637618,0 days 00:00:15.028711,1.231322605065544,1.131664208480582,0.45800194656879956,6,1,COMPLETE
2846,51.690000000000005,2025-01-22 02:06:26.968884,2025-01-22 02:06:41.757499,0 days 00:00:14.788615,1.4614872371832892,1.4495358491855268,0.33687287091109014,6,1,COMPLETE
2847,28.910000000000004,2025-01-22 02:06:29.758302,2025-01-22 02:06:43.905944,0 days 00:00:14.147642,1.0336573141221481,1.439202378612518,0.02586577769270919,4,1,COMPLETE
2848,51.7,2025-01-22 02:06:41.884532,2025-01-22 02:06:56.643018,0 days 00:00:14.758486,1.0349214497413788,1.8380781873283405,0.5501702145772878,4,1,COMPLETE
2849,50.77,2025-01-22 02:06:44.594626,2025-01-22 02:06:58.513397,0 days 00:00:13.918771,0.6694575582398987,1.8919282670933875,0.5476699600469562,2,1,COMPLETE
2850,51.470000000000006,2025-01-22 02:06:56.744220,2025-01-22 02:07:10.222867,0 days 00:00:13.478647,0.7465032882162974,0.19212191771275397,0.37226239432721536,2,1,COMPLETE
2851,52.53,2025-01-22 02:06:58.921687,2025-01-22 02:07:12.302063,0 days 00:00:13.380376,0.7986670824292075,1.2313644403124182,0.3536608537605175,2,1,COMPLETE
2852,51.85999999999999,2025-01-22 02:07:10.515627,2025-01-22 02:07:24.548728,0 days 00:00:14.033101,1.5988506875957254,1.2044616976642366,0.4348129418905056,4,1,COMPLETE
2853,52.01,2025-01-22 02:07:12.717869,2025-01-22 02:07:29.165002,0 days 00:00:16.447133,1.505132291584969,1.6419853227509313,0.43238229230095526,8,2,COMPLETE
2854,52.17,2025-01-22 02:07:24.653716,2025-01-22 02:07:40.285621,0 days 00:00:15.631905,1.2880630995109366,1.5985085239654893,0.4668111082301829,8,2,COMPLETE
2855,39.36,2025-01-22 02:07:29.271111,2025-01-22 02:07:44.462268,0 days 00:00:15.191157,0.06785902796241346,0.936188387680749,0.4927895178732089,6,1,COMPLETE
2856,51.71,2025-01-22 02:07:40.406569,2025-01-22 02:07:54.878512,0 days 00:00:14.471943,0.9698723823343067,0.9097721756590377,0.5581782456176114,4,1,COMPLETE
2857,51.59,2025-01-22 02:07:44.578539,2025-01-22 02:07:58.894456,0 days 00:00:14.315917,1.0087362784776819,1.9185175796400586,0.3089259612838567,4,1,COMPLETE
2858,51.800000000000004,2025-01-22 02:07:55.006835,2025-01-22 02:08:08.562980,0 days 00:00:13.556145,1.1239274330006765,1.3407084550609698,0.2921404281754882,2,1,COMPLETE
2859,51.76,2025-01-22 02:07:59.004894,2025-01-22 02:08:12.193572,0 days 00:00:13.188678,1.890770364983126,1.411928930875134,0.3727925853663944,2,1,COMPLETE
2860,49.93,2025-01-22 02:08:08.677130,2025-01-22 02:08:49.670626,0 days 00:00:40.993496,0.4041723788415429,1.4900744679486118,0.3810736824134549,62,27,COMPLETE
2861,50.62,2025-01-22 02:08:12.302026,2025-01-22 02:08:26.790489,0 days 00:00:14.488463,1.3096914111575746,1.1289269487119207,0.6334356030345683,6,1,COMPLETE
2862,52.5,2025-01-22 02:08:26.895442,2025-01-22 02:08:40.929055,0 days 00:00:14.033613,1.203195671773875,2.010047594023929,0.3998143967165574,4,1,COMPLETE
2863,52.470000000000006,2025-01-22 02:08:41.053160,2025-01-22 02:08:53.947153,0 days 00:00:12.893993,0.866581967276632,1.651432783221496,0.4943487152594668,2,1,COMPLETE
2864,49.28,2025-01-22 02:08:50.013957,2025-01-22 02:09:03.569873,0 days 00:00:13.555916,0.8103741556089069,0.7762147724469736,0.22094019811322915,2,1,COMPLETE
2865,48.77,2025-01-22 02:08:54.070990,2025-01-22 02:09:38.766138,0 days 00:00:44.695148,1.5436956726301714,0.8052093866073685,0.22067146180497935,76,44,COMPLETE
2866,50.49,2025-01-22 02:09:03.678126,2025-01-22 02:09:18.289726,0 days 00:00:14.611600,1.517003433512157,1.264789436627602,0.2636269185687145,5,1,COMPLETE
2867,51.9,2025-01-22 02:09:18.403730,2025-01-22 02:10:14.876338,0 days 00:00:56.472608,1.083130968850025,1.9870297262350973,0.32869002582242307,89,3,COMPLETE
2868,51.22,2025-01-22 02:09:38.907313,2025-01-22 02:09:52.878934,0 days 00:00:13.971621,1.0957849292085424,1.066762046402676,0.5925682166207971,4,1,COMPLETE
2869,51.449999999999996,2025-01-22 02:09:53.000645,2025-01-22 02:10:09.079548,0 days 00:00:16.078903,2.2051895237472166,2.022883009087629,0.4352697048144454,10,2,COMPLETE
2870,51.71,2025-01-22 02:10:09.182965,2025-01-22 02:10:24.452906,0 days 00:00:15.269941,0.9655277797191009,1.7642133225979808,0.3280250486821965,6,1,COMPLETE
2871,26.939999999999998,2025-01-22 02:10:15.006370,2025-01-22 02:10:29.969100,0 days 00:00:14.962730,1.333095842822467,1.61351160759629,0.015095889761448291,6,1,COMPLETE
2872,48.74,2025-01-22 02:10:24.602473,2025-01-22 02:10:38.144270,0 days 00:00:13.541797,1.2808049931172778,1.383379232349649,0.7538223244183425,2,1,COMPLETE
2873,25.52,2025-01-22 02:10:30.147850,2025-01-22 02:10:44.256592,0 days 00:00:14.108742,1.873134167940914,1.2427557407440475,0.011869614083015874,2,1,COMPLETE
2874,51.62,2025-01-22 02:10:38.269096,2025-01-22 02:10:52.652895,0 days 00:00:14.383799,1.8289150423790745,1.2033330006192275,0.5105840521200561,4,1,COMPLETE
2875,51.370000000000005,2025-01-22 02:10:44.369811,2025-01-22 02:10:59.610046,0 days 00:00:15.240235,0.6185832250050071,1.0864439621128172,0.5113305595489183,4,1,COMPLETE
2876,52.54,2025-01-22 02:10:52.772422,2025-01-22 02:11:07.367359,0 days 00:00:14.594937,0.9012558571943866,1.0214315566849212,0.41625829242058243,4,1,COMPLETE
2877,52.669999999999995,2025-01-22 02:10:59.990341,2025-01-22 02:11:13.574000,0 days 00:00:13.583659,0.8270014238809743,1.5397331672519226,0.4194410741735936,2,1,COMPLETE
2878,52.6,2025-01-22 02:11:07.456401,2025-01-22 02:11:21.041197,0 days 00:00:13.584796,0.766418880068928,1.4610954175551223,0.3848804104755602,2,1,COMPLETE
2879,50.5,2025-01-22 02:11:13.891267,2025-01-22 02:11:30.659677,0 days 00:00:16.768410,1.1344473415824177,2.0963825683557062,0.625601213662207,8,1,COMPLETE
2880,50.17,2025-01-22 02:11:21.154559,2025-01-22 02:11:37.335062,0 days 00:00:16.180503,1.160068034617841,2.0846889289090087,0.6237283286975465,7,1,COMPLETE
2881,0.5,2025-01-22 02:11:30.766645,2025-01-22 02:11:47.050824,0 days 00:00:16.284179,0.01637166660746271,1.6359966889576036,0.4735248002820419,6,1,COMPLETE
2882,51.629999999999995,2025-01-22 02:11:37.875732,2025-01-22 02:11:52.127150,0 days 00:00:14.251418,1.4251620083157042,0.4969052834057541,0.456472833093435,4,1,COMPLETE
2883,38.080000000000005,2025-01-22 02:11:47.193881,2025-01-22 02:12:01.825184,0 days 00:00:14.631303,1.464829890681023,1.343184441787164,1.3321928526592495,4,1,COMPLETE
2884,34.78,2025-01-22 02:11:52.385582,2025-01-22 02:12:09.893462,0 days 00:00:17.507880,0.9707665871070308,0.9327631393543017,1.4490556334848734,12,2,COMPLETE
2885,51.11,2025-01-22 02:12:01.952866,2025-01-22 02:12:14.706012,0 days 00:00:12.753146,0.5125247002728252,0.9221107925341013,0.33813972731868885,2,1,COMPLETE
2886,51.83,2025-01-22 02:12:10.020339,2025-01-22 02:12:23.968104,0 days 00:00:13.947765,0.6988485377692587,1.7688089937705846,0.34846412304008606,2,1,COMPLETE
2887,51.459999999999994,2025-01-22 02:12:14.828285,2025-01-22 02:12:28.707423,0 days 00:00:13.879138,1.183500047792537,1.7280414373430775,0.2730309654823827,2,1,COMPLETE
2888,51.790000000000006,2025-01-22 02:12:24.325545,2025-01-22 02:12:38.913313,0 days 00:00:14.587768,1.168413331731623,1.2035293487160936,0.5531687194330921,4,1,COMPLETE
2889,51.74999999999999,2025-01-22 02:12:28.816337,2025-01-22 02:13:02.273086,0 days 00:00:33.456749,0.954880782046515,1.188457839448874,0.550028181269501,46,3,COMPLETE
2890,51.82,2025-01-22 02:12:39.035773,2025-01-22 02:12:54.503159,0 days 00:00:15.467386,1.68297075903085,1.3933663091556172,0.39966387019542293,6,1,COMPLETE
2891,51.78,2025-01-22 02:12:54.645169,2025-01-22 02:13:08.675573,0 days 00:00:14.030404,0.9499232196888492,2.003114324719915,0.5169734915381785,4,1,COMPLETE
2892,28.16,2025-01-22 02:13:02.557308,2025-01-22 02:13:18.636855,0 days 00:00:16.079547,1.3588706242475572,2.0972348541094736,2.779737170449099,4,1,COMPLETE
2893,53.0,2025-01-22 02:13:08.781447,2025-01-22 02:13:22.219076,0 days 00:00:13.437629,1.2889100033026715,1.4845029990058562,0.4224042039493218,2,1,COMPLETE
2894,51.4,2025-01-22 02:13:18.762997,2025-01-22 02:13:32.099605,0 days 00:00:13.336608,0.8197087910113688,1.462121339352984,0.2979149904093021,2,1,COMPLETE
2895,49.91,2025-01-22 02:13:22.352958,2025-01-22 02:13:39.861249,0 days 00:00:17.508291,2.2618866211861275,0.7929598645338893,0.3163934858304542,9,2,COMPLETE
2896,50.870000000000005,2025-01-22 02:13:32.220058,2025-01-22 02:13:49.574567,0 days 00:00:17.354509,1.8607923540210585,1.0356878914592873,0.3297713900778103,10,2,COMPLETE
2897,51.080000000000005,2025-01-22 02:13:40.207731,2025-01-22 02:13:55.887021,0 days 00:00:15.679290,1.9333663331883424,1.0354419483576112,0.3808745471423518,7,1,COMPLETE
2898,51.300000000000004,2025-01-22 02:13:49.684011,2025-01-22 02:14:05.666230,0 days 00:00:15.982219,1.8055995167349908,1.0495330308214588,0.3790604226134125,7,1,COMPLETE
2899,51.64,2025-01-22 02:13:56.190304,2025-01-22 02:14:10.931100,0 days 00:00:14.740796,1.749409942655712,1.194145595609439,0.44008603550184383,6,1,COMPLETE
2900,51.839999999999996,2025-01-22 02:14:05.811360,2025-01-22 02:14:21.598346,0 days 00:00:15.786986,1.6371354382765217,1.2637661568963932,0.4532814981461595,6,1,COMPLETE
2901,50.01,2025-01-22 02:14:11.058834,2025-01-22 02:14:25.746285,0 days 00:00:14.687451,1.5452377380963074,0.9357464853868437,0.2534270211694104,5,1,COMPLETE
2902,50.19,2025-01-22 02:14:21.709581,2025-01-22 02:14:36.326226,0 days 00:00:14.616645,1.4702113877147602,0.7892696965753672,0.2598225416376697,5,1,COMPLETE
2903,51.849999999999994,2025-01-22 02:14:25.843616,2025-01-22 02:14:40.742288,0 days 00:00:14.898672,1.4318906995100011,1.2962129003415925,0.37626255385166935,4,1,COMPLETE
2904,25.21,2025-01-22 02:14:36.455546,2025-01-22 02:14:51.108388,0 days 00:00:14.652842,1.2941090692139812,1.307283253941708,0.008022037105324297,4,1,COMPLETE
2905,51.59,2025-01-22 02:14:40.878547,2025-01-22 02:14:56.967590,0 days 00:00:16.089043,1.2972082515705112,1.160139519217957,0.3454595286214149,8,1,COMPLETE
2906,52.07000000000001,2025-01-22 02:14:51.221035,2025-01-22 02:15:33.954006,0 days 00:00:42.732971,1.291113362379042,1.0531252645427114,0.35134543349493075,65,4,COMPLETE
2907,50.4,2025-01-22 02:14:57.104754,2025-01-22 02:15:10.999731,0 days 00:00:13.894977,2.404625752880538,0.6070671380814268,0.43576572607348507,4,1,COMPLETE
2908,51.629999999999995,2025-01-22 02:15:11.142653,2025-01-22 02:15:24.158475,0 days 00:00:13.015822,1.3255301561267292,1.5059316079172953,0.2857115470456308,2,1,COMPLETE
2909,51.92,2025-01-22 02:15:24.280154,2025-01-22 02:15:38.751306,0 days 00:00:14.471152,1.09323203267962,0.9186025835313065,0.5161137449981955,6,1,COMPLETE
2910,52.39,2025-01-22 02:15:34.122884,2025-01-22 02:15:49.132805,0 days 00:00:15.009921,1.0874973604483815,1.4148601002086811,0.465400110968071,6,1,COMPLETE
2911,52.03,2025-01-22 02:15:38.869402,2025-01-22 02:15:53.221980,0 days 00:00:14.352578,1.6058911082732408,1.4274561409683444,0.4297206849969155,4,1,COMPLETE
2912,0.5,2025-01-22 02:15:49.251275,2025-01-22 02:16:04.041364,0 days 00:00:14.790089,0.0044131802993298075,1.15642420573643,0.7076615437484589,2,1,COMPLETE
2913,51.11,2025-01-22 02:15:53.337095,2025-01-22 02:16:06.574827,0 days 00:00:13.237732,2.202786270525817,1.148513651104908,0.5697721523648626,2,1,COMPLETE
2914,51.49,2025-01-22 02:16:04.173585,2025-01-22 02:16:18.171429,0 days 00:00:13.997844,1.5978709545225283,0.7259920187625033,0.5763737649107377,2,1,COMPLETE
2915,51.870000000000005,2025-01-22 02:16:06.936338,2025-01-22 02:16:21.799042,0 days 00:00:14.862704,1.5364365763467946,1.6234143620257446,0.38870539792030845,4,1,COMPLETE
2916,52.54,2025-01-22 02:16:18.262768,2025-01-22 02:16:32.827050,0 days 00:00:14.564282,1.0245207365701017,1.5584139907097851,0.39102921163749454,4,1,COMPLETE
2917,51.73,2025-01-22 02:16:21.901665,2025-01-22 02:16:36.198072,0 days 00:00:14.296407,1.1047618514308524,0.912746311071447,0.3075686188778619,4,1,COMPLETE
2918,45.83,2025-01-22 02:16:32.942907,2025-01-22 02:16:48.412154,0 days 00:00:15.469247,0.2159733216616023,0.9060794221096471,0.2970241676385658,6,1,COMPLETE
2919,39.15,2025-01-22 02:16:36.324854,2025-01-22 02:17:08.235845,0 days 00:00:31.910991,1.31829603179333,1.337625978184929,0.07669811741068157,49,3,COMPLETE
2920,51.67,2025-01-22 02:16:48.530119,2025-01-22 02:17:15.846619,0 days 00:00:27.316500,1.3001655741306266,1.2630645938066558,0.4968210490458979,36,14,COMPLETE
2921,52.62,2025-01-22 02:17:08.371377,2025-01-22 02:17:21.451578,0 days 00:00:13.080201,0.9363489329483383,1.3293672494815947,0.4828401158801107,2,1,COMPLETE
2922,52.25,2025-01-22 02:17:15.971652,2025-01-22 02:17:32.121409,0 days 00:00:16.149757,0.8965259316265857,1.646297680614718,0.44511798339834635,8,1,COMPLETE
2923,52.2,2025-01-22 02:17:21.556707,2025-01-22 02:17:37.272464,0 days 00:00:15.715757,1.1559137884029267,1.6797644332690527,0.4211714647899478,8,1,COMPLETE
2924,51.15,2025-01-22 02:17:32.244323,2025-01-22 02:17:45.735588,0 days 00:00:13.491265,2.055014002404073,1.0680269837655625,0.3558829609144768,2,1,COMPLETE
2925,52.239999999999995,2025-01-22 02:17:37.406483,2025-01-22 02:17:51.380070,0 days 00:00:13.973587,0.6912099360395504,1.0965733055469193,0.35755396388168514,2,1,COMPLETE
2926,44.59,2025-01-22 02:17:46.006889,2025-01-22 02:18:00.869830,0 days 00:00:14.862941,0.677717926242289,1.4402284278000022,0.8387163965591582,4,1,COMPLETE
2927,51.25999999999999,2025-01-22 02:17:51.532332,2025-01-22 02:18:06.287715,0 days 00:00:14.755383,1.486085735417137,1.467627780199299,0.5834029976662832,5,1,COMPLETE
2928,50.31,2025-01-22 02:18:01.175587,2025-01-22 02:18:16.398657,0 days 00:00:15.223070,1.6198683383382135,1.715106148604549,0.6590301607540694,5,1,COMPLETE
2929,50.24999999999999,2025-01-22 02:18:06.405194,2025-01-22 02:18:20.839778,0 days 00:00:14.434584,1.065581085152433,1.774127771830225,0.643209032368122,4,1,COMPLETE
2930,52.64,2025-01-22 02:18:16.607707,2025-01-22 02:18:29.981434,0 days 00:00:13.373727,1.0655957354962202,0.7492223389919435,0.4731125160649101,2,1,COMPLETE
2931,52.42,2025-01-22 02:18:20.982463,2025-01-22 02:18:34.503796,0 days 00:00:13.521333,1.2396337136774773,0.8484260822305458,0.48345286305413393,2,1,COMPLETE
2932,52.28,2025-01-22 02:18:30.180476,2025-01-22 02:18:45.535121,0 days 00:00:15.354645,1.2773478195018002,1.1816357246232052,0.4087790327969726,6,1,COMPLETE
2933,51.2,2025-01-22 02:18:34.614186,2025-01-22 02:18:50.307368,0 days 00:00:15.693182,0.870122041659957,0.07670795811439267,0.3998128634463058,6,1,COMPLETE
2934,51.77,2025-01-22 02:18:45.655509,2025-01-22 02:19:00.414318,0 days 00:00:14.758809,0.8647524951417497,1.0359417640597788,0.3203269546049678,4,1,COMPLETE
2935,51.23,2025-01-22 02:18:50.424127,2025-01-22 02:19:04.732708,0 days 00:00:14.308581,1.7828943602384726,1.3116917089291535,0.31529594272594474,4,1,COMPLETE
2936,50.99,2025-01-22 02:19:00.710025,2025-01-22 02:19:17.879244,0 days 00:00:17.169219,1.4016270606481693,0.34377124951180754,0.5296128834755983,10,2,COMPLETE
2937,43.13,2025-01-22 02:19:04.885541,2025-01-22 02:19:18.369173,0 days 00:00:13.483632,1.3577572168468397,0.34390009225936996,1.0395892571424874,2,1,COMPLETE
2938,48.65,2025-01-22 02:19:18.011869,2025-01-22 02:19:31.804102,0 days 00:00:13.792233,0.28480760000140226,1.4752831316289916,0.43673812413265345,2,1,COMPLETE
2939,52.11,2025-01-22 02:19:18.486041,2025-01-22 02:19:35.119811,0 days 00:00:16.633770,1.0679900866124763,1.5274553030446674,0.3667055758593113,8,1,COMPLETE
2940,52.09,2025-01-22 02:19:31.927119,2025-01-22 02:19:48.120251,0 days 00:00:16.193132,1.0087927260136333,1.8805674964814818,0.3634715630524326,8,1,COMPLETE
2941,51.910000000000004,2025-01-22 02:19:35.238676,2025-01-22 02:19:49.900456,0 days 00:00:14.661780,0.9984694326641611,1.8506219112849684,0.5240773259872127,4,1,COMPLETE
2942,51.739999999999995,2025-01-22 02:19:48.255378,2025-01-22 02:20:02.677774,0 days 00:00:14.422396,0.789837757477445,1.1818507228944894,0.5150942547531051,4,1,COMPLETE
2943,50.839999999999996,2025-01-22 02:19:50.325338,2025-01-22 02:20:04.782545,0 days 00:00:14.457207,0.789043665929903,1.0042745784776796,0.27050280365948565,2,1,COMPLETE
2944,23.580000000000002,2025-01-22 02:20:02.819598,2025-01-22 02:20:16.368942,0 days 00:00:13.549344,1.1775971377033365,1.3299981913232934,0.0016491116430599228,2,1,COMPLETE
2945,48.8,2025-01-22 02:20:05.180017,2025-01-22 02:20:20.299051,0 days 00:00:15.119034,1.2366343929058066,1.2980691839881005,0.729242044337054,6,1,COMPLETE
2946,48.25,2025-01-22 02:20:16.474563,2025-01-22 02:20:31.618891,0 days 00:00:15.144328,1.642437513922893,0.9564039187535517,0.7597518700890501,6,1,COMPLETE
2947,52.05,2025-01-22 02:20:20.404245,2025-01-22 02:20:35.069435,0 days 00:00:14.665190,1.6947617603825555,1.6842568727878169,0.4432583046145357,4,1,COMPLETE
2948,51.54,2025-01-22 02:20:31.756581,2025-01-22 02:20:46.653084,0 days 00:00:14.896503,2.0078748957361414,1.642841910082687,0.417008165213851,4,1,COMPLETE
2949,51.2,2025-01-22 02:20:35.339065,2025-01-22 02:20:48.527089,0 days 00:00:13.188024,2.097920207825828,2.197111458994441,0.6038771417241604,2,1,COMPLETE
2950,49.69,2025-01-22 02:20:46.763789,2025-01-22 02:21:00.209488,0 days 00:00:13.445699,0.5807670978034576,0.6387120622481827,0.5950836223006284,2,1,COMPLETE
2951,51.73,2025-01-22 02:20:48.948792,2025-01-22 02:21:02.370403,0 days 00:00:13.421611,0.5976032366555666,0.6800970789197093,0.341956136413672,2,1,COMPLETE
2952,51.690000000000005,2025-01-22 02:21:00.345692,2025-01-22 02:21:14.842879,0 days 00:00:14.497187,1.4151316040868143,1.1468033275689373,0.3436629300943766,4,1,COMPLETE
2953,52.26,2025-01-22 02:21:02.712968,2025-01-22 02:21:17.757360,0 days 00:00:15.044392,0.9284939706801332,1.146150562021471,0.4917307229660824,6,1,COMPLETE
2954,52.080000000000005,2025-01-22 02:21:14.980965,2025-01-22 02:21:29.703093,0 days 00:00:14.722128,0.9032804427685619,1.4565065793723235,0.4855517392048899,6,1,COMPLETE
2955,34.33,2025-01-22 02:21:17.888387,2025-01-22 02:21:32.181179,0 days 00:00:14.292792,0.08054321231692725,1.476911599842028,0.4151244757073375,4,1,COMPLETE
2956,52.53,2025-01-22 02:21:29.849250,2025-01-22 02:21:44.366539,0 days 00:00:14.517289,1.1786126154690078,1.9329782074784219,0.40407470505423887,4,1,COMPLETE
