number,value,datetime_start,datetime_complete,duration,params_gamma_1,params_gamma_2,params_lambda,params_n_clusters,params_n_neighbors,state
4970,52.26,2025-01-22 06:56:45.415910,2025-01-22 06:57:00.335745,0 days 00:00:14.919835,0.8714884509101504,1.1800163489433062,0.4738829380892796,6,1,COMPLETE
4971,52.290000000000006,2025-01-22 06:56:56.743526,2025-01-22 06:57:12.641011,0 days 00:00:15.897485,0.883272512684201,1.1443342568711914,0.4705701258023114,6,1,COMPLETE
4972,51.690000000000005,2025-01-22 06:57:00.479973,2025-01-22 06:57:15.168981,0 days 00:00:14.689008,1.060293198922305,1.1910845973559971,0.5618735206450419,4,1,COMPLETE
4973,51.68000000000001,2025-01-22 06:57:12.823809,2025-01-22 06:57:54.142514,0 days 00:00:41.318705,1.0603198358983341,1.177906567120735,0.5805611220574781,61,4,COMPLETE
4974,52.65,2025-01-22 06:57:15.431942,2025-01-22 06:57:28.555936,0 days 00:00:13.123994,1.428694166239269,1.2185444916387973,0.40990880837351523,2,1,COMPLETE
4975,51.629999999999995,2025-01-22 06:57:28.695211,2025-01-22 06:57:43.291994,0 days 00:00:14.596783,1.7478895070050535,1.2198655243431307,0.4142832256877243,4,1,COMPLETE
4976,51.59,2025-01-22 06:57:43.468335,2025-01-22 06:58:18.627984,0 days 00:00:35.159649,1.16268129745631,0.8975969632466053,0.5809781463750505,56,4,COMPLETE
4977,51.849999999999994,2025-01-22 06:57:54.316232,2025-01-22 06:58:08.372490,0 days 00:00:14.056258,1.2765109076146037,0.9335812409347661,0.3159449607952481,2,1,COMPLETE
4978,48.04,2025-01-22 06:58:08.525235,2025-01-22 06:58:25.938915,0 days 00:00:17.413680,1.6067582190195386,1.0106603107733045,0.7906737756450279,12,2,COMPLETE
4979,51.94,2025-01-22 06:58:18.981371,2025-01-22 06:58:36.315632,0 days 00:00:17.334261,0.7545692743202562,1.281299271732709,0.44156735435229866,12,2,COMPLETE
4980,52.42,2025-01-22 06:58:26.246288,2025-01-22 06:58:40.783997,0 days 00:00:14.537709,0.7497717545169208,1.3025482037938891,0.4429905691235236,4,1,COMPLETE
4981,52.339999999999996,2025-01-22 06:58:36.456671,2025-01-22 06:58:51.283888,0 days 00:00:14.827217,0.9592562139067001,1.2840801298988347,0.3618569424793419,4,1,COMPLETE
4982,51.94,2025-01-22 06:58:40.941548,2025-01-22 06:58:56.897049,0 days 00:00:15.955501,0.9838499324553189,1.2224095805013053,0.36928345302794324,7,1,COMPLETE
4983,51.449999999999996,2025-01-22 06:58:51.419834,2025-01-22 06:59:07.747445,0 days 00:00:16.327611,1.3852873873190092,0.6412359178673804,0.5134238248504267,7,1,COMPLETE
4984,51.870000000000005,2025-01-22 06:58:57.055371,2025-01-22 06:59:10.582266,0 days 00:00:13.526895,1.3874177892819228,0.614668394464288,0.5109624850907043,2,1,COMPLETE
4985,52.059999999999995,2025-01-22 06:59:07.892015,2025-01-22 06:59:21.234926,0 days 00:00:13.342911,1.1402413727568075,1.0063353486161206,0.32559865100806973,2,1,COMPLETE
4986,51.62,2025-01-22 06:59:10.771843,2025-01-22 06:59:25.273846,0 days 00:00:14.502003,1.1641951613320063,1.0676829367590437,0.2936449692978435,4,1,COMPLETE
4987,50.39,2025-01-22 06:59:21.383371,2025-01-22 06:59:36.522935,0 days 00:00:15.139564,1.1528194194024965,1.0880619499437247,0.2502085992175232,5,1,COMPLETE
4988,50.68,2025-01-22 06:59:25.454093,2025-01-22 06:59:58.196206,0 days 00:00:32.742113,1.591285449700062,1.3217246205347934,0.2533721298872113,47,3,COMPLETE
4989,51.05,2025-01-22 06:59:36.699588,2025-01-22 06:59:53.392872,0 days 00:00:16.693284,2.0757250267844602,1.2403021012562603,0.4041730728653869,10,2,COMPLETE
4990,50.690000000000005,2025-01-22 06:59:53.562321,2025-01-22 07:00:07.392562,0 days 00:00:13.830241,1.695499658245173,1.322941591409692,0.6423621223605168,2,1,COMPLETE
4991,37.96,2025-01-22 06:59:58.331149,2025-01-22 07:00:12.248546,0 days 00:00:13.917397,0.07333958236902585,0.8665133744793372,0.6445734064949439,2,1,COMPLETE
4992,52.339999999999996,2025-01-22 07:00:07.563512,2025-01-22 07:00:22.130005,0 days 00:00:14.566493,0.8666224183950662,0.8689299954148784,0.4847044817628491,4,1,COMPLETE
4993,52.26,2025-01-22 07:00:12.400420,2025-01-22 07:00:27.264031,0 days 00:00:14.863611,0.8572666501207663,1.359703828306743,0.4684220846664422,6,1,COMPLETE
4994,52.5,2025-01-22 07:00:22.310698,2025-01-22 07:00:37.583926,0 days 00:00:15.273228,1.0467719497606838,1.332269841210852,0.39099841567199706,6,1,COMPLETE
4995,52.449999999999996,2025-01-22 07:00:27.398569,2025-01-22 07:00:41.795334,0 days 00:00:14.396765,1.0119035404353562,1.114775258027389,0.39450341189738203,4,1,COMPLETE
4996,51.59,2025-01-22 07:00:37.734516,2025-01-22 07:00:52.410460,0 days 00:00:14.675944,1.3449550226264633,1.0599048248398215,0.33758655576148766,4,1,COMPLETE
4997,52.04,2025-01-22 07:00:42.132532,2025-01-22 07:00:55.776603,0 days 00:00:13.644071,1.3768557367621248,1.0257126588894612,0.33325977342834495,2,1,COMPLETE
4998,52.580000000000005,2025-01-22 07:00:52.583901,2025-01-22 07:01:06.631820,0 days 00:00:14.047919,1.3218410413185455,1.3794483646298958,0.5319441261917202,2,1,COMPLETE
4999,51.239999999999995,2025-01-22 07:00:55.956473,2025-01-22 07:01:12.335796,0 days 00:00:16.379323,0.7651782602153242,1.4154487695596365,0.5491595931953486,8,1,COMPLETE
5000,51.93,2025-01-22 07:01:06.813444,2025-01-22 07:01:23.324023,0 days 00:00:16.510579,0.5860822580095291,1.2061146818772053,0.441624243888259,8,1,COMPLETE
5001,51.44,2025-01-22 07:01:12.478150,2025-01-22 07:01:56.694926,0 days 00:00:44.216776,1.7757428360609402,1.1635300853170418,0.43102327787156286,66,14,COMPLETE
5002,52.400000000000006,2025-01-22 07:01:23.486832,2025-01-22 07:01:37.611850,0 days 00:00:14.125018,0.9664134531166332,0.9352589994519808,0.3963248588621035,4,1,COMPLETE
5003,52.2,2025-01-22 07:01:37.870561,2025-01-22 07:01:51.250341,0 days 00:00:13.379780,1.8647192318807257,1.3932738639374957,0.4627327569975085,2,1,COMPLETE
5004,48.199999999999996,2025-01-22 07:01:51.407129,2025-01-22 07:02:06.723818,0 days 00:00:15.316689,1.1681387430355503,0.7451228701464349,0.7520296520394925,6,1,COMPLETE
5005,51.39,2025-01-22 07:01:56.859234,2025-01-22 07:02:12.079289,0 days 00:00:15.220055,1.1692799537269483,1.4423422025475388,0.2861997248108731,6,1,COMPLETE
5006,51.449999999999996,2025-01-22 07:02:06.897576,2025-01-22 07:02:21.883477,0 days 00:00:14.985901,1.5474648462803926,1.404472403007428,0.3217179197990883,4,1,COMPLETE
5007,48.59,2025-01-22 07:02:12.241678,2025-01-22 07:02:40.363239,0 days 00:00:28.121561,0.8887599346508942,1.1860302526003748,0.2041825877813359,35,3,COMPLETE
5008,52.54,2025-01-22 07:02:22.093947,2025-01-22 07:02:35.862505,0 days 00:00:13.768558,0.8755488135960808,1.1674095557683002,0.3568172850143378,2,1,COMPLETE
5009,49.65,2025-01-22 07:02:36.007678,2025-01-22 07:02:50.366785,0 days 00:00:14.359107,2.3133699920263724,0.11672836497628876,0.5465018092951045,4,1,COMPLETE
5010,50.739999999999995,2025-01-22 07:02:40.524121,2025-01-22 07:02:54.926302,0 days 00:00:14.402181,2.2740281220652903,0.9782850543748772,0.528136935764381,4,1,COMPLETE
5011,50.9,2025-01-22 07:02:50.733572,2025-01-22 07:03:04.760223,0 days 00:00:14.026651,1.0790425142783582,0.08394336209683448,0.39441937634424684,2,1,COMPLETE
5012,52.839999999999996,2025-01-22 07:02:55.099466,2025-01-22 07:03:08.749241,0 days 00:00:13.649775,1.0510502760920788,1.4556342778566276,0.390499066476593,2,1,COMPLETE
5013,52.080000000000005,2025-01-22 07:03:04.915970,2025-01-22 07:03:20.283684,0 days 00:00:15.367714,1.510053741723633,1.4893030131894105,0.45989176536713045,6,1,COMPLETE
5014,52.09,2025-01-22 07:03:08.917492,2025-01-22 07:03:23.848646,0 days 00:00:14.931154,1.2921954029624414,0.8221099198674878,0.465470863015748,6,1,COMPLETE
5015,49.0,2025-01-22 07:03:20.426059,2025-01-22 07:03:35.048351,0 days 00:00:14.622292,0.7107413066891893,0.8448709262146046,0.6582883780046136,4,1,COMPLETE
5016,49.33,2025-01-22 07:03:23.999888,2025-01-22 07:03:38.171229,0 days 00:00:14.171341,0.7570288184510484,1.20286473366486,0.6494877218120014,4,1,COMPLETE
5017,51.339999999999996,2025-01-22 07:03:35.211852,2025-01-22 07:03:49.094255,0 days 00:00:13.882403,1.2775019414894981,1.1490730168596672,0.28477744876128674,2,1,COMPLETE
5018,49.11,2025-01-22 07:03:38.352006,2025-01-22 07:03:51.810377,0 days 00:00:13.458371,0.2846755865666705,1.0841247443075626,0.3621408099169188,2,1,COMPLETE
5019,52.580000000000005,2025-01-22 07:03:49.240422,2025-01-22 07:04:03.237867,0 days 00:00:13.997445,0.9585515920098062,1.456749622499985,0.35833232236065243,2,1,COMPLETE
5020,23.68,2025-01-22 07:03:52.050533,2025-01-22 07:04:08.240189,0 days 00:00:16.189656,0.9435025595331522,1.4643665083627482,0.0036620692220331046,8,1,COMPLETE
5021,51.57000000000001,2025-01-22 07:04:03.550359,2025-01-22 07:04:20.401737,0 days 00:00:16.851378,1.5473000222457745,1.3183260761403484,0.5183276142466635,9,2,COMPLETE
5022,51.77,2025-01-22 07:04:08.419554,2025-01-22 07:04:23.171391,0 days 00:00:14.751837,1.5981210297516204,0.9730055625381749,0.5183376682652118,4,1,COMPLETE
5023,52.129999999999995,2025-01-22 07:04:20.580811,2025-01-22 07:04:35.690382,0 days 00:00:15.109571,1.2048142995057873,0.9951629477942515,0.42555228130393846,5,1,COMPLETE
5024,52.339999999999996,2025-01-22 07:04:23.346662,2025-01-22 07:04:38.028028,0 days 00:00:14.681366,1.167283577539244,1.5134966948355457,0.4328459437251652,5,1,COMPLETE
5025,51.74999999999999,2025-01-22 07:04:35.858318,2025-01-22 07:04:49.138924,0 days 00:00:13.280606,1.308345626609475,1.2898819254685425,0.3039903455176566,2,1,COMPLETE
5026,51.839999999999996,2025-01-22 07:04:38.409354,2025-01-22 07:04:51.449548,0 days 00:00:13.040194,1.3592001020988989,1.2555287404751203,0.3142032527108861,2,1,COMPLETE
5027,51.080000000000005,2025-01-22 07:04:49.286723,2025-01-22 07:05:03.789835,0 days 00:00:14.503112,0.9874183365925459,0.7159818302211105,0.5914684155197398,4,1,COMPLETE
5028,51.129999999999995,2025-01-22 07:04:51.851545,2025-01-22 07:05:06.177833,0 days 00:00:14.326288,0.8264874745849251,0.3858596344698889,0.5755358321958562,4,1,COMPLETE
5029,52.31,2025-01-22 07:05:03.956957,2025-01-22 07:05:19.130177,0 days 00:00:15.173220,0.8097812170515145,1.551080034181783,0.39515171744028926,6,1,COMPLETE
5030,51.5,2025-01-22 07:05:06.608686,2025-01-22 07:05:22.604077,0 days 00:00:15.995391,0.6189066598094903,1.5418911900936907,0.36767342997413843,7,5,COMPLETE
5031,50.690000000000005,2025-01-22 07:05:19.302549,2025-01-22 07:05:32.905465,0 days 00:00:13.602916,0.6224413102310425,0.004906549592813124,0.465369011426519,2,1,COMPLETE
5032,51.980000000000004,2025-01-22 07:05:22.763025,2025-01-22 07:05:36.424660,0 days 00:00:13.661635,1.842504047902529,1.1963647159593145,0.4840426948536912,2,1,COMPLETE
5033,52.300000000000004,2025-01-22 07:05:33.084925,2025-01-22 07:05:47.614709,0 days 00:00:14.529784,1.1020977276685737,1.0637760834186392,0.45995106155479065,4,1,COMPLETE
5034,0.5,2025-01-22 07:05:36.588785,2025-01-22 07:05:51.605451,0 days 00:00:15.016666,0.0012438956530995604,0.9815682117513007,0.24905289942246062,4,1,COMPLETE
5035,50.6,2025-01-22 07:05:47.937670,2025-01-22 07:06:02.841190,0 days 00:00:14.903520,1.4461126117070995,1.5567037079892772,0.2543285095090267,4,1,COMPLETE
5036,52.05,2025-01-22 07:05:51.769586,2025-01-22 07:06:07.453260,0 days 00:00:15.683674,1.0517689626862259,1.323803412166844,0.3400407310869617,6,1,COMPLETE
5037,52.14,2025-01-22 07:06:03.019706,2025-01-22 07:06:18.088942,0 days 00:00:15.069236,1.0243552573066907,1.2949136126640575,0.33867732458946725,6,1,COMPLETE
5038,48.480000000000004,2025-01-22 07:06:07.584120,2025-01-22 07:06:21.134956,0 days 00:00:13.550836,1.197646237408326,1.34220911798197,0.7649490989815009,2,1,COMPLETE
5039,52.959999999999994,2025-01-22 07:06:18.229902,2025-01-22 07:06:32.297532,0 days 00:00:14.067630,1.2138423619660221,1.5778377547264588,0.4105438734029901,2,1,COMPLETE
5040,52.78,2025-01-22 07:06:21.292859,2025-01-22 07:06:34.940921,0 days 00:00:13.648062,1.4780088344748665,1.5809424878739575,0.41326853981575,2,1,COMPLETE
5041,51.129999999999995,2025-01-22 07:06:32.463098,2025-01-22 07:06:48.934323,0 days 00:00:16.471225,0.8442154443893202,1.0651181299163206,0.30163943234727464,8,1,COMPLETE
5042,50.980000000000004,2025-01-22 07:06:35.178440,2025-01-22 07:06:52.247424,0 days 00:00:17.068984,0.8799197983001713,1.0568271808331813,0.2852501511101232,10,2,COMPLETE
5043,51.71,2025-01-22 07:06:49.104974,2025-01-22 07:07:04.624021,0 days 00:00:15.519047,0.9325155133289053,0.9392276183253472,0.31755310377643586,4,1,COMPLETE
5044,49.01,2025-01-22 07:06:52.418659,2025-01-22 07:07:07.212159,0 days 00:00:14.793500,1.690645836435928,0.8614894235258154,0.21504926655284431,4,1,COMPLETE
5045,51.339999999999996,2025-01-22 07:07:04.797499,2025-01-22 07:07:19.279752,0 days 00:00:14.482253,1.744900975379705,1.1371947603620987,0.3503634384565206,4,1,COMPLETE
5046,52.690000000000005,2025-01-22 07:07:07.461705,2025-01-22 07:07:21.598504,0 days 00:00:14.136799,1.080616446491199,1.1905423428808382,0.36346194801287707,2,1,COMPLETE
5047,51.53,2025-01-22 07:07:19.461543,2025-01-22 07:07:33.596602,0 days 00:00:14.135059,0.49031241894816846,1.2107825663391416,0.3776834799738126,2,1,COMPLETE
5048,52.190000000000005,2025-01-22 07:07:22.045972,2025-01-22 07:07:37.278070,0 days 00:00:15.232098,1.3423014784513625,1.3016280352887972,0.4001260321061141,6,1,COMPLETE
5049,49.88,2025-01-22 07:07:33.748936,2025-01-22 07:07:49.111527,0 days 00:00:15.362591,0.7164729513172285,1.3536424361817356,0.2675875686173465,6,1,COMPLETE
5050,0.5,2025-01-22 07:07:37.433634,2025-01-22 07:07:53.324376,0 days 00:00:15.890742,0.01591747810987081,1.411601837380959,0.270695091807375,5,1,COMPLETE
5051,50.51,2025-01-22 07:07:49.301827,2025-01-22 07:08:19.507199,0 days 00:00:30.205372,1.157228667196332,0.19260340346403282,0.31553833164553485,43,3,COMPLETE
5052,51.72,2025-01-22 07:07:53.491161,2025-01-22 07:08:06.643034,0 days 00:00:13.151873,1.137892292863545,0.7302016612404524,0.3198531154762983,2,1,COMPLETE
5053,52.01,2025-01-22 07:08:06.761169,2025-01-22 07:08:21.368539,0 days 00:00:14.607370,1.3779145008336287,0.9346995982512022,0.41463201740829797,4,1,COMPLETE
5054,51.77,2025-01-22 07:08:19.686496,2025-01-22 07:09:07.322343,0 days 00:00:47.635847,1.4547884254395151,0.9093355829366785,0.4116875500703552,81,3,COMPLETE
5055,52.55,2025-01-22 07:08:22.151635,2025-01-22 07:08:35.604983,0 days 00:00:13.453348,0.894468956829673,1.1073485623155144,0.502738948689541,2,1,COMPLETE
5056,40.47,2025-01-22 07:08:35.795580,2025-01-22 07:08:52.002490,0 days 00:00:16.206910,3.294836885903852,1.4763546852348821,0.10048811437654129,8,1,COMPLETE
5057,51.7,2025-01-22 07:08:52.170735,2025-01-22 07:09:06.435037,0 days 00:00:14.264302,1.489460778107726,1.1803788785314047,0.3836654551227329,4,1,COMPLETE
5058,51.92,2025-01-22 07:09:06.607505,2025-01-22 07:09:19.839617,0 days 00:00:13.232112,2.003909119128332,1.476994230861176,0.466400888953806,2,1,COMPLETE
5059,52.27,2025-01-22 07:09:07.455546,2025-01-22 07:09:21.087685,0 days 00:00:13.632139,0.9978779254176653,0.5062376923143386,0.49128265108145963,2,1,COMPLETE
5060,51.38,2025-01-22 07:09:20.006698,2025-01-22 07:09:35.163215,0 days 00:00:15.156517,1.0204354651526633,1.2402688473726402,0.5697659993526307,6,1,COMPLETE
5061,50.51,2025-01-22 07:09:21.283840,2025-01-22 07:09:36.775930,0 days 00:00:15.492090,0.6958408309480858,1.2222203223689276,0.5779277901919524,6,1,COMPLETE
5062,42.26,2025-01-22 07:09:35.336610,2025-01-22 07:09:49.960117,0 days 00:00:14.623507,0.7548883337043495,1.5520346779670178,0.9595488467278863,4,1,COMPLETE
5063,0.5,2025-01-22 07:09:36.979528,2025-01-22 07:09:52.989280,0 days 00:00:16.009752,0.002309055585231222,1.5500943432923273,0.3639299139585253,4,1,COMPLETE
5064,51.82,2025-01-22 07:09:50.136998,2025-01-22 07:10:04.583537,0 days 00:00:14.446539,1.2026131149250443,1.0439206456183987,0.33992143799525326,4,1,COMPLETE
5065,51.99,2025-01-22 07:09:53.137233,2025-01-22 07:10:08.968134,0 days 00:00:15.830901,1.2471354341161798,1.0281945041781007,0.42754101228592173,8,1,COMPLETE
5066,49.85,2025-01-22 07:10:04.712918,2025-01-22 07:10:18.376423,0 days 00:00:13.663505,0.32803564648717926,1.3215801181599656,0.43552343178342745,2,1,COMPLETE
5067,52.53,2025-01-22 07:10:09.130656,2025-01-22 07:10:22.878499,0 days 00:00:13.747843,0.9917160510506949,0.8036824748646741,0.4779490496247905,2,1,COMPLETE
5068,52.190000000000005,2025-01-22 07:10:18.789624,2025-01-22 07:10:32.430737,0 days 00:00:13.641113,0.9386092352683015,0.8087373442268163,0.5049279991902044,2,1,COMPLETE
5069,50.660000000000004,2025-01-22 07:10:23.050599,2025-01-22 07:10:38.546874,0 days 00:00:15.496275,0.8198287252514121,1.5486951149597736,0.28690652534629985,6,1,COMPLETE
5070,51.27,2025-01-22 07:10:32.667636,2025-01-22 07:10:48.112810,0 days 00:00:15.445174,1.6542538533493027,1.5557037122367143,0.30065071502497176,6,1,COMPLETE
5071,51.71,2025-01-22 07:10:38.693135,2025-01-22 07:10:53.291043,0 days 00:00:14.597908,1.6181456721849636,1.2861066366150646,0.36565648854187405,4,1,COMPLETE
5072,52.0,2025-01-22 07:10:48.434273,2025-01-22 07:11:03.197210,0 days 00:00:14.762937,1.243577423760009,1.2638391753550935,0.36198772941642177,4,1,COMPLETE
5073,29.82,2025-01-22 07:10:53.462567,2025-01-22 07:11:09.111850,0 days 00:00:15.649283,1.2521103862475798,1.1414628423035067,2.2068348406559504,4,1,COMPLETE
5074,50.99,2025-01-22 07:11:03.509530,2025-01-22 07:11:17.179980,0 days 00:00:13.670450,1.053553151427519,1.0644130023284877,0.6101595259233984,2,1,COMPLETE
5075,45.92,2025-01-22 07:11:09.257654,2025-01-22 07:11:23.260600,0 days 00:00:14.002946,2.0704705790132985,1.6277495972587508,0.14117791082088688,2,1,COMPLETE
5076,51.67,2025-01-22 07:11:17.339687,2025-01-22 07:11:34.459948,0 days 00:00:17.120261,1.923128603728972,1.49106987835158,0.421400449315654,9,2,COMPLETE
5077,50.1,2025-01-22 07:11:23.391545,2025-01-22 07:11:39.632136,0 days 00:00:16.240591,1.4266921508855492,1.3709289499239368,0.23967819452665237,8,1,COMPLETE
5078,51.580000000000005,2025-01-22 07:11:34.738651,2025-01-22 07:11:49.747868,0 days 00:00:15.009217,1.4059512248650028,0.9666945967211784,0.5393001559650227,6,1,COMPLETE
5079,52.019999999999996,2025-01-22 07:11:39.799646,2025-01-22 07:12:34.573780,0 days 00:00:54.774134,0.8241988597496743,0.9781687539179865,0.5183908667401087,94,4,COMPLETE
5080,48.47,2025-01-22 07:11:49.935298,2025-01-22 07:12:04.006335,0 days 00:00:14.071037,0.8149007996545995,1.6035186823141585,0.6909608494478789,4,1,COMPLETE
5081,53.09,2025-01-22 07:12:04.163769,2025-01-22 07:12:18.151664,0 days 00:00:13.987895,1.0919588611446247,1.2260628427222264,0.42703064452914263,2,1,COMPLETE
5082,48.54,2025-01-22 07:12:18.298152,2025-01-22 07:12:32.521773,0 days 00:00:14.223621,0.6290198086530017,0.7375482587915367,0.6549286270102652,4,1,COMPLETE
5083,51.519999999999996,2025-01-22 07:12:32.857311,2025-01-22 07:13:01.980704,0 days 00:00:29.123393,0.8154167911648732,0.9249012000996788,0.5429440097846591,37,3,COMPLETE
5084,50.99,2025-01-22 07:12:35.337127,2025-01-22 07:12:49.485843,0 days 00:00:14.148716,0.722405984173509,0.6624629782720168,0.5736401512109925,2,1,COMPLETE
5085,50.73,2025-01-22 07:12:49.643914,2025-01-22 07:13:05.562599,0 days 00:00:15.918685,0.40232376991105306,0.8073714408902456,0.47768161882655186,6,1,COMPLETE
5086,51.42,2025-01-22 07:13:02.141436,2025-01-22 07:13:19.710296,0 days 00:00:17.568860,0.5474903978605555,0.8320723892762871,0.4647705964721549,6,5,COMPLETE
5087,52.559999999999995,2025-01-22 07:13:05.725727,2025-01-22 07:13:22.724107,0 days 00:00:16.998380,0.9245580307408905,0.9899008491199726,0.4386971959969015,4,1,COMPLETE
5088,48.480000000000004,2025-01-22 07:13:19.872657,2025-01-22 07:13:34.485579,0 days 00:00:14.612922,0.9112056101046311,1.1828752132295972,0.7228598461360771,4,1,COMPLETE
5089,49.85,2025-01-22 07:13:22.910494,2025-01-22 07:13:36.886753,0 days 00:00:13.976259,0.7435429173334919,1.1683963773023327,0.6223685658806972,2,1,COMPLETE
5090,49.78,2025-01-22 07:13:34.657467,2025-01-22 07:13:47.995854,0 days 00:00:13.338387,0.7703850244442306,1.091208458171313,0.6327348884856844,2,1,COMPLETE
5091,51.53,2025-01-22 07:13:37.181005,2025-01-22 07:13:55.176045,0 days 00:00:17.995040,0.6489338462035017,1.06887808279411,0.39442775776810735,10,9,COMPLETE
5092,51.89,2025-01-22 07:13:48.925611,2025-01-22 07:14:07.129206,0 days 00:00:18.203595,1.0312498783822635,1.302679620028593,0.39299911312598257,10,2,COMPLETE
5093,52.05,2025-01-22 07:13:55.343023,2025-01-22 07:14:10.529867,0 days 00:00:15.186844,1.0152751717608515,1.3321800480565194,0.5070900903966756,4,1,COMPLETE
5094,51.83,2025-01-22 07:14:07.288489,2025-01-22 07:14:22.216524,0 days 00:00:14.928035,0.9516598466031512,1.6595795497038544,0.5285919248161088,4,1,COMPLETE
5095,52.12,2025-01-22 07:14:10.703748,2025-01-22 07:14:26.494614,0 days 00:00:15.790866,0.9258651065145203,1.6617351418588135,0.46221082210279457,7,1,COMPLETE
5096,52.14,2025-01-22 07:14:22.358634,2025-01-22 07:14:38.506219,0 days 00:00:16.147585,1.0972309476889173,1.4349445179223645,0.4446527657673517,7,1,COMPLETE
5097,52.32,2025-01-22 07:14:26.676928,2025-01-22 07:14:40.717654,0 days 00:00:14.040726,1.0077428737164673,0.8930741949234429,0.340169951312394,2,1,COMPLETE
5098,52.14,2025-01-22 07:14:38.654769,2025-01-22 07:14:52.431787,0 days 00:00:13.777018,0.8326322812379932,0.9612314551959611,0.3326539610740563,2,1,COMPLETE
5099,52.68000000000001,2025-01-22 07:14:41.255462,2025-01-22 07:14:54.934737,0 days 00:00:13.679275,0.8193539370905678,1.1457805970210786,0.3754988097802282,2,1,COMPLETE
5100,52.26,2025-01-22 07:14:52.596540,2025-01-22 07:15:07.882295,0 days 00:00:15.285755,0.6961805156961663,1.160127007641749,0.3964119823245672,5,1,COMPLETE
5101,50.63999999999999,2025-01-22 07:14:55.528641,2025-01-22 07:15:09.990087,0 days 00:00:14.461446,1.1291457808117595,0.010205784777882245,0.555556859178758,5,1,COMPLETE
5102,51.51,2025-01-22 07:15:08.065386,2025-01-22 07:15:22.797139,0 days 00:00:14.731753,1.1839424501274147,1.4065310021565292,0.5760351225945097,5,1,COMPLETE
5103,36.52,2025-01-22 07:15:10.724543,2025-01-22 07:15:25.479657,0 days 00:00:14.755114,1.1258157163947435,1.4109937327497584,0.06449050212222476,4,1,COMPLETE
