number,value,datetime_start,datetime_complete,duration,params_gamma_1,params_gamma_2,params_lambda,params_n_clusters,params_n_neighbors,state
2957,51.25999999999999,2025-01-22 02:21:32.429577,2025-01-22 02:21:46.480411,0 days 00:00:14.050834,1.1567681062557633,0.8552169972113471,0.2898385617038232,2,1,COMPLETE
2958,50.96000000000001,2025-01-22 02:21:44.517762,2025-01-22 02:21:57.591280,0 days 00:00:13.073518,1.4304351617308457,0.9058906672349866,0.26996068808185014,2,1,COMPLETE
2959,51.470000000000006,2025-01-22 02:21:46.865013,2025-01-22 02:22:14.621317,0 days 00:00:27.756304,1.490026616587512,2.201901728265303,0.5634416122692018,39,3,COMPLETE
2960,51.910000000000004,2025-01-22 02:21:57.716457,2025-01-22 02:22:12.782117,0 days 00:00:15.065660,1.0655118752043902,2.322960502526258,0.37489603893900786,7,1,COMPLETE
2961,52.01,2025-01-22 02:22:12.904614,2025-01-22 02:22:27.015530,0 days 00:00:14.110916,1.3217820868973644,1.2825149006023764,0.5294065308448879,4,1,COMPLETE
2962,52.15,2025-01-22 02:22:15.055627,2025-01-22 02:22:29.711427,0 days 00:00:14.655800,0.7433870610085808,1.3452802608221208,0.4710313090665851,4,1,COMPLETE
2963,51.190000000000005,2025-01-22 02:22:27.137892,2025-01-22 02:22:40.627055,0 days 00:00:13.489163,0.7378559538245731,0.06365296936444287,0.44858732438877014,2,1,COMPLETE
2964,49.59,2025-01-22 02:22:29.829775,2025-01-22 02:22:43.604317,0 days 00:00:13.774542,0.930063477190584,1.8093208656148088,0.23402202607153397,2,1,COMPLETE
2965,48.14,2025-01-22 02:22:40.743077,2025-01-22 02:22:56.012697,0 days 00:00:15.269620,0.9429948678030461,1.791694897038212,0.20175741169552933,6,1,COMPLETE
2966,0.5,2025-01-22 02:22:43.730247,2025-01-22 02:23:01.167581,0 days 00:00:17.437334,0.009065239139161374,1.0882179516237933,0.3475505008488807,10,2,COMPLETE
2967,51.62,2025-01-22 02:22:56.136191,2025-01-22 02:23:12.634941,0 days 00:00:16.498750,1.1819475362681033,1.0277612505163913,0.31841988568225504,9,2,COMPLETE
2968,49.95,2025-01-22 02:23:01.309320,2025-01-22 02:23:15.672929,0 days 00:00:14.363609,1.214002582360652,0.13123649492064318,0.657719941944558,4,1,COMPLETE
2969,50.660000000000004,2025-01-22 02:23:12.749659,2025-01-22 02:23:27.134880,0 days 00:00:14.385221,1.7198525531733895,1.569370159759014,0.6343243592385787,4,1,COMPLETE
2970,52.35999999999999,2025-01-22 02:23:15.815627,2025-01-22 02:23:29.003618,0 days 00:00:13.187991,1.650927307033422,1.515527429419102,0.40065462468833485,2,1,COMPLETE
2971,32.48,2025-01-22 02:23:27.244485,2025-01-22 02:23:40.816892,0 days 00:00:13.572407,1.0310522459217397,1.501054370464513,0.04446154444422253,2,1,COMPLETE
2972,52.11,2025-01-22 02:23:29.423382,2025-01-22 02:23:44.460098,0 days 00:00:15.036716,1.0399601223767,1.2640673502243034,0.504833694755038,6,1,COMPLETE
2973,51.790000000000006,2025-01-22 02:23:40.931047,2025-01-22 02:23:56.586296,0 days 00:00:15.655249,0.8253968861123733,1.2099170287567442,0.517883700271877,6,1,COMPLETE
2974,52.38,2025-01-22 02:23:44.592622,2025-01-22 02:23:59.161249,0 days 00:00:14.568627,1.356247609249711,2.0014648553914562,0.40347392251012687,4,1,COMPLETE
2975,50.62,2025-01-22 02:23:56.719223,2025-01-22 02:24:10.756251,0 days 00:00:14.037028,1.3867238414044076,0.17127099482858243,0.40594922573345066,4,1,COMPLETE
2976,52.459999999999994,2025-01-22 02:23:59.253395,2025-01-22 02:24:12.980493,0 days 00:00:13.727098,1.222839374792753,0.7862147488152674,0.4435628143850814,2,1,COMPLETE
2977,51.739999999999995,2025-01-22 02:24:10.884312,2025-01-22 02:24:24.072348,0 days 00:00:13.188036,1.2021155245500883,0.9508895524958744,0.30955987842157845,2,1,COMPLETE
2978,51.38,2025-01-22 02:24:13.313745,2025-01-22 02:24:29.681692,0 days 00:00:16.367947,0.8806704192431394,0.9811127032460807,0.31598454422028255,8,1,COMPLETE
2979,51.0,2025-01-22 02:24:24.178583,2025-01-22 02:24:40.303178,0 days 00:00:16.124595,0.8564860759854992,1.7493332909640045,0.5619370332939949,8,1,COMPLETE
2980,51.339999999999996,2025-01-22 02:24:29.800621,2025-01-22 02:24:44.899593,0 days 00:00:15.098972,1.9189391783245118,1.822294732824369,0.5595151766020102,5,1,COMPLETE
2981,51.92,2025-01-22 02:24:40.504435,2025-01-22 02:24:55.319320,0 days 00:00:14.814885,1.022333424793645,2.308396180739254,0.35702933020520233,5,1,COMPLETE
2982,52.470000000000006,2025-01-22 02:24:45.003098,2025-01-22 02:24:58.962133,0 days 00:00:13.959035,1.0581535419448567,2.2608501280099396,0.35063487099636304,2,1,COMPLETE
2983,51.94,2025-01-22 02:24:55.422995,2025-01-22 02:25:08.948598,0 days 00:00:13.525603,1.4674938454934534,0.5457332984284766,0.46047245290224437,2,1,COMPLETE
2984,52.53,2025-01-22 02:24:59.107205,2025-01-22 02:25:12.685326,0 days 00:00:13.578121,1.535815698488099,1.3933191735330381,0.441568450340957,2,1,COMPLETE
2985,52.300000000000004,2025-01-22 02:25:09.084066,2025-01-22 02:25:23.866849,0 days 00:00:14.782783,0.6879623340421241,1.274248116583853,0.43502753675130756,4,1,COMPLETE
2986,44.36,2025-01-22 02:25:12.802732,2025-01-22 02:25:27.925680,0 days 00:00:15.122948,1.194429132040964,0.04684901659864594,0.9160224479264748,4,1,COMPLETE
2987,52.2,2025-01-22 02:25:23.998077,2025-01-22 02:25:39.342623,0 days 00:00:15.344546,1.2391688961228489,1.106835426276501,0.37502393037949133,6,1,COMPLETE
2988,52.349999999999994,2025-01-22 02:25:28.073030,2025-01-22 02:25:43.244423,0 days 00:00:15.171393,0.9964617158930485,1.6607217733125161,0.38705258581793317,6,1,COMPLETE
2989,50.41,2025-01-22 02:25:39.484119,2025-01-22 02:25:52.729200,0 days 00:00:13.245081,1.011015833109599,1.6237315521643814,0.6383003210475245,2,1,COMPLETE
2990,49.75,2025-01-22 02:25:43.367712,2025-01-22 02:25:56.827298,0 days 00:00:13.459586,0.7788688948561311,1.4957427713556366,0.6312269907721489,2,1,COMPLETE
2991,50.83,2025-01-22 02:25:52.940451,2025-01-22 02:26:07.664519,0 days 00:00:14.724068,1.7275767029077358,1.9846529317203103,0.27269788457467214,4,1,COMPLETE
2992,50.519999999999996,2025-01-22 02:25:56.964943,2025-01-22 02:26:11.897513,0 days 00:00:14.932570,1.7671417728503986,1.1418902367194048,0.2861099268013888,4,1,COMPLETE
2993,52.1,2025-01-22 02:26:07.808564,2025-01-22 02:26:22.129950,0 days 00:00:14.321386,1.4388090454003288,1.1858294893247188,0.49869906274295306,4,1,COMPLETE
2994,50.88,2025-01-22 02:26:12.012331,2025-01-22 02:26:28.828734,0 days 00:00:16.816403,0.48127024061696594,0.8051258658777355,0.5123315163968503,7,1,COMPLETE
2995,52.300000000000004,2025-01-22 02:26:22.240653,2025-01-22 02:26:36.289393,0 days 00:00:14.048740,0.8623457722100828,0.7934083571026114,0.4994508863899537,2,1,COMPLETE
2996,51.83,2025-01-22 02:26:28.938888,2025-01-22 02:26:46.811862,0 days 00:00:17.872974,0.8435664117569543,1.9922117953015555,0.44909512122875767,12,2,COMPLETE
2997,40.39,2025-01-22 02:26:36.428428,2025-01-22 02:26:49.625210,0 days 00:00:13.196782,1.1617204835763222,1.3835039601689858,0.09078729221118162,2,1,COMPLETE
2998,52.66,2025-01-22 02:26:46.935614,2025-01-22 02:27:00.381914,0 days 00:00:13.446300,1.1666414998912484,1.4941991649556314,0.3687688982752078,2,1,COMPLETE
2999,51.77,2025-01-22 02:26:49.769730,2025-01-22 02:27:04.350132,0 days 00:00:14.580402,1.377408461318986,0.976026202939765,0.3624962041215217,6,1,COMPLETE
3000,48.58,2025-01-22 02:27:00.493724,2025-01-22 02:27:15.957117,0 days 00:00:15.463393,1.3934639260345445,0.9894415209917853,0.7428488959274198,5,1,COMPLETE
3001,50.629999999999995,2025-01-22 02:27:04.458535,2025-01-22 02:27:18.688571,0 days 00:00:14.230036,0.6539344145460811,1.729058428981524,0.559015000838025,4,1,COMPLETE
3002,40.88,2025-01-22 02:27:16.062513,2025-01-22 02:27:30.552731,0 days 00:00:14.490218,0.14286632667968568,1.7947002234675635,0.5588523615669048,4,1,COMPLETE
3003,51.73,2025-01-22 02:27:18.822539,2025-01-22 02:27:32.995664,0 days 00:00:14.173125,0.9955678144673221,1.287796166062715,0.30916043595139403,4,1,COMPLETE
3004,52.2,2025-01-22 02:27:30.679065,2025-01-22 02:27:46.339054,0 days 00:00:15.659989,1.0417225027384223,1.3211309068732293,0.43830664790231005,8,1,COMPLETE
3005,52.15,2025-01-22 02:27:33.225839,2025-01-22 02:27:49.233502,0 days 00:00:16.007663,1.0542445260493676,2.3539355519447076,0.42334644877151134,8,1,COMPLETE
3006,51.35999999999999,2025-01-22 02:27:46.482357,2025-01-22 02:28:00.082368,0 days 00:00:13.600011,2.535849128267972,2.201152796376813,0.4078325297389794,2,1,COMPLETE
3007,51.23,2025-01-22 02:27:49.375599,2025-01-22 02:28:02.415005,0 days 00:00:13.039406,2.2852671536080496,2.032045433170143,0.3386919562136268,2,1,COMPLETE
3008,51.970000000000006,2025-01-22 02:28:00.223911,2025-01-22 02:28:13.608034,0 days 00:00:13.384123,1.6144560801682672,1.5199094950626488,0.3390863991904491,2,1,COMPLETE
3009,52.03,2025-01-22 02:28:02.676932,2025-01-22 02:28:17.388448,0 days 00:00:14.711516,1.5285306971952035,1.5590020369084439,0.4725199630461153,6,1,COMPLETE
3010,49.6,2025-01-22 02:28:13.750117,2025-01-22 02:28:29.266731,0 days 00:00:15.516614,3.614001739832424,1.1283998335452106,0.48519332588314484,5,1,COMPLETE
3011,48.199999999999996,2025-01-22 02:28:17.517578,2025-01-22 02:28:31.940331,0 days 00:00:14.422753,0.7409745960702412,1.0895772492319762,0.7015200528501225,4,1,COMPLETE
3012,49.91,2025-01-22 02:28:29.387129,2025-01-22 02:28:44.406452,0 days 00:00:15.019323,1.2463603122435305,1.2835905815302346,0.227274350633027,4,1,COMPLETE
3013,51.73,2025-01-22 02:28:32.054948,2025-01-22 02:28:45.790288,0 days 00:00:13.735340,1.25656659619877,1.317168417282443,0.5834638587299456,2,1,COMPLETE
3014,51.01,2025-01-22 02:28:44.545890,2025-01-22 02:28:58.327423,0 days 00:00:13.781533,0.8915379777137185,1.8530984777942132,0.5785389666794266,2,1,COMPLETE
3015,52.35999999999999,2025-01-22 02:28:45.911325,2025-01-22 02:29:01.163636,0 days 00:00:15.252311,0.8541551197483382,1.8071543289122343,0.39833214146855644,6,1,COMPLETE
3016,52.33,2025-01-22 02:28:58.453287,2025-01-22 02:29:13.180423,0 days 00:00:14.727136,0.9455955406718974,0.8804820132251099,0.3834241680891047,6,1,COMPLETE
3017,49.86,2025-01-22 02:29:01.272960,2025-01-22 02:29:15.815377,0 days 00:00:14.542417,1.94200309580131,0.09935522417455966,0.3890956899726211,4,1,COMPLETE
3018,50.74999999999999,2025-01-22 02:29:13.300521,2025-01-22 02:29:29.878255,0 days 00:00:16.577734,1.8032000730913367,1.4932739798099783,0.28498608241956574,4,1,COMPLETE
3019,52.59,2025-01-22 02:29:15.951347,2025-01-22 02:29:31.609698,0 days 00:00:15.658351,1.3552922649515038,1.4994612913184924,0.480501033585792,2,1,COMPLETE
3020,52.66,2025-01-22 02:29:30.170729,2025-01-22 02:29:43.845650,0 days 00:00:13.674921,1.3464447425400683,2.474818695044405,0.47225646695106605,2,1,COMPLETE
3021,30.740000000000002,2025-01-22 02:29:32.244976,2025-01-22 02:29:46.341869,0 days 00:00:14.096893,1.1383978894707176,2.503668057155005,2.1759005009732495,2,1,COMPLETE
3022,51.849999999999994,2025-01-22 02:29:43.984271,2025-01-22 02:29:58.193196,0 days 00:00:14.208925,1.1027681036298074,1.0397856972820056,0.32525390626653405,4,1,COMPLETE
3023,51.25999999999999,2025-01-22 02:29:46.552419,2025-01-22 02:30:02.464440,0 days 00:00:15.912021,0.719397149649371,1.097792573521336,0.31225504299681683,7,1,COMPLETE
3024,51.27,2025-01-22 02:29:58.325137,2025-01-22 02:30:14.026827,0 days 00:00:15.701690,0.7482808064010312,1.1748167323264602,0.5418916932542358,6,1,COMPLETE
3025,0.5,2025-01-22 02:30:02.578024,2025-01-22 02:30:17.909184,0 days 00:00:15.331160,0.003045417642565094,1.9981728112582542,0.24539690678232295,4,1,COMPLETE
3026,52.56999999999999,2025-01-22 02:30:14.162639,2025-01-22 02:30:28.875318,0 days 00:00:14.712679,1.0098496346572872,1.6553367381983428,0.4245991902063067,4,1,COMPLETE
3027,50.24999999999999,2025-01-22 02:30:18.174349,2025-01-22 02:30:31.503598,0 days 00:00:13.329249,1.465412322598685,1.621578712994879,0.6746302976938607,2,1,COMPLETE
3028,50.05,2025-01-22 02:30:29.024562,2025-01-22 02:30:42.464583,0 days 00:00:13.440021,1.5342860403302903,0.6818053486068469,0.6740728616591933,2,1,COMPLETE
3029,45.190000000000005,2025-01-22 02:30:31.796407,2025-01-22 02:30:48.551795,0 days 00:00:16.755388,0.5886868614153152,1.326984107244236,0.18026001388630486,10,2,COMPLETE
3030,52.09,2025-01-22 02:30:42.592041,2025-01-22 02:30:58.857241,0 days 00:00:16.265200,1.1757971821507893,1.378108256196853,0.3782517585597164,8,2,COMPLETE
3031,50.5,2025-01-22 02:30:48.666891,2025-01-22 02:31:04.583216,0 days 00:00:15.916325,1.183494874525528,0.02266227536138146,0.38230779579778285,8,2,COMPLETE
3032,52.059999999999995,2025-01-22 02:30:58.977351,2025-01-22 02:31:13.804051,0 days 00:00:14.826700,0.9124406876566582,1.9018496965474254,0.48350704404422024,4,1,COMPLETE
3033,45.68,2025-01-22 02:31:04.933772,2025-01-22 02:31:20.457521,0 days 00:00:15.523749,0.8759061608821915,0.9357444926387072,0.8395110498854075,4,1,COMPLETE
3034,46.71,2025-01-22 02:31:14.032217,2025-01-22 02:31:27.609735,0 days 00:00:13.577518,0.9664179796489091,0.9162464121697842,0.8070395708814573,2,1,COMPLETE
3035,52.07000000000001,2025-01-22 02:31:20.626016,2025-01-22 02:31:34.623461,0 days 00:00:13.997445,1.6487059684423997,2.1860311534180714,0.5530487331528555,2,1,COMPLETE
3036,51.32,2025-01-22 02:31:27.763922,2025-01-22 02:31:43.468430,0 days 00:00:15.704508,1.6105839670630406,1.161780848204445,0.5564738409037588,6,1,COMPLETE
3037,52.28,2025-01-22 02:31:34.756908,2025-01-22 02:31:49.930757,0 days 00:00:15.173849,1.3140727533682175,1.271074110615188,0.44267046397975524,6,1,COMPLETE
3038,44.89,2025-01-22 02:31:43.590269,2025-01-22 02:31:58.902508,0 days 00:00:15.312239,1.2967088721438158,1.7122578227917582,0.13537413087337669,6,1,COMPLETE
3039,0.5,2025-01-22 02:31:50.217387,2025-01-22 02:32:18.158015,0 days 00:00:27.940628,0.041891150340048845,1.6747645535186553,0.3347406643249092,33,3,COMPLETE
3040,51.51,2025-01-22 02:31:59.032722,2025-01-22 02:32:11.974964,0 days 00:00:12.942242,2.0576537857196926,1.4761261218532653,0.3570332718072022,2,1,COMPLETE
3041,52.16,2025-01-22 02:32:12.093478,2025-01-22 02:32:26.606800,0 days 00:00:14.513322,1.116167499014539,0.7768210758140697,0.439052624809974,4,1,COMPLETE
3042,52.339999999999996,2025-01-22 02:32:18.298381,2025-01-22 02:32:32.860702,0 days 00:00:14.562321,1.026275905212189,2.0799409260976547,0.441514421929401,4,1,COMPLETE
3043,52.23,2025-01-22 02:32:26.749089,2025-01-22 02:32:42.023449,0 days 00:00:15.274360,1.0404682213721874,2.0426864476855497,0.47580183441542706,4,1,COMPLETE
3044,52.25,2025-01-22 02:32:33.080936,2025-01-22 02:32:46.617898,0 days 00:00:13.536962,0.815582074902703,1.0396629898861123,0.5082665930803405,2,1,COMPLETE
3045,51.349999999999994,2025-01-22 02:32:42.144483,2025-01-22 02:32:56.256406,0 days 00:00:14.111923,1.3809191804499161,1.1162549601773708,0.28928226326791046,2,1,COMPLETE
3046,51.349999999999994,2025-01-22 02:32:46.752198,2025-01-22 02:32:59.965215,0 days 00:00:13.213017,1.3628729505392279,1.3579034811964934,0.28290862707321085,2,1,COMPLETE
3047,52.42,2025-01-22 02:32:56.383822,2025-01-22 02:33:11.032226,0 days 00:00:14.648404,1.16633169822832,1.4017956608275155,0.4024056346027266,4,1,COMPLETE
3048,1.79,2025-01-22 02:33:00.078696,2025-01-22 02:33:15.357193,0 days 00:00:15.278497,0.058404962290996995,1.5399786293580446,0.40249023547960244,5,1,COMPLETE
3049,49.02,2025-01-22 02:33:11.150518,2025-01-22 02:33:26.377775,0 days 00:00:15.227257,0.6484403554483832,2.6058350277247975,0.6058588599613515,6,1,COMPLETE
3050,49.84,2025-01-22 02:33:15.487161,2025-01-22 02:33:30.509958,0 days 00:00:15.022797,0.6872924258506105,2.3492044534141217,0.5870679973492371,6,1,COMPLETE
3051,51.73,2025-01-22 02:33:26.498365,2025-01-22 02:33:39.904779,0 days 00:00:13.406414,0.85340348222444,0.8738037942747607,0.541639423446369,2,1,COMPLETE
3052,52.5,2025-01-22 02:33:30.652458,2025-01-22 02:33:44.239803,0 days 00:00:13.587345,0.9532910279947283,0.8493630460924237,0.3615505897759176,2,1,COMPLETE
3053,52.33,2025-01-22 02:33:40.020631,2025-01-22 02:33:54.544776,0 days 00:00:14.524145,1.0017945280994018,1.785968349382581,0.35843739605120006,4,1,COMPLETE
3054,51.54,2025-01-22 02:33:44.356431,2025-01-22 02:33:58.781718,0 days 00:00:14.425287,1.6660544391597287,1.7840624722037013,0.3203707402200382,4,1,COMPLETE
3055,50.74999999999999,2025-01-22 02:33:54.745236,2025-01-22 02:34:11.540038,0 days 00:00:16.794802,1.7210972053717775,0.28328984866137835,0.4700489423032045,10,2,COMPLETE
3056,51.54,2025-01-22 02:33:58.918771,2025-01-22 02:34:15.002604,0 days 00:00:16.083833,1.9821334733342177,1.2075753385782235,0.48012409563855235,8,1,COMPLETE
3057,50.39,2025-01-22 02:34:11.670997,2025-01-22 02:34:28.062541,0 days 00:00:16.391544,1.2167864472552066,1.2052959799260683,0.248320550031842,8,1,COMPLETE
3058,50.68,2025-01-22 02:34:15.117406,2025-01-22 02:34:28.852889,0 days 00:00:13.735483,1.1939236324863332,1.3416833405972577,0.24634641476229466,2,1,COMPLETE
3059,52.800000000000004,2025-01-22 02:34:28.195330,2025-01-22 02:34:41.549168,0 days 00:00:13.353838,1.4592319865911727,1.5474009268420086,0.4199710099804088,2,1,COMPLETE
3060,52.31,2025-01-22 02:34:28.979595,2025-01-22 02:34:43.590235,0 days 00:00:14.610640,1.4601148477863413,1.5639335195203248,0.419332172982544,4,1,COMPLETE
3061,49.13,2025-01-22 02:34:41.701454,2025-01-22 02:34:56.106269,0 days 00:00:14.404815,0.7907127940078904,1.0226413053120043,0.6630966236598502,4,1,COMPLETE
3062,49.85,2025-01-22 02:34:43.994325,2025-01-22 02:35:27.379601,0 days 00:00:43.385276,0.7639494613944536,1.961478633302506,0.6428933145664318,67,3,COMPLETE
3063,51.959999999999994,2025-01-22 02:34:56.240184,2025-01-22 02:35:11.746718,0 days 00:00:15.506534,1.0959637129098323,0.5767659133286179,0.5207525911435799,6,1,COMPLETE
3064,33.92,2025-01-22 02:35:11.855356,2025-01-22 02:35:24.795710,0 days 00:00:12.940354,0.9427123022211162,0.0011131981463094011,0.06036328140435827,2,1,COMPLETE
3065,52.1,2025-01-22 02:35:24.899853,2025-01-22 02:35:39.528377,0 days 00:00:14.628524,1.2419260970690018,1.9593499356332147,0.3326465664154571,4,1,COMPLETE
3066,51.81,2025-01-22 02:35:27.498939,2025-01-22 02:35:41.811484,0 days 00:00:14.312545,1.2642406445928398,1.3079619331748669,0.3259982922247646,4,1,COMPLETE
3067,52.83,2025-01-22 02:35:39.657174,2025-01-22 02:35:52.811206,0 days 00:00:13.154032,1.0612878820841807,1.2750909886634723,0.39227440455573853,2,1,COMPLETE
3068,50.38,2025-01-22 02:35:42.097998,2025-01-22 02:35:55.572417,0 days 00:00:13.474419,0.5354909048500613,0.01300147814743828,0.41525893512413714,2,1,COMPLETE
3069,51.71,2025-01-22 02:35:52.952248,2025-01-22 02:36:08.574581,0 days 00:00:15.622333,0.9015506392153286,2.3946968320452346,0.4944125613204862,7,1,COMPLETE
3070,51.790000000000006,2025-01-22 02:35:55.707106,2025-01-22 02:36:10.542306,0 days 00:00:14.835200,0.8683208398544411,1.007139654981878,0.5240498940527155,6,1,COMPLETE
3071,45.81,2025-01-22 02:36:08.677886,2025-01-22 02:36:23.757312,0 days 00:00:15.079426,0.1781978398947463,1.045696551999669,0.5487367361772066,5,1,COMPLETE
3072,51.42,2025-01-22 02:36:10.978849,2025-01-22 02:36:25.969485,0 days 00:00:14.990636,1.4999968584566785,0.6890562509044864,0.3646433430653704,4,1,COMPLETE
3073,50.39,2025-01-22 02:36:23.882008,2025-01-22 02:37:16.319881,0 days 00:00:52.437873,1.4245965345705143,1.655189214176418,0.37155905038887393,92,47,COMPLETE
3074,51.7,2025-01-22 02:36:26.236639,2025-01-22 02:37:24.527333,0 days 00:00:58.290694,1.8685211953028265,1.5793312849928676,0.45034239340374066,93,4,COMPLETE
3075,52.07000000000001,2025-01-22 02:37:16.445422,2025-01-22 02:37:30.016567,0 days 00:00:13.571145,1.9184276532648286,1.4548204992764624,0.46884040323452486,2,1,COMPLETE
3076,51.22,2025-01-22 02:37:24.630507,2025-01-22 02:37:38.222956,0 days 00:00:13.592449,1.1079197280259394,2.8225538874158422,0.29212828906073335,2,1,COMPLETE
3077,50.81,2025-01-22 02:37:30.144237,2025-01-22 02:38:00.843202,0 days 00:00:30.698965,1.064292389088697,2.9162857757641243,0.29188177495620216,44,3,COMPLETE
3078,50.67,2025-01-22 02:37:38.337116,2025-01-22 02:37:53.121245,0 days 00:00:14.784129,1.0460725273672191,2.0636508307078536,0.6069000886018292,4,1,COMPLETE
3079,52.32,2025-01-22 02:37:53.252610,2025-01-22 02:38:08.308560,0 days 00:00:15.055950,1.2727722725014792,1.1575372787568456,0.4224265856520966,6,1,COMPLETE
3080,48.27,2025-01-22 02:38:01.184058,2025-01-22 02:38:16.985653,0 days 00:00:15.801595,1.3471792653817067,1.1782721926412798,0.7543771907184859,6,1,COMPLETE
3081,46.64,2025-01-22 02:38:08.423831,2025-01-22 02:38:26.661280,0 days 00:00:18.237449,0.7857318608397497,0.006340545447742352,0.7438715518172835,2,1,COMPLETE
3082,51.85999999999999,2025-01-22 02:38:17.161488,2025-01-22 02:38:32.315900,0 days 00:00:15.154412,0.728632784274635,1.7403484395535376,0.5018629437028136,2,1,COMPLETE
3083,23.78,2025-01-22 02:38:26.779930,2025-01-22 02:38:41.540377,0 days 00:00:14.760447,1.684962518159851,1.7477023002688605,0.003784439210617807,4,1,COMPLETE
3084,52.1,2025-01-22 02:38:32.509733,2025-01-22 02:38:47.131473,0 days 00:00:14.621740,0.9226608411069155,0.9130876294148894,0.35225797456050256,4,1,COMPLETE
3085,52.11,2025-01-22 02:38:42.056935,2025-01-22 02:38:56.482772,0 days 00:00:14.425837,0.9557871986851391,0.9095377060630155,0.34784172172995614,4,1,COMPLETE
3086,52.839999999999996,2025-01-22 02:38:47.260600,2025-01-22 02:39:00.701932,0 days 00:00:13.441332,1.1624962332238693,2.2543588048411785,0.41351799100259,2,1,COMPLETE
3087,53.06999999999999,2025-01-22 02:38:56.688025,2025-01-22 02:39:09.961848,0 days 00:00:13.273823,1.1574067168790856,1.3772723542905936,0.4357637208555808,2,1,COMPLETE
3088,32.11,2025-01-22 02:39:00.844371,2025-01-22 02:39:16.507040,0 days 00:00:15.662669,1.5532234753927145,1.4003007539240375,0.035378472721777014,7,1,COMPLETE
3089,51.300000000000004,2025-01-22 02:39:10.096368,2025-01-22 02:39:26.169173,0 days 00:00:16.072805,0.794234548785537,1.9461882671648516,0.5368789236499897,8,2,COMPLETE
3090,49.87,2025-01-22 02:39:16.858351,2025-01-22 02:39:33.906921,0 days 00:00:17.048570,0.611030092422324,1.929769684736824,0.5682433864575949,10,2,COMPLETE
