number,value,datetime_start,datetime_complete,duration,params_gamma_1,params_gamma_2,params_lambda,params_n_clusters,params_n_neighbors,state
269,52.26,2025-01-21 17:59:54.551215,2025-01-21 18:00:12.328474,0 days 00:00:17.777259,1.2609979156863902,2.486754359993296,0.4320005823020482,15,8,COMPLETE
270,51.76,2025-01-21 18:00:12.408913,2025-01-21 18:00:32.914244,0 days 00:00:20.505331,1.104821749723532,2.3920893469060402,0.5599138084243741,23,7,COMPLETE
271,51.449999999999996,2025-01-21 18:00:32.991445,2025-01-21 18:00:52.763403,0 days 00:00:19.771958,1.3470072749088298,2.1967116153170947,0.3285607488054701,21,11,COMPLETE
272,52.6,2025-01-21 18:00:52.852484,2025-01-21 18:01:14.154099,0 days 00:00:21.301615,1.1042890741437048,1.8990387824641322,0.46868597394954875,24,7,COMPLETE
273,50.49,2025-01-21 18:01:14.218217,2025-01-21 18:01:33.423720,0 days 00:00:19.205503,1.6290664613368493,2.1416742239736104,0.675133138747026,18,8,COMPLETE
274,52.14,2025-01-21 18:01:33.501618,2025-01-21 18:01:54.279880,0 days 00:00:20.778262,1.1259532573635327,2.6865680824677045,0.5057103414348256,24,7,COMPLETE
275,52.2,2025-01-21 18:01:54.368473,2025-01-21 18:02:13.574586,0 days 00:00:19.206113,1.257147858856086,1.8005502930620945,0.48362739545713646,20,9,COMPLETE
276,50.91,2025-01-21 18:02:13.630714,2025-01-21 18:02:33.703665,0 days 00:00:20.072951,1.0070368907183729,1.61478300233418,0.6042508708112866,22,7,COMPLETE
277,52.03,2025-01-21 18:02:33.766748,2025-01-21 18:02:54.616937,0 days 00:00:20.850189,1.458408946444903,1.151817573808248,0.416256915803135,24,7,COMPLETE
278,52.2,2025-01-21 18:02:54.684029,2025-01-21 18:03:13.896772,0 days 00:00:19.212743,1.017821374762812,2.0521855038393184,0.3567625236719591,19,8,COMPLETE
279,23.78,2025-01-21 18:03:13.980931,2025-01-21 18:03:34.112273,0 days 00:00:20.131342,1.1417386604618682,1.5446685903294364,0.0033259785511816123,22,9,COMPLETE
280,52.459999999999994,2025-01-21 18:03:34.175429,2025-01-21 18:03:55.853845,0 days 00:00:21.678416,0.9743482826349256,1.2719235799090554,0.44930150958748505,25,7,COMPLETE
281,47.23,2025-01-21 18:03:55.927170,2025-01-21 18:04:18.801806,0 days 00:00:22.874636,0.5785731552090124,1.143692895427124,0.7670164025850112,27,7,COMPLETE
282,51.449999999999996,2025-01-21 18:04:18.880648,2025-01-21 18:04:40.362307,0 days 00:00:21.481659,0.9586565100313498,1.3543583486229844,0.2930691695624543,25,7,COMPLETE
283,51.580000000000005,2025-01-21 18:04:40.436460,2025-01-21 18:05:03.450127,0 days 00:00:23.013667,0.7173837904081001,1.560794700001393,0.5437250303061567,28,10,COMPLETE
284,52.580000000000005,2025-01-21 18:05:03.520247,2025-01-21 18:05:24.174436,0 days 00:00:20.654189,0.8651200804394412,1.1897558640826718,0.46180907916283453,24,7,COMPLETE
285,46.73,2025-01-21 18:05:24.260372,2025-01-21 18:06:00.972196,0 days 00:00:36.711824,0.2071061355118295,1.0504820738434937,0.3473316330884108,60,12,COMPLETE
286,52.51,2025-01-21 18:06:01.039913,2025-01-21 18:06:21.665802,0 days 00:00:20.625889,0.7859270976270704,1.189988151205541,0.4402774878385154,23,7,COMPLETE
287,51.77,2025-01-21 18:06:21.781177,2025-01-21 18:06:42.278071,0 days 00:00:20.496894,0.5230896273535935,1.1548993124389628,0.4466303000635138,23,7,COMPLETE
288,50.62,2025-01-21 18:06:42.367571,2025-01-21 18:07:02.388350,0 days 00:00:20.020779,0.7644670809468185,1.0105006337129692,0.61744347060947,21,7,COMPLETE
289,52.17,2025-01-21 18:07:02.470469,2025-01-21 18:07:23.486461,0 days 00:00:21.015992,0.6530637168965653,1.2783781222298003,0.4104495124425054,24,7,COMPLETE
290,52.400000000000006,2025-01-21 18:07:23.568415,2025-01-21 18:07:42.558474,0 days 00:00:18.990059,0.745204869244165,0.9554088774282818,0.48253801660681855,18,8,COMPLETE
291,51.81,2025-01-21 18:07:42.643737,2025-01-21 18:08:02.692348,0 days 00:00:20.048611,1.1598614736277024,1.8262670294428751,0.5657963961479039,22,7,COMPLETE
292,0.52,2025-01-21 18:08:02.770570,2025-01-21 18:08:25.317525,0 days 00:00:22.546955,0.004509599694958611,1.2400855131626487,0.2985130623563996,25,7,COMPLETE
293,52.35999999999999,2025-01-21 18:08:25.396401,2025-01-21 18:08:49.059882,0 days 00:00:23.663481,0.903082706813987,1.3019923924802017,0.38512553003270933,29,9,COMPLETE
294,51.72,2025-01-21 18:08:49.120293,2025-01-21 18:09:09.795264,0 days 00:00:20.674971,0.6001944961926146,1.9281730609164025,0.46309101758447796,23,8,COMPLETE
295,51.800000000000004,2025-01-21 18:09:09.864439,2025-01-21 18:09:32.699720,0 days 00:00:22.835281,1.060863655992437,1.0296100886428794,0.33120412837261115,27,7,COMPLETE
296,51.6,2025-01-21 18:09:32.782504,2025-01-21 18:09:50.374888,0 days 00:00:17.592384,0.8177526861220796,1.413935054080486,0.5385044273001997,15,8,COMPLETE
297,50.68,2025-01-21 18:09:50.447697,2025-01-21 18:10:10.511094,0 days 00:00:20.063397,0.4335479289127629,1.7414189513640856,0.40642222956520224,21,9,COMPLETE
298,52.49,2025-01-21 18:10:10.579371,2025-01-21 18:10:32.248638,0 days 00:00:21.669267,0.967711679103257,2.1865365212420222,0.4668624115935231,25,7,COMPLETE
299,48.39,2025-01-21 18:10:32.342103,2025-01-21 18:10:51.439270,0 days 00:00:19.097167,1.7509200894882693,0.16264892751904325,0.7692700988856611,18,8,COMPLETE
300,50.739999999999995,2025-01-21 18:10:51.517912,2025-01-21 18:11:12.327645,0 days 00:00:20.809733,1.2593802452568692,2.299054840024838,0.6311806779607056,24,7,COMPLETE
301,52.2,2025-01-21 18:11:12.395455,2025-01-21 18:11:32.161382,0 days 00:00:19.765927,1.0032623355245238,2.155820312656454,0.5002002477347587,20,8,COMPLETE
302,52.01,2025-01-21 18:11:32.242932,2025-01-21 18:11:52.424400,0 days 00:00:20.181468,0.7022036667367061,1.8393893423114456,0.47201184967499427,22,9,COMPLETE
303,0.5,2025-01-21 18:11:52.502919,2025-01-21 18:12:14.458772,0 days 00:00:21.955853,0.044317177057154836,1.5746986724032426,0.37073665239175957,25,7,COMPLETE
304,0.5,2025-01-21 18:12:14.533889,2025-01-21 18:12:39.862647,0 days 00:00:25.328758,0.021948979991262173,2.398873736282781,0.26872154914788826,23,9,COMPLETE
305,50.57000000000001,2025-01-21 18:12:40.348050,2025-01-21 18:13:15.689043,0 days 00:00:35.340993,1.1830290551693554,1.0789550119944458,0.6721720197778654,28,7,COMPLETE
306,0.5,2025-01-21 18:13:15.760881,2025-01-21 18:13:53.754986,0 days 00:00:37.994105,0.07476767633201954,1.9780914149725082,0.44959118782856916,63,12,COMPLETE
307,51.61,2025-01-21 18:13:53.814497,2025-01-21 18:14:11.374849,0 days 00:00:17.560352,0.9550692244188634,0.9029602556862183,0.5812139584570906,13,8,COMPLETE
308,51.6,2025-01-21 18:14:11.447281,2025-01-21 18:14:30.739041,0 days 00:00:19.291760,1.5546626315698082,1.5459601138724723,0.32335615654716837,20,8,COMPLETE
309,52.370000000000005,2025-01-21 18:14:30.805145,2025-01-21 18:14:49.250570,0 days 00:00:18.445425,0.7982277542966703,1.1975943374021139,0.3941989350442519,17,8,COMPLETE
310,51.5,2025-01-21 18:14:49.346051,2025-01-21 18:15:11.962921,0 days 00:00:22.616870,1.3415542083150567,3.2081999259894647,0.5488915871328872,26,9,COMPLETE
311,52.56999999999999,2025-01-21 18:15:12.036624,2025-01-21 18:15:32.228416,0 days 00:00:20.191792,1.0697616460828638,1.367406764269876,0.45908540360712746,22,7,COMPLETE
312,52.03,2025-01-21 18:15:32.308536,2025-01-21 18:15:52.147875,0 days 00:00:19.839339,1.1181169895264016,1.759691819542553,0.5171532902132921,21,7,COMPLETE
313,52.059999999999995,2025-01-21 18:15:52.208887,2025-01-21 18:16:11.124605,0 days 00:00:18.915718,1.0311646527702742,1.2533718786322448,0.34536343989531704,19,7,COMPLETE
314,51.7,2025-01-21 18:16:11.187028,2025-01-21 18:16:31.473276,0 days 00:00:20.286248,1.9007331863860835,2.105577799525746,0.4105174576349034,22,7,COMPLETE
315,23.31,2025-01-21 18:16:31.566832,2025-01-21 18:16:53.004661,0 days 00:00:21.437829,1.3761523411746446,1.6245817256205055,0.0010909207531103525,25,7,COMPLETE
316,48.74,2025-01-21 18:16:53.082876,2025-01-21 18:17:13.662477,0 days 00:00:20.579601,0.6726778074007036,0.8771749044106633,0.22178868074440533,23,8,COMPLETE
317,51.239999999999995,2025-01-21 18:17:13.729717,2025-01-21 18:17:32.300741,0 days 00:00:18.571024,0.9357282757716447,2.6978398812195006,0.3031528383962582,17,8,COMPLETE
318,51.580000000000005,2025-01-21 18:17:32.364106,2025-01-21 18:17:55.605024,0 days 00:00:23.240918,0.5381806994181138,1.0943252648916113,0.4737980414534927,29,7,COMPLETE
319,50.160000000000004,2025-01-21 18:17:55.680261,2025-01-21 18:18:18.701863,0 days 00:00:23.021602,1.1547415016037266,1.4101639553079164,0.6955154863645578,27,7,COMPLETE
320,50.05,2025-01-21 18:18:18.767275,2025-01-21 18:18:38.286218,0 days 00:00:19.518943,1.4665421799892033,0.1106681790479417,0.3924755580470609,20,8,COMPLETE
321,51.25999999999999,2025-01-21 18:18:38.369755,2025-01-21 18:18:58.290985,0 days 00:00:19.921230,0.775107456631491,1.7859036859855622,0.5751134183329086,22,8,COMPLETE
322,52.059999999999995,2025-01-21 18:18:58.359650,2025-01-21 18:19:20.021565,0 days 00:00:21.661915,0.95135340711902,1.17572212345404,0.3543640798135368,25,9,COMPLETE
323,47.010000000000005,2025-01-21 18:19:20.107096,2025-01-21 18:19:40.489908,0 days 00:00:20.382812,1.1891977322390204,2.1718293445812367,0.8975383685128653,23,8,COMPLETE
324,52.1,2025-01-21 18:19:40.588787,2025-01-21 18:20:00.134537,0 days 00:00:19.545750,0.6550523218149277,1.3945280418953812,0.4539005734075461,20,8,COMPLETE
325,42.04,2025-01-21 18:20:00.214168,2025-01-21 18:20:23.324854,0 days 00:00:23.110686,0.1315490931153437,1.5960246606608306,0.5124306851744065,27,7,COMPLETE
326,51.160000000000004,2025-01-21 18:20:23.419641,2025-01-21 18:20:39.775734,0 days 00:00:16.356093,0.9148667657054905,0.9351034285417784,0.29059229332941705,10,8,COMPLETE
327,50.839999999999996,2025-01-21 18:20:39.843102,2025-01-21 18:20:58.196926,0 days 00:00:18.353824,1.0726767828099748,1.895765250261259,0.6255602840140978,16,8,COMPLETE
328,51.89,2025-01-21 18:20:58.285837,2025-01-21 18:21:19.260120,0 days 00:00:20.974283,1.7354561003394358,2.5288295007346733,0.3994849500198465,25,7,COMPLETE
329,52.53,2025-01-21 18:21:19.346946,2025-01-21 18:21:37.920660,0 days 00:00:18.573714,0.7117441559048967,1.2480354304068664,0.44780829417423723,18,8,COMPLETE
330,50.62,2025-01-21 18:21:38.006717,2025-01-21 18:21:56.601224,0 days 00:00:18.594507,0.4769665743631663,1.069338764430267,0.5367589429089819,18,8,COMPLETE
331,51.739999999999995,2025-01-21 18:21:56.691140,2025-01-21 18:22:37.432326,0 days 00:00:40.741186,0.5932316913710137,0.8326029128540569,0.3526899888620922,71,11,COMPLETE
332,52.349999999999994,2025-01-21 18:22:37.506132,2025-01-21 18:22:56.206474,0 days 00:00:18.700342,0.7408523920888117,1.2577429242986211,0.46371538967276626,19,7,COMPLETE
333,51.2,2025-01-21 18:22:56.296840,2025-01-21 18:23:13.663130,0 days 00:00:17.366290,1.3142613846352054,1.2127029361081991,0.5980643212885082,15,8,COMPLETE
334,50.29,2025-01-21 18:23:13.729170,2025-01-21 18:23:36.439829,0 days 00:00:22.710659,0.9209602926624002,1.5296567590825272,0.2400352807659653,29,6,COMPLETE
335,52.239999999999995,2025-01-21 18:23:36.513455,2025-01-21 18:23:55.821160,0 days 00:00:19.307705,1.0837818451089896,1.01071154894374,0.4688806921478869,21,9,COMPLETE
336,51.790000000000006,2025-01-21 18:23:55.910245,2025-01-21 18:24:16.329519,0 days 00:00:20.419274,1.5256367459060654,1.8228023960974038,0.3452332946750501,24,9,COMPLETE
337,51.92,2025-01-21 18:24:16.410524,2025-01-21 18:24:38.413327,0 days 00:00:22.002803,0.6770286556639243,2.2523653228415514,0.40411678443881377,26,7,COMPLETE
338,48.64,2025-01-21 18:24:38.485420,2025-01-21 18:24:58.526985,0 days 00:00:20.041565,0.8076697068911298,1.3479535328699828,0.7515740418016996,23,7,COMPLETE
339,51.970000000000006,2025-01-21 18:24:58.625368,2025-01-21 18:25:17.139850,0 days 00:00:18.514482,1.2820124388329257,3.050917223002945,0.5146760673817545,18,8,COMPLETE
340,51.51,2025-01-21 18:25:17.230481,2025-01-21 18:25:36.715426,0 days 00:00:19.484945,0.988315522090709,1.6202200335285761,0.3056114037022653,21,9,COMPLETE
341,51.99,2025-01-21 18:25:36.795665,2025-01-21 18:25:58.908946,0 days 00:00:22.113281,0.5364429895853886,1.104232069032589,0.4370555796867926,27,6,COMPLETE
342,50.63999999999999,2025-01-21 18:25:58.986005,2025-01-21 18:26:19.338605,0 days 00:00:20.352600,0.3761852304781633,0.8113360630453502,0.3601820749748492,24,7,COMPLETE
343,49.97,2025-01-21 18:26:19.415451,2025-01-21 18:26:38.116124,0 days 00:00:18.700673,0.853823700019716,0.0039028638553826518,0.6496353641812992,19,8,COMPLETE
344,28.15,2025-01-21 18:26:38.204594,2025-01-21 18:27:01.470675,0 days 00:00:23.266081,1.1543288806745482,2.0365268813756967,0.025378933347497603,30,16,COMPLETE
345,52.129999999999995,2025-01-21 18:27:01.544312,2025-01-21 18:27:21.325800,0 days 00:00:19.781488,0.6952779368175313,1.3582863434538757,0.48864555429629397,22,9,COMPLETE
346,51.349999999999994,2025-01-21 18:27:21.401977,2025-01-21 18:27:43.601157,0 days 00:00:22.199180,1.0243157168715449,1.7250521939746029,0.2746894706869628,26,7,COMPLETE
347,0.5,2025-01-21 18:27:43.671493,2025-01-21 18:28:02.261728,0 days 00:00:18.590235,0.010451543000638337,0.9630445902768243,0.3923444122364648,16,8,COMPLETE
348,51.790000000000006,2025-01-21 18:28:02.325333,2025-01-21 18:28:22.221342,0 days 00:00:19.896009,0.8394797135329607,1.261752390433118,0.5508083102119943,23,9,COMPLETE
349,52.42,2025-01-21 18:28:22.295729,2025-01-21 18:28:41.238977,0 days 00:00:18.943248,1.534444881084457,2.4595556456268604,0.4430223490742095,20,8,COMPLETE
350,51.11,2025-01-21 18:28:41.312945,2025-01-21 18:29:02.391554,0 days 00:00:21.078609,0.6048951845759437,1.6159356916896102,0.32456199138988695,25,10,COMPLETE
351,51.57000000000001,2025-01-21 18:29:02.468865,2025-01-21 18:29:25.033709,0 days 00:00:22.564844,1.2681388578492157,1.1857035293070586,0.5643641224192355,28,6,COMPLETE
352,52.33,2025-01-21 18:29:25.111055,2025-01-21 18:29:44.539277,0 days 00:00:19.428222,0.7533997913813172,2.0725394231029277,0.39646786227410025,21,8,COMPLETE
353,52.55,2025-01-21 18:29:44.617151,2025-01-21 18:30:04.847568,0 days 00:00:20.230417,0.9502583469062407,1.5495988708005635,0.47036189491006675,24,7,COMPLETE
354,51.370000000000005,2025-01-21 18:30:04.917343,2025-01-21 18:30:25.828611,0 days 00:00:20.911268,1.8960708917753302,1.5604364803117599,0.5141658729504437,25,7,COMPLETE
355,50.13999999999999,2025-01-21 18:30:25.902129,2025-01-21 18:30:48.436553,0 days 00:00:22.534424,1.0643889142914464,2.0258416074934753,0.6947638316681379,28,6,COMPLETE
356,32.690000000000005,2025-01-21 18:30:48.508999,2025-01-21 18:31:09.039255,0 days 00:00:20.530256,1.3344701475194296,1.4385879990285848,2.3673886949080667,23,14,COMPLETE
357,30.099999999999998,2025-01-21 18:31:09.123027,2025-01-21 18:31:27.575880,0 days 00:00:18.452853,0.9594105185953896,2.687405374408045,0.045012057158026746,18,7,COMPLETE
358,52.31,2025-01-21 18:31:27.644067,2025-01-21 18:31:49.443870,0 days 00:00:21.799803,1.1442391788341502,1.8103414885113194,0.36088769702194845,26,6,COMPLETE
359,50.1,2025-01-21 18:31:49.517171,2025-01-21 18:32:08.863989,0 days 00:00:19.346818,0.9151121864194767,3.7725396463251326,0.6121703150008645,21,7,COMPLETE
360,51.870000000000005,2025-01-21 18:32:08.943595,2025-01-21 18:32:32.654154,0 days 00:00:23.710559,0.6959631812457469,1.4809617196357172,0.4163111820659443,30,18,COMPLETE
361,52.2,2025-01-21 18:32:32.730305,2025-01-21 18:32:52.906568,0 days 00:00:20.176263,1.5901983588684006,2.268802189999503,0.476974832075296,24,7,COMPLETE
362,51.92,2025-01-21 18:32:52.987286,2025-01-21 18:33:11.907647,0 days 00:00:18.920361,1.2100925129627098,1.0731694606954307,0.3230301691330846,19,8,COMPLETE
363,49.95,2025-01-21 18:33:11.971863,2025-01-21 18:33:31.793457,0 days 00:00:19.821594,0.7910601349540751,1.766480958846771,0.25761330639515256,22,7,COMPLETE
364,44.940000000000005,2025-01-21 18:33:31.883727,2025-01-21 18:33:54.298497,0 days 00:00:22.414770,0.16347715781366617,1.4186277151156317,0.528919109641452,27,6,COMPLETE
365,52.25,2025-01-21 18:33:54.386520,2025-01-21 18:34:14.722536,0 days 00:00:20.336016,0.9988270461224206,0.9497053994218037,0.39320530326760067,24,7,COMPLETE
366,51.61,2025-01-21 18:34:14.787566,2025-01-21 18:34:33.345738,0 days 00:00:18.558172,0.609303006636153,1.8573067855724066,0.4521937977222147,17,8,COMPLETE
367,51.06,2025-01-21 18:34:33.416580,2025-01-21 18:34:52.753979,0 days 00:00:19.337399,1.3945110757868346,1.3221671286041137,0.6145765829720878,21,8,COMPLETE
368,47.449999999999996,2025-01-21 18:34:52.833669,2025-01-21 18:35:09.986214,0 days 00:00:17.152545,0.8580833898146001,1.1225270269543361,0.797661359400187,14,8,COMPLETE
369,50.239999999999995,2025-01-21 18:35:10.064697,2025-01-21 18:35:31.306888,0 days 00:00:21.242191,0.4837760232534228,1.6530110450452171,0.32989338185901906,25,7,COMPLETE
370,52.09,2025-01-21 18:35:31.386050,2025-01-21 18:35:53.948414,0 days 00:00:22.562364,1.12806197033865,2.25878980171641,0.4985195845996876,27,6,COMPLETE
371,51.06,2025-01-21 18:35:54.014853,2025-01-21 18:36:13.036579,0 days 00:00:19.021726,0.7116795704150277,2.872254481717898,0.3745218483874498,20,8,COMPLETE
372,52.559999999999995,2025-01-21 18:36:13.110465,2025-01-21 18:36:33.004714,0 days 00:00:19.894249,0.9635449302869953,1.2539664958088175,0.43917682162021837,23,7,COMPLETE
373,50.13999999999999,2025-01-21 18:36:33.083303,2025-01-21 18:36:53.055456,0 days 00:00:19.972153,2.163253033116319,0.7986861260797239,0.28582699506915943,22,9,COMPLETE
374,51.88,2025-01-21 18:36:53.129108,2025-01-21 18:37:12.167416,0 days 00:00:19.038308,0.8716948563925138,1.5414354687624638,0.5497836896952483,19,8,COMPLETE
375,52.2,2025-01-21 18:37:12.245583,2025-01-21 18:37:32.679648,0 days 00:00:20.434065,1.2676319585491231,1.8252378873214319,0.37643336708621983,23,7,COMPLETE
376,35.949999999999996,2025-01-21 18:37:32.745705,2025-01-21 18:37:50.939407,0 days 00:00:18.193702,1.6349453622429437,1.0272861053796716,1.8044534886879544,16,8,COMPLETE
377,52.07000000000001,2025-01-21 18:37:51.017510,2025-01-21 18:38:10.345499,0 days 00:00:19.327989,0.6310358687942078,1.375756798405022,0.4550464394523987,21,7,COMPLETE
378,51.67,2025-01-21 18:38:10.405744,2025-01-21 18:38:30.592637,0 days 00:00:20.186893,1.0093267347021493,1.9862202740996218,0.3262992332790533,24,9,COMPLETE
379,30.39,2025-01-21 18:38:30.667310,2025-01-21 18:38:54.552364,0 days 00:00:23.885054,0.7519880119990773,1.221449974741203,2.8000878750029288,29,10,COMPLETE
380,38.35,2025-01-21 18:38:54.614439,2025-01-21 18:39:14.310096,0 days 00:00:19.695657,1.128370609421306,2.46393161348273,0.08189397567782715,22,8,COMPLETE
381,50.93,2025-01-21 18:39:14.385613,2025-01-21 18:39:33.253903,0 days 00:00:18.868290,1.3851877680761644,1.56454484993053,0.6157612849951626,19,8,COMPLETE
382,51.349999999999994,2025-01-21 18:39:33.323995,2025-01-21 18:39:55.379798,0 days 00:00:22.055803,0.8504046557366514,3.379009445583604,0.40697208683499814,26,6,COMPLETE
383,51.370000000000005,2025-01-21 18:39:55.456512,2025-01-21 18:40:28.084153,0 days 00:00:32.627641,0.5358559456976736,1.353076411559541,0.5031414542176372,53,11,COMPLETE
384,27.839999999999996,2025-01-21 18:40:28.154935,2025-01-21 18:40:48.349752,0 days 00:00:20.194817,0.9800435136798272,0.9716057326724081,0.019953734404007915,23,7,COMPLETE
385,48.699999999999996,2025-01-21 18:40:48.439806,2025-01-21 18:41:09.448303,0 days 00:00:21.008497,0.7363239607313443,2.079840238306554,0.7008231629402907,25,9,COMPLETE
386,52.39,2025-01-21 18:41:09.525927,2025-01-21 18:41:25.818213,0 days 00:00:16.292286,1.2007937927177064,1.1179502405916186,0.4194824802955555,11,8,COMPLETE
387,51.65,2025-01-21 18:41:25.882946,2025-01-21 18:41:44.797179,0 days 00:00:18.914233,1.7760702122686045,1.6881146822210336,0.36730042481987624,18,8,COMPLETE
388,46.0,2025-01-21 18:41:44.871417,2025-01-21 18:42:06.279501,0 days 00:00:21.408084,0.26801445730478557,1.3523708169507396,0.2972935744669041,21,7,COMPLETE
389,51.629999999999995,2025-01-21 18:42:06.363907,2025-01-21 18:42:29.056890,0 days 00:00:22.692983,0.9300253561109295,2.5256306637891663,0.5362388106266361,27,6,COMPLETE
390,24.69,2025-01-21 18:42:29.145197,2025-01-21 18:42:49.408857,0 days 00:00:20.263660,0.6653685727301331,0.8587190904881921,0.011358628921689299,23,7,COMPLETE
391,52.370000000000005,2025-01-21 18:42:49.493985,2025-01-21 18:43:08.730344,0 days 00:00:19.236359,0.7982389416856138,1.8370259705834795,0.4547652320336755,20,8,COMPLETE
392,49.27,2025-01-21 18:43:08.800680,2025-01-21 18:43:32.764705,0 days 00:00:23.964025,1.4352499159121874,0.06914437016835831,0.24185316141330013,30,10,COMPLETE
393,44.87,2025-01-21 18:43:32.841947,2025-01-21 18:43:54.348803,0 days 00:00:21.506856,1.0172067740213393,1.5305869461786226,0.9797528722580803,25,9,COMPLETE
394,51.1,2025-01-21 18:43:54.428033,2025-01-21 18:44:12.848018,0 days 00:00:18.419985,1.08361336060312,0.2360904544040997,0.3510480735235386,17,8,COMPLETE
395,51.790000000000006,2025-01-21 18:44:12.922779,2025-01-21 18:44:36.151841,0 days 00:00:23.229062,0.5597819166783019,1.2045218588405973,0.45638800129512225,28,6,COMPLETE
396,21.57,2025-01-21 18:44:36.230134,2025-01-21 18:44:56.646388,0 days 00:00:20.416254,0.09252668083435132,2.139897885004451,0.5882677878058308,23,7,COMPLETE
397,50.339999999999996,2025-01-21 18:44:56.728190,2025-01-21 18:45:16.625763,0 days 00:00:19.897573,0.882009632696637,0.014224083116200234,0.38841448227563535,21,8,COMPLETE
398,52.23,2025-01-21 18:45:16.697224,2025-01-21 18:45:39.439037,0 days 00:00:22.741813,1.239140510049778,1.0979079918762282,0.4880480031585608,26,9,COMPLETE
399,22.939999999999998,2025-01-21 18:45:39.500735,2025-01-21 18:46:00.697281,0 days 00:00:21.196546,0.739613316581083,1.626284640424652,0.0048794225743122805,24,7,COMPLETE
400,31.290000000000003,2025-01-21 18:46:00.766607,2025-01-21 18:46:20.631622,0 days 00:00:19.865015,1.0896117732069428,0.7483268449637882,0.03497511029414834,19,8,COMPLETE
401,51.559999999999995,2025-01-21 18:46:20.701829,2025-01-21 18:46:40.718516,0 days 00:00:20.016687,1.486893094699991,1.3033163988973024,0.3173983937008481,21,8,COMPLETE
402,48.16,2025-01-21 18:46:40.786348,2025-01-21 18:47:01.039511,0 days 00:00:20.253163,0.6124778784890561,2.9317667493760227,0.6733574527795184,23,7,COMPLETE
