number,value,datetime_start,datetime_complete,duration,params_gamma_1,params_gamma_2,params_lambda,params_n_clusters,params_n_neighbors,state
6311,52.470000000000006,2025-01-22 09:59:41.284185,2025-01-22 09:59:54.920702,0 days 00:00:13.636517,0.8088494961280049,1.365185779745945,0.4669917369011759,2,1,COMPLETE
6312,46.31,2025-01-22 09:59:46.279241,2025-01-22 10:00:13.861868,0 days 00:00:27.582627,0.8419129462605244,1.4849234053249525,0.8428089260682362,33,3,COMPLETE
6313,52.23,2025-01-22 09:59:55.142554,2025-01-22 10:00:11.765399,0 days 00:00:16.622845,0.9946001713854441,1.5907513470350598,0.39124042488893696,8,1,COMPLETE
6314,33.07,2025-01-22 10:00:11.934753,2025-01-22 10:00:25.268594,0 days 00:00:13.333841,0.06724490566250034,0.8975833578753541,0.8120220329129616,2,1,COMPLETE
6315,51.82,2025-01-22 10:00:14.436630,2025-01-22 10:00:27.583746,0 days 00:00:13.147116,1.137495884691408,2.425888948861982,0.5530964037151244,2,1,COMPLETE
6316,51.49,2025-01-22 10:00:25.434121,2025-01-22 10:00:40.232625,0 days 00:00:14.798504,1.177434110282237,1.8847470745868256,0.5470125684452546,6,1,COMPLETE
6317,51.57000000000001,2025-01-22 10:00:27.998072,2025-01-22 10:00:42.814177,0 days 00:00:14.816105,1.904966711479902,1.7932406920611565,0.39331806691864335,6,1,COMPLETE
6318,37.53,2025-01-22 10:00:40.432042,2025-01-22 10:00:55.071137,0 days 00:00:14.639095,0.9750815008988492,1.2411132599719754,0.07554925758573507,4,1,COMPLETE
6319,40.01,2025-01-22 10:00:43.243297,2025-01-22 10:00:57.600972,0 days 00:00:14.357675,0.11680610806990352,1.2271937418388894,0.3316618459962867,4,1,COMPLETE
6320,51.580000000000005,2025-01-22 10:00:55.230199,2025-01-22 10:01:10.508791,0 days 00:00:15.278592,1.3630347115442796,0.9687676514495169,0.34273183534693574,4,1,COMPLETE
6321,49.85,2025-01-22 10:00:57.955473,2025-01-22 10:01:12.087294,0 days 00:00:14.131821,1.2872572855665234,0.5827842416151172,0.23614263123152746,2,1,COMPLETE
6322,48.9,2025-01-22 10:01:10.710350,2025-01-22 10:01:24.638113,0 days 00:00:13.927763,0.6956209251989337,1.5592209460372126,0.23700321676773267,2,1,COMPLETE
6323,52.09,2025-01-22 10:01:12.674349,2025-01-22 10:01:29.208064,0 days 00:00:16.533715,0.732552431315795,1.5024325435843784,0.4398286717737093,8,1,COMPLETE
6324,50.94,2025-01-22 10:01:24.781344,2025-01-22 10:01:41.092348,0 days 00:00:16.311004,1.010784040809053,0.03767770929703478,0.44327275124867227,8,1,COMPLETE
6325,52.410000000000004,2025-01-22 10:01:29.384920,2025-01-22 10:01:44.674855,0 days 00:00:15.289935,0.9874617696811578,1.0651624379515754,0.4044593708904943,6,1,COMPLETE
6326,51.51,2025-01-22 10:01:41.287604,2025-01-22 10:01:56.774929,0 days 00:00:15.487325,1.552859082035006,1.074377548739501,0.3854235736234242,5,1,COMPLETE
6327,51.800000000000004,2025-01-22 10:01:44.837588,2025-01-22 10:01:59.495747,0 days 00:00:14.658159,1.53492475347088,1.3423858424822843,0.5396003386372388,4,1,COMPLETE
6328,52.059999999999995,2025-01-22 10:01:56.918852,2025-01-22 10:02:10.748022,0 days 00:00:13.829170,1.1880325157056164,1.9766548962652304,0.5568834171941824,2,1,COMPLETE
6329,51.870000000000005,2025-01-22 10:01:59.692046,2025-01-22 10:02:12.943586,0 days 00:00:13.251540,1.1712174618133715,1.832112795382248,0.29741559175715776,2,1,COMPLETE
6330,32.89,2025-01-22 10:02:11.105266,2025-01-22 10:02:24.464523,0 days 00:00:13.359257,0.8954381936580583,1.8012541860321944,0.05376025158618281,2,1,COMPLETE
6331,51.910000000000004,2025-01-22 10:02:13.661795,2025-01-22 10:02:27.757709,0 days 00:00:14.095914,1.8677685505097286,2.623137218489585,0.47872971127323427,4,1,COMPLETE
6332,50.54,2025-01-22 10:02:24.625844,2025-01-22 10:02:39.433951,0 days 00:00:14.808107,0.5935456315741958,2.633900857121676,0.46713616862164037,5,1,COMPLETE
6333,52.2,2025-01-22 10:02:27.923892,2025-01-22 10:02:43.096528,0 days 00:00:15.172636,0.8506585155111219,1.3958986382103422,0.3683838096879198,6,1,COMPLETE
6334,51.800000000000004,2025-01-22 10:02:39.611334,2025-01-22 10:02:54.827746,0 days 00:00:15.216412,1.3821203539500944,1.418148888217893,0.38763754243133136,6,5,COMPLETE
6335,50.78,2025-01-22 10:02:43.244258,2025-01-22 10:02:56.584394,0 days 00:00:13.340136,1.3488464761044958,0.9027403197298978,0.6292904126275666,2,1,COMPLETE
6336,31.330000000000002,2025-01-22 10:02:55.011994,2025-01-22 10:03:08.544502,0 days 00:00:13.532508,1.067357113873603,0.8492018055896199,0.03573996305597199,2,1,COMPLETE
6337,51.82,2025-01-22 10:02:57.241531,2025-01-22 10:03:11.832207,0 days 00:00:14.590676,1.1447539193211342,1.1735101909232195,0.32310666352894984,4,1,COMPLETE
6338,45.17,2025-01-22 10:03:08.700786,2025-01-22 10:03:23.265849,0 days 00:00:14.565063,1.060176147945837,1.2277233542538653,0.14004239819552794,4,1,COMPLETE
6339,51.85999999999999,2025-01-22 10:03:12.004719,2025-01-22 10:04:11.580876,0 days 00:00:59.576157,1.7832812781948562,1.6268937549396754,0.46836038966029464,95,4,COMPLETE
6340,51.55,2025-01-22 10:03:23.452016,2025-01-22 10:03:36.693757,0 days 00:00:13.241741,2.310964386181229,1.6141282548780493,0.4528850769648043,2,1,COMPLETE
6341,51.239999999999995,2025-01-22 10:03:36.866254,2025-01-22 10:03:52.115178,0 days 00:00:15.248924,1.7165908166335788,2.315007094171104,0.537067230887566,7,1,COMPLETE
6342,49.230000000000004,2025-01-22 10:03:52.264618,2025-01-22 10:04:06.349358,0 days 00:00:14.084740,0.8431657808539542,0.0012038064176150885,0.2775960176246369,4,1,COMPLETE
6343,52.43,2025-01-22 10:04:06.513448,2025-01-22 10:04:20.899877,0 days 00:00:14.386429,1.2893079356955643,1.6377921938612656,0.41429240503649495,4,1,COMPLETE
6344,23.93,2025-01-22 10:04:11.792607,2025-01-22 10:04:41.266179,0 days 00:00:29.473572,1.2941341446748835,1.0493994258964685,0.0016695828820337457,39,3,COMPLETE
6345,50.18,2025-01-22 10:04:21.063043,2025-01-22 10:04:52.700764,0 days 00:00:31.637721,0.9295031695284123,1.0125369447971533,0.350328507246158,50,35,COMPLETE
6346,49.82,2025-01-22 10:04:41.410376,2025-01-22 10:04:54.865327,0 days 00:00:13.454951,0.9689118104533745,4.414850570141839,0.34521977049123254,2,1,COMPLETE
6347,49.01,2025-01-22 10:04:52.878831,2025-01-22 10:05:06.456577,0 days 00:00:13.577746,0.7300714470136304,1.334665343977458,0.6542640530330965,2,1,COMPLETE
6348,47.89,2025-01-22 10:04:55.553814,2025-01-22 10:05:10.328832,0 days 00:00:14.775018,0.7341979864691964,2.1066348338832586,0.710420022413929,6,1,COMPLETE
6349,52.12,2025-01-22 10:05:06.625943,2025-01-22 10:05:47.289940,0 days 00:00:40.663997,1.5319238736506444,2.0961232295803045,0.5251324224120989,67,4,COMPLETE
6350,52.09,2025-01-22 10:05:10.509495,2025-01-22 10:05:24.314799,0 days 00:00:13.805304,1.521176944975972,1.3033898671226347,0.51853505712536,4,1,COMPLETE
6351,51.39,2025-01-22 10:05:24.517734,2025-01-22 10:05:40.689459,0 days 00:00:16.171725,1.0992078979259154,0.28858669409874727,0.4081568534821318,8,1,COMPLETE
6352,51.43,2025-01-22 10:05:40.865356,2025-01-22 10:05:55.370712,0 days 00:00:14.505356,1.4392095260988655,1.821566859248513,0.29330345819056713,4,1,COMPLETE
6353,51.77,2025-01-22 10:05:47.466669,2025-01-22 10:06:02.473222,0 days 00:00:15.006553,1.221374063068814,1.524335510721276,0.30099608914446074,4,1,COMPLETE
6354,53.059999999999995,2025-01-22 10:05:55.785590,2025-01-22 10:06:09.672953,0 days 00:00:13.887363,1.1519153172102419,1.4352840684178865,0.41693579776943923,2,1,COMPLETE
6355,0.5,2025-01-22 10:06:02.772287,2025-01-22 10:06:18.406997,0 days 00:00:15.634710,0.001798715839794489,1.1362080324527841,0.43241260098063683,2,1,COMPLETE
6356,48.370000000000005,2025-01-22 10:06:09.862091,2025-01-22 10:06:26.091958,0 days 00:00:16.229867,0.8227968955670012,2.2090161652604063,0.22898558123446286,6,1,COMPLETE
6357,49.419999999999995,2025-01-22 10:06:18.588692,2025-01-22 10:06:34.239361,0 days 00:00:15.650669,0.8583440502516866,2.4151488162867807,0.2637116625184932,5,1,COMPLETE
6358,47.73,2025-01-22 10:06:26.354913,2025-01-22 10:06:41.616905,0 days 00:00:15.261992,0.5373223535728973,2.001299709536161,0.26336508480131904,6,1,COMPLETE
6359,52.14,2025-01-22 10:06:34.406854,2025-01-22 10:06:48.500733,0 days 00:00:14.093879,0.9966560005838782,1.8638294944600888,0.32158900445092725,2,1,COMPLETE
6360,52.26,2025-01-22 10:06:41.878902,2025-01-22 10:06:56.146246,0 days 00:00:14.267344,0.9836656452014687,1.890799387056774,0.33271517140853984,2,1,COMPLETE
6361,51.44,2025-01-22 10:06:48.770485,2025-01-22 10:07:03.861916,0 days 00:00:15.091431,0.6753965451466201,1.8074577188231247,0.3443111726494095,4,1,COMPLETE
6362,51.13999999999999,2025-01-22 10:06:56.369913,2025-01-22 10:07:13.330171,0 days 00:00:16.960258,0.6413920289379642,2.2399765636045976,0.3616283536194621,9,7,COMPLETE
6363,51.55,2025-01-22 10:07:04.231401,2025-01-22 10:07:21.180019,0 days 00:00:16.948618,0.8609949516635114,2.414912810680121,0.360162850964824,9,1,COMPLETE
6364,51.470000000000006,2025-01-22 10:07:13.639722,2025-01-22 10:07:28.659623,0 days 00:00:15.019901,1.0943449534539975,1.6781978374206445,0.2902226505678414,4,1,COMPLETE
6365,52.480000000000004,2025-01-22 10:07:21.341497,2025-01-22 10:07:36.708401,0 days 00:00:15.366904,1.0977646819445102,1.698914044240054,0.38354296916775893,4,1,COMPLETE
6366,52.16,2025-01-22 10:07:28.909201,2025-01-22 10:07:42.524562,0 days 00:00:13.615361,1.0033870825039821,3.1135359305218393,0.38327232089294627,2,1,COMPLETE
6367,51.21,2025-01-22 10:07:36.915140,2025-01-22 10:07:53.181984,0 days 00:00:16.266844,0.8084264125554287,1.9765211721899951,0.3130493990246297,7,1,COMPLETE
6368,51.22,2025-01-22 10:07:42.677939,2025-01-22 10:07:58.790186,0 days 00:00:16.112247,0.8066247450354631,1.9624853292070445,0.3127009132586069,7,1,COMPLETE
6369,50.970000000000006,2025-01-22 10:07:53.351460,2025-01-22 10:08:07.131776,0 days 00:00:13.780316,1.3431429809871154,1.6767093482357354,0.2508480673135416,2,1,COMPLETE
6370,51.93,2025-01-22 10:07:59.069248,2025-01-22 10:08:25.105474,0 days 00:00:26.036226,1.2597141834194037,1.6329075799195003,0.39295479618098633,29,2,COMPLETE
6371,52.11,2025-01-22 10:08:07.293965,2025-01-22 10:08:22.181793,0 days 00:00:14.887828,1.2384323630638483,1.6183040741493344,0.404114872214259,5,1,COMPLETE
6372,0.5,2025-01-22 10:08:22.365087,2025-01-22 10:08:37.737815,0 days 00:00:15.372728,0.001000878888946162,1.5614565807989835,0.38832565997470314,2,1,COMPLETE
6373,52.27,2025-01-22 10:08:25.335459,2025-01-22 10:08:39.604407,0 days 00:00:14.268948,0.948839663252166,2.1948650394667797,0.3431109978073716,2,1,COMPLETE
6374,52.239999999999995,2025-01-22 10:08:37.932795,2025-01-22 10:08:52.551782,0 days 00:00:14.618987,1.0288467574840308,2.198618912144073,0.45654981560101915,4,1,COMPLETE
6375,51.870000000000005,2025-01-22 10:08:40.261133,2025-01-22 10:08:55.275894,0 days 00:00:15.014761,1.9118936609325798,1.8674906471389872,0.4558615531114452,4,1,COMPLETE
6376,48.339999999999996,2025-01-22 10:08:52.735850,2025-01-22 10:09:08.155802,0 days 00:00:15.419952,1.5758345870003871,1.7688636831747093,0.18409465776465964,6,1,COMPLETE
6377,51.21,2025-01-22 10:08:55.472440,2025-01-22 10:09:10.336470,0 days 00:00:14.864030,1.5862281139261007,1.5021160184973927,0.2875700682822428,6,1,COMPLETE
6378,47.44,2025-01-22 10:09:08.329058,2025-01-22 10:09:22.246264,0 days 00:00:13.917206,0.4166596305276171,1.4949575520628364,0.2685323722512076,2,1,COMPLETE
6379,48.1,2025-01-22 10:09:10.903663,2025-01-22 10:09:24.283079,0 days 00:00:13.379416,1.1520672830545695,2.648198413031405,0.19856890574190217,2,1,COMPLETE
6380,24.41,2025-01-22 10:09:22.416088,2025-01-22 10:09:36.984587,0 days 00:00:14.568499,1.1201460213153203,1.4647668991610125,0.005364192778390659,4,1,COMPLETE
6381,52.04,2025-01-22 10:09:25.139386,2025-01-22 10:09:39.710776,0 days 00:00:14.571390,0.9125833271921554,1.4854393040185812,0.34773312227653974,4,1,COMPLETE
6382,52.01,2025-01-22 10:09:37.139508,2025-01-22 10:09:51.365959,0 days 00:00:14.226451,0.8926752133481635,1.950909406761179,0.35299515232049006,4,1,COMPLETE
6383,52.14,2025-01-22 10:09:39.878125,2025-01-22 10:10:16.434994,0 days 00:00:36.556869,1.3274633821345136,1.9892726926340245,0.4227599957176241,54,3,COMPLETE
6384,51.839999999999996,2025-01-22 10:09:51.751514,2025-01-22 10:10:07.933719,0 days 00:00:16.182205,1.3861476901162069,1.746143587964359,0.4182747624749452,7,1,COMPLETE
6385,52.07000000000001,2025-01-22 10:10:08.107919,2025-01-22 10:10:21.103098,0 days 00:00:12.995179,0.7755771602742851,2.1180220954634654,0.49078197621159014,2,1,COMPLETE
6386,52.73,2025-01-22 10:10:16.590854,2025-01-22 10:10:30.553849,0 days 00:00:13.962995,1.0498792778027173,1.4351862093463352,0.47488050395267345,2,1,COMPLETE
6387,5.46,2025-01-22 10:10:21.280826,2025-01-22 10:10:36.728318,0 days 00:00:15.447492,0.052451042976522824,1.4749193058381627,0.4870018107242668,5,1,COMPLETE
6388,51.580000000000005,2025-01-22 10:10:31.011611,2025-01-22 10:10:45.822631,0 days 00:00:14.811020,0.6011709344571713,1.6887923894025405,0.38622369825357433,5,1,COMPLETE
6389,50.59,2025-01-22 10:10:36.903730,2025-01-22 10:10:52.237613,0 days 00:00:15.333883,0.6177540061413961,1.6770960963629475,0.306679821621592,4,1,COMPLETE
6390,51.29,2025-01-22 10:10:46.015253,2025-01-22 10:11:02.298982,0 days 00:00:16.283729,1.2173369712357625,2.8698113385377297,0.31388973284654115,8,2,COMPLETE
6391,50.81,2025-01-22 10:10:52.411112,2025-01-22 10:11:09.847082,0 days 00:00:17.435970,2.1494795720228574,1.3890822480544025,0.5577120611516444,8,2,COMPLETE
6392,52.07000000000001,2025-01-22 10:11:02.614312,2025-01-22 10:11:16.139124,0 days 00:00:13.524812,1.7993141664003947,1.3717825811565494,0.5515770768154222,2,1,COMPLETE
6393,52.66,2025-01-22 10:11:10.216116,2025-01-22 10:11:24.237956,0 days 00:00:14.021840,1.4834460961366942,2.395383021219345,0.3844651448415242,2,1,COMPLETE
6394,52.64,2025-01-22 10:11:16.302320,2025-01-22 10:11:29.739014,0 days 00:00:13.436694,0.9482744722710742,2.195506702378114,0.4103101536835974,2,1,COMPLETE
6395,52.38,2025-01-22 10:11:24.423130,2025-01-22 10:11:39.802534,0 days 00:00:15.379404,0.9622585705876817,1.747442145239415,0.4211111798138161,6,1,COMPLETE
6396,52.17,2025-01-22 10:11:29.920931,2025-01-22 10:11:44.943887,0 days 00:00:15.022956,0.7375591854024803,1.7181126396810893,0.44785590361860633,6,1,COMPLETE
6397,51.82,2025-01-22 10:11:39.985045,2025-01-22 10:11:55.299398,0 days 00:00:15.314353,0.7390018272768283,1.4265944273517035,0.3466845767104134,4,1,COMPLETE
6398,52.12,2025-01-22 10:11:45.088964,2025-01-22 10:11:59.373616,0 days 00:00:14.284652,1.2471614726437352,1.4212609305955697,0.36632400716211694,4,1,COMPLETE
6399,50.7,2025-01-22 10:11:55.500567,2025-01-22 10:12:10.027103,0 days 00:00:14.526536,1.1874765132408236,1.346551304870069,0.2548984249244468,4,1,COMPLETE
6400,51.31,2025-01-22 10:11:59.543727,2025-01-22 10:12:13.410720,0 days 00:00:13.866993,1.1644965418196884,1.839635354701158,0.2684674427433768,2,1,COMPLETE
6401,52.51,2025-01-22 10:12:10.182869,2025-01-22 10:12:23.547072,0 days 00:00:13.364203,1.4768476069928378,1.8116612278407522,0.4766912442278071,2,1,COMPLETE
6402,51.88,2025-01-22 10:12:13.575445,2025-01-22 10:12:28.643356,0 days 00:00:15.067911,1.505976245960657,1.6193383138169906,0.49499554269337426,6,1,COMPLETE
6403,50.94,2025-01-22 10:12:23.729189,2025-01-22 10:12:39.026517,0 days 00:00:15.297328,1.0073752455572005,1.5724714431006532,0.5868508760004745,6,1,COMPLETE
6404,51.13999999999999,2025-01-22 10:12:28.797265,2025-01-22 10:12:46.448541,0 days 00:00:17.651276,0.906965213420064,1.3386677751823641,0.5972963002224272,11,8,COMPLETE
6405,51.980000000000004,2025-01-22 10:12:39.690495,2025-01-22 10:13:27.230906,0 days 00:00:47.540411,0.9111721213647979,2.068523132396948,0.34440774646142286,81,3,COMPLETE
6406,52.04,2025-01-22 10:12:46.668991,2025-01-22 10:13:01.227185,0 days 00:00:14.558194,1.0643655410030939,2.0138039381825523,0.3313966696826083,4,1,COMPLETE
6407,52.6,2025-01-22 10:13:01.408514,2025-01-22 10:13:14.888331,0 days 00:00:13.479817,1.7196569275691607,2.401994874376951,0.423144817008705,2,1,COMPLETE
6408,50.849999999999994,2025-01-22 10:13:15.049593,2025-01-22 10:13:32.819305,0 days 00:00:17.769712,1.3253591530198958,1.3163777400270018,0.3935445186299017,16,15,COMPLETE
6409,52.12,2025-01-22 10:13:27.385343,2025-01-22 10:13:42.000358,0 days 00:00:14.615015,1.3525495027247507,1.3336392964633148,0.4064618217820145,4,1,COMPLETE
6410,52.26,2025-01-22 10:13:32.997235,2025-01-22 10:14:31.797731,0 days 00:00:58.800496,1.0962332629186493,1.4644281394444736,0.4844732789953107,91,4,COMPLETE
6411,51.49,2025-01-22 10:13:42.208231,2025-01-22 10:13:55.272468,0 days 00:00:13.064237,0.78622382955427,1.528110277588939,0.5329803531154543,2,1,COMPLETE
6412,52.35999999999999,2025-01-22 10:13:55.460389,2025-01-22 10:14:09.911505,0 days 00:00:14.451116,1.1026879854381535,1.655997324514598,0.47244412709745565,4,1,COMPLETE
6413,50.629999999999995,2025-01-22 10:14:10.066155,2025-01-22 10:14:25.528445,0 days 00:00:15.462290,1.9436975873895503,1.2997709511738507,0.30281332121216725,8,1,COMPLETE
6414,28.01,2025-01-22 10:14:25.718404,2025-01-22 10:14:41.693544,0 days 00:00:15.975140,1.1418354353318365,2.6762675580352906,2.748139900457441,4,1,COMPLETE
6415,52.25,2025-01-22 10:14:31.974116,2025-01-22 10:14:46.800079,0 days 00:00:14.825963,1.2974220269749612,1.895736590669539,0.3672453980090221,4,1,COMPLETE
6416,52.6,2025-01-22 10:14:41.858100,2025-01-22 10:14:55.986633,0 days 00:00:14.128533,0.8510676607661455,1.9084488490239302,0.3729705158347423,2,1,COMPLETE
6417,46.96,2025-01-22 10:14:46.989357,2025-01-22 10:15:01.218729,0 days 00:00:14.229372,0.837531640536604,0.008613102331990462,0.20711967778350665,2,1,COMPLETE
6418,51.76,2025-01-22 10:14:56.177421,2025-01-22 10:15:12.123530,0 days 00:00:15.946109,1.7026608592806896,1.266092965461647,0.44318045355657876,6,1,COMPLETE
6419,50.89,2025-01-22 10:15:01.359478,2025-01-22 10:15:16.779536,0 days 00:00:15.420058,1.6439286310267363,1.5744931508299138,0.6059249025770074,6,1,COMPLETE
6420,50.080000000000005,2025-01-22 10:15:12.332068,2025-01-22 10:15:27.522891,0 days 00:00:15.190823,1.472560272679297,0.0016489052427532418,0.588509846149011,6,1,COMPLETE
6421,51.83,2025-01-22 10:15:16.992758,2025-01-22 10:15:30.449741,0 days 00:00:13.456983,1.3579280144648787,1.6236083610834044,0.30275348685055137,2,1,COMPLETE
6422,51.23,2025-01-22 10:15:27.662927,2025-01-22 10:15:41.695211,0 days 00:00:14.032284,0.6864642643074217,1.2772802712366178,0.30408809657380365,2,1,COMPLETE
6423,51.61,2025-01-22 10:15:30.621382,2025-01-22 10:15:45.441822,0 days 00:00:14.820440,1.0050423416380927,3.4477622421426153,0.43922590146313545,4,1,COMPLETE
6424,52.080000000000005,2025-01-22 10:15:41.882952,2025-01-22 10:15:56.228948,0 days 00:00:14.345996,1.0431863714222096,1.9944361562243715,0.5060726137630985,4,1,COMPLETE
6425,52.0,2025-01-22 10:15:45.630423,2025-01-22 10:16:00.655446,0 days 00:00:15.025023,1.1725282721063075,2.217551322065844,0.5095380086859742,4,1,COMPLETE
6426,51.7,2025-01-22 10:15:56.557890,2025-01-22 10:16:13.532134,0 days 00:00:16.974244,1.2154631973864438,1.26239034536106,0.40002439028288406,10,2,COMPLETE
6427,50.77,2025-01-22 10:16:00.855225,2025-01-22 10:16:17.476392,0 days 00:00:16.621167,2.1972363581663226,1.2610003572223791,0.37701663665916685,10,2,COMPLETE
6428,49.61,2025-01-22 10:16:13.705450,2025-01-22 10:16:30.442211,0 days 00:00:16.736761,2.2304873685723003,1.5731975164253247,0.7011085874709478,8,1,COMPLETE
6429,52.82,2025-01-22 10:16:17.640138,2025-01-22 10:16:31.222492,0 days 00:00:13.582354,0.8803653978964683,1.6309299851504582,0.43593984307227507,2,1,COMPLETE
6430,52.080000000000005,2025-01-22 10:16:30.658578,2025-01-22 10:16:43.870184,0 days 00:00:13.211606,0.906081232765577,1.738937580618329,0.3294178691049487,2,1,COMPLETE
6431,51.690000000000005,2025-01-22 10:16:31.394478,2025-01-22 10:16:46.787402,0 days 00:00:15.392924,1.4519229786015873,1.4245336262238433,0.3386892292235158,6,1,COMPLETE
6432,51.61,2025-01-22 10:16:44.038648,2025-01-22 10:16:59.180008,0 days 00:00:15.141360,1.4223550272874608,1.4454983457855606,0.5346962013920313,6,1,COMPLETE
6433,51.980000000000004,2025-01-22 10:16:47.000367,2025-01-22 10:17:01.571651,0 days 00:00:14.571284,1.0373583772048798,1.280974322129206,0.5265371842313833,4,1,COMPLETE
6434,51.9,2025-01-22 10:16:59.378008,2025-01-22 10:17:13.569326,0 days 00:00:14.191318,0.7427686203845111,2.234578148597439,0.4340061994392092,4,1,COMPLETE
6435,48.1,2025-01-22 10:17:02.000871,2025-01-22 10:20:13.107511,0 days 00:03:11.106640,0.7060554350474314,2.276868788820089,0.24277993077623727,87,3,COMPLETE
6436,51.18000000000001,2025-01-22 10:17:13.746608,2025-01-22 10:17:27.173523,0 days 00:00:13.426915,1.2048964360808503,1.8081827052121466,0.2627868552271113,2,1,COMPLETE
6437,49.419999999999995,2025-01-22 10:17:27.345716,2025-01-22 10:17:40.865174,0 days 00:00:13.519458,1.8209152682782623,0.0026831063316632526,0.3907547745048582,2,1,COMPLETE
6438,48.03,2025-01-22 10:17:41.049102,2025-01-22 10:20:12.954590,0 days 00:02:31.905488,0.518705753009272,1.1822227822245688,0.6539309777847924,4,1,COMPLETE
6439,52.09,2025-01-22 10:20:13.155402,2025-01-22 10:20:29.456032,0 days 00:00:16.300630,0.9961296147984746,1.5441098762307983,0.4599606249341249,7,1,COMPLETE
6440,52.26,2025-01-22 10:20:13.487758,2025-01-22 10:20:29.450349,0 days 00:00:15.962591,0.977677048101294,1.4870412112376057,0.4746484515606421,8,1,COMPLETE
6441,28.82,2025-01-22 10:20:29.638366,2025-01-22 10:20:44.045938,0 days 00:00:14.407572,0.10143828071779327,1.8757541948760381,0.3352068118726533,4,1,COMPLETE
6442,51.6,2025-01-22 10:20:29.651225,2025-01-22 10:20:44.621420,0 days 00:00:14.970195,1.3081300627405237,1.840466630502286,0.31434319518618986,5,1,COMPLETE
6443,52.559999999999995,2025-01-22 10:20:44.224457,2025-01-22 10:20:57.545734,0 days 00:00:13.321277,1.2714054189269028,1.2443525576944268,0.378599879043736,2,1,COMPLETE
6444,52.669999999999995,2025-01-22 10:20:44.803047,2025-01-22 10:20:59.109016,0 days 00:00:14.305969,1.5569685731150142,2.7015037272894182,0.40419023475864535,2,1,COMPLETE
