number,value,datetime_start,datetime_complete,duration,params_gamma_1,params_gamma_2,params_lambda,params_n_clusters,params_n_neighbors,state
3359,49.51,2025-01-22 03:15:56.150931,2025-01-22 03:16:09.842522,0 days 00:00:13.691591,1.3687707514352034,1.3415021703601826,0.20775578921452528,2,1,COMPLETE
3360,52.54,2025-01-22 03:15:59.352872,2025-01-22 03:16:12.998741,0 days 00:00:13.645869,1.427759107209264,1.778745970198202,0.3761863448388243,2,1,COMPLETE
3361,51.74999999999999,2025-01-22 03:16:09.977127,2025-01-22 03:16:27.485229,0 days 00:00:17.508102,1.531872902262457,1.86930743085042,0.36614343394367604,9,2,COMPLETE
3362,50.91,2025-01-22 03:16:13.133938,2025-01-22 03:16:28.273810,0 days 00:00:15.139872,1.104658849002677,2.051879238780977,0.5828703292310644,6,1,COMPLETE
3363,50.91,2025-01-22 03:16:27.619771,2025-01-22 03:16:42.751625,0 days 00:00:15.131854,1.097299423375482,1.5195067080775326,0.6006185682292738,6,1,COMPLETE
3364,51.78,2025-01-22 03:16:28.413506,2025-01-22 03:16:43.267559,0 days 00:00:14.854053,0.8752379142815149,2.9998482775963944,0.44501453872582114,4,1,COMPLETE
3365,52.470000000000006,2025-01-22 03:16:42.857929,2025-01-22 03:16:56.848180,0 days 00:00:13.990251,0.8361554058687801,1.1927361079016252,0.4504526772158416,4,1,COMPLETE
3366,51.339999999999996,2025-01-22 03:16:43.405849,2025-01-22 03:16:57.259463,0 days 00:00:13.853614,1.245688710288721,1.1837422921216771,0.2788510464691735,2,1,COMPLETE
3367,52.190000000000005,2025-01-22 03:16:56.958540,2025-01-22 03:17:11.277943,0 days 00:00:14.319403,1.2339735102420017,1.4602287322732035,0.3262700645744503,2,1,COMPLETE
3368,51.62,2025-01-22 03:16:57.408959,2025-01-22 03:17:11.703170,0 days 00:00:14.294211,0.6488751411261017,1.5190172567487652,0.33076372163834966,2,1,COMPLETE
3369,51.72,2025-01-22 03:17:11.395801,2025-01-22 03:17:27.312456,0 days 00:00:15.916655,0.9891916649829117,2.1028303011652234,0.529606649869483,8,1,COMPLETE
3370,51.68000000000001,2025-01-22 03:17:11.874480,2025-01-22 03:17:27.670461,0 days 00:00:15.795981,1.0088742432338451,2.1023817731692818,0.5154324288033719,7,1,COMPLETE
3371,52.18000000000001,2025-01-22 03:17:27.450872,2025-01-22 03:17:43.043291,0 days 00:00:15.592419,1.5630790810237962,1.7415310318168162,0.42337767641214813,6,1,COMPLETE
3372,52.019999999999996,2025-01-22 03:17:27.858902,2025-01-22 03:17:42.802131,0 days 00:00:14.943229,1.682026391886806,1.701067197376118,0.4237978586734142,4,1,COMPLETE
3373,52.1,2025-01-22 03:17:42.953824,2025-01-22 03:17:58.011312,0 days 00:00:15.057488,0.7421786652651428,1.464106673049459,0.391654462518593,5,1,COMPLETE
3374,48.209999999999994,2025-01-22 03:17:43.181035,2025-01-22 03:17:57.441342,0 days 00:00:14.260307,0.7355340798303106,1.310411610246645,0.6915786856512518,4,1,COMPLETE
3375,50.55,2025-01-22 03:17:57.563500,2025-01-22 03:18:11.299879,0 days 00:00:13.736379,1.2793277021263656,0.08484295299467089,0.3874963347231642,2,1,COMPLETE
3376,51.55,2025-01-22 03:17:58.152456,2025-01-22 03:18:12.792957,0 days 00:00:14.640501,2.0701101377458184,1.2050088441412046,0.5223584018583299,2,1,COMPLETE
3377,51.5,2025-01-22 03:18:11.417321,2025-01-22 03:18:28.644266,0 days 00:00:17.226945,2.0920777301329054,2.606983036780687,0.5256536329423543,12,2,COMPLETE
3378,50.57000000000001,2025-01-22 03:18:13.236548,2025-01-22 03:18:28.678404,0 days 00:00:15.441856,0.9700920884295468,2.4154867479359208,0.2780597205583914,4,1,COMPLETE
3379,45.09,2025-01-22 03:18:28.802785,2025-01-22 03:18:42.824543,0 days 00:00:14.021758,1.2086292720970049,1.0870685359629437,0.9256636015600805,2,1,COMPLETE
3380,45.14,2025-01-22 03:18:28.891642,2025-01-22 03:18:42.791051,0 days 00:00:13.899409,1.2020020940347387,1.0621469475747742,0.9236345110359159,2,1,COMPLETE
3381,51.51,2025-01-22 03:18:42.946667,2025-01-22 03:18:58.388505,0 days 00:00:15.441838,1.4765290084552092,1.3585036241683723,0.32824012110327155,6,1,COMPLETE
3382,51.61,2025-01-22 03:18:43.069180,2025-01-22 03:18:57.942426,0 days 00:00:14.873246,1.4831301766700462,1.4166512268659288,0.3310791646637545,6,1,COMPLETE
3383,52.16,2025-01-22 03:18:58.080987,2025-01-22 03:19:12.623870,0 days 00:00:14.542883,0.8428584850348403,1.7345629307518453,0.46393672737689173,4,1,COMPLETE
3384,51.239999999999995,2025-01-22 03:18:58.538416,2025-01-22 03:19:14.003927,0 days 00:00:15.465511,0.8778595679810374,3.463803870308394,0.4722317842733331,4,1,COMPLETE
3385,49.96,2025-01-22 03:19:12.777267,2025-01-22 03:19:27.103779,0 days 00:00:14.326512,1.0702210625045143,3.7696888244170945,0.6162878466864697,4,1,COMPLETE
3386,50.370000000000005,2025-01-22 03:19:14.250685,2025-01-22 03:19:28.241390,0 days 00:00:13.990705,1.0479828701814577,2.035136957225638,0.6373080176782728,2,1,COMPLETE
3387,52.080000000000005,2025-01-22 03:19:27.263485,2025-01-22 03:19:43.621246,0 days 00:00:16.357761,1.0227806725352107,2.0125927239058643,0.37986895822578876,9,1,COMPLETE
3388,52.26,2025-01-22 03:19:28.398126,2025-01-22 03:19:41.999157,0 days 00:00:13.601031,1.7539008198655153,1.6037687716676945,0.3884220724238548,2,1,COMPLETE
3389,50.370000000000005,2025-01-22 03:19:42.151413,2025-01-22 03:19:59.009168,0 days 00:00:16.857755,1.2977408803678088,1.2294480475362768,0.24602085035135562,9,2,COMPLETE
3390,52.22,2025-01-22 03:19:44.075457,2025-01-22 03:19:59.364147,0 days 00:00:15.288690,1.2970317797830129,1.2464031580801826,0.45296514366744023,6,1,COMPLETE
3391,52.14,2025-01-22 03:19:59.322925,2025-01-22 03:20:14.962498,0 days 00:00:15.639573,1.358986057825086,1.5485686663514586,0.44981742513838446,6,1,COMPLETE
3392,50.019999999999996,2025-01-22 03:19:59.510508,2025-01-22 03:20:14.298454,0 days 00:00:14.787946,0.6418353647219098,0.1680396502538435,0.29312635425103367,4,1,COMPLETE
3393,45.37,2025-01-22 03:20:14.437334,2025-01-22 03:20:28.030084,0 days 00:00:13.592750,0.20435902977488354,1.5696940405340667,0.5338440190159368,2,1,COMPLETE
3394,51.85999999999999,2025-01-22 03:20:15.090954,2025-01-22 03:20:29.181116,0 days 00:00:14.090162,0.9114675121377099,1.8074578588581829,0.5316460960043102,2,1,COMPLETE
3395,52.27,2025-01-22 03:20:28.170358,2025-01-22 03:20:42.421099,0 days 00:00:14.250741,0.8842997215716509,1.8148169629055142,0.3694549659703051,4,1,COMPLETE
3396,52.03,2025-01-22 03:20:29.318167,2025-01-22 03:20:44.490364,0 days 00:00:15.172197,1.1055940640040953,1.0481672048269233,0.35327939616023035,4,1,COMPLETE
3397,51.38,2025-01-22 03:20:42.549018,2025-01-22 03:20:57.503156,0 days 00:00:14.954138,0.44490721635145436,1.0705885740155918,0.42879246598413057,4,1,COMPLETE
3398,52.559999999999995,2025-01-22 03:20:44.922545,2025-01-22 03:20:58.826279,0 days 00:00:13.903734,1.606629457996009,2.7710819736627506,0.44216946503748233,2,1,COMPLETE
3399,49.15,2025-01-22 03:20:57.653699,2025-01-22 03:21:10.797065,0 days 00:00:13.143366,1.6250727898269492,2.8142461596845183,0.7286258947457719,2,1,COMPLETE
3400,24.89,2025-01-22 03:20:58.947658,2025-01-22 03:21:15.284782,0 days 00:00:16.337124,1.1495474015543745,1.4280475892660134,0.0071760677072542295,7,5,COMPLETE
3401,50.57000000000001,2025-01-22 03:21:10.913214,2025-01-22 03:21:26.379182,0 days 00:00:15.465968,1.1998478099132486,1.368748798285859,0.6194479251876857,7,1,COMPLETE
3402,50.06,2025-01-22 03:21:15.429220,2025-01-22 03:21:30.166609,0 days 00:00:14.737389,0.7811575834587987,2.301086828824414,0.6055008002436222,5,1,COMPLETE
3403,50.949999999999996,2025-01-22 03:21:26.518737,2025-01-22 03:21:42.022326,0 days 00:00:15.503589,0.7753606880500722,1.2375602774553132,0.2975265977917361,5,1,COMPLETE
3404,51.73,2025-01-22 03:21:30.337226,2025-01-22 03:21:44.141392,0 days 00:00:13.804166,0.9739559528444176,1.2647984303785738,0.3036078281179378,2,1,COMPLETE
3405,52.739999999999995,2025-01-22 03:21:42.181953,2025-01-22 03:21:55.548998,0 days 00:00:13.367045,0.9454348698516678,1.9124338258109927,0.39136165383559485,2,1,COMPLETE
3406,52.25,2025-01-22 03:21:44.631339,2025-01-22 03:21:58.742896,0 days 00:00:14.111557,1.3931931727349154,1.8541711041792401,0.3947577173280959,4,1,COMPLETE
3407,52.239999999999995,2025-01-22 03:21:55.652570,2025-01-22 03:22:10.540666,0 days 00:00:14.888096,1.4714065076861058,1.5876187109926447,0.49452730888909563,4,1,COMPLETE
3408,33.53,2025-01-22 03:21:58.860956,2025-01-22 03:22:13.627680,0 days 00:00:14.766724,0.07394441952242617,1.4953542555919526,0.5073597300242572,4,1,COMPLETE
3409,51.51,2025-01-22 03:22:10.675038,2025-01-22 03:22:26.760300,0 days 00:00:16.085262,1.8497302222469247,1.0793878252353581,0.5005051738633677,8,1,COMPLETE
3410,50.980000000000004,2025-01-22 03:22:13.765288,2025-01-22 03:22:29.729284,0 days 00:00:15.963996,1.8317667140689666,1.0838646381528374,0.33039472979957724,8,2,COMPLETE
3411,52.370000000000005,2025-01-22 03:22:26.887913,2025-01-22 03:22:41.046897,0 days 00:00:14.158984,1.1611062763945725,1.3198968852991784,0.33816696039594585,2,1,COMPLETE
3412,49.99,2025-01-22 03:22:29.854068,2025-01-22 03:22:43.868714,0 days 00:00:14.014646,1.1433517525405816,2.0918652646272164,0.2365144365472012,2,1,COMPLETE
3413,46.61,2025-01-22 03:22:41.173672,2025-01-22 03:22:54.774778,0 days 00:00:13.601106,0.5930143285652498,2.23574612286984,0.22857275047652745,2,1,COMPLETE
3414,51.15,2025-01-22 03:22:44.003274,2025-01-22 03:22:59.318880,0 days 00:00:15.315606,0.6034138496956906,2.2811100493997203,0.4238467995785249,6,1,COMPLETE
3415,50.870000000000005,2025-01-22 03:22:54.899430,2025-01-22 03:23:09.796921,0 days 00:00:14.897491,2.5603290022428555,1.619128094014205,0.3951846720313956,6,1,COMPLETE
3416,52.400000000000006,2025-01-22 03:22:59.457952,2025-01-22 03:23:13.758510,0 days 00:00:14.300558,0.9685968922954291,1.575158542836525,0.4431368858136633,4,1,COMPLETE
3417,51.44,2025-01-22 03:23:09.920511,2025-01-22 03:23:24.642000,0 days 00:00:14.721489,0.9934642959494575,0.9919067698058028,0.5709540648160537,4,1,COMPLETE
3418,52.080000000000005,2025-01-22 03:23:13.914673,2025-01-22 03:23:27.251431,0 days 00:00:13.336758,1.2892717269145548,1.25542365342704,0.5565381383663546,2,1,COMPLETE
3419,52.38,2025-01-22 03:23:24.789479,2025-01-22 03:23:38.345555,0 days 00:00:13.556076,1.326806150756951,1.275121668664625,0.3572403865818115,2,1,COMPLETE
3420,52.01,2025-01-22 03:23:27.401108,2025-01-22 03:23:41.634445,0 days 00:00:14.233337,0.8104137616518207,1.7468412608386403,0.36158394781194075,4,1,COMPLETE
3421,52.1,2025-01-22 03:23:38.479018,2025-01-22 03:23:53.444021,0 days 00:00:14.965003,0.764421797658313,1.7438172702634556,0.42180782172182196,5,1,COMPLETE
3422,51.99,2025-01-22 03:23:41.752116,2025-01-22 03:23:57.176387,0 days 00:00:15.424271,1.5891591142634744,1.4380752450460939,0.4712724085927196,6,1,COMPLETE
3423,29.299999999999997,2025-01-22 03:23:53.564310,2025-01-22 03:24:06.826100,0 days 00:00:13.261790,1.4947605555525363,1.45193529735374,0.02420536271093567,2,1,COMPLETE
3424,48.41,2025-01-22 03:23:57.308685,2025-01-22 03:24:11.128678,0 days 00:00:13.819993,1.087842595231355,0.9685063109981931,0.7533969624164462,2,1,COMPLETE
3425,24.65,2025-01-22 03:24:07.033108,2025-01-22 03:24:21.875069,0 days 00:00:14.841961,1.0980488399988184,0.9867670465630799,0.005752709424153751,4,1,COMPLETE
3426,51.839999999999996,2025-01-22 03:24:11.248111,2025-01-22 03:24:25.654208,0 days 00:00:14.406097,1.1481388979790605,1.1943486694264653,0.2968278957503047,4,1,COMPLETE
3427,51.24999999999999,2025-01-22 03:24:22.026586,2025-01-22 03:24:36.737244,0 days 00:00:14.710658,0.8814884717424765,1.1671008004503824,0.28961011348051435,4,1,COMPLETE
3428,49.3,2025-01-22 03:24:25.804978,2025-01-22 03:24:55.544490,0 days 00:00:29.739512,3.722115370854622,1.865767841683716,0.651121470677867,43,3,COMPLETE
3429,27.67,2025-01-22 03:24:36.871850,2025-01-22 03:24:52.805015,0 days 00:00:15.933165,1.3183745694941453,1.9900293137523402,2.6548901896056947,6,1,COMPLETE
3430,50.61,2025-01-22 03:24:52.920753,2025-01-22 03:25:06.929284,0 days 00:00:14.008531,0.9220441018855151,0.015918529250153402,0.5112444377881289,2,1,COMPLETE
3431,0.5,2025-01-22 03:24:55.694011,2025-01-22 03:25:10.107213,0 days 00:00:14.413202,0.0019905805070070995,1.4063413349146434,0.5067798117680024,2,1,COMPLETE
3432,51.449999999999996,2025-01-22 03:25:07.043858,2025-01-22 03:25:41.288815,0 days 00:00:34.244957,0.6949184932389689,2.537750014481842,0.4403285686045567,50,4,COMPLETE
3433,51.9,2025-01-22 03:25:10.240087,2025-01-22 03:25:42.407842,0 days 00:00:32.167755,2.0558710052615545,2.9121134661254673,0.4210478170907973,50,4,COMPLETE
3434,51.05,2025-01-22 03:25:41.460026,2025-01-22 03:25:57.367359,0 days 00:00:15.907333,2.033748328735022,1.570676258838237,0.36285519332126803,8,2,COMPLETE
3435,48.05,2025-01-22 03:25:42.568318,2025-01-22 03:25:59.027396,0 days 00:00:16.459078,1.3560927305775796,1.532678590146118,0.18663135664404573,8,2,COMPLETE
3436,43.91,2025-01-22 03:25:57.494028,2025-01-22 03:26:12.441041,0 days 00:00:14.947013,1.4342400231655617,1.1262018973368122,0.12204034987976134,6,1,COMPLETE
3437,51.21,2025-01-22 03:25:59.491345,2025-01-22 03:26:15.052418,0 days 00:00:15.561073,0.9950871887948575,1.0934686178220394,0.590157172472668,4,1,COMPLETE
3438,51.44,2025-01-22 03:26:12.563805,2025-01-22 03:26:26.961644,0 days 00:00:14.397839,1.0745920690510187,1.979111676974139,0.5684482151854089,4,1,COMPLETE
3439,50.470000000000006,2025-01-22 03:26:15.312967,2025-01-22 03:26:28.900454,0 days 00:00:13.587487,1.1986924995229435,0.06900822735334411,0.34903777087094673,2,1,COMPLETE
3440,52.56999999999999,2025-01-22 03:26:27.113544,2025-01-22 03:26:41.150280,0 days 00:00:14.036736,0.8291817493541972,1.3224880431736745,0.3546862220070429,2,1,COMPLETE
3441,52.62,2025-01-22 03:26:29.479981,2025-01-22 03:26:43.315907,0 days 00:00:13.835926,1.631629069633757,2.372019268544658,0.44690636506968606,2,1,COMPLETE
3442,50.739999999999995,2025-01-22 03:26:41.291771,2025-01-22 03:26:56.539178,0 days 00:00:15.247407,1.655307892244574,0.27452802325185266,0.4737852544960622,6,1,COMPLETE
3443,50.92,2025-01-22 03:26:43.717242,2025-01-22 03:26:58.811826,0 days 00:00:15.094584,1.1905141414054021,1.801815972965309,0.26572315613270575,6,1,COMPLETE
3444,52.44,2025-01-22 03:26:56.688785,2025-01-22 03:27:10.711163,0 days 00:00:14.022378,1.215836564676118,1.7293026795696438,0.39826341882662986,4,1,COMPLETE
3445,49.04,2025-01-22 03:26:59.071208,2025-01-22 03:27:13.134619,0 days 00:00:14.063411,0.957651238734976,1.3485063047858534,0.6959401495844384,4,1,COMPLETE
3446,49.980000000000004,2025-01-22 03:27:10.858616,2025-01-22 03:27:25.366413,0 days 00:00:14.507797,0.9493030528215092,0.9443554165197307,0.6454908731259834,4,1,COMPLETE
3447,52.629999999999995,2025-01-22 03:27:13.350953,2025-01-22 03:27:27.384941,0 days 00:00:14.033988,0.7100714730727951,0.9564213433591449,0.4088641301394024,2,1,COMPLETE
3448,0.5,2025-01-22 03:27:25.493637,2025-01-22 03:27:39.640398,0 days 00:00:14.146761,0.04986402390144664,2.231850775357673,0.5060561129502862,2,1,COMPLETE
3449,52.51,2025-01-22 03:27:28.060340,2025-01-22 03:27:41.709767,0 days 00:00:13.649427,1.4210950486549698,2.146956555500714,0.4851586370997578,2,1,COMPLETE
3450,51.62,2025-01-22 03:27:39.781120,2025-01-22 03:27:54.943110,0 days 00:00:15.161990,1.4116943115764136,1.5732288930244378,0.3236281238044799,6,1,COMPLETE
3451,0.5,2025-01-22 03:27:42.471243,2025-01-22 03:27:59.153113,0 days 00:00:16.681870,0.018131581752148445,1.5264966226942682,0.3154220012811059,6,1,COMPLETE
3452,52.26,2025-01-22 03:27:55.072624,2025-01-22 03:28:32.053532,0 days 00:00:36.980908,0.8271863112387329,1.238093080351725,0.39460260197793756,56,3,COMPLETE
3453,51.849999999999994,2025-01-22 03:27:59.310868,2025-01-22 03:28:16.392465,0 days 00:00:17.081597,0.8448395876015087,1.2062504036534365,0.39847218337539636,10,2,COMPLETE
3454,51.65,2025-01-22 03:28:16.509031,2025-01-22 03:28:30.495448,0 days 00:00:13.986417,1.0518838639291481,1.2525925173401127,0.5546780759939881,4,1,COMPLETE
3455,52.43,2025-01-22 03:28:30.651214,2025-01-22 03:28:43.667727,0 days 00:00:13.016513,1.7379968143157163,1.7944706049499795,0.4504961028650322,2,1,COMPLETE
3456,42.35,2025-01-22 03:28:32.521423,2025-01-22 03:28:46.363746,0 days 00:00:13.842323,1.7707925811000067,1.7581816350672395,0.09747507064376817,2,1,COMPLETE
3457,51.82,2025-01-22 03:28:43.792697,2025-01-22 03:28:58.130991,0 days 00:00:14.338294,1.1644336436262372,1.5195883614567136,0.5429698008680445,4,1,COMPLETE
3458,51.13999999999999,2025-01-22 03:28:46.496110,2025-01-22 03:29:01.064033,0 days 00:00:14.567923,1.1993811586229919,1.4180469868541061,0.2709044941006609,4,1,COMPLETE
3459,50.32,2025-01-22 03:28:58.252366,2025-01-22 03:29:14.578708,0 days 00:00:16.326342,1.3018988362551098,3.1644914683313154,0.27105062078597875,8,1,COMPLETE
3460,51.01,2025-01-22 03:29:01.227888,2025-01-22 03:29:17.007869,0 days 00:00:15.779981,1.012259346148379,3.282009993090869,0.34732150452064364,7,1,COMPLETE
3461,51.9,2025-01-22 03:29:14.710814,2025-01-22 03:29:29.097109,0 days 00:00:14.386295,1.0494574239202736,1.0315521036463629,0.36249091374330356,5,1,COMPLETE
3462,44.73,2025-01-22 03:29:17.260874,2025-01-22 03:29:31.834039,0 days 00:00:14.573165,0.6816525832197912,0.8917737835023428,0.8335172966768081,4,1,COMPLETE
3463,52.22,2025-01-22 03:29:29.234366,2025-01-22 03:29:42.745112,0 days 00:00:13.510746,0.690126345622868,0.8469871724726045,0.4622867829815138,2,1,COMPLETE
3464,52.7,2025-01-22 03:29:31.961615,2025-01-22 03:29:45.034987,0 days 00:00:13.073372,1.5020277603754082,2.0440736701471804,0.464212436684691,2,1,COMPLETE
3465,52.68000000000001,2025-01-22 03:29:42.893662,2025-01-22 03:29:56.547256,0 days 00:00:13.653594,1.5457295234291464,1.9200238451900413,0.42373616196277686,2,1,COMPLETE
3466,49.88,2025-01-22 03:29:45.410636,2025-01-22 03:29:59.906992,0 days 00:00:14.496356,0.8881794612767425,1.1150691436358848,0.6386504655181818,4,1,COMPLETE
3467,23.7,2025-01-22 03:29:56.665788,2025-01-22 03:30:13.704572,0 days 00:00:17.038784,0.8872087895816639,2.4862579768704745,0.012690218993588352,12,2,COMPLETE
3468,50.870000000000005,2025-01-22 03:30:00.040951,2025-01-22 03:30:15.661706,0 days 00:00:15.620755,2.376380814445575,1.3315084081328314,0.5526622562577099,6,1,COMPLETE
3469,49.84,2025-01-22 03:30:13.851474,2025-01-22 03:30:28.660657,0 days 00:00:14.809183,0.49628816882800775,1.4221711660528071,0.5592977770473534,6,1,COMPLETE
3470,51.68000000000001,2025-01-22 03:30:16.122898,2025-01-22 03:30:43.972692,0 days 00:00:27.849794,1.2752286756161366,1.6172703992399373,0.3811190302254923,33,18,COMPLETE
3471,51.629999999999995,2025-01-22 03:30:28.782729,2025-01-22 03:30:43.531533,0 days 00:00:14.748804,1.2784925125079194,1.1466692490875068,0.32465963303830053,4,1,COMPLETE
3472,52.910000000000004,2025-01-22 03:30:43.658579,2025-01-22 03:30:57.100599,0 days 00:00:13.442020,1.071961448970693,1.688199725914612,0.4094745618377756,2,1,COMPLETE
3473,52.800000000000004,2025-01-22 03:30:44.129848,2025-01-22 03:30:57.597693,0 days 00:00:13.467845,1.071352010911101,1.8211691757880921,0.4803198577725998,2,1,COMPLETE
3474,50.38,2025-01-22 03:30:57.236362,2025-01-22 03:31:10.480545,0 days 00:00:13.244183,0.7944432294189085,1.4517702713010037,0.2608776780958181,2,1,COMPLETE
3475,50.07,2025-01-22 03:30:57.729891,2025-01-22 03:31:12.660810,0 days 00:00:14.930919,0.7983169209416958,1.3990813268621998,0.25630197417413136,4,1,COMPLETE
3476,47.73,2025-01-22 03:31:10.637228,2025-01-22 03:31:24.980702,0 days 00:00:14.343474,0.6023577905381322,1.2813695093853135,0.22558983507885905,4,1,COMPLETE
3477,50.62,2025-01-22 03:31:13.087653,2025-01-22 03:31:29.815397,0 days 00:00:16.727744,0.6481600974151838,1.3027908163440014,0.3061423988455535,8,1,COMPLETE
3478,51.68000000000001,2025-01-22 03:31:25.268900,2025-01-22 03:31:41.454806,0 days 00:00:16.185906,0.9584299012907863,1.576766409411076,0.33529830032769536,8,1,COMPLETE
3479,26.66,2025-01-22 03:31:29.962994,2025-01-22 03:31:46.032214,0 days 00:00:16.069220,0.9954804880425644,1.5704612766051607,2.971511544619305,6,1,COMPLETE
3480,51.6,2025-01-22 03:31:41.741354,2025-01-22 03:31:56.897741,0 days 00:00:15.156387,0.9728129197145007,1.606954328060992,0.3212716740775812,5,1,COMPLETE
3481,51.7,2025-01-22 03:31:46.169210,2025-01-22 03:31:59.562747,0 days 00:00:13.393537,0.8449102084179347,1.1282947595406885,0.3045200023236134,2,1,COMPLETE
3482,52.66,2025-01-22 03:31:57.054447,2025-01-22 03:32:10.606068,0 days 00:00:13.551621,0.7764363015940703,1.116853521236108,0.37340561025548785,2,1,COMPLETE
3483,0.5,2025-01-22 03:31:59.690246,2025-01-22 03:32:15.070882,0 days 00:00:15.380636,0.00991371971132654,1.3073094312220852,0.3884881975158889,4,1,COMPLETE
3484,52.32,2025-01-22 03:32:10.733071,2025-01-22 03:32:25.261070,0 days 00:00:14.527999,1.1265095905392835,1.3513954383907951,0.37566403827606404,4,1,COMPLETE
3485,52.410000000000004,2025-01-22 03:32:15.206149,2025-01-22 03:32:29.447817,0 days 00:00:14.241668,1.1187830008319433,1.40260294615639,0.383048714507497,4,1,COMPLETE
3486,50.82,2025-01-22 03:32:25.492995,2025-01-22 03:32:43.041163,0 days 00:00:17.548168,1.3533251231514263,1.0316176731012914,0.2851596858930499,10,2,COMPLETE
3487,51.78,2025-01-22 03:32:29.583362,2025-01-22 03:32:43.248262,0 days 00:00:13.664900,1.3629622593853004,1.0200837735987387,0.31049870876015445,2,1,COMPLETE
3488,52.21,2025-01-22 03:32:43.177467,2025-01-22 03:32:57.383415,0 days 00:00:14.205948,0.8984760942447273,1.654232498057696,0.3345672722907234,2,1,COMPLETE
3489,52.16,2025-01-22 03:32:43.401053,2025-01-22 03:32:59.172472,0 days 00:00:15.771419,0.9203148514496338,1.463980625216937,0.4202157535577006,6,5,COMPLETE
3490,48.089999999999996,2025-01-22 03:32:57.534841,2025-01-22 03:33:12.460629,0 days 00:00:14.925788,5.853744901561091,1.6455198529663897,0.410998023048202,6,1,COMPLETE
3491,52.470000000000006,2025-01-22 03:32:59.832278,2025-01-22 03:33:14.474383,0 days 00:00:14.642105,1.1191171274720468,1.184496879509295,0.4286753306627589,4,1,COMPLETE
3492,52.349999999999994,2025-01-22 03:33:12.621255,2025-01-22 03:33:28.032953,0 days 00:00:15.411698,1.1252841801169844,1.1940833080467095,0.461631897033364,4,1,COMPLETE
