number,value,datetime_start,datetime_complete,duration,params_gamma_1,params_gamma_2,params_lambda,params_n_clusters,params_n_neighbors,state
7249,51.78,2025-01-22 12:19:18.425992,2025-01-22 12:19:33.352448,0 days 00:00:14.926456,1.9021056657458748,2.186073962407257,0.44306000296373244,6,1,COMPLETE
7250,52.410000000000004,2025-01-22 12:19:33.547446,2025-01-22 12:19:46.491196,0 days 00:00:12.943750,1.2153997445516793,0.8735407980196215,0.3636923977701555,2,1,COMPLETE
7251,49.25,2025-01-22 12:19:46.701551,2025-01-22 12:20:01.026548,0 days 00:00:14.324997,0.8291604663909296,1.5046981770690384,0.6563902543298105,4,1,COMPLETE
7252,51.99,2025-01-22 12:20:01.245130,2025-01-22 12:20:15.178014,0 days 00:00:13.932884,1.4748502846374762,1.064483789243156,0.4999845288406276,4,1,COMPLETE
7253,52.15,2025-01-22 12:20:15.546895,2025-01-22 12:20:30.749536,0 days 00:00:15.202641,0.9784211919042823,1.2674609700655879,0.4016035903179941,7,1,COMPLETE
7254,52.410000000000004,2025-01-22 12:20:30.950352,2025-01-22 12:20:44.297323,0 days 00:00:13.346971,1.1994898556951061,1.9210837480831906,0.3267142886056365,2,1,COMPLETE
7255,51.6,2025-01-22 12:20:44.486395,2025-01-22 12:20:59.122498,0 days 00:00:14.636103,1.6582015562960775,1.5366166919895832,0.5437346591120171,5,1,COMPLETE
7256,52.93,2025-01-22 12:20:59.312719,2025-01-22 12:21:12.670052,0 days 00:00:13.357333,1.0491407263864543,1.2072862446310562,0.44245231875422736,2,1,COMPLETE
7257,51.959999999999994,2025-01-22 12:21:12.865623,2025-01-22 12:21:26.709080,0 days 00:00:13.843457,1.3235648674031093,1.0172974968226949,0.381179966493653,4,1,COMPLETE
7258,48.19,2025-01-22 12:21:27.070838,2025-01-22 12:21:41.729156,0 days 00:00:14.658318,0.42570145711848045,1.7105693351432953,0.29301837708153244,6,1,COMPLETE
7259,39.85,2025-01-22 12:21:41.894308,2025-01-22 12:21:58.136359,0 days 00:00:16.242051,0.10498881667554885,1.358143602174046,0.6145729733963637,10,2,COMPLETE
7260,51.59,2025-01-22 12:21:58.338541,2025-01-22 12:22:11.597172,0 days 00:00:13.258631,0.6765308543138122,2.1880598901824997,0.49017839761866067,2,1,COMPLETE
7261,52.49,2025-01-22 12:22:11.791672,2025-01-22 12:22:25.913171,0 days 00:00:14.121499,0.8017978414850816,1.5026262447678325,0.4154629422703308,4,1,COMPLETE
7262,51.690000000000005,2025-01-22 12:22:26.094133,2025-01-22 12:22:41.827018,0 days 00:00:15.732885,0.911338946578631,0.7934275437445053,0.3379446785978908,8,1,COMPLETE
7263,52.82,2025-01-22 12:22:42.015616,2025-01-22 12:22:54.917318,0 days 00:00:12.901702,1.1487694819625094,1.1442357092628401,0.46292792655392667,2,1,COMPLETE
7264,44.34,2025-01-22 12:22:55.124703,2025-01-22 12:23:09.706183,0 days 00:00:14.581480,1.5437232055245091,1.904168684592371,0.9533684929289357,6,1,COMPLETE
7265,49.35,2025-01-22 12:23:09.881210,2025-01-22 12:23:24.087971,0 days 00:00:14.206761,1.4000776566666957,1.3523173786449907,0.7140445675318755,4,1,COMPLETE
7266,51.239999999999995,2025-01-22 12:23:24.268553,2025-01-22 12:23:37.109987,0 days 00:00:12.841434,2.2942853169919935,1.5869708644803722,0.37050020785136895,2,1,COMPLETE
7267,50.57000000000001,2025-01-22 12:23:37.278623,2025-01-22 12:23:51.348110,0 days 00:00:14.069487,1.060205832447299,0.0020527552966977604,0.5664800590109287,4,1,COMPLETE
7268,50.77,2025-01-22 12:23:51.526721,2025-01-22 12:24:06.004248,0 days 00:00:14.477527,0.9349143583158268,0.9857538470104885,0.2672526961943704,6,1,COMPLETE
7269,52.32,2025-01-22 12:24:06.186275,2025-01-22 12:24:19.064914,0 days 00:00:12.878639,1.9122525655844298,2.554187294410358,0.501116989856457,2,1,COMPLETE
7270,51.94,2025-01-22 12:24:19.275091,2025-01-22 12:24:33.402946,0 days 00:00:14.127855,0.584654467682003,1.2096358018194249,0.4240525525035716,4,1,COMPLETE
7271,52.290000000000006,2025-01-22 12:24:33.581045,2025-01-22 12:24:47.075515,0 days 00:00:13.494470,1.2342247538212205,1.764590309288857,0.3217667901634995,2,1,COMPLETE
7272,32.129999999999995,2025-01-22 12:24:47.443084,2025-01-22 12:25:01.315772,0 days 00:00:13.872688,0.2646285765758591,1.3658471240443493,1.370480313339505,4,1,COMPLETE
7273,51.77,2025-01-22 12:25:01.541650,2025-01-22 12:25:16.674366,0 days 00:00:15.132716,0.8142518238003592,1.9791613788777047,0.3842941053432427,7,1,COMPLETE
7274,51.67,2025-01-22 12:25:16.845355,2025-01-22 12:25:29.758255,0 days 00:00:12.912900,1.380666029091677,1.0383997198441175,0.5826320078316436,2,1,COMPLETE
7275,52.31,2025-01-22 12:25:29.973533,2025-01-22 12:25:44.041541,0 days 00:00:14.068008,1.0864882033864023,1.5724263767156106,0.48100315909025965,5,1,COMPLETE
7276,45.95,2025-01-22 12:25:44.228525,2025-01-22 12:25:59.543937,0 days 00:00:15.315412,1.650538652912137,0.8804866898800876,0.15191615882282997,8,1,COMPLETE
7277,48.57,2025-01-22 12:25:59.912504,2025-01-22 12:26:13.827984,0 days 00:00:13.915480,1.2011265498065213,1.2449852272939612,0.19491098584747352,4,1,COMPLETE
7278,51.78,2025-01-22 12:26:14.023102,2025-01-22 12:26:27.053627,0 days 00:00:13.030525,0.9567520764435529,2.9203278161238635,0.3538399739428937,2,1,COMPLETE
7279,51.92,2025-01-22 12:26:27.265858,2025-01-22 12:26:42.303210,0 days 00:00:15.037352,0.7428430126654337,2.239267513797403,0.4432902392769318,6,1,COMPLETE
7280,51.51,2025-01-22 12:26:42.516937,2025-01-22 12:26:56.450167,0 days 00:00:13.933230,1.4009440931097286,1.672936992422891,0.29929224305600866,4,1,COMPLETE
7281,49.29,2025-01-22 12:26:56.648605,2025-01-22 12:27:09.716500,0 days 00:00:13.067895,0.9150238438034224,0.26565509197696724,0.23850571470878276,2,1,COMPLETE
7282,51.51,2025-01-22 12:27:10.078810,2025-01-22 12:27:23.985412,0 days 00:00:13.906602,1.0872285418247267,3.9914482299073617,0.4029638191780178,4,1,COMPLETE
7283,51.54,2025-01-22 12:27:24.187285,2025-01-22 12:27:38.772802,0 days 00:00:14.585517,1.717371238527556,1.3975554291009236,0.5382726055265492,6,1,COMPLETE
7284,50.43,2025-01-22 12:27:38.970042,2025-01-22 12:27:51.921924,0 days 00:00:12.951882,1.233904473496914,1.1066908268627038,0.657151436956192,2,1,COMPLETE
7285,51.980000000000004,2025-01-22 12:27:52.078474,2025-01-22 12:28:05.842605,0 days 00:00:13.764131,0.8821781292545594,1.887883388448327,0.35128997735021267,4,1,COMPLETE
7286,52.73,2025-01-22 12:28:06.007555,2025-01-22 12:28:19.048120,0 days 00:00:13.040565,1.4244192713628174,1.435304843587438,0.4605162772685116,2,1,COMPLETE
7287,50.24999999999999,2025-01-22 12:28:19.205427,2025-01-22 12:29:01.370051,0 days 00:00:42.164624,0.6594880188952603,1.2393617468150937,0.4063361888209894,68,50,COMPLETE
7288,51.67,2025-01-22 12:29:01.580201,2025-01-22 12:29:18.151417,0 days 00:00:16.571216,1.0626877252646223,1.6296504089918262,0.522721942442624,10,2,COMPLETE
7289,51.239999999999995,2025-01-22 12:29:18.348482,2025-01-22 12:29:45.731639,0 days 00:00:27.383157,1.221238378878008,0.9265439254447894,0.2947750312206818,36,3,COMPLETE
7290,50.849999999999994,2025-01-22 12:29:45.958762,2025-01-22 12:30:00.454237,0 days 00:00:14.495475,1.9471575727735413,0.6952123629964071,0.35779239079283964,6,1,COMPLETE
7291,52.51,2025-01-22 12:30:00.633188,2025-01-22 12:30:14.498716,0 days 00:00:13.865528,0.9862107014582102,1.1105317902159322,0.4414893252595783,4,1,COMPLETE
7292,50.3,2025-01-22 12:30:14.712539,2025-01-22 12:30:30.652478,0 days 00:00:15.939939,0.7762356336223144,2.1012032502977864,0.5864208365236042,8,1,COMPLETE
7293,52.55,2025-01-22 12:30:30.843053,2025-01-22 12:30:44.136671,0 days 00:00:13.293618,1.5128656090503363,1.4658881051782715,0.49889482898993204,2,1,COMPLETE
7294,52.190000000000005,2025-01-22 12:30:44.308893,2025-01-22 12:30:57.997531,0 days 00:00:13.688638,1.2511091691721645,1.2260040660729508,0.3849213826662778,4,1,COMPLETE
7295,47.61,2025-01-22 12:30:58.218353,2025-01-22 12:31:11.220719,0 days 00:00:13.002366,1.0249303066850026,1.7963031820794122,0.7594307781385017,2,1,COMPLETE
7296,51.88,2025-01-22 12:31:11.559491,2025-01-22 12:31:27.519430,0 days 00:00:15.959939,0.8420856644150827,1.4576103406760978,0.34092765269379666,6,1,COMPLETE
7297,52.239999999999995,2025-01-22 12:31:27.909837,2025-01-22 12:31:42.081071,0 days 00:00:14.171234,1.6426261295160298,2.4070679458855166,0.4403534856987302,4,1,COMPLETE
7298,51.31,2025-01-22 12:31:42.293503,2025-01-22 12:31:55.545550,0 days 00:00:13.252047,1.3507375178953243,0.9783637909772921,0.6019832078030501,2,1,COMPLETE
7299,50.99,2025-01-22 12:31:55.726121,2025-01-22 12:32:10.502918,0 days 00:00:14.776797,1.1355962747631518,1.7023149913129845,0.26567275622880393,6,5,COMPLETE
7300,52.2,2025-01-22 12:32:10.680162,2025-01-22 12:32:24.445000,0 days 00:00:13.764838,0.9970180742068767,1.2419718018292114,0.49861928136980216,4,1,COMPLETE
7301,50.77,2025-01-22 12:32:24.772243,2025-01-22 12:32:56.128210,0 days 00:00:31.355967,0.7087982447978642,1.9325523231216104,0.31341186046873737,47,3,COMPLETE
7302,51.77,2025-01-22 12:32:56.302590,2025-01-22 12:33:09.332456,0 days 00:00:13.029866,0.48461199767819263,0.8318671920076804,0.40466139767214176,2,1,COMPLETE
7303,51.81,2025-01-22 12:33:09.526515,2025-01-22 12:33:24.977534,0 days 00:00:15.451019,1.3328178809747346,1.4126375240116444,0.5186544445560884,8,1,COMPLETE
7304,52.23,2025-01-22 12:33:25.151359,2025-01-22 12:33:39.347317,0 days 00:00:14.195958,0.9081492086961785,1.158331083330508,0.3915167730380565,5,1,COMPLETE
7305,52.900000000000006,2025-01-22 12:33:39.534234,2025-01-22 12:33:52.397869,0 days 00:00:12.863635,1.1466925106455639,1.6414814966874816,0.4590968722639257,2,1,COMPLETE
7306,50.580000000000005,2025-01-22 12:33:52.741005,2025-01-22 12:34:09.752177,0 days 00:00:17.011172,2.1027710923460776,1.0222592987762975,0.3284037581145105,12,2,COMPLETE
7307,0.5,2025-01-22 12:34:09.934933,2025-01-22 12:34:24.546004,0 days 00:00:14.611071,0.03262712860435253,1.3363116211795762,0.6078269458526576,4,1,COMPLETE
7308,52.68000000000001,2025-01-22 12:34:24.730528,2025-01-22 12:34:37.871284,0 days 00:00:13.140756,1.6096031384553602,2.023782524205972,0.42264195224934936,2,1,COMPLETE
7309,52.26,2025-01-22 12:34:38.060341,2025-01-22 12:34:52.766967,0 days 00:00:14.706626,1.1337375122525435,1.5529815417473563,0.356563668416137,6,1,COMPLETE
7310,52.04,2025-01-22 14:12:15.116501,2025-01-22 14:12:34.391228,0 days 00:00:19.274727,1.3724407064093702,1.1593293283556565,0.5242116887829431,4,1,COMPLETE
7311,52.11,2025-01-22 14:12:15.148957,2025-01-22 14:12:34.362545,0 days 00:00:19.213588,1.4170315599096286,1.1301580557915822,0.5122845198148585,4,1,COMPLETE
7312,48.72,2025-01-22 14:12:34.569839,2025-01-22 14:12:51.397019,0 days 00:00:16.827180,0.8753577147400524,1.6973814540429222,0.6944685662160349,2,1,COMPLETE
7313,49.76,2025-01-22 14:12:34.571509,2025-01-22 14:14:15.085735,0 days 00:01:40.514226,0.8550963309557091,1.7850535475441294,0.6988136158873913,100,4,COMPLETE
7314,50.73,2025-01-22 14:12:51.581284,2025-01-22 14:13:11.372955,0 days 00:00:19.791671,0.7658789938455182,1.3409699449088601,0.27956263493293404,7,1,COMPLETE
7315,52.66,2025-01-22 14:13:11.547914,2025-01-22 14:13:28.417044,0 days 00:00:16.869130,1.0076426344349199,2.3982374339470565,0.3884673763866737,2,1,COMPLETE
7316,51.44,2025-01-22 14:13:28.772745,2025-01-22 14:13:46.912771,0 days 00:00:18.140026,1.7732030637176155,0.8444273250388047,0.4491600149513286,5,1,COMPLETE
7317,51.790000000000006,2025-01-22 14:13:47.064395,2025-01-22 14:14:09.227497,0 days 00:00:22.163102,1.1566296946314705,1.976548771547708,0.330773078575062,9,2,COMPLETE
7318,51.68000000000001,2025-01-22 14:14:09.389213,2025-01-22 14:14:26.996666,0 days 00:00:17.607453,0.6040459326309597,1.6010402874742822,0.44506932682966416,4,1,COMPLETE
7319,50.0,2025-01-22 14:14:15.291759,2025-01-22 14:14:33.864427,0 days 00:00:18.572668,1.244422892924893,0.5826758832898165,0.24026677341242947,4,1,COMPLETE
7320,52.59,2025-01-22 14:14:27.353403,2025-01-22 14:14:45.118431,0 days 00:00:17.765028,1.2526828956456169,1.403450810895229,0.3757931124976392,2,1,COMPLETE
7321,52.480000000000004,2025-01-22 14:14:34.046762,2025-01-22 14:14:51.842713,0 days 00:00:17.795951,1.5507652768677243,1.3489012007633232,0.38740913858077103,2,1,COMPLETE
7322,50.12,2025-01-22 14:14:45.502794,2025-01-22 14:15:04.445352,0 days 00:00:18.942558,1.5761420191411086,0.022311874416098932,0.5747033640687312,6,1,COMPLETE
7323,51.349999999999994,2025-01-22 14:14:52.292057,2025-01-22 14:15:12.011070,0 days 00:00:19.719013,1.0047513568785145,1.0054536276397583,0.5643883158341606,6,1,COMPLETE
7324,51.53,2025-01-22 14:15:05.018777,2025-01-22 14:16:35.528542,0 days 00:01:30.509765,1.0035590293349488,1.0034795058486101,0.29295340100807243,78,3,COMPLETE
7325,41.86,2025-01-22 14:15:12.194999,2025-01-22 14:15:29.149594,0 days 00:00:16.954595,0.15377923556084022,1.116259175017326,0.2954506265897531,2,1,COMPLETE
7326,52.26,2025-01-22 14:15:29.333316,2025-01-22 14:15:47.439828,0 days 00:00:18.106512,1.0439892989406778,2.2353265596898932,0.4574579855760043,4,1,COMPLETE
7327,51.17,2025-01-22 14:15:47.618158,2025-01-22 14:16:09.036009,0 days 00:00:21.417851,0.7595733610277341,1.5275258945581303,0.31505054341562694,8,1,COMPLETE
7328,52.370000000000005,2025-01-22 14:16:09.412182,2025-01-22 14:16:27.268594,0 days 00:00:17.856412,0.9019738266257172,1.2627701537843476,0.4576097822802532,4,1,COMPLETE
7329,52.59,2025-01-22 14:16:27.439609,2025-01-22 14:16:45.036358,0 days 00:00:17.596749,1.2837147063055094,0.9865399728313282,0.38813121375457105,2,1,COMPLETE
7330,52.059999999999995,2025-01-22 14:16:35.725920,2025-01-22 14:16:53.729808,0 days 00:00:18.003888,1.9413013118300586,3.3107756274502567,0.35979802227018615,2,1,COMPLETE
7331,51.03,2025-01-22 14:16:45.222757,2025-01-22 14:17:04.533690,0 days 00:00:19.310933,1.8984255017506932,0.7301575027552718,0.5262374042193714,6,1,COMPLETE
7332,51.839999999999996,2025-01-22 14:16:54.005715,2025-01-22 14:17:12.447391,0 days 00:00:18.441676,1.4733995041136758,1.9191972134572797,0.5144602319494833,5,1,COMPLETE
7333,52.49,2025-01-22 14:17:04.724509,2025-01-22 14:17:22.438796,0 days 00:00:17.714287,1.429210887319015,1.8009182636419403,0.42830184947502475,4,1,COMPLETE
7334,52.39,2025-01-22 14:17:12.757336,2025-01-22 14:17:30.376539,0 days 00:00:17.619203,1.1881428048767322,1.5449607116825663,0.42170656962398256,4,1,COMPLETE
7335,49.64,2025-01-22 14:17:22.626020,2025-01-22 14:17:40.699510,0 days 00:00:18.073490,1.1655973001616657,0.01634070135180397,0.6142405671798373,2,1,COMPLETE
7336,50.23,2025-01-22 14:17:30.562180,2025-01-22 14:17:48.519785,0 days 00:00:17.957605,2.7959146149036416,1.315612665962753,0.3390591046332154,2,1,COMPLETE
7337,51.29,2025-01-22 14:17:40.874863,2025-01-22 14:18:02.326475,0 days 00:00:21.451612,0.6774246470395595,1.3098113279967596,0.32529801028203276,8,1,COMPLETE
7338,45.43,2025-01-22 14:17:48.685609,2025-01-22 14:18:09.057614,0 days 00:00:20.372005,0.7329697476709176,2.615037976743078,0.7890978092407652,7,1,COMPLETE
7339,45.48,2025-01-22 14:18:02.494553,2025-01-22 14:18:22.317705,0 days 00:00:19.823152,0.8335954450993099,2.70165405213153,0.8082292471743732,6,1,COMPLETE
7340,52.190000000000005,2025-01-22 14:18:09.229259,2025-01-22 14:18:27.074590,0 days 00:00:17.845331,0.9655498805799029,1.5628676926546592,0.4864348495183431,4,1,COMPLETE
7341,52.28,2025-01-22 14:18:22.513099,2025-01-22 14:18:41.290585,0 days 00:00:18.777486,1.033018159647718,1.5662763390434962,0.47975248521475694,4,1,COMPLETE
7342,52.82,2025-01-22 14:18:27.254837,2025-01-22 14:18:45.239547,0 days 00:00:17.984710,1.0672255761824065,1.148044958940275,0.405785748186553,2,1,COMPLETE
7343,52.559999999999995,2025-01-22 14:18:41.457295,2025-01-22 14:18:58.903268,0 days 00:00:17.445973,1.3439758341320263,1.1333347445000992,0.390833581664586,2,1,COMPLETE
7344,51.239999999999995,2025-01-22 14:18:45.396067,2025-01-22 14:19:03.126873,0 days 00:00:17.730806,1.3636298343263062,2.0579918084603825,0.607452585524998,2,1,COMPLETE
7345,50.67,2025-01-22 14:18:59.502371,2025-01-22 14:19:22.643619,0 days 00:00:23.141248,1.715895389230456,2.0246807553832142,0.612997316011886,10,1,COMPLETE
7346,51.13999999999999,2025-01-22 14:19:03.289123,2025-01-22 14:19:26.806666,0 days 00:00:23.517543,1.7090253831436648,0.8796670531391465,0.3530469219288918,10,2,COMPLETE
7347,52.129999999999995,2025-01-22 14:19:22.862027,2025-01-22 14:19:42.385676,0 days 00:00:19.523649,0.8737460616155409,0.8945548402149227,0.3508838277385932,6,1,COMPLETE
7349,49.14,2025-01-22 14:19:42.586554,2025-01-22 14:20:00.378866,0 days 00:00:17.792312,2.4039760177483234,5.987313863196697,0.260854413409294,4,1,COMPLETE
7350,52.42,2025-01-22 14:20:00.552853,2025-01-22 14:20:18.643127,0 days 00:00:18.090274,1.1567355804152797,1.3559214288325065,0.46580998611167945,4,1,COMPLETE
7351,51.61,2025-01-22 14:20:18.834261,2025-01-22 14:20:38.100747,0 days 00:00:19.266486,0.9024939038723211,1.7185083686901061,0.5275107909702511,6,1,COMPLETE
7352,49.65,2025-01-22 14:20:38.300287,2025-01-22 14:20:55.216198,0 days 00:00:16.915911,1.168106334455351,1.4490192521801426,0.2179275461039614,2,1,COMPLETE
7353,52.05,2025-01-22 14:20:55.402123,2025-01-22 14:22:30.282482,0 days 00:01:34.880359,1.411795368430868,1.228659211863737,0.4261952873947917,96,4,COMPLETE
7354,52.55,2025-01-22 14:22:30.517766,2025-01-22 14:22:48.264838,0 days 00:00:17.747072,1.0573685864061209,1.8135037446808748,0.41043674195466756,4,1,COMPLETE
7355,51.349999999999994,2025-01-22 14:22:48.451690,2025-01-22 14:23:05.438470,0 days 00:00:16.986780,0.6252112899209151,1.081970310109725,0.5255825423622142,2,1,COMPLETE
7356,22.689999999999998,2025-01-22 14:23:05.870705,2025-01-22 14:23:26.794579,0 days 00:00:20.923874,0.8013673819084188,1.515916865403172,0.0016966406726177607,8,1,COMPLETE
7357,51.349999999999994,2025-01-22 14:23:26.978215,2025-01-22 14:24:32.180030,0 days 00:01:05.201815,1.2980906911029786,1.311772935581376,0.2941547770688266,62,3,COMPLETE
7358,52.17,2025-01-22 14:24:32.379318,2025-01-22 14:24:50.941771,0 days 00:00:18.562453,1.5771077038104104,2.2347395291908625,0.4624421071297952,5,1,COMPLETE
7359,52.39,2025-01-22 14:24:51.127784,2025-01-22 14:25:08.809202,0 days 00:00:17.681418,0.9692201541597828,1.5653694553527595,0.36072198611347134,4,1,COMPLETE
7360,49.559999999999995,2025-01-22 14:25:09.013443,2025-01-22 14:25:50.745648,0 days 00:00:41.732205,1.2130313716048808,1.7469272809521847,0.6976126565125136,33,3,COMPLETE
7361,52.94,2025-01-22 14:25:51.331124,2025-01-22 14:26:08.749587,0 days 00:00:17.418463,1.0776167584062766,1.1025760392643809,0.4185823215922375,2,1,COMPLETE
7362,51.64,2025-01-22 14:26:08.906875,2025-01-22 14:26:28.205448,0 days 00:00:19.298573,0.8721175349744459,1.2995422568323478,0.3199780314476328,6,1,COMPLETE
7363,51.38,2025-01-22 14:26:28.408239,2025-01-22 14:26:45.946380,0 days 00:00:17.538141,1.5792357818618272,0.8105955248904526,0.5604692187478814,4,1,COMPLETE
7364,51.21,2025-01-22 14:26:46.104629,2025-01-22 14:27:03.086406,0 days 00:00:16.981777,0.5395924900678886,1.8695270495664253,0.47244364125759053,2,1,COMPLETE
7365,51.18000000000001,2025-01-22 14:27:03.272531,2025-01-22 14:27:21.378928,0 days 00:00:18.106397,1.3144606788325706,0.3824390367296571,0.3737526308149262,4,1,COMPLETE
7366,42.61,2025-01-22 14:27:21.583335,2025-01-22 14:27:41.835231,0 days 00:00:20.251896,2.177657840448257,0.9824991689454958,1.050643152214438,7,1,COMPLETE
7367,50.71,2025-01-22 14:27:42.021198,2025-01-22 14:27:59.094305,0 days 00:00:17.073107,1.086072128991754,2.3179264715591037,0.25841122426950913,2,1,COMPLETE
7368,52.17,2025-01-22 14:27:59.284106,2025-01-22 14:28:17.309525,0 days 00:00:18.025419,0.7866740767279903,1.4238064964613748,0.46630726198617867,4,1,COMPLETE
7369,49.86,2025-01-22 14:28:17.549880,2025-01-22 14:28:36.528609,0 days 00:00:18.978729,0.9442306884873521,0.0011484958845444438,0.6303460956944876,6,1,COMPLETE
7370,51.43,2025-01-22 14:28:36.911805,2025-01-22 14:29:03.034179,0 days 00:00:26.122374,1.473215370887516,1.199523247265295,0.32669109178661465,16,2,COMPLETE
7371,52.76,2025-01-22 14:29:03.218934,2025-01-22 14:29:20.553584,0 days 00:00:17.334650,1.2064562567010078,1.618560147541119,0.38381297110441065,2,1,COMPLETE
7372,51.349999999999994,2025-01-22 14:29:20.720948,2025-01-22 14:29:38.487708,0 days 00:00:17.766760,0.7104383048623167,1.4028993463326094,0.526163829947403,4,1,COMPLETE
7373,52.410000000000004,2025-01-22 14:29:38.671346,2025-01-22 14:29:55.632467,0 days 00:00:16.961121,1.8083942216843847,1.7392919038095478,0.42207463112718097,2,1,COMPLETE
7374,51.339999999999996,2025-01-22 14:29:55.821737,2025-01-22 14:30:16.829832,0 days 00:00:21.008095,1.0440252884585681,1.0873177617558518,0.29291281351536613,8,1,COMPLETE
7375,51.59,2025-01-22 14:30:17.209130,2025-01-22 14:30:36.399881,0 days 00:00:19.190751,1.358397408615196,2.0152545417383183,0.533914968542771,6,1,COMPLETE
7376,52.459999999999994,2025-01-22 14:30:36.569274,2025-01-22 14:30:54.210833,0 days 00:00:17.641559,0.9176074261498559,1.2623958848356047,0.38327034256369963,4,1,COMPLETE
7377,52.690000000000005,2025-01-22 14:30:54.410660,2025-01-22 14:31:11.572755,0 days 00:00:17.162095,1.1825107023599226,0.9141644316083534,0.4588500980551191,2,1,COMPLETE
7378,0.5,2025-01-22 14:31:11.751881,2025-01-22 14:31:30.442415,0 days 00:00:18.690534,0.015055182260234957,1.5232488905169723,0.3631701181579003,4,1,COMPLETE
7379,51.25999999999999,2025-01-22 14:31:30.778061,2025-01-22 14:31:48.256221,0 days 00:00:17.478160,1.5350483240286557,1.1361251926050189,0.6068617392168132,2,1,COMPLETE
7380,52.14,2025-01-22 14:31:48.432499,2025-01-22 14:32:07.392312,0 days 00:00:18.959813,1.0786756868505187,1.8321827572238707,0.4733758614188783,6,1,COMPLETE
7381,52.56999999999999,2025-01-22 14:32:07.571799,2025-01-22 14:32:25.170453,0 days 00:00:17.598654,0.8463438882677983,1.4162824326801355,0.4164415776816599,4,1,COMPLETE
7382,52.23,2025-01-22 14:32:25.369579,2025-01-22 14:32:42.423603,0 days 00:00:17.054024,1.2665888411386519,2.4313292082724223,0.32046184946262,2,1,COMPLETE
7383,51.43,2025-01-22 14:32:42.598576,2025-01-22 14:33:01.639302,0 days 00:00:19.040726,1.7803889803010613,1.2832063657818062,0.5431949192864542,6,1,COMPLETE
