number,value,datetime_start,datetime_complete,duration,params_gamma_1,params_gamma_2,params_lambda,params_n_clusters,params_n_neighbors,state
1614,0.5,2025-01-21 23:19:26.979254,2025-01-21 23:19:44.302363,0 days 00:00:17.323109,0.016667559283828084,1.2346161433110947,0.2403984659779656,7,1,COMPLETE
1615,49.97,2025-01-21 23:19:38.157879,2025-01-21 23:19:53.276507,0 days 00:00:15.118628,1.475044164940708,1.4285322330016474,0.22636413998864344,6,1,COMPLETE
1616,51.470000000000006,2025-01-21 23:19:44.402699,2025-01-21 23:20:00.668442,0 days 00:00:16.265743,1.3832321206212348,1.5133157474076764,0.2894911780646311,5,1,COMPLETE
1617,50.05,2025-01-21 23:19:53.365374,2025-01-21 23:20:09.358873,0 days 00:00:15.993499,1.347280337855828,0.07679306284734468,0.35757337842938586,4,1,COMPLETE
1618,49.84,2025-01-21 23:20:00.763128,2025-01-21 23:20:15.370644,0 days 00:00:14.607516,1.2299678907841674,0.05235262079330957,0.3350008972257977,4,1,COMPLETE
1619,1.25,2025-01-21 23:20:09.815231,2025-01-21 23:20:24.444672,0 days 00:00:14.629441,0.05217118125259705,1.240157654638614,0.28987645340625273,4,1,COMPLETE
1620,51.28,2025-01-21 23:20:15.469635,2025-01-21 23:20:28.983050,0 days 00:00:13.513415,1.7038955374999314,1.2766101565810513,0.30085465963702657,2,1,COMPLETE
1621,51.839999999999996,2025-01-21 23:20:24.916832,2025-01-21 23:20:38.190283,0 days 00:00:13.273451,1.161805262990696,1.604787314294505,0.2964430530054972,2,1,COMPLETE
1622,47.160000000000004,2025-01-21 23:20:29.077229,2025-01-21 23:20:42.385031,0 days 00:00:13.307802,1.1095360075809866,1.609386093823681,0.17113916324913625,2,1,COMPLETE
1623,51.459999999999994,2025-01-21 23:20:38.492283,2025-01-21 23:20:53.611230,0 days 00:00:15.118947,1.9556061820633706,1.7321241201122597,0.36188256862118423,6,1,COMPLETE
1624,51.43,2025-01-21 23:20:42.480999,2025-01-21 23:20:57.694672,0 days 00:00:15.213673,2.0276168702764052,1.9709230555947355,0.35562415631842237,6,1,COMPLETE
1625,0.5,2025-01-21 23:20:53.725970,2025-01-21 23:21:09.071421,0 days 00:00:15.345451,0.0719840448364999,2.75289721251334,0.3528334597851492,4,1,COMPLETE
1626,51.629999999999995,2025-01-21 23:20:57.804824,2025-01-21 23:21:12.114452,0 days 00:00:14.309628,1.5204446228622275,1.155808380553547,0.3652585451706676,4,1,COMPLETE
1627,52.470000000000006,2025-01-21 23:21:09.147944,2025-01-21 23:21:22.212028,0 days 00:00:13.064084,1.5137951380644705,1.404545479154649,0.38909498555874095,2,1,COMPLETE
1628,51.12,2025-01-21 23:21:12.205549,2025-01-21 23:21:25.308835,0 days 00:00:13.103286,1.23671194314811,1.4557687169122033,0.2621478319661893,2,1,COMPLETE
1629,51.35999999999999,2025-01-21 23:21:22.289495,2025-01-21 23:21:35.584874,0 days 00:00:13.295379,1.22388324197686,2.293488413446133,0.2712974182955663,2,1,COMPLETE
1630,47.620000000000005,2025-01-21 23:21:25.409282,2025-01-21 23:21:41.446682,0 days 00:00:16.037400,1.0417505031394587,2.299506877476308,0.19759387632800338,8,1,COMPLETE
1631,51.74999999999999,2025-01-21 23:21:35.685735,2025-01-21 23:21:50.999095,0 days 00:00:15.313360,0.9705505927542583,1.1790411297168246,0.32462136725079666,7,1,COMPLETE
1632,52.5,2025-01-21 23:21:41.535431,2025-01-21 23:21:55.938299,0 days 00:00:14.402868,0.9647705967786728,1.0851212711984082,0.4259545189323421,4,1,COMPLETE
1633,52.1,2025-01-21 23:21:51.094399,2025-01-21 23:22:05.631274,0 days 00:00:14.536875,1.387513214406626,1.0239780473375968,0.4258330889947569,4,1,COMPLETE
1634,52.410000000000004,2025-01-21 23:21:56.018352,2025-01-21 23:22:10.224954,0 days 00:00:14.206602,1.322157239706586,1.8842410396173732,0.4207026495361785,4,1,COMPLETE
1635,52.11,2025-01-21 23:22:05.731475,2025-01-21 23:22:19.541632,0 days 00:00:13.810157,1.0987445657217894,1.4630975408692635,0.31496445866091105,2,1,COMPLETE
1636,32.09,2025-01-21 23:22:10.346963,2025-01-21 23:22:23.853910,0 days 00:00:13.506947,1.1044453509166132,1.5206085578873156,0.04062949670969696,2,1,COMPLETE
1637,52.04,2025-01-21 23:22:19.726808,2025-01-21 23:22:34.504950,0 days 00:00:14.778142,0.8312557898857403,1.346817806541016,0.4863707266986188,6,1,COMPLETE
1638,25.900000000000002,2025-01-21 23:22:24.148067,2025-01-21 23:22:39.461039,0 days 00:00:15.312972,0.8517599394011945,1.3205208547046632,0.013589130786447585,6,1,COMPLETE
1639,51.9,2025-01-21 23:22:34.613222,2025-01-21 23:22:48.847137,0 days 00:00:14.233915,1.5727195046779852,1.7734557702580402,0.3860545469522063,4,1,COMPLETE
1640,51.5,2025-01-21 23:22:39.559946,2025-01-21 23:22:54.265386,0 days 00:00:14.705440,1.811525170714843,1.8050364763969036,0.33877292364361394,4,1,COMPLETE
1641,47.12,2025-01-21 23:22:48.950516,2025-01-21 23:23:02.265176,0 days 00:00:13.314660,0.23285322781525777,1.143636729978815,0.3413261388866753,2,1,COMPLETE
1642,52.04,2025-01-21 23:22:54.361467,2025-01-21 23:23:11.400426,0 days 00:00:17.038959,1.2462456320000173,2.953180301543033,0.45235757013345634,9,2,COMPLETE
1643,51.910000000000004,2025-01-21 23:23:02.387239,2025-01-21 23:23:19.537150,0 days 00:00:17.149911,1.2471336838890275,0.964606881130351,0.48695560320791936,9,2,COMPLETE
1644,23.91,2025-01-21 23:23:11.578627,2025-01-21 23:23:25.325186,0 days 00:00:13.746559,1.0372538993955307,1.0247899562369427,0.0026707087608188436,2,1,COMPLETE
1645,52.839999999999996,2025-01-21 23:23:19.635544,2025-01-21 23:23:35.142754,0 days 00:00:15.507210,1.0363873329250066,1.2463961982463807,0.39191855896988476,2,1,COMPLETE
1646,51.9,2025-01-21 23:23:25.413647,2025-01-21 23:23:46.581080,0 days 00:00:21.167433,0.7942747392951234,2.0538594271214445,0.3916468990205497,4,1,COMPLETE
1647,50.14999999999999,2025-01-21 23:23:39.964568,2025-01-21 23:23:56.026480,0 days 00:00:16.061912,0.7955569301891179,1.1764054012708056,0.26067049422332483,5,1,COMPLETE
1648,49.99,2025-01-21 23:23:46.675412,2025-01-21 23:24:01.665778,0 days 00:00:14.990366,0.7947915452769085,0.9353761068183225,0.2542912638021971,5,1,COMPLETE
1649,51.61,2025-01-21 23:23:56.269850,2025-01-21 23:24:09.319760,0 days 00:00:13.049910,0.9048029974710424,0.9146200759002662,0.3033130756687029,2,1,COMPLETE
1650,50.160000000000004,2025-01-21 23:24:01.765198,2025-01-21 23:24:48.847767,0 days 00:00:47.082569,0.9268723987803315,1.1620200887353775,0.3070195109041586,81,45,COMPLETE
1651,52.21,2025-01-21 23:24:09.406219,2025-01-21 23:24:22.327989,0 days 00:00:12.921770,0.9235663403533791,1.2553695644009786,0.32638427915549556,2,1,COMPLETE
1652,0.5,2025-01-21 23:24:22.438856,2025-01-21 23:24:38.941943,0 days 00:00:16.503087,0.001517259951750449,1.075968917214731,0.3679910571386532,7,1,COMPLETE
1653,51.300000000000004,2025-01-21 23:24:39.025094,2025-01-21 23:24:52.686393,0 days 00:00:13.661299,0.9625286310701802,1.2421437809137856,0.2866427072029192,4,1,COMPLETE
1654,48.74,2025-01-21 23:24:48.935739,2025-01-21 23:25:03.672305,0 days 00:00:14.736566,0.7121599022370927,1.5745434248011407,0.23694968965876576,4,1,COMPLETE
1655,52.49,2025-01-21 23:24:52.783139,2025-01-21 23:25:05.592590,0 days 00:00:12.809451,0.7470738644211266,1.5470175059558684,0.3776384127409179,2,1,COMPLETE
1656,50.49,2025-01-21 23:25:03.763408,2025-01-21 23:25:16.826326,0 days 00:00:13.062918,0.34371856339141527,0.9507175476141304,0.38432367146255,2,1,COMPLETE
1657,52.14,2025-01-21 23:25:05.916652,2025-01-21 23:25:20.762526,0 days 00:00:14.845874,0.5679913662349247,0.9247164044859961,0.3922202971227659,6,1,COMPLETE
1658,52.38,2025-01-21 23:25:16.940535,2025-01-21 23:25:32.623942,0 days 00:00:15.683407,1.0728706971715996,1.257393455192656,0.4061769019392369,6,1,COMPLETE
1659,52.44,2025-01-21 23:25:20.847954,2025-01-21 23:25:35.074311,0 days 00:00:14.226357,1.0749131241008056,1.3249393891619685,0.437473500368177,4,1,COMPLETE
1660,51.959999999999994,2025-01-21 23:25:32.731417,2025-01-21 23:25:47.335546,0 days 00:00:14.604129,1.0690395839809284,1.6715833184611821,0.316985188778987,4,1,COMPLETE
1661,52.07000000000001,2025-01-21 23:25:35.294199,2025-01-21 23:25:49.165948,0 days 00:00:13.871749,0.8981070993212057,1.7403169932416038,0.3280925611145023,2,1,COMPLETE
1662,52.38,2025-01-21 23:25:47.446958,2025-01-21 23:26:00.638647,0 days 00:00:13.191689,0.9679904200473115,2.1244621098662098,0.3464550074363798,2,1,COMPLETE
1663,52.72,2025-01-21 23:25:49.517383,2025-01-21 23:26:03.169810,0 days 00:00:13.652427,1.1222017486048246,1.0804986112506214,0.471652134613956,2,1,COMPLETE
1664,52.129999999999995,2025-01-21 23:26:00.748405,2025-01-21 23:26:14.750751,0 days 00:00:14.002346,1.2009550901234343,1.0418053178024471,0.4853544435058194,4,1,COMPLETE
1665,51.629999999999995,2025-01-21 23:26:03.272881,2025-01-21 23:26:19.012017,0 days 00:00:15.739136,1.3878499835830784,0.7479782962717161,0.5267692286915162,8,2,COMPLETE
1666,51.54,2025-01-21 23:26:14.868077,2025-01-21 23:26:30.875586,0 days 00:00:16.007509,1.4937976687457533,0.7741546375863148,0.547950432994318,8,1,COMPLETE
1667,51.24999999999999,2025-01-21 23:26:19.093356,2025-01-21 23:26:34.504694,0 days 00:00:15.411338,1.5424570241492743,0.8444365270669904,0.5660458601354371,6,1,COMPLETE
1668,51.83,2025-01-21 23:26:30.957508,2025-01-21 23:26:45.667323,0 days 00:00:14.709815,1.6539661337805944,0.9239517587433136,0.4712280549744605,5,1,COMPLETE
1669,52.27,2025-01-21 23:26:34.615200,2025-01-21 23:26:48.768005,0 days 00:00:14.152805,1.2055408255226578,1.0072175416223357,0.46222748165288363,4,1,COMPLETE
1670,51.370000000000005,2025-01-21 23:26:45.770093,2025-01-21 23:26:59.127439,0 days 00:00:13.357346,1.193012053850034,0.13571799589588013,0.4410802447570512,2,1,COMPLETE
1671,50.519999999999996,2025-01-21 23:26:48.869344,2025-01-21 23:27:02.173712,0 days 00:00:13.304368,1.261046030074333,1.1255760140199451,0.6482200594082185,2,1,COMPLETE
1672,52.080000000000005,2025-01-21 23:26:59.243066,2025-01-21 23:27:12.883663,0 days 00:00:13.640597,1.3428123363016868,0.7351630093793761,0.5243658011774635,2,1,COMPLETE
1673,36.43,2025-01-21 23:27:02.254344,2025-01-21 23:27:16.236468,0 days 00:00:13.982124,1.39080758907641,0.6819655209104778,0.06146157179448711,4,1,COMPLETE
1674,52.480000000000004,2025-01-21 23:27:13.003605,2025-01-21 23:27:28.319591,0 days 00:00:15.315986,1.081294316493616,1.0818003186122944,0.4190638405583021,6,1,COMPLETE
1675,52.470000000000006,2025-01-21 23:27:16.351121,2025-01-21 23:27:31.464811,0 days 00:00:15.113690,1.0838537934784884,1.0932893801886472,0.3945305439367144,6,1,COMPLETE
1676,50.73,2025-01-21 23:27:28.427580,2025-01-21 23:27:43.254164,0 days 00:00:14.826584,1.758049248774492,1.362571644573958,0.6368909970459202,4,1,COMPLETE
1677,50.44,2025-01-21 23:27:31.584480,2025-01-21 23:27:45.849120,0 days 00:00:14.264640,2.190481658627501,2.4924235898503344,0.629300499984646,4,1,COMPLETE
1678,52.019999999999996,2025-01-21 23:27:43.368726,2025-01-21 23:27:57.541519,0 days 00:00:14.172793,1.0886242881926336,2.4844568477103386,0.5324151525263898,2,1,COMPLETE
1679,52.28,2025-01-21 23:27:45.947241,2025-01-21 23:27:58.800919,0 days 00:00:12.853678,1.1049154510530974,0.8536188065443044,0.5168558687469802,2,1,COMPLETE
1680,52.1,2025-01-21 23:27:57.638627,2025-01-21 23:28:11.060814,0 days 00:00:13.422187,1.3984879351932726,0.8215561483244914,0.35588345523414416,2,1,COMPLETE
1681,51.83,2025-01-21 23:27:58.891840,2025-01-21 23:28:13.238190,0 days 00:00:14.346350,1.4278496762464554,1.434057501181502,0.3553495956430043,4,1,COMPLETE
1682,52.17,2025-01-21 23:28:11.171649,2025-01-21 23:28:26.779749,0 days 00:00:15.608100,0.9245571230498002,1.3996265514468815,0.44825742347159475,7,1,COMPLETE
1683,52.12,2025-01-21 23:28:13.523993,2025-01-21 23:28:29.052724,0 days 00:00:15.528731,0.9347558872295179,1.2860745026236864,0.45595901276943235,7,1,COMPLETE
1684,50.81,2025-01-21 23:28:26.864567,2025-01-21 23:28:40.843299,0 days 00:00:13.978732,1.6793432004546207,1.1771506366906628,0.29179243315823894,4,1,COMPLETE
1685,52.18000000000001,2025-01-21 23:28:29.292260,2025-01-21 23:28:43.276853,0 days 00:00:13.984593,1.685992205950797,1.927280554919017,0.4114286664980341,4,1,COMPLETE
1686,0.49,2025-01-21 23:28:40.931783,2025-01-21 23:28:55.283831,0 days 00:00:14.352048,0.00794848181790969,2.000502132533308,0.40392814109429187,2,1,COMPLETE
1687,52.26,2025-01-21 23:28:43.390838,2025-01-21 23:28:56.522508,0 days 00:00:13.131670,1.2184357926087077,0.9552058954026933,0.5272489120066082,2,1,COMPLETE
1688,44.690000000000005,2025-01-21 23:28:55.399002,2025-01-21 23:29:35.838261,0 days 00:00:40.439259,1.223324614434104,1.6238402143533432,0.12696906789910659,66,3,COMPLETE
1689,50.78,2025-01-21 23:28:56.648071,2025-01-21 23:29:11.341611,0 days 00:00:14.693540,1.1167934764146796,1.622553986282305,0.6018019332710444,5,1,COMPLETE
1690,51.17,2025-01-21 23:29:11.438417,2025-01-21 23:29:24.689951,0 days 00:00:13.251534,0.8408307675031739,1.1186826291430005,0.28252133313648325,2,1,COMPLETE
1691,52.04,2025-01-21 23:29:24.778883,2025-01-21 23:30:07.886021,0 days 00:00:43.107138,1.3971871324047054,1.4570355833097257,0.3589476915479023,66,3,COMPLETE
1692,48.230000000000004,2025-01-21 23:29:35.954928,2025-01-21 23:29:51.029303,0 days 00:00:15.074375,0.9586552974271342,2.91380618718024,0.7148732258950663,6,1,COMPLETE
1693,0.5,2025-01-21 23:29:51.108021,2025-01-21 23:30:08.581599,0 days 00:00:17.473578,0.005976928025115881,1.3412533784043144,0.20663757269809704,9,1,COMPLETE
1694,52.129999999999995,2025-01-21 23:30:08.005202,2025-01-21 23:30:24.684522,0 days 00:00:16.679320,1.0214035193639186,1.2599434631073747,0.47199384207646616,10,1,COMPLETE
1695,52.17,2025-01-21 23:30:08.696897,2025-01-21 23:30:23.793386,0 days 00:00:15.096489,1.0491396715903112,0.96736537181487,0.4704452531414493,4,1,COMPLETE
1696,50.78,2025-01-21 23:30:23.897422,2025-01-21 23:30:36.890593,0 days 00:00:12.993171,0.8142739261207568,0.003534668893980453,0.4197570294950411,2,1,COMPLETE
1697,50.71,2025-01-21 23:30:24.773339,2025-01-21 23:31:24.743990,0 days 00:00:59.970651,2.5887560372709624,1.7014685349332332,0.3566299572818807,93,3,COMPLETE
1698,51.67,2025-01-21 23:30:36.973413,2025-01-21 23:30:50.789984,0 days 00:00:13.816571,1.3248017764231337,2.126703347410388,0.5613077686159664,4,1,COMPLETE
1699,51.629999999999995,2025-01-21 23:30:50.893663,2025-01-21 23:31:04.646064,0 days 00:00:13.752401,1.9093604611820778,1.687502729416156,0.34701712257960377,2,1,COMPLETE
1700,51.580000000000005,2025-01-21 23:31:04.765279,2025-01-21 23:31:21.332692,0 days 00:00:16.567413,1.5419445154672025,1.0764494773637017,0.3835075010684692,6,1,COMPLETE
1701,52.019999999999996,2025-01-21 23:31:21.427947,2025-01-21 23:31:36.234128,0 days 00:00:14.806181,1.1936211332177777,0.9266475710349477,0.4976222688214753,4,1,COMPLETE
1702,50.46000000000001,2025-01-21 23:31:24.845306,2025-01-21 23:31:39.310251,0 days 00:00:14.464945,1.199362148784557,0.8334613906607851,0.2503137283305161,4,1,COMPLETE
1703,50.54,2025-01-21 23:31:36.364944,2025-01-21 23:31:50.520449,0 days 00:00:14.155505,0.8894609881421375,1.4137961070075882,0.2540954803531259,2,1,COMPLETE
1704,51.76,2025-01-21 23:31:39.424106,2025-01-21 23:31:53.158526,0 days 00:00:13.734420,0.8917390477326571,1.1940104292141522,0.3064878660349681,2,1,COMPLETE
1705,45.35,2025-01-21 23:31:50.625572,2025-01-21 23:32:03.949021,0 days 00:00:13.323449,0.7524390749450066,1.1348747085386826,0.8266039189703449,2,1,COMPLETE
1706,51.01,2025-01-21 23:31:53.258123,2025-01-21 23:32:07.743449,0 days 00:00:14.485326,1.5136329289262027,1.8376459148410353,0.5997239946229832,6,1,COMPLETE
1707,51.190000000000005,2025-01-21 23:32:04.054051,2025-01-21 23:32:19.419204,0 days 00:00:15.365153,1.4750891806489517,1.8873675453964223,0.573450111349075,6,1,COMPLETE
1708,52.480000000000004,2025-01-21 23:32:07.866288,2025-01-21 23:32:21.942215,0 days 00:00:14.075927,1.1012514895903218,1.5390367138222998,0.4285289051087277,4,1,COMPLETE
1709,52.61,2025-01-21 23:32:19.526537,2025-01-21 23:32:33.641136,0 days 00:00:14.114599,1.0215674643473112,1.5020409521920923,0.4240507295068767,4,1,COMPLETE
1710,0.5,2025-01-21 23:32:22.097119,2025-01-21 23:32:36.323403,0 days 00:00:14.226284,0.023296608056309363,2.284366426461417,0.47498419167353584,2,1,COMPLETE
1711,48.32,2025-01-21 23:32:33.747413,2025-01-21 23:32:47.509937,0 days 00:00:13.762524,1.2916908232200248,0.031171037622471896,0.7013908628198139,2,1,COMPLETE
1712,27.24,2025-01-21 23:32:36.431258,2025-01-21 23:32:49.525744,0 days 00:00:13.094486,1.2796793723101356,0.7126314864551745,0.017070897621640463,2,1,COMPLETE
1713,51.580000000000005,2025-01-21 23:32:47.621045,2025-01-21 23:33:03.089644,0 days 00:00:15.468599,0.999831757646151,0.6999952210608971,0.32430381329119823,8,2,COMPLETE
1714,47.760000000000005,2025-01-21 23:32:49.830798,2025-01-21 23:33:05.800748,0 days 00:00:15.969950,4.369585157861694,1.0054650636681748,0.3137335105474937,8,2,COMPLETE
1715,51.44,2025-01-21 23:33:03.390177,2025-01-21 23:33:17.761138,0 days 00:00:14.370961,1.8712162447311107,0.9859948937518288,0.5135336816690715,5,1,COMPLETE
1716,51.54,2025-01-21 23:33:05.912266,2025-01-21 23:33:20.217388,0 days 00:00:14.305122,1.8046250817168485,1.2746462023675207,0.5174521937967425,5,1,COMPLETE
1717,52.38,2025-01-21 23:33:17.867398,2025-01-21 23:33:32.561543,0 days 00:00:14.694145,0.7778364566910201,1.2740382038953773,0.3790630882290809,4,1,COMPLETE
1718,52.32,2025-01-21 23:33:20.322824,2025-01-21 23:33:34.594341,0 days 00:00:14.271517,0.7543606106691513,1.2448670181618207,0.3720985759973428,4,1,COMPLETE
1719,52.72,2025-01-21 23:33:32.683195,2025-01-21 23:33:46.175192,0 days 00:00:13.491997,1.1136070363085067,2.606478383789125,0.41398046844542113,2,1,COMPLETE
1720,53.0,2025-01-21 23:33:34.883026,2025-01-21 23:33:48.090470,0 days 00:00:13.207444,1.0745334813391478,1.529973915571078,0.4130434618398805,2,1,COMPLETE
1721,49.919999999999995,2025-01-21 23:33:46.290875,2025-01-21 23:33:59.400941,0 days 00:00:13.110066,1.4107488805215929,3.3798171241471193,0.6660768351394286,2,1,COMPLETE
1722,51.55,2025-01-21 23:33:48.609912,2025-01-21 23:34:03.862469,0 days 00:00:15.252557,1.4941171215088698,3.744051489384104,0.42388917990166775,7,1,COMPLETE
1723,51.839999999999996,2025-01-21 23:33:59.509743,2025-01-21 23:34:15.092435,0 days 00:00:15.582692,1.4130100110715262,2.820436399987677,0.431185897440173,7,1,COMPLETE
1724,52.31,2025-01-21 23:34:03.960424,2025-01-21 23:34:18.023001,0 days 00:00:14.062577,1.221420175359855,2.550462186930095,0.4243819810637583,4,1,COMPLETE
1725,52.370000000000005,2025-01-21 23:34:15.223919,2025-01-21 23:34:29.414706,0 days 00:00:14.190787,1.2283245380011834,2.70837565423282,0.41338692207435707,4,1,COMPLETE
1726,50.949999999999996,2025-01-21 23:34:18.128727,2025-01-21 23:34:33.236202,0 days 00:00:15.107475,1.734177995003743,3.3590759628798117,0.2951298705808246,6,1,COMPLETE
1727,50.86000000000001,2025-01-21 23:34:29.508808,2025-01-21 23:34:44.728619,0 days 00:00:15.219811,2.3233603999096912,2.0812546930814513,0.337581006799341,6,1,COMPLETE
1728,51.62,2025-01-21 23:34:33.341442,2025-01-21 23:34:46.539456,0 days 00:00:13.198014,2.1142208562519995,4.8886467553584945,0.3503206915139131,2,1,COMPLETE
1729,0.5,2025-01-21 23:34:44.858713,2025-01-21 23:34:58.675720,0 days 00:00:13.817007,0.009987324566175421,3.1556552423966653,0.48139983972831024,2,1,COMPLETE
1730,51.81,2025-01-21 23:34:46.871591,2025-01-21 23:35:01.092547,0 days 00:00:14.220956,1.641968738895154,4.161205141011796,0.4829916165332788,4,1,COMPLETE
1731,50.3,2025-01-21 23:34:58.768949,2025-01-21 23:35:13.203272,0 days 00:00:14.434323,1.5631721399189296,0.0010089491090546764,0.5519915669597776,4,1,COMPLETE
1732,52.339999999999996,2025-01-21 23:35:01.290281,2025-01-21 23:35:15.204744,0 days 00:00:13.914463,1.1408029668900757,2.638284061984119,0.3864249278010722,4,1,COMPLETE
1733,52.42,2025-01-21 23:35:13.308222,2025-01-21 23:35:26.868545,0 days 00:00:13.560323,1.1662944636857058,3.1187395729079492,0.392017383897299,2,1,COMPLETE
1734,50.27,2025-01-21 23:35:15.543453,2025-01-21 23:35:29.169463,0 days 00:00:13.626010,1.0086849940858105,3.0931883827689517,0.2836768582512389,2,1,COMPLETE
1735,51.07000000000001,2025-01-21 23:35:26.964249,2025-01-21 23:35:41.704558,0 days 00:00:14.740309,0.9433806897190923,2.460753352241397,0.31004942654172146,6,1,COMPLETE
1736,0.5,2025-01-21 23:35:29.383513,2025-01-21 23:35:44.321991,0 days 00:00:14.938478,0.10605989950941193,2.7480795917392418,0.4556369645203319,6,1,COMPLETE
1737,52.16,2025-01-21 23:35:41.802054,2025-01-21 23:35:55.852523,0 days 00:00:14.050469,1.2554880349320572,3.085923616592309,0.4644047025588095,4,1,COMPLETE
1738,51.35999999999999,2025-01-21 23:35:44.424231,2025-01-21 23:36:29.833333,0 days 00:00:45.409102,1.3286149755931458,4.36707327593987,0.557302976497579,71,3,COMPLETE
1739,51.49,2025-01-21 23:35:55.945369,2025-01-21 23:36:09.158539,0 days 00:00:13.213170,1.276039337507394,3.670624404867508,0.5482093183019657,2,1,COMPLETE
1740,52.22,2025-01-21 23:36:09.244341,2025-01-21 23:36:23.467343,0 days 00:00:14.223002,1.3994038776696862,2.2248270558664167,0.3672473176149452,4,1,COMPLETE
1741,51.2,2025-01-21 23:36:23.573336,2025-01-21 23:36:36.947359,0 days 00:00:13.374023,1.080671577478112,2.445214199968957,0.5859305667566802,2,1,COMPLETE
1742,52.71,2025-01-21 23:36:29.942603,2025-01-21 23:36:43.668617,0 days 00:00:13.726014,1.0412787169319373,2.2749150343817197,0.4219140257804232,2,1,COMPLETE
1743,52.0,2025-01-21 23:36:37.211285,2025-01-21 23:36:53.972410,0 days 00:00:16.761125,0.8691536047061399,2.240039717687785,0.4187662964017661,9,1,COMPLETE
1744,51.739999999999995,2025-01-21 23:36:43.761816,2025-01-21 23:36:59.744413,0 days 00:00:15.982597,0.8866896506035994,2.211655633496407,0.3508450985704262,8,1,COMPLETE
1745,24.77,2025-01-21 23:36:54.058504,2025-01-21 23:37:08.815878,0 days 00:00:14.757374,1.5493136381045114,2.497679780562906,0.008213251145598678,5,1,COMPLETE
1746,51.910000000000004,2025-01-21 23:36:59.848327,2025-01-21 23:37:14.739578,0 days 00:00:14.891251,1.5331192328405314,2.930639760187605,0.48668159165608704,5,1,COMPLETE
1747,25.4,2025-01-21 23:37:08.906340,2025-01-21 23:37:53.687126,0 days 00:00:44.780786,1.9612745427153422,2.882629590552032,0.009786753262493106,75,3,COMPLETE
