number,value,datetime_start,datetime_complete,duration,params_gamma_1,params_gamma_2,params_lambda,params_n_clusters,params_n_neighbors,state
3225,51.1,2025-01-22 02:57:43.329638,2025-01-22 02:57:57.692166,0 days 00:00:14.362528,1.3427492030524182,1.2296435892143784,0.271624329031546,4,1,COMPLETE
3226,51.190000000000005,2025-01-22 02:57:46.686319,2025-01-22 02:58:01.426319,0 days 00:00:14.740000,1.9207288630358192,1.368224550126941,0.36507289803011633,5,1,COMPLETE
3227,50.970000000000006,2025-01-22 02:57:57.829289,2025-01-22 02:58:13.170728,0 days 00:00:15.341439,1.8845177640111155,0.7286825085999532,0.36542286600654184,6,1,COMPLETE
3228,51.31,2025-01-22 02:58:01.535162,2025-01-22 02:58:18.719179,0 days 00:00:17.184017,1.065782366812198,1.9045897627708754,0.5308752269355081,12,11,COMPLETE
3229,52.16,2025-01-22 02:58:13.387304,2025-01-22 02:58:26.888633,0 days 00:00:13.501329,1.108786241574746,1.9230516204401005,0.5422942720720985,2,1,COMPLETE
3230,52.51,2025-01-22 02:58:18.873536,2025-01-22 02:58:32.623927,0 days 00:00:13.750391,0.7038593259545709,1.4658671168501958,0.42742054606032087,2,1,COMPLETE
3231,51.55,2025-01-22 02:58:27.273004,2025-01-22 02:58:43.153913,0 days 00:00:15.880909,0.7178961363932403,2.5358543753781424,0.4337319484330509,8,1,COMPLETE
3232,52.35999999999999,2025-01-22 02:58:32.775939,2025-01-22 02:58:48.772241,0 days 00:00:15.996302,0.9023568559379549,1.1268797241253772,0.45141892099251957,8,1,COMPLETE
3233,23.18,2025-01-22 02:58:43.284954,2025-01-22 02:58:57.591069,0 days 00:00:14.306115,0.8622235324674684,1.0820477203414833,0.0013710392101208126,4,1,COMPLETE
3234,51.519999999999996,2025-01-22 02:58:49.135641,2025-01-22 02:59:03.611420,0 days 00:00:14.475779,1.510387752900096,1.6339282573473277,0.30869745261207393,4,1,COMPLETE
3235,51.6,2025-01-22 02:58:57.700384,2025-01-22 02:59:12.234108,0 days 00:00:14.533724,1.4709297185371575,1.5277845713929206,0.3192927572401147,4,1,COMPLETE
3236,42.68,2025-01-22 02:59:03.802042,2025-01-22 02:59:17.250290,0 days 00:00:13.448248,1.2147129257142608,1.3716963882937994,1.0543627864704743,2,1,COMPLETE
3237,49.09,2025-01-22 02:59:12.357242,2025-01-22 02:59:25.703724,0 days 00:00:13.346482,1.2165104326883085,1.3082192306409552,0.719009066990708,2,1,COMPLETE
3238,47.72,2025-01-22 02:59:17.391809,2025-01-22 02:59:32.817996,0 days 00:00:15.426187,1.026883184689241,2.095708068905904,0.7537547188418555,6,1,COMPLETE
3239,52.0,2025-01-22 02:59:25.923562,2025-01-22 02:59:41.529277,0 days 00:00:15.605715,1.004406680630388,2.0565619229748613,0.4872026270834489,6,1,COMPLETE
3240,50.980000000000004,2025-01-22 02:59:32.941603,2025-01-22 03:00:12.929398,0 days 00:00:39.987795,0.8665087430329573,1.7298373285070447,0.5044681586691517,60,33,COMPLETE
3241,51.910000000000004,2025-01-22 02:59:41.821884,2025-01-22 02:59:55.177884,0 days 00:00:13.356000,1.6957080896621977,0.9871069129304834,0.3779534143401206,2,1,COMPLETE
3242,51.83,2025-01-22 02:59:55.324102,2025-01-22 03:00:09.575269,0 days 00:00:14.251167,1.2851446608332182,1.7741272380350965,0.5456683110203552,4,1,COMPLETE
3243,52.82,2025-01-22 03:00:09.701438,2025-01-22 03:00:23.370262,0 days 00:00:13.668824,0.8488322759972793,1.2226228164729798,0.4157989343725588,2,1,COMPLETE
3244,49.47,2025-01-22 03:00:13.056730,2025-01-22 03:00:26.941487,0 days 00:00:13.884757,1.0897355663660486,0.8449763181922781,0.21767753311679078,2,1,COMPLETE
3245,49.309999999999995,2025-01-22 03:00:23.509934,2025-01-22 03:00:37.983625,0 days 00:00:14.473691,1.1346100433839958,0.8404331263167703,0.21418104167156066,4,1,COMPLETE
3246,50.449999999999996,2025-01-22 03:00:27.070954,2025-01-22 03:00:41.364565,0 days 00:00:14.293611,1.4271970873772473,2.6008116731528577,0.6378952358786725,5,1,COMPLETE
3247,44.31,2025-01-22 03:00:38.094568,2025-01-22 03:00:54.032333,0 days 00:00:15.937765,1.4265789529555506,1.4897223235604744,0.9469993849601355,6,1,COMPLETE
3248,51.459999999999994,2025-01-22 03:00:41.507084,2025-01-22 03:00:56.317361,0 days 00:00:14.810277,1.6923242055464878,1.447883710043725,0.3373668211166691,6,1,COMPLETE
3249,51.22,2025-01-22 03:00:54.131128,2025-01-22 03:01:09.093451,0 days 00:00:14.962323,0.6241608046071181,1.2377049994518357,0.3275263560401758,4,1,COMPLETE
3250,43.96,2025-01-22 03:00:56.796633,2025-01-22 03:01:11.191171,0 days 00:00:14.394538,0.12828045555155324,1.078433710545547,0.41930101426196265,2,1,COMPLETE
3251,37.580000000000005,2025-01-22 03:01:09.234223,2025-01-22 03:01:23.899803,0 days 00:00:14.665580,0.020539249784543707,0.0046948872957723545,0.41183265113383616,2,1,COMPLETE
3252,0.5,2025-01-22 03:01:11.697506,2025-01-22 03:01:28.483805,0 days 00:00:16.786299,0.03172223184462886,2.3126424663269805,0.001993795014802034,8,2,COMPLETE
3253,49.35,2025-01-22 03:01:24.027128,2025-01-22 03:01:38.864820,0 days 00:00:14.837692,2.188902946796148,0.009791072141052671,0.4974591358432194,4,1,COMPLETE
3254,51.15,2025-01-22 03:01:28.609146,2025-01-22 03:01:42.979197,0 days 00:00:14.370051,2.1694467369469503,1.8466192501412784,0.5731417217046256,4,1,COMPLETE
3255,51.44,2025-01-22 03:01:39.011358,2025-01-22 03:01:53.748164,0 days 00:00:14.736806,0.9643881570504549,1.7909025511898191,0.5553281903074273,4,1,COMPLETE
3256,52.61,2025-01-22 03:01:43.090834,2025-01-22 03:01:56.433924,0 days 00:00:13.343090,0.970351606226915,1.6330242204369112,0.36208281569712975,2,1,COMPLETE
3257,52.370000000000005,2025-01-22 03:01:53.892079,2025-01-22 03:02:07.111654,0 days 00:00:13.219575,0.7973066835022301,1.0030620960984709,0.3506328192477756,2,1,COMPLETE
3258,51.33,2025-01-22 03:01:56.539678,2025-01-22 03:02:13.216547,0 days 00:00:16.676869,0.747601135307126,0.04152320945744815,0.463586863910613,10,2,COMPLETE
3259,51.74999999999999,2025-01-22 03:02:07.235354,2025-01-22 03:02:24.006151,0 days 00:00:16.770797,1.234452918712017,0.6880929152474297,0.46027529796697836,10,1,COMPLETE
3260,51.17,2025-01-22 03:02:13.333016,2025-01-22 03:02:28.277758,0 days 00:00:14.944742,1.2331498952143236,1.3082285128381068,0.27898606779354534,6,1,COMPLETE
3261,51.01,2025-01-22 03:02:24.108655,2025-01-22 03:02:40.098880,0 days 00:00:15.990225,1.2862650464941408,1.2645412081970817,0.2735172989973467,6,1,COMPLETE
3262,49.9,2025-01-22 03:02:28.431877,2025-01-22 03:02:42.909694,0 days 00:00:14.477817,1.4387216338877242,0.0013692784257378528,0.39548837038442064,4,1,COMPLETE
3263,52.769999999999996,2025-01-22 03:02:40.249517,2025-01-22 03:02:53.830369,0 days 00:00:13.580852,1.056847169907546,2.1927562587355136,0.4031484491686642,2,1,COMPLETE
3264,35.92,2025-01-22 03:02:43.059925,2025-01-22 03:02:56.149369,0 days 00:00:13.089444,1.059185495179979,0.0026216582359313936,0.0707234076015861,2,1,COMPLETE
3265,51.99,2025-01-22 03:02:53.941525,2025-01-22 03:03:07.860444,0 days 00:00:13.918919,1.703604820456822,0.9986962793962523,0.495466768374582,2,1,COMPLETE
3266,50.629999999999995,2025-01-22 03:02:56.410824,2025-01-22 03:03:10.986240,0 days 00:00:14.575416,1.693630071941332,1.039044175953313,0.6480016107781007,4,1,COMPLETE
3267,49.45,2025-01-22 03:03:07.980050,2025-01-22 03:03:22.707355,0 days 00:00:14.727305,0.947783220191187,1.4996546278103011,0.6667596751785693,4,1,COMPLETE
3268,50.42,2025-01-22 03:03:11.122688,2025-01-22 03:03:26.593510,0 days 00:00:15.470822,0.864284999132519,3.185789804230306,0.3304010742069941,7,1,COMPLETE
3269,50.239999999999995,2025-01-22 03:03:22.982835,2025-01-22 03:03:39.215637,0 days 00:00:16.232802,0.7959547212435468,3.4039008275427496,0.3621288153441778,7,1,COMPLETE
3270,51.449999999999996,2025-01-22 03:03:26.722290,2025-01-22 03:03:41.898844,0 days 00:00:15.176554,0.5375669948335042,1.4244360590982759,0.4406448500080794,5,1,COMPLETE
3271,52.33,2025-01-22 03:03:39.330027,2025-01-22 03:03:54.017123,0 days 00:00:14.687096,1.3612348739812594,1.4301125780088766,0.4603078425137879,4,1,COMPLETE
3272,51.93,2025-01-22 03:03:42.029723,2025-01-22 03:03:55.966774,0 days 00:00:13.937051,1.1764000746598147,1.8242902611407648,0.5667932356676721,2,1,COMPLETE
3273,51.839999999999996,2025-01-22 03:03:54.141371,2025-01-22 03:04:07.241666,0 days 00:00:13.100295,1.1386516808899263,1.878838369307728,0.5645607130661457,2,1,COMPLETE
3274,0.51,2025-01-22 03:03:56.526617,2025-01-22 03:04:11.212851,0 days 00:00:14.686234,0.007674732238251729,1.1728603306079197,0.01854834818276334,2,1,COMPLETE
3275,42.43,2025-01-22 03:04:07.385104,2025-01-22 03:04:21.956590,0 days 00:00:14.571486,0.25034188990985706,2.5602250289198474,0.3896744348400855,4,1,COMPLETE
3276,51.77,2025-01-22 03:04:11.349671,2025-01-22 03:04:26.230176,0 days 00:00:14.880505,1.5540245070720602,2.272025067924611,0.38546200402503883,5,1,COMPLETE
3277,51.44,2025-01-22 03:04:22.152217,2025-01-22 03:04:37.293223,0 days 00:00:15.141006,1.4911415183552783,1.1947869579020824,0.3158056977922275,6,1,COMPLETE
3278,50.480000000000004,2025-01-22 03:04:26.392722,2025-01-22 03:04:42.424876,0 days 00:00:16.032154,0.6725543768665591,1.604142714751195,0.30479195212006055,8,2,COMPLETE
3279,52.39,2025-01-22 03:04:37.683347,2025-01-22 03:04:51.091924,0 days 00:00:13.408577,0.9350442699758905,0.788355608254258,0.48630356419782944,2,1,COMPLETE
3280,52.410000000000004,2025-01-22 03:04:42.562469,2025-01-22 03:04:55.963922,0 days 00:00:13.401453,0.9677441785975579,0.7636332704004233,0.4954837369191764,2,1,COMPLETE
3281,46.93,2025-01-22 03:04:51.205849,2025-01-22 03:05:06.066879,0 days 00:00:14.861030,1.1107353300623664,0.9167581998693646,0.8148801408530133,4,1,COMPLETE
3282,52.349999999999994,2025-01-22 03:04:56.110435,2025-01-22 03:05:10.940064,0 days 00:00:14.829629,1.2079892959215468,1.6094550121912363,0.4180149290462809,4,1,COMPLETE
3283,52.449999999999996,2025-01-22 03:05:06.488841,2025-01-22 03:05:21.539574,0 days 00:00:15.050733,1.3025601179297583,1.6269776025463099,0.4309532356483966,4,1,COMPLETE
3284,51.29,2025-01-22 03:05:11.064230,2025-01-22 03:05:26.083611,0 days 00:00:15.019381,1.3317979161684144,1.2124387887555723,0.587383888322208,6,1,COMPLETE
3285,50.849999999999994,2025-01-22 03:05:21.955302,2025-01-22 03:05:37.593392,0 days 00:00:15.638090,0.8047326870082798,1.1854361506131665,0.5681438714958,6,1,COMPLETE
3286,51.68000000000001,2025-01-22 03:05:26.205156,2025-01-22 03:05:41.970439,0 days 00:00:15.765283,0.77070848294611,2.063511450918339,0.3576240883964332,8,1,COMPLETE
3287,52.04,2025-01-22 03:05:37.751386,2025-01-22 03:05:51.211958,0 days 00:00:13.460572,1.8017179640525147,2.039730148438458,0.3667695502726069,2,1,COMPLETE
3288,50.970000000000006,2025-01-22 03:05:42.083418,2025-01-22 03:05:55.292657,0 days 00:00:13.209239,2.632222932133905,1.3225026276663938,0.4921183298383424,2,1,COMPLETE
3289,52.28,2025-01-22 03:05:51.408778,2025-01-22 03:06:19.151420,0 days 00:00:27.742642,1.0038613878618907,1.3754332053885996,0.4861282017075909,38,3,COMPLETE
3290,51.28,2025-01-22 03:05:55.438197,2025-01-22 03:06:09.996133,0 days 00:00:14.557936,1.0710033540575963,1.4390576518552218,0.28447490179296847,4,1,COMPLETE
3291,33.36,2025-01-22 03:06:10.129968,2025-01-22 03:06:23.209654,0 days 00:00:13.079686,0.9635929846374948,0.9816845059198197,0.049623437753871874,2,1,COMPLETE
3292,50.22,2025-01-22 03:06:19.292358,2025-01-22 03:06:33.032764,0 days 00:00:13.740406,1.4713338050171865,1.002301402468953,0.6609449097370259,2,1,COMPLETE
3293,49.76,2025-01-22 03:06:23.331227,2025-01-22 03:06:37.697377,0 days 00:00:14.366150,1.4339902856426134,2.8332739373634097,0.6824021861145002,4,1,COMPLETE
3294,52.190000000000005,2025-01-22 03:06:33.320707,2025-01-22 03:07:00.269519,0 days 00:00:26.948812,1.239202544805139,1.7050266836075625,0.4320677993854242,35,3,COMPLETE
3295,52.27,2025-01-22 03:06:37.845306,2025-01-22 03:06:52.854454,0 days 00:00:15.009148,0.6243195047394682,0.5787122373084971,0.4098357235656969,6,1,COMPLETE
3296,52.0,2025-01-22 03:06:52.973491,2025-01-22 03:07:07.553769,0 days 00:00:14.580278,1.175904908877748,1.772902607523629,0.32821123977615524,4,1,COMPLETE
3297,52.15,2025-01-22 03:07:00.436314,2025-01-22 03:07:15.948921,0 days 00:00:15.512607,1.1228041953584038,1.8739931668871619,0.33423040768036716,4,1,COMPLETE
3298,52.07000000000001,2025-01-22 03:07:07.692154,2025-01-22 03:07:21.558184,0 days 00:00:13.866030,0.8777737954645359,1.082877642642848,0.5257120609454787,2,1,COMPLETE
3299,47.64,2025-01-22 03:07:16.089602,2025-01-22 03:07:30.019434,0 days 00:00:13.929832,1.7942576577910412,1.1642064792501539,0.17184590293410734,2,1,COMPLETE
3300,51.27,2025-01-22 03:07:21.760197,2025-01-22 03:07:38.341716,0 days 00:00:16.581519,1.9032912453933195,1.4312470320161106,0.39053637281975084,8,2,COMPLETE
3301,51.519999999999996,2025-01-22 03:07:30.305390,2025-01-22 03:07:46.540025,0 days 00:00:16.234635,0.7020034658601642,2.298784552293761,0.38959842520193894,8,1,COMPLETE
3302,47.699999999999996,2025-01-22 03:07:38.486759,2025-01-22 03:07:54.077315,0 days 00:00:15.590556,0.7230692488064127,2.3557278860666284,0.23793931676489893,6,1,COMPLETE
3303,49.96,2025-01-22 03:07:46.657183,2025-01-22 03:08:01.624166,0 days 00:00:14.966983,0.852361839342438,0.8632006415762304,0.2472002484137346,5,1,COMPLETE
3304,52.190000000000005,2025-01-22 03:07:54.218249,2025-01-22 03:08:08.733140,0 days 00:00:14.514891,0.901201913303624,1.5484877759270081,0.4659328489853896,4,1,COMPLETE
3305,52.68000000000001,2025-01-22 03:08:01.743038,2025-01-22 03:08:16.022469,0 days 00:00:14.279431,1.3160535413502852,1.5249991207915672,0.47127812569232874,2,1,COMPLETE
3306,52.17,2025-01-22 03:08:08.853206,2025-01-22 03:08:23.010401,0 days 00:00:14.157195,1.5153192338061106,1.3588975152446656,0.5503398529167649,2,1,COMPLETE
3307,51.78,2025-01-22 03:08:16.165346,2025-01-22 03:08:30.633119,0 days 00:00:14.467773,1.5745073609170575,1.2515222703012658,0.5863027868902075,2,1,COMPLETE
3308,51.839999999999996,2025-01-22 03:08:23.372979,2025-01-22 03:08:38.737261,0 days 00:00:15.364282,1.036986017283093,1.1731697916156825,0.3050683180218898,4,1,COMPLETE
3309,51.83,2025-01-22 03:08:30.743816,2025-01-22 03:08:45.953983,0 days 00:00:15.210167,1.067255667067382,1.8115685796237542,0.3089733123049932,4,1,COMPLETE
3310,52.290000000000006,2025-01-22 03:08:38.988906,2025-01-22 03:08:54.542662,0 days 00:00:15.553756,1.0918800452121613,1.9899746322127179,0.43061854325770776,6,1,COMPLETE
3311,52.239999999999995,2025-01-22 03:08:46.099315,2025-01-22 03:09:01.898737,0 days 00:00:15.799422,1.259839190492111,2.105644483409967,0.4287987193649456,6,1,COMPLETE
3312,52.25,2025-01-22 03:08:55.105576,2025-01-22 03:09:08.873880,0 days 00:00:13.768304,1.2920775638608986,0.9180927475275628,0.35669153927174707,2,1,COMPLETE
3313,52.16,2025-01-22 03:09:02.010632,2025-01-22 03:09:15.937429,0 days 00:00:13.926797,1.378366686653038,0.9092888306091196,0.35334105011904227,2,1,COMPLETE
3314,51.51,2025-01-22 03:09:09.013966,2025-01-22 03:09:24.326608,0 days 00:00:15.312642,0.9062273087778941,2.810349271307942,0.5161883714639061,4,1,COMPLETE
3315,51.76,2025-01-22 03:09:16.066437,2025-01-22 03:09:30.812351,0 days 00:00:14.745914,0.9069881535336763,1.6668025293968751,0.5183027182508629,4,1,COMPLETE
3316,50.739999999999995,2025-01-22 03:09:24.468259,2025-01-22 03:09:39.322030,0 days 00:00:14.853771,2.054107825159589,1.5689495223647871,0.6222836374826176,4,1,COMPLETE
3317,48.9,2025-01-22 03:09:30.940707,2025-01-22 03:10:20.248197,0 days 00:00:49.307490,1.151991143555148,1.381239924084591,0.7802282177887472,87,4,COMPLETE
3318,51.92,2025-01-22 03:09:39.590920,2025-01-22 03:10:31.771900,0 days 00:00:52.180980,1.6225491015323215,1.143641234831571,0.40504777674043657,83,4,COMPLETE
3319,52.080000000000005,2025-01-22 03:10:20.359340,2025-01-22 03:10:33.779514,0 days 00:00:13.420174,1.6811279560599208,1.1589897648647383,0.3967777905817895,2,1,COMPLETE
3320,52.49,2025-01-22 03:10:31.929980,2025-01-22 03:10:45.474188,0 days 00:00:13.544208,0.7699855629003423,0.7005590607308715,0.45455905084896986,2,1,COMPLETE
3321,51.93,2025-01-22 03:10:34.382702,2025-01-22 03:10:49.599888,0 days 00:00:15.217186,0.778019768199986,1.837249016578733,0.48077708394021856,6,1,COMPLETE
3322,51.68000000000001,2025-01-22 03:10:45.629876,2025-01-22 03:11:00.804881,0 days 00:00:15.175005,1.0295627284840474,1.887304143152555,0.5251072669511668,6,1,COMPLETE
3323,49.559999999999995,2025-01-22 03:10:49.721623,2025-01-22 03:11:06.475054,0 days 00:00:16.753431,3.183407885899114,1.3840539753440622,0.6082643651541983,10,2,COMPLETE
3324,24.7,2025-01-22 03:11:00.957599,2025-01-22 03:11:15.958873,0 days 00:00:15.001274,1.3677777295700568,4.544412436477856,0.029659562859103823,4,1,COMPLETE
3325,52.18000000000001,2025-01-22 03:11:06.617867,2025-01-22 03:11:21.577234,0 days 00:00:14.959367,1.365542369876097,2.542135123673312,0.3537951878460794,4,1,COMPLETE
3326,50.0,2025-01-22 03:11:16.083277,2025-01-22 03:11:29.866740,0 days 00:00:13.783463,0.5443508017992307,2.514502599729156,0.35331788780710816,2,1,COMPLETE
3327,51.300000000000004,2025-01-22 03:11:21.700104,2025-01-22 03:11:38.446596,0 days 00:00:16.746492,1.097657217295738,1.0969921359093677,0.2890526038111407,8,2,COMPLETE
3328,45.18,2025-01-22 03:11:30.024414,2025-01-22 03:11:46.026346,0 days 00:00:16.001932,1.1112520517385231,1.1055124761907058,0.14236858686828333,7,1,COMPLETE
3329,52.800000000000004,2025-01-22 03:11:38.818320,2025-01-22 03:11:52.774293,0 days 00:00:13.955973,0.9752412125922038,1.538246195192957,0.46377908142424973,2,1,COMPLETE
3330,52.470000000000006,2025-01-22 03:11:46.611422,2025-01-22 03:12:36.648348,0 days 00:00:50.036926,0.9309466720918473,1.5651995724773768,0.46249533720691355,78,3,COMPLETE
3331,48.55,2025-01-22 03:11:52.913735,2025-01-22 03:12:07.064505,0 days 00:00:14.150770,0.9029875077889421,0.11276165921048277,0.7086138185724915,4,1,COMPLETE
3332,52.949999999999996,2025-01-22 03:12:07.316949,2025-01-22 03:12:20.852175,0 days 00:00:13.535226,1.1988311848786122,1.2881549891002575,0.4098754045001243,2,1,COMPLETE
3333,26.939999999999998,2025-01-22 03:12:20.978003,2025-01-22 03:12:59.319532,0 days 00:00:38.341529,0.09349888973543324,1.6138134253212335,0.26864314601238465,64,3,COMPLETE
3334,0.5,2025-01-22 03:12:36.782454,2025-01-22 03:12:53.948230,0 days 00:00:17.165776,0.0014364203568820548,1.7135243582429927,0.2560285389808937,8,1,COMPLETE
3335,50.82,2025-01-22 03:12:54.095651,2025-01-22 03:13:09.349388,0 days 00:00:15.253737,1.9339826829772464,2.0110948108418065,0.2810533596845906,6,1,COMPLETE
3336,50.72,2025-01-22 03:12:59.427222,2025-01-22 03:13:14.819439,0 days 00:00:15.392217,2.2732832051713867,2.0673059113495498,0.3050210322354512,6,1,COMPLETE
3337,51.55,2025-01-22 03:13:09.472383,2025-01-22 03:13:24.686345,0 days 00:00:15.213962,1.5510532288646923,1.4414002634443053,0.3475118909585123,6,1,COMPLETE
3338,51.22,2025-01-22 03:13:14.960918,2025-01-22 03:13:29.592550,0 days 00:00:14.631632,1.642337908489695,1.3650932538246163,0.3366118705925559,5,1,COMPLETE
3339,51.43,2025-01-22 03:13:24.832359,2025-01-22 03:13:42.469785,0 days 00:00:17.637426,1.7170972981871124,1.372309646108959,0.36951586113025053,10,2,COMPLETE
3340,51.580000000000005,2025-01-22 03:13:29.734283,2025-01-22 03:13:46.892039,0 days 00:00:17.157756,1.8609052595654276,1.740003347155414,0.39554369815273244,11,2,COMPLETE
3341,52.25,2025-01-22 03:13:42.619224,2025-01-22 03:13:56.928274,0 days 00:00:14.309050,1.4363598835721398,1.8004564548234079,0.3977649525563759,4,1,COMPLETE
3342,51.739999999999995,2025-01-22 03:13:47.035999,2025-01-22 03:14:01.866965,0 days 00:00:14.830966,1.3945594720723002,1.6550880712804943,0.30809720906871846,4,1,COMPLETE
3343,49.76,2025-01-22 03:13:57.244721,2025-01-22 03:14:13.009773,0 days 00:00:15.765052,1.2807336064743642,0.019708082608114536,0.3201379846809399,8,1,COMPLETE
3344,52.27,2025-01-22 03:14:02.023327,2025-01-22 03:14:17.294077,0 days 00:00:15.270750,1.2700674216270627,2.0991221583372917,0.40076630685781933,6,1,COMPLETE
3345,52.33,2025-01-22 03:14:13.142941,2025-01-22 03:14:27.409362,0 days 00:00:14.266421,1.222378175483224,1.3207118965675693,0.40269266557022965,4,1,COMPLETE
3346,51.9,2025-01-22 03:14:17.412905,2025-01-22 03:14:32.113297,0 days 00:00:14.700392,1.598321679118618,1.3930635873310164,0.42001541097544776,4,1,COMPLETE
3347,49.79,2025-01-22 03:14:27.735995,2025-01-22 03:14:42.214173,0 days 00:00:14.478178,2.0801149623121593,1.4907443840780044,0.24738883939613288,4,1,COMPLETE
3348,52.38,2025-01-22 03:14:32.256052,2025-01-22 03:14:45.650739,0 days 00:00:13.394687,1.4814847115120509,2.234222267455935,0.34152399552611157,2,1,COMPLETE
3349,52.16,2025-01-22 03:14:42.322593,2025-01-22 03:14:56.046576,0 days 00:00:13.723983,1.4475033026451993,1.9522373123592782,0.3223363574023876,2,1,COMPLETE
3350,51.83,2025-01-22 03:14:45.785226,2025-01-22 03:15:01.498313,0 days 00:00:15.713087,1.180093445210269,1.7791086791930588,0.5020209080824396,7,1,COMPLETE
3351,50.629999999999995,2025-01-22 03:14:56.376712,2025-01-22 03:15:12.233757,0 days 00:00:15.857045,2.4803733839175734,1.265115785800791,0.5338409989164462,7,1,COMPLETE
3352,52.22,2025-01-22 03:15:01.630253,2025-01-22 03:15:16.494871,0 days 00:00:14.864618,1.1670234830247364,1.2843843386259606,0.4377691880165963,5,1,COMPLETE
3353,52.09,2025-01-22 03:15:12.400813,2025-01-22 03:15:27.084561,0 days 00:00:14.683748,1.172887191108111,1.6673665881359738,0.38142622255461844,5,1,COMPLETE
3354,51.82,2025-01-22 03:15:16.621705,2025-01-22 03:15:30.079987,0 days 00:00:13.458282,1.8222452097584108,1.5943272840939928,0.3681854640514463,2,1,COMPLETE
3355,51.05,2025-01-22 03:15:27.215084,2025-01-22 03:15:40.989391,0 days 00:00:13.774307,1.777430983998637,1.546206854092998,0.29032878002281176,2,1,COMPLETE
3356,52.18000000000001,2025-01-22 03:15:30.220828,2025-01-22 03:15:44.531207,0 days 00:00:14.310379,1.068598131069715,2.309740695275495,0.47003451730448764,4,1,COMPLETE
3357,52.059999999999995,2025-01-22 03:15:41.116979,2025-01-22 03:15:56.010990,0 days 00:00:14.894011,1.0058275855538947,2.507290104456787,0.4616126599716616,4,1,COMPLETE
3358,51.690000000000005,2025-01-22 03:15:44.670977,2025-01-22 03:15:59.244910,0 days 00:00:14.573933,1.3285716164087755,1.2679055516720719,0.5614011898466752,4,1,COMPLETE
