number,value,datetime_start,datetime_complete,duration,params_gamma_1,params_gamma_2,params_lambda,params_n_clusters,params_n_neighbors,state
5909,0.5,2025-01-22 09:05:41.651401,2025-01-22 09:05:56.077946,0 days 00:00:14.426545,0.007117567075047779,1.2505217800484991,0.40354064593725375,2,1,COMPLETE
5910,52.7,2025-01-22 09:05:42.730717,2025-01-22 09:05:56.150017,0 days 00:00:13.419300,1.368565034266415,1.2193138973715825,0.4019876174882837,2,1,COMPLETE
5911,49.15,2025-01-22 09:05:56.285881,2025-01-22 09:06:11.293995,0 days 00:00:15.008114,0.9887124252442139,2.2307452462677473,0.6724444908993035,6,1,COMPLETE
5912,49.04,2025-01-22 09:05:56.381421,2025-01-22 09:06:11.501676,0 days 00:00:15.120255,0.9394165683222123,2.1362329859173284,0.6702901524789466,6,1,COMPLETE
5913,50.96000000000001,2025-01-22 09:06:11.449680,2025-01-22 09:06:28.136717,0 days 00:00:16.687037,1.6675911964751067,1.0128958582903702,0.5660340486883243,10,2,COMPLETE
5914,50.92,2025-01-22 09:06:11.677493,2025-01-22 09:06:28.765316,0 days 00:00:17.087823,1.6968671022880535,1.0076029634745758,0.3189910663945525,10,2,COMPLETE
5915,51.85999999999999,2025-01-22 09:06:28.312820,2025-01-22 09:06:42.916781,0 days 00:00:14.603961,1.2612252337706629,1.4033084684033832,0.3136879770271703,4,1,COMPLETE
5916,52.31,2025-01-22 09:06:28.934400,2025-01-22 09:06:43.348850,0 days 00:00:14.414450,0.7246284548655064,1.402899292433048,0.4283767539292149,4,1,COMPLETE
5917,36.4,2025-01-22 09:06:43.110611,2025-01-22 09:06:56.941761,0 days 00:00:13.831150,0.7201013259510266,1.6023552480461312,0.08348640516304905,2,1,COMPLETE
5918,52.59,2025-01-22 09:06:43.600548,2025-01-22 09:06:57.177916,0 days 00:00:13.577368,0.8231731863754409,1.6914964444640346,0.3686679084309943,2,1,COMPLETE
5919,52.42,2025-01-22 09:06:57.111757,2025-01-22 09:07:11.070037,0 days 00:00:13.958280,0.8697750551467457,1.9153453069394988,0.35750203830996236,2,1,COMPLETE
5920,51.72,2025-01-22 09:06:57.411064,2025-01-22 09:07:11.741812,0 days 00:00:14.330748,1.1815318283041032,2.715902201650002,0.5505904024990309,4,1,COMPLETE
5921,51.89,2025-01-22 09:07:11.259199,2025-01-22 09:07:26.228230,0 days 00:00:14.969031,1.1279515492889216,0.5826568862108947,0.5096531331621923,5,1,COMPLETE
5922,52.0,2025-01-22 09:07:11.934208,2025-01-22 09:07:28.127675,0 days 00:00:16.193467,1.4252485755737059,1.1889037696989289,0.45254964545804915,8,1,COMPLETE
5923,50.09,2025-01-22 09:07:26.411183,2025-01-22 09:07:42.258211,0 days 00:00:15.847028,2.915905039498301,1.1370107218778667,0.4381509936568903,8,1,COMPLETE
5924,52.349999999999994,2025-01-22 09:07:28.878256,2025-01-22 09:07:43.107575,0 days 00:00:14.229319,1.0072947224911735,0.8167846765703565,0.4275298072969759,4,1,COMPLETE
5925,52.300000000000004,2025-01-22 09:07:42.435550,2025-01-22 09:07:56.744057,0 days 00:00:14.308507,1.0542303750896163,0.8763423461955202,0.3792585407348104,4,1,COMPLETE
5926,52.18000000000001,2025-01-22 09:07:43.269943,2025-01-22 09:07:56.948496,0 days 00:00:13.678553,1.3780865091430023,1.3625541800216507,0.3262015155420044,2,1,COMPLETE
5927,51.239999999999995,2025-01-22 09:07:56.908341,2025-01-22 09:08:23.987946,0 days 00:00:27.079605,1.8216402724173266,1.5835684856641628,0.578561100035237,34,3,COMPLETE
5928,51.29,2025-01-22 09:07:57.281943,2025-01-22 09:08:12.550366,0 days 00:00:15.268423,1.5580633557667753,1.5507556420487159,0.5806551897605484,6,1,COMPLETE
5929,52.07000000000001,2025-01-22 09:08:12.901192,2025-01-22 09:08:26.516392,0 days 00:00:13.615200,2.0799603773227737,2.0601720783149853,0.4971354268424958,2,1,COMPLETE
5930,52.72,2025-01-22 09:08:24.150557,2025-01-22 09:08:37.558422,0 days 00:00:13.407865,1.2553440102928741,2.0503437379849054,0.49519359300254134,2,1,COMPLETE
5931,51.38,2025-01-22 09:08:26.797710,2025-01-22 09:08:41.550971,0 days 00:00:14.753261,1.279657646098054,1.0372852734337203,0.29591077899731827,6,1,COMPLETE
5932,48.69,2025-01-22 09:08:37.748359,2025-01-22 09:08:53.737391,0 days 00:00:15.989032,0.8877662003444264,1.0511547500403995,0.2118680299534947,6,1,COMPLETE
5933,1.7500000000000002,2025-01-22 09:08:41.737124,2025-01-22 09:08:57.242678,0 days 00:00:15.505554,0.06481988567153278,1.3078106275673378,0.22298522314494126,4,1,COMPLETE
5934,52.49,2025-01-22 09:08:53.908256,2025-01-22 09:09:09.187552,0 days 00:00:15.279296,1.0374840160373189,1.2970053284802223,0.3890534944850296,4,1,COMPLETE
5935,52.5,2025-01-22 09:08:57.430724,2025-01-22 09:09:12.053965,0 days 00:00:14.623241,1.052552245601857,1.2801597834709217,0.39203371703245327,4,1,COMPLETE
5936,50.239999999999995,2025-01-22 09:09:09.344955,2025-01-22 09:09:23.447738,0 days 00:00:14.102783,0.6304198736301321,2.5280674154834117,0.3379051342220854,2,1,COMPLETE
5937,52.21,2025-01-22 09:09:12.211670,2025-01-22 09:09:25.705624,0 days 00:00:13.493954,1.4718290908712506,1.7710124940304013,0.3427853341176739,2,1,COMPLETE
5938,47.13,2025-01-22 09:09:23.599671,2025-01-22 09:09:37.208743,0 days 00:00:13.609072,5.980608077915636,1.7873690285918442,0.7046977395748724,2,1,COMPLETE
5939,52.21,2025-01-22 09:09:26.236224,2025-01-22 09:09:40.556343,0 days 00:00:14.320119,0.8355122260107685,1.4562548733636491,0.4687769373365276,4,1,COMPLETE
5940,52.21,2025-01-22 09:09:37.353311,2025-01-22 09:09:52.955432,0 days 00:00:15.602121,0.855861785643228,1.574361186683167,0.4638695472880504,6,1,COMPLETE
5941,51.970000000000006,2025-01-22 09:09:40.709063,2025-01-22 09:09:56.684765,0 days 00:00:15.975702,1.2011346820832667,1.048945865251535,0.4118909068627318,7,1,COMPLETE
5942,50.81,2025-01-22 09:09:53.119335,2025-01-22 09:10:09.366940,0 days 00:00:16.247605,1.228940911984198,1.0913004147954835,0.6247456655411483,8,2,COMPLETE
5943,48.96,2025-01-22 09:09:56.880589,2025-01-22 09:10:11.396132,0 days 00:00:14.515543,1.5284458407121377,0.006302762319497528,0.2784243906083184,4,1,COMPLETE
5944,51.129999999999995,2025-01-22 09:10:09.551783,2025-01-22 09:10:24.241651,0 days 00:00:14.689868,1.6774711205233477,1.3235088136735067,0.30135379029506143,4,1,COMPLETE
5945,29.049999999999997,2025-01-22 09:10:11.979952,2025-01-22 09:10:26.661125,0 days 00:00:14.681173,0.9624803613563078,1.3255277582618634,2.523526209114295,2,1,COMPLETE
5946,51.4,2025-01-22 09:10:24.437304,2025-01-22 09:10:37.856453,0 days 00:00:13.419149,0.9437823290449378,1.8929474516895057,0.5703934167145469,2,1,COMPLETE
5947,52.17,2025-01-22 09:10:27.052755,2025-01-22 09:10:40.721665,0 days 00:00:13.668910,1.1336388415401464,0.8831719786041236,0.5371184252257186,2,1,COMPLETE
5948,50.27,2025-01-22 09:10:38.212089,2025-01-22 09:10:53.153346,0 days 00:00:14.941257,1.1564468279309519,0.030926182581936773,0.3743998882783278,5,1,COMPLETE
5949,52.300000000000004,2025-01-22 09:10:41.038814,2025-01-22 09:10:56.421900,0 days 00:00:15.383086,0.7558858964885495,1.6110337323004809,0.4111341021208107,6,1,COMPLETE
5950,51.43,2025-01-22 09:10:53.331610,2025-01-22 09:11:08.684399,0 days 00:00:15.352789,0.5403201067151102,1.5804446082018702,0.4417789145265419,6,1,COMPLETE
5951,52.2,2025-01-22 09:10:56.578022,2025-01-22 09:11:12.005595,0 days 00:00:15.427573,1.3446012877012392,1.1546286292892096,0.45380125288211887,4,1,COMPLETE
5952,52.21,2025-01-22 09:11:08.882908,2025-01-22 09:11:23.719260,0 days 00:00:14.836352,1.4375237981781777,2.2177284849465124,0.5055185458746156,4,1,COMPLETE
5953,51.77,2025-01-22 09:11:12.177417,2025-01-22 09:11:25.792636,0 days 00:00:13.615219,1.4514432840924392,0.7283264428250967,0.3439619445139423,2,1,COMPLETE
5954,50.94,2025-01-22 09:11:23.886956,2025-01-22 09:11:41.308443,0 days 00:00:17.421487,1.898131910626989,1.1956200359546987,0.35475974714703074,12,2,COMPLETE
5955,52.739999999999995,2025-01-22 09:11:26.422571,2025-01-22 09:11:39.612393,0 days 00:00:13.189822,1.0016754074606082,1.2088639643072103,0.3702925983180138,2,1,COMPLETE
5956,50.64999999999999,2025-01-22 09:11:39.777841,2025-01-22 09:11:54.033516,0 days 00:00:14.255675,2.04302180043004,1.8737910036626055,0.6291614891470391,4,1,COMPLETE
5957,46.92,2025-01-22 09:11:41.930683,2025-01-22 09:11:56.893218,0 days 00:00:14.962535,0.6659750691557179,0.9538937136497737,0.7369472058390278,4,1,COMPLETE
5958,50.519999999999996,2025-01-22 09:11:54.207301,2025-01-22 09:12:10.239386,0 days 00:00:16.032085,0.4423316448659783,0.9733162010126151,0.5168019183709683,8,5,COMPLETE
5959,52.349999999999994,2025-01-22 09:11:57.068366,2025-01-22 09:12:11.003590,0 days 00:00:13.935224,0.8449034433322714,1.4564271862263398,0.5032406094501489,2,1,COMPLETE
5960,47.08,2025-01-22 09:12:10.426602,2025-01-22 09:12:23.374231,0 days 00:00:12.947629,4.918446951685629,1.4297374276741426,0.2966040697988979,2,1,COMPLETE
5961,51.449999999999996,2025-01-22 09:12:11.344132,2025-01-22 09:12:26.404409,0 days 00:00:15.060277,1.1390032734603528,1.4528525050545291,0.29089372538863595,6,1,COMPLETE
5962,52.410000000000004,2025-01-22 09:12:23.557708,2025-01-22 09:13:11.006864,0 days 00:00:47.449156,1.1482115447156254,1.8060004111300094,0.42401489222009003,6,1,COMPLETE
5963,50.22,2025-01-22 09:12:26.583903,2025-01-22 09:12:40.402274,0 days 00:00:13.818371,1.3156814625474273,0.001371713318064473,0.42610909820573833,4,1,COMPLETE
5964,52.26,2025-01-22 09:12:40.606440,2025-01-22 09:12:54.839126,0 days 00:00:14.232686,0.9404981556496911,1.8369711199243055,0.4196747688113462,5,1,COMPLETE
5965,52.66,2025-01-22 09:12:55.002848,2025-01-22 09:13:08.047033,0 days 00:00:13.044185,1.0802941307195664,2.487711839815043,0.38123896730272544,2,1,COMPLETE
5966,51.370000000000005,2025-01-22 09:13:08.192343,2025-01-22 09:13:24.921518,0 days 00:00:16.729175,1.6655000625944238,1.692405807720479,0.5594738373142917,8,1,COMPLETE
5967,50.31,2025-01-22 09:13:11.309361,2025-01-22 09:13:25.813881,0 days 00:00:14.504520,1.572741905847313,1.1555024614262888,0.25218005287953404,4,1,COMPLETE
5968,51.870000000000005,2025-01-22 09:13:25.100825,2025-01-22 09:13:39.484175,0 days 00:00:14.383350,0.8093628143611517,1.1307406478868363,0.3306500744127385,4,1,COMPLETE
5969,43.47,2025-01-22 09:13:25.963508,2025-01-22 09:13:39.705297,0 days 00:00:13.741789,0.8003287530429334,0.8066741165899028,0.9266805016416086,2,1,COMPLETE
5970,52.64,2025-01-22 09:13:39.825233,2025-01-22 09:13:53.266349,0 days 00:00:13.441116,1.3691526934830212,2.2026975647803733,0.47940326150055074,2,1,COMPLETE
5971,52.82,2025-01-22 09:13:39.877301,2025-01-22 09:13:53.312370,0 days 00:00:13.435069,1.2874537761872071,2.152804588190217,0.47770780798563656,2,1,COMPLETE
5972,50.349999999999994,2025-01-22 09:13:53.450929,2025-01-22 09:14:08.904725,0 days 00:00:15.453796,0.9869121864920154,1.3942719572447018,0.6216058380572723,6,1,COMPLETE
5973,35.120000000000005,2025-01-22 09:13:53.550761,2025-01-22 09:14:08.777581,0 days 00:00:15.226820,2.5895286823511308,1.3706856578207882,1.6517792793034485,5,1,COMPLETE
5974,52.349999999999994,2025-01-22 09:14:08.957890,2025-01-22 09:14:24.090454,0 days 00:00:15.132564,1.0633027048487156,0.9837669916414334,0.3746846473290055,4,1,COMPLETE
5975,52.290000000000006,2025-01-22 09:14:09.119242,2025-01-22 09:14:23.867743,0 days 00:00:14.748501,1.065408243136637,0.9509274872621746,0.3701772803533737,4,1,COMPLETE
5976,51.1,2025-01-22 09:14:24.059447,2025-01-22 09:14:40.535107,0 days 00:00:16.475660,0.6821563112358491,1.6500412402809195,0.5408359854032885,8,6,COMPLETE
5977,49.830000000000005,2025-01-22 09:14:24.279623,2025-01-22 09:14:40.974452,0 days 00:00:16.694829,3.603689297013038,1.6818766212212706,0.5359256434785632,9,2,COMPLETE
5978,51.99,2025-01-22 09:14:40.718718,2025-01-22 09:14:54.323691,0 days 00:00:13.604973,1.24062488737897,1.2343329674066137,0.31786510539907986,2,1,COMPLETE
5979,52.059999999999995,2025-01-22 09:14:41.321827,2025-01-22 09:14:54.870088,0 days 00:00:13.548261,1.2679809156205781,1.2441531705591697,0.32281543428497045,2,1,COMPLETE
5980,52.51,2025-01-22 09:14:54.512574,2025-01-22 09:15:10.002443,0 days 00:00:15.489869,0.912648406201693,1.4484760125206801,0.4422680017011667,6,1,COMPLETE
5981,52.480000000000004,2025-01-22 09:14:55.066805,2025-01-22 09:15:10.361188,0 days 00:00:15.294383,0.8961443357685261,1.4770391739988125,0.43883093212370916,6,1,COMPLETE
5982,30.869999999999997,2025-01-22 09:15:10.300819,2025-01-22 09:15:24.829969,0 days 00:00:14.529150,1.7935601770629301,2.0312269957844973,0.02904556305390236,4,1,COMPLETE
5983,51.839999999999996,2025-01-22 09:15:10.546880,2025-01-22 09:15:25.292497,0 days 00:00:14.745617,1.8019349447717852,2.7300291642016012,0.38213151146286006,4,1,COMPLETE
5984,50.449999999999996,2025-01-22 09:15:25.007035,2025-01-22 09:15:38.408448,0 days 00:00:13.401413,1.4943229116904295,1.0984110472771613,0.6488078685468005,2,1,COMPLETE
5985,51.11,2025-01-22 09:15:25.471604,2025-01-22 09:15:38.973876,0 days 00:00:13.502272,1.5177860951907767,1.0724530092561415,0.6141584950857281,2,1,COMPLETE
5986,52.82,2025-01-22 09:15:38.573060,2025-01-22 09:15:52.214205,0 days 00:00:13.641145,1.1498637291677147,1.8981049417129292,0.4749327505272081,2,1,COMPLETE
5987,51.849999999999994,2025-01-22 09:15:39.116963,2025-01-22 09:15:53.894324,0 days 00:00:14.777361,0.7351551410892274,1.882717493105747,0.46764270538346975,4,1,COMPLETE
5988,52.32,2025-01-22 09:15:52.385214,2025-01-22 09:16:06.990949,0 days 00:00:14.605735,0.7108076334278508,1.5684535840547997,0.3961877793588302,4,1,COMPLETE
5989,23.810000000000002,2025-01-22 09:15:54.523945,2025-01-22 09:16:09.709094,0 days 00:00:15.185149,0.9661797436426256,1.5607759911590733,0.004048658359584077,6,1,COMPLETE
5990,50.79,2025-01-22 09:16:07.182207,2025-01-22 09:16:23.406110,0 days 00:00:16.223903,0.9698169294379302,0.8650810036214592,0.2694250602805756,7,1,COMPLETE
5991,26.69,2025-01-22 09:16:09.901417,2025-01-22 09:16:26.120139,0 days 00:00:16.218722,1.3094102146518127,0.8037072993609798,0.01423702075782992,7,1,COMPLETE
5992,52.27,2025-01-22 09:16:23.562242,2025-01-22 09:16:37.146646,0 days 00:00:13.584404,1.2628091848345984,1.3189408733289836,0.3409712609653352,2,1,COMPLETE
5993,52.42,2025-01-22 09:16:26.447718,2025-01-22 09:16:39.376099,0 days 00:00:12.928381,1.1414295871363633,1.3660763610171853,0.3378304913211982,2,1,COMPLETE
5994,48.15,2025-01-22 09:16:37.318512,2025-01-22 09:16:52.398359,0 days 00:00:15.079847,0.2762801689891577,1.2232520299313985,0.5386504412683654,4,1,COMPLETE
5995,48.730000000000004,2025-01-22 09:16:40.001687,2025-01-22 09:16:54.317922,0 days 00:00:14.316235,1.5059920769803465,1.2798601843829822,0.7501213487211544,4,1,COMPLETE
5996,51.64,2025-01-22 09:16:52.557370,2025-01-22 09:17:06.996473,0 days 00:00:14.439103,1.525698029516122,0.6536951457073831,0.41896949574977627,4,1,COMPLETE
5997,51.44,2025-01-22 09:16:54.905069,2025-01-22 09:17:09.509120,0 days 00:00:14.604051,2.1472024585881635,2.3534326997247237,0.4075561878891949,5,1,COMPLETE
5998,50.91,2025-01-22 09:17:07.149895,2025-01-22 09:17:42.188138,0 days 00:00:35.038243,0.5986525945824366,2.2964393504701817,0.4003482372008993,55,19,COMPLETE
5999,52.32,2025-01-22 09:17:09.747016,2025-01-22 09:17:22.743568,0 days 00:00:12.996552,0.8226075906268853,1.7021683952734403,0.4979565959037594,2,1,COMPLETE
6000,51.470000000000006,2025-01-22 09:17:22.900956,2025-01-22 09:17:39.260213,0 days 00:00:16.359257,1.0371573701131558,1.050164873589768,0.29359679302802943,9,2,COMPLETE
6001,51.82,2025-01-22 09:17:39.446632,2025-01-22 09:17:53.272907,0 days 00:00:13.826275,0.5778635723508398,1.556910922539933,0.3727839043880633,2,1,COMPLETE
6002,51.65,2025-01-22 09:17:42.340988,2025-01-22 09:17:56.059804,0 days 00:00:13.718816,1.2135033021588746,1.561518613877873,0.5853801852143217,2,1,COMPLETE
6003,51.71,2025-01-22 09:17:53.448202,2025-01-22 09:18:36.661298,0 days 00:00:43.213096,1.1626998926736132,1.9296129438817686,0.5764824217868076,66,4,COMPLETE
6004,52.459999999999994,2025-01-22 09:17:56.337935,2025-01-22 09:18:11.346081,0 days 00:00:15.008146,0.9276204627467196,0.9625586230132143,0.47717117051848873,6,1,COMPLETE
6005,50.74999999999999,2025-01-22 09:18:11.520171,2025-01-22 09:18:25.731458,0 days 00:00:14.211287,1.0709187795665882,1.9529831005336427,0.2635155548490047,4,1,COMPLETE
6006,52.09,2025-01-22 09:18:26.059363,2025-01-22 09:18:41.094898,0 days 00:00:15.035535,1.3473482639224235,1.14791532430021,0.45592491507039334,6,1,COMPLETE
6007,52.07000000000001,2025-01-22 09:18:36.811795,2025-01-22 09:18:52.647545,0 days 00:00:15.835750,1.3838696856263357,1.1335124658766553,0.4512656230336707,6,1,COMPLETE
6008,51.89,2025-01-22 09:18:41.244307,2025-01-22 09:18:56.222192,0 days 00:00:14.977885,0.8815899090127887,1.3420920136688712,0.3362896021509537,4,1,COMPLETE
6009,52.019999999999996,2025-01-22 09:18:52.818349,2025-01-22 09:19:38.587993,0 days 00:00:45.769644,0.8096684849800009,1.380585861818644,0.3374959294519588,71,3,COMPLETE
6010,43.49,2025-01-22 09:18:56.368310,2025-01-22 09:19:09.501706,0 days 00:00:13.133396,0.7601460549638314,1.6799427546956778,0.1466119505218475,2,1,COMPLETE
6011,50.09,2025-01-22 09:19:09.648040,2025-01-22 09:19:23.809806,0 days 00:00:14.161766,1.7062001204391806,1.3430454944791146,0.6777951819067194,4,1,COMPLETE
6012,52.76,2025-01-22 09:19:23.958415,2025-01-22 09:19:36.951285,0 days 00:00:12.992870,1.039263723406376,0.9590654686009358,0.37081767233934476,2,1,COMPLETE
6013,51.72,2025-01-22 09:19:37.108482,2025-01-22 09:19:53.628183,0 days 00:00:16.519701,1.266888936549311,2.7303152011011833,0.5219378037834635,10,2,COMPLETE
6014,52.080000000000005,2025-01-22 09:19:38.851647,2025-01-22 09:19:53.828695,0 days 00:00:14.977048,1.2992654513422677,1.680658276378052,0.5287865335718197,4,1,COMPLETE
6015,52.190000000000005,2025-01-22 09:19:53.790058,2025-01-22 09:20:10.184425,0 days 00:00:16.394367,0.9768725800105181,1.1566293148131144,0.4197415111406791,8,2,COMPLETE
6016,51.370000000000005,2025-01-22 09:19:54.020608,2025-01-22 09:20:10.211309,0 days 00:00:16.190701,0.9795418707975686,0.2599485446126113,0.39129031826831445,8,2,COMPLETE
6017,51.15,2025-01-22 09:20:10.373980,2025-01-22 09:20:24.626781,0 days 00:00:14.252801,1.883677337933623,1.9952817990935674,0.302147958208144,2,1,COMPLETE
6018,50.239999999999995,2025-01-22 09:20:10.381245,2025-01-22 09:20:24.680195,0 days 00:00:14.298950,1.8131812569937704,2.0249562189585655,0.23959815839179835,2,1,COMPLETE
6019,46.89,2025-01-22 09:20:24.946466,2025-01-22 09:20:43.486198,0 days 00:00:18.539732,1.1339900993569534,0.8424103852642535,0.8145063032286135,15,2,COMPLETE
6020,51.85999999999999,2025-01-22 09:20:25.069625,2025-01-22 09:20:40.137383,0 days 00:00:15.067758,1.5234244895227542,0.7712005950524904,0.46065417332293707,5,1,COMPLETE
6021,50.77,2025-01-22 09:20:40.315789,2025-01-22 09:20:54.933153,0 days 00:00:14.617364,1.1111813528226193,1.5240623414965109,0.6128268841405318,4,1,COMPLETE
6022,50.43,2025-01-22 09:20:43.660075,2025-01-22 09:20:58.876801,0 days 00:00:15.216726,0.8723409932573869,1.5044689835849132,0.6066140718999271,4,1,COMPLETE
6023,51.53,2025-01-22 09:20:55.082340,2025-01-22 09:21:10.338965,0 days 00:00:15.256625,0.8485128343752814,1.2351891226422014,0.310740834254577,6,1,COMPLETE
6024,50.43,2025-01-22 09:20:59.057638,2025-01-22 09:21:14.085049,0 days 00:00:15.027411,2.328569458711275,1.1667386251275622,0.31021269916274474,6,1,COMPLETE
6025,52.28,2025-01-22 09:21:10.505597,2025-01-22 09:21:24.761874,0 days 00:00:14.256277,1.4619917227583998,0.9945735743513968,0.41827837230976556,2,1,COMPLETE
6026,52.28,2025-01-22 09:21:14.265951,2025-01-22 09:21:27.704176,0 days 00:00:13.438225,1.451239668584456,0.9957097205129545,0.4248000188984394,2,1,COMPLETE
6027,52.71,2025-01-22 09:21:24.929920,2025-01-22 09:21:38.151088,0 days 00:00:13.221168,1.2435077931872036,1.7535028971402649,0.4814153156108289,2,1,COMPLETE
6028,51.78,2025-01-22 09:21:27.888177,2025-01-22 09:22:12.786215,0 days 00:00:44.898038,0.6937429019013446,1.7588957314348637,0.5151919908775726,76,4,COMPLETE
6029,51.38,2025-01-22 09:21:38.316303,2025-01-22 09:21:52.706035,0 days 00:00:14.389732,0.6938690325160582,1.3836608976689502,0.5169609505864409,4,1,COMPLETE
6030,52.349999999999994,2025-01-22 09:21:53.052066,2025-01-22 09:22:07.598688,0 days 00:00:14.546622,1.0293212286356344,2.413338817525471,0.3632327927042719,4,1,COMPLETE
6031,52.07000000000001,2025-01-22 09:22:07.799560,2025-01-22 09:22:23.805880,0 days 00:00:16.006320,1.1460479095818235,1.764805131670392,0.3734064658459896,7,1,COMPLETE
6032,51.85999999999999,2025-01-22 09:22:12.933692,2025-01-22 09:22:29.282251,0 days 00:00:16.348559,1.1007363871162157,1.273760690399329,0.3614562855761434,7,1,COMPLETE
6033,52.339999999999996,2025-01-22 09:22:24.025889,2025-01-22 09:22:37.696039,0 days 00:00:13.670150,1.580874625780018,1.2224960642862037,0.4457250639817373,2,1,COMPLETE
6034,48.49,2025-01-22 09:22:29.436446,2025-01-22 09:22:43.329304,0 days 00:00:13.892858,0.9172033799019348,1.473364160754412,0.7100649720734842,2,1,COMPLETE
6035,48.86,2025-01-22 09:22:38.138384,2025-01-22 09:22:52.742486,0 days 00:00:14.604102,0.8675586189458494,1.5129567705568685,0.6795976215737476,4,1,COMPLETE
6036,51.839999999999996,2025-01-22 09:22:43.493266,2025-01-22 09:22:57.852878,0 days 00:00:14.359612,1.2356470880511863,1.081168237541162,0.5406272893021651,4,1,COMPLETE
6037,50.970000000000006,2025-01-22 09:22:52.901596,2025-01-22 09:23:07.718622,0 days 00:00:14.817026,1.3425818815267672,1.0682297937339922,0.27810523153138067,5,1,COMPLETE
6038,52.11,2025-01-22 09:22:57.994550,2025-01-22 09:23:13.115826,0 days 00:00:15.121276,1.3206562446458443,2.176157387755208,0.4089085034318752,5,1,COMPLETE
6039,38.74,2025-01-22 09:23:07.880659,2025-01-22 09:23:26.196101,0 days 00:00:18.315442,1.675138681474204,2.0640476427703724,1.2843694834308788,12,2,COMPLETE
6040,52.28,2025-01-22 09:23:13.288773,2025-01-22 09:23:27.177083,0 days 00:00:13.888310,1.7099829249536989,1.344757498627766,0.4644113684058486,2,1,COMPLETE
6041,48.49,2025-01-22 09:23:26.607719,2025-01-22 09:23:40.348484,0 days 00:00:13.740765,0.9821231597257686,1.3597179358134477,0.2009198911592034,2,1,COMPLETE
6042,50.529999999999994,2025-01-22 09:23:27.566182,2025-01-22 09:23:41.608973,0 days 00:00:14.042791,1.123277187027636,0.06641394440092808,0.3433681818707468,2,1,COMPLETE
