number,value,datetime_start,datetime_complete,duration,params_gamma_1,params_gamma_2,params_lambda,params_n_clusters,params_n_neighbors,state
538,52.53,2025-01-21 19:34:14.704087,2025-01-21 19:34:34.831281,0 days 00:00:20.127194,1.109888140716463,1.8168257383618118,0.44980667564562543,21,7,COMPLETE
539,50.17,2025-01-21 19:34:34.907807,2025-01-21 19:34:57.213598,0 days 00:00:22.305791,1.0569254857220454,0.01875320546781711,0.5693160355989397,26,9,COMPLETE
540,46.129999999999995,2025-01-21 19:34:57.298119,2025-01-21 19:35:17.953937,0 days 00:00:20.655818,0.893157948005962,2.317060616098916,0.17549251690605716,24,9,COMPLETE
541,51.93,2025-01-21 19:35:18.043575,2025-01-21 19:35:37.895168,0 days 00:00:19.851593,0.6635784382881794,1.902440280684464,0.4831858495741525,21,7,COMPLETE
542,50.57000000000001,2025-01-21 19:35:37.972307,2025-01-21 19:36:00.639780,0 days 00:00:22.667473,1.1183441599125294,1.3776462744505398,0.6617720119172269,27,10,COMPLETE
543,51.62,2025-01-21 19:36:00.739491,2025-01-21 19:36:20.690503,0 days 00:00:19.951012,0.8227453421634722,1.076039032965611,0.31156564640971285,22,7,COMPLETE
544,52.64,2025-01-21 19:36:20.972070,2025-01-21 19:36:39.548002,0 days 00:00:18.575932,0.9420035211875736,2.1393109657019003,0.42792239556158895,17,8,COMPLETE
545,50.27,2025-01-21 19:36:39.631582,2025-01-21 19:36:57.446843,0 days 00:00:17.815261,0.7139704219015561,3.1259404708070577,0.562208831613424,15,8,COMPLETE
546,22.67,2025-01-21 19:36:57.530630,2025-01-21 19:37:15.843987,0 days 00:00:18.313357,0.5456923701970194,0.009786570307142448,0.0061380870513647575,17,8,COMPLETE
547,37.9,2025-01-21 19:37:15.920689,2025-01-21 19:37:33.337206,0 days 00:00:17.416517,0.9034793277153113,2.4843071463344377,0.09505060440414284,14,8,COMPLETE
548,52.05,2025-01-21 19:37:33.427828,2025-01-21 19:37:44.981698,0 days 00:00:11.553870,0.7634271983567011,2.149962601196831,0.44544603713608866,1,1,COMPLETE
549,52.239999999999995,2025-01-21 19:37:45.067722,2025-01-21 19:38:03.999979,0 days 00:00:18.932257,0.9963763338983723,2.2232108512699287,0.501129242096995,18,8,COMPLETE
550,46.93,2025-01-21 19:38:04.073919,2025-01-21 19:38:21.825166,0 days 00:00:17.751247,0.6299480991921214,2.7500341525203513,0.7301085668933704,16,8,COMPLETE
551,52.44,2025-01-21 19:38:21.893967,2025-01-21 19:38:40.646201,0 days 00:00:18.752234,1.2295977835756418,1.8503630427994442,0.4040901781513084,18,8,COMPLETE
552,51.21,2025-01-21 19:38:40.715149,2025-01-21 19:39:00.004277,0 days 00:00:19.289128,0.8942258209197463,1.7858641549959806,0.5887261371047207,20,7,COMPLETE
553,48.74,2025-01-21 19:39:00.087180,2025-01-21 19:39:37.334687,0 days 00:00:37.247507,0.3896410268409824,2.326135585679636,0.4484052620791487,63,22,COMPLETE
554,52.26,2025-01-21 19:39:37.414129,2025-01-21 19:40:01.830178,0 days 00:00:24.416049,1.1205369759701733,1.9641460427543775,0.3560993031836082,32,5,COMPLETE
555,51.980000000000004,2025-01-21 19:40:01.907660,2025-01-21 19:40:18.412374,0 days 00:00:16.504714,0.7708027693445287,1.701246241128254,0.49066063102537677,11,8,COMPLETE
556,51.68000000000001,2025-01-21 19:40:18.476489,2025-01-21 19:40:37.971299,0 days 00:00:19.494810,0.9977716518067211,3.434759856225207,0.40431444746200845,19,7,COMPLETE
557,44.76,2025-01-21 19:40:38.041843,2025-01-21 19:40:56.142879,0 days 00:00:18.101036,1.3277413455193359,1.2724931356084697,1.017796614909595,16,8,COMPLETE
558,50.370000000000005,2025-01-21 19:40:56.209729,2025-01-21 19:41:16.062723,0 days 00:00:19.852994,0.6628319954752538,1.5290443913356377,0.6032523201750837,21,7,COMPLETE
559,50.42,2025-01-21 19:41:16.139714,2025-01-21 19:41:36.767007,0 days 00:00:20.627293,0.4754285773077052,0.9543078291221965,0.31605848639841533,24,14,COMPLETE
560,51.99,2025-01-21 19:41:36.843967,2025-01-21 19:41:55.649050,0 days 00:00:18.805083,0.8400192919104128,2.1069767270231328,0.5254829333607798,18,8,COMPLETE
561,52.03,2025-01-21 19:41:55.714990,2025-01-21 19:42:12.412857,0 days 00:00:16.697867,1.208119081589597,2.8639915972930967,0.3720720986451418,12,8,COMPLETE
562,52.21,2025-01-21 19:42:12.497524,2025-01-21 19:42:28.091032,0 days 00:00:15.593508,0.9741301699771353,0.7940438870411486,0.44459515879748207,8,7,COMPLETE
563,33.82,2025-01-21 19:42:28.174170,2025-01-21 19:42:49.489495,0 days 00:00:21.315325,0.05726369591005817,1.1001905324893912,0.6838648201749052,25,6,COMPLETE
564,52.16,2025-01-21 19:42:49.582148,2025-01-21 19:43:09.259542,0 days 00:00:19.677394,0.7988979036838988,1.6586932902934783,0.5044406925697407,22,7,COMPLETE
565,51.5,2025-01-21 19:43:09.343854,2025-01-21 19:43:31.688915,0 days 00:00:22.345061,1.4417752601900793,1.3647937922248992,0.2702001123284329,27,6,COMPLETE
566,52.01,2025-01-21 19:43:31.763283,2025-01-21 19:43:48.977931,0 days 00:00:17.214648,1.0910996844896568,2.0967411219965726,0.3453547871429921,14,8,COMPLETE
567,50.99,2025-01-21 19:43:49.068659,2025-01-21 19:44:07.955840,0 days 00:00:18.887181,0.6086005636799593,0.04019448759855596,0.4176254786504033,20,7,COMPLETE
568,51.72,2025-01-21 19:44:08.031545,2025-01-21 19:44:27.905757,0 days 00:00:19.874212,0.9539583549234324,1.1814841376622465,0.5677132895907485,23,9,COMPLETE
569,52.25,2025-01-21 19:44:27.997260,2025-01-21 19:44:46.177839,0 days 00:00:18.180579,0.7234797348417968,1.7450169451108335,0.44966858912562324,17,8,COMPLETE
570,51.93,2025-01-21 19:44:46.266662,2025-01-21 19:45:09.225553,0 days 00:00:22.958891,1.498404759409129,1.4124464025526888,0.37489817273641723,29,6,COMPLETE
571,51.6,2025-01-21 19:45:09.326669,2025-01-21 19:45:42.965574,0 days 00:00:33.638905,1.1704036387077519,2.606448549168965,0.31328730255036435,55,5,COMPLETE
572,52.690000000000005,2025-01-21 19:45:43.078460,2025-01-21 19:46:05.205786,0 days 00:00:22.127326,0.8909277939033544,0.9124977691017021,0.5043847319556536,26,6,COMPLETE
573,50.7,2025-01-21 19:46:05.295411,2025-01-21 19:46:24.279701,0 days 00:00:18.984290,0.9018113189972232,0.7798798273433089,0.6416707049631389,20,7,COMPLETE
574,47.96,2025-01-21 19:46:24.353549,2025-01-21 19:46:44.656786,0 days 00:00:20.303237,1.1013224538168014,0.6980546835215735,0.8329136656009862,24,6,COMPLETE
575,47.99,2025-01-21 19:46:44.727970,2025-01-21 19:47:04.462217,0 days 00:00:19.734247,4.8236242121222626,0.8551490100419307,0.53948015676227,22,6,COMPLETE
576,50.03999999999999,2025-01-21 19:47:04.547024,2025-01-21 19:47:26.474043,0 days 00:00:21.927019,1.3411598644790645,0.6438047293678303,0.7279287801945441,26,6,COMPLETE
577,50.77,2025-01-21 19:47:26.559004,2025-01-21 19:47:45.742115,0 days 00:00:19.183111,1.6488102428343419,0.575590397593386,0.5777176364759016,19,7,COMPLETE
578,52.33,2025-01-21 19:47:45.822837,2025-01-21 19:48:05.404159,0 days 00:00:19.581322,0.8487604511558786,1.0254933443495449,0.48327818548423485,21,7,COMPLETE
579,0.51,2025-01-21 19:48:05.493473,2025-01-21 19:48:26.989885,0 days 00:00:21.496412,0.005574382025950672,0.9119066222953741,0.48012865659897475,24,6,COMPLETE
580,52.49,2025-01-21 19:48:27.075485,2025-01-21 19:48:45.200615,0 days 00:00:18.125130,1.0126596857512726,1.006241804701088,0.41080253762078667,17,8,COMPLETE
581,48.86,2025-01-21 19:48:45.267129,2025-01-21 19:49:02.552280,0 days 00:00:17.285151,0.5812957020258391,1.1958036238828573,0.6488186773575007,15,8,COMPLETE
582,32.06,2025-01-21 19:49:02.636230,2025-01-21 19:49:25.266592,0 days 00:00:22.630362,0.7211316729007748,0.8350118859006276,2.0638266674030525,26,5,COMPLETE
583,51.94,2025-01-21 19:49:25.358376,2025-01-21 19:49:48.090765,0 days 00:00:22.732389,1.2209014889185879,1.1330628983415867,0.5290553861354802,28,6,COMPLETE
584,52.55,2025-01-21 19:49:48.175096,2025-01-21 19:50:08.268863,0 days 00:00:20.093767,0.932524029608096,1.3389246480916928,0.4490118572101718,22,7,COMPLETE
585,51.13999999999999,2025-01-21 19:50:08.337859,2025-01-21 19:50:27.482106,0 days 00:00:19.144247,0.7748464766603305,1.0957125597631237,0.5887562039653006,19,7,COMPLETE
586,52.16,2025-01-21 19:50:27.565725,2025-01-21 19:50:47.028625,0 days 00:00:19.462900,1.1072148071766754,0.9594252778642841,0.4805501314304163,21,7,COMPLETE
587,51.99,2025-01-21 19:50:47.112840,2025-01-21 19:51:05.346906,0 days 00:00:18.234066,1.3485907465126334,0.7013845243041813,0.4357714544068988,17,7,COMPLETE
588,45.03,2025-01-21 19:51:05.430330,2025-01-21 19:51:25.189264,0 days 00:00:19.758934,0.16278097175259143,1.2479304740794988,0.5319565126867768,22,7,COMPLETE
589,0.5,2025-01-21 19:51:25.253625,2025-01-21 19:51:44.617550,0 days 00:00:19.363925,0.03829542461544135,1.367922578943263,0.7653047077423165,20,7,COMPLETE
590,51.62,2025-01-21 19:51:44.713211,2025-01-21 19:52:05.801773,0 days 00:00:21.088562,0.6760207675975994,0.866197060261423,0.3494945288971635,25,13,COMPLETE
591,50.91,2025-01-21 19:52:05.881101,2025-01-21 19:52:22.907208,0 days 00:00:17.026107,0.8854995763847262,1.272413265947974,0.6081531535445306,14,8,COMPLETE
592,52.59,2025-01-21 19:52:23.005236,2025-01-21 19:52:42.776775,0 days 00:00:19.771539,1.0560192113723172,1.5708711529311472,0.4477024667004244,23,6,COMPLETE
593,52.09,2025-01-21 19:52:42.868352,2025-01-21 19:53:06.562105,0 days 00:00:23.693753,1.6878053276513925,1.8721483674855959,0.48271581938820635,32,4,COMPLETE
594,52.59,2025-01-21 19:53:06.660057,2025-01-21 19:53:25.184040,0 days 00:00:18.523983,1.2021077283345367,1.6064339760604607,0.3802874207045428,18,6,COMPLETE
595,51.160000000000004,2025-01-21 19:53:25.274368,2025-01-21 19:53:41.780198,0 days 00:00:16.505830,1.5619127936662365,1.554056956074739,0.29001397010268537,12,8,COMPLETE
596,52.080000000000005,2025-01-21 19:53:41.856228,2025-01-21 19:53:59.483470,0 days 00:00:17.627242,1.3209434631410455,1.508608383193618,0.34960299584466503,16,6,COMPLETE
597,0.5,2025-01-21 19:53:59.586115,2025-01-21 19:54:18.609692,0 days 00:00:19.023577,0.001936555534877665,2.160040990263018,0.38069773585578864,17,6,COMPLETE
598,50.529999999999994,2025-01-21 19:54:18.688187,2025-01-21 19:54:35.853560,0 days 00:00:17.165373,2.2465988032140927,1.4122544169823386,0.3253835619886626,15,8,COMPLETE
599,50.96000000000001,2025-01-21 19:54:35.938782,2025-01-21 19:54:54.303541,0 days 00:00:18.364759,1.2057132645387174,1.6859578542582085,0.2608797138859553,18,5,COMPLETE
600,49.64,2025-01-21 19:54:54.380871,2025-01-21 19:55:25.797480,0 days 00:00:31.416609,1.0505264250760624,4.117330775781967,0.40897921861226827,51,47,COMPLETE
601,52.290000000000006,2025-01-21 19:55:25.882029,2025-01-21 19:55:44.502015,0 days 00:00:18.619986,1.3427741773573394,1.0908120529211773,0.49916006560281756,19,6,COMPLETE
602,50.31,2025-01-21 19:55:44.575642,2025-01-21 19:56:01.298733,0 days 00:00:16.723091,1.766004532194588,1.2840958684387078,0.6440205620843901,13,8,COMPLETE
603,52.18000000000001,2025-01-21 19:56:01.378510,2025-01-21 19:56:24.403913,0 days 00:00:23.025403,0.9706552996459711,2.4448419628042304,0.388343903519815,29,5,COMPLETE
604,49.120000000000005,2025-01-21 19:56:24.481255,2025-01-21 19:56:44.827597,0 days 00:00:20.346342,1.4357197199065568,1.9693333850010422,0.2221862092382356,24,19,COMPLETE
605,52.26,2025-01-21 19:56:44.924929,2025-01-21 19:57:03.582980,0 days 00:00:18.658051,1.1479765212441273,1.6043205840521164,0.5362524387123925,19,6,COMPLETE
606,24.05,2025-01-21 19:57:03.662126,2025-01-21 19:57:25.824086,0 days 00:00:22.161960,0.9510100334706114,1.010906056152281,0.0034521752261442522,27,6,COMPLETE
607,51.73,2025-01-21 19:57:25.902454,2025-01-21 19:57:45.551071,0 days 00:00:19.648617,0.8167108656047398,1.3370144847966876,0.43325856291892184,22,15,COMPLETE
608,52.01,2025-01-21 19:57:45.627562,2025-01-21 19:58:06.817668,0 days 00:00:21.190106,1.1795278299068024,1.5434888888905927,0.3255941003188552,25,6,COMPLETE
609,36.61,2025-01-21 19:58:06.884584,2025-01-21 19:58:25.245213,0 days 00:00:18.360629,2.04476337249921,1.9563279324847804,0.0534933368168494,18,7,COMPLETE
610,51.800000000000004,2025-01-21 19:58:25.330608,2025-01-21 19:58:44.678277,0 days 00:00:19.347669,0.978921512755373,1.1733115735638329,0.5451207219193915,21,5,COMPLETE
611,28.9,2025-01-21 19:58:44.764846,2025-01-21 19:59:04.807359,0 days 00:00:20.042513,0.07594292660649254,1.7180509159457114,0.44313319143884405,23,6,COMPLETE
612,51.67,2025-01-21 19:59:04.891485,2025-01-21 19:59:27.137202,0 days 00:00:22.245717,1.3858266813704685,0.9513305842491445,0.3570611093992346,27,5,COMPLETE
613,22.78,2025-01-21 19:59:27.231565,2025-01-21 19:59:44.614158,0 days 00:00:17.382593,0.8408148079906386,2.351443023892683,0.009093561456257495,15,8,COMPLETE
614,51.67,2025-01-21 19:59:44.713278,2025-01-21 20:00:03.679965,0 days 00:00:18.966687,1.0587774289417065,1.374861903432174,0.29923122706233957,19,7,COMPLETE
615,49.9,2025-01-21 20:00:03.789646,2025-01-21 20:00:54.494487,0 days 00:00:50.704841,1.5191404925982093,1.569967768209556,0.6942189344863697,91,3,COMPLETE
616,52.16,2025-01-21 20:00:54.586585,2025-01-21 20:01:18.217266,0 days 00:00:23.630681,0.7093256300315912,0.7533635682011187,0.5011969370936874,30,5,COMPLETE
617,49.33,2025-01-21 20:01:18.300185,2025-01-21 20:01:32.625352,0 days 00:00:14.325167,3.1114882088040607,1.1654152517444947,0.40317919079133585,3,3,COMPLETE
618,51.839999999999996,2025-01-21 20:01:32.708548,2025-01-21 20:01:53.145754,0 days 00:00:20.437206,1.2458094141050475,2.0428329860828764,0.5780925944215045,24,6,COMPLETE
619,46.14,2025-01-21 20:01:53.231510,2025-01-21 20:02:12.336111,0 days 00:00:19.104601,0.8980459178834517,1.389230636539649,0.8900858256870369,20,7,COMPLETE
620,50.970000000000006,2025-01-21 20:02:12.421740,2025-01-21 20:02:30.639326,0 days 00:00:18.217586,0.5525202731928625,0.11011420407992423,0.3775427971595266,17,8,COMPLETE
621,52.53,2025-01-21 20:02:30.722570,2025-01-21 20:03:17.664428,0 days 00:00:46.941858,1.084606862363652,0.9913519238407403,0.44782287415683125,84,4,COMPLETE
622,51.13999999999999,2025-01-21 20:03:17.772734,2025-01-21 20:03:37.519512,0 days 00:00:19.746778,0.814061287533996,0.02320833378162716,0.45879497939572644,22,6,COMPLETE
623,50.41,2025-01-21 20:03:37.603327,2025-01-21 20:03:59.623341,0 days 00:00:22.020014,0.6871706234841742,1.7731565921347843,0.6157188874306296,26,6,COMPLETE
624,51.739999999999995,2025-01-21 20:03:59.687067,2025-01-21 20:04:19.783610,0 days 00:00:20.096543,1.7936866471983948,2.8477452652373625,0.3388599008412421,23,5,COMPLETE
625,50.73,2025-01-21 20:04:19.860986,2025-01-21 20:04:35.821513,0 days 00:00:15.960527,1.039195906839099,1.202546572272481,0.25866102935448937,9,8,COMPLETE
626,51.790000000000006,2025-01-21 20:04:35.887553,2025-01-21 20:04:52.632329,0 days 00:00:16.744776,1.2843536188596267,1.5136648301692994,0.5371573494926206,13,8,COMPLETE
627,52.27,2025-01-21 20:04:52.729494,2025-01-21 20:05:12.259886,0 days 00:00:19.530392,0.8972689772780781,2.3244220244155858,0.39687469758633037,21,7,COMPLETE
628,51.93,2025-01-21 20:05:12.349079,2025-01-21 20:05:29.839776,0 days 00:00:17.490697,1.5401886604096058,1.8537770812472931,0.4946163126125963,16,8,COMPLETE
629,50.36000000000001,2025-01-21 20:05:29.926484,2025-01-21 20:05:51.133436,0 days 00:00:21.206952,1.1863218066777703,0.8625764713361265,0.6905590605566233,25,6,COMPLETE
630,51.349999999999994,2025-01-21 20:05:51.224276,2025-01-21 20:06:13.850780,0 days 00:00:22.626504,0.6326176064902417,1.2914331734858446,0.32644858095642654,28,5,COMPLETE
631,52.059999999999995,2025-01-21 20:06:13.935167,2025-01-21 20:06:32.669751,0 days 00:00:18.734584,0.9462062498378573,0.47980903265222763,0.4414649252840812,20,7,COMPLETE
632,0.5,2025-01-21 20:06:32.751397,2025-01-21 20:06:52.191982,0 days 00:00:19.440585,0.02572307696735725,1.0682628517398207,0.39376102354968573,18,8,COMPLETE
633,51.93,2025-01-21 20:06:52.290351,2025-01-21 20:07:12.096572,0 days 00:00:19.806221,0.8215256704599401,1.6801777619398384,0.5387894016511112,23,6,COMPLETE
634,0.51,2025-01-21 20:07:12.176158,2025-01-21 20:07:34.276245,0 days 00:00:22.100087,0.016369261927996592,1.4239430599664225,0.2894587587892365,25,6,COMPLETE
635,52.12,2025-01-21 20:07:34.377280,2025-01-21 20:07:59.825719,0 days 00:00:25.448439,1.0487983582547278,2.0867228089680503,0.4754588436714858,33,16,COMPLETE
636,51.470000000000006,2025-01-21 20:07:59.918754,2025-01-21 20:08:19.347090,0 days 00:00:19.428336,0.49138256711600875,1.1451273938290236,0.36499568618316786,21,7,COMPLETE
637,51.12,2025-01-21 20:08:19.431838,2025-01-21 20:08:39.830017,0 days 00:00:20.398179,1.260429397055349,1.6560252119275647,0.6238405666496777,23,7,COMPLETE
638,52.43,2025-01-21 20:08:39.925879,2025-01-21 20:08:58.761077,0 days 00:00:18.835198,0.7894169684296243,0.6257921051529386,0.4177117357551262,19,7,COMPLETE
639,49.74,2025-01-21 20:08:58.862579,2025-01-21 20:09:21.137930,0 days 00:00:22.275351,1.49900044085981,0.06021723154893667,0.49825033460126184,27,9,COMPLETE
640,51.94,2025-01-21 20:09:21.237650,2025-01-21 20:09:38.860632,0 days 00:00:17.622982,0.9694896706588766,0.9267842150843099,0.3480885948229715,15,8,COMPLETE
641,46.2,2025-01-21 20:09:38.941597,2025-01-21 20:10:01.957509,0 days 00:00:23.015912,0.6217714066191334,1.3323197807043943,0.766151940401409,30,29,COMPLETE
642,50.580000000000005,2025-01-21 20:10:02.036981,2025-01-21 20:10:20.122075,0 days 00:00:18.085094,0.7415003261014693,2.663801610727374,0.5793326905784285,17,8,COMPLETE
643,52.04,2025-01-21 20:10:20.206131,2025-01-21 20:10:41.184307,0 days 00:00:20.978176,1.1480137670576296,3.455481255640261,0.4386614806564691,25,9,COMPLETE
644,51.580000000000005,2025-01-21 20:10:41.283752,2025-01-21 20:11:01.054551,0 days 00:00:19.770799,0.8797479329864832,1.9532347193338717,0.2977640259689384,21,7,COMPLETE
645,52.33,2025-01-21 20:11:01.137178,2025-01-21 20:11:20.970552,0 days 00:00:19.833374,1.0616982609510375,1.5052719861150956,0.38495103622182647,23,7,COMPLETE
646,51.94,2025-01-21 20:11:21.044623,2025-01-21 20:11:39.622041,0 days 00:00:18.577418,1.2901194197538397,0.7857763045888914,0.4911475997992284,19,8,COMPLETE
647,49.87,2025-01-21 20:11:39.697680,2025-01-21 20:12:02.027077,0 days 00:00:22.329397,1.890192740045506,1.0539823543973141,0.22415418049592692,26,6,COMPLETE
648,51.01,2025-01-21 20:12:02.120161,2025-01-21 20:12:21.780863,0 days 00:00:19.660702,0.6799576770986966,1.2647076282375884,0.5753470722747868,22,7,COMPLETE
649,24.57,2025-01-21 20:12:21.869923,2025-01-21 20:12:44.503616,0 days 00:00:22.633693,0.8678540512923361,2.278844443371553,0.015242469226327687,28,5,COMPLETE
650,52.339999999999996,2025-01-21 20:12:44.587267,2025-01-21 20:13:04.926449,0 days 00:00:20.339182,1.0264869656891582,1.757904768705131,0.4325279597948327,24,9,COMPLETE
651,50.529999999999994,2025-01-21 20:13:05.015904,2025-01-21 20:13:24.171509,0 days 00:00:19.155605,1.4741522505198792,0.20981751246709357,0.35460576237310465,20,7,COMPLETE
652,52.33,2025-01-21 20:13:24.265561,2025-01-21 20:13:42.397773,0 days 00:00:18.132212,1.2164297395740165,1.4797780369850546,0.5084932985721536,17,8,COMPLETE
653,51.5,2025-01-21 20:13:42.461014,2025-01-21 20:13:58.920611,0 days 00:00:16.459597,0.7464250096630562,1.179133874895111,0.31235302536396975,12,8,COMPLETE
654,52.51,2025-01-21 20:13:59.020180,2025-01-21 20:14:18.345824,0 days 00:00:19.325644,0.9088083976455251,1.989788784958473,0.4270414435019234,21,7,COMPLETE
655,50.260000000000005,2025-01-21 20:14:18.439937,2025-01-21 20:14:35.640883,0 days 00:00:17.200946,1.0661460105552463,1.0076868637911647,0.6615711154995539,15,8,COMPLETE
656,42.49,2025-01-21 20:14:35.721816,2025-01-21 20:14:55.987167,0 days 00:00:20.265351,1.3690864588267198,1.5617797935355697,1.1705647499180183,24,6,COMPLETE
657,51.839999999999996,2025-01-21 20:14:56.082665,2025-01-21 20:15:14.745445,0 days 00:00:18.662780,0.5394589215627921,1.3057434814980682,0.39653934364240745,18,8,COMPLETE
658,33.48,2025-01-21 20:15:14.812264,2025-01-21 20:15:37.199473,0 days 00:00:22.387209,0.012598895622202467,0.1560611308832799,0.5642977169415265,26,15,COMPLETE
659,52.16,2025-01-21 20:15:37.292161,2025-01-21 20:15:57.099631,0 days 00:00:19.807470,0.76953695539032,1.7916974007033435,0.4761703251128041,22,7,COMPLETE
660,51.160000000000004,2025-01-21 20:15:57.168099,2025-01-21 20:16:16.283559,0 days 00:00:19.115460,1.634258052803045,2.503072647004196,0.25941327266524145,20,7,COMPLETE
661,52.18000000000001,2025-01-21 20:16:16.566984,2025-01-21 20:16:45.114373,0 days 00:00:28.547389,0.9895879994319103,0.9244829135789839,0.3435598452925826,44,4,COMPLETE
662,40.54,2025-01-21 20:16:45.183703,2025-01-21 20:17:08.494261,0 days 00:00:23.310558,0.10441710004970226,1.4054324831713185,0.4616649535734755,29,5,COMPLETE
663,52.080000000000005,2025-01-21 20:17:08.584722,2025-01-21 20:17:29.545895,0 days 00:00:20.961173,1.2193484049185768,2.1425814786794652,0.385648229909998,24,9,COMPLETE
664,49.220000000000006,2025-01-21 20:17:29.635971,2025-01-21 20:17:48.046137,0 days 00:00:18.410166,0.6251707264035651,1.1298569189682182,0.6608100424166771,18,8,COMPLETE
665,51.99,2025-01-21 20:17:48.122044,2025-01-21 20:18:08.964492,0 days 00:00:20.842448,0.8836092363472313,1.6994582621732977,0.5310197978112867,22,6,COMPLETE
666,51.57000000000001,2025-01-21 20:18:09.058641,2025-01-21 20:18:26.022472,0 days 00:00:16.963831,1.1075882017893075,0.7786646916875646,0.33136406974124716,14,8,COMPLETE
667,47.53,2025-01-21 20:18:26.089865,2025-01-21 20:18:47.946530,0 days 00:00:21.856665,0.7458511908362004,1.3296052115021835,0.7942002091863679,26,9,COMPLETE
668,52.0,2025-01-21 20:18:48.039478,2025-01-21 20:19:06.751341,0 days 00:00:18.711863,0.937159928382641,2.9069641383235254,0.4342457619256853,19,7,COMPLETE
669,51.88,2025-01-21 20:19:06.839490,2025-01-21 20:19:26.707078,0 days 00:00:19.867588,1.3820818079752815,1.5463514274179946,0.5598452901063237,23,6,COMPLETE
670,52.17,2025-01-21 20:19:26.805385,2025-01-21 20:19:44.252699,0 days 00:00:17.447314,1.1243907901130925,1.9177239077703556,0.37503470408162054,16,8,COMPLETE
671,51.4,2025-01-21 20:19:44.349342,2025-01-21 20:20:07.942707,0 days 00:00:23.593365,0.8871426247345757,1.089278786191269,0.28189049056236365,31,10,COMPLETE
672,52.290000000000006,2025-01-21 20:20:08.032874,2025-01-21 20:20:30.409880,0 days 00:00:22.377006,0.7025929616757256,1.2707450069693869,0.47810217528119864,27,6,COMPLETE
