number,value,datetime_start,datetime_complete,duration,params_gamma_1,params_gamma_2,params_lambda,params_n_clusters,params_n_neighbors,state
2419,51.790000000000006,2025-01-22 01:08:19.228733,2025-01-22 01:08:33.834681,0 days 00:00:14.605948,1.3471553928417233,1.2718008483239958,0.5545136939857537,4,1,COMPLETE
2420,50.99,2025-01-22 01:08:31.982737,2025-01-22 01:08:46.938471,0 days 00:00:14.955734,0.7772563507681083,1.188953314131407,0.5668504362150115,4,1,COMPLETE
2421,0.5,2025-01-22 01:08:34.223922,2025-01-22 01:08:50.051985,0 days 00:00:15.828063,0.03725306985495225,2.266425095963355,0.37394134636297194,4,1,COMPLETE
2422,51.59,2025-01-22 01:08:47.047820,2025-01-22 01:09:03.368567,0 days 00:00:16.320747,1.8458837909111416,2.2030425874484516,0.3691797815015623,9,2,COMPLETE
2423,52.35999999999999,2025-01-22 01:08:50.167614,2025-01-22 01:09:34.731107,0 days 00:00:44.563493,1.064760280972175,1.804564902279266,0.4453578152920647,70,3,COMPLETE
2424,52.980000000000004,2025-01-22 01:09:03.499357,2025-01-22 01:09:17.077606,0 days 00:00:13.578249,1.0638738647922583,1.8188891833249887,0.45155446837985547,2,1,COMPLETE
2425,52.68000000000001,2025-01-22 01:09:17.177575,2025-01-22 01:09:30.291447,0 days 00:00:13.113872,1.6249049923758145,1.9806109962032898,0.46005241861146456,2,1,COMPLETE
2426,49.85,2025-01-22 01:09:30.419006,2025-01-22 01:09:45.593997,0 days 00:00:15.174991,1.271365804534281,2.6175196486688113,0.6596686359467724,6,1,COMPLETE
2427,36.63,2025-01-22 01:09:34.863609,2025-01-22 01:09:50.010203,0 days 00:00:15.146594,1.4240139862563308,2.5858593848122187,0.06678179225905721,6,1,COMPLETE
2428,50.96000000000001,2025-01-22 01:09:45.702598,2025-01-22 01:09:59.430277,0 days 00:00:13.727679,1.4556680244611366,5.945598861880115,0.5241337409550154,2,1,COMPLETE
2429,50.31,2025-01-22 01:09:50.117753,2025-01-22 01:10:03.371594,0 days 00:00:13.253841,1.7992661594249926,0.1988581188754563,0.5618156194616208,2,1,COMPLETE
2430,50.73,2025-01-22 01:09:59.532054,2025-01-22 01:10:13.913741,0 days 00:00:14.381687,1.7809010700069487,0.9937279354949089,0.6305377828318394,4,1,COMPLETE
2431,50.59,2025-01-22 01:10:03.492179,2025-01-22 01:10:18.098527,0 days 00:00:14.606348,1.1692790742298642,2.0941759219652694,0.6198087702528895,5,1,COMPLETE
2432,51.62,2025-01-22 01:10:14.104476,2025-01-22 01:10:30.277452,0 days 00:00:16.172976,1.163032620390497,2.0650248743467676,0.3225663368179583,8,1,COMPLETE
2433,52.03,2025-01-22 01:10:18.197018,2025-01-22 01:10:33.542849,0 days 00:00:15.345831,1.1553601732908927,1.4244600955040703,0.33419817927655787,4,1,COMPLETE
2434,52.43,2025-01-22 01:10:30.412964,2025-01-22 01:10:45.033028,0 days 00:00:14.620064,1.148314734886738,1.3597060808204084,0.41799327542483844,4,1,COMPLETE
2435,52.87,2025-01-22 01:10:33.675809,2025-01-22 01:10:46.819393,0 days 00:00:13.143584,1.3262584614884738,1.2043300693447514,0.4350446962209436,2,1,COMPLETE
2436,52.449999999999996,2025-01-22 01:10:45.145690,2025-01-22 01:10:58.284225,0 days 00:00:13.138535,1.4541443743167153,1.137455786600189,0.486901149480809,2,1,COMPLETE
2437,51.01,2025-01-22 01:10:47.210593,2025-01-22 01:11:00.944576,0 days 00:00:13.733983,1.7993409088812078,1.6684222544986402,0.2896610532789785,2,1,COMPLETE
2438,51.080000000000005,2025-01-22 01:10:58.423950,2025-01-22 01:11:14.689013,0 days 00:00:16.265063,2.230535896623598,1.67217714174629,0.3754369237038092,6,1,COMPLETE
2439,51.05,2025-01-22 01:11:01.074520,2025-01-22 01:11:16.028034,0 days 00:00:14.953514,2.3282102436710357,1.7970268135431906,0.3906551578952131,6,1,COMPLETE
2440,50.22,2025-01-22 01:11:14.817172,2025-01-22 01:11:29.049875,0 days 00:00:14.232703,1.5816849164443763,1.468768550341245,0.24216013599170488,4,1,COMPLETE
2441,52.129999999999995,2025-01-22 01:11:16.129594,2025-01-22 01:11:30.402750,0 days 00:00:14.273156,1.5890585594244753,1.4395664964823265,0.5035630931752387,4,1,COMPLETE
2442,42.47,2025-01-22 01:11:29.163915,2025-01-22 01:11:42.663025,0 days 00:00:13.499110,1.9388390021376791,2.3440188029549076,1.1258520173774111,2,1,COMPLETE
2443,46.160000000000004,2025-01-22 01:11:30.548355,2025-01-22 01:11:44.995944,0 days 00:00:14.447589,1.3810989453635967,3.072733854580737,0.875270260643022,2,1,COMPLETE
2444,51.6,2025-01-22 01:11:42.788498,2025-01-22 01:11:58.406712,0 days 00:00:15.618214,1.3829612889947267,1.81209376791507,0.3551540127209786,8,1,COMPLETE
2445,51.739999999999995,2025-01-22 01:11:45.237367,2025-01-22 01:12:00.886279,0 days 00:00:15.648912,1.3417615387093316,1.8410181884539085,0.3497157644683723,8,1,COMPLETE
2446,52.52,2025-01-22 01:11:58.528591,2025-01-22 01:12:12.626353,0 days 00:00:14.097762,1.0363543235435198,1.2676078278706355,0.4402022052645861,4,1,COMPLETE
2447,52.33,2025-01-22 01:12:01.071956,2025-01-22 01:12:14.968177,0 days 00:00:13.896221,1.0013289730479995,1.3220112166202787,0.46130925278699947,4,1,COMPLETE
2448,51.99,2025-01-22 01:12:12.747913,2025-01-22 01:12:25.999577,0 days 00:00:13.251664,1.6588438771186882,1.5148338272599515,0.5659689008459327,2,1,COMPLETE
2449,52.059999999999995,2025-01-22 01:12:15.181884,2025-01-22 01:12:28.732467,0 days 00:00:13.550583,1.6840849963665765,1.5223905248874332,0.5511257194352792,2,1,COMPLETE
2450,49.669999999999995,2025-01-22 01:12:26.124359,2025-01-22 01:12:41.323096,0 days 00:00:15.198737,1.193363591135345,0.029455544497180602,0.28900815696975907,6,1,COMPLETE
2451,51.019999999999996,2025-01-22 01:12:29.084075,2025-01-22 01:12:44.126525,0 days 00:00:15.042450,1.292727836211192,2.4149443446814463,0.2733780197537511,6,1,COMPLETE
2452,33.03,2025-01-22 01:12:41.457336,2025-01-22 01:12:55.876275,0 days 00:00:14.418939,0.12727878718627814,2.2428224046098033,0.6979152824883178,4,1,COMPLETE
2453,52.459999999999994,2025-01-22 01:12:44.249977,2025-01-22 01:12:58.586373,0 days 00:00:14.336396,1.0142532146778114,1.9607055671528903,0.41723727138211786,4,1,COMPLETE
2454,52.839999999999996,2025-01-22 01:12:55.991335,2025-01-22 01:13:09.264299,0 days 00:00:13.272964,0.9851564139318617,1.2049738364010654,0.40043628364286765,2,1,COMPLETE
2455,51.57000000000001,2025-01-22 01:12:58.701330,2025-01-22 01:13:11.668372,0 days 00:00:12.967042,1.9484948601066496,1.168686306224647,0.3908954685793294,2,1,COMPLETE
2456,52.64,2025-01-22 01:13:09.373806,2025-01-22 01:13:23.057069,0 days 00:00:13.683263,1.359005079221679,1.6420447933918045,0.4916718645609377,2,1,COMPLETE
2457,51.910000000000004,2025-01-22 01:13:12.042480,2025-01-22 01:13:26.348238,0 days 00:00:14.305758,1.4859814353823082,1.765750932262874,0.5067821878172603,5,1,COMPLETE
2458,51.77,2025-01-22 01:13:23.174336,2025-01-22 01:13:38.241492,0 days 00:00:15.067156,1.1199013160971036,1.4041784030399587,0.33178508630157505,5,1,COMPLETE
2459,51.980000000000004,2025-01-22 01:13:26.465140,2025-01-22 01:13:40.572723,0 days 00:00:14.107583,1.0887462569158326,1.4242783933279335,0.3269478657348238,4,1,COMPLETE
2460,52.43,2025-01-22 01:13:38.358008,2025-01-22 01:13:52.598023,0 days 00:00:14.240015,1.0685872732288124,1.221345271268183,0.44360255209860305,4,1,COMPLETE
2461,49.43,2025-01-22 01:13:40.786399,2025-01-22 01:13:56.202277,0 days 00:00:15.415878,0.9002369017230778,2.1052990657153297,0.6365073136989173,7,1,COMPLETE
2462,50.019999999999996,2025-01-22 01:13:52.717596,2025-01-22 01:14:08.407798,0 days 00:00:15.690202,0.8769130297569675,2.043800753197896,0.6036935148930096,7,1,COMPLETE
2463,52.22,2025-01-22 01:13:56.324257,2025-01-22 01:14:10.046004,0 days 00:00:13.721747,1.3134542302542724,2.8002312921965102,0.5169960063668738,2,1,COMPLETE
2464,52.629999999999995,2025-01-22 01:14:08.519807,2025-01-22 01:14:21.746885,0 days 00:00:13.227078,1.2912695386583608,1.5879675841053553,0.38526391088593076,2,1,COMPLETE
2465,51.57000000000001,2025-01-22 01:14:10.431543,2025-01-22 01:14:27.234208,0 days 00:00:16.802665,1.6669647891516892,1.568764573264478,0.4023711149718071,10,2,COMPLETE
2466,51.7,2025-01-22 01:14:22.092358,2025-01-22 01:14:36.551297,0 days 00:00:14.458939,1.6233984192959101,1.100352104979466,0.4462758305511005,4,1,COMPLETE
2467,51.39,2025-01-22 01:14:27.327340,2025-01-22 01:14:41.558867,0 days 00:00:14.231527,2.0172689185789667,1.0888916471497865,0.45515512825533033,4,1,COMPLETE
2468,51.78,2025-01-22 01:14:36.660425,2025-01-22 01:14:50.448488,0 days 00:00:13.788063,1.1464912840583215,1.2694280000862586,0.2923319429891175,2,1,COMPLETE
2469,51.88,2025-01-22 01:14:41.661264,2025-01-22 01:14:55.329715,0 days 00:00:13.668451,1.1506088685737845,1.8385311210832744,0.2983043173335151,2,1,COMPLETE
2470,47.27,2025-01-22 01:14:50.557211,2025-01-22 01:15:05.925298,0 days 00:00:15.368087,1.004989524452041,1.8368984716327998,0.1816364268193581,6,1,COMPLETE
2471,51.39,2025-01-22 01:14:55.448968,2025-01-22 01:15:10.264501,0 days 00:00:14.815533,0.9115842726013537,2.3050787940803916,0.5402526998973163,6,1,COMPLETE
2472,48.84,2025-01-22 01:15:06.117239,2025-01-22 01:15:20.855413,0 days 00:00:14.738174,1.4945116801867147,2.4384281010308935,0.7475558958812784,4,1,COMPLETE
2473,0.5,2025-01-22 01:15:10.361276,2025-01-22 01:15:25.958153,0 days 00:00:15.596877,0.0013352529624204561,1.311307047030803,0.3569883578604404,4,1,COMPLETE
2474,52.449999999999996,2025-01-22 01:15:20.959791,2025-01-22 01:15:34.868929,0 days 00:00:13.909138,0.7962279183906875,1.455006364304155,0.3527239460611887,2,1,COMPLETE
2475,43.730000000000004,2025-01-22 01:15:26.054848,2025-01-22 01:16:04.386696,0 days 00:00:38.331848,0.7801433376316607,0.931510530773918,0.13916996478647334,55,3,COMPLETE
2476,52.300000000000004,2025-01-22 01:15:34.977513,2025-01-22 01:15:48.271703,0 days 00:00:13.294190,1.2867429277496312,0.9558838087801923,0.5062327336115751,2,1,COMPLETE
2477,29.21,2025-01-22 01:15:48.382680,2025-01-22 01:16:04.450527,0 days 00:00:16.067847,1.0171287542173917,1.2257982015731343,2.110265839764844,8,2,COMPLETE
2478,52.27,2025-01-22 01:16:04.512228,2025-01-22 01:16:19.821342,0 days 00:00:15.309114,1.4837484667799945,1.60740531002214,0.42389834530276893,4,1,COMPLETE
2479,52.23,2025-01-22 01:16:04.578948,2025-01-22 01:16:19.174643,0 days 00:00:14.595695,1.420315138091432,3.082774693606477,0.4389869910926289,4,1,COMPLETE
2480,51.449999999999996,2025-01-22 01:16:19.297016,2025-01-22 01:16:33.062009,0 days 00:00:13.764993,1.2127052011710986,1.6158466469647934,0.5924116212166703,2,1,COMPLETE
2481,51.57000000000001,2025-01-22 01:16:19.968738,2025-01-22 01:16:33.694346,0 days 00:00:13.725608,1.2197309715479014,1.998183900234025,0.5863155309565213,2,1,COMPLETE
2482,52.059999999999995,2025-01-22 01:16:33.174082,2025-01-22 01:16:48.571988,0 days 00:00:15.397906,0.9638361598660661,2.046052570178328,0.3566671398064391,6,1,COMPLETE
2483,52.38,2025-01-22 01:16:33.794542,2025-01-22 01:16:48.845157,0 days 00:00:15.050615,0.9577554689954576,1.1462110027461947,0.36968272396230323,6,1,COMPLETE
2484,50.12,2025-01-22 01:16:48.694386,2025-01-22 01:17:04.133218,0 days 00:00:15.438832,0.9190126131837745,1.1812723158763287,0.2537886713358922,5,1,COMPLETE
2485,51.68000000000001,2025-01-22 01:16:48.996369,2025-01-22 01:17:03.457855,0 days 00:00:14.461486,0.8105333865791964,2.5130843979473414,0.4929393443295112,4,1,COMPLETE
2486,52.05,2025-01-22 01:17:03.568087,2025-01-22 01:17:16.998082,0 days 00:00:13.429995,1.942364327590397,1.4189813225889774,0.46097738532812016,2,1,COMPLETE
2487,0.5,2025-01-22 01:17:04.252714,2025-01-22 01:17:18.925881,0 days 00:00:14.673167,0.014646481415358476,1.399124310197971,0.6872553568354449,2,1,COMPLETE
2488,49.6,2025-01-22 01:17:17.118555,2025-01-22 01:17:33.509400,0 days 00:00:16.390845,1.1210357641529392,1.7367221789457716,0.6758093534602004,9,2,COMPLETE
2489,52.17,2025-01-22 01:17:19.332811,2025-01-22 01:17:35.726751,0 days 00:00:16.393940,1.0919977119519675,1.7422265413869498,0.40437255155002916,8,1,COMPLETE
2490,50.56,2025-01-22 01:17:33.620018,2025-01-22 01:18:06.787038,0 days 00:00:33.167020,1.5386395759007514,0.9421926682830671,0.3135241534571587,48,24,COMPLETE
2491,51.22,2025-01-22 01:17:35.988097,2025-01-22 01:17:50.246640,0 days 00:00:14.258543,1.3803532722521632,0.9751152079841178,0.315474712509444,4,1,COMPLETE
2492,51.93,2025-01-22 01:17:50.374937,2025-01-22 01:18:03.756135,0 days 00:00:13.381198,1.6770737686079977,3.5684053429297458,0.526075401134703,2,1,COMPLETE
2493,26.779999999999998,2025-01-22 01:18:03.870037,2025-01-22 01:18:18.903612,0 days 00:00:15.033575,0.7240645110941041,0.002387676354733931,0.02254473282817824,6,1,COMPLETE
2494,52.349999999999994,2025-01-22 01:18:06.911618,2025-01-22 01:18:21.858285,0 days 00:00:14.946667,0.6946571297935766,1.364595883530928,0.4045340684320512,6,1,COMPLETE
2495,50.03999999999999,2025-01-22 01:18:19.018210,2025-01-22 01:18:33.733729,0 days 00:00:14.715519,1.2585818600496192,0.005444902051532194,0.38796259008277106,4,1,COMPLETE
2496,52.22,2025-01-22 01:18:21.977633,2025-01-22 01:18:36.835091,0 days 00:00:14.857458,1.2470316242765433,2.7112878987670466,0.47833895094109413,4,1,COMPLETE
2497,37.78,2025-01-22 01:18:33.852305,2025-01-22 01:18:47.627973,0 days 00:00:13.775668,3.853208080130488,4.708873353926084,1.5798433248235595,2,1,COMPLETE
2498,51.39,2025-01-22 01:18:36.928621,2025-01-22 01:18:50.187902,0 days 00:00:13.259281,2.5630399673122177,2.1013063803217014,0.540642141132682,2,1,COMPLETE
2499,46.660000000000004,2025-01-22 01:18:47.725668,2025-01-22 01:19:00.849714,0 days 00:00:13.124046,0.31292731363968823,2.089674539165807,0.5561540699628871,2,1,COMPLETE
2500,46.47,2025-01-22 01:18:50.302670,2025-01-22 01:19:04.628899,0 days 00:00:14.326229,0.9940032006993191,1.261723752075855,0.8157222068600868,4,1,COMPLETE
2501,51.800000000000004,2025-01-22 01:19:01.107618,2025-01-22 01:19:46.870027,0 days 00:00:45.762409,1.0227174546002573,1.1550916932837505,0.4469099193982662,78,22,COMPLETE
2502,52.27,2025-01-22 01:19:04.732961,2025-01-22 01:19:18.695967,0 days 00:00:13.963006,0.8718341041980265,1.572314974838653,0.44792229978316644,4,1,COMPLETE
2503,0.5,2025-01-22 01:19:18.799282,2025-01-22 01:19:34.865241,0 days 00:00:16.065959,0.0198962769326586,1.0548309249050765,0.34174108380945895,6,1,COMPLETE
2504,50.980000000000004,2025-01-22 01:19:35.145754,2025-01-22 01:19:48.231659,0 days 00:00:13.085905,1.1190099915511091,1.8558371240091018,0.25539862169505106,2,1,COMPLETE
2505,51.239999999999995,2025-01-22 01:19:47.004847,2025-01-22 01:20:00.127866,0 days 00:00:13.123019,1.5378372498181974,1.7675277746641496,0.27134518515009787,2,1,COMPLETE
2506,51.470000000000006,2025-01-22 01:19:48.344384,2025-01-22 01:20:02.978302,0 days 00:00:14.633918,1.4667699635067664,0.8425853964135477,0.37003318014820136,4,1,COMPLETE
2507,51.25999999999999,2025-01-22 01:20:00.246883,2025-01-22 01:20:14.403719,0 days 00:00:14.156836,2.0108583242793565,1.435152046910671,0.369847710509351,4,1,COMPLETE
2508,51.39,2025-01-22 01:20:03.077517,2025-01-22 01:20:17.869931,0 days 00:00:14.792414,2.0361193691776,1.4449413794818387,0.500437295105304,6,1,COMPLETE
2509,35.65,2025-01-22 01:20:14.529580,2025-01-22 01:20:30.468947,0 days 00:00:15.939367,0.8598817677690339,2.538235785668535,0.08319077003099129,7,1,COMPLETE
2510,49.69,2025-01-22 01:20:17.999029,2025-01-22 01:20:30.989264,0 days 00:00:12.990235,0.8476093045661813,2.6838343646496434,0.6217574453101521,2,1,COMPLETE
2511,50.51,2025-01-22 01:20:30.612184,2025-01-22 01:20:43.841172,0 days 00:00:13.228988,1.25665773550325,1.0552767096412061,0.6427061486513972,2,1,COMPLETE
2512,51.949999999999996,2025-01-22 01:20:31.125896,2025-01-22 01:20:47.996892,0 days 00:00:16.870996,1.2432877929906547,1.0802102387550552,0.4495528590789562,10,2,COMPLETE
2513,52.459999999999994,2025-01-22 01:20:43.962335,2025-01-22 01:20:59.090912,0 days 00:00:15.128577,1.1008538281904705,1.2538628995033485,0.42963658770609736,4,1,COMPLETE
2514,52.04,2025-01-22 01:20:48.094035,2025-01-22 01:21:03.086442,0 days 00:00:14.992407,1.049308102916416,1.2974289842111297,0.3306598661164902,4,1,COMPLETE
2515,51.07000000000001,2025-01-22 01:20:59.191302,2025-01-22 01:21:14.172042,0 days 00:00:14.980740,1.7556459750983728,1.6436230899546165,0.3323282650275356,5,1,COMPLETE
2516,52.300000000000004,2025-01-22 01:21:03.212349,2025-01-22 01:21:16.826654,0 days 00:00:13.614305,1.7103142638971758,1.6608047741370782,0.5313905444820202,2,1,COMPLETE
2517,50.46000000000001,2025-01-22 01:21:14.298475,2025-01-22 01:21:29.981251,0 days 00:00:15.682776,0.6245627662378284,2.0910385974412855,0.5381785141426655,8,1,COMPLETE
2518,51.51,2025-01-22 01:21:16.952502,2025-01-22 01:21:32.736359,0 days 00:00:15.783857,0.7430361251926287,2.2017780055114593,0.39687064659721283,7,1,COMPLETE
2519,52.49,2025-01-22 01:21:30.100852,2025-01-22 01:21:43.614860,0 days 00:00:13.514008,1.3828944358529884,3.191446002488491,0.42679173885046157,2,1,COMPLETE
2520,49.34,2025-01-22 01:21:32.839178,2025-01-22 01:21:46.206134,0 days 00:00:13.366956,1.3061589186009128,0.7822577529094367,0.21191421509035438,2,1,COMPLETE
2521,52.239999999999995,2025-01-22 01:21:43.746824,2025-01-22 01:21:58.079566,0 days 00:00:14.332742,0.9605583431023544,0.8267580226208842,0.474627728795628,4,1,COMPLETE
2522,52.14,2025-01-22 01:21:46.360891,2025-01-22 01:22:00.790549,0 days 00:00:14.429658,0.9046616863338939,1.5135587182109669,0.48543683726780973,5,1,COMPLETE
2523,51.32,2025-01-22 01:21:58.187771,2025-01-22 01:22:12.925329,0 days 00:00:14.737558,1.062626154751516,1.5181852926413282,0.29641516832383086,5,1,COMPLETE
2524,52.28,2025-01-22 01:22:00.895869,2025-01-22 01:22:14.992687,0 days 00:00:14.096818,1.122775493090993,1.2407875535824073,0.36963460581215557,4,1,COMPLETE
2525,52.739999999999995,2025-01-22 01:22:13.019359,2025-01-22 01:22:26.619249,0 days 00:00:13.599890,1.182894318168255,1.2030025717103288,0.3761525463890957,2,1,COMPLETE
2526,51.0,2025-01-22 01:22:15.339751,2025-01-22 01:22:28.699859,0 days 00:00:13.360108,1.5079512740712475,1.939376966864487,0.6298182631671633,2,1,COMPLETE
2527,51.580000000000005,2025-01-22 01:22:26.742333,2025-01-22 01:22:39.912669,0 days 00:00:13.170336,1.5269140016734866,1.87732601262612,0.5999082287596192,2,1,COMPLETE
2528,50.82,2025-01-22 01:22:29.009052,2025-01-22 01:22:44.095745,0 days 00:00:15.086693,0.8313131138337949,1.8420265850598028,0.5612177814050008,6,1,COMPLETE
2529,51.73,2025-01-22 01:22:40.226691,2025-01-22 01:22:56.365028,0 days 00:00:16.138337,0.8109020330628518,2.436824552568828,0.4211247753614261,7,1,COMPLETE
2530,45.14,2025-01-22 01:22:44.209725,2025-01-22 01:22:58.795083,0 days 00:00:14.585358,0.5063422145563087,0.9620917824614754,0.7580250040895561,4,1,COMPLETE
2531,50.1,2025-01-22 01:22:56.469051,2025-01-22 01:23:10.641028,0 days 00:00:14.171977,0.5131296993901919,1.0318659313996559,0.3047728017682956,4,1,COMPLETE
2532,51.019999999999996,2025-01-22 01:22:58.991189,2025-01-22 01:23:13.035520,0 days 00:00:14.044331,1.312286071218043,0.503087153090525,0.3313923764266773,4,1,COMPLETE
2533,52.78,2025-01-22 01:23:10.782614,2025-01-22 01:23:24.081641,0 days 00:00:13.299027,0.9743914259390108,1.361161036574783,0.4754474659843648,2,1,COMPLETE
2534,52.62,2025-01-22 01:23:13.241813,2025-01-22 01:23:26.584666,0 days 00:00:13.342853,0.986581632897642,1.3376805465974766,0.4903278389200001,2,1,COMPLETE
2535,52.04,2025-01-22 01:23:24.183776,2025-01-22 01:23:41.157474,0 days 00:00:16.973698,0.680337862297269,0.6624855882993964,0.3921385860870469,9,2,COMPLETE
2536,52.31,2025-01-22 01:23:26.707955,2025-01-22 01:23:42.307276,0 days 00:00:15.599321,1.2356204383444709,1.534570689890529,0.40776951586261495,6,1,COMPLETE
2537,50.06,2025-01-22 01:23:41.288608,2025-01-22 01:23:55.597754,0 days 00:00:14.309146,1.2568500913970875,1.6063494960696503,0.23778295692870308,5,1,COMPLETE
2538,52.019999999999996,2025-01-22 01:23:42.431796,2025-01-22 01:23:57.364194,0 days 00:00:14.932398,1.383955196937772,2.2865209345980877,0.5238485510060918,4,1,COMPLETE
2539,49.4,2025-01-22 01:23:55.689626,2025-01-22 01:24:25.735402,0 days 00:00:30.045776,1.8052977558825536,2.285984511633228,0.5541851701899075,45,36,COMPLETE
2540,52.400000000000006,2025-01-22 01:23:57.778725,2025-01-22 01:24:11.209042,0 days 00:00:13.430317,1.0697738268310848,0.9128210139308427,0.349773242230561,2,1,COMPLETE
2541,34.56,2025-01-22 01:24:11.339287,2025-01-22 01:24:24.636830,0 days 00:00:13.297543,1.7355703415820134,1.1261125716350135,0.04801172501627766,2,1,COMPLETE
2542,51.1,2025-01-22 01:24:24.765744,2025-01-22 01:24:39.216892,0 days 00:00:14.451148,0.7695102667414082,0.015550034306752093,0.4439474441787543,6,1,COMPLETE
2543,52.16,2025-01-22 01:24:25.874435,2025-01-22 01:24:40.934971,0 days 00:00:15.060536,0.7707318302451232,1.8195630741117137,0.44432934407130553,6,1,COMPLETE
2544,51.72,2025-01-22 01:24:39.342560,2025-01-22 01:24:53.573692,0 days 00:00:14.231132,0.9274840679051324,3.075884314726801,0.41219031797660044,4,1,COMPLETE
2545,48.209999999999994,2025-01-22 01:24:41.348155,2025-01-22 01:24:56.142736,0 days 00:00:14.794581,0.9386937470857791,3.1396938454576735,0.6957674461046653,4,1,COMPLETE
2546,35.23,2025-01-22 01:24:53.693807,2025-01-22 01:25:06.816702,0 days 00:00:13.122895,0.08739981462627598,1.2863891402740841,0.7033614815919561,2,1,COMPLETE
2547,19.03,2025-01-22 01:24:56.279247,2025-01-22 01:25:53.501808,0 days 00:00:57.222561,1.1426811093740568,4.010469459524862,0.004203420134749707,98,4,COMPLETE
2548,51.9,2025-01-22 01:25:06.945050,2025-01-22 01:25:20.177415,0 days 00:00:13.232365,1.1173690383556212,1.118339054708201,0.30215706160955,2,1,COMPLETE
2549,52.26,2025-01-22 01:25:20.297928,2025-01-22 01:25:33.511670,0 days 00:00:13.213742,1.4939589514884326,1.5667183630384434,0.35342982881725177,2,1,COMPLETE
2550,50.86000000000001,2025-01-22 01:25:33.633587,2025-01-22 01:25:49.076939,0 days 00:00:15.443352,1.211837715383071,3.9102150600013696,0.5614626758769761,8,1,COMPLETE
2551,52.23,2025-01-22 01:25:49.187153,2025-01-22 01:26:18.931263,0 days 00:00:29.744110,1.0694443172667991,1.86070632943626,0.49932579838785257,40,3,COMPLETE
2552,52.26,2025-01-22 01:25:53.621671,2025-01-22 01:26:08.402799,0 days 00:00:14.781128,1.445988136036557,1.9167515907360406,0.4950104507796899,4,1,COMPLETE
