number,value,datetime_start,datetime_complete,duration,params_gamma_1,params_gamma_2,params_lambda,params_n_clusters,params_n_neighbors,state
5104,47.33,2025-01-22 07:15:22.977857,2025-01-22 07:15:36.776190,0 days 00:00:13.798333,1.1085798492165564,1.5251548073464027,0.788423337324953,2,1,COMPLETE
5105,50.739999999999995,2025-01-22 07:15:25.736900,2025-01-22 07:15:39.133161,0 days 00:00:13.396261,0.9679577897092224,0.003937435945645459,0.4697119590766006,2,1,COMPLETE
5106,51.66,2025-01-22 07:15:36.942463,2025-01-22 07:15:50.329450,0 days 00:00:13.386987,0.5650765490893204,1.663310388405596,0.44343806244170303,2,1,COMPLETE
5107,46.01,2025-01-22 07:15:39.521031,2025-01-22 07:15:55.474268,0 days 00:00:15.953237,0.11320170658413975,0.02188177557563809,0.42443854147298726,8,1,COMPLETE
5108,51.870000000000005,2025-01-22 07:15:50.526361,2025-01-22 07:16:06.429282,0 days 00:00:15.902921,0.8962688881883645,1.3222636763027682,0.329761487339911,7,1,COMPLETE
5109,51.85999999999999,2025-01-22 07:15:55.638598,2025-01-22 07:16:10.540389,0 days 00:00:14.901791,0.8912539189836598,1.1319986568215772,0.32370271022221403,4,1,COMPLETE
5110,33.06,2025-01-22 07:16:06.594679,2025-01-22 07:16:22.094661,0 days 00:00:15.499982,0.05151545126606885,1.119661591249273,0.5045712325222484,4,1,COMPLETE
5111,52.18000000000001,2025-01-22 07:16:10.719882,2025-01-22 07:16:25.307463,0 days 00:00:14.587581,1.2910971240037121,1.7084229645114106,0.5015338666876414,4,1,COMPLETE
5112,50.29,2025-01-22 07:16:22.253695,2025-01-22 07:16:36.056069,0 days 00:00:13.802374,1.3038201245435093,0.05232922024462414,0.38035582747914315,2,1,COMPLETE
5113,52.64,2025-01-22 07:16:25.474556,2025-01-22 07:16:38.910161,0 days 00:00:13.435605,0.6900683459906547,0.93315513322833,0.38745728210437885,2,1,COMPLETE
5114,49.84,2025-01-22 07:16:36.351568,2025-01-22 07:16:51.290846,0 days 00:00:14.939278,0.7326348037870151,0.9036817293050232,0.6169818001842123,6,1,COMPLETE
5115,50.38,2025-01-22 07:16:39.064185,2025-01-22 07:16:53.718055,0 days 00:00:14.653870,1.0844864741674567,1.6127237746854572,0.6310351568677147,5,1,COMPLETE
5116,51.04,2025-01-22 07:16:51.440227,2025-01-22 07:17:06.107612,0 days 00:00:14.667385,1.0557668622375451,1.6463123912071778,0.27172081464795284,4,1,COMPLETE
5117,49.980000000000004,2025-01-22 07:16:54.195030,2025-01-22 07:17:08.981152,0 days 00:00:14.786122,1.3207118009632497,0.28102821042924064,0.2692220908335767,4,1,COMPLETE
5118,52.89,2025-01-22 07:17:06.272202,2025-01-22 07:17:20.001128,0 days 00:00:13.728926,1.347522591908329,1.3100673972286148,0.43441835957372965,2,1,COMPLETE
5119,52.400000000000006,2025-01-22 07:17:09.148128,2025-01-22 07:17:22.760273,0 days 00:00:13.612145,0.9070010475099782,0.5524603797165194,0.4307540543484172,2,1,COMPLETE
5120,52.339999999999996,2025-01-22 07:17:20.168703,2025-01-22 07:17:35.111651,0 days 00:00:14.942948,0.8842179230362833,1.346247668174924,0.36514744681028943,6,1,COMPLETE
5121,38.56,2025-01-22 07:17:22.921926,2025-01-22 07:17:39.232452,0 days 00:00:16.310526,1.1228659469915303,1.3259660260247694,1.198965165303877,7,1,COMPLETE
5122,45.28,2025-01-22 07:17:35.296683,2025-01-22 07:17:51.676882,0 days 00:00:16.380199,0.13631921349559226,0.726311932321171,0.5356240008448121,8,2,COMPLETE
5123,46.03,2025-01-22 07:17:39.387865,2025-01-22 07:17:54.185700,0 days 00:00:14.797835,1.6068298152462734,1.100789174342752,0.8781137465176391,4,1,COMPLETE
5124,51.11,2025-01-22 07:17:51.839808,2025-01-22 07:18:05.874965,0 days 00:00:14.035157,1.5687074009762996,1.0555081542742706,0.32311321140183247,4,1,COMPLETE
5125,52.339999999999996,2025-01-22 07:17:54.435949,2025-01-22 07:18:08.399054,0 days 00:00:13.963105,1.2228479757389037,1.518594483812097,0.33040817748737694,2,1,COMPLETE
5126,52.72,2025-01-22 07:18:06.036585,2025-01-22 07:18:19.599571,0 days 00:00:13.562986,1.1600153058527998,1.6274184414122366,0.48628351743979265,2,1,COMPLETE
5127,52.62,2025-01-22 07:18:08.647276,2025-01-22 07:18:22.434865,0 days 00:00:13.787589,1.0056243525828445,1.6936075374503679,0.49063981901937637,2,1,COMPLETE
5128,52.56999999999999,2025-01-22 07:18:19.730637,2025-01-22 07:18:34.759963,0 days 00:00:15.029326,0.7891624926729347,1.214406128041438,0.4107203245314424,6,1,COMPLETE
5129,49.62,2025-01-22 07:18:22.605577,2025-01-22 07:18:37.229407,0 days 00:00:14.623830,1.3731688601436625,1.232763252482166,0.6917360869909426,5,1,COMPLETE
5130,48.59,2025-01-22 07:18:34.912174,2025-01-22 07:18:49.118474,0 days 00:00:14.206300,1.020018184048998,1.3696629599149672,0.7346026404247307,4,1,COMPLETE
5131,51.83,2025-01-22 07:18:37.532824,2025-01-22 07:19:01.887261,0 days 00:00:24.354437,0.980653762501152,1.4284672472251703,0.38078187709902095,30,13,COMPLETE
5132,52.16,2025-01-22 07:18:49.274650,2025-01-22 07:19:02.934811,0 days 00:00:13.660161,0.5972143286392013,0.9652839676690201,0.3760042021711139,2,1,COMPLETE
5133,50.79,2025-01-22 07:19:02.072838,2025-01-22 07:19:15.498139,0 days 00:00:13.425301,0.6740073129715223,1.0157315016470867,0.5721756236323441,2,1,COMPLETE
5134,51.33,2025-01-22 07:19:03.126290,2025-01-22 07:19:18.603864,0 days 00:00:15.477574,1.3250463080225343,1.7515990460463473,0.5706526481817388,6,1,COMPLETE
5135,39.45,2025-01-22 07:19:15.639480,2025-01-22 07:19:30.733268,0 days 00:00:15.093788,1.4271258577858563,1.782263806518821,0.08062287513095477,6,1,COMPLETE
5136,52.21,2025-01-22 07:19:18.777505,2025-01-22 07:19:33.134403,0 days 00:00:14.356898,0.8201421307714486,1.6416263468528864,0.4623324369830453,4,1,COMPLETE
5137,52.49,2025-01-22 07:19:30.913569,2025-01-22 07:19:46.751480,0 days 00:00:15.837911,0.7904566514943324,0.7888098919184754,0.45116159855348137,4,1,COMPLETE
5138,52.5,2025-01-22 07:19:33.719407,2025-01-22 07:19:47.815687,0 days 00:00:14.096280,1.1711398202912884,1.1806373040989135,0.43282489697270715,4,1,COMPLETE
5139,51.57000000000001,2025-01-22 07:19:46.917581,2025-01-22 07:20:00.597961,0 days 00:00:13.680380,1.099260129078121,1.2052314129697668,0.28425386558291604,2,1,COMPLETE
5140,51.05,2025-01-22 07:19:48.002263,2025-01-22 07:20:04.548421,0 days 00:00:16.546158,1.65770095636985,1.3606899047098397,0.30040523074175696,8,2,COMPLETE
5141,24.47,2025-01-22 07:20:00.741778,2025-01-22 07:20:17.674448,0 days 00:00:16.932670,1.739682697302267,1.3992682561460064,0.00630141577340564,9,2,COMPLETE
5142,26.369999999999997,2025-01-22 07:20:04.728248,2025-01-22 07:20:18.537204,0 days 00:00:13.808956,0.9902659871396173,1.464537103460712,0.014291704058490309,2,1,COMPLETE
5143,49.05,2025-01-22 07:20:17.831893,2025-01-22 07:20:32.099947,0 days 00:00:14.268054,0.9401254549967849,1.6584899930126142,0.215996951947748,2,1,COMPLETE
5144,51.78,2025-01-22 07:20:18.685363,2025-01-22 07:20:33.383863,0 days 00:00:14.698500,1.2864834587315577,0.8976173184531553,0.36075798166693196,4,1,COMPLETE
5145,47.52,2025-01-22 07:20:32.254935,2025-01-22 07:20:47.356371,0 days 00:00:15.101436,5.258380257788866,0.8957427786482264,0.3527146056895646,6,1,COMPLETE
5146,51.76,2025-01-22 07:20:33.549520,2025-01-22 07:20:48.812679,0 days 00:00:15.263159,1.435306153977136,1.073779211887447,0.5200601448675516,6,1,COMPLETE
5147,51.74999999999999,2025-01-22 07:20:47.725060,2025-01-22 07:21:01.982561,0 days 00:00:14.257501,1.5123928245940008,1.108471712068902,0.5307133048348613,4,1,COMPLETE
5148,52.410000000000004,2025-01-22 07:20:48.997670,2025-01-22 07:21:03.868689,0 days 00:00:14.871019,1.1440639408623596,1.1973091530889048,0.4165235222768675,4,1,COMPLETE
5149,28.939999999999998,2025-01-22 07:21:02.130484,2025-01-22 07:21:15.552942,0 days 00:00:13.422458,1.1591941323538022,1.7151320481927999,0.025056946000031055,2,1,COMPLETE
5150,52.690000000000005,2025-01-22 07:21:04.458342,2025-01-22 07:21:18.143363,0 days 00:00:13.685021,0.8420804451359347,1.7094344431047306,0.4158835847058313,2,1,COMPLETE
5151,52.68000000000001,2025-01-22 07:21:15.721103,2025-01-22 07:21:28.969350,0 days 00:00:13.248247,0.8419202782223981,1.4379967036522068,0.41409133071047116,2,1,COMPLETE
5152,52.15,2025-01-22 07:21:18.403604,2025-01-22 07:21:32.398277,0 days 00:00:13.994673,0.9709413852153823,1.408860581789414,0.48992194866722033,4,1,COMPLETE
5153,50.88,2025-01-22 07:21:29.107627,2025-01-22 07:21:44.038385,0 days 00:00:14.930758,1.2797297301519555,0.6624185846446228,0.6138500440321595,6,1,COMPLETE
5154,51.66,2025-01-22 07:21:32.566456,2025-01-22 07:21:47.661132,0 days 00:00:15.094676,1.3119531510325841,1.299371748211742,0.31758712046674864,6,1,COMPLETE
5155,51.959999999999994,2025-01-22 07:21:44.204855,2025-01-22 07:21:59.333100,0 days 00:00:15.128245,1.0830556446444184,1.7646010026380776,0.31780172354265757,4,1,COMPLETE
5156,51.5,2025-01-22 07:21:47.844707,2025-01-22 07:22:02.384767,0 days 00:00:14.540060,1.8991956273934092,1.802155968826075,0.3423596748219344,4,1,COMPLETE
5157,49.53,2025-01-22 07:21:59.504164,2025-01-22 07:22:15.905009,0 days 00:00:16.400845,1.997334326596606,0.041968548984398224,0.36698162834231657,8,1,COMPLETE
5158,51.73,2025-01-22 07:22:02.732608,2025-01-22 07:22:16.246088,0 days 00:00:13.513480,0.6671350950375013,1.0708297826903135,0.5100705755002454,2,1,COMPLETE
5159,52.01,2025-01-22 07:22:16.086727,2025-01-22 07:22:30.261130,0 days 00:00:14.174403,0.68202501278284,1.1066033840667397,0.4862199227291891,2,1,COMPLETE
5160,52.459999999999994,2025-01-22 07:22:16.457269,2025-01-22 07:22:30.253305,0 days 00:00:13.796036,1.5559086767768404,1.4758255395330986,0.4680390226720234,2,1,COMPLETE
5161,23.72,2025-01-22 07:22:30.431631,2025-01-22 07:22:45.320936,0 days 00:00:14.889305,1.019494144044642,1.2881538148445562,0.0026298499302591155,5,1,COMPLETE
5162,47.21,2025-01-22 07:22:30.434457,2025-01-22 07:22:45.738240,0 days 00:00:15.303783,0.49408097493450737,1.359072494030413,0.23686974537770786,5,1,COMPLETE
5163,49.26,2025-01-22 07:22:45.482648,2025-01-22 07:22:59.623317,0 days 00:00:14.140669,2.577705426238063,0.8096447927167473,0.6881181194699638,4,1,COMPLETE
5164,51.51,2025-01-22 07:22:46.129332,2025-01-22 07:23:20.691708,0 days 00:00:34.562376,1.1553377919995422,0.9197068516020911,0.5836258744631029,54,3,COMPLETE
5165,52.410000000000004,2025-01-22 07:22:59.797241,2025-01-22 07:23:15.955672,0 days 00:00:16.158431,1.2125160360971359,1.6064940124001128,0.3959833307213186,8,5,COMPLETE
5166,51.459999999999994,2025-01-22 07:23:16.131750,2025-01-22 07:23:29.663235,0 days 00:00:13.531485,0.9449873908104751,0.992295603953942,0.57409761910413,2,1,COMPLETE
5167,52.88,2025-01-22 07:23:20.847413,2025-01-22 07:23:34.825179,0 days 00:00:13.977766,0.9156710164864322,1.5094165755360862,0.4312476081330967,2,1,COMPLETE
5168,52.449999999999996,2025-01-22 07:23:29.846156,2025-01-22 07:23:44.605994,0 days 00:00:14.759838,1.435924153227374,1.7550379056638246,0.42888803032820755,4,1,COMPLETE
5169,50.88,2025-01-22 07:23:34.955924,2025-01-22 07:23:50.481804,0 days 00:00:15.525880,1.478447919654254,1.791076847411016,0.2767496944917684,7,1,COMPLETE
5170,50.68,2025-01-22 07:23:44.854934,2025-01-22 07:24:01.252068,0 days 00:00:16.397134,1.6122484043934284,1.1984990892368415,0.2847087575680752,7,1,COMPLETE
5171,51.690000000000005,2025-01-22 07:23:50.629088,2025-01-22 07:24:08.087017,0 days 00:00:17.457929,0.7992573141973629,1.2029644269862336,0.3693301735958163,10,2,COMPLETE
5172,52.339999999999996,2025-01-22 07:24:01.435092,2025-01-22 07:24:36.418778,0 days 00:00:34.983686,0.7665868015501289,1.245150667370754,0.36638528294945355,50,3,COMPLETE
5173,52.07000000000001,2025-01-22 07:24:08.242678,2025-01-22 07:24:23.043980,0 days 00:00:14.801302,1.1034828241617478,1.5020348725494186,0.5049629476163388,4,1,COMPLETE
5174,52.580000000000005,2025-01-22 07:24:23.229560,2025-01-22 07:24:36.653929,0 days 00:00:13.424369,1.2206994048678232,1.2784287173143922,0.3590282245546569,2,1,COMPLETE
5175,52.75,2025-01-22 07:24:36.600790,2025-01-22 07:24:51.740410,0 days 00:00:15.139620,1.2537025794908745,1.0131797404523757,0.4557149522609548,2,1,COMPLETE
5176,52.6,2025-01-22 07:24:36.819441,2025-01-22 07:24:52.483641,0 days 00:00:15.664200,0.942549529626499,1.018271731548556,0.4398032730853362,4,1,COMPLETE
5177,50.07,2025-01-22 07:24:51.927898,2025-01-22 07:25:07.017074,0 days 00:00:15.089176,0.9480716194524551,1.8205003688380594,0.6268556376105218,6,1,COMPLETE
5178,47.79,2025-01-22 07:24:52.673281,2025-01-22 07:25:08.606709,0 days 00:00:15.933428,1.0805148653992698,1.5370685472112608,0.1826076293902106,6,1,COMPLETE
5179,51.67,2025-01-22 07:25:07.206616,2025-01-22 07:25:21.734933,0 days 00:00:14.528317,1.7934749670996217,1.5087975204536714,0.5291003106352471,4,1,COMPLETE
5180,51.53,2025-01-22 07:25:08.780662,2025-01-22 07:25:23.934236,0 days 00:00:15.153574,1.716962495404464,1.4590532433337058,0.5443648186119306,4,1,COMPLETE
5181,51.690000000000005,2025-01-22 07:25:21.902285,2025-01-22 07:25:35.776433,0 days 00:00:13.874148,1.3799278076732109,0.7523884863363423,0.32670778346832735,2,1,COMPLETE
5182,51.32,2025-01-22 07:25:24.411795,2025-01-22 07:25:38.078495,0 days 00:00:13.666700,1.3425165258931377,0.7895051655643148,0.301197792828915,2,1,COMPLETE
5183,52.839999999999996,2025-01-22 07:25:35.956694,2025-01-22 07:25:49.488782,0 days 00:00:13.532088,1.2876133163734738,1.838914953678993,0.3974751206737077,2,1,COMPLETE
5184,52.300000000000004,2025-01-22 07:25:38.682256,2025-01-22 07:25:52.910580,0 days 00:00:14.228324,0.8179908923467551,1.7816824427413838,0.39516404269599126,4,1,COMPLETE
5185,47.13,2025-01-22 07:25:49.670758,2025-01-22 07:26:04.834742,0 days 00:00:15.163984,0.8107514814783341,1.1918133803893176,0.7595259904657393,6,1,COMPLETE
5186,52.470000000000006,2025-01-22 07:25:53.100498,2025-01-22 07:26:08.526538,0 days 00:00:15.426040,1.0453363553484176,1.2330970915408281,0.4688383284615983,6,1,COMPLETE
5187,52.38,2025-01-22 07:26:05.172544,2025-01-22 07:26:19.894587,0 days 00:00:14.722043,1.060915059069992,1.260174495392857,0.4745631788737603,4,1,COMPLETE
5188,49.830000000000005,2025-01-22 07:26:08.676526,2025-01-22 07:26:22.800579,0 days 00:00:14.124053,1.1212931959319532,1.4047479757663521,0.6682487597430605,4,1,COMPLETE
5189,51.53,2025-01-22 07:26:20.050772,2025-01-22 07:26:34.202699,0 days 00:00:14.151927,1.4158713527448852,1.501172895462327,0.5989700515472751,2,1,COMPLETE
5190,51.99,2025-01-22 07:26:22.946377,2025-01-22 07:26:36.795874,0 days 00:00:13.849497,1.427312768097204,0.9941155350169331,0.3418761609988948,2,1,COMPLETE
5191,51.39,2025-01-22 07:26:34.371038,2025-01-22 07:26:50.703721,0 days 00:00:16.332683,0.5695057258555093,0.9266208382930379,0.3453301628222043,8,2,COMPLETE
5192,52.0,2025-01-22 07:26:37.178308,2025-01-22 07:26:53.438618,0 days 00:00:16.260310,0.6516951701031061,1.069919107117914,0.39063426174588656,8,2,COMPLETE
5193,51.99,2025-01-22 07:26:50.865038,2025-01-22 07:27:05.056460,0 days 00:00:14.191422,0.7164115134597399,1.8601658735573496,0.4147632961221817,4,1,COMPLETE
5194,0.5,2025-01-22 07:26:53.628499,2025-01-22 07:27:09.394699,0 days 00:00:15.766200,0.0016467347023957151,1.8698565278212327,0.5186201097656291,4,1,COMPLETE
5195,51.800000000000004,2025-01-22 07:27:05.231467,2025-01-22 07:27:18.908230,0 days 00:00:13.676763,0.931866379933266,1.6679367116600863,0.541595471714432,2,1,COMPLETE
5196,48.13,2025-01-22 07:27:09.553410,2025-01-22 07:27:22.927393,0 days 00:00:13.373983,2.186853387661397,0.16088608411554106,0.23893822282472973,2,1,COMPLETE
5197,48.980000000000004,2025-01-22 07:27:19.102444,2025-01-22 07:27:34.347175,0 days 00:00:15.244731,2.225931043083741,1.3001172147419044,0.22956529552316537,5,1,COMPLETE
5198,51.239999999999995,2025-01-22 07:27:23.062715,2025-01-22 07:27:38.734330,0 days 00:00:15.671615,1.637358789440802,1.3526072986242268,0.2997100798638794,6,1,COMPLETE
5199,51.300000000000004,2025-01-22 07:27:34.498760,2025-01-22 07:27:49.699161,0 days 00:00:15.200401,1.6508454543870006,1.5147716866607732,0.3028771267201759,6,1,COMPLETE
5200,52.03,2025-01-22 07:27:38.913253,2025-01-22 07:27:55.771092,0 days 00:00:16.857839,1.1668688321440845,1.1135846288100448,0.44462166950051474,10,2,COMPLETE
5201,52.96999999999999,2025-01-22 07:27:49.858277,2025-01-22 07:28:04.104252,0 days 00:00:14.245975,1.1778697147561277,1.0975654561001817,0.44655965219263716,2,1,COMPLETE
5202,52.739999999999995,2025-01-22 07:27:55.933595,2025-01-22 07:28:09.820877,0 days 00:00:13.887282,0.9110167896218543,1.5802493980715195,0.4610202393117989,2,1,COMPLETE
5203,51.61,2025-01-22 07:28:04.241109,2025-01-22 07:28:20.364806,0 days 00:00:16.123697,0.944160613723215,0.8594529773260475,0.33296730254456886,8,1,COMPLETE
5204,51.72,2025-01-22 07:28:09.980637,2025-01-22 07:28:26.026565,0 days 00:00:16.045928,0.8392920357892028,0.8489271116423627,0.345492725856962,8,1,COMPLETE
5205,51.790000000000006,2025-01-22 07:28:20.508302,2025-01-22 07:28:38.358585,0 days 00:00:17.850283,0.7790250444566541,1.0678451223039294,0.37943852712267945,12,10,COMPLETE
5206,51.93,2025-01-22 07:28:26.201002,2025-01-22 07:28:43.964871,0 days 00:00:17.763869,1.0683835304473166,1.1067977195451053,0.3789805615710336,12,2,COMPLETE
5207,0.5,2025-01-22 07:28:38.524851,2025-01-22 07:28:54.622876,0 days 00:00:16.098025,0.002881052563657136,0.5475413786756866,0.2782581980657914,6,1,COMPLETE
5208,50.96000000000001,2025-01-22 07:28:44.121262,2025-01-22 07:28:59.170769,0 days 00:00:15.049507,1.1516935438232698,1.8534815618619633,0.2673181537919158,6,1,COMPLETE
5209,51.870000000000005,2025-01-22 07:28:54.881605,2025-01-22 07:29:12.394952,0 days 00:00:17.513347,1.126542689007154,1.905996270659418,0.40904286143912494,10,2,COMPLETE
5210,52.21,2025-01-22 07:28:59.300626,2025-01-22 07:29:15.721337,0 days 00:00:16.420711,0.9719654305903465,1.300841169234805,0.40359888779061415,9,2,COMPLETE
5211,0.5,2025-01-22 07:29:12.541221,2025-01-22 07:29:28.775248,0 days 00:00:16.234027,0.007776115726635776,1.3742209050695064,0.32128824153926433,6,1,COMPLETE
5212,51.559999999999995,2025-01-22 07:29:15.870884,2025-01-22 07:29:31.329285,0 days 00:00:15.458401,0.7362849527085393,0.6467316443611446,0.32220156222458624,6,1,COMPLETE
5213,52.059999999999995,2025-01-22 07:29:28.928253,2025-01-22 07:29:43.798710,0 days 00:00:14.870457,0.7373619268193748,0.7198685085138983,0.4451781494876448,5,1,COMPLETE
5214,52.44,2025-01-22 07:29:31.569091,2025-01-22 07:29:45.759812,0 days 00:00:14.190721,1.2687618064603665,1.6170562467662388,0.4487862720099983,4,1,COMPLETE
5215,52.190000000000005,2025-01-22 07:29:43.949605,2025-01-22 07:29:58.962629,0 days 00:00:15.013024,1.2733751072755217,1.5220707336036008,0.37201607204065884,4,1,COMPLETE
5216,52.290000000000006,2025-01-22 07:29:45.914462,2025-01-22 07:30:00.753753,0 days 00:00:14.839291,0.9892665968567611,0.9780538707470048,0.3681323900113618,4,1,COMPLETE
5217,52.300000000000004,2025-01-22 07:29:59.127578,2025-01-22 07:30:13.395725,0 days 00:00:14.268147,0.9031626274201902,0.9519358019705753,0.37436649169561115,4,1,COMPLETE
5218,52.0,2025-01-22 07:30:01.350601,2025-01-22 07:30:17.602416,0 days 00:00:16.251815,0.8789468217791991,1.129930518675352,0.49667684729214023,7,1,COMPLETE
5219,52.03,2025-01-22 07:30:13.535614,2025-01-22 07:30:29.649687,0 days 00:00:16.114073,1.082519017283038,1.189599683735862,0.5030142028568254,7,1,COMPLETE
5220,51.459999999999994,2025-01-22 07:30:17.764403,2025-01-22 07:30:34.091835,0 days 00:00:16.327432,1.1165325095671161,1.345278621781533,0.30113941157319646,7,1,COMPLETE
5221,51.66,2025-01-22 07:30:29.824803,2025-01-22 07:30:44.415379,0 days 00:00:14.590576,1.4126388845869884,1.9119388487875852,0.30116204034238636,4,1,COMPLETE
5222,51.68000000000001,2025-01-22 07:30:34.424262,2025-01-22 07:30:49.185347,0 days 00:00:14.761085,0.6172104725614632,1.8916955703437306,0.4312823388648943,4,1,COMPLETE
5223,51.85999999999999,2025-01-22 07:30:44.932681,2025-01-22 07:30:59.250791,0 days 00:00:14.318110,0.6253643440561134,1.682401624669209,0.43466506075321193,4,1,COMPLETE
5224,52.21,2025-01-22 07:30:49.367828,2025-01-22 07:31:04.210458,0 days 00:00:14.842630,1.2771160835751718,1.5748618611095293,0.4111724909931126,5,1,COMPLETE
5225,51.82,2025-01-22 07:30:59.444872,2025-01-22 07:31:14.458483,0 days 00:00:15.013611,1.2885179109072211,1.3212623048197911,0.5416668645068722,5,1,COMPLETE
5226,51.349999999999994,2025-01-22 07:31:04.374802,2025-01-22 07:31:19.946957,0 days 00:00:15.572155,0.8441551749376562,1.3276413494231234,0.568084679617698,2,1,COMPLETE
5227,48.8,2025-01-22 07:31:14.652445,2025-01-22 07:31:29.349444,0 days 00:00:14.696999,0.846151420810175,0.06949737674876579,0.2523492100436988,2,1,COMPLETE
5228,50.79,2025-01-22 07:31:20.092970,2025-01-22 07:31:34.672627,0 days 00:00:14.579657,1.0394957011238315,1.1173814959045452,0.25551512106491653,4,1,COMPLETE
5229,51.22,2025-01-22 07:31:29.486747,2025-01-22 07:31:45.891305,0 days 00:00:16.404558,1.5354963948273868,0.8254894866055189,0.34556446633123766,8,1,COMPLETE
5230,51.5,2025-01-22 07:31:34.862545,2025-01-22 07:31:50.739804,0 days 00:00:15.877259,1.5111627627002606,1.5412186917276536,0.34661250127934773,8,1,COMPLETE
5231,50.83,2025-01-22 07:31:46.405418,2025-01-22 07:32:01.598021,0 days 00:00:15.192603,1.0034190799371834,0.005792563101477509,0.4678345324034563,6,1,COMPLETE
5232,51.94,2025-01-22 07:31:50.882858,2025-01-22 07:32:06.088739,0 days 00:00:15.205881,1.0547845758036025,1.9478009979181408,0.48810357349410083,6,1,COMPLETE
5233,52.12,2025-01-22 07:32:01.935800,2025-01-22 07:32:16.090760,0 days 00:00:14.154960,1.2108527891896612,0.997805358740496,0.4007374162508946,4,1,COMPLETE
5234,52.64,2025-01-22 07:32:06.256722,2025-01-22 07:32:19.999829,0 days 00:00:13.743107,1.200188999117967,0.9852548217625428,0.3938141198563418,2,1,COMPLETE
5235,52.11,2025-01-22 07:32:16.232761,2025-01-22 07:32:29.977251,0 days 00:00:13.744490,1.832204994853829,1.5197195387402,0.3990959461983211,2,1,COMPLETE
5236,28.32,2025-01-22 07:32:20.173353,2025-01-22 07:32:34.778248,0 days 00:00:14.604895,0.7337576365337969,1.5380100722442331,0.03176267217659519,4,1,COMPLETE
5237,29.98,2025-01-22 07:32:30.178104,2025-01-22 07:32:44.812058,0 days 00:00:14.633954,0.8855525300269494,1.2866882437714395,0.03260622013392901,4,1,COMPLETE
