number,value,datetime_start,datetime_complete,duration,params_gamma_1,params_gamma_2,params_lambda,params_n_clusters,params_n_neighbors,state
1883,52.27,2025-01-21 23:56:08.358571,2025-01-21 23:56:23.753299,0 days 00:00:15.394728,1.2535797415997287,1.8117924059253747,0.37734614670145855,6,1,COMPLETE
1884,52.39,2025-01-21 23:56:23.838024,2025-01-21 23:56:37.419115,0 days 00:00:13.581091,0.9675751438946258,2.3510118398968363,0.49635894411157233,2,1,COMPLETE
1885,52.339999999999996,2025-01-21 23:56:23.858091,2025-01-21 23:56:37.397706,0 days 00:00:13.539615,1.0273485147649268,2.384201608702572,0.5001515796853777,2,1,COMPLETE
1886,50.74999999999999,2025-01-21 23:56:37.521629,2025-01-21 23:56:51.651745,0 days 00:00:14.130116,1.7567741163111836,1.3916750232190338,0.28646266656393693,4,1,COMPLETE
1887,51.470000000000006,2025-01-21 23:56:37.523565,2025-01-21 23:57:38.220489,0 days 00:01:00.696924,1.1440761457077218,1.3882111321569273,0.29042592729930444,96,3,COMPLETE
1888,51.39,2025-01-21 23:56:51.764749,2025-01-21 23:57:08.031551,0 days 00:00:16.266802,1.109201447351943,1.7063818253647502,0.5585670385343017,10,2,COMPLETE
1889,24.84,2025-01-21 23:57:08.137177,2025-01-21 23:57:22.457123,0 days 00:00:14.319946,1.4561427684274881,1.4355507356487556,0.006652328225454986,4,1,COMPLETE
1890,52.849999999999994,2025-01-21 23:57:22.551306,2025-01-21 23:57:35.855923,0 days 00:00:13.304617,0.8990528907409422,1.7048869703625709,0.43323616819659405,2,1,COMPLETE
1891,24.89,2025-01-21 23:57:35.980783,2025-01-21 23:57:52.071989,0 days 00:00:16.091206,0.698485612039456,2.16371944967599,0.02348860022300317,8,2,COMPLETE
1892,51.06,2025-01-21 23:57:38.546961,2025-01-21 23:57:53.839452,0 days 00:00:15.292491,0.7536607148120192,2.0823266882224143,0.32204498568181295,6,1,COMPLETE
1893,51.349999999999994,2025-01-21 23:57:52.166380,2025-01-21 23:58:07.028630,0 days 00:00:14.862250,0.8287940772981978,2.153176881854537,0.3231150051696879,6,1,COMPLETE
1894,51.370000000000005,2025-01-21 23:57:54.186930,2025-01-21 23:58:09.131795,0 days 00:00:14.944865,0.8775189374718078,2.594359635562217,0.3520134983985688,5,1,COMPLETE
1895,51.49,2025-01-21 23:58:07.152673,2025-01-21 23:58:21.152312,0 days 00:00:13.999639,2.3584141743564175,3.3505399462334746,0.3989197886859379,4,1,COMPLETE
1896,51.24999999999999,2025-01-21 23:58:09.471541,2025-01-21 23:58:23.980486,0 days 00:00:14.508945,0.5280181661317531,1.8980100368844297,0.39645703581357455,4,1,COMPLETE
1897,50.36000000000001,2025-01-21 23:58:21.277908,2025-01-21 23:58:35.480335,0 days 00:00:14.202427,1.3924465878095351,1.7879295958081165,0.24137885773268147,4,1,COMPLETE
1898,50.839999999999996,2025-01-21 23:58:24.108179,2025-01-21 23:58:40.594346,0 days 00:00:16.486167,1.240531594125802,1.7340494651793306,0.2750598400706511,10,2,COMPLETE
1899,52.89,2025-01-21 23:58:35.564698,2025-01-21 23:58:49.138639,0 days 00:00:13.573941,1.1336312155525003,2.3801676517490806,0.4515779793991928,2,1,COMPLETE
1900,52.75,2025-01-21 23:58:40.982176,2025-01-21 23:58:54.111077,0 days 00:00:13.128901,0.9848911169991672,2.0385429497056244,0.42259628582385533,2,1,COMPLETE
1901,52.03,2025-01-21 23:58:49.323804,2025-01-21 23:59:03.324408,0 days 00:00:14.000604,0.9563313887184629,3.049509891328633,0.42565523550776907,3,1,COMPLETE
1902,49.18,2025-01-21 23:58:54.200574,2025-01-21 23:59:08.044266,0 days 00:00:13.843692,0.6686821971831154,3.9420866420919225,0.4486330060587098,3,1,COMPLETE
1903,24.62,2025-01-21 23:59:03.446606,2025-01-21 23:59:18.767612,0 days 00:00:15.321006,0.7639053284714009,3.175697658695305,0.036815784787135306,6,1,COMPLETE
1904,51.18000000000001,2025-01-21 23:59:08.161907,2025-01-21 23:59:23.465083,0 days 00:00:15.303176,1.1283696420649931,3.3783900672778815,0.32934084752676074,6,1,COMPLETE
1905,52.43,2025-01-21 23:59:18.876928,2025-01-21 23:59:32.177221,0 days 00:00:13.300293,1.1783461282802823,2.9206045955226783,0.35411115894647643,2,1,COMPLETE
1906,0.5,2025-01-21 23:59:23.599751,2025-01-21 23:59:38.036811,0 days 00:00:14.437060,0.002938433039722001,2.3253323511351316,0.5732375610235977,2,1,COMPLETE
1907,36.66,2025-01-21 23:59:32.287681,2025-01-21 23:59:47.195393,0 days 00:00:14.907712,0.17288861019011167,2.6498429618809234,0.5655722750705116,4,1,COMPLETE
1908,51.82,2025-01-21 23:59:38.184939,2025-01-21 23:59:52.656562,0 days 00:00:14.471623,0.9158250720320676,2.7007659771709314,0.48771514285961143,4,1,COMPLETE
1909,51.739999999999995,2025-01-21 23:59:47.306520,2025-01-22 00:00:01.660916,0 days 00:00:14.354396,0.8912481564160837,2.6049088399732745,0.4979224665958304,4,1,COMPLETE
1910,52.52,2025-01-21 23:59:52.785725,2025-01-22 00:00:06.301746,0 days 00:00:13.516021,1.6509416957190983,2.4218024671303526,0.38099809499624415,2,1,COMPLETE
1911,51.59,2025-01-22 00:00:01.791454,2025-01-22 00:00:18.728924,0 days 00:00:16.937470,1.7387520356145447,3.2835725257516413,0.38420529647706264,7,1,COMPLETE
1912,49.47,2025-01-22 00:00:06.390060,2025-01-22 00:00:21.762362,0 days 00:00:15.372302,0.4561983887462823,2.296724090453824,0.4460383670804996,7,1,COMPLETE
1913,52.23,2025-01-22 00:00:18.831368,2025-01-22 00:00:33.496112,0 days 00:00:14.664744,1.3454243587670023,2.227364752312381,0.4393672605908733,5,1,COMPLETE
1914,48.83,2025-01-22 00:00:21.874594,2025-01-22 00:00:35.890805,0 days 00:00:14.016211,1.3773663956109505,2.8045500648545665,0.20388777483871892,2,1,COMPLETE
1915,50.970000000000006,2025-01-22 00:00:33.601962,2025-01-22 00:00:46.785513,0 days 00:00:13.183551,1.006936887622667,3.7005538282108827,0.33396390549341276,2,1,COMPLETE
1916,49.55,2025-01-22 00:00:36.071710,2025-01-22 00:00:49.261922,0 days 00:00:13.190212,1.0453859936921537,4.2296190481364055,0.2993886138078872,2,1,COMPLETE
1917,49.41,2025-01-22 00:00:46.899950,2025-01-22 00:01:02.005148,0 days 00:00:15.105198,0.5913429418749134,2.010474468683211,0.5967743519013121,4,1,COMPLETE
1918,23.41,2025-01-22 00:00:49.664592,2025-01-22 00:01:04.803271,0 days 00:00:15.138679,0.777168896109436,0.024162952879404637,0.0029406819582510103,5,1,COMPLETE
1919,51.78,2025-01-22 00:01:02.121636,2025-01-22 00:01:16.807030,0 days 00:00:14.685394,0.7765281440135882,2.463371389138986,0.5088116332282088,5,4,COMPLETE
1920,52.129999999999995,2025-01-22 00:01:04.929337,2025-01-22 00:01:19.398187,0 days 00:00:14.468850,1.1884952891751968,2.550562890809428,0.49063975452688474,4,1,COMPLETE
1921,0.5,2025-01-22 00:01:16.926407,2025-01-22 00:01:31.838596,0 days 00:00:14.912189,0.03980420409428888,2.0456520196137524,0.3674355441248304,2,1,COMPLETE
1922,50.21,2025-01-22 00:01:19.601783,2025-01-22 00:01:32.875755,0 days 00:00:13.273972,1.4895678996064843,0.10122665904073837,0.3767111081182316,2,1,COMPLETE
1923,23.599999999999998,2025-01-22 00:01:31.962693,2025-01-22 00:01:47.468539,0 days 00:00:15.505846,1.5115108558001846,1.6790077329943602,0.0019298820901077552,8,1,COMPLETE
1924,49.65,2025-01-22 00:01:32.978652,2025-01-22 00:01:48.761614,0 days 00:00:15.782962,2.003548772577237,1.7323234314855476,0.6819922433821562,7,1,COMPLETE
1925,47.980000000000004,2025-01-22 00:01:47.608872,2025-01-22 00:02:02.958436,0 days 00:00:15.349564,1.0897230173428105,1.6863338965108852,0.754542896928396,6,1,COMPLETE
1926,50.690000000000005,2025-01-22 00:01:48.875786,2025-01-22 00:02:03.911363,0 days 00:00:15.035577,1.1294190898229457,2.9494400500037776,0.2785503337296242,4,1,COMPLETE
1927,26.96,2025-01-22 00:02:03.062904,2025-01-22 00:02:18.227406,0 days 00:00:15.164502,0.9049779065384785,2.872559607169294,2.9948465463390717,4,1,COMPLETE
1928,52.71,2025-01-22 00:02:04.005855,2025-01-22 00:02:17.632439,0 days 00:00:13.626584,0.927459538898447,2.019472466338336,0.4251889160550248,2,1,COMPLETE
1929,51.49,2025-01-22 00:02:17.761084,2025-01-22 00:02:31.868747,0 days 00:00:14.107663,1.3348959514859666,2.2153003815924115,0.5850259514908889,4,1,COMPLETE
1930,51.76,2025-01-22 00:02:18.341391,2025-01-22 00:02:33.457927,0 days 00:00:15.116536,1.3100669302094756,2.204583160100246,0.5591591086286073,4,1,COMPLETE
1931,52.339999999999996,2025-01-22 00:02:31.985253,2025-01-22 00:02:44.862944,0 days 00:00:12.877691,1.2304055225260522,1.5335983540858977,0.33199052477073343,2,1,COMPLETE
1932,50.21,2025-01-22 00:02:34.028173,2025-01-22 00:03:10.705976,0 days 00:00:36.677803,0.6437322313123872,1.4531682998585975,0.32454613938363147,59,38,COMPLETE
1933,52.23,2025-01-22 00:02:44.986753,2025-01-22 00:02:58.904354,0 days 00:00:13.917601,0.7078906486852644,1.8115645803995735,0.4424717264439246,2,1,COMPLETE
1934,52.42,2025-01-22 00:02:59.013498,2025-01-22 00:03:13.754593,0 days 00:00:14.741095,1.0334362616929949,1.4695677431937886,0.3981141756701695,6,1,COMPLETE
1935,40.150000000000006,2025-01-22 00:03:10.817479,2025-01-22 00:03:26.359407,0 days 00:00:15.541928,1.0292595272167737,1.652557474285962,0.09573835722824058,6,1,COMPLETE
1936,38.03,2025-01-22 00:03:13.864012,2025-01-22 00:03:27.043698,0 days 00:00:13.179686,0.8636550545087166,1.8317814005620892,0.08946510883212916,2,1,COMPLETE
1937,0.5,2025-01-22 00:03:26.468813,2025-01-22 00:03:40.989070,0 days 00:00:14.520257,0.14271236218908326,4.698122361705609,0.4776853466646897,2,1,COMPLETE
1938,36.17,2025-01-22 00:03:27.166018,2025-01-22 00:03:42.117842,0 days 00:00:14.951824,0.39239460829249345,4.914408260177706,0.4814984687607645,4,1,COMPLETE
1939,50.519999999999996,2025-01-22 00:03:41.099236,2025-01-22 00:03:55.084516,0 days 00:00:13.985280,1.7414304226083333,2.100545625861817,0.25659490624687303,4,1,COMPLETE
1940,50.77,2025-01-22 00:03:42.215859,2025-01-22 00:03:56.756930,0 days 00:00:14.541071,1.7106596340351923,2.4284397595314084,0.2654735617553567,4,1,COMPLETE
1941,52.59,2025-01-22 00:03:55.202218,2025-01-22 00:04:08.292317,0 days 00:00:13.090099,1.4985765561598539,1.4128660932503736,0.39725007114490773,2,1,COMPLETE
1942,52.76,2025-01-22 00:03:57.106784,2025-01-22 00:04:10.511218,0 days 00:00:13.404434,1.1276928448048447,1.3935162809246358,0.3859631975766616,2,1,COMPLETE
1943,50.760000000000005,2025-01-22 00:04:08.410808,2025-01-22 00:04:23.312262,0 days 00:00:14.901454,1.1890667738561422,0.008016988987470653,0.5381110956067477,6,1,COMPLETE
1944,51.0,2025-01-22 00:04:10.799601,2025-01-22 00:04:26.345657,0 days 00:00:15.546056,0.8354180880338647,1.8771643531298967,0.5573066363847075,8,2,COMPLETE
1945,0.5,2025-01-22 00:04:23.417807,2025-01-22 00:04:40.019520,0 days 00:00:16.601713,0.057370590098711496,1.8970540379517347,0.6371331245570682,8,2,COMPLETE
1946,50.92,2025-01-22 00:04:26.440180,2025-01-22 00:04:44.992512,0 days 00:00:18.552332,2.171985826286195,1.6203168447511154,0.32854741459329684,4,1,COMPLETE
1947,51.39,2025-01-22 00:04:40.138134,2025-01-22 00:04:54.491455,0 days 00:00:14.353321,2.117161890280473,3.2701999143888854,0.3491758068356784,4,1,COMPLETE
1948,52.65,2025-01-22 00:04:45.114413,2025-01-22 00:04:58.494435,0 days 00:00:13.380022,1.321640518648579,2.45848096240403,0.44857980749142656,2,1,COMPLETE
1949,52.690000000000005,2025-01-22 00:04:54.592526,2025-01-22 00:05:08.151431,0 days 00:00:13.558905,1.3102605204871918,2.601849824844724,0.44538321802926234,2,1,COMPLETE
1950,52.52,2025-01-22 00:04:58.614067,2025-01-22 00:05:13.688004,0 days 00:00:15.073937,0.9702499258528036,1.3824191062986666,0.43459857439250277,6,1,COMPLETE
1951,52.26,2025-01-22 00:05:08.339983,2025-01-22 00:05:23.176832,0 days 00:00:14.836849,1.021484587998665,1.3438672155842772,0.39878901235264835,5,1,COMPLETE
1952,51.13999999999999,2025-01-22 00:05:13.783752,2025-01-22 00:05:28.164137,0 days 00:00:14.380385,0.7950509901096618,1.6149896301677906,0.30332095829432965,4,1,COMPLETE
1953,51.93,2025-01-22 00:05:23.276616,2025-01-22 00:05:36.663882,0 days 00:00:13.387266,0.7780756274422326,1.6326169102155754,0.5101894270074113,2,1,COMPLETE
1954,52.53,2025-01-22 00:05:28.281796,2025-01-22 00:05:41.414914,0 days 00:00:13.133118,1.4836377036467712,2.000512380737613,0.5078718691367565,2,1,COMPLETE
1955,49.769999999999996,2025-01-22 00:05:36.761724,2025-01-22 00:05:50.801850,0 days 00:00:14.040126,1.4828130892609903,2.2044046097447874,0.6884489475465363,2,1,COMPLETE
1956,49.66,2025-01-22 00:05:41.531179,2025-01-22 00:05:56.375918,0 days 00:00:14.844739,1.151040987126432,2.174459606204734,0.6669849899178989,6,1,COMPLETE
1957,52.21,2025-01-22 00:05:51.043515,2025-01-22 00:06:05.888306,0 days 00:00:14.844791,1.1766707898454265,1.6752844416897041,0.3601403438605399,6,1,COMPLETE
1958,52.35999999999999,2025-01-22 00:05:56.494641,2025-01-22 00:06:10.750622,0 days 00:00:14.255981,1.0086964454194285,1.3422938659643004,0.3608682985729301,4,1,COMPLETE
1959,52.629999999999995,2025-01-22 00:06:06.016828,2025-01-22 00:06:20.743068,0 days 00:00:14.726240,0.9212402725812604,1.274933855912473,0.41237339356121033,4,1,COMPLETE
1960,52.18000000000001,2025-01-22 00:06:10.858057,2025-01-22 00:06:27.364441,0 days 00:00:16.506384,0.8998837545839209,1.305624314753414,0.4463823553461663,9,2,COMPLETE
1961,49.82,2025-01-22 00:06:21.061914,2025-01-22 00:06:34.214387,0 days 00:00:13.152473,1.6782988323106098,0.012771649014975999,0.5621270790563696,2,1,COMPLETE
1962,49.26,2025-01-22 00:06:27.486337,2025-01-22 00:06:41.236675,0 days 00:00:13.750338,0.6698168144618202,0.011596635629368836,0.5896383022971756,2,1,COMPLETE
1963,48.67,2025-01-22 00:06:34.323863,2025-01-22 00:06:49.174816,0 days 00:00:14.850953,0.6205591932431087,2.7896042450924172,0.3027226224865533,4,1,COMPLETE
1964,51.71,2025-01-22 00:06:41.458579,2025-01-22 00:06:55.994677,0 days 00:00:14.536098,1.2749453029355682,2.9342606643576303,0.3183161266855405,4,1,COMPLETE
1965,52.14,2025-01-22 00:06:49.484023,2025-01-22 00:07:04.874556,0 days 00:00:15.390533,1.2883692124206825,1.8532940333840986,0.4717460415244112,6,1,COMPLETE
1966,0.5,2025-01-22 00:06:56.154727,2025-01-22 00:07:10.736429,0 days 00:00:14.581702,0.0185855715543807,1.804919703129008,0.4817051959870922,2,1,COMPLETE
1967,50.59,2025-01-22 00:07:04.971208,2025-01-22 00:07:18.430096,0 days 00:00:13.458888,2.7570997302411793,1.635378297732038,0.3806281500197551,2,1,COMPLETE
1968,52.15,2025-01-22 00:07:10.842377,2025-01-22 00:07:27.555648,0 days 00:00:16.713271,1.0705249106754104,1.5370902858736026,0.38268768552334337,8,1,COMPLETE
1969,49.94,2025-01-22 00:07:18.529563,2025-01-22 00:07:35.436222,0 days 00:00:16.906659,1.1365722400785738,1.3735886283660943,0.2327365329160106,8,1,COMPLETE
1970,46.94,2025-01-22 00:07:27.829878,2025-01-22 00:07:42.064920,0 days 00:00:14.235042,1.5585908318847415,2.3318636242627355,0.8304029885613845,4,1,COMPLETE
1971,51.690000000000005,2025-01-22 00:07:35.658359,2025-01-22 00:07:50.194555,0 days 00:00:14.536196,1.5627916808441653,2.0910659824685616,0.5377368816071253,4,1,COMPLETE
1972,50.629999999999995,2025-01-22 00:07:42.174173,2025-01-22 00:07:57.767752,0 days 00:00:15.593579,0.8407955608696595,0.015560010329668323,0.532720214450851,5,4,COMPLETE
1973,52.64,2025-01-22 00:07:50.358909,2025-01-22 00:08:04.081410,0 days 00:00:13.722501,0.8249153495404725,1.8774044328050667,0.4252313432005747,2,1,COMPLETE
1974,52.349999999999994,2025-01-22 00:07:57.933960,2025-01-22 00:08:11.522363,0 days 00:00:13.588403,1.8763659284824,1.9661948211547315,0.4459817334763798,2,1,COMPLETE
1975,50.849999999999994,2025-01-22 00:08:04.318577,2025-01-22 00:08:18.938503,0 days 00:00:14.619926,1.8641484499510603,1.3367870525659715,0.2836817420320204,2,1,COMPLETE
1976,49.419999999999995,2025-01-22 00:08:11.652010,2025-01-22 00:08:27.238241,0 days 00:00:15.586231,0.9809483425227642,3.727915398619402,0.2949567097468817,6,1,COMPLETE
1977,51.83,2025-01-22 00:08:19.390560,2025-01-22 00:08:34.878845,0 days 00:00:15.488285,0.9983892833549872,1.5857570177884779,0.34375737210382296,5,1,COMPLETE
1978,51.99,2025-01-22 00:08:27.337231,2025-01-22 00:08:42.183729,0 days 00:00:14.846498,1.3433428407477548,1.5663405362413443,0.35106877704635875,4,1,COMPLETE
1979,50.92,2025-01-22 00:08:34.983571,2025-01-22 00:08:49.952812,0 days 00:00:14.969241,1.3407347938661864,1.2801074171464923,0.6115144646921238,4,1,COMPLETE
1980,50.9,2025-01-22 00:08:42.493779,2025-01-22 00:08:55.845275,0 days 00:00:13.351496,1.207067539840065,0.4859337185228576,0.6063235706172109,2,1,COMPLETE
1981,51.66,2025-01-22 00:08:50.095781,2025-01-22 00:09:04.124715,0 days 00:00:14.028934,1.1455752872446965,0.2180721142754068,0.48880754159962625,2,1,COMPLETE
1982,30.080000000000002,2025-01-22 00:08:55.945873,2025-01-22 00:09:12.314044,0 days 00:00:16.368171,0.7272009173527787,2.414514231729491,1.9375884680714903,7,1,COMPLETE
1983,51.459999999999994,2025-01-22 00:09:04.250696,2025-01-22 00:09:20.188063,0 days 00:00:15.937367,0.7472939682031216,2.3086435792602793,0.4053334046104931,7,1,COMPLETE
1984,52.33,2025-01-22 00:09:12.431581,2025-01-22 00:09:27.165057,0 days 00:00:14.733476,0.9028771722766176,2.072247783866056,0.39877276568070436,4,1,COMPLETE
1985,45.22,2025-01-22 00:09:20.278562,2025-01-22 00:09:35.041218,0 days 00:00:14.762656,0.5194398924954151,1.5916343902689025,0.7495578444171845,4,1,COMPLETE
1986,52.629999999999995,2025-01-22 00:09:27.319839,2025-01-22 00:09:40.429989,0 days 00:00:13.110150,1.0850600247166962,1.2756929255192153,0.486337891342233,2,1,COMPLETE
1987,40.29,2025-01-22 00:09:35.137520,2025-01-22 00:09:49.303648,0 days 00:00:14.166128,1.0919565313226576,1.2256159993598768,1.1665891664690906,2,1,COMPLETE
1988,51.64,2025-01-22 00:09:40.917646,2025-01-22 00:09:56.221909,0 days 00:00:15.304263,1.3967928790488842,3.2153045365311987,0.3598490796612875,6,1,COMPLETE
1989,51.55,2025-01-22 00:09:49.418061,2025-01-22 00:10:04.613335,0 days 00:00:15.195274,1.5996128183688996,3.15409999979043,0.3485316305188739,6,1,COMPLETE
1990,51.870000000000005,2025-01-22 00:09:56.339715,2025-01-22 00:10:38.237029,0 days 00:00:41.897314,1.6426018063829142,1.8511571167876573,0.4753321008567852,63,3,COMPLETE
1991,49.62,2025-01-22 00:10:04.717117,2025-01-22 00:10:18.598211,0 days 00:00:13.881094,3.968183614733367,1.6727730199766089,0.4359969451983301,4,1,COMPLETE
1992,51.78,2025-01-22 00:10:18.686127,2025-01-22 00:10:32.189685,0 days 00:00:13.503558,0.9269403826494598,1.8172227428331216,0.5382178082979509,2,1,COMPLETE
1993,52.38,2025-01-22 00:10:32.302840,2025-01-22 00:10:46.663292,0 days 00:00:14.360452,1.3236369351229573,1.4521739865596774,0.442856716244135,4,1,COMPLETE
1994,50.22,2025-01-22 00:10:38.562841,2025-01-22 00:10:53.630997,0 days 00:00:15.068156,1.2696687701798601,2.5402681874929756,0.24492524641935767,4,1,COMPLETE
1995,51.22,2025-01-22 00:10:46.831213,2025-01-22 00:11:01.204274,0 days 00:00:14.373061,1.109228121658591,2.599829148945865,0.2784617662016705,2,1,COMPLETE
1996,49.88,2025-01-22 00:10:53.737297,2025-01-22 00:11:07.588406,0 days 00:00:13.851109,1.008238781321859,1.2531021974213095,0.6618910908190415,2,1,COMPLETE
1997,49.86,2025-01-22 00:11:01.472542,2025-01-22 00:11:15.313933,0 days 00:00:13.841391,0.8703831218967965,1.264548952167337,0.6477309051697672,2,1,COMPLETE
1998,52.01,2025-01-22 00:11:07.683656,2025-01-22 00:11:25.072880,0 days 00:00:17.389224,0.8691639647194718,1.495056358404897,0.3900684267066531,9,2,COMPLETE
1999,52.019999999999996,2025-01-22 00:11:15.438930,2025-01-22 00:11:30.309281,0 days 00:00:14.870351,1.4637096774913712,1.5460581742370016,0.3887649523917471,6,1,COMPLETE
2000,50.49,2025-01-22 00:11:25.181397,2025-01-22 00:11:40.614870,0 days 00:00:15.433473,0.6063602881908414,1.927421600297088,0.32169252745818155,6,1,COMPLETE
2001,50.32,2025-01-22 00:11:30.400325,2025-01-22 00:11:44.861958,0 days 00:00:14.461633,0.6227499253215837,2.13426557962555,0.3111525849393321,4,1,COMPLETE
2002,52.04,2025-01-22 00:11:40.761213,2025-01-22 00:11:54.964739,0 days 00:00:14.203526,1.1534620342576787,1.9763447653237598,0.5206006678192405,4,1,COMPLETE
2003,52.1,2025-01-22 00:11:44.956371,2025-01-22 00:11:59.345975,0 days 00:00:14.389604,1.2155219911399127,1.4390078191843507,0.5322841447682689,4,1,COMPLETE
2004,51.949999999999996,2025-01-22 00:11:55.287315,2025-01-22 00:12:08.375240,0 days 00:00:13.087925,1.963923918169927,1.4462775409727255,0.4517985095963337,2,1,COMPLETE
2005,51.71,2025-01-22 00:11:59.467671,2025-01-22 00:12:41.472182,0 days 00:00:42.004511,1.7664246113743183,1.207882548366711,0.41486523319291696,72,3,COMPLETE
2006,52.94,2025-01-22 00:12:08.474482,2025-01-22 00:12:21.457096,0 days 00:00:12.982614,1.0178172185154126,1.734900802838794,0.42546374623954397,2,1,COMPLETE
2007,51.53,2025-01-22 00:12:21.578246,2025-01-22 00:12:35.924853,0 days 00:00:14.346607,1.5011551136870274,1.1745757209541907,0.35148342729567106,6,1,COMPLETE
2008,50.99,2025-01-22 00:12:36.017650,2025-01-22 00:12:52.574889,0 days 00:00:16.557239,1.3780151340216065,1.2183947118651706,0.290363625566419,10,2,COMPLETE
2009,50.68,2025-01-22 00:12:41.566969,2025-01-22 00:13:30.437195,0 days 00:00:48.870226,1.370131613023562,1.6582270682848834,0.26992644041924574,10,2,COMPLETE
2010,50.8,2025-01-22 00:12:52.688098,2025-01-22 00:13:45.883774,0 days 00:00:53.195676,1.139567796057834,1.6647267056393895,0.3615709549515416,85,42,COMPLETE
2011,52.28,2025-01-22 00:13:30.539398,2025-01-22 00:13:43.843286,0 days 00:00:13.303888,1.0847053896241166,1.4537536598489496,0.3247285514466058,2,1,COMPLETE
2012,52.27,2025-01-22 00:13:43.964297,2025-01-22 00:13:57.858333,0 days 00:00:13.894036,1.2075631340186515,1.6759691322821615,0.3712428524519065,4,1,COMPLETE
2013,47.83,2025-01-22 00:13:46.222124,2025-01-22 00:14:00.397680,0 days 00:00:14.175556,2.2229946554287725,1.3453002452914515,0.19478121018713174,4,1,COMPLETE
2014,46.56,2025-01-22 00:13:57.987436,2025-01-22 00:14:11.245059,0 days 00:00:13.257623,0.19858500583689037,1.3320963902697909,0.41270748491566017,2,1,COMPLETE
2015,52.580000000000005,2025-01-22 00:14:00.521766,2025-01-22 00:14:13.595336,0 days 00:00:13.073570,1.598480989525774,2.2104138246157987,0.4091949878659848,2,1,COMPLETE
2016,51.9,2025-01-22 00:14:11.350080,2025-01-22 00:14:26.292628,0 days 00:00:14.942548,1.5276699766535955,2.1970683588714084,0.49051897977610304,6,1,COMPLETE
2017,51.61,2025-01-22 00:14:13.769035,2025-01-22 00:14:29.272205,0 days 00:00:15.503170,0.9944620317429926,1.1216867226131397,0.5529363016962465,8,1,COMPLETE
