number,value,datetime_start,datetime_complete,duration,params_gamma_1,params_gamma_2,params_lambda,params_n_clusters,params_n_neighbors,state
2285,51.11,2025-01-22 00:49:58.783682,2025-01-22 00:50:13.470557,0 days 00:00:14.686875,1.060440374824635,1.8903368890998942,0.5893933789977103,4,1,COMPLETE
2286,32.12,2025-01-22 00:50:01.318824,2025-01-22 00:50:15.102599,0 days 00:00:13.783775,0.6690704308794463,0.919204162589795,0.053018567124779176,2,1,COMPLETE
2287,50.74999999999999,2025-01-22 00:50:13.574029,2025-01-22 00:50:47.785869,0 days 00:00:34.211840,2.3465019733744055,0.8764018507048571,0.40960414040072857,50,3,COMPLETE
2288,51.22,2025-01-22 00:50:15.705683,2025-01-22 00:50:31.652736,0 days 00:00:15.947053,2.250205302047992,1.8386259073424165,0.4205199392606473,8,2,COMPLETE
2289,48.72,2025-01-22 00:50:31.750026,2025-01-22 00:50:46.517563,0 days 00:00:14.767537,0.928692846730404,1.2227133780546973,0.20968887919134097,6,1,COMPLETE
2290,50.42,2025-01-22 00:50:46.609845,2025-01-22 00:51:00.574984,0 days 00:00:13.965139,1.2819576623462465,0.04782100506680495,0.5218624892615843,2,1,COMPLETE
2291,52.470000000000006,2025-01-22 00:50:47.906030,2025-01-22 00:51:02.699698,0 days 00:00:14.793668,1.4168179865367558,1.4433614200679066,0.5212793601531599,2,1,COMPLETE
2292,50.56,2025-01-22 00:51:00.693984,2025-01-22 00:51:13.849957,0 days 00:00:13.155973,1.4275977850070958,1.4922075136668758,0.6593253976046555,2,1,COMPLETE
2293,51.94,2025-01-22 00:51:03.021270,2025-01-22 00:51:18.012980,0 days 00:00:14.991710,0.8318898151901583,1.1282917666346566,0.34980265481433376,5,1,COMPLETE
2294,51.66,2025-01-22 00:51:13.952947,2025-01-22 00:51:28.916124,0 days 00:00:14.963177,0.811866528699361,1.8701467983468656,0.34969349953204365,5,1,COMPLETE
2295,52.27,2025-01-22 00:51:18.114005,2025-01-22 00:51:34.149300,0 days 00:00:16.035295,1.0367223147814577,1.8811552141625116,0.45237812927859833,8,1,COMPLETE
2296,52.300000000000004,2025-01-22 00:51:29.029610,2025-01-22 00:51:44.191239,0 days 00:00:15.161629,1.0474542537916731,0.7377602305494328,0.4512393334755675,4,1,COMPLETE
2297,52.54,2025-01-22 00:51:34.250334,2025-01-22 00:51:47.726471,0 days 00:00:13.476137,1.1858994327909684,0.7000743371412298,0.45641257017240655,2,1,COMPLETE
2298,48.79,2025-01-22 00:51:44.291620,2025-01-22 00:51:57.965912,0 days 00:00:13.674292,0.5851855668816283,1.2736286277583546,0.6305070202001147,2,1,COMPLETE
2299,50.67,2025-01-22 00:51:47.865692,2025-01-22 00:52:51.356848,0 days 00:01:03.491156,0.6331987735349669,1.2208282349341137,0.5942304747624446,100,3,COMPLETE
2300,51.349999999999994,2025-01-22 00:51:58.079281,2025-01-22 00:52:13.387345,0 days 00:00:15.308064,1.7741171940036853,1.618834147134346,0.39064971715665114,7,1,COMPLETE
2301,26.66,2025-01-22 00:52:13.504410,2025-01-22 00:52:28.289774,0 days 00:00:14.785364,0.9370045206904323,1.04233167117518,0.015291076053511977,4,1,COMPLETE
2302,51.59,2025-01-22 00:52:28.637414,2025-01-22 00:52:42.975399,0 days 00:00:14.337985,1.3258928196551847,1.3096538572493763,0.31168745167386835,4,1,COMPLETE
2303,52.26,2025-01-22 00:52:43.095028,2025-01-22 00:52:56.180800,0 days 00:00:13.085772,1.5540929546763624,2.034893426972321,0.5465032804175386,2,1,COMPLETE
2304,51.629999999999995,2025-01-22 00:52:51.481978,2025-01-22 00:53:06.725176,0 days 00:00:15.243198,1.5462518664939515,1.602127853105509,0.5214822505437527,6,1,COMPLETE
2305,50.480000000000004,2025-01-22 00:52:56.295516,2025-01-22 00:53:11.213514,0 days 00:00:14.917998,1.1543352080333757,0.0215230058619684,0.3920345236486977,6,1,COMPLETE
2306,0.5,2025-01-22 00:53:07.007462,2025-01-22 00:53:22.222388,0 days 00:00:15.214926,0.008679042090162055,0.8850311550766418,0.3951511196867894,4,1,COMPLETE
2307,52.449999999999996,2025-01-22 00:53:11.351238,2025-01-22 00:53:25.648923,0 days 00:00:14.297685,0.8726024613824636,0.9244896063264307,0.3836878265093247,4,1,COMPLETE
2308,49.19,2025-01-22 00:53:22.337360,2025-01-22 00:53:36.004855,0 days 00:00:13.667495,0.7534684035497403,0.2369047331279093,0.23793457067263343,2,1,COMPLETE
2309,51.05,2025-01-22 00:53:25.770732,2025-01-22 00:53:39.057801,0 days 00:00:13.287069,0.7238791448970172,1.410756062666763,0.29653311324253867,2,1,COMPLETE
2310,51.83,2025-01-22 00:53:36.130317,2025-01-22 00:53:49.484038,0 days 00:00:13.353721,1.036560872115774,1.414159429754278,0.3031099628261544,2,1,COMPLETE
2311,52.05,2025-01-22 00:53:39.165092,2025-01-22 00:54:33.234229,0 days 00:00:54.069137,1.0221771803178283,1.1013140424297625,0.45923551796943074,94,3,COMPLETE
2312,52.129999999999995,2025-01-22 00:53:49.602262,2025-01-22 00:54:05.404476,0 days 00:00:15.802214,1.325702750026699,1.7111470410740903,0.472997876002278,8,1,COMPLETE
2313,52.33,2025-01-22 00:54:05.512997,2025-01-22 00:54:19.172850,0 days 00:00:13.659853,0.9592829168092712,1.144938797055643,0.47027168228120675,4,1,COMPLETE
2314,51.93,2025-01-22 00:54:19.475760,2025-01-22 00:54:33.916811,0 days 00:00:14.441051,1.2112440602463956,2.162136625850549,0.34515938184384926,6,1,COMPLETE
2315,49.61,2025-01-22 00:54:33.510341,2025-01-22 00:54:48.385231,0 days 00:00:14.874890,1.9175146842605337,2.1002160836381565,0.698197225106871,5,1,COMPLETE
2316,49.65,2025-01-22 00:54:34.051083,2025-01-22 00:54:48.416173,0 days 00:00:14.365090,1.9404911867950483,4.363471038304845,0.6850322876615681,4,1,COMPLETE
2317,52.080000000000005,2025-01-22 00:54:48.513656,2025-01-22 00:55:01.992300,0 days 00:00:13.478644,1.3433393452014257,1.7922081975484563,0.5556872559094259,2,1,COMPLETE
2318,52.33,2025-01-22 00:54:48.560738,2025-01-22 00:55:01.952750,0 days 00:00:13.392012,1.3274173825913116,1.7270301606977847,0.5392837459420196,2,1,COMPLETE
2319,52.459999999999994,2025-01-22 00:55:02.089090,2025-01-22 00:55:16.869790,0 days 00:00:14.780700,0.8547703105120954,1.321639605951327,0.3862484542700861,4,1,COMPLETE
2320,52.56999999999999,2025-01-22 00:55:02.150416,2025-01-22 00:55:16.639099,0 days 00:00:14.488683,0.8651519187226278,1.282559569328589,0.4175261007634715,4,1,COMPLETE
2321,42.35,2025-01-22 00:55:16.775295,2025-01-22 00:55:33.719535,0 days 00:00:16.944240,1.1046764011368573,1.0172106277554813,0.10989238724809149,10,2,COMPLETE
2322,51.629999999999995,2025-01-22 00:55:17.043266,2025-01-22 00:55:33.800387,0 days 00:00:16.757121,1.0776174862110721,1.1329389695367151,0.3505554091462923,10,2,COMPLETE
2323,50.09,2025-01-22 00:55:33.833836,2025-01-22 00:55:48.830456,0 days 00:00:14.996620,1.606274416813376,0.00126381863914304,0.46997946241298355,6,1,COMPLETE
2324,51.65,2025-01-22 00:55:33.943735,2025-01-22 00:55:49.943901,0 days 00:00:16.000166,1.5790060624653264,1.4757817627761234,0.46488215889741935,7,1,COMPLETE
2325,52.459999999999994,2025-01-22 00:55:48.966506,2025-01-22 00:56:02.237736,0 days 00:00:13.271230,0.6945810909958816,1.5652806849366407,0.42383667166685535,2,1,COMPLETE
2326,50.160000000000004,2025-01-22 00:55:50.038410,2025-01-22 00:56:03.386683,0 days 00:00:13.348273,0.7222195539706598,1.605343729576348,0.2712421861505975,2,1,COMPLETE
2327,51.06,2025-01-22 00:56:02.340773,2025-01-22 00:56:16.092797,0 days 00:00:13.752024,1.2544600518644908,0.8947638889229138,0.2713030090975396,2,1,COMPLETE
2328,51.64,2025-01-22 00:56:03.494568,2025-01-22 00:56:18.330276,0 days 00:00:14.835708,1.2285177428601268,0.9048822861180144,0.3317521478758074,4,1,COMPLETE
2329,43.38,2025-01-22 00:56:16.210470,2025-01-22 00:56:30.613208,0 days 00:00:14.402738,0.8981119378734392,1.9281337367684255,0.9351447222855651,4,1,COMPLETE
2330,50.42,2025-01-22 00:56:18.574227,2025-01-22 00:56:32.607115,0 days 00:00:14.032888,0.9372646014566157,2.0406138725026968,0.611113013421469,4,1,COMPLETE
2331,50.64999999999999,2025-01-22 00:56:30.758282,2025-01-22 00:56:45.789159,0 days 00:00:15.030877,1.0106398364686,1.1599610088469194,0.6118045207092057,6,1,COMPLETE
2332,51.74999999999999,2025-01-22 00:56:32.999152,2025-01-22 00:56:48.332903,0 days 00:00:15.333751,1.0810373816833216,1.1343854211671367,0.5293027154481633,6,1,COMPLETE
2333,51.94,2025-01-22 00:56:45.907958,2025-01-22 00:56:59.475975,0 days 00:00:13.568017,1.4045755183004622,0.7135080195971281,0.3727675649528121,2,1,COMPLETE
2334,51.94,2025-01-22 00:56:48.524400,2025-01-22 00:57:03.028582,0 days 00:00:14.504182,1.4546616311657399,0.7389965667066594,0.37734504115137596,2,1,COMPLETE
2335,50.67,2025-01-22 00:56:59.603062,2025-01-22 00:57:14.568086,0 days 00:00:14.965024,0.5575282927061775,2.5286131837940737,0.4203530526418577,2,1,COMPLETE
2336,51.76,2025-01-22 00:57:03.409910,2025-01-22 00:57:19.507990,0 days 00:00:16.098080,0.5683933656216446,1.3775822219271858,0.4273471654200558,8,1,COMPLETE
2337,51.93,2025-01-22 00:57:14.668839,2025-01-22 00:57:29.489336,0 days 00:00:14.820497,1.182491470538549,1.3695023303247265,0.3289848463541811,4,1,COMPLETE
2338,51.89,2025-01-22 00:57:19.613617,2025-01-22 00:57:33.800817,0 days 00:00:14.187200,1.1811577926479917,1.720800570548682,0.318420741139557,4,1,COMPLETE
2339,2.58,2025-01-22 00:57:29.750730,2025-01-22 00:57:44.556066,0 days 00:00:14.805336,0.06462243056807848,1.7304035556130108,0.5162250004603354,4,1,COMPLETE
2340,51.690000000000005,2025-01-22 00:57:33.912260,2025-01-22 00:57:47.408530,0 days 00:00:13.496270,0.7953389844413609,0.3253114137383799,0.5132352265662186,2,1,COMPLETE
2341,52.35999999999999,2025-01-22 00:57:44.661091,2025-01-22 00:57:58.096796,0 days 00:00:13.435705,0.8166942492467968,1.0310383270157837,0.49571642890566275,2,1,COMPLETE
2342,51.62,2025-01-22 00:57:47.510610,2025-01-22 00:58:02.472836,0 days 00:00:14.962226,1.781612184479775,0.9870214631137391,0.43267517660349725,6,1,COMPLETE
2343,52.31,2025-01-22 00:57:58.203570,2025-01-22 00:58:13.427543,0 days 00:00:15.223973,0.9694784198020647,2.192390023805216,0.38198336944396954,6,1,COMPLETE
2344,52.18000000000001,2025-01-22 00:58:02.602468,2025-01-22 00:58:17.094399,0 days 00:00:14.491931,0.9272471769764355,2.267474714646333,0.3725351731646112,4,1,COMPLETE
2345,48.53,2025-01-22 00:58:13.558420,2025-01-22 00:58:28.316072,0 days 00:00:14.757652,4.68857297439836,1.280049186133555,0.589187622858149,4,1,COMPLETE
2346,50.849999999999994,2025-01-22 00:58:17.203382,2025-01-22 00:58:30.552011,0 days 00:00:13.348629,1.4300846983842639,1.510858357931538,0.6379648890058882,2,1,COMPLETE
2347,48.59,2025-01-22 00:58:28.435385,2025-01-22 00:58:44.117359,0 days 00:00:15.681974,1.4266886096254436,1.4772261000945692,0.7505724734515267,8,2,COMPLETE
2348,49.65,2025-01-22 00:58:30.919632,2025-01-22 00:58:46.748763,0 days 00:00:15.829131,1.1315255746437185,0.5843320640012717,0.22420229363781405,8,1,COMPLETE
2349,52.88,2025-01-22 00:58:44.207316,2025-01-22 00:58:57.607216,0 days 00:00:13.399900,1.1666986304924523,1.8973663143791606,0.469820279101529,2,1,COMPLETE
2350,50.12,2025-01-22 00:58:46.850372,2025-01-22 00:58:59.753531,0 days 00:00:12.903159,1.068781391792273,0.034187163907324694,0.3113664031344881,2,1,COMPLETE
2351,48.57,2025-01-22 00:58:57.729050,2025-01-22 00:59:12.218702,0 days 00:00:14.489652,1.9448289231177402,2.587651011688777,0.7493895919872964,5,1,COMPLETE
2352,49.15,2025-01-22 00:59:00.203576,2025-01-22 00:59:14.533090,0 days 00:00:14.329514,2.061152127052837,2.588737604519302,0.7192508671693314,5,1,COMPLETE
2353,50.760000000000005,2025-01-22 00:59:12.356723,2025-01-22 00:59:26.648447,0 days 00:00:14.291724,1.4662697295181502,2.832085064158983,0.6301802801662227,4,1,COMPLETE
2354,51.339999999999996,2025-01-22 00:59:14.802976,2025-01-22 00:59:28.044305,0 days 00:00:13.241329,1.6747610916266564,2.444438388688134,0.5956982712966541,2,1,COMPLETE
2355,51.62,2025-01-22 00:59:26.779313,2025-01-22 00:59:40.127898,0 days 00:00:13.348585,1.6819376651642401,2.253601030523688,0.5796677864261434,2,1,COMPLETE
2356,52.290000000000006,2025-01-22 00:59:28.180513,2025-01-22 00:59:42.360901,0 days 00:00:14.180388,1.6054734326446207,2.012673119391039,0.540505103721305,2,1,COMPLETE
2357,51.629999999999995,2025-01-22 00:59:40.271199,2025-01-22 00:59:54.957160,0 days 00:00:14.685961,1.29205971069931,3.1322317990489355,0.5040667555322869,6,1,COMPLETE
2358,28.23,2025-01-22 00:59:42.632950,2025-01-22 00:59:57.494409,0 days 00:00:14.861459,0.1610134784686251,3.100496939060243,0.4943739202484221,6,1,COMPLETE
2359,46.88,2025-01-22 00:59:55.062672,2025-01-22 01:00:24.693330,0 days 00:00:29.630658,1.2762988683902283,2.0679129193727004,0.8627940939743098,43,3,COMPLETE
2360,52.38,2025-01-22 00:59:57.609738,2025-01-22 01:00:11.769204,0 days 00:00:14.159466,1.2822978042894833,2.0587608064075567,0.4709835953364191,4,1,COMPLETE
2361,49.980000000000004,2025-01-22 01:00:12.037753,2025-01-22 01:00:26.341268,0 days 00:00:14.303515,1.1715088090372132,2.214414243701294,0.6622109149990045,4,1,COMPLETE
2362,51.57000000000001,2025-01-22 01:00:24.821471,2025-01-22 01:00:39.339409,0 days 00:00:14.517938,1.1507544881951925,2.4677422500881283,0.5632552289072662,4,1,COMPLETE
2363,52.129999999999995,2025-01-22 01:00:26.731667,2025-01-22 01:00:40.721992,0 days 00:00:13.990325,1.5431255829373265,1.9233926344224148,0.5547449188031663,2,1,COMPLETE
2364,52.61,2025-01-22 01:00:39.460617,2025-01-22 01:00:52.694139,0 days 00:00:13.233522,1.585282064435365,1.871240332688146,0.4663069533021791,2,1,COMPLETE
2365,51.160000000000004,2025-01-22 01:00:40.835313,2025-01-22 01:01:20.705409,0 days 00:00:39.870096,2.548788129180954,1.8002076521836654,0.4595709515116312,57,4,COMPLETE
2366,50.6,2025-01-22 01:00:52.811457,2025-01-22 01:01:08.839151,0 days 00:00:16.027694,2.869110042955732,3.973892399324096,0.45017170764825865,7,1,COMPLETE
2367,51.92,2025-01-22 01:01:08.926659,2025-01-22 01:01:23.092790,0 days 00:00:14.166131,0.959322415103616,2.908384630140445,0.44493845580703556,4,1,COMPLETE
2368,51.89,2025-01-22 01:01:20.799083,2025-01-22 01:01:35.782931,0 days 00:00:14.983848,1.3287813333758716,2.182082679238495,0.5423876194387404,4,1,COMPLETE
2369,49.87,2025-01-22 01:01:23.327335,2025-01-22 01:01:36.938169,0 days 00:00:13.610834,1.3584986517853834,2.344504475304085,0.6728291780146529,2,1,COMPLETE
2370,50.519999999999996,2025-01-22 01:01:35.894408,2025-01-22 01:01:48.984719,0 days 00:00:13.090311,1.0739381793010163,1.8038352448002206,0.6373154026204095,2,1,COMPLETE
2371,51.76,2025-01-22 01:01:37.064613,2025-01-22 01:01:51.929219,0 days 00:00:14.864606,1.886104919621753,1.8090291991390977,0.4160359246225186,6,1,COMPLETE
2372,51.73,2025-01-22 01:01:49.100808,2025-01-22 01:02:04.032498,0 days 00:00:14.931690,1.8957213225360983,1.7230219173465344,0.4139389909565696,6,1,COMPLETE
2373,51.09,2025-01-22 01:01:52.044399,2025-01-22 01:02:06.268037,0 days 00:00:14.223638,0.8874209064713614,0.001593186478812947,0.5105927059001196,4,1,COMPLETE
2374,51.74999999999999,2025-01-22 01:02:04.149474,2025-01-22 01:02:19.179002,0 days 00:00:15.029528,0.9076524767525975,2.6176983285440945,0.5018024772534928,4,1,COMPLETE
2375,52.23,2025-01-22 01:02:06.693196,2025-01-22 01:02:20.505624,0 days 00:00:13.812428,1.1640857459968046,0.4214506213112281,0.4882596909866565,2,1,COMPLETE
2376,52.11,2025-01-22 01:02:19.292231,2025-01-22 01:02:34.866789,0 days 00:00:15.574558,1.1682148935573997,2.1996428970945208,0.3972899011275532,8,2,COMPLETE
2377,51.82,2025-01-22 01:02:20.601423,2025-01-22 01:02:34.481202,0 days 00:00:13.879779,0.7108396241251677,2.1808131303239837,0.37720575673736373,2,1,COMPLETE
2378,52.01,2025-01-22 01:02:34.585119,2025-01-22 01:02:51.398471,0 days 00:00:16.813352,1.4069308373698277,1.6661143480492053,0.4210159678192193,8,2,COMPLETE
2379,51.74999999999999,2025-01-22 01:02:35.013017,2025-01-22 01:02:49.951218,0 days 00:00:14.938201,1.4287457518309319,1.6695192821931701,0.5638590823726054,4,1,COMPLETE
2380,52.790000000000006,2025-01-22 01:02:50.085590,2025-01-22 01:03:03.123563,0 days 00:00:13.037973,1.0117395347769593,1.9378684726804452,0.4524964941977864,2,1,COMPLETE
2381,52.790000000000006,2025-01-22 01:02:51.513411,2025-01-22 01:03:05.672423,0 days 00:00:14.159012,1.0222538598709294,1.9547996730750672,0.47106105409584015,2,1,COMPLETE
2382,50.970000000000006,2025-01-22 01:03:03.242401,2025-01-22 01:03:17.898312,0 days 00:00:14.655911,0.8121677785980048,2.8360396240753656,0.3465814739715248,6,1,COMPLETE
2383,46.26,2025-01-22 01:03:05.800137,2025-01-22 01:03:21.150263,0 days 00:00:15.350126,0.7905185961221317,2.8817530700453964,0.7721101086805581,6,1,COMPLETE
2384,51.019999999999996,2025-01-22 01:03:18.006846,2025-01-22 01:03:32.774756,0 days 00:00:14.767910,1.243001166617393,1.5577949230930335,0.6118326190726717,4,1,COMPLETE
2385,51.17,2025-01-22 01:03:21.252576,2025-01-22 01:03:35.988886,0 days 00:00:14.736310,1.2418887941124543,1.6216224027017925,0.6020644167416181,4,1,COMPLETE
2386,51.77,2025-01-22 01:03:32.886039,2025-01-22 01:03:47.524436,0 days 00:00:14.638397,1.5837712198872897,1.5719905418740052,0.3530702252307213,4,1,COMPLETE
2387,49.84,2025-01-22 01:03:36.094799,2025-01-22 01:03:49.665460,0 days 00:00:13.570661,1.6251116646099903,0.06436304828884905,0.3560856763884237,2,1,COMPLETE
2388,51.910000000000004,2025-01-22 01:03:47.658514,2025-01-22 01:04:00.722335,0 days 00:00:13.063821,1.0109327709569467,2.4436896927164473,0.527509784274065,2,1,COMPLETE
2389,52.25,2025-01-22 01:03:49.976511,2025-01-22 01:04:03.274014,0 days 00:00:13.297503,1.0335339278798645,2.5264657385830325,0.5066898012058049,2,1,COMPLETE
2390,51.55,2025-01-22 01:04:00.819328,2025-01-22 01:04:47.556656,0 days 00:00:46.737328,0.894429182413384,3.5058441892400545,0.4308796414162749,74,3,COMPLETE
2391,49.9,2025-01-22 01:04:03.396492,2025-01-22 01:04:52.801627,0 days 00:00:49.405135,0.685920608152422,3.600356247507374,0.4083166689885871,87,3,COMPLETE
2392,50.470000000000006,2025-01-22 01:04:47.653305,2025-01-22 01:05:03.111817,0 days 00:00:15.458512,2.1504697768224337,1.9548520467365909,0.29908463091525805,5,1,COMPLETE
2393,50.9,2025-01-22 01:04:52.923600,2025-01-22 01:05:08.583680,0 days 00:00:15.660080,2.2327606821928576,2.054952803566494,0.32124482985777736,6,1,COMPLETE
2394,48.9,2025-01-22 01:05:03.249680,2025-01-22 01:05:20.473296,0 days 00:00:17.223616,1.2802521710332044,1.4902743257880975,0.7128615034456653,10,2,COMPLETE
2395,51.949999999999996,2025-01-22 01:05:08.717494,2025-01-22 01:05:22.891286,0 days 00:00:14.173792,1.299803347854886,1.471521099809536,0.5381429274410153,4,1,COMPLETE
2396,52.52,2025-01-22 01:05:20.588612,2025-01-22 01:05:34.441510,0 days 00:00:13.852898,1.126110147552547,1.7348261724554057,0.41411202002612924,4,1,COMPLETE
2397,52.93,2025-01-22 01:05:23.107497,2025-01-22 01:05:36.952164,0 days 00:00:13.844667,1.0909539264261334,1.780628352221482,0.40658038160224547,2,1,COMPLETE
2398,50.72,2025-01-22 01:05:34.561255,2025-01-22 01:05:48.427869,0 days 00:00:13.866614,0.43449590127309107,1.3217804753195574,0.3615610241267472,2,1,COMPLETE
2399,52.26,2025-01-22 01:05:37.095658,2025-01-22 01:05:51.931796,0 days 00:00:14.836138,0.8549826004219311,1.3296230245174827,0.4721801596193872,6,1,COMPLETE
2400,52.22,2025-01-22 01:05:48.530424,2025-01-22 01:06:04.561415,0 days 00:00:16.030991,0.9540174682770131,1.4026273085456311,0.47726673050751556,8,1,COMPLETE
2401,51.22,2025-01-22 01:05:52.038532,2025-01-22 01:06:30.783190,0 days 00:00:38.744658,0.6693971007748752,1.5085465130755698,0.5613070965324406,64,4,COMPLETE
2402,41.46,2025-01-22 01:06:04.688288,2025-01-22 01:06:20.827207,0 days 00:00:16.138919,0.6427499251547388,1.6271547509726758,0.9481994798558929,8,2,COMPLETE
2403,50.79,2025-01-22 01:06:20.946571,2025-01-22 01:06:35.644351,0 days 00:00:14.697780,1.640481908916002,1.2383366907578526,0.6170060881326264,6,1,COMPLETE
2404,50.82,2025-01-22 01:06:31.059188,2025-01-22 01:06:46.177608,0 days 00:00:15.118420,1.704090695387303,1.1611487415995836,0.626292231130047,5,1,COMPLETE
2405,50.88,2025-01-22 01:06:35.753573,2025-01-22 01:06:50.310492,0 days 00:00:14.556919,1.0894156631962564,0.10092145211306582,0.4122638771700044,4,1,COMPLETE
2406,52.370000000000005,2025-01-22 01:06:46.290330,2025-01-22 01:07:01.108717,0 days 00:00:14.818387,0.7844397313996535,1.651572700857474,0.4074943271445986,4,1,COMPLETE
2407,52.26,2025-01-22 01:06:50.439431,2025-01-22 01:07:05.675465,0 days 00:00:15.236034,0.7993185538930179,1.6945935194125454,0.4460842636189669,4,1,COMPLETE
2408,51.68000000000001,2025-01-22 01:07:01.232570,2025-01-22 01:07:17.025468,0 days 00:00:15.792898,1.3163543689064823,1.9084092679127904,0.506005411098969,7,1,COMPLETE
2409,51.4,2025-01-22 01:07:05.954015,2025-01-22 01:07:21.842725,0 days 00:00:15.888710,1.4392216995854272,2.0522660554798917,0.5256433123863286,7,1,COMPLETE
2410,52.239999999999995,2025-01-22 01:07:17.128326,2025-01-22 01:07:30.810322,0 days 00:00:13.681996,0.931898789759271,1.328185770547406,0.3334102833592811,2,1,COMPLETE
2411,52.239999999999995,2025-01-22 01:07:21.959692,2025-01-22 01:07:35.554512,0 days 00:00:13.594820,1.025033333426959,1.3852767782131623,0.3251851132786453,2,1,COMPLETE
2412,51.81,2025-01-22 01:07:30.949904,2025-01-22 01:07:48.779058,0 days 00:00:17.829154,1.1193842899772213,1.049166657248504,0.40739606534047934,10,2,COMPLETE
2413,52.15,2025-01-22 01:07:35.650355,2025-01-22 01:07:49.725418,0 days 00:00:14.075063,1.1782514952743595,1.0566050016697275,0.3831134210815203,4,1,COMPLETE
2414,51.07000000000001,2025-01-22 01:07:48.875704,2025-01-22 01:08:03.260681,0 days 00:00:14.384977,1.2280712842970747,0.8452583896658702,0.2762961737049781,4,1,COMPLETE
2415,48.3,2025-01-22 01:07:49.843518,2025-01-22 01:08:04.955257,0 days 00:00:15.111739,0.9124790429429974,0.7939818647468803,0.722896505354755,6,1,COMPLETE
2416,46.989999999999995,2025-01-22 01:08:03.356663,2025-01-22 01:08:18.555333,0 days 00:00:15.198670,0.9087178612098843,1.772246254603193,0.7732391369645559,6,1,COMPLETE
2417,52.56999999999999,2025-01-22 01:08:05.337919,2025-01-22 01:08:19.112997,0 days 00:00:13.775078,1.4868796488615827,1.5500286214923262,0.49003556297545975,2,1,COMPLETE
2418,52.65,2025-01-22 01:08:18.693640,2025-01-22 01:08:31.849056,0 days 00:00:13.155416,1.3985571753961075,1.5154049574590098,0.4775526954294358,2,1,COMPLETE
