number,value,datetime_start,datetime_complete,duration,params_gamma_1,params_gamma_2,params_lambda,params_n_clusters,params_n_neighbors,state
6846,52.88,2025-01-22 11:15:30.694596,2025-01-22 11:15:44.234817,0 days 00:00:13.540221,1.120667227222792,1.1085201419645867,0.45515180248612574,2,1,COMPLETE
6847,51.27,2025-01-22 11:15:35.808192,2025-01-22 11:15:49.469595,0 days 00:00:13.661403,0.9555590585242072,0.05990660434529425,0.4414736806556636,2,1,COMPLETE
6848,51.22,2025-01-22 11:15:44.610400,2025-01-22 11:15:59.463488,0 days 00:00:14.853088,0.6133768432110569,2.2346433308303566,0.39106598000497667,4,1,COMPLETE
6849,50.91,2025-01-22 11:15:49.663078,2025-01-22 11:16:04.877146,0 days 00:00:15.214068,0.6255943367989645,2.107458727856663,0.3477835618850179,6,1,COMPLETE
6850,51.33,2025-01-22 11:15:59.658059,2025-01-22 11:16:15.013872,0 days 00:00:15.355813,0.8683177971540977,1.8058949902109898,0.5401407565880868,6,1,COMPLETE
6851,50.92,2025-01-22 11:16:05.051328,2025-01-22 11:16:20.360841,0 days 00:00:15.309513,0.8671169673368202,0.019145392008319197,0.5393683789475936,4,1,COMPLETE
6852,50.55,2025-01-22 11:16:15.490677,2025-01-22 11:16:30.131008,0 days 00:00:14.640331,1.4206338710628144,1.4462240412236729,0.24897778171312485,4,1,COMPLETE
6853,52.629999999999995,2025-01-22 11:16:20.547307,2025-01-22 11:16:34.501684,0 days 00:00:13.954377,1.4014261371057457,2.9524117558047176,0.4157884205337846,2,1,COMPLETE
6854,52.669999999999995,2025-01-22 11:16:30.305046,2025-01-22 11:16:43.841043,0 days 00:00:13.535997,1.2216719647576961,2.877658332290438,0.4153890722512079,2,1,COMPLETE
6855,51.59,2025-01-22 11:16:34.691890,2025-01-22 11:16:50.721208,0 days 00:00:16.029318,1.1858175270382736,1.0308065052026338,0.34064195465806074,8,1,COMPLETE
6856,52.0,2025-01-22 11:16:44.060812,2025-01-22 11:16:59.597092,0 days 00:00:15.536280,1.068140033789754,1.021528441110754,0.3265686846633556,6,1,COMPLETE
6857,51.6,2025-01-22 11:16:50.915397,2025-01-22 11:17:06.101972,0 days 00:00:15.186575,1.8531463106518464,1.7356217037292307,0.49314940119817263,5,1,COMPLETE
6858,44.48,2025-01-22 11:16:59.781591,2025-01-22 11:17:14.766840,0 days 00:00:14.985249,1.7818775601927725,1.703414692560403,0.9718764550361048,4,1,COMPLETE
6859,44.72,2025-01-22 11:17:06.271791,2025-01-22 11:17:21.063238,0 days 00:00:14.791447,0.2091253978924144,1.3237604538602528,0.6095460355876176,4,1,COMPLETE
6860,49.63,2025-01-22 11:17:15.116261,2025-01-22 11:17:28.907341,0 days 00:00:13.791080,0.751628130774837,1.2985641042747635,0.6365588397266865,2,1,COMPLETE
6861,52.62,2025-01-22 11:17:21.252077,2025-01-22 11:17:36.413480,0 days 00:00:15.161403,0.7788137965296951,1.4639506347008302,0.45510970254148525,2,1,COMPLETE
6862,52.839999999999996,2025-01-22 11:17:29.112733,2025-01-22 11:17:42.996282,0 days 00:00:13.883549,1.006380793172449,1.5184210552606632,0.4706741190217742,2,1,COMPLETE
6863,52.1,2025-01-22 11:17:36.834370,2025-01-22 11:17:53.180992,0 days 00:00:16.346622,1.0007492290843087,0.9161052975788592,0.39719465308204943,8,1,COMPLETE
6864,51.300000000000004,2025-01-22 11:17:43.181339,2025-01-22 11:17:59.023334,0 days 00:00:15.841995,1.4826369839599312,0.8488472829281236,0.3630266634347457,8,1,COMPLETE
6865,51.67,2025-01-22 11:17:53.463483,2025-01-22 11:18:08.485940,0 days 00:00:15.022457,1.544433097500291,1.169231900255993,0.3741953105509045,4,1,COMPLETE
6866,51.24999999999999,2025-01-22 11:17:59.194528,2025-01-22 11:18:14.094615,0 days 00:00:14.900087,1.2375460300171428,1.1716936613607116,0.2764330045209177,4,1,COMPLETE
6867,51.6,2025-01-22 11:18:08.678066,2025-01-22 11:18:23.926971,0 days 00:00:15.248905,1.2763268895017723,1.9913377759614799,0.30161550039573976,6,1,COMPLETE
6868,51.690000000000005,2025-01-22 11:18:14.274234,2025-01-22 11:18:29.641239,0 days 00:00:15.367005,1.2553538302212857,1.9519344030950343,0.5276874409274879,6,1,COMPLETE
6869,51.970000000000006,2025-01-22 11:18:24.096135,2025-01-22 11:18:37.738929,0 days 00:00:13.642794,0.8955375072655556,1.7074143725482205,0.5251752230265072,2,1,COMPLETE
6870,52.83,2025-01-22 11:18:30.049934,2025-01-22 11:18:43.532706,0 days 00:00:13.482772,0.8978106786753832,1.609205919519722,0.4418950105707359,2,1,COMPLETE
6871,52.449999999999996,2025-01-22 11:18:38.065188,2025-01-22 11:18:52.820171,0 days 00:00:14.754983,1.0632217881298862,1.377146572611397,0.4375996206158796,4,1,COMPLETE
6872,48.85,2025-01-22 11:18:43.719950,2025-01-22 11:18:58.569249,0 days 00:00:14.849299,1.0755362299996527,1.3331179169185177,0.7196862893405161,4,1,COMPLETE
6873,48.43,2025-01-22 11:18:53.066770,2025-01-22 11:19:07.584827,0 days 00:00:14.518057,1.5481828414756236,1.101539810827923,0.7653082907390687,4,1,COMPLETE
6874,51.82,2025-01-22 11:18:58.739213,2025-01-22 11:19:12.779448,0 days 00:00:14.040235,1.5370897621256865,1.0492563333623712,0.33222675844405136,2,1,COMPLETE
6875,50.91,2025-01-22 11:19:07.741345,2025-01-22 11:19:21.879282,0 days 00:00:14.137937,0.7072945494283436,2.376604321348766,0.3362597893634588,2,1,COMPLETE
6876,51.67,2025-01-22 11:19:12.956347,2025-01-22 11:19:28.734533,0 days 00:00:15.778186,0.7745750223569542,2.388024197230024,0.3794736944085933,6,1,COMPLETE
6877,52.22,2025-01-22 11:19:22.069046,2025-01-22 11:19:37.547629,0 days 00:00:15.478583,1.2707333329790083,1.5519764148152282,0.38261511795519276,6,1,COMPLETE
6878,27.750000000000004,2025-01-22 11:19:28.901668,2025-01-22 11:19:46.114107,0 days 00:00:17.212439,1.2382870323688486,1.560929225277944,0.01793713227986611,10,2,COMPLETE
6879,50.24999999999999,2025-01-22 11:19:37.763296,2025-01-22 11:19:52.447667,0 days 00:00:14.684371,1.0366918040260993,0.4784241970582971,0.2567549396267652,4,1,COMPLETE
6880,51.57000000000001,2025-01-22 11:19:46.284735,2025-01-22 11:20:01.203869,0 days 00:00:14.919134,1.0272189023285376,1.9447943394744838,0.5555747046806842,4,1,COMPLETE
6881,51.44,2025-01-22 11:19:52.885264,2025-01-22 11:20:06.763821,0 days 00:00:13.878557,2.139407233669538,1.2597430214416212,0.5711355186323459,2,1,COMPLETE
6882,51.39,2025-01-22 11:20:01.372813,2025-01-22 11:20:14.965598,0 days 00:00:13.592785,2.179896247920999,1.2425673832547819,0.5075821909154867,2,1,COMPLETE
6883,52.53,2025-01-22 11:20:07.193692,2025-01-22 11:20:21.142921,0 days 00:00:13.949229,0.8851551029562883,0.809242834792544,0.47194678492197345,2,1,COMPLETE
6884,52.239999999999995,2025-01-22 11:20:15.160013,2025-01-22 11:20:30.401505,0 days 00:00:15.241492,0.8618399638001902,1.7782003552104433,0.4527438717810214,6,1,COMPLETE
6885,52.019999999999996,2025-01-22 11:20:21.329716,2025-01-22 11:20:37.157461,0 days 00:00:15.827745,1.4218253758475765,0.9817328393681497,0.4240294585181493,6,1,COMPLETE
6886,51.72,2025-01-22 11:20:30.575091,2025-01-22 11:20:45.192617,0 days 00:00:14.617526,1.398406574359722,0.9792494922758596,0.39096532854686367,4,1,COMPLETE
6887,51.04,2025-01-22 11:20:37.348025,2025-01-22 11:20:52.580687,0 days 00:00:15.232662,1.7764698624256556,1.4324879675359556,0.2991663160286519,4,1,COMPLETE
6888,50.980000000000004,2025-01-22 11:20:45.407625,2025-01-22 11:21:01.787482,0 days 00:00:16.379857,1.732151795114321,1.472811204459848,0.29375681022098543,8,1,COMPLETE
6889,49.79,2025-01-22 11:20:52.750813,2025-01-22 11:21:09.509889,0 days 00:00:16.759076,1.1609166342932713,2.0585988364045167,0.6635469783210584,9,1,COMPLETE
6890,50.03999999999999,2025-01-22 11:21:02.073383,2025-01-22 11:21:32.324222,0 days 00:00:30.250839,1.1423412863461164,0.16477393433046958,0.6205423234341734,40,3,COMPLETE
6891,51.61,2025-01-22 11:21:09.688891,2025-01-22 11:21:23.884288,0 days 00:00:14.195397,0.6091392989583719,1.729287362988773,0.48707183081657446,2,1,COMPLETE
6892,52.190000000000005,2025-01-22 11:21:24.065834,2025-01-22 11:21:38.256829,0 days 00:00:14.190995,1.0694379890215369,1.183223857640474,0.3568398450121723,4,1,COMPLETE
6893,52.21,2025-01-22 11:21:32.532945,2025-01-22 11:21:47.104321,0 days 00:00:14.571376,0.9724474357138454,1.153327658198175,0.3530476182370949,4,1,COMPLETE
6894,52.82,2025-01-22 11:21:38.692005,2025-01-22 11:21:52.389111,0 days 00:00:13.697106,0.9270420103749845,1.3600685157318737,0.4067762427805774,2,1,COMPLETE
6895,50.239999999999995,2025-01-22 11:21:47.460502,2025-01-22 11:22:00.775400,0 days 00:00:13.314898,3.1338936780660167,1.393035009417412,0.42419898696822894,2,1,COMPLETE
6896,51.910000000000004,2025-01-22 11:21:52.568796,2025-01-22 11:22:08.676987,0 days 00:00:16.108191,1.3153612373258277,0.7625876391313607,0.5047479576177808,6,1,COMPLETE
6897,51.93,2025-01-22 11:22:00.968569,2025-01-22 11:22:16.475972,0 days 00:00:15.507403,1.2897840284639865,1.7102580146550863,0.5095280995326686,6,1,COMPLETE
6898,39.1,2025-01-22 11:22:08.896062,2025-01-22 11:22:24.492331,0 days 00:00:15.596269,0.36959801719420254,1.7658196693413706,0.17091645215242943,4,1,COMPLETE
6899,47.760000000000005,2025-01-22 11:22:16.655380,2025-01-22 11:22:31.503753,0 days 00:00:14.848373,0.725828187209269,2.1709208151642563,0.23141169385652155,4,1,COMPLETE
6900,51.23,2025-01-22 11:22:24.945806,2025-01-22 11:22:39.021797,0 days 00:00:14.075991,0.7772168067041675,2.19151753624067,0.3181404628779145,2,1,COMPLETE
6901,51.580000000000005,2025-01-22 11:22:31.940477,2025-01-22 11:22:46.281488,0 days 00:00:14.341011,1.5475442640438488,1.046469329211204,0.319151189527434,2,1,COMPLETE
6902,52.980000000000004,2025-01-22 11:22:39.176215,2025-01-22 11:22:53.569349,0 days 00:00:14.393134,1.1006555544040957,1.0885435364784342,0.4269823026235879,2,1,COMPLETE
6903,51.53,2025-01-22 11:22:46.466680,2025-01-22 11:23:02.747002,0 days 00:00:16.280322,1.109719634493294,1.2961566632131254,0.5721805341976105,8,2,COMPLETE
6904,50.23,2025-01-22 11:22:53.745732,2025-01-22 11:23:10.082837,0 days 00:00:16.337105,1.7999284149826087,1.463693422788077,0.2601245067641653,8,2,COMPLETE
6905,51.28,2025-01-22 11:23:02.960377,2025-01-22 11:23:18.258352,0 days 00:00:15.297975,1.8618811257231602,1.540016137597959,0.3712211773093409,5,1,COMPLETE
6906,51.739999999999995,2025-01-22 11:23:10.285965,2025-01-22 11:23:25.769994,0 days 00:00:15.484029,1.5347216301005906,2.6490210962068397,0.371748061783915,5,1,COMPLETE
6907,52.33,2025-01-22 11:23:18.457524,2025-01-22 11:23:33.205917,0 days 00:00:14.748393,1.5262447243380812,2.6768663621508826,0.4561505620400897,4,1,COMPLETE
6908,52.0,2025-01-22 11:23:25.950029,2025-01-22 11:23:40.654821,0 days 00:00:14.704792,1.4235303857295523,0.894947923710401,0.46111369449778666,4,1,COMPLETE
6909,52.17,2025-01-22 11:23:33.369820,2025-01-22 11:24:25.665796,0 days 00:00:52.295976,1.3541253617733642,0.9371180281584746,0.45551960167395705,84,4,COMPLETE
6910,47.64,2025-01-22 11:23:40.819637,2025-01-22 11:24:28.767184,0 days 00:00:47.947547,1.334972352072067,1.2047406683681277,0.8627264064665732,84,4,COMPLETE
6911,51.970000000000006,2025-01-22 11:24:25.828362,2025-01-22 11:24:39.905567,0 days 00:00:14.077205,1.6704736703621483,1.8821751759231533,0.5717311561783921,2,1,COMPLETE
6912,49.64,2025-01-22 11:24:28.944753,2025-01-22 11:24:42.477239,0 days 00:00:13.532486,1.705740181086887,0.002370748664990491,0.5580455860011582,2,1,COMPLETE
6913,52.86,2025-01-22 11:24:40.058646,2025-01-22 11:24:53.549793,0 days 00:00:13.491147,1.1926815598446963,1.6253490813329163,0.40090296359516764,2,1,COMPLETE
6914,52.339999999999996,2025-01-22 11:24:42.696088,2025-01-22 11:24:57.482971,0 days 00:00:14.786883,1.2086406699604524,1.546153935201436,0.3948454875995423,6,1,COMPLETE
6915,51.73,2025-01-22 11:24:53.724490,2025-01-22 11:25:09.290285,0 days 00:00:15.565795,1.2705108723159744,1.2882304127131323,0.319157076175716,6,1,COMPLETE
6916,50.82,2025-01-22 11:24:57.662052,2025-01-22 11:25:12.306227,0 days 00:00:14.644175,1.9351070111475093,1.1929882542843901,0.31908018873665284,4,1,COMPLETE
6917,49.78,2025-01-22 11:25:09.441986,2025-01-22 11:25:24.706375,0 days 00:00:15.264389,2.540406213664197,1.1472912961299488,0.28779450222398795,4,1,COMPLETE
6918,51.93,2025-01-22 11:25:12.486553,2025-01-22 11:25:27.671500,0 days 00:00:15.184947,1.4742886889416322,3.596248022399532,0.4966196759266391,4,1,COMPLETE
6919,52.7,2025-01-22 11:25:24.855178,2025-01-22 11:25:38.571178,0 days 00:00:13.716000,1.277695016203016,1.918893090104595,0.4913172202220373,2,1,COMPLETE
6920,52.82,2025-01-22 11:25:27.839681,2025-01-22 11:25:41.403874,0 days 00:00:13.564193,1.22473815508555,1.9360612297909674,0.38420299832939064,2,1,COMPLETE
6921,49.33,2025-01-22 11:25:38.764648,2025-01-22 11:25:53.914274,0 days 00:00:15.149626,1.1062893365130657,1.4137640788460428,0.6944570782872727,6,1,COMPLETE
6922,49.69,2025-01-22 11:25:41.777000,2025-01-22 11:25:58.062272,0 days 00:00:16.285272,1.0683748597700857,1.425036881041645,0.6544721778796245,7,1,COMPLETE
6923,51.81,2025-01-22 11:25:54.286766,2025-01-22 11:26:11.710924,0 days 00:00:17.424158,1.5969711242642863,1.6746481016372061,0.42538989979177905,10,2,COMPLETE
6924,52.21,2025-01-22 11:25:58.205825,2025-01-22 11:26:12.731591,0 days 00:00:14.525766,1.5973424763205823,1.7451955460101456,0.4160624952722899,4,1,COMPLETE
6925,23.51,2025-01-22 11:26:11.896336,2025-01-22 11:26:26.716039,0 days 00:00:14.819703,2.078114573960381,1.0556197718482307,0.006154119095711617,4,1,COMPLETE
6926,52.16,2025-01-22 11:26:12.935291,2025-01-22 11:26:26.281723,0 days 00:00:13.346432,1.4426909981907723,1.0066850583917073,0.35530940758174423,2,1,COMPLETE
6927,44.43,2025-01-22 11:26:26.498415,2025-01-22 11:26:41.885976,0 days 00:00:15.387561,0.251224232214172,1.2531705574048908,0.266748496365358,4,1,COMPLETE
6928,51.66,2025-01-22 11:26:26.920897,2025-01-22 11:26:41.100098,0 days 00:00:14.179201,0.9920905151682604,0.7526230520830731,0.5615076673638294,2,1,COMPLETE
6929,50.88,2025-01-22 11:26:41.292803,2025-01-22 11:26:55.974131,0 days 00:00:14.681328,1.1657713218630184,1.284315372335665,0.26135073709720663,6,1,COMPLETE
6930,51.93,2025-01-22 11:26:42.088004,2025-01-22 11:26:57.594655,0 days 00:00:15.506651,1.199895799712108,2.2078996276670786,0.3441639716713669,6,1,COMPLETE
6931,52.449999999999996,2025-01-22 11:26:56.166149,2025-01-22 11:27:09.939329,0 days 00:00:13.773180,1.395015997228553,2.2997517968196215,0.3445063461942795,2,1,COMPLETE
6932,52.53,2025-01-22 11:26:58.007264,2025-01-22 11:27:11.727261,0 days 00:00:13.719997,1.368564355248845,1.5671986604997323,0.5048437782765456,2,1,COMPLETE
6933,52.15,2025-01-22 11:27:10.118885,2025-01-22 11:27:25.903010,0 days 00:00:15.784125,0.9466932718202572,1.609776626166107,0.4955220419083319,8,1,COMPLETE
6934,50.980000000000004,2025-01-22 11:27:12.393857,2025-01-22 11:27:37.767507,0 days 00:00:25.373650,1.0321378828421512,1.4516202164414576,0.4440007545477197,32,24,COMPLETE
6935,52.38,2025-01-22 11:27:26.128930,2025-01-22 11:27:40.221140,0 days 00:00:14.092210,1.0318639179791427,0.8627593418331411,0.43384064930166555,4,1,COMPLETE
6936,51.28,2025-01-22 11:27:37.956303,2025-01-22 11:27:52.515927,0 days 00:00:14.559624,1.894687688383582,1.1127699976853855,0.3857197249384962,4,1,COMPLETE
6937,50.849999999999994,2025-01-22 11:27:40.580222,2025-01-22 11:27:55.458679,0 days 00:00:14.878457,1.8933393785690114,1.1310149913230088,0.5991724845187361,4,1,COMPLETE
6938,52.239999999999995,2025-01-22 11:27:52.719230,2025-01-22 11:28:06.633983,0 days 00:00:13.914753,1.6109143323967838,1.9489963414138685,0.5479967636131036,2,1,COMPLETE
6939,51.59,2025-01-22 11:27:55.974008,2025-01-22 11:28:23.534083,0 days 00:00:27.560075,1.446150547761362,1.9292840996082883,0.31499845427785006,34,3,COMPLETE
6940,51.71,2025-01-22 11:28:06.820382,2025-01-22 11:28:23.215809,0 days 00:00:16.395427,0.8642820267935566,1.3463235566354372,0.31936151118464956,7,1,COMPLETE
6941,52.82,2025-01-22 11:28:23.576551,2025-01-22 11:28:37.656074,0 days 00:00:14.079523,1.1930226356597524,1.665212591411127,0.3972064907323634,2,1,COMPLETE
6942,52.83,2025-01-22 11:28:23.784226,2025-01-22 11:28:38.136936,0 days 00:00:14.352710,1.162494948097973,1.657425640483276,0.3933503008334432,2,1,COMPLETE
6943,52.25,2025-01-22 11:28:37.831379,2025-01-22 11:28:53.105363,0 days 00:00:15.273984,1.1540120039761599,0.949906952524174,0.46683955249426856,6,1,COMPLETE
6944,52.480000000000004,2025-01-22 11:28:38.332746,2025-01-22 11:28:54.764598,0 days 00:00:16.431852,0.9063596591675621,1.258189693404907,0.4512255738815538,6,1,COMPLETE
6945,49.87,2025-01-22 11:28:53.283760,2025-01-22 11:29:08.017830,0 days 00:00:14.734070,0.8842463034517717,1.3215077309709236,0.6415437889239424,5,1,COMPLETE
6946,49.62,2025-01-22 11:28:55.026209,2025-01-22 11:29:10.147282,0 days 00:00:15.121073,1.4056151976800184,1.4374798577272005,0.2148353579316672,4,1,COMPLETE
6947,45.16,2025-01-22 11:29:08.211573,2025-01-22 11:29:41.159551,0 days 00:00:32.947978,0.11584214972350515,0.010155425405220339,0.3513091147389939,49,3,COMPLETE
6948,46.400000000000006,2025-01-22 11:29:10.789015,2025-01-22 11:29:27.575538,0 days 00:00:16.786523,1.0590744505504288,1.0745323897359393,0.8090703122646481,10,2,COMPLETE
6949,52.349999999999994,2025-01-22 11:29:27.772918,2025-01-22 11:29:41.021747,0 days 00:00:13.248829,1.314832119769528,2.002837268956749,0.5379455321017133,2,1,COMPLETE
6950,52.05,2025-01-22 11:29:41.218474,2025-01-22 11:29:56.170124,0 days 00:00:14.951650,1.5990683566437782,1.4865790190225092,0.46807298733405056,4,1,COMPLETE
6951,50.89,2025-01-22 11:29:41.386599,2025-01-22 11:29:56.014658,0 days 00:00:14.628059,1.695816180508303,1.4999495907981804,0.2825611480383979,4,1,COMPLETE
6952,26.3,2025-01-22 11:29:56.204005,2025-01-22 11:30:09.982517,0 days 00:00:13.778512,1.0260247748278533,0.9282908173670406,0.012752250679051794,2,1,COMPLETE
6953,51.970000000000006,2025-01-22 11:29:56.387768,2025-01-22 11:30:12.615098,0 days 00:00:16.227330,0.976132059274127,0.5974613923970479,0.38904868111705404,8,1,COMPLETE
6954,51.81,2025-01-22 11:30:10.124368,2025-01-22 11:30:48.746014,0 days 00:00:38.621646,1.2478228689608715,0.5497005763260451,0.37866790487000945,63,4,COMPLETE
6955,51.459999999999994,2025-01-22 11:30:13.020800,2025-01-22 11:30:26.003420,0 days 00:00:12.982620,1.2923924254334258,2.414680932345346,0.5857674008587573,2,1,COMPLETE
6956,51.980000000000004,2025-01-22 11:30:26.430804,2025-01-22 11:30:41.531599,0 days 00:00:15.100795,0.819535966386825,1.196644565243016,0.500067049545593,6,1,COMPLETE
6957,52.25,2025-01-22 11:30:41.704040,2025-01-22 11:30:56.491031,0 days 00:00:14.786991,1.2176531571434133,1.7797200240751219,0.34676775681387495,4,1,COMPLETE
6958,52.449999999999996,2025-01-22 11:30:48.936559,2025-01-22 11:31:04.037464,0 days 00:00:15.100905,1.1196516687899338,1.7660166469650342,0.43446786943693866,4,1,COMPLETE
6959,51.55,2025-01-22 11:30:56.674934,2025-01-22 11:31:10.583216,0 days 00:00:13.908282,2.1312234689557443,1.205566256292291,0.44438181144088823,2,1,COMPLETE
6960,51.27,2025-01-22 11:31:04.360281,2025-01-22 11:31:19.637577,0 days 00:00:15.277296,2.3344818791810495,1.262820320274068,0.5139151030900864,2,1,COMPLETE
6961,49.93,2025-01-22 11:31:10.762216,2025-01-22 11:31:26.281811,0 days 00:00:15.519595,1.453723237163277,1.0258170493372212,0.6695948562435494,6,1,COMPLETE
6962,51.2,2025-01-22 11:31:19.838894,2025-01-22 11:31:35.446693,0 days 00:00:15.607799,1.4754044257412893,2.1491551686616948,0.28719957791070644,6,1,COMPLETE
6963,51.28,2025-01-22 11:31:26.650968,2025-01-22 11:31:43.548835,0 days 00:00:16.897867,0.8906070696276597,0.7426080718785376,0.30431568291867345,8,1,COMPLETE
6964,52.16,2025-01-22 11:31:35.619411,2025-01-22 11:31:50.158502,0 days 00:00:14.539091,0.8840072015210586,1.489239979023523,0.35711653362508883,4,1,COMPLETE
6965,52.629999999999995,2025-01-22 11:31:43.988692,2025-01-22 11:31:58.745371,0 days 00:00:14.756679,1.01098537206446,1.4740536412896212,0.3923598597626907,4,1,COMPLETE
6966,52.89,2025-01-22 11:31:50.606338,2025-01-22 11:32:04.160191,0 days 00:00:13.553853,1.0155758695876624,1.7864023588729063,0.4219745411417347,2,1,COMPLETE
6967,52.019999999999996,2025-01-22 11:31:58.918328,2025-01-22 11:32:12.629391,0 days 00:00:13.711063,1.1046730122224806,1.8128825792866723,0.5541896274077714,2,1,COMPLETE
6968,51.83,2025-01-22 11:32:04.334235,2025-01-22 11:32:17.747954,0 days 00:00:13.413719,1.2623833803139943,0.8341554499497769,0.5585716408865657,2,1,COMPLETE
6969,51.94,2025-01-22 11:32:13.066329,2025-01-22 11:32:28.147964,0 days 00:00:15.081635,1.2962803023280116,3.2072410397745297,0.493186840615077,5,1,COMPLETE
6970,51.88,2025-01-22 11:32:17.913347,2025-01-22 11:32:32.726884,0 days 00:00:14.813537,1.629917845859524,1.0386453867384624,0.47472563610291985,5,1,COMPLETE
6971,40.339999999999996,2025-01-22 11:32:28.619932,2025-01-22 11:32:43.112301,0 days 00:00:14.492369,1.7528369193664863,1.1132495054156402,0.08407665697407324,4,1,COMPLETE
6972,51.61,2025-01-22 11:32:32.905524,2025-01-22 11:32:47.552921,0 days 00:00:14.647397,0.7111739258965416,1.3263175807951835,0.33373450140172406,4,1,COMPLETE
6973,42.42,2025-01-22 11:32:43.450472,2025-01-22 11:32:59.917115,0 days 00:00:16.466643,0.14277924093423183,1.308525849155796,0.35096689978463497,8,6,COMPLETE
6974,52.21,2025-01-22 11:32:47.742617,2025-01-22 11:33:27.582756,0 days 00:00:39.840139,0.834736894594547,2.283818083457654,0.422195134542368,66,3,COMPLETE
6975,48.13,2025-01-22 11:33:00.093202,2025-01-22 11:33:18.018532,0 days 00:00:17.925330,0.7855522161036927,2.1766293518793542,0.23182851361803597,14,2,COMPLETE
6976,52.790000000000006,2025-01-22 11:33:18.200272,2025-01-22 11:33:31.497679,0 days 00:00:13.297407,0.9173810038145132,1.5551028150739645,0.4129183293285308,2,1,COMPLETE
6977,48.91,2025-01-22 11:33:27.783239,2025-01-22 11:33:41.908232,0 days 00:00:14.124993,1.416729557747661,1.499839263351171,0.7488082571476824,2,1,COMPLETE
6978,50.080000000000005,2025-01-22 11:33:31.679194,2025-01-22 11:33:47.770485,0 days 00:00:16.091291,1.409958591708528,0.9214631788949906,0.6616091687689297,7,1,COMPLETE
6979,50.39,2025-01-22 11:33:42.066816,2025-01-22 11:33:58.120983,0 days 00:00:16.054167,1.1169346369222717,0.8962202617609845,0.6241860875619284,7,1,COMPLETE
6980,50.96000000000001,2025-01-22 11:33:47.927551,2025-01-22 11:34:02.325633,0 days 00:00:14.398082,1.1297678504394257,1.1848593684062947,0.2649101279604887,4,1,COMPLETE
