number,value,datetime_start,datetime_complete,duration,params_gamma_1,params_gamma_2,params_lambda,params_n_clusters,params_n_neighbors,state
1076,51.11,2025-01-21 21:58:59.219613,2025-01-21 21:59:11.946387,0 days 00:00:12.726774,0.9304695088630894,1.566253488128439,0.5893981590719537,1,1,COMPLETE
1077,50.63999999999999,2025-01-21 21:59:05.732944,2025-01-21 21:59:18.630372,0 days 00:00:12.897428,0.8431451881989399,1.6329701605843918,0.2612406690974035,1,1,COMPLETE
1078,52.38,2025-01-21 21:59:12.152342,2025-01-21 21:59:24.764441,0 days 00:00:12.612099,0.8256319644727126,1.6330958580632862,0.34731217747311277,1,1,COMPLETE
1079,51.29,2025-01-21 21:59:18.724024,2025-01-21 21:59:31.449648,0 days 00:00:12.725624,0.7589638959905549,1.5143902128341602,0.2939758605256594,1,1,COMPLETE
1080,51.55,2025-01-21 21:59:24.994469,2025-01-21 21:59:40.425325,0 days 00:00:15.430856,1.029585854221324,1.5237496548082492,0.30765497767082794,5,1,COMPLETE
1081,52.019999999999996,2025-01-21 21:59:31.540365,2025-01-21 21:59:46.440803,0 days 00:00:14.900438,1.0700078222038598,1.6066342538604497,0.3619374981247963,5,1,COMPLETE
1082,51.959999999999994,2025-01-21 21:59:40.569815,2025-01-21 21:59:56.285346,0 days 00:00:15.715531,1.1181916479716612,1.5915948986028319,0.363976594204696,7,1,COMPLETE
1083,52.080000000000005,2025-01-21 21:59:46.540876,2025-01-21 22:00:00.192544,0 days 00:00:13.651668,0.9027931090667064,1.7197882437691234,0.505411149261659,3,1,COMPLETE
1084,51.910000000000004,2025-01-21 21:59:56.376361,2025-01-21 22:00:10.970596,0 days 00:00:14.594235,0.9150256701653156,1.4391240931632783,0.5089600910776465,3,1,COMPLETE
1085,52.38,2025-01-21 22:00:00.284632,2025-01-21 22:00:12.741102,0 days 00:00:12.456470,0.7231550283081625,1.487345514874085,0.4442872472371836,1,1,COMPLETE
1086,53.04,2025-01-21 22:00:11.059394,2025-01-21 22:00:23.080260,0 days 00:00:12.020866,1.1316471576867502,1.3449653268407529,0.4210943795756712,1,1,COMPLETE
1087,49.830000000000005,2025-01-21 22:00:13.452380,2025-01-21 22:00:27.091429,0 days 00:00:13.639049,1.0283389455967717,1.3172951909799517,0.6588927325336639,3,1,COMPLETE
1088,48.18,2025-01-21 22:00:23.248992,2025-01-21 22:00:38.002671,0 days 00:00:14.753679,1.213182072500076,1.3480136312872721,0.18645653012918226,3,1,COMPLETE
1089,26.3,2025-01-21 22:00:27.188286,2025-01-21 22:00:39.782607,0 days 00:00:12.594321,1.1444701349157633,1.3373471435465034,0.013890610946981043,1,1,COMPLETE
1090,52.83,2025-01-21 22:00:38.097789,2025-01-21 22:00:49.994281,0 days 00:00:11.896492,1.2025806584249106,1.7591771400791807,0.39830346695036994,1,1,COMPLETE
1091,52.339999999999996,2025-01-21 22:00:40.072489,2025-01-21 22:00:55.524711,0 days 00:00:15.452222,1.266182525023283,1.6711108986175311,0.4096402372975946,6,1,COMPLETE
1092,51.580000000000005,2025-01-21 22:00:50.093086,2025-01-21 22:01:04.590152,0 days 00:00:14.497066,1.531749687810866,1.6913848470990387,0.3391315052194611,5,1,COMPLETE
1093,51.9,2025-01-21 22:00:55.615734,2025-01-21 22:01:07.440807,0 days 00:00:11.825073,1.7373229213342696,1.2929521969343147,0.3272424929558128,1,1,COMPLETE
1094,50.28,2025-01-21 22:01:04.697882,2025-01-21 22:01:56.310302,0 days 00:00:51.612420,1.7696879650046669,1.2717946124729618,0.24718436669000945,3,1,COMPLETE
1095,50.129999999999995,2025-01-21 22:01:07.533249,2025-01-21 22:01:23.045349,0 days 00:00:15.512100,1.4889864488050204,1.124306801127778,0.2437338743719697,8,1,COMPLETE
1096,52.56999999999999,2025-01-21 22:01:23.150891,2025-01-21 22:01:36.406600,0 days 00:00:13.255709,1.2709183790823717,1.3933284678820226,0.39562694116683106,3,1,COMPLETE
1097,51.980000000000004,2025-01-21 22:01:36.523467,2025-01-21 22:01:48.362406,0 days 00:00:11.838939,1.7472443512102744,1.7782928092112293,0.5309767219190021,1,1,COMPLETE
1098,51.21,2025-01-21 22:01:48.453188,2025-01-21 22:02:03.005007,0 days 00:00:14.551819,2.2159501083377626,1.243337917802574,0.45515945792830376,4,1,COMPLETE
1099,51.080000000000005,2025-01-21 22:01:56.589092,2025-01-21 22:02:11.272982,0 days 00:00:14.683890,2.264030964536622,1.1030013867087964,0.45988736168394545,4,1,COMPLETE
1100,52.01,2025-01-21 22:02:03.102702,2025-01-21 22:02:15.078340,0 days 00:00:11.975638,1.3507660419926386,1.4891132617581009,0.28742892278357723,1,1,COMPLETE
1101,52.65,2025-01-21 22:02:11.379394,2025-01-21 22:02:23.234421,0 days 00:00:11.855027,1.4190247886017688,1.5276669589280216,0.3674732457059919,1,1,COMPLETE
1102,44.78,2025-01-21 22:02:15.166038,2025-01-21 22:02:30.993945,0 days 00:00:15.827907,1.1679280968356804,1.707990758532957,0.1375601955196842,7,1,COMPLETE
1103,51.06,2025-01-21 22:02:23.306534,2025-01-21 22:02:38.525377,0 days 00:00:15.218843,1.1239876068947308,1.8134426569585085,0.5821349101694172,6,1,COMPLETE
1104,51.559999999999995,2025-01-21 22:02:31.085454,2025-01-21 22:02:45.692526,0 days 00:00:14.607072,1.0966922228649822,1.104487940976184,0.5698774895723351,5,1,COMPLETE
1105,52.53,2025-01-21 22:02:38.679674,2025-01-21 22:03:24.942521,0 days 00:00:46.262847,1.1206384703887327,1.0708545740934678,0.39174429586023124,3,1,COMPLETE
1106,52.400000000000006,2025-01-21 22:02:45.787035,2025-01-21 22:02:58.859987,0 days 00:00:13.072952,1.4551953092334506,1.2859253685840037,0.39540343857759086,3,1,COMPLETE
1107,49.75,2025-01-21 22:02:58.942505,2025-01-21 22:03:10.087048,0 days 00:00:11.144543,1.2141313300549375,1.8090515728479184,0.7055432214790291,1,1,COMPLETE
1108,52.1,2025-01-21 22:03:10.167102,2025-01-21 22:03:23.731100,0 days 00:00:13.563998,1.0436513828295317,1.5169603521904125,0.34627785742949474,3,1,COMPLETE
1109,51.88,2025-01-21 22:03:23.825633,2025-01-21 22:03:37.786348,0 days 00:00:13.960715,1.520735161306234,1.0291085855778437,0.5160467254514614,3,1,COMPLETE
1110,52.66,2025-01-21 22:03:25.054527,2025-01-21 22:03:37.122987,0 days 00:00:12.068460,1.5581822191236365,1.3643921793685623,0.4808763687995517,1,1,COMPLETE
1111,0.5,2025-01-21 22:03:37.214285,2025-01-21 22:03:53.942510,0 days 00:00:16.728225,0.001472231269660195,1.7893078030828624,0.2961716287915618,8,2,COMPLETE
1112,51.27,2025-01-21 22:03:37.872870,2025-01-21 22:03:52.652869,0 days 00:00:14.779999,0.9799365576997022,1.7741738095925506,0.30208365605898974,5,1,COMPLETE
1113,52.09,2025-01-21 22:03:52.794307,2025-01-21 22:04:08.460209,0 days 00:00:15.665902,1.291492604753181,1.4064712996876576,0.4229575861141344,8,1,COMPLETE
1114,52.980000000000004,2025-01-21 22:03:54.042025,2025-01-21 22:04:06.462642,0 days 00:00:12.420617,1.2885304829740996,1.3953686671603007,0.42755983049751606,1,1,COMPLETE
1115,51.82,2025-01-21 22:04:06.554616,2025-01-21 22:04:18.309348,0 days 00:00:11.754732,1.8826808108957591,1.2873602167817375,0.34931575367312107,1,1,COMPLETE
1116,52.12,2025-01-21 22:04:08.759511,2025-01-21 22:04:20.379739,0 days 00:00:11.620228,1.67813752001509,1.232352763453888,0.3482898626124228,1,1,COMPLETE
1117,17.34,2025-01-21 22:04:18.395550,2025-01-21 22:04:32.572719,0 days 00:00:14.177169,4.411705835276959,1.1750927524190424,0.007530503905831147,3,1,COMPLETE
1118,51.739999999999995,2025-01-21 22:04:20.645859,2025-01-21 22:04:35.670999,0 days 00:00:15.025140,1.394376855744613,0.994967225631755,0.408072122131343,5,1,COMPLETE
1119,51.88,2025-01-21 22:04:32.657743,2025-01-21 22:04:47.213128,0 days 00:00:14.555385,1.340105878378469,1.0096595139659421,0.4053710349730404,5,1,COMPLETE
1120,51.17,2025-01-21 22:04:35.783688,2025-01-21 22:04:49.552324,0 days 00:00:13.768636,1.3113719272092677,1.5616137869074445,0.26750375397032206,3,1,COMPLETE
1121,51.690000000000005,2025-01-21 22:04:47.302661,2025-01-21 22:05:01.028992,0 days 00:00:13.726331,1.9942371260478602,1.8856847496475329,0.49904088563816984,3,1,COMPLETE
1122,52.019999999999996,2025-01-21 22:04:49.737135,2025-01-21 22:05:01.205639,0 days 00:00:11.468504,1.966999422917883,1.8621354232233363,0.5077330681488142,1,1,COMPLETE
1123,48.57,2025-01-21 22:05:01.134929,2025-01-21 22:05:13.673893,0 days 00:00:12.538964,1.6135407563750475,0.021805270915420494,0.6064265297784123,1,1,COMPLETE
1124,40.150000000000006,2025-01-21 22:05:01.335080,2025-01-21 22:05:17.014293,0 days 00:00:15.679213,0.13703797847861426,1.4557449149266413,0.3289392236145282,6,1,COMPLETE
1125,51.790000000000006,2025-01-21 22:05:13.758255,2025-01-21 22:05:28.705448,0 days 00:00:14.947193,1.0138546322669129,1.4734991097481551,0.33358600652709314,5,1,COMPLETE
1126,52.559999999999995,2025-01-21 22:05:17.095555,2025-01-21 22:05:31.105689,0 days 00:00:14.010134,1.0031803801186743,1.5174590959766918,0.42449494871358656,4,1,COMPLETE
1127,52.64,2025-01-21 22:05:28.806571,2025-01-21 22:05:42.591448,0 days 00:00:13.784877,1.2342881205898373,1.1839803670612628,0.4357291290422827,3,1,COMPLETE
1128,50.6,2025-01-21 22:05:31.304886,2025-01-21 22:05:42.889556,0 days 00:00:11.584670,1.222761393482489,1.1533696778622835,0.2173018042004178,1,1,COMPLETE
1129,52.28,2025-01-21 22:05:42.682295,2025-01-21 22:05:54.792567,0 days 00:00:12.110272,1.1852196614496777,1.9186582579202247,0.52652469100479,1,1,COMPLETE
1130,51.65,2025-01-21 22:05:43.042217,2025-01-21 22:05:56.986337,0 days 00:00:13.944120,1.4245137043596945,1.8459702615194993,0.5653764697632631,3,1,COMPLETE
1131,51.44,2025-01-21 22:05:54.885930,2025-01-21 22:06:10.155540,0 days 00:00:15.269610,1.5455759179195943,0.8766938782646514,0.386597618527206,7,1,COMPLETE
1132,51.93,2025-01-21 22:05:57.241763,2025-01-21 22:06:12.662480,0 days 00:00:15.420717,0.9361195102784893,0.8777188378534778,0.3759789649386749,7,1,COMPLETE
1133,48.99,2025-01-21 22:06:10.231031,2025-01-21 22:06:24.456196,0 days 00:00:14.225165,0.9505796563454239,1.322209122857033,0.6890815511161552,3,1,COMPLETE
1134,31.81,2025-01-21 22:06:12.758530,2025-01-21 22:06:27.152212,0 days 00:00:14.393682,1.0859596072311977,1.3848895723468637,1.9197503175683819,3,1,COMPLETE
1135,51.44,2025-01-21 22:06:24.570988,2025-01-21 22:06:36.626924,0 days 00:00:12.055936,2.5348283806188183,1.6391324228024782,0.4647944796975951,1,1,COMPLETE
1136,52.370000000000005,2025-01-21 22:06:27.258336,2025-01-21 22:06:39.237103,0 days 00:00:11.978767,1.6651594927037974,1.0688335120746715,0.4594049347476263,1,1,COMPLETE
1137,50.6,2025-01-21 22:06:36.720377,2025-01-21 22:06:51.161216,0 days 00:00:14.440839,1.6200410251043575,1.0622760477080089,0.2869703033065666,5,1,COMPLETE
1138,51.32,2025-01-21 22:06:39.339261,2025-01-21 22:06:53.920643,0 days 00:00:14.581382,1.3239851117365307,1.2234917628146458,0.29174272971565146,5,1,COMPLETE
1139,45.410000000000004,2025-01-21 22:06:51.244739,2025-01-21 22:07:05.756041,0 days 00:00:14.511302,1.2762929872646231,1.6822168374483002,0.877892875052647,5,1,COMPLETE
1140,45.15,2025-01-21 22:06:54.003697,2025-01-21 22:07:07.903250,0 days 00:00:13.899553,0.9014457260176166,1.6798203774033014,0.8415535727923281,3,2,COMPLETE
1141,50.129999999999995,2025-01-21 22:07:05.847259,2025-01-21 22:07:19.617537,0 days 00:00:13.770278,0.8892760042429932,1.49733926136693,0.6307214776384441,3,1,COMPLETE
1142,51.25999999999999,2025-01-21 22:07:08.160584,2025-01-21 22:07:20.274822,0 days 00:00:12.114238,1.1008480197632082,1.3739879501253442,0.6052922191988308,1,1,COMPLETE
1143,52.839999999999996,2025-01-21 22:07:19.718626,2025-01-21 22:07:31.453133,0 days 00:00:11.734507,1.108589940693838,1.9350431576917198,0.37180800173556905,1,1,COMPLETE
1144,51.94,2025-01-21 22:07:20.372678,2025-01-21 22:07:37.342534,0 days 00:00:16.969856,1.1368459338316732,1.8906752364297899,0.3693912613292957,9,2,COMPLETE
1145,50.5,2025-01-21 22:07:31.548358,2025-01-21 22:07:43.489694,0 days 00:00:11.941336,0.8250290331770564,0.12221733352090833,0.32933723092307315,1,1,COMPLETE
1146,50.0,2025-01-21 22:07:37.458777,2025-01-21 22:07:49.891677,0 days 00:00:12.432900,0.8263505158004057,1.2179523095720803,0.2278344490601013,1,1,COMPLETE
1147,50.849999999999994,2025-01-21 22:07:43.596821,2025-01-21 22:07:58.128248,0 days 00:00:14.531427,0.9800845075454768,1.253610205928168,0.26987495670540956,3,1,COMPLETE
1148,51.27,2025-01-21 22:07:49.974705,2025-01-21 22:08:04.040278,0 days 00:00:14.065573,1.0376603021261133,1.5254853816300133,0.284242130048919,4,1,COMPLETE
1149,51.82,2025-01-21 22:07:58.231265,2025-01-21 22:08:13.092990,0 days 00:00:14.861725,1.4072526005911818,1.5891847126319356,0.3172174492905144,4,1,COMPLETE
1150,51.66,2025-01-21 22:08:04.136329,2025-01-21 22:08:19.149929,0 days 00:00:15.013600,1.3659918798389756,1.0259777737916331,0.34078271982764496,6,1,COMPLETE
1151,24.2,2025-01-21 22:08:13.170750,2025-01-21 22:08:28.812512,0 days 00:00:15.641762,1.4013383504605699,1.956386366369409,0.004023096662602054,7,1,COMPLETE
1152,52.52,2025-01-21 22:08:19.240738,2025-01-21 22:08:31.039240,0 days 00:00:11.798502,1.7612266634970501,1.9427664122588182,0.3880892695437378,1,1,COMPLETE
1153,52.81,2025-01-21 22:08:28.883590,2025-01-21 22:08:41.043708,0 days 00:00:12.160118,1.0661403446138256,0.9555106499542196,0.3905046681320918,1,1,COMPLETE
1154,52.39,2025-01-21 22:08:31.233910,2025-01-21 22:08:44.791799,0 days 00:00:13.557889,1.1107731280345219,0.9720712470993943,0.3933924952022424,3,1,COMPLETE
1155,51.77,2025-01-21 22:08:41.129450,2025-01-21 22:08:55.087811,0 days 00:00:13.958361,0.8296850213204375,0.6357018660748336,0.3371742228104705,3,1,COMPLETE
1156,50.529999999999994,2025-01-21 22:08:45.101730,2025-01-21 22:08:57.127537,0 days 00:00:12.025807,0.7847291690620679,0.7027504017293923,0.24544502168111185,1,1,COMPLETE
1157,51.22,2025-01-21 22:08:55.201721,2025-01-21 22:09:07.235075,0 days 00:00:12.033354,0.7430752891955835,0.952126678531789,0.2848489917195223,1,1,COMPLETE
1158,51.29,2025-01-21 22:08:57.539218,2025-01-21 22:09:11.956335,0 days 00:00:14.417117,0.9665821700702653,0.6694334516641663,0.30176692894337304,5,1,COMPLETE
1159,51.7,2025-01-21 22:09:07.318567,2025-01-21 22:09:22.162451,0 days 00:00:14.843884,0.968810297257838,0.7906202404364682,0.3469182828285898,5,1,COMPLETE
1160,52.22,2025-01-21 22:09:12.059665,2025-01-21 22:09:26.145763,0 days 00:00:14.086098,0.9575040966240361,0.8454838503537129,0.3657627050687815,3,1,COMPLETE
1161,48.43,2025-01-21 22:09:22.304596,2025-01-21 22:09:36.426178,0 days 00:00:14.121582,1.1815654161501798,0.9090902104790919,0.1951286265115617,3,1,COMPLETE
1162,34.77,2025-01-21 22:09:26.251878,2025-01-21 22:09:38.233321,0 days 00:00:11.981443,0.047790458857394545,0.862967412573748,0.4148540964321973,1,1,COMPLETE
1163,52.68000000000001,2025-01-21 22:09:36.540111,2025-01-21 22:09:48.471664,0 days 00:00:11.931553,1.150590664897988,0.7317460773942484,0.41943047780445036,1,1,COMPLETE
1164,46.71,2025-01-21 22:09:38.547166,2025-01-21 22:09:54.442885,0 days 00:00:15.895719,1.1778136919655366,0.804030456573833,0.16373831987046858,7,1,COMPLETE
1165,47.61,2025-01-21 22:09:48.676970,2025-01-21 22:10:00.598635,0 days 00:00:11.921665,1.5274925572957556,0.7732461553619153,0.15861798931804516,1,1,COMPLETE
1166,22.67,2025-01-21 22:09:54.517819,2025-01-21 22:10:06.519347,0 days 00:00:12.001528,1.5495148425922345,0.5519143328406311,0.0013411854912920617,1,1,COMPLETE
1167,50.92,2025-01-21 22:10:00.681532,2025-01-21 22:10:13.139419,0 days 00:00:12.457887,1.7360489482285553,0.7935896018237104,0.2578911143902457,1,1,COMPLETE
1168,49.16,2025-01-21 22:10:06.620886,2025-01-21 22:10:21.337023,0 days 00:00:14.716137,2.0590196117223205,0.6214695264545962,0.2398234318700265,3,1,COMPLETE
1169,50.9,2025-01-21 22:10:13.259069,2025-01-21 22:10:28.385539,0 days 00:00:15.126470,1.3305604833423479,0.46375475304763564,0.32286196288334496,5,1,COMPLETE
1170,50.64999999999999,2025-01-21 22:10:21.611496,2025-01-21 22:10:36.334781,0 days 00:00:14.723285,1.268764369912762,0.359185393734528,0.3218350692602982,5,1,COMPLETE
1171,52.349999999999994,2025-01-21 22:10:28.518429,2025-01-21 22:10:43.174415,0 days 00:00:14.655986,1.2304552030364215,0.7407630734989202,0.4089415901995661,3,1,COMPLETE
1172,35.4,2025-01-21 22:10:36.608573,2025-01-21 22:10:51.179463,0 days 00:00:14.570890,1.1613888520859073,0.7340137762926638,1.5070638188133658,3,1,COMPLETE
1173,52.88,2025-01-21 22:10:43.259709,2025-01-21 22:10:55.278020,0 days 00:00:12.018311,1.0852496199880723,1.0013019569419912,0.44658676148528664,1,1,COMPLETE
1174,52.51,2025-01-21 22:10:51.256283,2025-01-21 22:11:03.285385,0 days 00:00:12.029102,0.9013880319001886,0.9595397287730549,0.4871276443311532,1,1,COMPLETE
1175,52.0,2025-01-21 22:10:55.370271,2025-01-21 22:11:10.316106,0 days 00:00:14.945835,0.827307370397369,0.9683859578084331,0.49482256748409736,5,1,COMPLETE
1176,51.73,2025-01-21 22:11:03.400373,2025-01-21 22:11:18.971327,0 days 00:00:15.570954,0.7807840790050807,1.0092746176181853,0.5202674113437684,5,1,COMPLETE
1177,48.35,2025-01-21 22:11:10.414073,2025-01-21 22:11:26.930370,0 days 00:00:16.516297,0.29680831461181434,1.0781615349603384,0.5442262690161701,8,1,COMPLETE
1178,51.9,2025-01-21 22:11:19.065047,2025-01-21 22:11:35.836352,0 days 00:00:16.771305,0.9900847749616128,1.1694954109400681,0.35755241610002264,9,2,COMPLETE
1179,52.370000000000005,2025-01-21 22:11:27.006389,2025-01-21 22:11:40.879487,0 days 00:00:13.873098,0.999577250993549,1.1308043432242012,0.37966510075553755,3,1,COMPLETE
1180,52.35999999999999,2025-01-21 22:11:35.927641,2025-01-21 22:11:47.601374,0 days 00:00:11.673733,0.6701835895893213,1.0846403878575395,0.4336868759526879,1,1,COMPLETE
1181,52.349999999999994,2025-01-21 22:11:40.980840,2025-01-21 22:11:53.341460,0 days 00:00:12.360620,0.6621718431919823,0.8956931214454908,0.4470621269342968,1,1,COMPLETE
1182,52.35999999999999,2025-01-21 22:11:47.689430,2025-01-21 22:12:02.294093,0 days 00:00:14.604663,1.4848676240069403,0.9342513663083843,0.4623671021656368,3,1,COMPLETE
1183,50.9,2025-01-21 22:11:53.429412,2025-01-21 22:12:07.481669,0 days 00:00:14.052257,1.5241481581272747,0.17678259503339866,0.3749202634933303,3,1,COMPLETE
1184,52.38,2025-01-21 22:12:02.546385,2025-01-21 22:12:16.236690,0 days 00:00:13.690305,1.0622209655163504,1.2852221881949593,0.36825441229594513,3,1,COMPLETE
1185,51.51,2025-01-21 22:12:07.585718,2025-01-21 22:12:23.060426,0 days 00:00:15.474708,1.0802102944482146,1.1997500178615426,0.5542303706799645,6,1,COMPLETE
1186,51.41,2025-01-21 22:12:16.333810,2025-01-21 22:12:32.027198,0 days 00:00:15.693388,1.269719860473961,1.110552772651709,0.547246073358788,7,1,COMPLETE
1187,52.17,2025-01-21 22:12:23.158564,2025-01-21 22:12:35.066640,0 days 00:00:11.908076,1.354411206129854,1.3454472569750784,0.30494978554551266,1,1,COMPLETE
1188,51.73,2025-01-21 22:12:32.103163,2025-01-21 22:12:43.782883,0 days 00:00:11.679720,1.8052222002702378,1.3614731172767078,0.31076131750942354,1,1,COMPLETE
1189,51.480000000000004,2025-01-21 22:12:35.145802,2025-01-21 22:12:49.514419,0 days 00:00:14.368617,1.842735990303637,0.9020527446450932,0.46923509286293974,4,1,COMPLETE
1190,52.39,2025-01-21 22:12:44.059132,2025-01-21 22:12:58.266472,0 days 00:00:14.207340,0.9004303086032251,0.9701563058680174,0.4648458885736503,4,1,COMPLETE
1191,52.35999999999999,2025-01-21 22:12:49.601817,2025-01-21 22:13:04.458748,0 days 00:00:14.856931,0.8136868194276178,1.1382324603481762,0.4199682434151108,5,1,COMPLETE
1192,49.44,2025-01-21 22:12:58.349611,2025-01-21 22:13:10.374173,0 days 00:00:12.024562,0.8487214687435352,1.1037701438461416,0.6768962367808028,1,1,COMPLETE
1193,0.5,2025-01-21 22:13:04.571241,2025-01-21 22:13:18.120699,0 days 00:00:13.549458,0.00396421630987949,1.3366587489449098,0.6167809734189122,1,1,COMPLETE
1194,52.42,2025-01-21 22:13:10.595019,2025-01-21 22:13:24.830500,0 days 00:00:14.235481,1.0969197065712628,1.4318014574421316,0.3646910291219758,3,1,COMPLETE
1195,52.54,2025-01-21 22:13:18.362947,2025-01-21 22:13:32.749075,0 days 00:00:14.386128,1.1173555489819023,1.5064650617412398,0.3751517653185688,3,1,COMPLETE
1196,51.85999999999999,2025-01-21 22:13:24.912927,2025-01-21 22:13:40.349793,0 days 00:00:15.436866,1.3541074898391663,1.6232509728636073,0.517521077372555,6,1,COMPLETE
1197,51.93,2025-01-21 22:13:32.833537,2025-01-21 22:13:47.960520,0 days 00:00:15.126983,1.3868024004631103,1.656401207931591,0.517550684493018,5,1,COMPLETE
1198,52.93,2025-01-21 22:13:40.452048,2025-01-21 22:13:52.346043,0 days 00:00:11.893995,0.936863387659894,0.8272144386639145,0.4179764980477412,1,1,COMPLETE
1199,40.97,2025-01-21 22:13:48.123389,2025-01-21 22:14:00.398064,0 days 00:00:12.274675,0.9744005675606906,0.8076985279382811,1.0909408597446224,1,1,COMPLETE
1200,48.97,2025-01-21 22:13:52.430927,2025-01-21 22:14:04.054485,0 days 00:00:11.623558,0.736682361638026,0.4883056528131846,0.6929679172204746,1,1,COMPLETE
1201,30.4,2025-01-21 22:14:00.486152,2025-01-21 22:14:12.983760,0 days 00:00:12.497608,0.7471154388390958,0.5074741913038658,0.04076552340692639,1,1,COMPLETE
1202,52.16,2025-01-21 22:14:04.139526,2025-01-21 22:14:16.002502,0 days 00:00:11.862976,0.6337100770758881,0.5390453998088605,0.44826586114019223,1,1,COMPLETE
1203,52.410000000000004,2025-01-21 22:14:13.077065,2025-01-21 22:14:27.348046,0 days 00:00:14.270981,0.6988554662494112,0.7937466332851831,0.4342403903986381,3,2,COMPLETE
1204,50.839999999999996,2025-01-21 22:14:16.101900,2025-01-21 22:14:29.883267,0 days 00:00:13.781367,0.8836504924696028,0.6996435165346692,0.2691288049151367,3,2,COMPLETE
1205,51.080000000000005,2025-01-21 22:14:27.455743,2025-01-21 22:14:41.312131,0 days 00:00:13.856388,0.8802840036088164,0.753514940445737,0.5866868066936037,3,1,COMPLETE
1206,51.22,2025-01-21 22:14:30.093606,2025-01-21 22:14:43.672822,0 days 00:00:13.579216,0.8750286028609046,0.6334271725401643,0.5641033093022618,3,1,COMPLETE
1207,52.03,2025-01-21 22:14:41.422723,2025-01-21 22:14:53.216297,0 days 00:00:11.793574,0.912089896111815,0.6649385117918901,0.3172822899482082,1,1,COMPLETE
1208,27.439999999999998,2025-01-21 22:14:43.855352,2025-01-21 22:15:00.623904,0 days 00:00:16.768552,0.9922077811079523,0.9185621557485206,2.5377100457490607,7,1,COMPLETE
1209,52.129999999999995,2025-01-21 22:14:53.306269,2025-01-21 22:15:09.571357,0 days 00:00:16.265088,0.7072953209628928,0.8746446815587293,0.3767171962778003,7,1,COMPLETE
