number,value,datetime_start,datetime_complete,duration,params_gamma_1,params_gamma_2,params_lambda,params_n_clusters,params_n_neighbors,state
6445,51.349999999999994,2025-01-22 10:20:57.684929,2025-01-22 10:21:10.915562,0 days 00:00:13.230633,1.6095094640061858,2.6615813268521937,0.6050293507836264,2,1,COMPLETE
6446,51.77,2025-01-22 10:20:59.633532,2025-01-22 10:21:30.318808,0 days 00:00:30.685276,0.8507603103055518,1.2119962602494947,0.549917157905383,45,3,COMPLETE
6447,51.849999999999994,2025-01-22 10:21:11.098119,2025-01-22 10:21:25.600185,0 days 00:00:14.502066,0.8058521979391056,1.2053291380750841,0.5108460196341208,5,1,COMPLETE
6448,52.410000000000004,2025-01-22 10:21:25.751172,2025-01-22 10:21:40.873848,0 days 00:00:15.122676,1.0969408832863896,1.414353637992168,0.4487330493822988,4,1,COMPLETE
6449,52.459999999999994,2025-01-22 10:21:30.468394,2025-01-22 10:21:45.015196,0 days 00:00:14.546802,1.083201676665397,1.5646689226319235,0.43478418322072926,4,1,COMPLETE
6450,42.03,2025-01-22 10:21:41.101684,2025-01-22 10:21:56.561132,0 days 00:00:15.459448,0.20846329715802975,1.5803552626525628,0.28339186241042735,6,1,COMPLETE
6451,51.93,2025-01-22 10:21:45.169085,2025-01-22 10:22:00.229870,0 days 00:00:15.060785,1.2662376075034913,2.0135865281619405,0.3533672412657321,6,1,COMPLETE
6452,52.51,2025-01-22 10:21:56.745660,2025-01-22 10:22:10.532943,0 days 00:00:13.787283,1.2771673922428477,2.0633024406024685,0.36088021545348753,2,1,COMPLETE
6453,52.739999999999995,2025-01-22 10:22:00.411168,2025-01-22 10:22:14.461257,0 days 00:00:14.050089,0.9416905568625903,1.1648646372088598,0.3685645929453317,2,1,COMPLETE
6454,47.94,2025-01-22 10:22:10.725414,2025-01-22 10:22:24.310043,0 days 00:00:13.584629,0.9420235166284102,1.2002398454874628,0.7461936111633437,2,1,COMPLETE
6455,51.739999999999995,2025-01-22 10:22:14.631525,2025-01-22 10:22:29.200452,0 days 00:00:14.568927,1.903531085705909,1.4268628450867176,0.49614526339703297,4,1,COMPLETE
6456,51.32,2025-01-22 10:22:24.477494,2025-01-22 10:22:39.010029,0 days 00:00:14.532535,0.6511856842926842,1.7549123401708413,0.5072613601320384,4,1,COMPLETE
6457,40.83,2025-01-22 10:22:29.390685,2025-01-22 10:22:44.304232,0 days 00:00:14.913547,0.14163427330909154,1.7762278997568526,0.42643172456773387,4,1,COMPLETE
6458,50.82,2025-01-22 10:22:39.181806,2025-01-22 10:22:55.134289,0 days 00:00:15.952483,1.4815828026843012,1.7116513438748182,0.600106797512072,7,1,COMPLETE
6459,51.13999999999999,2025-01-22 10:22:44.516417,2025-01-22 10:23:00.401241,0 days 00:00:15.884824,1.481774904575115,1.3512500254050261,0.5941120633426121,8,2,COMPLETE
6460,36.980000000000004,2025-01-22 10:22:55.306601,2025-01-22 10:23:09.684168,0 days 00:00:14.377567,5.15601656995707,1.4093561412870723,1.7194486883826634,2,1,COMPLETE
6461,51.68000000000001,2025-01-22 10:23:00.582651,2025-01-22 10:23:14.058710,0 days 00:00:13.476059,1.1304588682208614,1.4130547774786146,0.28404637406139344,2,1,COMPLETE
6462,49.309999999999995,2025-01-22 10:23:10.151921,2025-01-22 10:23:25.245277,0 days 00:00:15.093356,2.9408633001090068,1.1357965148150526,0.2957012467800312,6,1,COMPLETE
6463,51.82,2025-01-22 10:23:14.220980,2025-01-22 10:23:29.496460,0 days 00:00:15.275480,0.7830249286533011,2.3746890199793245,0.41046274439240565,6,1,COMPLETE
6464,52.44,2025-01-22 10:23:25.431282,2025-01-22 10:23:40.047443,0 days 00:00:14.616161,0.7891189733821323,1.6107483700063028,0.423809556887798,4,1,COMPLETE
6465,52.05,2025-01-22 10:23:29.702485,2025-01-22 10:23:44.864667,0 days 00:00:15.162182,1.1100427054721402,1.6248355451113774,0.33385442344079175,4,1,COMPLETE
6466,52.459999999999994,2025-01-22 10:23:40.433128,2025-01-22 10:23:54.340618,0 days 00:00:13.907490,1.09148885263017,1.1994857686457394,0.3422170009548646,2,1,COMPLETE
6467,0.5,2025-01-22 10:23:45.025575,2025-01-22 10:23:59.042951,0 days 00:00:14.017376,0.028774886608672758,1.1481663016736405,0.49316910901865146,2,1,COMPLETE
6468,51.910000000000004,2025-01-22 10:23:54.540836,2025-01-22 10:24:08.946149,0 days 00:00:14.405313,1.7209596712989959,2.057656601843594,0.48552927147111435,4,1,COMPLETE
6469,51.99,2025-01-22 10:23:59.428892,2025-01-22 10:24:13.773674,0 days 00:00:14.344782,1.7356106718367137,2.0803984055422338,0.4004134142014214,4,1,COMPLETE
6470,51.93,2025-01-22 10:24:09.356856,2025-01-22 10:24:25.955455,0 days 00:00:16.598599,1.2207241432074927,1.3727580303541578,0.3942469206843233,8,2,COMPLETE
6471,51.190000000000005,2025-01-22 10:24:13.953511,2025-01-22 10:24:30.348103,0 days 00:00:16.394592,1.2901437499452906,0.35581065561824726,0.3770964027965353,8,2,COMPLETE
6472,49.05,2025-01-22 10:24:26.143110,2025-01-22 10:24:41.597980,0 days 00:00:15.454870,0.9264599625359655,1.7118801604378995,0.22228866814736437,6,1,COMPLETE
6473,49.480000000000004,2025-01-22 10:24:30.537014,2025-01-22 10:24:44.331714,0 days 00:00:13.794700,0.920835150042702,1.3737323306236922,0.6690393180909262,2,1,COMPLETE
6474,50.96000000000001,2025-01-22 10:24:41.771765,2025-01-22 10:24:55.118237,0 days 00:00:13.346472,0.9906879662255565,3.0557457406596296,0.5649950981894536,2,1,COMPLETE
6475,51.870000000000005,2025-01-22 10:24:44.512778,2025-01-22 10:24:58.827674,0 days 00:00:14.314896,1.4195689977095869,1.1112351664629039,0.540549005216607,4,1,COMPLETE
6476,52.1,2025-01-22 10:24:55.315742,2025-01-22 10:25:10.111913,0 days 00:00:14.796171,1.424451646828182,1.1295837475384842,0.4590480110215715,5,1,COMPLETE
6477,51.870000000000005,2025-01-22 10:24:59.036919,2025-01-22 10:25:13.697192,0 days 00:00:14.660273,0.6210391177653194,1.5178375598244198,0.4452814745265323,5,1,COMPLETE
6478,51.01,2025-01-22 10:25:10.276576,2025-01-22 10:25:23.807453,0 days 00:00:13.530877,0.6387769667267281,1.480713130161909,0.3109797805109413,2,1,COMPLETE
6479,52.480000000000004,2025-01-22 10:25:13.838392,2025-01-22 10:25:27.731642,0 days 00:00:13.893250,1.1054499844944314,1.9323236241234238,0.36485494139430075,2,1,COMPLETE
6480,52.68000000000001,2025-01-22 10:25:23.998754,2025-01-22 10:25:37.475377,0 days 00:00:13.476623,1.1222929450422383,1.8544762884776311,0.37476554244646193,2,1,COMPLETE
6481,52.349999999999994,2025-01-22 10:25:27.921098,2025-01-22 10:25:42.607419,0 days 00:00:14.686321,1.233232502520891,1.297095545291683,0.45311549525277606,4,1,COMPLETE
6482,50.63999999999999,2025-01-22 10:25:37.635885,2025-01-22 10:25:52.506450,0 days 00:00:14.870565,0.8328197413250096,1.300344311303165,0.2610964732991769,4,1,COMPLETE
6483,50.17,2025-01-22 10:25:42.778733,2025-01-22 10:25:58.573585,0 days 00:00:15.794852,0.9600626025927218,1.6391183151268325,0.6115035731106433,7,1,COMPLETE
6484,51.31,2025-01-22 10:25:53.017907,2025-01-22 10:26:08.262721,0 days 00:00:15.244814,1.5760195914631792,1.6473415755700322,0.5618867490358042,6,5,COMPLETE
6485,47.55,2025-01-22 10:25:58.744130,2025-01-22 10:26:13.878642,0 days 00:00:15.134512,1.6190070893203845,1.1062821095350603,0.7946867602967165,6,1,COMPLETE
6486,48.06,2025-01-22 10:26:08.683802,2025-01-22 10:26:22.961636,0 days 00:00:14.277834,1.3145595154874044,2.4097796978543893,0.7742876690191686,4,1,COMPLETE
6487,0.52,2025-01-22 10:26:14.070503,2025-01-22 10:26:32.886042,0 days 00:00:18.815539,0.00500297617478379,2.384383023736592,0.3194385088955491,10,2,COMPLETE
6488,51.080000000000005,2025-01-22 10:26:23.243732,2025-01-22 10:26:36.435701,0 days 00:00:13.191969,2.0091079416310698,1.3581252317588124,0.3204612901506056,2,1,COMPLETE
6489,51.88,2025-01-22 10:26:33.043326,2025-01-22 10:26:47.057906,0 days 00:00:14.014580,1.9767890820952232,1.3416337446771993,0.48247949436745563,2,1,COMPLETE
6490,52.18000000000001,2025-01-22 10:26:36.623843,2025-01-22 10:26:49.973825,0 days 00:00:13.349982,0.7650209863172017,1.070011664300051,0.49281132155477503,2,1,COMPLETE
6491,50.62,2025-01-22 10:26:47.240831,2025-01-22 10:27:01.997303,0 days 00:00:14.756472,0.3283154148152568,0.15419649891682308,0.4198683478931326,4,1,COMPLETE
6492,52.54,2025-01-22 10:26:50.305745,2025-01-22 10:27:04.686846,0 days 00:00:14.381101,1.0425189903280263,1.7848603510892707,0.4150940822533055,4,1,COMPLETE
6493,52.35999999999999,2025-01-22 10:27:02.149990,2025-01-22 10:27:17.326893,0 days 00:00:15.176903,1.0308005471523034,1.8595483144185965,0.40468681133201667,6,1,COMPLETE
6494,51.57000000000001,2025-01-22 10:27:04.891856,2025-01-22 10:27:19.908662,0 days 00:00:15.016806,1.278415607211731,1.9719521441106245,0.5429834143805979,6,1,COMPLETE
6495,52.04,2025-01-22 10:27:17.470013,2025-01-22 10:27:31.940626,0 days 00:00:14.470613,1.2824256163434307,1.541993578523738,0.3476030209648251,4,1,COMPLETE
6496,48.91,2025-01-22 10:27:20.080380,2025-01-22 10:27:34.053538,0 days 00:00:13.973158,0.8721242790410935,1.1855502887605511,0.688709579164558,2,1,COMPLETE
6497,26.27,2025-01-22 10:27:32.138862,2025-01-22 10:27:46.104000,0 days 00:00:13.965138,0.04193135471818911,1.1617088401597333,0.6532926347419922,2,1,COMPLETE
6498,51.77,2025-01-22 10:27:34.653113,2025-01-22 10:27:51.193364,0 days 00:00:16.540251,1.494084840305065,1.0391661023843621,0.4810246540353113,9,1,COMPLETE
6499,49.85,2025-01-22 10:27:46.312058,2025-01-22 10:28:03.249442,0 days 00:00:16.937384,2.410610602261603,1.489280347920634,0.2765075715779179,9,2,COMPLETE
6500,51.51,2025-01-22 10:27:51.371203,2025-01-22 10:28:06.174959,0 days 00:00:14.803756,1.0905812639710923,1.4573035242129544,0.29188431105342333,4,1,COMPLETE
6501,52.22,2025-01-22 10:28:03.567016,2025-01-22 10:28:18.106630,0 days 00:00:14.539614,1.0871078062940671,1.3186869107994876,0.35827886294762945,4,1,COMPLETE
6502,51.54,2025-01-22 10:28:06.369416,2025-01-22 10:28:20.964866,0 days 00:00:14.595450,0.7472933998185686,2.0878323196967012,0.3557875759525505,4,1,COMPLETE
6503,52.52,2025-01-22 10:28:18.270376,2025-01-22 10:28:31.970520,0 days 00:00:13.700144,0.8035398504750205,2.1401877327798022,0.4196828176654623,2,1,COMPLETE
6504,52.86,2025-01-22 10:28:21.134643,2025-01-22 10:28:34.393260,0 days 00:00:13.258617,0.8941272919675413,1.6858545958348805,0.43543234063112424,2,1,COMPLETE
6505,51.64,2025-01-22 10:28:32.180040,2025-01-22 10:28:47.247371,0 days 00:00:15.067331,1.349518060127368,1.6802014835530157,0.5397685046549614,6,1,COMPLETE
6506,51.559999999999995,2025-01-22 10:28:34.859410,2025-01-22 10:28:49.693246,0 days 00:00:14.833836,1.32416034887643,0.9966520650518019,0.5489116528999427,6,1,COMPLETE
6507,51.82,2025-01-22 10:28:47.434440,2025-01-22 10:29:04.468228,0 days 00:00:17.033788,1.2123020884982918,1.051719493541651,0.48618138626188845,7,1,COMPLETE
6508,51.519999999999996,2025-01-22 10:28:50.115487,2025-01-22 10:29:05.331043,0 days 00:00:15.215556,0.5439147986339987,1.2455179645060928,0.4652772341966936,4,1,COMPLETE
6509,52.080000000000005,2025-01-22 10:29:04.640530,2025-01-22 10:29:17.873503,0 days 00:00:13.232973,1.7094295497519978,1.273292045128531,0.3891175499574516,2,1,COMPLETE
6510,49.95,2025-01-22 10:29:05.509671,2025-01-22 10:29:19.433831,0 days 00:00:13.924160,1.7523618973037602,1.4362319013752862,0.23340048493543408,2,1,COMPLETE
6511,51.88,2025-01-22 10:29:18.065086,2025-01-22 10:29:33.090064,0 days 00:00:15.024978,0.9322991269139447,1.4712741358538373,0.3300437305410533,4,1,COMPLETE
6512,51.31,2025-01-22 10:29:19.606735,2025-01-22 10:29:34.924954,0 days 00:00:15.318219,0.9825769003163336,2.6055497868003754,0.3117350780792886,4,1,COMPLETE
6513,51.959999999999994,2025-01-22 10:29:33.277242,2025-01-22 10:29:48.090218,0 days 00:00:14.812976,1.045612915136043,2.5335230174586068,0.3988457336293127,5,1,COMPLETE
6514,50.81,2025-01-22 10:29:35.747020,2025-01-22 10:29:48.921670,0 days 00:00:13.174650,1.1402096297632809,1.7209783611572524,0.6251150113899506,2,1,COMPLETE
6515,51.61,2025-01-22 10:29:48.267726,2025-01-22 10:30:01.815482,0 days 00:00:13.547756,1.4386318516574872,1.8209470831068055,0.5978001817452426,2,1,COMPLETE
6516,51.959999999999994,2025-01-22 10:29:49.086562,2025-01-22 10:30:05.345880,0 days 00:00:16.259318,1.4739908733303915,1.1788854435075051,0.44991398400451876,8,1,COMPLETE
6517,52.17,2025-01-22 10:30:01.991007,2025-01-22 10:30:18.366263,0 days 00:00:16.375256,0.7659137195171328,1.1452043623805572,0.4573134413765127,8,1,COMPLETE
6518,52.21,2025-01-22 10:30:05.510920,2025-01-22 10:30:20.786467,0 days 00:00:15.275547,0.7485650576911583,1.4757749852996243,0.3658183157350214,6,1,COMPLETE
6519,52.01,2025-01-22 10:30:18.531449,2025-01-22 10:30:33.303906,0 days 00:00:14.772457,1.133575176713084,1.5129249337018118,0.36199382504119343,5,1,COMPLETE
6520,50.94,2025-01-22 10:30:21.234918,2025-01-22 10:30:35.528065,0 days 00:00:14.293147,1.1474229139078236,0.05219152727955534,0.5327400485555183,4,1,COMPLETE
6521,51.94,2025-01-22 10:30:33.477101,2025-01-22 10:30:47.089091,0 days 00:00:13.611990,0.9124869927364319,2.1165004571246926,0.5249433443949457,2,1,COMPLETE
6522,50.980000000000004,2025-01-22 10:30:36.036332,2025-01-22 10:30:49.437913,0 days 00:00:13.401581,0.8903732616436639,2.120274566343126,0.2877490436216179,2,1,COMPLETE
6523,50.870000000000005,2025-01-22 10:30:47.416367,2025-01-22 10:31:02.104726,0 days 00:00:14.688359,1.4589767501292155,0.9842872513618945,0.286536361255802,4,1,COMPLETE
6524,52.2,2025-01-22 10:30:50.201539,2025-01-22 10:31:04.627939,0 days 00:00:14.426400,1.412419279601152,1.308806076147984,0.4141185728025677,4,1,COMPLETE
6525,52.23,2025-01-22 10:31:02.291028,2025-01-22 10:31:18.210969,0 days 00:00:15.919941,1.245530329818202,1.3313475661752074,0.39467629933267373,6,1,COMPLETE
6526,52.0,2025-01-22 10:31:05.038643,2025-01-22 10:31:20.637290,0 days 00:00:15.598647,1.2270782041922086,1.7478159823098856,0.34004075244597604,6,1,COMPLETE
6527,52.72,2025-01-22 10:31:18.398879,2025-01-22 10:31:32.437055,0 days 00:00:14.038176,1.0076089789372251,1.7694535312694426,0.48246903019112936,2,1,COMPLETE
6528,51.839999999999996,2025-01-22 10:31:21.205776,2025-01-22 10:31:34.742943,0 days 00:00:13.537167,1.8517303100699858,1.0106181335039714,0.4612725343908648,2,1,COMPLETE
6529,50.12,2025-01-22 10:31:32.644732,2025-01-22 10:31:46.313584,0 days 00:00:13.668852,1.9401291127785592,1.0913748795286464,0.6699336586853137,2,1,COMPLETE
6530,46.6,2025-01-22 10:31:35.255089,2025-01-22 10:31:49.865303,0 days 00:00:14.610214,0.694967019802857,3.27412883167515,0.7060187787081411,4,1,COMPLETE
6531,49.220000000000006,2025-01-22 10:31:46.521317,2025-01-22 10:32:01.351853,0 days 00:00:14.830536,0.6965643028520598,1.5431976839304329,0.2484470817581241,4,1,COMPLETE
6532,52.559999999999995,2025-01-22 10:31:50.053033,2025-01-22 10:32:04.811815,0 days 00:00:14.758782,0.8785494497309193,1.49187486672468,0.39505968495881477,4,1,COMPLETE
6533,52.56999999999999,2025-01-22 10:32:01.673156,2025-01-22 10:32:16.915647,0 days 00:00:15.242491,0.8916139080406196,1.2787561571566206,0.4152790098142638,6,1,COMPLETE
6534,51.17,2025-01-22 10:32:04.992411,2025-01-22 10:32:20.583572,0 days 00:00:15.591161,1.082970079076171,1.2628864867393899,0.5759443476709782,7,1,COMPLETE
6535,0.5,2025-01-22 10:32:17.106757,2025-01-22 10:32:35.753975,0 days 00:00:18.647218,0.01346205581918211,1.9192784185713625,0.5646848146647561,12,2,COMPLETE
6536,51.92,2025-01-22 10:32:20.901788,2025-01-22 10:32:34.779482,0 days 00:00:13.877694,1.620106332204614,1.876657608064321,0.33088399842981475,2,1,COMPLETE
6537,50.62,2025-01-22 10:32:34.985200,2025-01-22 10:32:49.287125,0 days 00:00:14.301925,1.3120376361807506,0.016423887933761837,0.5129456428102316,4,1,COMPLETE
6538,52.32,2025-01-22 10:32:35.924605,2025-01-22 10:32:50.436552,0 days 00:00:14.511947,1.312263853508919,1.556414949201808,0.48212047071243325,4,1,COMPLETE
6539,52.33,2025-01-22 10:32:49.457286,2025-01-22 10:33:03.411402,0 days 00:00:13.954116,1.1578657371843286,1.5660132803405433,0.3357162311864148,2,1,COMPLETE
6540,52.449999999999996,2025-01-22 10:32:50.612379,2025-01-22 10:33:04.470087,0 days 00:00:13.857708,1.0295415289242418,1.013144251537292,0.34301399065246185,2,1,COMPLETE
6541,52.94,2025-01-22 10:33:03.594164,2025-01-22 10:33:16.886086,0 days 00:00:13.291922,1.0147257901949345,0.9802926863730654,0.4135778497162409,2,1,COMPLETE
6542,51.89,2025-01-22 10:33:04.658931,2025-01-22 10:33:21.035313,0 days 00:00:16.376382,1.5977870156273635,2.297596617754376,0.4261415892934176,8,5,COMPLETE
6543,52.53,2025-01-22 10:33:17.069170,2025-01-22 10:33:58.201692,0 days 00:00:41.132522,0.8206698222428949,1.2346683718226923,0.4452276633062971,64,4,COMPLETE
6544,45.09,2025-01-22 10:33:21.242477,2025-01-22 10:33:36.717672,0 days 00:00:15.475195,0.8420700899815688,1.198008806450975,0.15431073100731785,6,1,COMPLETE
6545,50.9,2025-01-22 10:33:37.039690,2025-01-22 10:33:51.829494,0 days 00:00:14.789804,1.4445195312649028,1.3993793755805533,0.271344844323841,5,1,COMPLETE
6546,50.839999999999996,2025-01-22 10:33:52.018775,2025-01-22 10:34:06.829474,0 days 00:00:14.810699,2.35748309657841,1.1706851357997394,0.48254857425772424,4,1,COMPLETE
6547,52.15,2025-01-22 10:33:58.383713,2025-01-22 10:34:12.863573,0 days 00:00:14.479860,1.1929544608982119,1.7081039458630853,0.5067929420791135,4,1,COMPLETE
6548,52.12,2025-01-22 10:34:07.006796,2025-01-22 10:34:53.049829,0 days 00:00:46.043033,1.2042339903384398,1.7070786651107244,0.35467420218027973,77,3,COMPLETE
6549,40.99,2025-01-22 10:34:13.047148,2025-01-22 10:34:26.290595,0 days 00:00:13.243447,0.4559289211197506,1.974590286241434,0.8973585459655417,2,1,COMPLETE
6550,51.55,2025-01-22 10:34:26.511772,2025-01-22 10:34:42.680121,0 days 00:00:16.168349,0.5856667066240668,1.3788305698274284,0.3680006841654421,7,1,COMPLETE
6551,48.99,2025-01-22 10:34:42.887737,2025-01-22 10:34:59.919521,0 days 00:00:17.031784,1.0833831712285562,1.7429676041750324,0.20759970154849688,10,2,COMPLETE
6552,51.35999999999999,2025-01-22 10:34:53.289733,2025-01-22 10:35:06.960015,0 days 00:00:13.670282,0.959029318234015,1.0052865248019072,0.5815196356263828,2,1,COMPLETE
6553,49.27,2025-01-22 10:35:00.113684,2025-01-22 10:35:33.759487,0 days 00:00:33.645803,1.4884371664071425,0.9639017968856501,0.6392584294805069,48,29,COMPLETE
6554,51.92,2025-01-22 10:35:07.130884,2025-01-22 10:35:21.844797,0 days 00:00:14.713913,1.604405580449847,2.212286026167687,0.39354328092808544,5,1,COMPLETE
6555,51.68000000000001,2025-01-22 10:35:22.001773,2025-01-22 10:35:36.576364,0 days 00:00:14.574591,1.3777834016363937,1.3925933924660272,0.3188908053245094,4,1,COMPLETE
6556,51.7,2025-01-22 10:35:33.962515,2025-01-22 10:35:48.117882,0 days 00:00:14.155367,1.2956062290425538,1.4520488112449819,0.304912158531447,4,1,COMPLETE
6557,52.839999999999996,2025-01-22 10:35:36.790301,2025-01-22 10:35:50.215162,0 days 00:00:13.424861,0.9821923162969263,1.1527275966998516,0.4575248019811661,2,1,COMPLETE
6558,52.769999999999996,2025-01-22 10:35:48.463030,2025-01-22 10:36:02.049819,0 days 00:00:13.586789,0.9891948022389472,1.1300727894212617,0.4499020730807657,2,1,COMPLETE
6559,50.96000000000001,2025-01-22 10:35:50.868461,2025-01-22 10:36:05.934118,0 days 00:00:15.065657,0.6724590300259051,2.7446504292741967,0.39128188213469134,6,1,COMPLETE
6560,51.18000000000001,2025-01-22 10:36:02.196003,2025-01-22 10:36:17.548671,0 days 00:00:15.352668,0.7230660114262284,1.6108207055577588,0.5318197359191104,6,1,COMPLETE
6561,51.160000000000004,2025-01-22 10:36:06.105548,2025-01-22 10:36:21.612607,0 days 00:00:15.507059,1.8611047305933417,1.622331557163148,0.5507273150343763,7,1,COMPLETE
6562,48.66,2025-01-22 10:36:17.752131,2025-01-22 10:36:34.122555,0 days 00:00:16.370424,1.7941923075226225,0.003877029148333721,0.2630678848042545,8,1,COMPLETE
6563,50.8,2025-01-22 10:36:21.751153,2025-01-22 10:36:36.582329,0 days 00:00:14.831176,1.185280478322641,2.1109540658400356,0.26128793631404607,4,1,COMPLETE
6564,52.43,2025-01-22 10:36:34.284306,2025-01-22 10:36:48.956283,0 days 00:00:14.671977,1.1774976109014563,2.0102461716080944,0.37723862691688936,4,1,COMPLETE
6565,52.800000000000004,2025-01-22 10:36:36.997954,2025-01-22 10:36:50.978812,0 days 00:00:13.980858,0.8687423757411604,1.3142897303188164,0.3720386321654029,2,1,COMPLETE
6566,52.73,2025-01-22 10:36:49.117670,2025-01-22 10:37:02.921309,0 days 00:00:13.803639,0.8363980282804159,1.3220339352974362,0.428751766536138,2,1,COMPLETE
6567,52.78,2025-01-22 10:36:51.711671,2025-01-22 10:37:04.961434,0 days 00:00:13.249763,1.4135213178950594,1.3123447458151085,0.44696933192476396,2,1,COMPLETE
6568,51.05,2025-01-22 10:37:03.101431,2025-01-22 10:37:17.844406,0 days 00:00:14.742975,1.4725006259307942,0.9253036159070651,0.31543464193829057,4,1,COMPLETE
6569,50.59,2025-01-22 10:37:05.616506,2025-01-22 10:37:20.615907,0 days 00:00:14.999401,1.0824229890897734,1.1166016295777854,0.6286478910723355,5,1,COMPLETE
6570,49.88,2025-01-22 10:37:18.015633,2025-01-22 10:37:32.936235,0 days 00:00:14.920602,1.0144115969598433,1.8141764250180958,0.6402828749295492,6,1,COMPLETE
6571,0.5,2025-01-22 10:37:20.785500,2025-01-22 10:37:35.651460,0 days 00:00:14.865960,0.020937954634910792,1.800904452336757,0.5163360802173353,2,1,COMPLETE
6572,52.629999999999995,2025-01-22 10:37:33.114353,2025-01-22 10:37:46.513153,0 days 00:00:13.398800,1.219095136987147,1.525430605668446,0.4999062954992223,2,1,COMPLETE
6573,52.25,2025-01-22 10:37:36.093379,2025-01-22 10:37:50.184352,0 days 00:00:14.090973,1.2198921404571557,1.559282931807684,0.36787591071246456,4,1,COMPLETE
6574,51.970000000000006,2025-01-22 10:37:46.726091,2025-01-22 10:38:03.745890,0 days 00:00:17.019799,0.9038043144769194,1.1585972515887197,0.36358066881976464,9,2,COMPLETE
6575,51.38,2025-01-22 10:37:50.346344,2025-01-22 10:38:06.568918,0 days 00:00:16.222574,1.6475522720715654,2.3705526474640166,0.32216677068760075,8,2,COMPLETE
6576,52.17,2025-01-22 10:38:03.955167,2025-01-22 10:38:18.830962,0 days 00:00:14.875795,1.6894278043803446,2.498830422066301,0.4407805292334823,4,1,COMPLETE
6577,52.559999999999995,2025-01-22 10:38:06.917082,2025-01-22 10:38:21.465863,0 days 00:00:14.548781,1.0561252273637545,1.4008462269298172,0.42889453261694377,4,1,COMPLETE
6578,47.9,2025-01-22 10:38:19.005165,2025-01-22 10:38:34.633720,0 days 00:00:15.628555,3.647970337802426,1.4173106491579048,0.7483768775133509,6,1,COMPLETE
