number,value,datetime_start,datetime_complete,duration,params_gamma_1,params_gamma_2,params_lambda,params_n_clusters,params_n_neighbors,state
7115,52.33,2025-01-22 11:53:24.111020,2025-01-22 11:53:37.710559,0 days 00:00:13.599539,0.9355947751621513,1.4579956282957554,0.5200929871723013,2,1,COMPLETE
7116,52.78,2025-01-22 11:53:28.944279,2025-01-22 11:53:42.695684,0 days 00:00:13.751405,0.9075065091279901,1.3441168055525663,0.39125266177879325,2,1,COMPLETE
7117,52.16,2025-01-22 11:53:37.891541,2025-01-22 11:54:11.967756,0 days 00:00:34.076215,1.0110652133465523,1.4039454058320349,0.3833345182411057,53,4,COMPLETE
7118,52.080000000000005,2025-01-22 11:53:42.867645,2025-01-22 11:53:58.057514,0 days 00:00:15.189869,1.4854169101184516,1.8284464330279244,0.4409389619540448,6,1,COMPLETE
7119,49.88,2025-01-22 11:53:58.234480,2025-01-22 11:54:33.361668,0 days 00:00:35.127188,1.103492718488125,0.796659865369083,0.3327302733653236,51,37,COMPLETE
7120,51.78,2025-01-22 11:54:12.157501,2025-01-22 11:54:26.842214,0 days 00:00:14.684713,1.144749962349175,1.1041016456293946,0.3268022526139814,4,1,COMPLETE
7121,49.33,2025-01-22 11:54:27.001139,2025-01-22 11:54:43.089100,0 days 00:00:16.087961,0.7649134261644799,0.7691644368842763,0.6625652154356719,8,2,COMPLETE
7122,50.480000000000004,2025-01-22 11:54:33.797523,2025-01-22 11:54:49.822548,0 days 00:00:16.025025,1.7292248523840865,1.5632843524209539,0.6621757823115215,8,6,COMPLETE
7123,51.88,2025-01-22 11:54:43.271567,2025-01-22 11:54:58.558813,0 days 00:00:15.287246,1.7354486298887117,1.6396865896944877,0.44196705968043687,4,1,COMPLETE
7124,50.22,2025-01-22 11:54:50.007992,2025-01-22 11:55:04.690832,0 days 00:00:14.682840,3.435145446045545,2.192214609387925,0.45365143082964815,4,1,COMPLETE
7125,51.68000000000001,2025-01-22 11:54:58.769086,2025-01-22 11:55:12.566272,0 days 00:00:13.797186,1.372238704744737,2.150068683985267,0.28078354802336575,2,1,COMPLETE
7126,52.18000000000001,2025-01-22 11:55:04.859564,2025-01-22 11:55:18.485201,0 days 00:00:13.625637,1.4185998205293175,1.1709128169808418,0.547974671733343,2,1,COMPLETE
7127,51.690000000000005,2025-01-22 11:55:12.765116,2025-01-22 11:55:28.406383,0 days 00:00:15.641267,1.4172200750547332,1.1792680352187501,0.5302872922542369,6,1,COMPLETE
7128,51.300000000000004,2025-01-22 11:55:18.664672,2025-01-22 11:55:34.832561,0 days 00:00:16.167889,1.0231988821430678,3.547031095556257,0.3757182422135002,6,1,COMPLETE
7129,52.080000000000005,2025-01-22 11:55:28.724545,2025-01-22 11:55:46.275443,0 days 00:00:17.550898,0.9525348143705231,1.4807790876132954,0.38535002900968257,12,2,COMPLETE
7130,28.53,2025-01-22 11:55:35.017400,2025-01-22 11:55:50.386920,0 days 00:00:15.369520,0.6941113384355141,1.4111019446016042,2.4105894160219306,4,1,COMPLETE
7131,52.26,2025-01-22 11:55:46.479686,2025-01-22 11:56:01.019702,0 days 00:00:14.540016,1.198906849719813,0.9874327584617553,0.4638959580308904,4,1,COMPLETE
7132,52.949999999999996,2025-01-22 11:55:50.574167,2025-01-22 11:56:03.927541,0 days 00:00:13.353374,1.193016344003122,1.8776668154898044,0.4520101300621689,2,1,COMPLETE
7133,52.629999999999995,2025-01-22 11:56:01.208004,2025-01-22 11:56:14.801253,0 days 00:00:13.593249,0.8685374102937508,1.86733708841556,0.4233385365905438,2,1,COMPLETE
7134,0.5,2025-01-22 11:56:04.108250,2025-01-22 11:56:18.533532,0 days 00:00:14.425282,0.02653898821188327,1.7789971933083737,0.2897324831610109,2,1,COMPLETE
7135,51.839999999999996,2025-01-22 11:56:14.997957,2025-01-22 11:56:30.019677,0 days 00:00:15.021720,1.0175077233801355,1.225641609412564,0.33626405199842446,5,1,COMPLETE
7136,51.15,2025-01-22 11:56:18.715569,2025-01-22 11:56:33.318489,0 days 00:00:14.602920,2.075709028131869,1.2617772426751999,0.5461926719593878,5,1,COMPLETE
7137,50.690000000000005,2025-01-22 11:56:30.225771,2025-01-22 11:56:45.827035,0 days 00:00:15.601264,0.7975773363838293,0.9178290590098619,0.5833777745172475,6,1,COMPLETE
7138,50.57000000000001,2025-01-22 11:56:33.498246,2025-01-22 11:56:50.134459,0 days 00:00:16.636213,0.785409439737988,0.0031898069607892154,0.37449601127695187,10,2,COMPLETE
7139,51.300000000000004,2025-01-22 11:56:46.057421,2025-01-22 11:57:03.784327,0 days 00:00:17.726906,1.5495854885946043,1.5002129208355426,0.3849225604316512,10,9,COMPLETE
7140,47.71,2025-01-22 11:56:50.328528,2025-01-22 11:57:09.578870,0 days 00:00:19.250342,1.5316670883033774,1.574410563860687,0.8019227258921399,17,2,COMPLETE
7141,52.05,2025-01-22 11:57:03.968429,2025-01-22 11:57:19.133217,0 days 00:00:15.164788,1.2352068335990216,1.0676576699083946,0.4937389723822962,4,1,COMPLETE
7142,52.019999999999996,2025-01-22 11:57:09.761211,2025-01-22 11:57:24.274494,0 days 00:00:14.513283,1.196543001743711,1.0618853891701725,0.49975632184119856,4,1,COMPLETE
7143,0.5,2025-01-22 11:57:19.488071,2025-01-22 11:57:34.000675,0 days 00:00:14.512604,0.0392876389239766,1.312755222794485,0.32944813215645596,2,1,COMPLETE
7144,51.519999999999996,2025-01-22 11:57:24.432588,2025-01-22 11:57:38.538952,0 days 00:00:14.106364,0.9608335853587654,2.428451763579343,0.3161596722190824,2,1,COMPLETE
7145,51.31,2025-01-22 11:57:34.273964,2025-01-22 11:57:48.108087,0 days 00:00:13.834123,0.6400734302820655,2.4370126297663814,0.43397838297733976,2,1,COMPLETE
7146,49.39,2025-01-22 11:57:38.690802,2025-01-22 11:57:54.422503,0 days 00:00:15.731701,0.3372549956648579,1.5618310837076392,0.41437723858163816,7,1,COMPLETE
7147,49.559999999999995,2025-01-22 11:57:48.608780,2025-01-22 11:58:04.432373,0 days 00:00:15.823593,1.0936738987523238,0.11089948254946586,0.2641450895609982,7,1,COMPLETE
7148,50.86000000000001,2025-01-22 11:57:54.599208,2025-01-22 11:58:09.392629,0 days 00:00:14.793421,1.076850801145733,1.3847058929095502,0.2569066283190072,4,1,COMPLETE
7149,29.470000000000002,2025-01-22 11:58:04.904052,2025-01-22 11:58:19.849694,0 days 00:00:14.945642,1.327935805215532,1.8803145231054603,0.026411178444578867,4,1,COMPLETE
7150,50.449999999999996,2025-01-22 11:58:09.753409,2025-01-22 11:58:24.482793,0 days 00:00:14.729384,1.3156205093195785,1.9537591616621466,0.6471184723611555,4,1,COMPLETE
7151,47.61,2025-01-22 11:58:20.179311,2025-01-22 11:58:34.249885,0 days 00:00:14.070574,1.8924389558326908,0.889960863396176,0.18239990896089747,2,1,COMPLETE
7152,51.94,2025-01-22 11:58:24.666507,2025-01-22 11:58:37.952237,0 days 00:00:13.285730,1.8414192576209107,1.1475972339110798,0.5511588288421536,2,1,COMPLETE
7153,51.4,2025-01-22 11:58:34.437091,2025-01-22 11:58:49.635349,0 days 00:00:15.198258,0.8842344949361561,1.1968951777798167,0.5556009668487337,5,1,COMPLETE
7154,52.25,2025-01-22 11:58:38.131077,2025-01-22 11:58:53.164239,0 days 00:00:15.033162,0.880690581894379,1.6943311379651302,0.37439726952629804,6,1,COMPLETE
7155,49.97,2025-01-22 11:58:49.828986,2025-01-22 11:59:05.428074,0 days 00:00:15.599088,1.531332980874805,0.02682048112455034,0.37299673745197026,6,1,COMPLETE
7156,52.64,2025-01-22 11:58:53.351097,2025-01-22 11:59:06.980101,0 days 00:00:13.629004,1.4982075677221411,1.4117474725942178,0.44247745683993944,2,1,COMPLETE
7157,52.949999999999996,2025-01-22 11:59:05.625455,2025-01-22 11:59:18.833441,0 days 00:00:13.207986,1.0648027779832714,1.3372367618295418,0.4601551709625451,2,1,COMPLETE
7158,52.32,2025-01-22 11:59:07.183774,2025-01-22 11:59:22.701251,0 days 00:00:15.517477,1.0946179562370155,1.625542160320599,0.4729330467778688,4,1,COMPLETE
7159,46.949999999999996,2025-01-22 11:59:19.015135,2025-01-22 11:59:35.390990,0 days 00:00:16.375855,0.19191092905601279,0.07194635643504547,0.3215757010375758,8,1,COMPLETE
7160,51.449999999999996,2025-01-22 11:59:23.021399,2025-01-22 11:59:39.427061,0 days 00:00:16.405662,1.2593056812457932,1.0182764574692045,0.3094509510517465,8,1,COMPLETE
7161,51.470000000000006,2025-01-22 11:59:35.572846,2025-01-22 11:59:59.428626,0 days 00:00:23.855780,0.7165873795848948,0.946801929389083,0.38955815397557053,28,18,COMPLETE
7162,52.0,2025-01-22 11:59:39.646211,2025-01-22 11:59:54.209503,0 days 00:00:14.563292,0.7959371814342922,2.1444977964121983,0.4028157490625703,4,1,COMPLETE
7163,49.78,2025-01-22 11:59:54.424787,2025-01-22 12:00:08.024150,0 days 00:00:13.599363,0.6193065361912281,1.6514875542235083,0.5876641162864132,2,1,COMPLETE
7164,0.48,2025-01-22 11:59:59.615088,2025-01-22 12:00:13.807920,0 days 00:00:14.192832,0.05484819066569996,1.6609626348895312,0.7415473857417187,2,1,COMPLETE
7165,48.69,2025-01-22 12:00:08.207963,2025-01-22 12:00:23.231280,0 days 00:00:15.023317,0.957448726440783,3.162013425639174,0.6778119943365499,4,1,COMPLETE
7166,52.190000000000005,2025-01-22 12:00:13.981160,2025-01-22 12:00:28.896912,0 days 00:00:14.915752,0.971644093681576,1.2159602779564656,0.5090756653137072,5,1,COMPLETE
7167,51.93,2025-01-22 12:00:23.678555,2025-01-22 12:00:39.050103,0 days 00:00:15.371548,1.3075168252956073,1.2333344442559695,0.5082977301847185,6,1,COMPLETE
7168,51.910000000000004,2025-01-22 12:00:29.097807,2025-01-22 12:00:44.608420,0 days 00:00:15.510613,1.294299876694031,1.4060038094343046,0.35162324406259593,6,1,COMPLETE
7169,51.68000000000001,2025-01-22 12:00:39.414655,2025-01-22 12:00:53.850286,0 days 00:00:14.435631,1.619146097522994,1.3867685708754545,0.34919436732665227,4,1,COMPLETE
7170,50.05,2025-01-22 12:00:44.778580,2025-01-22 12:00:59.462747,0 days 00:00:14.684167,1.563417382921601,0.03772944013696939,0.430679862890319,4,1,COMPLETE
7171,52.959999999999994,2025-01-22 12:00:54.280439,2025-01-22 12:01:08.176381,0 days 00:00:13.895942,1.1470334258663317,1.9063097451130215,0.4305515224014073,2,1,COMPLETE
7172,49.91,2025-01-22 12:01:00.065898,2025-01-22 12:01:13.890793,0 days 00:00:13.824895,1.070305627828456,0.19694702842309514,0.27405402677882507,2,1,COMPLETE
7173,50.94,2025-01-22 12:01:08.377794,2025-01-22 12:01:23.358984,0 days 00:00:14.981190,0.9064731787602398,1.0766755680925888,0.2746156350074564,2,1,COMPLETE
7174,50.690000000000005,2025-01-22 12:01:14.133289,2025-01-22 12:01:28.599312,0 days 00:00:14.466023,0.8349468002332016,1.051220518160345,0.595521616662266,4,1,COMPLETE
7175,40.12,2025-01-22 12:01:23.602330,2025-01-22 12:01:38.202438,0 days 00:00:14.600108,0.07887743777659238,0.7675774109570573,0.6150152048862677,4,1,COMPLETE
7176,0.5,2025-01-22 12:01:28.814190,2025-01-22 12:01:45.589466,0 days 00:00:16.775276,0.004577931562993324,0.8225438069278874,0.4722175633119218,6,1,COMPLETE
7177,41.64,2025-01-22 12:01:38.478793,2025-01-22 12:01:55.002838,0 days 00:00:16.524045,1.3635162091704767,1.5306618205485671,0.09930400373438297,8,1,COMPLETE
7178,52.72,2025-01-22 12:01:45.744294,2025-01-22 12:01:59.096438,0 days 00:00:13.352144,1.2622272076032297,2.1122633270783937,0.37849709628027417,2,1,COMPLETE
7179,52.410000000000004,2025-01-22 12:01:55.324567,2025-01-22 12:02:08.655991,0 days 00:00:13.331424,1.1472204284406333,2.0668579402050478,0.3455214726799257,2,1,COMPLETE
7180,51.59,2025-01-22 12:01:59.266687,2025-01-22 12:02:13.747044,0 days 00:00:14.480357,1.9548254768350752,1.7705173117730952,0.511026601836367,4,1,COMPLETE
7181,51.62,2025-01-22 12:02:08.807989,2025-01-22 12:02:23.602846,0 days 00:00:14.794857,1.8958261683450999,1.7454933225494482,0.512061976628424,4,1,COMPLETE
7182,52.449999999999996,2025-01-22 12:02:13.949919,2025-01-22 12:02:29.065523,0 days 00:00:15.115604,1.0052085005302986,1.4002398794653783,0.40290615636096816,6,1,COMPLETE
7183,0.5,2025-01-22 12:02:23.823089,2025-01-22 12:02:40.336823,0 days 00:00:16.513734,0.011949886413423467,1.3125537104366252,0.42093023418747627,6,1,COMPLETE
7184,52.080000000000005,2025-01-22 12:02:29.257814,2025-01-22 12:02:43.192669,0 days 00:00:13.934855,0.7845012151916639,2.475079955830687,0.4363735162359491,2,1,COMPLETE
7185,51.580000000000005,2025-01-22 12:02:40.508947,2025-01-22 12:02:53.895272,0 days 00:00:13.386325,0.7169285798104452,1.1039405411773733,0.3124068939258892,2,1,COMPLETE
7186,51.83,2025-01-22 12:02:54.234505,2025-01-22 12:03:08.013468,0 days 00:00:13.778963,1.410872105086955,1.4291391309592887,0.35302598908439464,4,1,COMPLETE
7187,51.81,2025-01-22 12:03:08.208302,2025-01-22 12:03:24.240565,0 days 00:00:16.032263,1.0625725781537074,1.2153599746975348,0.5314269424510989,9,2,COMPLETE
7188,52.26,2025-01-22 12:03:24.404607,2025-01-22 12:03:38.676647,0 days 00:00:14.272040,0.9134165256356037,1.58726385558176,0.45935008777206376,4,1,COMPLETE
7189,49.94,2025-01-22 12:03:38.873889,2025-01-22 12:03:53.503902,0 days 00:00:14.630013,1.6645474623306564,0.05119603243849762,0.38109051147934314,6,1,COMPLETE
7190,51.32,2025-01-22 12:03:53.701125,2025-01-22 12:04:06.955338,0 days 00:00:13.254213,1.295531210699285,1.00477233345374,0.28974964430500794,2,1,COMPLETE
7191,48.06,2025-01-22 12:04:07.316721,2025-01-22 12:04:21.683922,0 days 00:00:14.367201,5.84030616618475,1.7794697394393046,0.6059614106564559,4,1,COMPLETE
7192,52.790000000000006,2025-01-22 12:04:21.892625,2025-01-22 12:04:35.111691,0 days 00:00:13.219066,1.1550593152552062,0.9188300866934964,0.4670723474272005,2,1,COMPLETE
7193,42.96,2025-01-22 12:04:35.303191,2025-01-22 12:04:51.207694,0 days 00:00:15.904503,0.5829069833282997,1.1808981094698263,0.8984786787123237,8,7,COMPLETE
7194,49.41,2025-01-22 12:04:51.371972,2025-01-22 12:05:05.124404,0 days 00:00:13.752432,0.9693660028864964,1.5440594669940935,0.22445883488967788,4,1,COMPLETE
7195,51.65,2025-01-22 12:05:05.337821,2025-01-22 12:05:20.194271,0 days 00:00:14.856450,1.4937463946412484,2.1741568288512414,0.33892693484122455,6,1,COMPLETE
7196,48.51,2025-01-22 12:05:20.396848,2025-01-22 12:05:33.475567,0 days 00:00:13.078719,1.1111537886700018,1.3191352511117727,0.7495299619108875,2,1,COMPLETE
7197,52.370000000000005,2025-01-22 12:05:33.665626,2025-01-22 12:05:47.594467,0 days 00:00:13.928841,0.8719373382872146,1.8759078199008943,0.3907578281352291,4,1,COMPLETE
7198,52.01,2025-01-22 12:05:47.795523,2025-01-22 12:06:01.261377,0 days 00:00:13.465854,1.3744920802069374,2.89627222130013,0.5422379868793192,2,1,COMPLETE
7199,52.290000000000006,2025-01-22 12:06:01.457026,2025-01-22 12:06:15.934936,0 days 00:00:14.477910,1.1471274934963382,1.5145272606880844,0.45881010043922027,6,1,COMPLETE
7200,49.2,2025-01-22 12:06:16.293041,2025-01-22 12:06:52.125967,0 days 00:00:35.832926,1.7710324169968843,0.6764495339842805,0.3113968250308782,56,33,COMPLETE
7201,52.43,2025-01-22 12:06:52.332322,2025-01-22 12:07:06.166692,0 days 00:00:13.834370,0.7655612136769185,1.113672774801902,0.403355280180515,4,1,COMPLETE
7202,35.25,2025-01-22 12:07:06.366039,2025-01-22 12:07:19.415707,0 days 00:00:13.049668,2.206063570529553,4.985501966286869,0.0629688319197273,2,1,COMPLETE
7203,49.43,2025-01-22 12:07:19.600708,2025-01-22 12:07:34.456336,0 days 00:00:14.855628,0.9642185993457398,1.2899755606167274,0.6677253867221142,6,1,COMPLETE
7204,51.61,2025-01-22 12:07:34.634747,2025-01-22 12:07:48.334072,0 days 00:00:13.699325,1.248088371220307,0.8799678054266484,0.5467905980149596,4,1,COMPLETE
7205,32.31,2025-01-22 12:07:48.675784,2025-01-22 12:08:20.224656,0 days 00:00:31.548872,1.5076933922720774,1.5879771376947034,1.9293956836341495,44,3,COMPLETE
7206,0.5,2025-01-22 12:08:20.410507,2025-01-22 12:08:37.071466,0 days 00:00:16.660959,0.001969302228917992,2.008059727633984,0.3438765082108426,8,5,COMPLETE
7207,52.94,2025-01-22 12:08:37.254856,2025-01-22 12:08:50.281622,0 days 00:00:13.026766,0.9739160541382808,1.380135425600681,0.44716797325349755,2,1,COMPLETE
7208,52.43,2025-01-22 12:08:50.457439,2025-01-22 12:09:04.598410,0 days 00:00:14.140971,1.1842706449727605,1.7257787282846817,0.39192955220177067,4,1,COMPLETE
7209,51.93,2025-01-22 12:09:04.806677,2025-01-22 12:09:17.688237,0 days 00:00:12.881560,0.6782705203311151,1.0905034513322194,0.4910832224473402,2,1,COMPLETE
7210,51.339999999999996,2025-01-22 12:09:18.024108,2025-01-22 12:09:32.499987,0 days 00:00:14.475879,1.386829303427809,2.5946854666187233,0.3035038991185402,6,1,COMPLETE
7211,52.53,2025-01-22 12:09:32.682918,2025-01-22 12:09:46.878188,0 days 00:00:14.195270,1.0320109182087744,1.2663027113238614,0.3954227120543273,4,1,COMPLETE
7212,51.66,2025-01-22 12:09:47.067930,2025-01-22 12:10:00.338648,0 days 00:00:13.270718,0.8408997931302847,1.5698891057681745,0.534462772326149,2,1,COMPLETE
7213,49.28,2025-01-22 12:10:00.542788,2025-01-22 12:10:14.635530,0 days 00:00:14.092742,1.6754964031582253,0.0049707316159450805,0.34650504331870086,5,1,COMPLETE
7214,0.5,2025-01-22 12:10:14.807377,2025-01-22 12:10:31.194028,0 days 00:00:16.386651,0.019411888315093984,0.9456805542429808,0.23674092168905658,8,2,COMPLETE
7215,51.019999999999996,2025-01-22 12:10:31.348624,2025-01-22 12:10:44.140457,0 days 00:00:12.791833,1.2486882081626909,1.9727131765396357,0.6196023602864824,2,1,COMPLETE
7216,52.459999999999994,2025-01-22 12:10:44.330681,2025-01-22 12:10:58.572232,0 days 00:00:14.241551,1.0650054806974238,1.1843746349134976,0.43491474987409423,4,1,COMPLETE
7217,0.49,2025-01-22 12:10:58.750203,2025-01-22 12:11:16.020664,0 days 00:00:17.270461,0.006005022298829871,1.4121834592822478,0.4759726591470044,10,7,COMPLETE
7218,49.84,2025-01-22 12:11:16.230953,2025-01-22 12:11:30.915645,0 days 00:00:14.684692,2.7979181785102325,1.6317235633338898,0.2890153569500833,6,1,COMPLETE
7219,52.39,2025-01-22 12:11:31.096559,2025-01-22 12:11:44.228387,0 days 00:00:13.131828,0.8540929502736259,1.1841123949854957,0.3486271750527781,2,1,COMPLETE
7220,52.290000000000006,2025-01-22 12:11:44.415878,2025-01-22 12:11:58.238796,0 days 00:00:13.822918,1.5191422070382508,2.2551474104053835,0.40586796148242554,4,1,COMPLETE
7221,52.38,2025-01-22 12:11:58.453528,2025-01-22 12:12:11.420206,0 days 00:00:12.966678,1.2153856965787089,1.7818931235377489,0.538494934961159,2,1,COMPLETE
7222,52.290000000000006,2025-01-22 12:12:11.624072,2025-01-22 12:12:25.590579,0 days 00:00:13.966507,0.9831316175285574,1.4608077584419041,0.4537752539639141,4,1,COMPLETE
7223,50.55,2025-01-22 12:12:25.755943,2025-01-22 12:12:40.793185,0 days 00:00:15.037242,1.367539450266859,0.9718060145657522,0.6311336710883286,7,1,COMPLETE
7224,52.370000000000005,2025-01-22 12:12:41.141444,2025-01-22 12:12:54.889542,0 days 00:00:13.748098,0.7978073165420181,1.2530660806184206,0.37202553901964336,4,1,COMPLETE
7225,51.300000000000004,2025-01-22 12:12:55.078384,2025-01-22 12:13:07.937484,0 days 00:00:12.859100,0.5542678563518917,1.8030540102760246,0.4880683787684625,2,1,COMPLETE
7226,50.92,2025-01-22 12:13:08.125473,2025-01-22 12:13:22.922727,0 days 00:00:14.797254,1.6597926274124517,0.8395508758422074,0.3230063592312246,6,1,COMPLETE
7227,52.54,2025-01-22 12:13:23.095552,2025-01-22 12:13:37.067986,0 days 00:00:13.972434,1.1302435133269506,1.4524016175787944,0.40306408371923413,4,1,COMPLETE
7228,51.51,2025-01-22 12:13:37.264405,2025-01-22 12:13:50.256588,0 days 00:00:12.992183,0.7156987044702472,1.115997021152847,0.5339473141268395,2,1,COMPLETE
7229,50.68,2025-01-22 12:13:50.603820,2025-01-22 12:14:04.927131,0 days 00:00:14.323311,0.9430109831522617,1.9884164157692505,0.27251780672680903,5,1,COMPLETE
7230,51.980000000000004,2025-01-22 12:14:05.103625,2025-01-22 12:14:18.263017,0 days 00:00:13.159392,2.1757202322532527,2.3454588814470427,0.425770162677259,2,1,COMPLETE
7231,51.690000000000005,2025-01-22 12:14:18.465286,2025-01-22 12:14:33.693210,0 days 00:00:15.227924,1.3197968110245493,1.3632517915418634,0.35208223940574296,8,2,COMPLETE
7232,49.519999999999996,2025-01-22 12:14:33.910325,2025-01-22 12:14:47.796887,0 days 00:00:13.886562,1.1133791131594724,1.6329662069440907,0.6852956763193822,4,1,COMPLETE
7233,52.0,2025-01-22 12:14:47.976075,2025-01-22 12:15:02.612732,0 days 00:00:14.636657,1.480403230227136,1.0350924379596935,0.47683774782079613,6,1,COMPLETE
7234,52.76,2025-01-22 12:15:03.184910,2025-01-22 12:15:16.345149,0 days 00:00:13.160239,0.8507920888418059,1.376644167025336,0.3939099846045628,2,1,COMPLETE
7235,51.24999999999999,2025-01-22 12:15:16.589781,2025-01-22 12:15:30.933275,0 days 00:00:14.343494,1.7853211519338543,1.178001981375507,0.5683888374431342,4,1,COMPLETE
7236,51.31,2025-01-22 12:15:31.120094,2025-01-22 12:15:44.428360,0 days 00:00:13.308266,1.0738030724036525,0.5007578902836562,0.3099829350145402,2,1,COMPLETE
7237,51.949999999999996,2025-01-22 12:15:44.604616,2025-01-22 12:15:59.159162,0 days 00:00:14.554546,1.2757173135845814,0.7170078890195085,0.46290007502592156,6,1,COMPLETE
7238,52.28,2025-01-22 12:15:59.368428,2025-01-22 12:16:13.467688,0 days 00:00:14.099260,0.9468693276400646,1.699769258973673,0.36549021700331136,4,1,COMPLETE
7239,49.94,2025-01-22 12:16:13.671712,2025-01-22 12:16:26.723797,0 days 00:00:13.052085,0.6698325068687763,2.0457099288458664,0.586572474653652,2,1,COMPLETE
7240,52.449999999999996,2025-01-22 12:16:26.895117,2025-01-22 12:16:40.690630,0 days 00:00:13.795513,1.1580330844581423,1.5066150892677035,0.43424882100257783,4,1,COMPLETE
7241,47.48,2025-01-22 12:16:41.085858,2025-01-22 12:16:56.497522,0 days 00:00:15.411664,1.4547070066294783,0.9374975455143648,0.7967365950993599,7,1,COMPLETE
7242,50.46000000000001,2025-01-22 12:16:56.687735,2025-01-22 12:17:09.633928,0 days 00:00:12.946193,0.9050135061389327,1.2367410185988916,0.2482231245197307,2,1,COMPLETE
7243,52.23,2025-01-22 12:17:09.807540,2025-01-22 12:17:24.408520,0 days 00:00:14.600980,1.2302160043915806,1.7892414721443253,0.48859414168318677,5,1,COMPLETE
7244,50.68,2025-01-22 12:17:24.598814,2025-01-22 12:17:41.768647,0 days 00:00:17.169833,1.6406413046453074,2.597741930129541,0.3363941526086177,13,11,COMPLETE
7245,28.57,2025-01-22 12:17:41.998044,2025-01-22 12:17:57.971725,0 days 00:00:15.973681,1.0587968024889745,1.080491619525322,0.022000032079562505,9,2,COMPLETE
7246,52.42,2025-01-22 12:17:58.171245,2025-01-22 12:18:12.290437,0 days 00:00:14.119192,0.7711700267648971,1.4650541788901403,0.3975364533293624,4,1,COMPLETE
7247,52.38,2025-01-22 12:18:12.438417,2025-01-22 12:18:25.432614,0 days 00:00:12.994197,1.3746058452528,1.3096358955632446,0.5434513902314796,2,1,COMPLETE
7248,51.53,2025-01-22 12:18:25.849070,2025-01-22 12:19:18.199615,0 days 00:00:52.350545,1.0132873169195686,1.7034679419931484,0.29163718017855844,86,4,COMPLETE
