number,value,datetime_start,datetime_complete,duration,params_gamma_1,params_gamma_2,params_lambda,params_n_clusters,params_n_neighbors,state
4030,51.65,2025-01-22 04:48:24.462364,2025-01-22 04:48:39.222750,0 days 00:00:14.760386,1.0714360120787259,1.9790128501519226,0.5250270807062524,6,1,COMPLETE
4031,52.38,2025-01-22 04:48:25.361569,2025-01-22 04:48:39.435227,0 days 00:00:14.073658,0.9495641572675123,1.283380883050302,0.5208677398296502,2,1,COMPLETE
4032,52.76,2025-01-22 04:48:39.391253,2025-01-22 04:48:53.334928,0 days 00:00:13.943675,0.9060277405109366,1.284008995252585,0.3837163476767947,2,1,COMPLETE
4033,52.580000000000005,2025-01-22 04:48:39.600573,2025-01-22 04:48:53.200615,0 days 00:00:13.600042,1.4488456035169006,1.5771894238019564,0.38283095024898334,2,1,COMPLETE
4034,52.11,2025-01-22 04:48:53.378965,2025-01-22 04:49:09.680827,0 days 00:00:16.301862,1.3260613046239917,1.6147611331345184,0.45501277044162863,8,1,COMPLETE
4035,52.18000000000001,2025-01-22 04:48:53.530966,2025-01-22 04:49:10.063029,0 days 00:00:16.532063,1.3163536943044563,1.788511719448218,0.4495630580264307,9,2,COMPLETE
4036,51.870000000000005,2025-01-22 04:49:09.804479,2025-01-22 04:49:24.568624,0 days 00:00:14.764145,0.790743221278871,1.851108635624305,0.34735778984290727,4,1,COMPLETE
4037,52.11,2025-01-22 04:49:10.231437,2025-01-22 04:49:24.723744,0 days 00:00:14.492307,0.8136821298945204,1.4544182345531713,0.35592417254436914,4,1,COMPLETE
4038,50.54,2025-01-22 04:49:24.703694,2025-01-22 04:49:40.718386,0 days 00:00:16.014692,1.1036694830194647,2.2486676107093313,0.6128696618446162,6,1,COMPLETE
4039,50.760000000000005,2025-01-22 04:49:24.857244,2025-01-22 04:49:40.345502,0 days 00:00:15.488258,1.912670220676231,2.2623745539446585,0.5990203785022917,6,1,COMPLETE
4040,51.22,2025-01-22 04:49:40.664797,2025-01-22 04:49:54.963356,0 days 00:00:14.298559,1.072650786761392,1.2339935445518628,0.27192063224539376,2,1,COMPLETE
4041,49.059999999999995,2025-01-22 04:49:40.892127,2025-01-22 04:49:54.864702,0 days 00:00:13.972575,0.27460494348824754,1.1869451069442631,0.41003458008242966,2,1,COMPLETE
4042,49.1,2025-01-22 04:49:55.034795,2025-01-22 04:50:09.647240,0 days 00:00:14.612445,1.5484404378112993,1.4610136609663225,0.20277212402591174,4,1,COMPLETE
4043,50.41,2025-01-22 04:49:55.157249,2025-01-22 04:50:09.610536,0 days 00:00:14.453287,0.4506173398048526,1.5098223672899787,0.5053246391614549,4,1,COMPLETE
4044,52.949999999999996,2025-01-22 04:50:09.775786,2025-01-22 04:50:23.679054,0 days 00:00:13.903268,1.219681096020947,1.811426689824243,0.4311007957253435,2,1,COMPLETE
4045,52.94,2025-01-22 04:50:09.859420,2025-01-22 04:50:23.524597,0 days 00:00:13.665177,1.224554401053676,1.7504420727302574,0.4291269109227082,2,1,COMPLETE
4046,50.77,2025-01-22 04:50:23.721945,2025-01-22 04:50:41.155369,0 days 00:00:17.433424,1.9738876532653022,2.3024693376933008,0.31586409596703313,10,2,COMPLETE
4047,50.88,2025-01-22 04:50:23.875131,2025-01-22 04:50:40.630537,0 days 00:00:16.755406,2.0103680650281297,2.3483331655066753,0.30720530694294185,9,1,COMPLETE
4048,50.239999999999995,2025-01-22 04:50:40.790092,2025-01-22 04:50:57.615984,0 days 00:00:16.825892,1.8330148430646986,2.460008080135296,0.24870382959251205,11,10,COMPLETE
4049,51.190000000000005,2025-01-22 04:50:41.296814,2025-01-22 04:50:57.109067,0 days 00:00:15.812253,1.8203440146568934,2.6185689686745617,0.35058360522213977,7,1,COMPLETE
4050,50.39,2025-01-22 04:50:57.268776,2025-01-22 04:51:12.629361,0 days 00:00:15.360585,1.7948752484168056,2.4932019469404545,0.25954996258903,6,1,COMPLETE
4051,50.71,2025-01-22 04:50:57.759527,2025-01-22 04:51:13.030701,0 days 00:00:15.271174,1.6520116803608098,2.8007429935366277,0.2740056648787112,6,1,COMPLETE
4052,51.01,2025-01-22 04:51:12.776660,2025-01-22 04:51:28.655078,0 days 00:00:15.878418,2.2191091121610054,2.3256885376569385,0.3797546022350741,7,1,COMPLETE
4053,51.62,2025-01-22 04:51:13.172320,2025-01-22 04:51:29.636386,0 days 00:00:16.464066,1.573637525106109,2.70781922018307,0.35025805316994635,8,1,COMPLETE
4054,51.42,2025-01-22 04:51:28.799597,2025-01-22 04:51:43.957296,0 days 00:00:15.157699,1.5763116985225822,1.9050993404621535,0.33509961034796226,5,1,COMPLETE
4055,51.93,2025-01-22 04:51:29.779903,2025-01-22 04:51:45.295397,0 days 00:00:15.515494,1.543045959842514,2.774136077508818,0.41321097221909486,5,1,COMPLETE
4056,0.5,2025-01-22 04:51:44.120646,2025-01-22 04:52:00.213110,0 days 00:00:16.092464,0.00174117033504145,2.7295800562784693,0.4158248512634139,5,1,COMPLETE
4057,52.04,2025-01-22 04:51:45.455064,2025-01-22 04:52:00.710802,0 days 00:00:15.255738,1.7774323093262938,2.0325691938375976,0.4108295385126463,4,1,COMPLETE
4058,51.5,2025-01-22 04:52:00.359071,2025-01-22 04:52:14.891439,0 days 00:00:14.532368,1.753943922900674,2.319232396222523,0.33034572681745045,4,1,COMPLETE
4059,52.019999999999996,2025-01-22 04:52:00.879936,2025-01-22 04:52:15.418354,0 days 00:00:14.538418,1.5052572439442302,2.200668859016403,0.3721592955881798,4,1,COMPLETE
4060,51.870000000000005,2025-01-22 04:52:15.048713,2025-01-22 04:52:31.179073,0 days 00:00:16.130360,1.4364385467202812,2.5028714256148983,0.4576111883850704,7,1,COMPLETE
4061,51.959999999999994,2025-01-22 04:52:15.594316,2025-01-22 04:52:31.178195,0 days 00:00:15.583879,1.3510926653638304,2.0077528356990317,0.44390073730907675,7,1,COMPLETE
4062,50.2,2025-01-22 04:52:31.317266,2025-01-22 04:52:46.217352,0 days 00:00:14.900086,2.4549322922568497,2.0979370235732553,0.2905081499218884,4,1,COMPLETE
4063,51.57000000000001,2025-01-22 04:52:31.317151,2025-01-22 04:52:45.944734,0 days 00:00:14.627583,1.3818051085276417,1.8760808847242594,0.29937391158396115,4,1,COMPLETE
4064,52.68000000000001,2025-01-22 04:52:46.114694,2025-01-22 04:52:59.937277,0 days 00:00:13.822583,1.5141952692198102,2.1567343259037677,0.3841232055064251,2,1,COMPLETE
4065,52.1,2025-01-22 04:52:46.379369,2025-01-22 04:52:59.868859,0 days 00:00:13.489490,2.012543509083633,2.0948402576417116,0.5103401548643068,2,1,COMPLETE
4066,51.790000000000006,2025-01-22 04:53:00.028964,2025-01-22 04:53:15.203369,0 days 00:00:15.174405,1.411582400186384,2.6889148718076856,0.34235638025430104,6,1,COMPLETE
4067,51.81,2025-01-22 04:53:00.120536,2025-01-22 04:53:15.549490,0 days 00:00:15.428954,1.3701851791361612,2.6994524613048707,0.3362446842199008,6,1,COMPLETE
4068,52.019999999999996,2025-01-22 04:53:15.386155,2025-01-22 04:53:30.471817,0 days 00:00:15.085662,1.7426530219090592,1.9077630854258085,0.4443336516606447,4,1,COMPLETE
4069,51.94,2025-01-22 04:53:15.720243,2025-01-22 04:53:30.470633,0 days 00:00:14.750390,1.7877755566858147,1.8909274215159706,0.44590390998656576,4,1,COMPLETE
4070,50.73,2025-01-22 04:53:30.612602,2025-01-22 04:53:44.515091,0 days 00:00:13.902489,1.3276166077590406,0.12341882702957309,0.5086731620609973,2,1,COMPLETE
4071,50.27,2025-01-22 04:53:30.641190,2025-01-22 04:53:44.109232,0 days 00:00:13.468042,1.3583043847512415,0.010671632026024124,0.5337644203532881,2,1,COMPLETE
4072,50.79,2025-01-22 04:53:44.246332,2025-01-22 04:53:59.372459,0 days 00:00:15.126127,1.2879425499094983,0.1307019018197635,0.38800286597404926,2,1,COMPLETE
4073,40.12,2025-01-22 04:53:44.645663,2025-01-22 04:53:59.738445,0 days 00:00:15.092782,1.580893190779529,1.8960593917365374,0.08372235131973715,4,1,COMPLETE
4074,51.29,2025-01-22 04:53:59.519425,2025-01-22 04:54:14.781426,0 days 00:00:15.262001,2.1237784058889764,1.849517902715701,0.4007768871682427,5,1,COMPLETE
4075,51.54,2025-01-22 04:53:59.960688,2025-01-22 04:54:17.397857,0 days 00:00:17.437169,2.0634230918955643,2.2389785386855725,0.38677866843718756,9,2,COMPLETE
4076,50.55,2025-01-22 04:54:14.923216,2025-01-22 04:54:31.279804,0 days 00:00:16.356588,1.225083241101864,2.26045168057965,0.2600686833242543,9,2,COMPLETE
4077,48.94,2025-01-22 04:54:17.587030,2025-01-22 04:54:33.723363,0 days 00:00:16.136333,3.1509362006801074,1.7071870738111778,0.2757139967025072,8,1,COMPLETE
4078,52.56999999999999,2025-01-22 04:54:31.397724,2025-01-22 04:54:45.122046,0 days 00:00:13.724322,1.582294323377413,1.7301518427653855,0.4712545855524098,2,1,COMPLETE
4079,52.59,2025-01-22 04:54:33.993176,2025-01-22 04:54:48.690338,0 days 00:00:14.697162,1.459282608530145,1.7850774379745817,0.474810715734487,2,1,COMPLETE
4080,51.43,2025-01-22 04:54:45.278522,2025-01-22 04:55:00.251757,0 days 00:00:14.973235,1.2380491276586416,1.6956088105300227,0.5648963494959425,6,1,COMPLETE
4081,44.05,2025-01-22 04:54:48.843298,2025-01-22 04:55:03.866802,0 days 00:00:15.023504,1.2110360598020709,2.8955936280815244,0.1448862143539297,6,1,COMPLETE
4082,52.09,2025-01-22 04:55:00.414106,2025-01-22 04:55:14.702411,0 days 00:00:14.288305,1.2213300802535927,2.1026735494633737,0.3350581552955687,4,1,COMPLETE
4083,51.49,2025-01-22 04:55:04.022695,2025-01-22 04:55:39.092998,0 days 00:00:35.070303,1.671301680264961,2.2211392990110754,0.30322151433693506,55,3,COMPLETE
4084,52.080000000000005,2025-01-22 04:55:14.851476,2025-01-22 04:55:29.443578,0 days 00:00:14.592102,1.4712253746067103,1.6825122109304835,0.39190905161842243,4,1,COMPLETE
4085,51.74999999999999,2025-01-22 04:55:29.726488,2025-01-22 04:55:42.832358,0 days 00:00:13.105870,1.7206613770293513,2.447669036201546,0.3200346555879661,2,1,COMPLETE
4086,52.55,2025-01-22 04:55:39.260265,2025-01-22 04:55:53.219937,0 days 00:00:13.959672,1.2364907699344272,1.7202951915057039,0.5239051701365183,2,1,COMPLETE
4087,48.18,2025-01-22 04:55:42.979593,2025-01-22 04:55:57.866171,0 days 00:00:14.886578,1.3213524728644364,0.040427407111193824,0.22001650914480728,4,1,COMPLETE
4088,52.410000000000004,2025-01-22 04:55:53.610672,2025-01-22 04:56:08.020850,0 days 00:00:14.410178,1.4052472526667754,1.5284090202244347,0.4439114505392569,4,1,COMPLETE
4089,52.25,2025-01-22 04:55:58.025616,2025-01-22 04:56:12.714031,0 days 00:00:14.688415,1.5404554437912004,1.5495037458554168,0.43535773319469057,4,1,COMPLETE
4090,50.93,2025-01-22 04:56:08.342329,2025-01-22 04:56:23.793954,0 days 00:00:15.451625,1.1628318594526317,0.28301407169818393,0.591426869302059,7,1,COMPLETE
4091,50.019999999999996,2025-01-22 04:56:12.871808,2025-01-22 04:56:28.067352,0 days 00:00:15.195544,2.5189659428722098,1.987218910482691,0.5948050096634395,6,5,COMPLETE
4092,52.81,2025-01-22 04:56:23.954342,2025-01-22 04:56:39.272303,0 days 00:00:15.317961,1.1465415981091258,1.8511173449605816,0.3892433595538484,2,1,COMPLETE
4093,52.49,2025-01-22 04:56:28.213864,2025-01-22 04:56:41.913783,0 days 00:00:13.699919,1.1073287973848702,2.001224471617329,0.36286505319750556,2,1,COMPLETE
4094,51.61,2025-01-22 04:56:39.435054,2025-01-22 04:56:53.275186,0 days 00:00:13.840132,1.905121137356104,1.4902302649505546,0.35557636223478817,2,1,COMPLETE
4095,51.580000000000005,2025-01-22 04:56:42.232617,2025-01-22 04:56:56.591542,0 days 00:00:14.358925,1.8895179078028317,1.5836521128580816,0.5133490273444429,5,1,COMPLETE
4096,52.04,2025-01-22 04:56:53.427921,2025-01-22 04:57:08.509523,0 days 00:00:15.081602,1.4284996369788938,1.5509866715178005,0.49869452054913327,5,1,COMPLETE
4097,52.33,2025-01-22 04:56:56.735620,2025-01-22 04:57:10.923401,0 days 00:00:14.187781,1.303877717770689,1.37305608088979,0.44619885644814816,4,1,COMPLETE
4098,52.370000000000005,2025-01-22 04:57:08.649448,2025-01-22 04:57:23.404207,0 days 00:00:14.754759,1.2346167068476372,1.3085735255645488,0.42863208493576027,4,1,COMPLETE
4099,50.12,2025-01-22 04:57:11.154091,2025-01-22 04:57:25.451342,0 days 00:00:14.297251,1.2236794487514293,0.0035925241797234025,0.39960744999004877,2,1,COMPLETE
4100,49.45,2025-01-22 04:57:23.575131,2025-01-22 04:57:37.250298,0 days 00:00:13.675167,1.6407385681295543,2.4342517637320924,0.7222243207021861,2,1,COMPLETE
4101,49.03,2025-01-22 04:57:25.924810,2025-01-22 04:57:42.201984,0 days 00:00:16.277174,1.573041956194189,2.538999238786325,0.7341394791928444,8,1,COMPLETE
4102,27.71,2025-01-22 04:57:37.417075,2025-01-22 04:57:54.682911,0 days 00:00:17.265836,1.1349475236090008,1.8477278524635954,2.4548458729948606,8,1,COMPLETE
4103,51.77,2025-01-22 04:57:42.350246,2025-01-22 04:57:58.072632,0 days 00:00:15.722386,1.1963210176614403,1.8401709003623155,0.30859811913460955,6,1,COMPLETE
4104,51.71,2025-01-22 04:57:54.838794,2025-01-22 04:58:11.056471,0 days 00:00:16.217677,1.444640541197939,2.0609420087390604,0.32116001215600104,6,1,COMPLETE
4105,51.800000000000004,2025-01-22 04:57:58.231717,2025-01-22 04:58:13.125699,0 days 00:00:14.893982,1.4986819237641764,1.2782606613434144,0.5464565653189597,4,1,COMPLETE
4106,52.03,2025-01-22 04:58:11.211698,2025-01-22 04:58:26.177202,0 days 00:00:14.965504,1.0456375944404213,1.2591629767755645,0.5203916107440877,4,1,COMPLETE
4107,32.910000000000004,2025-01-22 04:58:13.805129,2025-01-22 04:58:28.359858,0 days 00:00:14.554729,1.0710983738443385,1.608282755628854,0.046679598762950435,2,1,COMPLETE
4108,52.82,2025-01-22 04:58:26.345541,2025-01-22 04:58:39.868777,0 days 00:00:13.523236,1.0896332448765458,1.6562312604280982,0.3887959042367267,2,1,COMPLETE
4109,52.64,2025-01-22 04:58:28.837776,2025-01-22 04:58:42.345811,0 days 00:00:13.508035,1.3279084031495894,1.6816329055581267,0.3754522110907666,2,1,COMPLETE
4110,52.35999999999999,2025-01-22 04:58:40.038583,2025-01-22 04:58:54.299902,0 days 00:00:14.261319,1.330143117148058,1.3966295154621506,0.4459068582951658,4,1,COMPLETE
4111,51.72,2025-01-22 04:58:42.587632,2025-01-22 04:58:57.117030,0 days 00:00:14.529398,2.0287314818385616,2.0713125673066006,0.46647062116623167,4,1,COMPLETE
4112,50.62,2025-01-22 04:58:54.461919,2025-01-22 04:59:09.670804,0 days 00:00:15.208885,2.0191549624888867,2.1755338671395617,0.6019279329351485,6,1,COMPLETE
4113,50.480000000000004,2025-01-22 04:58:57.268436,2025-01-22 04:59:12.542786,0 days 00:00:15.274350,1.0902848617528953,2.8684845018313294,0.5896534765846824,6,1,COMPLETE
4114,50.42,2025-01-22 04:59:09.798227,2025-01-22 04:59:23.663677,0 days 00:00:13.865450,1.5578731446086658,1.4464478649667731,0.23972541159320865,2,1,COMPLETE
4115,50.38,2025-01-22 04:59:12.657965,2025-01-22 04:59:26.223502,0 days 00:00:13.565537,1.6078806979287188,1.4184006886550493,0.24042996973855144,2,1,COMPLETE
4116,51.29,2025-01-22 04:59:23.792092,2025-01-22 04:59:38.903680,0 days 00:00:15.111588,1.7511391267994323,1.1586345989908622,0.33608482533579404,4,1,COMPLETE
4117,0.5,2025-01-22 04:59:26.408568,2025-01-22 04:59:41.604303,0 days 00:00:15.195735,0.03209738851466164,1.2365484168598229,0.3290872774128652,4,1,COMPLETE
4118,52.17,2025-01-22 04:59:39.025388,2025-01-22 04:59:56.692389,0 days 00:00:17.667001,1.229266980825812,1.7791191949687182,0.47390221282707873,11,2,COMPLETE
4119,52.7,2025-01-22 04:59:41.842964,2025-01-22 04:59:55.607022,0 days 00:00:13.764058,1.208893300991754,1.7060826321030595,0.476362239798185,2,1,COMPLETE
4120,51.85999999999999,2025-01-22 04:59:55.767606,2025-01-22 05:00:12.672672,0 days 00:00:16.905066,1.0303744998636786,1.86383208996867,0.4117853654019348,10,2,COMPLETE
4121,31.06,2025-01-22 04:59:56.839566,2025-01-22 05:00:13.098151,0 days 00:00:16.258585,1.0199383110656546,1.2183611315388343,1.910936690651851,6,1,COMPLETE
4122,51.2,2025-01-22 05:00:12.798015,2025-01-22 05:00:28.110539,0 days 00:00:15.312524,1.3854558896179672,1.2109732342218025,0.28818798828164044,6,1,COMPLETE
4123,48.24,2025-01-22 05:00:13.315453,2025-01-22 05:00:28.341362,0 days 00:00:15.025909,5.009568182278582,1.5540308305693527,0.3802613284389153,4,1,COMPLETE
4124,52.129999999999995,2025-01-22 05:00:28.270769,2025-01-22 05:00:42.868685,0 days 00:00:14.597916,1.3461408713267844,1.480702643701072,0.371823848508824,4,1,COMPLETE
4125,50.629999999999995,2025-01-22 05:00:28.519594,2025-01-22 05:00:42.500968,0 days 00:00:13.981374,1.3688704218291268,2.4288774116186884,0.6424303087422709,2,1,COMPLETE
4126,28.249999999999996,2025-01-22 05:00:42.657445,2025-01-22 05:00:59.368704,0 days 00:00:16.711259,1.1249339726620922,1.436641695388782,0.020262467413012436,8,1,COMPLETE
4127,0.5,2025-01-22 05:00:43.061161,2025-01-22 05:01:00.169770,0 days 00:00:17.108609,0.011285233878268547,2.021322075443352,0.5312707842301352,8,1,COMPLETE
4128,35.57,2025-01-22 05:00:59.546217,2025-01-22 05:01:14.356322,0 days 00:00:14.810105,0.01137548100393981,0.02089676939494933,0.5147472129534559,2,1,COMPLETE
4129,52.87,2025-01-22 05:01:00.487451,2025-01-22 05:01:14.871589,0 days 00:00:14.384138,0.9713936536857005,1.1713688508462876,0.43180227592677733,2,1,COMPLETE
4130,50.629999999999995,2025-01-22 05:01:14.523906,2025-01-22 05:01:29.493233,0 days 00:00:14.969327,0.9953012534773984,0.001509640142227023,0.4137396837855319,4,1,COMPLETE
4131,50.83,2025-01-22 05:01:15.048749,2025-01-22 05:01:29.559224,0 days 00:00:14.510475,2.3187985029654166,1.6700961550162894,0.33999429626961936,4,1,COMPLETE
4132,51.239999999999995,2025-01-22 05:01:29.673064,2025-01-22 05:01:44.982829,0 days 00:00:15.309765,1.7125661879699825,2.160027230851062,0.2955796388934899,6,1,COMPLETE
4133,46.77,2025-01-22 05:01:29.751398,2025-01-22 05:01:45.301325,0 days 00:00:15.549927,1.5593431660875257,2.075137806421831,0.8310082181317049,6,1,COMPLETE
4134,52.76,2025-01-22 05:01:45.129162,2025-01-22 05:01:58.783493,0 days 00:00:13.654331,1.1829089972562286,1.2754421845307118,0.47187226002989985,2,1,COMPLETE
4135,52.669999999999995,2025-01-22 05:01:45.475796,2025-01-22 05:01:59.032549,0 days 00:00:13.556753,1.208403411345913,1.359086990993621,0.47738466894429166,2,1,COMPLETE
4136,49.309999999999995,2025-01-22 05:01:58.932911,2025-01-22 05:02:27.654966,0 days 00:00:28.722055,0.9583150763442433,2.9279531139778725,0.6235083651613013,39,36,COMPLETE
4137,51.25999999999999,2025-01-22 05:01:59.229990,2025-01-22 05:02:13.934120,0 days 00:00:14.704130,1.0312225157070125,1.7248435101607138,0.5830241738155523,4,1,COMPLETE
4138,51.73,2025-01-22 05:02:14.066567,2025-01-22 05:02:28.712883,0 days 00:00:14.646316,0.9481847912103271,2.84653859642733,0.3635822527331729,4,1,COMPLETE
4139,51.89,2025-01-22 05:02:27.798860,2025-01-22 05:02:42.948739,0 days 00:00:15.149879,1.524622200912771,1.5014472619068904,0.3566290046156329,4,1,COMPLETE
4140,52.839999999999996,2025-01-22 05:02:28.865694,2025-01-22 05:02:42.557164,0 days 00:00:13.691470,1.426117396000414,1.4858445306465198,0.4191942018695412,2,1,COMPLETE
4141,51.67,2025-01-22 05:02:42.692413,2025-01-22 05:02:57.710279,0 days 00:00:15.017866,1.205630573495038,1.183029826579715,0.3503095526053964,5,1,COMPLETE
4142,0.5,2025-01-22 05:02:43.177633,2025-01-22 05:02:59.770567,0 days 00:00:16.592934,0.007552112378308599,1.1619803969726452,0.28319031847806314,6,1,COMPLETE
4143,51.49,2025-01-22 05:02:57.841332,2025-01-22 05:03:23.540176,0 days 00:00:25.698844,1.8297425323844763,1.7541523202945255,0.5030679016431706,31,3,COMPLETE
4144,52.55,2025-01-22 05:03:00.236319,2025-01-22 05:03:14.368168,0 days 00:00:14.131849,1.1657839447855012,1.8009118688927361,0.5148535133108922,2,1,COMPLETE
4145,52.059999999999995,2025-01-22 05:03:14.497060,2025-01-22 05:03:27.851650,0 days 00:00:13.354590,1.8050543440172513,1.3976493778087122,0.4161054920533586,2,1,COMPLETE
4146,52.75,2025-01-22 05:03:23.686154,2025-01-22 05:03:37.078040,0 days 00:00:13.391886,1.3626389500701541,2.357652625781085,0.41996629375003103,2,1,COMPLETE
4147,52.33,2025-01-22 05:03:27.981864,2025-01-22 05:04:11.931069,0 days 00:00:43.949205,1.3104607146921772,2.303975776575335,0.43341775349938777,74,3,COMPLETE
4148,28.58,2025-01-22 05:03:37.214838,2025-01-22 05:03:53.280593,0 days 00:00:16.065755,2.707943336116655,1.1379274211748436,0.027201146009640284,8,2,COMPLETE
4149,22.96,2025-01-22 05:03:53.557000,2025-01-22 05:04:07.334288,0 days 00:00:13.777288,0.9745942166094679,1.947259134149761,0.0025675695100229267,4,1,COMPLETE
4150,50.239999999999995,2025-01-22 05:04:07.492921,2025-01-22 05:04:21.701654,0 days 00:00:14.208733,1.1815915718684122,1.3984660351274483,0.6577771231474353,4,1,COMPLETE
4151,50.5,2025-01-22 05:04:12.059528,2025-01-22 05:04:26.558619,0 days 00:00:14.499091,1.0881387101915219,1.408868308771447,0.6257940924919059,4,1,COMPLETE
4152,51.74999999999999,2025-01-22 05:04:21.857218,2025-01-22 05:04:37.275799,0 days 00:00:15.418581,1.048303749911013,1.6128859744927762,0.31044721175294654,6,1,COMPLETE
4153,35.39,2025-01-22 05:04:26.719400,2025-01-22 05:04:42.453519,0 days 00:00:15.734119,0.9033177142371434,1.623397151644365,1.3562737963653337,7,1,COMPLETE
4154,52.11,2025-01-22 05:04:37.401459,2025-01-22 05:04:51.001817,0 days 00:00:13.600358,1.5260335859724357,1.1000198588494343,0.5471648185163067,2,1,COMPLETE
4155,52.2,2025-01-22 05:04:42.580847,2025-01-22 05:04:55.996515,0 days 00:00:13.415668,1.5028911137092458,1.2343772098187018,0.5376341398608608,2,1,COMPLETE
4156,31.64,2025-01-22 05:04:51.274560,2025-01-22 05:05:04.792168,0 days 00:00:13.517608,1.4206830212431623,1.8793350428555815,0.03561915648228583,2,1,COMPLETE
4157,52.18000000000001,2025-01-22 05:04:56.122827,2025-01-22 05:05:10.886126,0 days 00:00:14.763299,1.3494919132688759,1.8810358635029247,0.3675306920287722,4,1,COMPLETE
4158,50.949999999999996,2025-01-22 05:05:04.944965,2025-01-22 05:05:20.089704,0 days 00:00:15.144739,1.1936938498340826,1.3918834674701186,0.26334592893729564,4,1,COMPLETE
4159,50.67,2025-01-22 05:05:11.147745,2025-01-22 05:05:26.994961,0 days 00:00:15.847216,0.9074066809017562,1.3725766935504036,0.2661629526586574,6,1,COMPLETE
4160,48.699999999999996,2025-01-22 05:05:20.226047,2025-01-22 05:05:35.754677,0 days 00:00:15.528630,0.9586900223529052,1.1736909403121474,0.20629029471078453,6,1,COMPLETE
4161,49.669999999999995,2025-01-22 05:05:27.138810,2025-01-22 05:05:40.580071,0 days 00:00:13.441261,1.7205834274103473,0.015648478670163148,0.4589935908183697,2,1,COMPLETE
4162,52.35999999999999,2025-01-22 05:05:35.879757,2025-01-22 05:05:49.618654,0 days 00:00:13.738897,1.7865356652877402,1.6076622001742014,0.4473049474895135,2,1,COMPLETE
4163,50.27,2025-01-22 05:05:40.760105,2025-01-22 05:06:11.426427,0 days 00:00:30.666322,1.18338922644855,1.6020337364671775,0.333590459355708,44,30,COMPLETE
