number,value,datetime_start,datetime_complete,duration,params_gamma_1,params_gamma_2,params_lambda,params_n_clusters,params_n_neighbors,state
1346,50.72,2025-01-21 22:35:03.468921,2025-01-21 22:35:17.877480,0 days 00:00:14.408559,1.716219822925943,0.8747244906178361,0.6334290878833623,4,1,COMPLETE
1347,49.93,2025-01-21 22:35:06.908233,2025-01-21 22:35:20.905032,0 days 00:00:13.996799,0.8946233660141863,1.240527400855038,0.6386430241725458,4,1,COMPLETE
1348,49.9,2025-01-21 22:35:17.985988,2025-01-21 22:37:36.994808,0 days 00:02:19.008820,2.656588608526579,1.2382378106196728,0.6173187361401336,7,1,COMPLETE
1349,19.82,2025-01-21 22:35:21.023720,2025-01-21 22:35:37.728138,0 days 00:00:16.704418,0.4927494366503242,1.9320926443470614,0.010485080316980868,9,2,COMPLETE
1350,25.319999999999997,2025-01-21 22:35:37.816241,2025-01-21 22:37:57.751601,0 days 00:02:19.935360,0.04189186271728855,1.209537517990526,0.4934923351941477,7,1,COMPLETE
1351,51.99,2025-01-21 22:37:37.119410,2025-01-21 22:37:50.661521,0 days 00:00:13.542111,1.2725530957482822,0.721304600488449,0.4671072793331409,4,1,COMPLETE
1352,52.12,2025-01-21 22:37:50.744552,2025-01-21 22:38:05.542200,0 days 00:00:14.797648,0.741085844645301,1.5249009276701642,0.36255607377093635,6,1,COMPLETE
1353,51.739999999999995,2025-01-21 22:37:57.900982,2025-01-21 22:38:12.724561,0 days 00:00:14.823579,0.6827218534457001,1.4983915341294047,0.35289011994025377,4,1,COMPLETE
1354,50.9,2025-01-21 22:38:05.626619,2025-01-21 22:38:20.272977,0 days 00:00:14.646358,1.0492860321614406,2.127225545496063,0.27937552886006184,4,1,COMPLETE
1355,26.31,2025-01-21 22:38:12.906501,2025-01-21 22:38:28.203856,0 days 00:00:15.297355,1.0475413633716948,2.201100993604365,0.01730098121102327,4,1,COMPLETE
1356,51.33,2025-01-21 22:38:20.388716,2025-01-21 22:38:34.875321,0 days 00:00:14.486605,1.440739244351694,0.4015206759158965,0.4124999605016875,4,1,COMPLETE
1357,51.949999999999996,2025-01-21 22:38:28.420688,2025-01-21 22:38:44.169821,0 days 00:00:15.749133,1.4880217107871068,1.0633852151780965,0.4116110273956912,6,1,COMPLETE
1358,47.04,2025-01-21 22:38:35.046072,2025-01-21 22:38:49.577887,0 days 00:00:14.531815,1.2453913793895368,1.0646931585585384,0.8108205775150686,4,1,COMPLETE
1359,47.260000000000005,2025-01-21 22:38:44.263248,2025-01-21 22:39:01.103451,0 days 00:00:16.840203,0.9034101770332215,1.815857562683637,0.7513257432040559,10,2,COMPLETE
1360,51.04,2025-01-21 22:38:49.659546,2025-01-21 22:39:48.236005,0 days 00:00:58.576459,2.073469287983801,1.827658772747473,0.5402168885537723,96,3,COMPLETE
1361,51.4,2025-01-21 22:39:01.190547,2025-01-21 22:39:15.061203,0 days 00:00:13.870656,2.0224353357465636,1.3906809861125833,0.5305093184240061,4,1,COMPLETE
1362,50.949999999999996,2025-01-21 22:39:15.156739,2025-01-21 22:39:30.116640,0 days 00:00:14.959901,0.5911724589209967,0.8406026888714906,0.5451261661446233,6,1,COMPLETE
1363,52.410000000000004,2025-01-21 22:39:30.202894,2025-01-21 22:39:44.172823,0 days 00:00:13.969929,1.1304893755418441,1.7091450188508828,0.4686519534561375,4,1,COMPLETE
1364,47.449999999999996,2025-01-21 22:39:44.256138,2025-01-21 22:39:58.207754,0 days 00:00:13.951616,5.216562123216633,1.2345478544651156,0.32135796594020966,3,1,COMPLETE
1365,51.839999999999996,2025-01-21 22:39:48.329412,2025-01-21 22:40:02.445181,0 days 00:00:14.115769,0.8384487608984064,1.251721658935449,0.32513611841593365,3,1,COMPLETE
1366,52.21,2025-01-21 22:39:58.352511,2025-01-21 22:40:14.131640,0 days 00:00:15.779129,0.8666601644470112,0.9822488627268202,0.40711294740542336,8,2,COMPLETE
1367,51.92,2025-01-21 22:40:02.555340,2025-01-21 22:40:18.949604,0 days 00:00:16.394264,1.2173659627241973,1.5630909866419527,0.39564389800915906,8,1,COMPLETE
1368,52.31,2025-01-21 22:40:14.261375,2025-01-21 22:40:29.588744,0 days 00:00:15.327369,1.2380490433091633,1.5611342708030629,0.4571604331281287,6,1,COMPLETE
1369,51.959999999999994,2025-01-21 22:40:19.045411,2025-01-21 22:40:33.909784,0 days 00:00:14.864373,0.9851221801095964,2.3044370764613267,0.4696793847631636,6,1,COMPLETE
1370,40.1,2025-01-21 22:40:29.746565,2025-01-21 22:42:48.342784,0 days 00:02:18.596219,0.08845772823303331,1.0490235563114703,0.589846208519941,3,1,COMPLETE
1371,50.260000000000005,2025-01-21 22:40:33.995764,2025-01-21 22:40:47.963113,0 days 00:00:13.967349,1.541290104938884,0.7513588117689161,0.25077538473242234,3,1,COMPLETE
1372,51.41,2025-01-21 22:40:48.061855,2025-01-21 22:41:01.593107,0 days 00:00:13.531252,1.0268722502904406,1.0663285441811217,0.5803852012963181,4,1,COMPLETE
1373,52.059999999999995,2025-01-21 22:41:01.707825,2025-01-21 22:41:14.927589,0 days 00:00:13.219764,0.7363472128519258,1.3749080719112323,0.3562247255411907,3,1,COMPLETE
1374,35.69,2025-01-21 22:41:15.024444,2025-01-21 22:41:28.856237,0 days 00:00:13.831793,0.01307005388122924,0.0030286431730077905,0.6481942954193499,4,1,COMPLETE
1375,52.15,2025-01-21 22:41:28.944483,2025-01-21 22:41:42.130718,0 days 00:00:13.186235,1.3066088240914513,0.9090315059775215,0.49183852667512784,3,1,COMPLETE
1376,50.470000000000006,2025-01-21 22:41:42.240629,2025-01-21 22:41:55.446376,0 days 00:00:13.205747,1.0562408484316501,0.25534019005752795,0.2851128066994763,3,1,COMPLETE
1377,52.239999999999995,2025-01-21 22:41:55.552352,2025-01-21 22:42:09.733926,0 days 00:00:14.181574,0.8615849799658444,1.8976971914343383,0.3824651290449148,6,1,COMPLETE
1378,52.290000000000006,2025-01-21 22:42:09.845371,2025-01-21 22:42:22.903431,0 days 00:00:13.058060,1.6408828410698928,1.1402432928418695,0.4298003264664368,3,1,COMPLETE
1379,50.519999999999996,2025-01-21 22:42:22.988983,2025-01-21 22:42:36.849229,0 days 00:00:13.860246,0.6474269931648702,1.3936522947357,0.5757964411381521,5,1,COMPLETE
1380,51.959999999999994,2025-01-21 22:42:36.938791,2025-01-21 22:43:23.687391,0 days 00:00:46.748600,1.3736555936388115,1.653349789813735,0.33540836409836605,73,3,COMPLETE
1381,51.910000000000004,2025-01-21 22:42:48.440732,2025-01-21 22:43:17.590923,0 days 00:00:29.150191,1.3426399366742827,1.6319506790091955,0.35116424191940043,43,3,COMPLETE
1382,52.410000000000004,2025-01-21 22:43:17.673433,2025-01-21 22:43:31.676845,0 days 00:00:14.003412,1.1145990918985313,2.2528156326081312,0.4745440801908076,3,1,COMPLETE
1383,51.99,2025-01-21 22:43:23.792514,2025-01-21 22:43:39.356307,0 days 00:00:15.563793,1.083153432153424,2.2420495462533996,0.4840780825107917,6,1,COMPLETE
1384,0.8999999999999999,2025-01-21 22:43:31.770785,2025-01-21 22:44:03.448048,0 days 00:00:31.677263,0.06446597434076408,1.288738409938559,0.2015477281655341,47,3,COMPLETE
1385,52.43,2025-01-21 22:43:39.436511,2025-01-21 22:43:53.405016,0 days 00:00:13.968505,0.9120417921175491,0.8628486054518745,0.40586760506386277,3,1,COMPLETE
1386,47.64,2025-01-21 22:43:53.513331,2025-01-21 22:44:09.905821,0 days 00:00:16.392490,0.8082520906634982,0.6765442623052792,0.7286787525184255,10,2,COMPLETE
1387,51.580000000000005,2025-01-21 22:44:03.550029,2025-01-21 22:44:18.004463,0 days 00:00:14.454434,1.7945668811020914,1.8674781369438551,0.5311710243833572,5,1,COMPLETE
1388,51.839999999999996,2025-01-21 22:44:09.998530,2025-01-21 22:44:25.057351,0 days 00:00:15.058821,1.6370364748547432,1.8711360478202486,0.516651732754921,5,1,COMPLETE
1389,51.64,2025-01-21 22:44:18.234651,2025-01-21 22:44:32.502482,0 days 00:00:14.267831,1.1884159357401594,1.1744984286363815,0.3049954580837172,3,1,COMPLETE
1390,52.6,2025-01-21 22:44:25.262609,2025-01-21 22:44:39.917967,0 days 00:00:14.655358,0.9787919652577142,1.187218589480291,0.40330048584402683,3,1,COMPLETE
1391,52.49,2025-01-21 22:44:32.684548,2025-01-21 22:44:46.849538,0 days 00:00:14.164990,0.907314157635008,1.4183207797417523,0.3776273644944045,3,1,COMPLETE
1392,52.27,2025-01-21 22:44:40.013718,2025-01-21 22:44:56.603271,0 days 00:00:16.589553,0.7271642748587142,1.3985944933710728,0.42290216513236006,8,2,COMPLETE
1393,52.27,2025-01-21 22:44:46.980462,2025-01-21 22:45:21.199472,0 days 00:00:34.219010,0.7482953851373885,0.9482771014585999,0.43851900337977157,53,3,COMPLETE
1394,50.22,2025-01-21 22:44:56.718079,2025-01-21 22:45:11.256445,0 days 00:00:14.538366,1.4494013808863795,0.9759926345391202,0.6528840709257766,6,1,COMPLETE
1395,51.15,2025-01-21 22:45:11.336465,2025-01-21 22:46:14.155060,0 days 00:01:02.818595,1.1955424035791484,1.5791581807348294,0.27512610793545733,100,3,COMPLETE
1396,44.3,2025-01-21 22:45:21.289383,2025-01-21 22:45:35.115011,0 days 00:00:13.825628,1.1969546222753789,1.557596029811622,0.9294058099499309,3,1,COMPLETE
1397,51.21,2025-01-21 22:45:35.211158,2025-01-21 22:45:48.847705,0 days 00:00:13.636547,1.0301945771445356,0.804684445631049,0.28361214913244215,3,1,COMPLETE
1398,36.1,2025-01-21 22:45:48.945376,2025-01-21 22:46:03.371274,0 days 00:00:14.425898,0.45659703098842064,1.1608733625373184,1.1971093532928814,5,1,COMPLETE
1399,0.5,2025-01-21 22:46:03.485827,2025-01-21 22:46:18.605680,0 days 00:00:15.119853,0.0030693473966264487,1.6137778040832356,0.23701992858290882,3,1,COMPLETE
1400,50.31,2025-01-21 22:46:14.283521,2025-01-21 22:46:28.441586,0 days 00:00:14.158065,0.5796282690982263,1.9574533156357004,0.5388274631960169,3,1,COMPLETE
1401,51.190000000000005,2025-01-21 22:46:18.707739,2025-01-21 22:46:33.885004,0 days 00:00:15.177265,1.527562911391843,1.971496786192909,0.5655535932881942,6,1,COMPLETE
1402,51.62,2025-01-21 22:46:28.576054,2025-01-21 22:46:43.649841,0 days 00:00:15.073787,1.4086702038009185,1.3070736734174202,0.35636017162583067,5,1,COMPLETE
1403,52.01,2025-01-21 22:46:33.994545,2025-01-21 22:46:49.627562,0 days 00:00:15.633017,0.8910070259955786,1.3044689113236132,0.35633530477274533,8,2,COMPLETE
1404,52.28,2025-01-21 22:46:44.005626,2025-01-21 22:47:00.687202,0 days 00:00:16.681576,0.908010133391948,1.0490669918141318,0.4523664269286925,8,1,COMPLETE
1405,52.370000000000005,2025-01-21 22:46:49.726972,2025-01-21 22:47:03.475710,0 days 00:00:13.748738,1.0594777942376277,2.346671532745598,0.4613189246979209,3,1,COMPLETE
1406,50.980000000000004,2025-01-21 22:47:00.809502,2025-01-21 22:47:14.533998,0 days 00:00:13.724496,1.1147229369717917,0.014034452091732338,0.4768697155901464,3,1,COMPLETE
1407,50.22,2025-01-21 22:47:03.600038,2025-01-21 22:47:42.778268,0 days 00:00:39.178230,1.892386195110659,0.6866921450228007,0.652315312725551,65,3,COMPLETE
1408,49.62,2025-01-21 22:47:14.645338,2025-01-21 22:47:29.441836,0 days 00:00:14.796498,1.2856106592419025,0.8195145153389289,0.6885864475572153,5,1,COMPLETE
1409,51.800000000000004,2025-01-21 22:47:29.546430,2025-01-21 22:47:47.529499,0 days 00:00:17.983069,1.7960746924328195,1.064551348406531,0.3888578715824394,3,1,COMPLETE
1410,52.22,2025-01-21 22:47:42.885194,2025-01-21 22:48:32.412889,0 days 00:00:49.527695,0.7585812155835366,1.0782621793980223,0.3944623393694336,86,3,COMPLETE
1411,29.21,2025-01-21 22:47:47.616520,2025-01-21 22:48:01.555362,0 days 00:00:13.938842,0.7781920225793604,1.4314784430004568,0.03334682294865111,3,1,COMPLETE
1412,51.81,2025-01-21 22:48:01.674027,2025-01-21 22:48:16.396187,0 days 00:00:14.722160,1.3118514053335992,1.7323475947840192,0.31422287598547616,5,4,COMPLETE
1413,51.790000000000006,2025-01-21 22:48:16.490541,2025-01-21 22:48:30.040541,0 days 00:00:13.550000,1.010308299757154,1.2133586879444918,0.5362362911212986,3,1,COMPLETE
1414,51.9,2025-01-21 22:48:30.131941,2025-01-21 22:48:45.310661,0 days 00:00:15.178720,0.7957687382090944,2.4742804261810902,0.4132291191458535,6,1,COMPLETE
1415,50.17,2025-01-21 22:48:32.620694,2025-01-21 22:48:47.958246,0 days 00:00:15.337552,1.5118568019705527,0.006709458131591384,0.5214151155811613,6,1,COMPLETE
1416,51.71,2025-01-21 22:48:45.420499,2025-01-21 22:48:59.628440,0 days 00:00:14.207941,0.6180070849895487,1.4539889269401436,0.4909307108703,3,1,COMPLETE
1417,51.88,2025-01-21 22:48:48.092940,2025-01-21 22:49:02.014120,0 days 00:00:13.921180,1.1552659895459663,1.4516156114918852,0.3216779603432666,3,1,COMPLETE
1418,51.910000000000004,2025-01-21 22:48:59.731942,2025-01-21 22:49:13.815735,0 days 00:00:14.083793,1.1661386758345171,0.901395442883227,0.3249482814074471,3,1,COMPLETE
1419,50.62,2025-01-21 22:49:02.322184,2025-01-21 22:49:16.640264,0 days 00:00:14.318080,0.9814706816491086,0.9137482805064341,0.612074640781614,3,1,COMPLETE
1420,50.529999999999994,2025-01-21 22:49:13.917581,2025-01-21 22:49:31.115943,0 days 00:00:17.198362,0.9331553016396207,1.7047623236623506,0.589420096241132,10,2,COMPLETE
1421,47.199999999999996,2025-01-21 22:49:16.747226,2025-01-21 22:49:31.975572,0 days 00:00:15.228346,1.3187763982430452,1.7844701275320967,0.7990086143330424,5,1,COMPLETE
1422,52.080000000000005,2025-01-21 22:49:31.227821,2025-01-21 22:49:46.092061,0 days 00:00:14.864240,1.399104343030614,1.2383878438463063,0.4410591531965068,5,1,COMPLETE
1423,52.54,2025-01-21 22:49:32.085685,2025-01-21 22:49:46.225549,0 days 00:00:14.139864,1.4963275495690729,1.2161949342254919,0.43794172666242753,3,1,COMPLETE
1424,51.910000000000004,2025-01-21 22:49:46.217111,2025-01-21 22:50:02.302574,0 days 00:00:16.085463,0.9398878235486952,1.9840571208351148,0.3756580597376794,7,1,COMPLETE
1425,50.849999999999994,2025-01-21 22:49:46.334934,2025-01-21 22:50:01.896643,0 days 00:00:15.561709,2.3323397274340945,2.0943757267640843,0.36961405483058357,7,1,COMPLETE
1426,52.190000000000005,2025-01-21 22:50:02.194990,2025-01-21 22:50:16.153207,0 days 00:00:13.958217,0.9267275789240953,1.028090748789422,0.49286295314048484,3,1,COMPLETE
1427,22.62,2025-01-21 22:50:02.420076,2025-01-21 22:50:38.231736,0 days 00:00:35.811660,0.6607867534001047,1.0191872921053278,0.0016119391563206263,51,3,COMPLETE
1428,50.42,2025-01-21 22:50:16.243133,2025-01-21 22:50:30.217479,0 days 00:00:13.974346,0.6534752192478408,1.5022791463936123,0.5662052990379219,3,1,COMPLETE
1429,52.129999999999995,2025-01-21 22:50:30.328265,2025-01-21 22:50:44.979456,0 days 00:00:14.651191,1.1312275209070477,2.4169879187588883,0.4279653574975798,5,1,COMPLETE
1430,52.35999999999999,2025-01-21 22:50:38.405153,2025-01-21 22:50:53.421309,0 days 00:00:15.016156,1.0645901164608726,1.3499669569902504,0.44310585712801465,5,1,COMPLETE
1431,51.43,2025-01-21 22:50:45.095212,2025-01-21 22:50:59.154730,0 days 00:00:14.059518,1.2219321072770488,0.7459052740380331,0.2981515608812213,3,1,COMPLETE
1432,50.89,2025-01-21 22:50:53.673954,2025-01-21 22:51:22.800970,0 days 00:00:29.127016,1.6310996788500738,0.8148151182632218,0.3348969042200067,37,3,COMPLETE
1433,52.019999999999996,2025-01-21 22:50:59.260666,2025-01-21 22:51:13.224915,0 days 00:00:13.964249,0.7920659657960025,1.547729004626101,0.3506432751260191,3,1,COMPLETE
1434,51.53,2025-01-21 22:51:13.340076,2025-01-21 22:51:26.830602,0 days 00:00:13.490526,1.8654069737712329,1.1808623588837233,0.5148714207811023,3,1,COMPLETE
1435,50.51,2025-01-21 22:51:22.883738,2025-01-21 22:52:12.269807,0 days 00:00:49.386069,1.3088718026201192,1.1743595943201073,0.2519788468530529,77,3,COMPLETE
1436,49.480000000000004,2025-01-21 22:51:26.902512,2025-01-21 22:51:40.715195,0 days 00:00:13.812683,1.2986694312616065,1.7506953205867202,0.6933515594848588,3,1,COMPLETE
1437,50.56,2025-01-21 22:51:40.813199,2025-01-21 22:51:55.457029,0 days 00:00:14.643830,1.0122163549301193,1.2823771302530949,0.25031705372932944,5,4,COMPLETE
1438,50.41,2025-01-21 22:51:55.548656,2025-01-21 22:52:10.866059,0 days 00:00:15.317403,0.8565494671012213,1.6579606189023486,0.6033563414959547,8,2,COMPLETE
1439,52.52,2025-01-21 22:52:10.979945,2025-01-21 22:52:24.903670,0 days 00:00:13.923725,1.1679888606142166,2.028200568033055,0.4107089314236797,3,1,COMPLETE
1440,50.79,2025-01-21 22:52:12.379056,2025-01-21 22:52:26.292638,0 days 00:00:13.913582,1.0625495068538326,0.046899153723449,0.3952667287723417,3,1,COMPLETE
1441,52.04,2025-01-21 22:52:25.019189,2025-01-21 22:52:39.266026,0 days 00:00:14.246837,0.8426868387539624,0.5749375297871108,0.48751973961004885,5,1,COMPLETE
1442,52.05,2025-01-21 22:52:26.493176,2025-01-21 22:52:41.597129,0 days 00:00:15.103953,1.5467042984661719,0.9438750411948338,0.476494516669437,5,1,COMPLETE
1443,51.9,2025-01-21 22:52:39.353596,2025-01-21 22:52:53.079860,0 days 00:00:13.726264,1.5040479198544843,0.9345746681184538,0.5183266277793347,3,1,COMPLETE
1444,32.65,2025-01-21 22:52:41.705595,2025-01-21 22:52:55.753273,0 days 00:00:14.047678,0.7163836360200457,1.3663828690272775,1.6921925930385944,3,1,COMPLETE
1445,51.85999999999999,2025-01-21 22:52:53.184575,2025-01-21 22:53:08.948454,0 days 00:00:15.763879,0.7164229750891178,1.4197878517744318,0.36657484653539574,7,1,COMPLETE
1446,51.449999999999996,2025-01-21 22:52:55.849015,2025-01-21 22:53:12.335341,0 days 00:00:16.486326,0.957424725212051,2.535112054564476,0.36092087622710106,10,1,COMPLETE
1447,47.410000000000004,2025-01-21 22:53:09.057912,2025-01-21 22:53:23.252563,0 days 00:00:14.194651,1.0113153942873323,2.3941990776217956,0.751049154016286,3,1,COMPLETE
1448,0.5,2025-01-21 22:53:12.453978,2025-01-21 22:53:27.116898,0 days 00:00:14.662920,0.02662481326644644,1.7652472949612044,0.7533266743248476,3,1,COMPLETE
1449,51.019999999999996,2025-01-21 22:53:23.369463,2025-01-21 22:53:38.112627,0 days 00:00:14.743164,1.2666197161756911,1.8223696007944206,0.6028344380119279,5,1,COMPLETE
1450,50.3,2025-01-21 22:53:27.208692,2025-01-21 22:53:41.588089,0 days 00:00:14.379397,1.2653350219960597,0.02675603531166255,0.6036409169525002,5,1,COMPLETE
1451,49.03,2025-01-21 22:53:38.216241,2025-01-21 22:53:54.148820,0 days 00:00:15.932579,2.9504410078628034,1.0808077511510923,0.2950313499147014,7,1,COMPLETE
1452,50.12,2025-01-21 22:53:41.713994,2025-01-21 22:53:55.950072,0 days 00:00:14.236078,0.5232829420661853,1.1111089847831837,0.29725329969313663,3,1,COMPLETE
1453,29.62,2025-01-21 22:53:54.255106,2025-01-21 22:54:09.223589,0 days 00:00:14.968483,0.5313754680966777,1.4994017495723344,2.0586234630416946,5,1,COMPLETE
1454,52.54,2025-01-21 22:53:56.277654,2025-01-21 22:54:10.267673,0 days 00:00:13.990019,0.8642298029024479,1.4960740136756026,0.4274256795432406,3,1,COMPLETE
1455,52.480000000000004,2025-01-21 22:54:09.359019,2025-01-21 22:54:22.899821,0 days 00:00:13.540802,0.8493580376135696,0.700660172213947,0.4439057047854752,3,1,COMPLETE
1456,51.790000000000006,2025-01-21 22:54:10.389969,2025-01-21 22:54:24.178493,0 days 00:00:13.788524,1.7249754998244264,0.7146847197468019,0.46825126185541477,3,1,COMPLETE
1457,52.04,2025-01-21 22:54:23.020153,2025-01-21 22:54:36.511736,0 days 00:00:13.491583,1.0766871559115343,1.2833636880832333,0.5211267434964892,3,1,COMPLETE
1458,51.970000000000006,2025-01-21 22:54:24.317677,2025-01-21 22:54:40.629031,0 days 00:00:16.311354,1.0949042981240342,1.2926022852028507,0.38829641397460546,7,1,COMPLETE
1459,51.2,2025-01-21 22:54:36.632175,2025-01-21 22:54:52.197262,0 days 00:00:15.565087,2.0310767582752276,2.105374143083329,0.38718025637741815,7,1,COMPLETE
1460,51.64,2025-01-21 22:54:40.728390,2025-01-21 22:54:55.182479,0 days 00:00:14.454089,1.4082340268661548,2.076089724353264,0.3395348161573885,5,1,COMPLETE
1461,51.739999999999995,2025-01-21 22:54:52.301863,2025-01-21 22:55:06.726320,0 days 00:00:14.424457,1.3972280717118482,0.8955494742825456,0.5308035839422743,5,1,COMPLETE
1462,49.19,2025-01-21 22:54:55.288895,2025-01-21 22:55:08.846673,0 days 00:00:13.557778,3.745240598563098,0.8969913325480542,0.5451224298175787,3,1,COMPLETE
1463,52.559999999999995,2025-01-21 22:55:06.840087,2025-01-21 22:55:20.589278,0 days 00:00:13.749191,1.1823693721416442,1.6229685021382974,0.45520149275324767,3,1,COMPLETE
1464,52.019999999999996,2025-01-21 22:55:09.365305,2025-01-21 22:55:46.689999,0 days 00:00:37.324694,1.1761593324754216,1.6215356786371717,0.4439170295637824,56,3,COMPLETE
1465,52.190000000000005,2025-01-21 22:55:20.732737,2025-01-21 22:55:37.390412,0 days 00:00:16.657675,0.9684305013815618,1.1184649759763816,0.4212271149930558,9,1,COMPLETE
1466,50.349999999999994,2025-01-21 22:55:37.478194,2025-01-21 22:55:50.622297,0 days 00:00:13.144103,1.63152871041467,1.6548827825983328,0.6489732727686973,3,1,COMPLETE
1467,48.88,2025-01-21 22:55:46.809437,2025-01-21 22:56:00.730810,0 days 00:00:13.921373,0.789917536746419,1.3368941803737417,0.6649322981580403,3,1,COMPLETE
1468,51.9,2025-01-21 22:55:50.707338,2025-01-21 22:56:04.797768,0 days 00:00:14.090430,0.7741525636537012,1.0600459646102822,0.33379793290646964,3,1,COMPLETE
1469,52.14,2025-01-21 22:56:01.090593,2025-01-21 22:56:16.133432,0 days 00:00:15.042839,0.9549206084941622,1.036445642555972,0.3370129961001592,6,1,COMPLETE
1470,51.42,2025-01-21 22:56:04.887823,2025-01-21 22:56:19.633509,0 days 00:00:14.745686,0.9401507171695797,1.9749760012151958,0.5347923872832179,6,1,COMPLETE
1471,51.78,2025-01-21 22:56:16.209869,2025-01-21 22:56:30.747157,0 days 00:00:14.537288,1.1427129317941733,1.9418714548592848,0.5282913354828415,5,1,COMPLETE
1472,51.76,2025-01-21 22:56:19.735640,2025-01-21 22:57:06.673542,0 days 00:00:46.937902,1.3909390279667375,1.3067510161911862,0.38244830046553313,5,1,COMPLETE
1473,52.43,2025-01-21 22:56:30.850265,2025-01-21 22:56:43.797504,0 days 00:00:12.947239,1.3835282404665203,1.3180536833481657,0.37912231655609246,3,1,COMPLETE
1474,50.42,2025-01-21 22:56:43.893851,2025-01-21 22:59:15.221735,0 days 00:02:31.327884,0.6655910531627649,0.8178793615867387,0.27933449758490003,3,1,COMPLETE
1475,50.849999999999994,2025-01-21 22:57:06.778724,2025-01-21 22:57:20.598531,0 days 00:00:13.819807,1.7100120075557939,0.8313590570089561,0.2755328891453899,3,1,COMPLETE
1476,51.190000000000005,2025-01-21 22:57:20.691263,2025-01-21 22:57:48.833851,0 days 00:00:28.142588,0.6481934033822123,2.5712074699540723,0.44522311186183006,41,3,COMPLETE
1477,44.48,2025-01-21 22:57:48.922849,2025-01-21 22:58:04.589176,0 days 00:00:15.666327,1.0862052222047844,1.5231356182934035,0.9045344819105409,8,1,COMPLETE
1478,50.46000000000001,2025-01-21 22:58:04.708014,2025-01-21 22:58:18.150793,0 days 00:00:13.442779,0.8921119529649069,1.132478107195425,0.6089046772616609,3,1,COMPLETE
1479,51.66,2025-01-21 22:58:18.260072,2025-01-21 22:58:31.470117,0 days 00:00:13.210045,2.1539367267201763,1.7306875756666107,0.4613098072178632,3,1,COMPLETE
