number,value,datetime_start,datetime_complete,duration,params_gamma_1,params_gamma_2,params_lambda,params_n_clusters,params_n_neighbors,state
5641,40.88,2025-01-22 08:27:56.509394,2025-01-22 08:28:12.185760,0 days 00:00:15.676366,1.6294899592445407,1.0696404623824614,0.09235145283633117,6,1,COMPLETE
5642,21.529999999999998,2025-01-22 08:28:00.397952,2025-01-22 08:28:15.670422,0 days 00:00:15.272470,2.420511798358378,1.3520320283191718,0.0019957528791909335,6,1,COMPLETE
5643,48.17,2025-01-22 08:28:12.351759,2025-01-22 08:28:26.165050,0 days 00:00:13.813291,3.9685336229936086,1.3434343556789974,0.29274940961676205,2,1,COMPLETE
5644,51.42,2025-01-22 08:28:15.827089,2025-01-22 08:28:29.380402,0 days 00:00:13.553313,1.4099852117389977,1.7622427022061808,0.276671904852217,2,1,COMPLETE
5645,51.31,2025-01-22 08:28:26.327028,2025-01-22 08:28:41.279653,0 days 00:00:14.952625,1.0093788872431126,1.887047001646905,0.5674142308306022,4,1,COMPLETE
5646,50.91,2025-01-22 08:28:29.565810,2025-01-22 08:28:44.486658,0 days 00:00:14.920848,1.071174831080677,0.04543335690171215,0.5313382137702882,4,1,COMPLETE
5647,52.480000000000004,2025-01-22 08:28:41.426549,2025-01-22 08:28:56.104508,0 days 00:00:14.677959,0.8512333365369076,1.5884483490184211,0.4072871660209946,4,1,COMPLETE
5648,52.59,2025-01-22 08:28:44.642892,2025-01-22 08:29:00.223641,0 days 00:00:15.580749,0.841882516065449,1.5144068342860422,0.40517996411490936,2,1,COMPLETE
5649,50.24999999999999,2025-01-22 08:28:56.251481,2025-01-22 08:29:10.028806,0 days 00:00:13.777325,0.7070852868296476,0.02313973386534412,0.343250759233474,2,1,COMPLETE
5650,51.61,2025-01-22 08:29:00.579927,2025-01-22 08:29:15.787393,0 days 00:00:15.207466,1.4037655048077795,1.2485596731044806,0.33763422575256236,6,1,COMPLETE
5651,51.970000000000006,2025-01-22 08:29:10.272607,2025-01-22 08:29:25.296757,0 days 00:00:15.024150,1.344401203310455,1.186521827317342,0.48337665642510375,6,1,COMPLETE
5652,52.22,2025-01-22 08:29:15.955241,2025-01-22 08:29:30.786326,0 days 00:00:14.831085,1.2273824283201742,1.111194232696971,0.47196631210119155,4,1,COMPLETE
5653,50.0,2025-01-22 08:29:25.449285,2025-01-22 08:29:43.246904,0 days 00:00:17.797619,1.1039328623777271,2.171820545542529,0.6580553753466425,12,2,COMPLETE
5654,51.09,2025-01-22 08:29:30.963856,2025-01-22 08:29:44.486707,0 days 00:00:13.522851,1.7901124158074284,2.0944049656506643,0.6205490239982943,2,1,COMPLETE
5655,39.910000000000004,2025-01-22 08:29:43.581298,2025-01-22 08:29:57.427905,0 days 00:00:13.846607,0.07411863342456204,0.8287664465449579,0.38412554773971436,2,1,COMPLETE
5656,52.59,2025-01-22 08:29:44.675058,2025-01-22 08:29:59.692206,0 days 00:00:15.017148,0.9050840845842845,1.745196134328068,0.39387937461694467,4,1,COMPLETE
5657,46.339999999999996,2025-01-22 08:29:57.579821,2025-01-22 08:30:12.082577,0 days 00:00:14.502756,0.9216121763913031,1.7019193392608032,0.8044864951614514,4,1,COMPLETE
5658,45.300000000000004,2025-01-22 08:30:00.148954,2025-01-22 08:30:14.469966,0 days 00:00:14.321012,1.5841636813375375,1.4301358801196162,0.1352059982843454,4,1,COMPLETE
5659,51.67,2025-01-22 08:30:12.252280,2025-01-22 08:30:27.941058,0 days 00:00:15.688778,1.5939641452329523,1.4109753754973593,0.46108476875922694,7,1,COMPLETE
5660,52.16,2025-01-22 08:30:14.882481,2025-01-22 08:30:30.366918,0 days 00:00:15.484437,1.124226650433964,0.952522777047881,0.4564526990558063,7,1,COMPLETE
5661,51.93,2025-01-22 08:30:28.117920,2025-01-22 08:30:42.364696,0 days 00:00:14.246776,1.0930672446569119,1.063304332412965,0.3087829085200802,2,1,COMPLETE
5662,51.89,2025-01-22 08:30:30.705661,2025-01-22 08:30:44.427051,0 days 00:00:13.721390,1.253711052363056,1.2255631200206532,0.31197271350788286,2,1,COMPLETE
5663,50.470000000000006,2025-01-22 08:30:42.528423,2025-01-22 08:31:27.960219,0 days 00:00:45.431796,0.7394432868357911,1.3417234955440769,0.5406808136901132,68,41,COMPLETE
5664,50.79,2025-01-22 08:30:45.046799,2025-01-22 08:30:59.604760,0 days 00:00:14.557961,0.7226435487384646,2.5207602281504515,0.5351556812518504,5,1,COMPLETE
5665,52.54,2025-01-22 08:30:59.788664,2025-01-22 08:31:15.222055,0 days 00:00:15.433391,0.9797247525946977,1.6297138726598392,0.37299867459373365,4,1,COMPLETE
5666,50.91,2025-01-22 08:31:15.421990,2025-01-22 08:31:29.320221,0 days 00:00:13.898231,1.3547350577602084,1.3237388764576459,0.2531879476893873,2,1,COMPLETE
5667,37.11,2025-01-22 08:31:28.128501,2025-01-22 08:31:41.588823,0 days 00:00:13.460322,1.3481384017359312,1.9791395493127832,0.06711582524249694,2,1,COMPLETE
5668,51.94,2025-01-22 08:31:29.508800,2025-01-22 08:31:44.428044,0 days 00:00:14.919244,1.8570778998620139,1.9211395587753994,0.4336282578768136,4,1,COMPLETE
5669,51.910000000000004,2025-01-22 08:31:41.738377,2025-01-22 08:31:57.158229,0 days 00:00:15.419852,1.7938607071852717,1.5687219306920968,0.43542084938944886,6,1,COMPLETE
5670,52.1,2025-01-22 08:31:44.831107,2025-01-22 08:32:00.242185,0 days 00:00:15.411078,1.0151185464852606,0.8255862754886001,0.3461915615079071,6,1,COMPLETE
5671,49.33,2025-01-22 08:31:57.332737,2025-01-22 08:32:13.660447,0 days 00:00:16.327710,0.34590903920941146,1.0003898042120587,0.3339551057255114,8,1,COMPLETE
5672,51.83,2025-01-22 08:32:00.414484,2025-01-22 08:32:17.084804,0 days 00:00:16.670320,1.1598218996611886,1.0086899132138092,0.5186520576235583,9,2,COMPLETE
5673,52.38,2025-01-22 08:32:13.834472,2025-01-22 08:32:27.624009,0 days 00:00:13.789537,1.1477582394596404,1.180565452193411,0.5160783457378874,2,1,COMPLETE
5674,50.49,2025-01-22 08:32:17.412932,2025-01-22 08:32:54.199933,0 days 00:00:36.787001,0.8571936700666072,1.2490587264513842,0.6084746675605175,4,1,COMPLETE
5675,47.67,2025-01-22 08:32:27.791999,2025-01-22 08:32:41.812112,0 days 00:00:14.020113,0.2544786884718607,1.545764528896054,0.3941563279841577,4,1,COMPLETE
5676,24.03,2025-01-22 08:32:41.983650,2025-01-22 08:32:55.815106,0 days 00:00:13.831456,0.8921382700673156,1.8434855603123026,0.00723087264289502,4,1,COMPLETE
5677,28.139999999999997,2025-01-22 08:32:54.406802,2025-01-22 08:33:07.772010,0 days 00:00:13.365208,1.5044227823548901,0.30528620360576914,0.023228320720057694,2,1,COMPLETE
5678,52.56999999999999,2025-01-22 08:32:56.303676,2025-01-22 08:33:10.060361,0 days 00:00:13.756685,1.523218884195062,1.4519050717418616,0.43909280549606156,2,1,COMPLETE
5679,52.21,2025-01-22 08:33:07.950760,2025-01-22 08:33:22.943063,0 days 00:00:14.992303,1.3693122171632872,1.4832021044293673,0.4355396486653934,6,1,COMPLETE
5680,52.239999999999995,2025-01-22 08:33:10.694875,2025-01-22 08:33:46.926671,0 days 00:00:36.231796,0.9706176074152951,1.6838628929366024,0.3852132058815537,53,3,COMPLETE
5681,51.190000000000005,2025-01-22 08:33:23.113808,2025-01-22 08:33:38.010342,0 days 00:00:14.896534,1.0014871003532744,1.6766154687853725,0.280973095577578,4,1,COMPLETE
5682,52.64,2025-01-22 08:33:38.174328,2025-01-22 08:33:51.252323,0 days 00:00:13.077995,1.1812053041698147,1.1879687111509736,0.3620197351612554,2,1,COMPLETE
5683,49.44,2025-01-22 08:33:47.390113,2025-01-22 08:34:01.159463,0 days 00:00:13.769350,3.104625645412996,2.4989782816678323,0.7007245761368672,2,1,COMPLETE
5684,0.5,2025-01-22 08:33:51.422493,2025-01-22 08:34:07.190330,0 days 00:00:15.767837,0.009742760052565407,2.264415679674184,0.703656398323472,5,1,COMPLETE
5685,51.870000000000005,2025-01-22 08:34:01.412613,2025-01-22 08:34:16.208746,0 days 00:00:14.796133,0.7930106505843285,0.9107833302979914,0.4996066389039596,5,1,COMPLETE
5686,50.980000000000004,2025-01-22 08:34:07.369043,2025-01-22 08:34:49.542018,0 days 00:00:42.172975,0.7334690055940641,0.9273635801602121,0.4922286868458809,70,37,COMPLETE
5687,50.03999999999999,2025-01-22 08:34:16.359029,2025-01-22 08:34:32.350834,0 days 00:00:15.991805,0.6705008546467011,0.004449563560826674,0.3181122670980651,8,1,COMPLETE
5688,51.49,2025-01-22 08:34:32.552129,2025-01-22 08:34:46.783880,0 days 00:00:14.231751,1.2727079276314437,1.343193058215066,0.573457765437607,4,1,COMPLETE
5689,50.260000000000005,2025-01-22 08:34:46.970650,2025-01-22 08:35:01.428667,0 days 00:00:14.458017,1.054595202737623,1.0374979897492118,0.24014958701925757,2,1,COMPLETE
5690,50.42,2025-01-22 08:34:49.705182,2025-01-22 08:35:03.452180,0 days 00:00:13.746998,1.025189722808441,1.1024541713299354,0.2456815295770145,2,1,COMPLETE
5691,0.5,2025-01-22 08:35:01.612467,2025-01-22 08:35:18.369399,0 days 00:00:16.756932,0.014235617903596735,1.9381083051497454,0.4141070244439434,7,1,COMPLETE
5692,51.580000000000005,2025-01-22 08:35:04.038961,2025-01-22 08:35:19.264477,0 days 00:00:15.225516,2.0407199981543442,1.8866714148704569,0.41862699939678366,6,1,COMPLETE
5693,24.02,2025-01-22 08:35:18.716876,2025-01-22 08:35:33.097274,0 days 00:00:14.380398,1.6222295616513256,1.386156005200454,0.004662011044980581,4,1,COMPLETE
5694,51.74999999999999,2025-01-22 08:35:19.405011,2025-01-22 08:35:34.336180,0 days 00:00:14.931169,1.5751841095435888,1.3473627544581475,0.35951564408628794,4,1,COMPLETE
5695,51.739999999999995,2025-01-22 08:35:33.289055,2025-01-22 08:35:48.358425,0 days 00:00:15.069370,1.2930670323258409,0.7753254751724415,0.3568213514655095,4,1,COMPLETE
5696,51.42,2025-01-22 08:35:34.515776,2025-01-22 08:35:49.301622,0 days 00:00:14.785846,1.2315737539090839,0.5834674704325543,0.5757081948172555,2,1,COMPLETE
5697,49.85,2025-01-22 08:35:48.532691,2025-01-22 08:36:01.764632,0 days 00:00:13.231941,0.8414296320123869,0.1172643048162817,0.5933410504402675,2,1,COMPLETE
5698,52.580000000000005,2025-01-22 08:35:49.472915,2025-01-22 08:36:33.313858,0 days 00:00:43.840943,0.8629977114585137,1.591574902849976,0.46550641729718506,74,4,COMPLETE
5699,52.33,2025-01-22 08:36:01.908607,2025-01-22 08:36:17.147510,0 days 00:00:15.238903,0.9992747009899098,1.5563363769487573,0.47075474280841745,5,1,COMPLETE
5700,50.8,2025-01-22 08:36:17.308991,2025-01-22 08:36:33.718813,0 days 00:00:16.409822,1.4106503366529313,1.169894721817077,0.28658267847399754,10,2,COMPLETE
5701,51.33,2025-01-22 08:36:33.501405,2025-01-22 08:36:50.786172,0 days 00:00:17.284767,1.4405549010803498,1.2021169324952647,0.3188261693698377,10,2,COMPLETE
5702,51.910000000000004,2025-01-22 08:36:33.950486,2025-01-22 08:36:49.383711,0 days 00:00:15.433225,1.1439986000801803,1.9942375955143785,0.33673980722445696,6,1,COMPLETE
5703,53.1,2025-01-22 08:36:49.564259,2025-01-22 08:37:02.764438,0 days 00:00:13.200179,1.156324437411593,1.2782345417673353,0.42206443321794895,2,1,COMPLETE
5704,50.8,2025-01-22 08:36:50.939748,2025-01-22 08:37:08.704512,0 days 00:00:17.764764,2.5228568543403704,1.6548345850179949,0.4132776102634573,14,2,COMPLETE
5705,50.970000000000006,2025-01-22 08:37:03.200643,2025-01-22 08:37:17.655477,0 days 00:00:14.454834,0.7993958347016197,0.8520466889754538,0.5840751317851854,4,1,COMPLETE
5706,50.21,2025-01-22 08:37:08.907273,2025-01-22 08:37:23.640938,0 days 00:00:14.733665,0.6543413756584158,0.7613694312074231,0.6028423945304018,4,1,COMPLETE
5707,45.14,2025-01-22 08:37:17.807231,2025-01-22 08:37:33.739908,0 days 00:00:15.932677,0.6463867500212791,0.6722160849324781,0.7996849593711425,7,1,COMPLETE
5708,45.04,2025-01-22 08:37:23.823129,2025-01-22 08:37:39.765347,0 days 00:00:15.942218,0.9202521831650602,0.6508088789184558,0.8537609479263142,7,1,COMPLETE
5709,39.1,2025-01-22 08:37:33.886351,2025-01-22 08:37:47.389803,0 days 00:00:13.503452,0.9292849705125736,0.883735338703637,1.200561962472885,2,1,COMPLETE
5710,52.64,2025-01-22 08:37:39.944292,2025-01-22 08:37:55.271869,0 days 00:00:15.327577,0.9207136851678431,1.035437857488636,0.47934572829846556,2,1,COMPLETE
5711,52.0,2025-01-22 08:37:47.578201,2025-01-22 08:38:02.804848,0 days 00:00:15.226647,1.0705155938557886,0.9083572991236044,0.5007002547577566,4,1,COMPLETE
5712,51.870000000000005,2025-01-22 08:37:55.453191,2025-01-22 08:38:10.828571,0 days 00:00:15.375380,1.0656975079626148,0.8347983473431456,0.5361965650271229,4,1,COMPLETE
5713,51.62,2025-01-22 08:38:03.132201,2025-01-22 08:38:18.665534,0 days 00:00:15.533333,0.7737495632949065,0.9860030887525778,0.522622354002935,6,1,COMPLETE
5714,40.19,2025-01-22 08:38:10.979595,2025-01-22 08:38:26.525600,0 days 00:00:15.546005,0.12176311547157215,1.0244452936504875,0.6824217127913833,6,1,COMPLETE
5715,47.99,2025-01-22 08:38:18.824991,2025-01-22 08:38:32.288083,0 days 00:00:13.463092,0.5426915534865594,1.0424875291138003,0.6579525051170029,2,1,COMPLETE
5716,52.71,2025-01-22 08:38:26.900851,2025-01-22 08:38:40.678133,0 days 00:00:13.777282,0.7919257941425453,0.9744875712406841,0.4427132470535122,2,1,COMPLETE
5717,52.669999999999995,2025-01-22 08:38:32.691042,2025-01-22 08:38:46.668749,0 days 00:00:13.977707,0.8389210883185724,0.747667338474394,0.43509355209606443,2,1,COMPLETE
5718,52.26,2025-01-22 08:38:40.842419,2025-01-22 08:38:55.630691,0 days 00:00:14.788272,1.135032561685124,1.0531539667935095,0.38160147008500495,4,1,COMPLETE
5719,52.190000000000005,2025-01-22 08:38:46.845127,2025-01-22 08:39:01.307096,0 days 00:00:14.461969,1.1546671107444302,1.1670005130841687,0.38210897564959256,4,1,COMPLETE
5720,51.13999999999999,2025-01-22 08:38:55.865774,2025-01-22 08:39:11.206511,0 days 00:00:15.340737,0.974661996817544,0.03765920869765503,0.4912356590881284,4,1,COMPLETE
5721,52.09,2025-01-22 08:39:01.475742,2025-01-22 08:39:17.466057,0 days 00:00:15.990315,0.9136274447102837,0.8838077674382054,0.5058638040856714,8,1,COMPLETE
5722,51.59,2025-01-22 08:39:11.581504,2025-01-22 08:39:26.629816,0 days 00:00:15.048312,1.3102205287482314,0.8960316254902085,0.5456193462501501,6,1,COMPLETE
5723,51.92,2025-01-22 08:39:17.864522,2025-01-22 08:40:16.759937,0 days 00:00:58.895415,1.3207605311462973,1.145771957993048,0.35756169834805224,93,3,COMPLETE
5724,52.86,2025-01-22 08:39:26.803852,2025-01-22 08:39:39.986077,0 days 00:00:13.182225,1.1125206769010454,1.125227884658567,0.3784378158669614,2,1,COMPLETE
5725,52.370000000000005,2025-01-22 08:39:40.270851,2025-01-22 08:39:54.413617,0 days 00:00:14.142766,0.6914170114641321,1.1440138867237317,0.42784998969491966,4,1,COMPLETE
5726,52.290000000000006,2025-01-22 08:39:54.593534,2025-01-22 08:40:08.197212,0 days 00:00:13.603678,1.2961596166769302,1.199878046962262,0.34385596700175936,2,1,COMPLETE
5727,50.2,2025-01-22 08:40:08.339265,2025-01-22 08:40:23.255770,0 days 00:00:14.916505,1.0180729784051337,1.0220873071632306,0.6393959082946508,6,1,COMPLETE
5728,50.629999999999995,2025-01-22 08:40:16.973782,2025-01-22 08:40:32.558438,0 days 00:00:15.584656,1.01246387732274,0.7983078340046975,0.6159066244309841,6,1,COMPLETE
5729,52.09,2025-01-22 08:40:23.603271,2025-01-22 08:40:49.077806,0 days 00:00:25.474535,0.9424176441792637,0.7564552377164078,0.4573777953517173,32,3,COMPLETE
5730,52.2,2025-01-22 08:40:32.720861,2025-01-22 08:40:46.934358,0 days 00:00:14.213497,1.7253832565818106,1.2053669109867962,0.46503534580265943,2,1,COMPLETE
5731,50.91,2025-01-22 08:40:47.307881,2025-01-22 08:41:02.170955,0 days 00:00:14.863074,0.7752980517500699,1.2909089163609726,0.28977958164350487,4,1,COMPLETE
5732,51.21,2025-01-22 08:40:49.835674,2025-01-22 08:41:04.256949,0 days 00:00:14.421275,1.515318801033677,1.2824403794133208,0.29912031031523173,4,1,COMPLETE
5733,51.800000000000004,2025-01-22 08:41:02.331831,2025-01-22 08:41:18.253253,0 days 00:00:15.921422,1.4497076018721566,0.9865056957099064,0.4074991115968997,8,6,COMPLETE
5734,52.23,2025-01-22 08:41:04.867874,2025-01-22 08:41:35.060824,0 days 00:00:30.192950,1.18328425741048,0.9863740627200317,0.40093173727314957,42,3,COMPLETE
5735,52.73,2025-01-22 08:41:18.420573,2025-01-22 08:41:31.868311,0 days 00:00:13.447738,1.1920463047471164,1.2315858535814974,0.470799736153546,2,1,COMPLETE
5736,51.89,2025-01-22 08:41:32.057740,2025-01-22 08:41:46.226629,0 days 00:00:14.168889,1.1319789723790363,1.0157525767058024,0.5463775631307507,4,1,COMPLETE
5737,32.0,2025-01-22 08:41:35.207975,2025-01-22 08:42:11.730803,0 days 00:00:36.522828,0.8750354119399624,1.3083124777722785,0.044372931012968395,59,4,COMPLETE
5738,31.71,2025-01-22 08:41:46.371787,2025-01-22 08:41:59.775268,0 days 00:00:13.403481,0.8302764936519151,1.1801126006676106,0.04450092612829464,2,1,COMPLETE
5739,50.07,2025-01-22 08:41:59.917138,2025-01-22 08:42:14.344902,0 days 00:00:14.427764,0.43160897182504676,1.4010407470226072,0.3399133620934257,5,1,COMPLETE
5740,50.83,2025-01-22 08:42:11.907882,2025-01-22 08:42:27.287114,0 days 00:00:15.379232,0.595261556648486,0.47024022448886654,0.32299419514430666,5,1,COMPLETE
5741,51.300000000000004,2025-01-22 08:42:14.742672,2025-01-22 08:42:28.252290,0 days 00:00:13.509618,0.6608823329661504,1.3067897764621175,0.530776578966358,2,1,COMPLETE
5742,0.5,2025-01-22 08:42:27.465512,2025-01-22 08:43:06.817760,0 days 00:00:39.352248,0.0014077058611884265,1.30228967099015,0.5001296594294178,64,3,COMPLETE
5743,52.129999999999995,2025-01-22 08:42:28.398786,2025-01-22 08:43:23.033683,0 days 00:00:54.634897,1.0352970487672282,0.8576244209469611,0.4126076284025155,88,3,COMPLETE
5744,52.739999999999995,2025-01-22 08:43:06.983697,2025-01-22 08:43:20.151822,0 days 00:00:13.168125,1.0079500735836862,0.864903130559488,0.3936050384627564,2,1,COMPLETE
5745,48.76,2025-01-22 08:43:20.310924,2025-01-22 08:43:37.249520,0 days 00:00:16.938596,1.3619247421262684,1.1642516156156177,0.2027829848665229,8,2,COMPLETE
5746,29.43,2025-01-22 08:43:23.184032,2025-01-22 08:43:40.157114,0 days 00:00:16.973082,1.9384179003215531,1.0868305861816494,2.2367197837618424,8,1,COMPLETE
5747,0.5,2025-01-22 08:43:37.446641,2025-01-22 08:43:53.003130,0 days 00:00:15.556489,0.024362722558096395,1.3829030468180448,0.5821043506096616,4,1,COMPLETE
5748,0.52,2025-01-22 08:43:40.352492,2025-01-22 08:43:55.643470,0 days 00:00:15.290978,0.023458367153146167,1.3908022967138345,0.6011375328756188,4,1,COMPLETE
5749,51.959999999999994,2025-01-22 08:43:53.188949,2025-01-22 08:44:08.192484,0 days 00:00:15.003535,1.5615163817449007,1.0556321024818425,0.4504955618360991,6,1,COMPLETE
5750,51.839999999999996,2025-01-22 08:43:55.939051,2025-01-22 08:44:11.053413,0 days 00:00:15.114362,1.6357277448111878,1.0590373734044114,0.45192668645766915,6,1,COMPLETE
5751,52.64,2025-01-22 08:44:08.381783,2025-01-22 08:44:22.300748,0 days 00:00:13.918965,1.2249622277482806,1.4036433745974721,0.3675327020485582,2,1,COMPLETE
5752,52.51,2025-01-22 08:44:11.252438,2025-01-22 08:44:24.551405,0 days 00:00:13.298967,1.2592342133105274,1.4712120542064693,0.3505854642529651,2,1,COMPLETE
5753,48.04,2025-01-22 08:44:22.661305,2025-01-22 08:44:36.403522,0 days 00:00:13.742217,0.7677106374664767,1.2175789751840609,0.6982403464253485,2,1,COMPLETE
5754,48.02,2025-01-22 08:44:25.154537,2025-01-22 08:44:39.471416,0 days 00:00:14.316879,0.7387326684068725,0.9208243859485521,0.7140705766980938,4,1,COMPLETE
5755,51.459999999999994,2025-01-22 08:44:36.588885,2025-01-22 08:44:51.022880,0 days 00:00:14.433995,0.912820978266756,0.8945606867432444,0.303633859047041,4,1,COMPLETE
5756,51.22,2025-01-22 08:44:39.796913,2025-01-22 08:45:40.392132,0 days 00:01:00.595219,0.9385610533965187,1.4388137783823107,0.2801367173542075,96,4,COMPLETE
5757,52.17,2025-01-22 08:44:51.221329,2025-01-22 08:45:05.895334,0 days 00:00:14.674005,1.1136998100899616,1.4354236026056235,0.5016887135090996,6,1,COMPLETE
5758,50.949999999999996,2025-01-22 08:45:06.371068,2025-01-22 08:45:19.619539,0 days 00:00:13.248471,1.3700764650642647,1.1775170649884115,0.2625936563022434,2,1,COMPLETE
5759,52.290000000000006,2025-01-22 08:45:19.785732,2025-01-22 08:45:33.978476,0 days 00:00:14.192744,0.9919143468726483,0.6417902485632041,0.3949207609723303,4,1,COMPLETE
5760,52.019999999999996,2025-01-22 08:45:34.143775,2025-01-22 08:45:48.682108,0 days 00:00:14.538333,1.1455769489834893,1.415378113307022,0.5244187735100498,4,1,COMPLETE
5761,51.580000000000005,2025-01-22 08:45:40.554745,2025-01-22 08:45:55.355596,0 days 00:00:14.800851,1.7985641740130416,1.0802517679462356,0.4496232670071908,4,1,COMPLETE
5762,51.66,2025-01-22 08:45:49.133982,2025-01-22 08:46:19.884974,0 days 00:00:30.750992,1.7466929581521276,1.1473324269563212,0.4423775456459981,39,3,COMPLETE
5763,52.290000000000006,2025-01-22 08:45:55.531366,2025-01-22 08:46:08.908782,0 days 00:00:13.377416,1.444996930035881,1.2246327274713744,0.35352739862569105,2,1,COMPLETE
5764,0.51,2025-01-22 08:46:09.064710,2025-01-22 08:46:27.339039,0 days 00:00:18.274329,0.018568873223123623,1.5909161789663124,0.4213844749607607,11,2,COMPLETE
5765,52.349999999999994,2025-01-22 08:46:20.035172,2025-01-22 08:46:35.491934,0 days 00:00:15.456762,0.8295547293418235,0.7796308546880557,0.38879927750488014,6,1,COMPLETE
5766,51.13999999999999,2025-01-22 08:46:27.698614,2025-01-22 08:46:44.052615,0 days 00:00:16.354001,0.8383936029747664,0.7563557392630937,0.5712674654608672,7,5,COMPLETE
5767,51.519999999999996,2025-01-22 08:46:35.652022,2025-01-22 08:46:49.054723,0 days 00:00:13.402701,1.263749882540585,0.9844811178520848,0.586766357998785,2,1,COMPLETE
5768,51.93,2025-01-22 08:46:44.327458,2025-01-22 08:46:57.867423,0 days 00:00:13.539965,1.2861394050139447,1.3151789857061231,0.3137952850394139,2,1,COMPLETE
5769,52.400000000000006,2025-01-22 08:46:49.213017,2025-01-22 08:47:03.981057,0 days 00:00:14.768040,1.0648207370519986,1.2958543431219356,0.3700900908163061,4,1,COMPLETE
5770,52.12,2025-01-22 08:46:58.238882,2025-01-22 08:47:12.702406,0 days 00:00:14.463524,1.0726005107488557,1.5859510085495678,0.5101506298097103,4,1,COMPLETE
5771,51.99,2025-01-22 08:47:04.375799,2025-01-22 08:47:19.691905,0 days 00:00:15.316106,1.044721898273407,1.4571160583522889,0.5148511081173924,6,1,COMPLETE
5772,52.12,2025-01-22 08:47:12.980763,2025-01-22 08:47:28.500921,0 days 00:00:15.520158,1.4211183162730952,1.6383395322203191,0.47459848624192097,6,1,COMPLETE
5773,46.989999999999995,2025-01-22 08:47:19.865945,2025-01-22 08:47:36.730315,0 days 00:00:16.864370,2.20017972433682,1.0413337677006296,0.8249155412996863,9,2,COMPLETE
5774,51.42,2025-01-22 08:47:28.704582,2025-01-22 08:47:45.365687,0 days 00:00:16.661105,1.5647975991812797,1.0473260236254291,0.3617531728048039,9,2,COMPLETE
