number,value,datetime_start,datetime_complete,duration,params_gamma_1,params_gamma_2,params_lambda,params_n_clusters,params_n_neighbors,state
3761,49.88,2025-01-22 04:12:01.762986,2025-01-22 04:12:16.485555,0 days 00:00:14.722569,0.6693241933997931,1.1193941246638937,0.6086898529359266,4,1,COMPLETE
3762,50.23,2025-01-22 04:12:06.353250,2025-01-22 04:12:50.518443,0 days 00:00:44.165193,0.6521461909655571,1.005774953624566,0.3224885918444784,73,40,COMPLETE
3763,46.1,2025-01-22 04:12:16.620199,2025-01-22 04:12:29.832054,0 days 00:00:13.211855,1.3698540502438292,1.3755945185238923,0.8791769762308135,2,1,COMPLETE
3764,51.959999999999994,2025-01-22 04:12:30.116808,2025-01-22 04:12:45.323376,0 days 00:00:15.206568,0.789946503347816,0.9352633552051428,0.33436996670651514,6,1,COMPLETE
3765,52.44,2025-01-22 04:12:45.456221,2025-01-22 04:12:58.853420,0 days 00:00:13.397199,1.811971889959839,2.0403416738126086,0.4134365367534446,2,1,COMPLETE
3766,1.8800000000000001,2025-01-22 04:12:50.790971,2025-01-22 04:13:05.252373,0 days 00:00:14.461402,0.08941755516533445,1.7088554290777564,0.23102427804190093,2,1,COMPLETE
3767,50.01,2025-01-22 04:12:59.007232,2025-01-22 04:13:13.796350,0 days 00:00:14.789118,1.2008578604759907,1.644949706170537,0.23331068210351724,4,1,COMPLETE
3768,52.05,2025-01-22 04:13:05.398376,2025-01-22 04:13:20.615328,0 days 00:00:15.216952,1.2038005102239027,1.260047512746444,0.525082607875693,5,1,COMPLETE
3769,51.519999999999996,2025-01-22 04:13:13.992182,2025-01-22 04:13:29.411597,0 days 00:00:15.419415,1.5183615687198095,1.2461693095870072,0.5254988783702405,6,1,COMPLETE
3770,51.83,2025-01-22 04:13:20.743616,2025-01-22 04:13:36.532747,0 days 00:00:15.789131,1.512714876627414,1.4148704235391831,0.3751071323920526,6,1,COMPLETE
3771,51.42,2025-01-22 04:13:29.578793,2025-01-22 04:13:44.377723,0 days 00:00:14.798930,0.9949904028823603,0.2500021065111384,0.3998989374074298,4,1,COMPLETE
3772,52.790000000000006,2025-01-22 04:13:36.979745,2025-01-22 04:13:51.602363,0 days 00:00:14.622618,0.8788200752823468,1.586261981256992,0.43751306816025093,2,1,COMPLETE
3773,52.459999999999994,2025-01-22 04:13:44.766466,2025-01-22 04:13:58.831195,0 days 00:00:14.064729,0.8034732590379619,2.1259750338556462,0.4536273003135558,2,1,COMPLETE
3774,49.74,2025-01-22 04:13:51.744998,2025-01-22 04:14:05.758968,0 days 00:00:14.013970,1.0704306666514798,2.0787162788023905,0.6667430167381017,2,1,COMPLETE
3775,49.4,2025-01-22 04:13:58.991190,2025-01-22 04:14:16.126924,0 days 00:00:17.135734,1.0937987679618546,0.1561974250120922,0.664303378354956,10,2,COMPLETE
3776,44.12,2025-01-22 04:14:06.060034,2025-01-22 04:14:20.195672,0 days 00:00:14.135638,1.2818174011788595,1.0482334548255403,0.12312492680389081,4,1,COMPLETE
3777,51.09,2025-01-22 04:14:16.266392,2025-01-22 04:14:30.912739,0 days 00:00:14.646347,1.37108939598667,1.0746254251297116,0.2817112347255574,4,1,COMPLETE
3778,50.739999999999995,2025-01-22 04:14:20.315035,2025-01-22 04:14:34.966260,0 days 00:00:14.651225,1.7554519385489684,1.2354429727765042,0.2893701533189079,4,1,COMPLETE
3779,22.919999999999998,2025-01-22 04:14:31.037864,2025-01-22 04:14:47.238697,0 days 00:00:16.200833,1.7181185395197722,1.4298507940792295,0.0011842450306493075,7,1,COMPLETE
3780,50.4,2025-01-22 04:14:35.104504,2025-01-22 04:14:51.316506,0 days 00:00:16.212002,2.5284602418116804,1.4968586107346626,0.3609004382792543,7,1,COMPLETE
3781,52.33,2025-01-22 04:14:47.553595,2025-01-22 04:15:01.085858,0 days 00:00:13.532263,0.9438508713832967,0.831834704985515,0.3421710477394148,2,1,COMPLETE
3782,51.07000000000001,2025-01-22 04:14:51.461985,2025-01-22 04:15:05.160940,0 days 00:00:13.698955,0.8740372036380744,1.7298939388634451,0.5784377969734164,2,1,COMPLETE
3783,51.66,2025-01-22 04:15:01.225260,2025-01-22 04:15:36.717808,0 days 00:00:35.492548,1.2850765136226283,1.7370818710462417,0.5708904633683909,53,3,COMPLETE
3784,23.68,2025-01-22 04:15:05.286968,2025-01-22 04:15:19.845169,0 days 00:00:14.558201,1.314539042397158,1.2961719878418245,0.0022515721124405164,5,1,COMPLETE
3785,52.400000000000006,2025-01-22 04:15:19.994560,2025-01-22 04:15:52.901007,0 days 00:00:32.906447,1.0809142984220446,1.7720815255577957,0.4888902351587249,52,4,COMPLETE
3786,52.1,2025-01-22 04:15:36.844091,2025-01-22 04:15:51.172723,0 days 00:00:14.328632,0.7174647738488747,0.9335343429531994,0.48427670942123835,4,1,COMPLETE
3787,52.410000000000004,2025-01-22 04:15:51.319407,2025-01-22 04:16:48.602702,0 days 00:00:57.283295,1.0648202834507794,1.1566613311936909,0.417369965082794,90,3,COMPLETE
3788,52.87,2025-01-22 04:15:53.396304,2025-01-22 04:16:07.005306,0 days 00:00:13.609002,1.0468915878881195,1.244666956354677,0.4094343940678346,2,1,COMPLETE
3789,51.910000000000004,2025-01-22 04:16:07.158981,2025-01-22 04:16:21.951790,0 days 00:00:14.792809,1.430690073032685,2.178987546122853,0.3316784274618991,4,1,COMPLETE
3790,51.09,2025-01-22 04:16:22.172672,2025-01-22 04:16:36.999862,0 days 00:00:14.827190,0.4848343169340861,1.4736060058640836,0.4327323972617669,6,1,COMPLETE
3791,45.21,2025-01-22 04:16:37.160741,2025-01-22 04:16:50.688308,0 days 00:00:13.527567,0.781036434991558,1.157413706899638,0.1589178809166264,2,1,COMPLETE
3792,46.73,2025-01-22 04:16:48.775495,2025-01-22 04:17:02.496110,0 days 00:00:13.720615,0.8296354741107812,1.4696870686529915,0.7701554253525432,2,1,COMPLETE
3793,51.690000000000005,2025-01-22 04:16:51.144807,2025-01-22 04:17:05.447085,0 days 00:00:14.302278,2.0690001617679545,1.5762136655926888,0.49774692847932783,4,1,COMPLETE
3794,51.41,2025-01-22 04:17:02.635283,2025-01-22 04:17:17.063676,0 days 00:00:14.428393,2.1176636057105247,1.8570537459385692,0.5138681765039032,4,1,COMPLETE
3795,51.64,2025-01-22 04:17:05.612066,2025-01-22 04:17:21.678510,0 days 00:00:16.066444,1.49951189623408,2.0613736050504095,0.35556627099346155,8,1,COMPLETE
3796,51.970000000000006,2025-01-22 04:17:17.231500,2025-01-22 04:17:33.119939,0 days 00:00:15.888439,1.2144978476172175,0.9489155353398929,0.36582900183235423,8,5,COMPLETE
3797,49.54,2025-01-22 04:17:21.828235,2025-01-22 04:17:37.245608,0 days 00:00:15.417373,0.40488984431663944,0.939769370928996,0.3099439227802295,6,1,COMPLETE
3798,30.03,2025-01-22 04:17:33.277258,2025-01-22 04:17:49.181089,0 days 00:00:15.903831,0.9468124545013553,1.3502586798141487,2.0325085202432236,6,1,COMPLETE
3799,51.11,2025-01-22 04:17:37.380137,2025-01-22 04:17:51.010875,0 days 00:00:13.630738,0.9791251722177724,0.6404057657572634,0.5898842224208215,2,1,COMPLETE
3800,51.49,2025-01-22 04:17:49.333764,2025-01-22 04:18:02.551334,0 days 00:00:13.217570,1.1919928092197243,1.0909780040827672,0.5858879929816772,2,1,COMPLETE
3801,50.660000000000004,2025-01-22 04:17:51.677012,2025-01-22 04:18:06.122569,0 days 00:00:14.445557,1.147200231501295,0.012972056982022098,0.4450170958086949,4,1,COMPLETE
3802,52.019999999999996,2025-01-22 04:18:02.689767,2025-01-22 04:18:17.191783,0 days 00:00:14.502016,1.7008293370558172,1.747919228901456,0.44675347762813206,4,1,COMPLETE
3803,51.82,2025-01-22 04:18:06.286465,2025-01-22 04:18:20.434768,0 days 00:00:14.148303,1.6136524272451491,1.65926072351059,0.38953666628624256,4,1,COMPLETE
3804,52.629999999999995,2025-01-22 04:18:17.320627,2025-01-22 04:18:30.921930,0 days 00:00:13.601303,1.4170308093772328,1.3316008140094093,0.3939936784629023,2,1,COMPLETE
3805,50.67,2025-01-22 04:18:20.572869,2025-01-22 04:18:33.998107,0 days 00:00:13.425238,0.6267856233876983,1.3165729699219508,0.29363915008690517,2,1,COMPLETE
3806,51.4,2025-01-22 04:18:31.045924,2025-01-22 04:18:46.566267,0 days 00:00:15.520343,0.8731150406947554,0.8107145571535285,0.29975232837920335,6,1,COMPLETE
3807,52.03,2025-01-22 04:18:34.123071,2025-01-22 04:18:49.511071,0 days 00:00:15.388000,0.9310248948461209,0.7910160632088508,0.5103755836508858,6,1,COMPLETE
3808,51.81,2025-01-22 04:18:46.725831,2025-01-22 04:19:03.814137,0 days 00:00:17.088306,1.2631267686433352,2.077965767883867,0.5063869063237096,10,2,COMPLETE
3809,52.239999999999995,2025-01-22 04:18:49.643191,2025-01-22 04:19:04.451010,0 days 00:00:14.807819,1.3112102775763919,1.119481704528133,0.4791729896643906,4,1,COMPLETE
3810,52.080000000000005,2025-01-22 04:19:04.142078,2025-01-22 04:19:18.244303,0 days 00:00:14.102225,1.114786426977558,1.1278838363109618,0.3523697422766583,4,1,COMPLETE
3811,50.32,2025-01-22 04:19:04.586044,2025-01-22 04:19:18.259404,0 days 00:00:13.673360,1.0837440300722638,0.0018469505818568496,0.3737503259892167,2,1,COMPLETE
3812,47.449999999999996,2025-01-22 04:19:18.391086,2025-01-22 04:19:32.074557,0 days 00:00:13.683471,0.7627681749537908,1.527620432183147,0.7240527553165637,2,1,COMPLETE
3813,47.82,2025-01-22 04:19:18.397106,2025-01-22 04:19:31.983496,0 days 00:00:13.586390,0.7456932027399128,1.5003413132567582,0.702555182870801,2,1,COMPLETE
3814,52.15,2025-01-22 04:19:32.223271,2025-01-22 04:19:47.140600,0 days 00:00:14.917329,1.4980838312322144,1.869516238192179,0.4245051457237447,5,1,COMPLETE
3815,52.2,2025-01-22 04:19:32.340511,2025-01-22 04:19:46.987555,0 days 00:00:14.647044,1.4583430948840925,2.1306777482898642,0.4246662431160332,5,1,COMPLETE
3816,50.39,2025-01-22 04:19:47.128259,2025-01-22 04:20:03.739000,0 days 00:00:16.610741,0.9732554964755651,1.2998903763025154,0.255269016169795,8,1,COMPLETE
3817,51.18000000000001,2025-01-22 04:19:47.281752,2025-01-22 04:20:03.438546,0 days 00:00:16.156794,0.9465104560297044,1.3008624394431427,0.5783824259590581,8,1,COMPLETE
3818,50.580000000000005,2025-01-22 04:20:03.576216,2025-01-22 04:20:18.489499,0 days 00:00:14.913283,1.8877130211940338,1.0007810278083382,0.3111788122688814,4,1,COMPLETE
3819,51.76,2025-01-22 04:20:03.895441,2025-01-22 04:20:18.487997,0 days 00:00:14.592556,1.2238892544860585,0.9907759036684727,0.3338871357506228,4,1,COMPLETE
3820,52.76,2025-01-22 04:20:18.625445,2025-01-22 04:20:32.505024,0 days 00:00:13.879579,1.1268601550190303,1.628629453305713,0.4993751462981341,2,1,COMPLETE
3821,52.72,2025-01-22 04:20:18.640821,2025-01-22 04:20:32.691813,0 days 00:00:14.050992,1.1359199415217236,1.6295223980381657,0.49303230415411076,2,1,COMPLETE
3822,49.14,2025-01-22 04:20:32.658706,2025-01-22 04:20:48.211731,0 days 00:00:15.553025,0.5542973322775167,1.8969945801659358,0.5919082271965657,6,1,COMPLETE
3823,51.559999999999995,2025-01-22 04:20:32.821871,2025-01-22 04:20:47.852977,0 days 00:00:15.031106,0.8264857646821933,0.19013943764011726,0.386967057345893,4,1,COMPLETE
3824,51.11,2025-01-22 04:20:48.005988,2025-01-22 04:21:03.980286,0 days 00:00:15.974298,1.3710389122879256,1.8319706127555178,0.5945734918641101,6,1,COMPLETE
3825,52.739999999999995,2025-01-22 04:20:48.390681,2025-01-22 04:21:02.793809,0 days 00:00:14.403128,1.3817817875772462,1.1841598196482719,0.43879889186451604,2,1,COMPLETE
3826,52.31,2025-01-22 04:21:02.941301,2025-01-22 04:21:18.775388,0 days 00:00:15.834087,0.989580944523823,1.4578188359081674,0.3590411916288365,6,1,COMPLETE
3827,51.71,2025-01-22 04:21:04.143354,2025-01-22 04:21:19.299033,0 days 00:00:15.155679,1.6520467940114123,1.4605961313765359,0.3569805931041108,4,1,COMPLETE
3828,52.290000000000006,2025-01-22 04:21:18.902045,2025-01-22 04:21:32.197365,0 days 00:00:13.295320,1.7891019530554062,1.3949070942175492,0.444324445647791,2,1,COMPLETE
3829,52.480000000000004,2025-01-22 04:21:19.432160,2025-01-22 04:21:33.326295,0 days 00:00:13.894135,0.6896259285722386,1.139230452062083,0.4457363865692844,2,1,COMPLETE
3830,48.94,2025-01-22 04:21:32.354785,2025-01-22 04:21:45.573214,0 days 00:00:13.218429,0.6819859197848303,2.212412352846653,0.26519992462695263,2,1,COMPLETE
3831,50.92,2025-01-22 04:21:33.491544,2025-01-22 04:21:48.070295,0 days 00:00:14.578751,0.8274212995283761,0.8993834746055662,0.27696424301010236,4,1,COMPLETE
3832,51.55,2025-01-22 04:21:45.723225,2025-01-22 04:22:00.172437,0 days 00:00:14.449212,0.8755285034156266,0.524577084582271,0.5429201632146972,4,1,COMPLETE
3833,48.449999999999996,2025-01-22 04:21:48.302187,2025-01-22 04:22:02.728203,0 days 00:00:14.426016,1.2210034050404126,1.2348783463504178,0.1908859534652059,4,1,COMPLETE
3834,46.39,2025-01-22 04:22:00.299273,2025-01-22 04:22:14.530165,0 days 00:00:14.230892,1.2238281422397252,1.243388751489724,0.8402523140440253,4,1,COMPLETE
3835,52.019999999999996,2025-01-22 04:22:03.138349,2025-01-22 04:22:18.691566,0 days 00:00:15.553217,1.0086839369897382,1.748533690460786,0.3955363447105664,7,1,COMPLETE
3836,51.980000000000004,2025-01-22 04:22:14.686014,2025-01-22 04:22:30.538571,0 days 00:00:15.852557,0.9963362226196614,1.779771286003863,0.3947406522886836,7,1,COMPLETE
3837,52.470000000000006,2025-01-22 04:22:18.828400,2025-01-22 04:22:32.514857,0 days 00:00:13.686457,1.4982639635870028,1.5751984782747055,0.5133195976107578,2,1,COMPLETE
3838,51.55,2025-01-22 04:22:30.686924,2025-01-22 04:22:44.415800,0 days 00:00:13.728876,1.5149694299944683,0.992814073068516,0.3122751279648181,2,1,COMPLETE
3839,48.980000000000004,2025-01-22 04:22:33.010535,2025-01-22 04:22:46.433201,0 days 00:00:13.422666,1.3176770444839006,0.047978091189109444,0.6628997765803749,2,1,COMPLETE
3840,49.57,2025-01-22 04:22:44.558940,2025-01-22 04:22:59.116823,0 days 00:00:14.557883,1.114014735353729,2.2336101132687163,0.6765638003350762,5,1,COMPLETE
3841,52.04,2025-01-22 04:22:46.917055,2025-01-22 04:23:04.245704,0 days 00:00:17.328649,1.0801111043795577,2.1872036925160185,0.46837492490479027,10,2,COMPLETE
3842,51.92,2025-01-22 04:22:59.242120,2025-01-22 04:23:16.170859,0 days 00:00:16.928739,0.8469236710131697,0.816462223520683,0.470207196367566,10,2,COMPLETE
3843,50.81,2025-01-22 04:23:04.387227,2025-01-22 04:23:18.674969,0 days 00:00:14.287742,1.823470539456469,0.7622162572841092,0.35304607951336037,4,1,COMPLETE
3844,51.01,2025-01-22 04:23:16.308074,2025-01-22 04:23:31.188731,0 days 00:00:14.880657,2.1176824436522432,1.3908406306607821,0.3438209804329402,4,1,COMPLETE
3845,51.67,2025-01-22 04:23:18.916833,2025-01-22 04:23:34.215769,0 days 00:00:15.298936,1.26769173644783,1.42316607487564,0.5532130889226357,6,1,COMPLETE
3846,51.559999999999995,2025-01-22 04:23:31.332469,2025-01-22 04:23:46.182187,0 days 00:00:14.849718,1.3162657806150087,1.0512210953991883,0.5498423669343145,6,1,COMPLETE
3847,52.449999999999996,2025-01-22 04:23:34.349379,2025-01-22 04:24:06.233981,0 days 00:00:31.884602,0.9377979650848226,1.1915206555311957,0.4077935127177371,42,3,COMPLETE
3848,52.839999999999996,2025-01-22 04:23:46.342996,2025-01-22 04:24:00.123416,0 days 00:00:13.780420,0.9468481001490158,1.1525570455525904,0.403187706848398,2,1,COMPLETE
3849,52.459999999999994,2025-01-22 04:24:00.256498,2025-01-22 04:24:13.817857,0 days 00:00:13.561359,0.7492511751345576,1.8371763563695835,0.4231404459141343,2,1,COMPLETE
3850,51.57000000000001,2025-01-22 04:24:06.538393,2025-01-22 04:24:20.587554,0 days 00:00:14.049161,1.6519495605942938,1.801410127034088,0.3097623959521417,2,1,COMPLETE
3851,51.9,2025-01-22 04:24:13.943873,2025-01-22 04:24:28.951237,0 days 00:00:15.007364,1.131860853266148,1.5565141186379177,0.30751360449127624,4,1,COMPLETE
3852,52.239999999999995,2025-01-22 04:24:20.704777,2025-01-22 04:24:34.901307,0 days 00:00:14.196530,1.0368697875205082,1.5133656891684184,0.47668515090192815,4,1,COMPLETE
3853,52.17,2025-01-22 04:24:29.092322,2025-01-22 04:24:44.412108,0 days 00:00:15.319786,1.4226777309335046,1.0153777314735175,0.4888968550708657,4,1,COMPLETE
3854,51.05,2025-01-22 04:24:35.425422,2025-01-22 04:24:52.070115,0 days 00:00:16.644693,1.4056666844539636,0.37839206712045786,0.3735623037061684,8,1,COMPLETE
3855,49.69,2025-01-22 04:24:44.550361,2025-01-22 04:25:00.102759,0 days 00:00:15.552398,2.490407508870032,0.38480954003622175,0.611561922348695,6,1,COMPLETE
3856,50.06,2025-01-22 04:24:52.219177,2025-01-22 04:25:05.774935,0 days 00:00:13.555758,0.8283547146270873,1.295049655360625,0.24293679373795943,2,1,COMPLETE
3857,52.72,2025-01-22 04:25:00.374629,2025-01-22 04:25:14.362391,0 days 00:00:13.987762,0.8366744238021707,1.3289569304889408,0.42958667349954377,2,1,COMPLETE
3858,52.839999999999996,2025-01-22 04:25:06.023425,2025-01-22 04:25:19.857677,0 days 00:00:13.834252,1.1539906068717416,0.9202857999339197,0.4366483996052631,2,1,COMPLETE
3859,50.62,2025-01-22 04:25:14.681518,2025-01-22 04:25:29.828953,0 days 00:00:15.147435,0.589581075655319,2.0852254196920232,0.34749684752895654,5,1,COMPLETE
3860,51.23,2025-01-22 04:25:20.000629,2025-01-22 04:25:34.551464,0 days 00:00:14.550835,1.7751928463649687,2.0828656228226823,0.3420768009459964,5,1,COMPLETE
3861,51.59,2025-01-22 04:25:29.959016,2025-01-22 04:25:44.754322,0 days 00:00:14.795306,1.7486812086655528,1.6063309628424876,0.5374149222594778,4,1,COMPLETE
3862,51.2,2025-01-22 04:25:34.715601,2025-01-22 04:25:49.023242,0 days 00:00:14.307641,1.01642463474716,0.10973003255593375,0.5328176377840639,4,1,COMPLETE
3863,30.320000000000004,2025-01-22 04:25:45.032841,2025-01-22 04:26:01.377180,0 days 00:00:16.344339,1.0720610860616901,1.1827759405422091,0.02969928919060024,8,2,COMPLETE
3864,51.67,2025-01-22 04:25:49.171671,2025-01-22 04:26:05.475277,0 days 00:00:16.303606,1.2053332440982347,0.6588716111214165,0.3858769049069855,8,2,COMPLETE
3865,52.27,2025-01-22 04:26:01.541922,2025-01-22 04:26:15.340472,0 days 00:00:13.798550,1.3035132991027196,0.6894781298153455,0.3897548219145335,2,1,COMPLETE
3866,52.349999999999994,2025-01-22 04:26:05.637304,2025-01-22 04:26:18.930233,0 days 00:00:13.292929,0.6992416787311132,1.4819677561887394,0.4673262257021066,2,1,COMPLETE
3867,0.5,2025-01-22 04:26:15.488499,2025-01-22 04:26:31.971950,0 days 00:00:16.483451,0.0010172428738114176,1.4930917104163306,0.6051625603195527,6,1,COMPLETE
3868,50.33,2025-01-22 04:26:19.061630,2025-01-22 04:26:33.993991,0 days 00:00:14.932361,0.9312583708686705,1.755089817453913,0.6086488348591714,6,1,COMPLETE
3869,52.31,2025-01-22 04:26:32.104646,2025-01-22 04:26:46.362888,0 days 00:00:14.258242,0.9407384682434423,1.084026422475548,0.48063908362263286,4,1,COMPLETE
3870,50.839999999999996,2025-01-22 04:26:34.461758,2025-01-22 04:27:03.026893,0 days 00:00:28.565135,1.4318996604021084,0.9867976993920305,0.28307391674269705,38,3,COMPLETE
3871,51.25999999999999,2025-01-22 04:26:46.503413,2025-01-22 04:27:00.259190,0 days 00:00:13.755777,1.5180212530555313,0.868186791705288,0.3059020339533646,2,1,COMPLETE
3872,51.17,2025-01-22 04:27:00.410655,2025-01-22 04:27:14.782732,0 days 00:00:14.372077,1.1948299118121983,1.24950463980666,0.27331385077395876,4,1,COMPLETE
3873,0.5,2025-01-22 04:27:03.192950,2025-01-22 04:27:18.146676,0 days 00:00:14.953726,0.022899246283013732,1.212251962015319,0.7850279414288699,4,1,COMPLETE
3874,46.29,2025-01-22 04:27:14.938881,2025-01-22 04:27:28.917299,0 days 00:00:13.978418,0.7543492554711893,1.8269703965748705,0.7699526780123446,2,1,COMPLETE
3875,52.38,2025-01-22 04:27:18.271668,2025-01-22 04:27:32.193532,0 days 00:00:13.921864,0.758302989458191,1.8510555355062255,0.38301760273322605,2,1,COMPLETE
3876,52.839999999999996,2025-01-22 04:27:29.073161,2025-01-22 04:27:42.522360,0 days 00:00:13.449199,1.1412849932405635,1.4734846321632555,0.39609997801060287,2,1,COMPLETE
3877,52.35999999999999,2025-01-22 04:27:32.330447,2025-01-22 04:27:47.402872,0 days 00:00:15.072425,1.0967967655479132,1.4011698658010314,0.4068259483153962,6,1,COMPLETE
3878,51.57000000000001,2025-01-22 04:27:42.700565,2025-01-22 04:27:58.240092,0 days 00:00:15.539527,1.6105148316861224,2.245117991800763,0.5128005871507093,6,1,COMPLETE
3879,52.22,2025-01-22 04:27:47.527457,2025-01-22 04:28:02.288046,0 days 00:00:14.760589,1.3390655757546976,2.1675919418118608,0.5025549581456773,4,1,COMPLETE
3880,52.03,2025-01-22 04:27:58.375632,2025-01-22 04:28:13.419484,0 days 00:00:15.043852,0.9105906818123752,1.0501687226002474,0.33997853059763566,4,1,COMPLETE
3881,51.800000000000004,2025-01-22 04:28:02.418229,2025-01-22 04:28:16.576837,0 days 00:00:14.158608,0.947087941740318,1.0737455485147989,0.324629430319044,4,1,COMPLETE
3882,51.82,2025-01-22 04:28:13.574893,2025-01-22 04:28:27.524399,0 days 00:00:13.949506,2.069476003321655,1.5472905776321004,0.46866987501290425,2,1,COMPLETE
3883,52.0,2025-01-22 04:28:16.901644,2025-01-22 04:28:30.230353,0 days 00:00:13.328709,2.0044220190153204,1.661599320605583,0.4423003016052566,2,1,COMPLETE
3884,50.09,2025-01-22 04:28:27.677099,2025-01-22 04:28:43.886775,0 days 00:00:16.209676,1.2755006039608923,0.02858863265593955,0.651485105645879,8,1,COMPLETE
3885,48.74,2025-01-22 04:28:30.369835,2025-01-22 04:28:46.352434,0 days 00:00:15.982599,3.618505772896249,1.2321253688343987,0.6585065248714704,8,1,COMPLETE
3886,50.78,2025-01-22 04:28:44.013472,2025-01-22 04:28:58.941194,0 days 00:00:14.927722,0.6346802888415505,1.2973537155617636,0.5575131833157284,6,1,COMPLETE
3887,50.739999999999995,2025-01-22 04:28:46.746499,2025-01-22 04:29:01.718827,0 days 00:00:14.972328,0.6189677127569291,0.8772925706093901,0.5607281768762508,6,1,COMPLETE
3888,49.730000000000004,2025-01-22 04:28:59.082509,2025-01-22 04:29:13.677686,0 days 00:00:14.595177,1.0653342334073632,0.8521416782644379,0.2239531479991489,4,1,COMPLETE
3889,0.51,2025-01-22 04:29:01.873560,2025-01-22 04:29:16.270780,0 days 00:00:14.397220,0.002694590901900034,1.7146578655378248,0.22191671693242251,2,1,COMPLETE
3890,52.16,2025-01-22 04:29:13.814215,2025-01-22 04:29:27.313385,0 days 00:00:13.499170,1.6447434577453595,1.859212383069187,0.3597167698116333,2,1,COMPLETE
3891,52.28,2025-01-22 04:29:16.428584,2025-01-22 04:29:29.691346,0 days 00:00:13.262762,1.4770675089404401,1.323439809919125,0.36097903746428106,2,1,COMPLETE
3892,52.49,2025-01-22 04:29:27.455511,2025-01-22 04:29:41.747968,0 days 00:00:14.292457,0.8509349017871793,1.4041765363666816,0.4411646525526608,4,1,COMPLETE
3893,52.5,2025-01-22 04:29:30.147332,2025-01-22 04:29:44.550559,0 days 00:00:14.403227,0.8566073755798159,1.0675974014624732,0.44699836952244276,4,1,COMPLETE
3894,52.39,2025-01-22 04:29:41.873866,2025-01-22 04:29:56.145714,0 days 00:00:14.271848,1.215809544027738,1.0781312008487227,0.44892776292789827,4,1,COMPLETE
