number,value,datetime_start,datetime_complete,duration,params_gamma_1,params_gamma_2,params_lambda,params_n_clusters,params_n_neighbors,state
808,51.78,2025-01-21 21:07:59.105687,2025-01-21 21:08:14.567135,0 days 00:00:15.461448,1.2502698663458083,0.9199403232231186,0.47202031421598356,7,2,COMPLETE
809,51.94,2025-01-21 21:08:14.677271,2025-01-21 21:08:34.609795,0 days 00:00:19.932524,1.40734838467983,2.080692487783352,0.3427522243730163,22,6,COMPLETE
810,49.55,2025-01-21 21:08:34.728887,2025-01-21 21:08:57.405552,0 days 00:00:22.676665,4.101290523493753,1.3160525894442194,0.4217202263322558,29,4,COMPLETE
811,47.870000000000005,2025-01-21 21:08:57.489461,2025-01-21 21:09:17.526476,0 days 00:00:20.037015,0.7026378313638,1.5778335090400235,0.21289589618624796,23,7,COMPLETE
812,35.07,2025-01-21 21:09:17.609774,2025-01-21 21:09:40.039769,0 days 00:00:22.429995,0.9961395525161735,1.8308283405437686,1.73224205743421,26,5,COMPLETE
813,50.519999999999996,2025-01-21 21:09:40.138075,2025-01-21 21:10:11.247886,0 days 00:00:31.109811,0.8608932131474936,2.2739085007410202,0.5350500497393047,50,32,COMPLETE
814,51.13999999999999,2025-01-21 21:10:11.343714,2025-01-21 21:10:30.452921,0 days 00:00:19.109207,1.149179457810117,1.1919271290819315,0.6269250256219053,19,7,COMPLETE
815,51.38,2025-01-21 21:10:30.526641,2025-01-21 21:10:47.957015,0 days 00:00:17.430374,1.6262877565266267,0.9448978524311097,0.39739931611215185,15,8,COMPLETE
816,50.36000000000001,2025-01-21 21:10:48.048692,2025-01-21 21:11:07.552513,0 days 00:00:19.503821,0.47753546244239264,1.4384213812381483,0.48589200184114123,21,19,COMPLETE
817,51.31,2025-01-21 21:11:07.648626,2025-01-21 21:11:25.995043,0 days 00:00:18.346417,0.7938007346249211,1.7099589577542857,0.2912186301915037,17,8,COMPLETE
818,52.239999999999995,2025-01-21 21:11:26.094240,2025-01-21 21:11:39.537203,0 days 00:00:13.442963,1.0343615784506033,2.0448460379279676,0.3495228059744774,3,1,COMPLETE
819,52.190000000000005,2025-01-21 21:11:39.623935,2025-01-21 21:11:59.926109,0 days 00:00:20.302174,0.62488046532271,1.1181478280151915,0.4512352464178306,24,6,COMPLETE
820,51.28,2025-01-21 21:12:00.014681,2025-01-21 21:12:22.221386,0 days 00:00:22.206705,1.3658651802893158,3.826546698242365,0.5320078679226227,27,16,COMPLETE
821,50.029999999999994,2025-01-21 21:12:22.314703,2025-01-21 21:12:41.950026,0 days 00:00:19.635323,2.2222615610517833,3.035933173250528,0.7074973901076416,22,7,COMPLETE
822,52.32,2025-01-21 21:12:42.032956,2025-01-21 21:13:00.867021,0 days 00:00:18.834065,0.9096477067430884,2.3941614989913993,0.39330840089102675,20,7,COMPLETE
823,51.76,2025-01-21 21:13:00.945859,2025-01-21 21:13:21.854173,0 days 00:00:20.908314,1.1883555099698135,1.3929171535412919,0.5645008069905041,25,9,COMPLETE
824,51.92,2025-01-21 21:13:21.959289,2025-01-21 21:13:40.671204,0 days 00:00:18.711915,0.9788437431236566,1.685008076792182,0.31198971545629944,18,8,COMPLETE
825,52.43,2025-01-21 21:13:40.765433,2025-01-21 21:14:00.677129,0 days 00:00:19.911696,0.7250596259602151,0.7808555161921357,0.4306705340422361,23,6,COMPLETE
826,52.33,2025-01-21 21:14:00.762151,2025-01-21 21:14:24.079701,0 days 00:00:23.317550,1.1526580549022014,1.9210835648288798,0.48140941619857597,31,4,COMPLETE
827,51.82,2025-01-21 21:14:24.173056,2025-01-21 21:14:46.562235,0 days 00:00:22.389179,1.4114406449715697,1.28335093637018,0.3641553733012809,27,5,COMPLETE
828,50.870000000000005,2025-01-21 21:14:46.660729,2025-01-21 21:15:05.648636,0 days 00:00:18.987907,1.8252341534902226,2.744739214940339,0.6363713534107402,20,7,COMPLETE
829,52.21,2025-01-21 21:15:05.725998,2025-01-21 21:15:21.862852,0 days 00:00:16.136854,0.8361461664952565,1.5017726637828348,0.42887138667200686,10,8,COMPLETE
830,52.21,2025-01-21 21:15:21.944105,2025-01-21 21:15:38.603232,0 days 00:00:16.659127,1.0141912692243682,0.966189957993661,0.5086542548400962,13,8,COMPLETE
831,49.29,2025-01-21 21:15:38.686535,2025-01-21 21:15:58.960367,0 days 00:00:20.273832,1.2413684553395035,0.016927604187265844,0.33771108687432744,24,12,COMPLETE
832,50.64999999999999,2025-01-21 21:15:59.064903,2025-01-21 21:16:17.742802,0 days 00:00:18.677899,0.6179882161940401,1.8105646444027363,0.55771977711212,17,7,COMPLETE
833,23.01,2025-01-21 21:16:17.831004,2025-01-21 21:16:38.921961,0 days 00:00:21.090957,0.8165265875781096,1.114747254060185,0.0014446988871336898,22,6,COMPLETE
834,0.5,2025-01-21 21:16:38.998349,2025-01-21 21:17:02.825762,0 days 00:00:23.827413,0.009715440379507856,2.4462008991365303,0.3845020351797846,29,5,COMPLETE
835,47.58,2025-01-21 21:17:02.932643,2025-01-21 21:17:20.244788,0 days 00:00:17.312145,1.505965268084058,1.4517089942259533,0.8619960122675301,15,8,COMPLETE
836,51.32,2025-01-21 21:17:20.336321,2025-01-21 21:17:41.743920,0 days 00:00:21.407599,1.0789638073142067,2.1802005993207376,0.28814815466115395,25,9,COMPLETE
837,52.410000000000004,2025-01-21 21:17:41.820402,2025-01-21 21:18:00.729791,0 days 00:00:18.909389,0.9075336162831017,1.6787263142170517,0.4545175634698719,19,7,COMPLETE
838,50.56,2025-01-21 21:18:00.833488,2025-01-21 21:18:20.288396,0 days 00:00:19.454908,0.7349142133342123,1.2450120077594549,0.6260563031275908,21,6,COMPLETE
839,51.04,2025-01-21 21:18:20.381121,2025-01-21 21:18:40.605043,0 days 00:00:20.223922,0.5323400337260309,2.0100930940255273,0.4010543297985905,23,6,COMPLETE
840,52.300000000000004,2025-01-21 21:18:40.693342,2025-01-21 21:19:03.013862,0 days 00:00:22.320520,1.1703287721511852,1.3471638123462486,0.4866097789653149,28,10,COMPLETE
841,51.61,2025-01-21 21:19:03.104583,2025-01-21 21:19:25.316341,0 days 00:00:22.211758,1.373948133562885,1.082905669573432,0.3268963715181215,26,9,COMPLETE
842,52.03,2025-01-21 21:19:25.402710,2025-01-21 21:19:43.596488,0 days 00:00:18.193778,0.9438374991610282,1.6176899843419064,0.5464710526274222,17,8,COMPLETE
843,51.44,2025-01-21 21:19:43.678563,2025-01-21 21:20:20.085865,0 days 00:00:36.407302,1.6388718714590167,0.8108143352671265,0.4290107630345511,60,11,COMPLETE
844,35.809999999999995,2025-01-21 21:19:59.436753,2025-01-21 21:20:19.642608,0 days 00:00:20.205855,1.064141352408846,0.888953920570705,0.058011239462813224,20,7,COMPLETE
845,49.41,2025-01-21 21:20:19.734264,2025-01-21 21:20:40.241079,0 days 00:00:20.506815,1.7032918150336644,2.622528158416892,0.7604790914521028,23,6,COMPLETE
846,48.120000000000005,2025-01-21 21:20:20.190320,2025-01-21 21:20:40.960391,0 days 00:00:20.770071,0.7711108193071087,2.682250074862075,0.2427764757850045,23,6,COMPLETE
847,50.86000000000001,2025-01-21 21:20:40.321868,2025-01-21 21:21:01.850616,0 days 00:00:21.528748,0.7140017289552035,0.13992596567688975,0.3495802682395174,25,6,COMPLETE
848,52.300000000000004,2025-01-21 21:20:41.056543,2025-01-21 21:21:00.543717,0 days 00:00:19.487174,1.2138889048211339,1.7884006641672074,0.365579468962779,18,7,COMPLETE
849,52.28,2025-01-21 21:21:00.630754,2025-01-21 21:21:22.790499,0 days 00:00:22.159745,0.8918872570633154,1.4412260731243882,0.4829910510919106,25,5,COMPLETE
850,50.74999999999999,2025-01-21 21:21:01.940743,2025-01-21 21:21:22.185674,0 days 00:00:20.244931,0.9401306906204203,1.4291322426763662,0.6255566919058727,21,7,COMPLETE
851,52.05,2025-01-21 21:21:22.296324,2025-01-21 21:21:40.463704,0 days 00:00:18.167380,0.8819758030846545,2.068735423670422,0.48811222897927525,14,8,COMPLETE
852,52.16,2025-01-21 21:21:22.891672,2025-01-21 21:21:40.783017,0 days 00:00:17.891345,1.3499787818957754,1.9412118642492908,0.43438899342180576,15,8,COMPLETE
853,52.15,2025-01-21 21:21:40.551785,2025-01-21 21:22:00.469064,0 days 00:00:19.917279,1.3236805590911809,3.459633382278707,0.4147850503822989,21,7,COMPLETE
854,51.42,2025-01-21 21:21:40.874523,2025-01-21 21:22:31.701854,0 days 00:00:50.827331,1.0897767301400862,1.2133621847801208,0.2909594103655349,89,4,COMPLETE
855,51.81,2025-01-21 21:22:00.561013,2025-01-21 21:22:19.422950,0 days 00:00:18.861937,1.0853777701125669,1.155707399878307,0.5766280941287261,19,7,COMPLETE
856,0.5,2025-01-21 21:22:19.517404,2025-01-21 21:22:43.986433,0 days 00:00:24.469029,0.02159724681619841,1.5772341913125472,0.2856771551196366,28,9,COMPLETE
857,45.11,2025-01-21 21:22:31.787575,2025-01-21 21:22:54.857675,0 days 00:00:23.070100,0.6343300059287273,1.6669790912662499,0.17414237972618396,27,9,COMPLETE
858,0.5,2025-01-21 21:22:44.086683,2025-01-21 21:23:05.340054,0 days 00:00:21.253371,0.03699693984031175,2.3208873933213163,0.6715081900303038,22,7,COMPLETE
859,51.42,2025-01-21 21:22:54.933211,2025-01-21 21:23:15.054724,0 days 00:00:20.121513,0.7593001400830973,2.2587718272353574,0.5340880483511415,22,7,COMPLETE
860,51.09,2025-01-21 21:23:05.405364,2025-01-21 21:23:26.635077,0 days 00:00:21.229713,1.969988192571472,0.9874489006394819,0.5272723568150754,24,6,COMPLETE
861,52.449999999999996,2025-01-21 21:23:15.139089,2025-01-21 21:23:33.388738,0 days 00:00:18.249649,0.9963290630139476,0.9959582095406582,0.38752073428777417,17,8,COMPLETE
862,52.349999999999994,2025-01-21 21:23:26.723377,2025-01-21 21:23:47.248177,0 days 00:00:20.524800,1.0003172587302092,1.2438874354398615,0.3812294632534466,19,8,COMPLETE
863,49.96,2025-01-21 21:23:33.482391,2025-01-21 21:23:52.644612,0 days 00:00:19.162221,2.868425030193399,1.2997956971212532,0.3377400654674907,19,8,COMPLETE
864,24.16,2025-01-21 21:23:47.338117,2025-01-21 21:24:10.211164,0 days 00:00:22.873047,1.4713644948862188,3.052645000036256,0.008567574424501057,25,9,COMPLETE
865,52.49,2025-01-21 21:23:52.732776,2025-01-21 21:24:09.374628,0 days 00:00:16.641852,1.4602533324901665,1.8421137806872607,0.44416133032986227,11,6,COMPLETE
866,52.290000000000006,2025-01-21 21:24:09.473498,2025-01-21 21:24:31.476134,0 days 00:00:22.002636,1.2246434021448724,1.5670905371998602,0.46938589608872977,25,9,COMPLETE
867,52.59,2025-01-21 21:24:10.312795,2025-01-21 21:24:34.648025,0 days 00:00:24.335230,1.2235766837809587,1.6874415444648718,0.45296589573266555,26,5,COMPLETE
868,50.83,2025-01-21 21:24:31.560295,2025-01-21 21:24:55.174022,0 days 00:00:23.613727,0.8137342068501403,1.8886698114267548,0.5972561036375349,31,5,COMPLETE
869,51.64,2025-01-21 21:24:34.734854,2025-01-21 21:25:00.262713,0 days 00:00:25.527859,1.8718244435478177,2.048136189519606,0.3293208352861392,31,4,COMPLETE
870,51.580000000000005,2025-01-21 21:24:55.255711,2025-01-21 21:25:18.754008,0 days 00:00:23.498297,1.6390078603125566,2.170698868661814,0.3240243266217087,28,5,COMPLETE
871,52.059999999999995,2025-01-21 21:25:00.357296,2025-01-21 21:25:25.260710,0 days 00:00:24.903414,1.622831016932643,2.3943259688229515,0.37838393355876776,29,4,COMPLETE
872,51.800000000000004,2025-01-21 21:25:18.851601,2025-01-21 21:25:42.588828,0 days 00:00:23.737227,1.2748691718889682,0.6503131246140924,0.40573870419531116,29,5,COMPLETE
873,52.470000000000006,2025-01-21 21:25:25.350043,2025-01-21 21:25:49.046755,0 days 00:00:23.696712,1.2737335963154188,1.7081657167771882,0.4274649848834837,27,5,COMPLETE
874,28.49,2025-01-21 21:25:42.680484,2025-01-21 21:26:06.652645,0 days 00:00:23.972161,1.1686578224365007,1.6705162826852138,2.332547583443891,27,2,COMPLETE
875,49.64,2025-01-21 21:25:49.139827,2025-01-21 21:26:12.537697,0 days 00:00:23.397870,1.0977682712172385,1.4145800107483832,0.7371383447058427,26,5,COMPLETE
876,51.92,2025-01-21 21:26:06.757154,2025-01-21 21:26:24.978084,0 days 00:00:18.220930,1.364605682482192,1.3695858046043257,0.5217428335659652,16,8,COMPLETE
877,51.790000000000006,2025-01-21 21:26:12.628599,2025-01-21 21:26:32.001659,0 days 00:00:19.373060,1.4187536413829736,3.052929589966698,0.5315659938012505,17,6,COMPLETE
878,43.74,2025-01-21 21:26:25.055757,2025-01-21 21:26:45.530030,0 days 00:00:20.474273,0.057136782304297695,0.02748931062278964,0.48038812912333334,21,6,COMPLETE
879,52.68000000000001,2025-01-21 21:26:32.085664,2025-01-21 21:26:52.468634,0 days 00:00:20.382970,1.0685882711512786,1.0901691848066353,0.458009091098893,21,6,COMPLETE
880,46.2,2025-01-21 21:26:45.621467,2025-01-21 21:27:06.606954,0 days 00:00:20.985487,0.2561338165350197,1.0688212989094894,0.637480685279211,24,6,COMPLETE
881,50.24999999999999,2025-01-21 21:26:52.563257,2025-01-21 21:27:20.053972,0 days 00:00:27.490715,2.2193337410105474,0.9624562871032497,0.6482174013935388,33,4,COMPLETE
882,50.86000000000001,2025-01-21 21:27:06.831849,2025-01-21 21:27:27.033590,0 days 00:00:20.201741,1.7818383740597274,0.7031918585503526,0.6126284214929839,23,6,COMPLETE
883,51.300000000000004,2025-01-21 21:27:20.271672,2025-01-21 21:27:41.135658,0 days 00:00:20.863986,1.6008650636161172,0.7882041089207252,0.5606113823083523,23,6,COMPLETE
884,52.54,2025-01-21 21:27:27.122856,2025-01-21 21:27:47.225857,0 days 00:00:20.103001,1.1319858183061182,0.9102916455691976,0.45841714230732133,22,6,COMPLETE
885,50.64999999999999,2025-01-21 21:27:41.222300,2025-01-21 21:28:05.132890,0 days 00:00:23.910590,1.1467497315415496,0.006095553670925088,0.4580520353721915,26,5,COMPLETE
886,48.85,2025-01-21 21:27:47.306380,2025-01-21 21:28:10.422957,0 days 00:00:23.116577,1.2816997002929469,0.8150784225373455,0.7908996871806304,26,5,COMPLETE
887,52.31,2025-01-21 21:28:05.227411,2025-01-21 21:28:25.717733,0 days 00:00:20.490322,1.3566003954245598,1.1162273118587493,0.3827307014638477,20,6,COMPLETE
888,26.040000000000003,2025-01-21 21:28:10.529488,2025-01-21 21:28:31.022682,0 days 00:00:20.493194,0.9993122017240034,1.1111767813017641,0.011761298689945224,8,6,COMPLETE
889,51.839999999999996,2025-01-21 21:28:25.825278,2025-01-21 21:28:42.063451,0 days 00:00:16.238173,0.9847862706055877,1.173784625014579,0.5214682485574071,8,6,COMPLETE
890,52.38,2025-01-21 21:28:31.117375,2025-01-21 21:28:52.589274,0 days 00:00:21.471899,0.9741084771838855,2.5334852863635415,0.5136130093760276,24,6,COMPLETE
891,52.18000000000001,2025-01-21 21:28:42.442989,2025-01-21 21:29:02.791075,0 days 00:00:20.348086,1.4327620648621027,3.8479143967866976,0.4290638543310042,21,6,COMPLETE
892,2.77,2025-01-21 21:28:52.684891,2025-01-21 21:29:10.400676,0 days 00:00:17.715785,0.02786134844797704,0.8917255717552572,0.4317418850776359,13,6,COMPLETE
893,50.739999999999995,2025-01-21 21:29:02.889483,2025-01-21 21:29:21.282831,0 days 00:00:18.393348,1.1568680081712122,4.775080858516185,0.3619581305783768,14,7,COMPLETE
894,52.28,2025-01-21 21:29:10.482896,2025-01-21 21:29:30.654433,0 days 00:00:20.171537,1.1582664779893876,1.9780077295449652,0.3565553832204018,19,7,COMPLETE
895,51.43,2025-01-21 21:29:21.377005,2025-01-21 21:29:41.700303,0 days 00:00:20.323298,0.9156360280219333,1.2793669931995009,0.5972043516678044,19,6,COMPLETE
896,51.61,2025-01-21 21:29:30.760129,2025-01-21 21:29:55.133112,0 days 00:00:24.372983,0.8611682313354869,1.3066132896046339,0.5577906354505701,30,5,COMPLETE
897,30.11,2025-01-21 21:29:41.792794,2025-01-21 21:29:53.523239,0 days 00:00:11.730445,0.15593404059332178,2.7781546457837454,0.7000113881526555,1,1,COMPLETE
898,51.27,2025-01-21 21:29:53.617001,2025-01-21 21:30:18.556483,0 days 00:00:24.939482,1.62628238180014,1.5302975071621336,0.27262225502483145,29,5,COMPLETE
899,51.43,2025-01-21 21:29:55.644959,2025-01-21 21:30:16.676034,0 days 00:00:21.031075,1.4966952207650637,1.5998701394727162,0.29382497157031956,23,7,COMPLETE
900,52.6,2025-01-21 21:30:16.757885,2025-01-21 21:30:39.208757,0 days 00:00:22.450872,1.0805458772590957,1.0324761654510177,0.462118364451786,26,6,COMPLETE
901,51.24999999999999,2025-01-21 21:30:18.825121,2025-01-21 21:30:41.592095,0 days 00:00:22.766974,1.9559960294982843,0.9804592483059001,0.47060868180371457,25,5,COMPLETE
902,45.12,2025-01-21 21:30:39.292586,2025-01-21 21:31:02.499018,0 days 00:00:23.206432,2.03614029623669,0.6269432856761485,1.001219685345184,28,21,COMPLETE
903,46.69,2025-01-21 21:30:41.763436,2025-01-21 21:31:05.875079,0 days 00:00:24.111643,1.364289528389891,0.5305691248706053,0.9194008763077359,28,5,COMPLETE
904,51.62,2025-01-21 21:31:02.578446,2025-01-21 21:31:26.835155,0 days 00:00:24.256709,1.3683883698951764,0.6752194769552285,0.4992365663735258,28,5,COMPLETE
905,52.059999999999995,2025-01-21 21:31:05.967720,2025-01-21 21:31:31.220635,0 days 00:00:25.252915,1.1387284058281433,0.8546313621930327,0.5189958261759469,31,10,COMPLETE
906,51.85999999999999,2025-01-21 21:31:26.927904,2025-01-21 21:31:52.336462,0 days 00:00:25.408558,1.1178845895966818,0.8383665886775981,0.39575642356299623,32,3,COMPLETE
907,51.980000000000004,2025-01-21 21:31:31.295815,2025-01-21 21:31:53.855923,0 days 00:00:22.560108,1.1285258335535409,0.7866654445768922,0.3981511345693324,25,5,COMPLETE
908,50.019999999999996,2025-01-21 21:31:52.419606,2025-01-21 21:32:15.106135,0 days 00:00:22.686529,0.832458877872896,1.0148092367723425,0.6802207355519311,27,5,COMPLETE
909,50.23,2025-01-21 21:31:54.147937,2025-01-21 21:32:18.271347,0 days 00:00:24.123410,0.8425143135623796,0.9969973628501125,0.6756614030449072,26,5,COMPLETE
910,51.01,2025-01-21 21:32:15.192751,2025-01-21 21:32:37.819447,0 days 00:00:22.626696,2.4224361375206995,2.2888117100530643,0.5832509955879351,26,6,COMPLETE
911,51.459999999999994,2025-01-21 21:32:18.359416,2025-01-21 21:32:33.166333,0 days 00:00:14.806917,1.2661262048635247,2.204170666961556,0.5708499331089469,5,2,COMPLETE
912,51.17,2025-01-21 21:32:33.252975,2025-01-21 21:33:01.053844,0 days 00:00:27.800869,2.569499531997881,1.86762793401683,0.32688232904776665,35,4,COMPLETE
913,52.370000000000005,2025-01-21 21:32:37.895434,2025-01-21 21:32:56.483070,0 days 00:00:18.587636,1.5935391812729374,1.8549020164522394,0.4261235856052927,16,6,COMPLETE
914,51.160000000000004,2025-01-21 21:32:56.587909,2025-01-21 21:33:23.517840,0 days 00:00:26.929931,1.0165966688230372,3.229550065492377,0.32116003879399957,35,10,COMPLETE
915,20.41,2025-01-21 21:33:01.150553,2025-01-21 21:33:22.041462,0 days 00:00:20.890909,1.0022635831970026,3.258758412846335,0.004828632521536334,22,6,COMPLETE
916,0.51,2025-01-21 21:33:22.166506,2025-01-21 21:33:44.060283,0 days 00:00:21.893777,0.005255495196488264,1.1385900875339148,0.47178836362241117,24,6,COMPLETE
917,48.63,2025-01-21 21:33:23.732325,2025-01-21 21:33:45.388349,0 days 00:00:21.656024,0.7021429850767342,1.2057741378314653,0.22312359288662675,24,6,COMPLETE
918,52.42,2025-01-21 21:33:44.130649,2025-01-21 21:34:05.089243,0 days 00:00:20.958594,0.7069963067940613,1.3927792176419662,0.3698142405385144,18,6,COMPLETE
919,52.55,2025-01-21 21:33:45.474737,2025-01-21 21:34:06.835829,0 days 00:00:21.361092,1.290314248152292,1.4554328931083138,0.3781284055789644,21,6,COMPLETE
920,40.61,2025-01-21 21:34:05.175430,2025-01-21 21:34:24.855792,0 days 00:00:19.680362,1.2740953732019065,2.5761828022127444,0.0917746781803087,20,6,COMPLETE
921,52.09,2025-01-21 21:34:07.121237,2025-01-21 21:34:24.770248,0 days 00:00:17.649011,1.6470394861607494,2.5591062524948285,0.46960664000885666,11,6,COMPLETE
922,52.17,2025-01-21 21:34:24.894040,2025-01-21 21:34:48.720719,0 days 00:00:23.826679,0.9008109971863546,0.723785319931562,0.5202441546722473,30,5,COMPLETE
923,50.38,2025-01-21 21:34:24.968332,2025-01-21 21:34:49.680305,0 days 00:00:24.711973,0.9196447003143761,1.7236767000935558,0.5491216101350066,30,27,COMPLETE
924,50.93,2025-01-21 21:34:48.814546,2025-01-21 21:35:06.336081,0 days 00:00:17.521535,1.0645799141847014,0.05496500289335748,0.4393383073919139,16,8,COMPLETE
925,52.39,2025-01-21 21:34:49.764936,2025-01-21 21:35:40.289934,0 days 00:00:50.524998,1.0981514959633147,2.118286120583403,0.4236239453792688,15,8,COMPLETE
926,52.11,2025-01-21 21:35:06.445657,2025-01-21 21:35:28.668766,0 days 00:00:22.223109,1.4969629276502705,2.0268387133163523,0.4178802245927572,26,7,COMPLETE
927,51.15,2025-01-21 21:35:28.842622,2025-01-21 21:35:48.831154,0 days 00:00:19.988532,1.1674816206763001,1.1052009132942633,0.6008108916179343,22,7,COMPLETE
928,48.230000000000004,2025-01-21 21:35:40.529852,2025-01-21 21:36:01.105365,0 days 00:00:20.575513,0.792217594069708,1.6048863910987736,0.7576685866553874,22,7,COMPLETE
929,43.95,2025-01-21 21:35:48.941413,2025-01-21 21:36:09.931878,0 days 00:00:20.990465,0.337983810064242,1.6143215388297056,0.7939581828294794,24,7,COMPLETE
930,51.449999999999996,2025-01-21 21:36:01.345290,2025-01-21 21:36:20.985170,0 days 00:00:19.639880,0.5423145278223449,1.3035720418081924,0.34083385444215886,18,6,COMPLETE
931,51.959999999999994,2025-01-21 21:36:10.016022,2025-01-21 21:36:28.878876,0 days 00:00:18.862854,0.5498164765133685,0.9342898155292951,0.35088975405655054,18,6,COMPLETE
932,51.239999999999995,2025-01-21 21:36:21.089204,2025-01-21 21:36:44.395215,0 days 00:00:23.306011,1.8969253139545852,1.0637814330750104,0.49282139309252954,26,5,COMPLETE
933,51.18000000000001,2025-01-21 21:36:28.983711,2025-01-21 21:36:52.049478,0 days 00:00:23.065767,1.4109013232590293,1.8735206886015723,0.2580897690924409,27,5,COMPLETE
934,51.25999999999999,2025-01-21 21:36:44.500494,2025-01-21 21:37:04.422078,0 days 00:00:19.921584,1.394960852894042,1.8600396350323023,0.2701740411366916,20,7,COMPLETE
935,52.51,2025-01-21 21:36:52.164235,2025-01-21 21:37:11.842777,0 days 00:00:19.678542,0.9558628839012255,1.3857874824389727,0.4862660605200566,20,7,COMPLETE
936,52.71,2025-01-21 21:37:04.510882,2025-01-21 21:37:25.257580,0 days 00:00:20.746698,0.9679556931595281,1.3588222691346243,0.4877727393483552,23,7,COMPLETE
937,50.6,2025-01-21 21:37:12.210108,2025-01-21 21:37:32.498748,0 days 00:00:20.288640,0.7888685787728478,2.3471420392817675,0.6163057537432582,23,6,COMPLETE
938,50.03999999999999,2025-01-21 21:37:25.472082,2025-01-21 21:37:46.880788,0 days 00:00:21.408706,0.6781648553297734,2.2484926772437364,0.607739547809859,24,6,COMPLETE
939,51.160000000000004,2025-01-21 21:37:32.591552,2025-01-21 21:37:56.432793,0 days 00:00:23.841241,0.6711019945629384,1.2732507345295865,0.5471737113909508,28,3,COMPLETE
940,51.78,2025-01-21 21:37:46.966566,2025-01-21 21:38:10.534593,0 days 00:00:23.568027,0.8451672430858455,2.7352185632863306,0.399673943366244,27,9,COMPLETE
941,52.39,2025-01-21 21:37:56.699096,2025-01-21 21:38:18.591633,0 days 00:00:21.892537,0.8573740377058973,1.6176121330083741,0.3922297852608379,25,9,COMPLETE
