number,value,datetime_start,datetime_complete,duration,params_gamma_1,params_gamma_2,params_lambda,params_n_clusters,params_n_neighbors,state
2553,49.559999999999995,2025-01-22 01:26:08.527057,2025-01-22 01:26:22.275825,0 days 00:00:13.748768,2.3476632320937076,0.8740710470666567,0.2756351427171845,4,1,COMPLETE
2554,25.09,2025-01-22 01:26:19.019940,2025-01-22 01:26:33.319376,0 days 00:00:14.299436,0.8600907204420786,0.9286003127240311,0.00908156050555672,4,1,COMPLETE
2555,52.349999999999994,2025-01-22 01:26:22.376932,2025-01-22 01:26:37.139372,0 days 00:00:14.762440,0.8841050332166897,1.413180019773237,0.38586542406537244,6,1,COMPLETE
2556,50.03999999999999,2025-01-22 01:26:33.437024,2025-01-22 01:26:46.622468,0 days 00:00:13.185444,3.1039518466562948,1.4209912872159225,0.37207051749706993,2,1,COMPLETE
2557,46.86,2025-01-22 01:26:37.253223,2025-01-22 01:26:50.506244,0 days 00:00:13.253021,5.344910838521397,1.0759931583197577,0.3325133703914978,2,1,COMPLETE
2558,52.0,2025-01-22 01:26:46.738628,2025-01-22 01:27:02.728542,0 days 00:00:15.989914,1.3448547318583868,1.1128982408212316,0.4511577071949741,8,2,COMPLETE
2559,52.04,2025-01-22 01:26:50.634486,2025-01-22 01:27:06.377314,0 days 00:00:15.742828,1.3231124139605146,2.6375165684088286,0.44053548845323626,8,2,COMPLETE
2560,49.769999999999996,2025-01-22 01:27:02.855815,2025-01-22 01:27:17.114666,0 days 00:00:14.258851,0.6558678582788121,1.658347152716366,0.6041796008817194,4,1,COMPLETE
2561,44.06,2025-01-22 01:27:06.493473,2025-01-22 01:27:20.987827,0 days 00:00:14.494354,0.5965547017728773,1.6634682199263207,0.8328520618662355,4,1,COMPLETE
2562,32.74,2025-01-22 01:27:17.242195,2025-01-22 01:27:30.765960,0 days 00:00:13.523765,1.661374812217274,2.1942502715149104,0.03901650216674831,2,1,COMPLETE
2563,51.959999999999994,2025-01-22 01:27:21.098778,2025-01-22 01:27:35.082671,0 days 00:00:13.983893,1.0249607658355173,2.269468419506866,0.5322665858044229,2,1,COMPLETE
2564,51.59,2025-01-22 01:27:30.892838,2025-01-22 01:27:46.263353,0 days 00:00:15.370515,1.025805498230578,1.2669016434754752,0.543609903335239,6,1,COMPLETE
2565,51.6,2025-01-22 01:27:35.199580,2025-01-22 01:27:50.513049,0 days 00:00:15.313469,1.1006449687350173,1.23694542376411,0.29993109204686486,6,1,COMPLETE
2566,52.15,2025-01-22 01:27:46.372815,2025-01-22 01:28:04.475748,0 days 00:00:18.102933,0.7518016257079283,1.3489414346112165,0.39694120504898067,11,2,COMPLETE
2567,52.39,2025-01-22 01:27:50.636859,2025-01-22 01:28:06.146139,0 days 00:00:15.509280,0.8204085209227985,0.7067980736382402,0.3957879300857543,4,1,COMPLETE
2568,51.72,2025-01-22 01:28:04.614334,2025-01-22 01:28:19.756083,0 days 00:00:15.141749,1.528979885471354,0.7940396521331224,0.45064506746854044,4,1,COMPLETE
2569,52.66,2025-01-22 01:28:06.537113,2025-01-22 01:28:20.297352,0 days 00:00:13.760239,1.430769483243228,1.9250760671188911,0.4664819227285318,2,1,COMPLETE
2570,52.410000000000004,2025-01-22 01:28:19.908709,2025-01-22 01:28:33.926383,0 days 00:00:14.017674,1.2394327525783961,1.9343281332071978,0.33427644876111773,2,1,COMPLETE
2571,52.480000000000004,2025-01-22 01:28:20.427710,2025-01-22 01:28:34.035022,0 days 00:00:13.607312,1.212956101665807,1.5452618606509516,0.34339544237759234,2,1,COMPLETE
2572,49.86,2025-01-22 01:28:34.069261,2025-01-22 01:28:49.031949,0 days 00:00:14.962688,1.9969160158082047,1.0230104543144318,0.6536463679261759,6,1,COMPLETE
2573,49.980000000000004,2025-01-22 01:28:34.182608,2025-01-22 01:28:49.030894,0 days 00:00:14.848286,2.078623687799152,0.9197630885917109,0.6418726897893676,6,1,COMPLETE
2574,52.559999999999995,2025-01-22 01:28:49.155498,2025-01-22 01:29:03.804250,0 days 00:00:14.648752,0.9132764993644292,1.5268637999718393,0.39879928527734493,4,1,COMPLETE
2575,50.38,2025-01-22 01:28:49.169300,2025-01-22 01:29:03.804435,0 days 00:00:14.635135,0.9775066325995485,1.5712366707258885,0.24877148688299525,4,1,COMPLETE
2576,46.45,2025-01-22 01:29:03.936761,2025-01-22 01:29:17.608175,0 days 00:00:13.671414,0.1922289762651646,1.2053089247397981,0.5049869462968926,2,1,COMPLETE
2577,52.27,2025-01-22 01:29:03.944182,2025-01-22 01:29:17.464655,0 days 00:00:13.520473,1.6518564823517812,1.2419732640608567,0.5255831754232504,2,1,COMPLETE
2578,52.51,2025-01-22 01:29:17.596259,2025-01-22 01:29:32.070657,0 days 00:00:14.474398,1.161123250738566,2.1302959942407123,0.41395853672970306,4,1,COMPLETE
2579,50.96000000000001,2025-01-22 01:29:17.733172,2025-01-22 01:29:32.026172,0 days 00:00:14.293000,1.168351460861879,2.2163803267553863,0.2775575253647842,4,1,COMPLETE
2580,50.77,2025-01-22 01:29:32.153467,2025-01-22 01:29:48.232812,0 days 00:00:16.079345,0.7195168607359183,2.615344068851606,0.3486774035405911,8,1,COMPLETE
2581,50.64999999999999,2025-01-22 01:29:32.203679,2025-01-22 01:29:48.683592,0 days 00:00:16.479913,0.7015267165354994,2.644388576575394,0.3477377239874801,9,2,COMPLETE
2582,50.92,2025-01-22 01:29:48.340329,2025-01-22 01:30:02.667763,0 days 00:00:14.327434,0.9636879171172364,0.052633509517933934,0.5755979075925366,6,1,COMPLETE
2583,50.839999999999996,2025-01-22 01:29:48.804072,2025-01-22 01:30:04.403452,0 days 00:00:15.599380,0.9609950023608798,1.790027675916279,0.5874535222559749,6,1,COMPLETE
2584,52.73,2025-01-22 01:30:02.796331,2025-01-22 01:30:15.806027,0 days 00:00:13.009696,1.4360557203975313,1.7929848231928955,0.46189691531257,2,1,COMPLETE
2585,52.349999999999994,2025-01-22 01:30:04.806798,2025-01-22 01:30:18.451707,0 days 00:00:13.644909,1.4522430679903822,1.0182977926559358,0.45840055816364267,2,1,COMPLETE
2586,52.55,2025-01-22 01:30:16.098561,2025-01-22 01:30:29.335055,0 days 00:00:13.236494,1.3423992339549733,1.0225890353765472,0.41209715650203105,2,1,COMPLETE
2587,52.31,2025-01-22 01:30:18.658542,2025-01-22 01:30:32.592655,0 days 00:00:13.934113,1.2889758999355998,1.3742391836719745,0.4061597411323593,4,1,COMPLETE
2588,51.06,2025-01-22 01:30:29.459419,2025-01-22 01:30:43.831679,0 days 00:00:14.372260,0.8355048979139388,1.3473216737163982,0.29030043087823404,4,1,COMPLETE
2589,28.29,2025-01-22 01:30:32.707378,2025-01-22 01:30:47.662378,0 days 00:00:14.955000,0.8039474055690404,1.4103736536816778,2.5009716621025095,4,1,COMPLETE
2590,50.68,2025-01-22 01:30:43.972728,2025-01-22 01:30:58.526444,0 days 00:00:14.553716,1.7544664714841995,0.27923123538990213,0.49858320355632946,5,1,COMPLETE
2591,52.23,2025-01-22 01:30:47.791398,2025-01-22 01:31:01.323005,0 days 00:00:13.531607,1.1021589364115358,0.5967294913412535,0.5038835270150458,2,1,COMPLETE
2592,52.449999999999996,2025-01-22 01:30:58.626401,2025-01-22 01:31:11.900031,0 days 00:00:13.273630,1.0869130182260966,0.7942014577743148,0.3671111473491637,2,1,COMPLETE
2593,52.470000000000006,2025-01-22 01:31:01.437243,2025-01-22 01:31:15.535663,0 days 00:00:14.098420,1.0681554060636174,1.6141912614428808,0.3612616801746331,2,1,COMPLETE
2594,51.74999999999999,2025-01-22 01:31:11.997680,2025-01-22 01:31:27.568056,0 days 00:00:15.570376,0.9930767471928668,1.6411038609927442,0.31862273287800646,7,1,COMPLETE
2595,34.75,2025-01-22 01:31:15.674007,2025-01-22 01:31:31.325355,0 days 00:00:15.651348,0.9032477632149376,1.1352153859483776,0.05906518845069423,7,1,COMPLETE
2596,48.309999999999995,2025-01-22 01:31:27.700049,2025-01-22 01:31:42.531536,0 days 00:00:14.831487,1.5999090440179426,1.0971867687301622,0.7653735360098783,5,1,COMPLETE
2597,37.28,2025-01-22 01:31:31.428209,2025-01-22 01:31:45.860007,0 days 00:00:14.431798,0.3593056319448571,1.9672829124442133,1.034061699968178,4,1,COMPLETE
2598,50.94,2025-01-22 01:31:42.649506,2025-01-22 01:31:56.773287,0 days 00:00:14.123781,1.2426379778962886,1.9890775385817592,0.6163769766958469,4,1,COMPLETE
2599,51.7,2025-01-22 01:31:45.980063,2025-01-22 01:31:58.854087,0 days 00:00:12.874024,1.2540420184385541,0.8945813128502971,0.5755277554439862,2,1,COMPLETE
2600,36.55,2025-01-22 01:31:56.878209,2025-01-22 01:32:10.144667,0 days 00:00:13.266458,0.05392908774408206,0.9056300695051637,0.4394955572796985,2,1,COMPLETE
2601,52.14,2025-01-22 01:31:59.241957,2025-01-22 01:32:14.135278,0 days 00:00:14.893321,0.6461149222760517,1.3517390133486302,0.44167051440987487,6,1,COMPLETE
2602,51.55,2025-01-22 01:32:10.247458,2025-01-22 01:32:26.317476,0 days 00:00:16.070018,0.8415131795561043,2.973551773473593,0.4791661077135852,6,1,COMPLETE
2603,51.370000000000005,2025-01-22 01:32:14.253763,2025-01-22 01:32:28.807339,0 days 00:00:14.553576,0.8675087827454974,2.4449496575419962,0.321467198956428,4,1,COMPLETE
2604,50.67,2025-01-22 01:32:26.453375,2025-01-22 01:32:42.843262,0 days 00:00:16.389887,1.8237513780862686,2.41816917190193,0.30160312070066486,10,2,COMPLETE
2605,51.4,2025-01-22 01:32:29.016582,2025-01-22 01:32:45.494398,0 days 00:00:16.477816,1.8522019722777916,1.6366345835218121,0.38970941667050596,10,2,COMPLETE
2606,52.53,2025-01-22 01:32:42.976761,2025-01-22 01:32:56.093136,0 days 00:00:13.116375,1.4708115624528793,1.2186372756921036,0.38554220653218435,2,1,COMPLETE
2607,50.260000000000005,2025-01-22 01:32:45.631337,2025-01-22 01:33:13.509877,0 days 00:00:27.878540,1.4442967567782488,1.1926311970404033,0.24161672640036247,37,3,COMPLETE
2608,51.93,2025-01-22 01:32:56.211998,2025-01-22 01:33:10.263103,0 days 00:00:14.051105,1.0548478622168596,1.5427443230052462,0.5277159862417277,4,1,COMPLETE
2609,0.5,2025-01-22 01:33:10.360799,2025-01-22 01:34:11.184123,0 days 00:01:00.823324,0.026573537766876768,1.1460705687706925,0.6627270295327435,82,30,COMPLETE
2610,50.42,2025-01-22 01:33:13.640546,2025-01-22 01:33:26.653383,0 days 00:00:13.012837,1.2250126363286835,1.8417289299887902,0.6482930577539847,2,1,COMPLETE
2611,52.18000000000001,2025-01-22 01:33:26.783389,2025-01-22 01:33:41.156309,0 days 00:00:14.372920,1.0392989755385889,0.7157674670400526,0.4710651393326788,4,1,COMPLETE
2612,52.559999999999995,2025-01-22 01:33:41.253924,2025-01-22 01:34:01.360951,0 days 00:00:20.107027,0.7276520781566228,1.3830351284689448,0.42487001767842814,2,1,COMPLETE
2613,52.12,2025-01-22 01:34:01.499096,2025-01-22 01:34:18.427996,0 days 00:00:16.928900,1.1645195796645909,0.9918925288365656,0.3633040082981219,6,1,COMPLETE
2614,51.480000000000004,2025-01-22 01:34:11.321140,2025-01-22 01:34:27.054240,0 days 00:00:15.733100,1.200366553918804,2.0915010298899945,0.5444829453124985,6,1,COMPLETE
2615,51.53,2025-01-22 01:34:18.655965,2025-01-22 01:34:34.144083,0 days 00:00:15.488118,0.9416000674382816,2.045153519973811,0.5436377051307215,4,1,COMPLETE
2616,52.15,2025-01-22 01:34:27.241921,2025-01-22 01:34:42.130305,0 days 00:00:14.888384,0.906871444242301,1.7519777965616472,0.47860050079181515,4,1,COMPLETE
2617,47.22,2025-01-22 01:34:34.377578,2025-01-22 01:34:47.833186,0 days 00:00:13.455608,1.558678224543041,1.5321283730243402,0.8436323680407682,2,1,COMPLETE
2618,51.019999999999996,2025-01-22 01:34:42.234751,2025-01-22 01:34:55.611566,0 days 00:00:13.376815,1.5937085329059442,1.4601353170340814,0.2689494827389577,2,1,COMPLETE
2619,50.949999999999996,2025-01-22 01:34:47.977542,2025-01-22 01:35:04.649343,0 days 00:00:16.671801,1.3377663754016962,1.3698919595524712,0.2694923644743192,8,1,COMPLETE
2620,50.82,2025-01-22 01:34:55.793547,2025-01-22 01:35:12.224306,0 days 00:00:16.430759,2.271255627233394,1.231140956893377,0.39554760863894184,8,1,COMPLETE
2621,52.44,2025-01-22 01:35:04.741009,2025-01-22 01:35:19.390386,0 days 00:00:14.649377,0.7630172046512546,1.0504944904423206,0.4015193144246123,4,1,COMPLETE
2622,50.31,2025-01-22 01:35:12.348274,2025-01-22 01:35:53.188294,0 days 00:00:40.840020,0.6174388973051114,0.3711133416382949,0.3169094351812083,60,32,COMPLETE
2623,51.81,2025-01-22 01:35:19.488017,2025-01-22 01:35:32.429855,0 days 00:00:12.941838,0.5719089401505001,0.8382817596719728,0.34993286530080625,2,1,COMPLETE
2624,51.980000000000004,2025-01-22 01:35:32.575887,2025-01-22 01:35:46.997390,0 days 00:00:14.421503,1.0443692817022752,2.917048250123363,0.47231070941608355,5,1,COMPLETE
2625,52.26,2025-01-22 01:35:47.122890,2025-01-22 01:36:00.485885,0 days 00:00:13.362995,1.2496514851846756,1.8148258535409385,0.3189073678968515,2,1,COMPLETE
2626,51.949999999999996,2025-01-22 01:35:53.412768,2025-01-22 01:36:07.330308,0 days 00:00:13.917540,1.3158729194420473,1.7909288606113312,0.5723006756559182,2,1,COMPLETE
2627,50.629999999999995,2025-01-22 01:36:00.615897,2025-01-22 01:36:15.425828,0 days 00:00:14.809931,0.9234733442751424,2.3026229468934565,0.5907872128818878,4,1,COMPLETE
2628,48.49,2025-01-22 01:36:07.469563,2025-01-22 01:36:22.190121,0 days 00:00:14.720558,1.0313312108949695,2.4326129848492446,0.7144181306070491,4,1,COMPLETE
2629,52.5,2025-01-22 01:36:15.620487,2025-01-22 01:36:31.166433,0 days 00:00:15.545946,1.0761832904966104,1.4533038401754004,0.4381918152719511,6,1,COMPLETE
2630,51.370000000000005,2025-01-22 01:36:22.333422,2025-01-22 01:36:37.209373,0 days 00:00:14.875951,0.7962454507328918,0.08733654620604656,0.43533231731781896,6,1,COMPLETE
2631,52.769999999999996,2025-01-22 01:36:31.460729,2025-01-22 01:36:45.373323,0 days 00:00:13.912594,0.8345138936252948,1.1329867878088438,0.38940347675516745,2,1,COMPLETE
2632,50.38,2025-01-22 01:36:37.375354,2025-01-22 01:36:50.871648,0 days 00:00:13.496294,1.437765430615804,0.11986311046884238,0.37656614864384075,2,1,COMPLETE
2633,24.45,2025-01-22 01:36:45.816581,2025-01-22 01:37:00.344939,0 days 00:00:14.528358,1.430531057909514,0.9342389153199474,0.005898526698077764,4,1,COMPLETE
2634,49.2,2025-01-22 01:36:51.149267,2025-01-22 01:37:05.481380,0 days 00:00:14.332113,1.8148714401735548,0.9533353172459204,0.22127078068835812,4,1,COMPLETE
2635,49.669999999999995,2025-01-22 01:37:00.470680,2025-01-22 01:37:15.642825,0 days 00:00:15.172145,1.1808800598285198,1.700128021174577,0.2217919593396428,4,1,COMPLETE
2636,50.4,2025-01-22 01:37:05.623599,2025-01-22 01:37:19.426407,0 days 00:00:13.802808,1.1494231399089336,0.003184049940993782,0.5071764194049848,2,1,COMPLETE
2637,0.5,2025-01-22 01:37:15.757569,2025-01-22 01:37:30.441314,0 days 00:00:14.683745,0.0035196148834163174,1.311795289835325,0.5046591793596482,2,1,COMPLETE
2638,52.059999999999995,2025-01-22 01:37:19.530763,2025-01-22 01:37:35.170972,0 days 00:00:15.640209,0.9814649513857561,1.288334908892511,0.49193391232040357,7,1,COMPLETE
2639,51.800000000000004,2025-01-22 01:37:30.703908,2025-01-22 01:37:46.903002,0 days 00:00:16.199094,0.9132910886184324,0.7351954124447927,0.3484905582742033,8,1,COMPLETE
2640,51.73,2025-01-22 01:37:35.317227,2025-01-22 01:37:50.333571,0 days 00:00:15.016344,0.6957821997553535,0.7148634105935474,0.33349550002273076,6,1,COMPLETE
2641,51.68000000000001,2025-01-22 01:37:47.016506,2025-01-22 01:38:02.156002,0 days 00:00:15.139496,0.7090343100957905,2.128848166827527,0.4132181002284556,5,1,COMPLETE
2642,45.660000000000004,2025-01-22 01:37:50.461594,2025-01-22 01:38:04.523199,0 days 00:00:14.061605,0.2501336895869282,2.1379705390311665,0.428102897784711,4,1,COMPLETE
2643,51.29,2025-01-22 01:38:02.273516,2025-01-22 01:38:15.751009,0 days 00:00:13.477493,1.3572589647456499,1.5756096632569445,0.6111078402847997,2,1,COMPLETE
2644,51.839999999999996,2025-01-22 01:38:04.799812,2025-01-22 01:38:17.927043,0 days 00:00:13.127231,1.3349551219936935,3.5003280395689482,0.5365460417967505,2,1,COMPLETE
2645,51.33,2025-01-22 01:38:15.870981,2025-01-22 01:38:29.704102,0 days 00:00:13.833121,1.6676985416152574,1.1376071379921786,0.30419418206007465,2,1,COMPLETE
2646,50.72,2025-01-22 01:38:18.316600,2025-01-22 01:38:32.988508,0 days 00:00:14.671908,1.655940644642315,1.074120861581948,0.2942283357618766,4,1,COMPLETE
2647,41.15,2025-01-22 01:38:29.835902,2025-01-22 01:38:44.315208,0 days 00:00:14.479306,1.0324340936562297,1.6944915743797129,0.10225671975881352,4,1,COMPLETE
2648,23.66,2025-01-22 01:38:33.109382,2025-01-22 01:38:48.088975,0 days 00:00:14.979593,1.1388531954640917,1.559913628100026,0.002467623338455932,6,1,COMPLETE
2649,52.33,2025-01-22 01:38:44.434369,2025-01-22 01:38:59.631282,0 days 00:00:15.196913,1.1387912910143385,1.4199245864182903,0.4498822257392843,6,1,COMPLETE
2650,51.800000000000004,2025-01-22 01:38:48.208732,2025-01-22 01:39:01.449916,0 days 00:00:13.241184,0.8316617928170009,2.9504721958866122,0.4543131472872865,2,1,COMPLETE
2651,48.17,2025-01-22 01:38:59.775221,2025-01-22 01:39:17.242516,0 days 00:00:17.467295,0.8685408044884068,2.7356342701743355,0.7112203102965509,12,2,COMPLETE
2652,48.78,2025-01-22 01:39:01.864725,2025-01-22 01:39:16.508174,0 days 00:00:14.643449,0.9351144264058487,1.8292631016110585,0.6977327576799348,4,1,COMPLETE
2653,50.81,2025-01-22 01:39:16.639840,2025-01-22 01:39:33.732689,0 days 00:00:17.092849,2.0801263190330816,1.2556445832836811,0.3700589776088909,12,2,COMPLETE
2654,52.54,2025-01-22 01:39:17.363747,2025-01-22 01:39:31.338313,0 days 00:00:13.974566,1.3090942467730773,1.2148631260088807,0.3703485570489963,2,1,COMPLETE
2655,51.38,2025-01-22 01:39:31.462055,2025-01-22 01:39:47.250432,0 days 00:00:15.788377,1.532553875435594,0.8516887726753025,0.5657843006464396,8,1,COMPLETE
2656,51.41,2025-01-22 01:39:33.964053,2025-01-22 01:39:49.857998,0 days 00:00:15.893945,1.0492430338274832,0.8234777811021028,0.5775778043508923,8,1,COMPLETE
2657,52.080000000000005,2025-01-22 01:39:47.382309,2025-01-22 01:40:01.658450,0 days 00:00:14.276141,1.0331825641839587,1.8748087127190247,0.49249239659944877,4,1,COMPLETE
2658,52.39,2025-01-22 01:39:49.990818,2025-01-22 01:40:03.961177,0 days 00:00:13.970359,1.3157603584223994,2.101510855899261,0.4773122393649528,4,1,COMPLETE
2659,53.03,2025-01-22 01:40:01.800537,2025-01-22 01:40:14.864050,0 days 00:00:13.063513,1.2905913960801305,1.456551180124781,0.41592626739618627,2,1,COMPLETE
2660,50.88,2025-01-22 01:40:04.245722,2025-01-22 01:40:17.329857,0 days 00:00:13.084135,2.5336185271251406,1.4873722177695035,0.3922643508715305,2,1,COMPLETE
2661,50.870000000000005,2025-01-22 01:40:14.993951,2025-01-22 01:40:29.658497,0 days 00:00:14.664546,2.5315564078698207,1.9160210725029796,0.41111140975456256,6,1,COMPLETE
2662,50.72,2025-01-22 01:40:17.556250,2025-01-22 01:40:32.165449,0 days 00:00:14.609199,1.9996334656983252,2.0007562507183527,0.6001379137613352,6,1,COMPLETE
2663,51.04,2025-01-22 01:40:29.786033,2025-01-22 01:40:43.836593,0 days 00:00:14.050560,1.6589399597506822,2.3375323805429424,0.6073672952179179,4,1,COMPLETE
2664,46.69,2025-01-22 01:40:32.314935,2025-01-22 01:40:46.425688,0 days 00:00:14.110753,1.8710420974727495,2.4103605927175202,0.869440768938267,4,1,COMPLETE
2665,52.349999999999994,2025-01-22 01:40:43.932685,2025-01-22 01:40:57.204778,0 days 00:00:13.272093,1.69079866197031,1.6535376083499382,0.49132131454289024,2,1,COMPLETE
2666,52.6,2025-01-22 01:40:46.560828,2025-01-22 01:40:59.570286,0 days 00:00:13.009458,1.3910054428923644,1.6049222275775548,0.5183634573884706,2,1,COMPLETE
2667,51.29,2025-01-22 01:40:57.311288,2025-01-22 01:41:10.233283,0 days 00:00:12.921995,2.033808947631419,1.7420953643269093,0.3299922773973103,2,1,COMPLETE
2668,51.910000000000004,2025-01-22 01:40:59.786018,2025-01-22 01:41:43.978512,0 days 00:00:44.192494,1.606513343684733,1.901238137919693,0.33991584332874425,68,3,COMPLETE
2669,51.49,2025-01-22 01:41:10.375317,2025-01-22 01:41:24.886636,0 days 00:00:14.511319,1.6619326823018725,1.9366373782091462,0.353659944197039,5,1,COMPLETE
2670,52.15,2025-01-22 01:41:25.001500,2025-01-22 01:41:39.101871,0 days 00:00:14.100371,1.516764951198118,1.4656200692332786,0.43784299401996973,4,1,COMPLETE
2671,52.59,2025-01-22 01:41:39.241650,2025-01-22 01:41:52.640036,0 days 00:00:13.398386,1.5887336175474454,1.70574753632095,0.4403301688302803,2,1,COMPLETE
2672,39.290000000000006,2025-01-22 01:41:44.110534,2025-01-22 01:41:57.812016,0 days 00:00:13.701482,1.4536416283004925,2.34496204442952,1.2662664573840314,2,1,COMPLETE
2673,50.980000000000004,2025-01-22 01:41:52.821984,2025-01-22 01:42:07.890209,0 days 00:00:15.068225,1.3693638000541948,2.3703677085459165,0.27519986792207246,6,1,COMPLETE
2674,50.370000000000005,2025-01-22 01:41:57.951498,2025-01-22 01:42:13.147497,0 days 00:00:15.195999,1.9775809310289942,1.47069969007877,0.26967153311167025,6,1,COMPLETE
2675,51.62,2025-01-22 01:42:08.007802,2025-01-22 01:42:22.616425,0 days 00:00:14.608623,1.8781252289001733,1.4720516802298989,0.5238898550458708,4,1,COMPLETE
2676,52.129999999999995,2025-01-22 01:42:13.282285,2025-01-22 01:42:27.694093,0 days 00:00:14.411808,1.239062416496696,1.5613825647135628,0.5140281006419107,4,1,COMPLETE
2677,47.97,2025-01-22 01:42:22.749265,2025-01-22 01:42:37.357361,0 days 00:00:14.608096,1.2558365902805881,2.0902586871771702,0.1849608749342497,4,1,COMPLETE
2678,43.82,2025-01-22 01:42:27.955866,2025-01-22 01:42:41.311612,0 days 00:00:13.355746,1.2986820083348005,2.033967453004443,0.12213570167110523,2,1,COMPLETE
2679,51.910000000000004,2025-01-22 01:42:37.453749,2025-01-22 01:42:53.864406,0 days 00:00:16.410657,1.4198089483825842,1.8799460620845536,0.3960925319005096,9,2,COMPLETE
2680,49.57,2025-01-22 01:42:41.441816,2025-01-22 01:42:57.981078,0 days 00:00:16.539262,1.4113800811088062,0.007568410138636563,0.6700876218360645,8,1,COMPLETE
2681,50.839999999999996,2025-01-22 01:42:53.989504,2025-01-22 01:43:07.480285,0 days 00:00:13.490781,1.1805777610460135,1.3503029809455191,0.6274082476258532,2,1,COMPLETE
2682,52.33,2025-01-22 01:42:58.091826,2025-01-22 01:43:11.228826,0 days 00:00:13.137000,1.7393478331445322,1.6097682466195153,0.4409243202440022,2,1,COMPLETE
2683,33.56,2025-01-22 01:43:07.604317,2025-01-22 01:43:23.110407,0 days 00:00:15.506090,1.7715946528112063,2.988102044387722,1.7974990994775204,4,1,COMPLETE
2684,51.949999999999996,2025-01-22 01:43:11.370873,2025-01-22 01:43:26.015449,0 days 00:00:14.644576,1.1925621698129427,2.4546106909610033,0.3707650668169335,5,1,COMPLETE
2685,50.760000000000005,2025-01-22 01:43:23.199650,2025-01-22 01:43:38.452239,0 days 00:00:15.252589,2.271794376645377,1.3490269854642198,0.3552400999099416,6,1,COMPLETE
2686,51.06,2025-01-22 01:43:26.128047,2025-01-22 01:43:40.700355,0 days 00:00:14.572308,2.2970150450377145,1.3422741058045127,0.4575578275475054,6,1,COMPLETE
