number,value,datetime_start,datetime_complete,duration,params_gamma_1,params_gamma_2,params_lambda,params_n_clusters,params_n_neighbors,state
4836,51.54,2025-01-22 06:38:14.296824,2025-01-22 06:38:28.503497,0 days 00:00:14.206673,0.6013182252155761,1.1404784216113926,0.33319616533245405,2,1,COMPLETE
4837,51.33,2025-01-22 06:38:28.633828,2025-01-22 06:39:10.314359,0 days 00:00:41.680531,1.885749325567193,1.7285992680443483,0.5387395398223446,71,3,COMPLETE
4838,51.38,2025-01-22 06:38:50.445733,2025-01-22 06:39:06.201548,0 days 00:00:15.755815,1.8657136233667593,2.0364829416949077,0.5268281020082701,8,2,COMPLETE
4839,49.71,2025-01-22 06:39:06.315396,2025-01-22 06:39:20.561208,0 days 00:00:14.245812,1.3559218896717309,1.4173343130203375,0.2189852454326251,4,1,COMPLETE
4840,45.79,2025-01-22 06:39:10.479862,2025-01-22 06:39:25.633783,0 days 00:00:15.153921,0.8882359359117836,1.1340780404836635,0.15908487086438894,4,1,COMPLETE
4841,46.07,2025-01-22 06:39:20.848471,2025-01-22 06:39:34.693541,0 days 00:00:13.845070,0.8617112676690625,1.1454429096700172,0.8120257795124122,2,1,COMPLETE
4842,42.67,2025-01-22 06:39:25.795783,2025-01-22 06:39:39.700444,0 days 00:00:13.904661,0.4443391148824889,1.8977686050817486,0.8135266295482805,2,1,COMPLETE
4843,51.980000000000004,2025-01-22 06:39:34.827778,2025-01-22 06:39:48.670064,0 days 00:00:13.842286,1.1398380392994587,1.8871239781471325,0.29893788085994727,2,1,COMPLETE
4844,51.12,2025-01-22 06:39:39.869409,2025-01-22 06:39:55.607655,0 days 00:00:15.738246,1.1493809973313307,0.8892242406837847,0.2873287366802951,6,1,COMPLETE
4845,51.959999999999994,2025-01-22 06:39:48.824804,2025-01-22 06:40:04.415957,0 days 00:00:15.591153,1.5010541586942014,0.8770628680938719,0.4580986715009596,6,1,COMPLETE
4846,52.12,2025-01-22 06:39:55.739924,2025-01-22 06:40:10.366176,0 days 00:00:14.626252,1.4973565415466923,1.394077455458376,0.4436356733536694,4,1,COMPLETE
4847,52.52,2025-01-22 06:40:04.593517,2025-01-22 06:40:19.594188,0 days 00:00:15.000671,1.0041345939929236,1.5090395031732893,0.3721772257193748,4,1,COMPLETE
4848,49.97,2025-01-22 06:40:10.624401,2025-01-22 06:40:27.322394,0 days 00:00:16.697993,0.9599973585742638,2.5607223025791734,0.6283827151468945,8,2,COMPLETE
4849,49.63,2025-01-22 06:40:19.829505,2025-01-22 06:40:36.155537,0 days 00:00:16.326032,0.7560429006230174,2.209530393777089,0.6141851129472725,8,2,COMPLETE
4850,52.42,2025-01-22 06:40:27.460110,2025-01-22 06:40:41.287283,0 days 00:00:13.827173,0.7697121497451525,1.3033170994183305,0.3539729472031772,2,1,COMPLETE
4851,52.39,2025-01-22 06:40:36.302644,2025-01-22 06:40:50.349732,0 days 00:00:14.047088,1.2640864428670169,1.1921949584922136,0.35075596510337437,2,1,COMPLETE
4852,52.12,2025-01-22 06:40:41.466622,2025-01-22 06:40:56.275159,0 days 00:00:14.808537,1.3623812444949224,1.1617906467405685,0.4411691698007542,4,1,COMPLETE
4853,52.400000000000006,2025-01-22 06:40:50.782684,2025-01-22 06:41:05.445006,0 days 00:00:14.662322,1.2895578711615407,1.7028756493110047,0.4589833646933133,4,1,COMPLETE
4854,52.16,2025-01-22 06:40:56.403612,2025-01-22 06:41:11.504378,0 days 00:00:15.100766,1.1163093210996253,1.712827802655168,0.5099294455820931,5,1,COMPLETE
4855,51.38,2025-01-22 06:41:05.565116,2025-01-22 06:41:21.653025,0 days 00:00:16.087909,1.6549237470812288,3.199423046798724,0.5226601309837654,6,1,COMPLETE
4856,0.51,2025-01-22 06:41:11.667672,2025-01-22 06:41:26.329886,0 days 00:00:14.662214,0.023826479517468586,1.4484058801465112,0.41680411744406726,2,1,COMPLETE
4857,52.96999999999999,2025-01-22 06:41:21.813449,2025-01-22 06:41:35.824322,0 days 00:00:14.010873,1.0066016814502778,1.4509065187791812,0.41730547250014643,2,1,COMPLETE
4858,52.25,2025-01-22 06:41:26.473551,2025-01-22 06:42:00.973170,0 days 00:00:34.499619,0.9715476655190142,2.1143623719616085,0.3869868223156974,52,4,COMPLETE
4859,50.88,2025-01-22 06:41:35.977475,2025-01-22 06:41:50.167978,0 days 00:00:14.190503,0.8428262382981346,1.0260602097571043,0.2724948651100718,4,1,COMPLETE
4860,52.03,2025-01-22 06:41:50.349714,2025-01-22 06:42:03.713102,0 days 00:00:13.363388,0.9751673996579183,0.936539342568321,0.32648719613329563,2,1,COMPLETE
4861,51.73,2025-01-22 06:42:01.104626,2025-01-22 06:42:14.642892,0 days 00:00:13.538266,0.6672399603829717,0.9357395185892458,0.3213454220242916,2,1,COMPLETE
4862,51.559999999999995,2025-01-22 06:42:03.871178,2025-01-22 06:42:18.751405,0 days 00:00:14.880227,0.7216230378320522,1.0126661737554221,0.31748060492483565,6,1,COMPLETE
4863,52.22,2025-01-22 06:42:14.776562,2025-01-22 06:42:29.930988,0 days 00:00:15.154426,1.1863782725470933,1.0762423190705503,0.37642034365415655,6,1,COMPLETE
4864,51.99,2025-01-22 06:42:18.905532,2025-01-22 06:42:33.203106,0 days 00:00:14.297574,1.1747604860745222,0.7623133529911582,0.386791108015681,4,1,COMPLETE
4865,50.129999999999995,2025-01-22 06:42:30.104333,2025-01-22 06:42:44.894027,0 days 00:00:14.789694,1.5829653972985867,0.718772792725808,0.26373503629371886,4,1,COMPLETE
4866,49.7,2025-01-22 06:42:33.370240,2025-01-22 06:42:58.552780,0 days 00:00:25.182540,2.436117170423459,1.1735450667618896,0.25694864411662316,31,3,COMPLETE
4867,51.239999999999995,2025-01-22 06:42:45.065662,2025-01-22 06:42:58.857407,0 days 00:00:13.791745,2.31219238943723,1.1311805519549254,0.46424949170769725,2,1,COMPLETE
4868,50.690000000000005,2025-01-22 06:42:59.002766,2025-01-22 06:43:15.968579,0 days 00:00:16.965813,0.8773821016765055,1.2859365361794668,0.5857893385531037,9,1,COMPLETE
4869,30.240000000000002,2025-01-22 06:42:59.124408,2025-01-22 06:43:16.603091,0 days 00:00:17.478683,1.3534230485452035,1.2661011613883482,0.027863012917395614,10,2,COMPLETE
4870,51.949999999999996,2025-01-22 06:43:16.129181,2025-01-22 06:43:30.835173,0 days 00:00:14.705992,1.425573739700262,1.2803467734756402,0.40312436418646513,4,1,COMPLETE
4871,52.410000000000004,2025-01-22 06:43:16.793517,2025-01-22 06:43:31.720537,0 days 00:00:14.927020,1.074662075364407,1.0108414021913956,0.4059180605016742,4,1,COMPLETE
4872,52.739999999999995,2025-01-22 06:43:30.995150,2025-01-22 06:43:44.328617,0 days 00:00:13.333467,1.0537108266288242,0.870017695265235,0.46145432594121233,2,1,COMPLETE
4873,52.51,2025-01-22 06:43:31.895006,2025-01-22 06:43:45.795634,0 days 00:00:13.900628,1.0233368859010914,1.077368325966844,0.4896344116918136,2,1,COMPLETE
4874,51.239999999999995,2025-01-22 06:43:44.471623,2025-01-22 06:43:59.741173,0 days 00:00:15.269550,1.8114410763227142,1.3433794247429665,0.524659296507761,7,1,COMPLETE
4875,50.9,2025-01-22 06:43:45.989477,2025-01-22 06:44:02.293205,0 days 00:00:16.303728,1.918974313969054,1.3647518419525393,0.32773240962342065,7,1,COMPLETE
4876,48.42,2025-01-22 06:43:59.901570,2025-01-22 06:44:14.992375,0 days 00:00:15.090805,0.7912528287999508,1.3628319060062455,0.6946575094802968,6,1,COMPLETE
4877,48.870000000000005,2025-01-22 06:44:02.538008,2025-01-22 06:44:17.249095,0 days 00:00:14.711087,0.8249803886461876,0.8652167890024297,0.21764737792539893,5,1,COMPLETE
4878,52.05,2025-01-22 06:44:15.165797,2025-01-22 06:44:29.893927,0 days 00:00:14.728130,1.2449050586580919,1.1199417207006845,0.3680159065713403,4,1,COMPLETE
4879,52.66,2025-01-22 06:44:17.696564,2025-01-22 06:44:31.602242,0 days 00:00:13.905678,1.1749939286043056,1.1043847774479951,0.37013536027621513,2,1,COMPLETE
4880,0.5,2025-01-22 06:44:30.081438,2025-01-22 06:44:44.167010,0 days 00:00:14.085572,0.02922740222081891,1.4897977719022104,0.0022138706044129005,2,1,COMPLETE
4881,0.5,2025-01-22 06:44:32.386518,2025-01-22 06:44:47.065685,0 days 00:00:14.679167,0.03173476343506382,1.4028675077976964,0.29814717463768026,2,1,COMPLETE
4882,51.17,2025-01-22 06:44:44.326475,2025-01-22 06:44:59.341226,0 days 00:00:15.014751,1.5296770695723283,1.255539792644638,0.29826640816694355,4,1,COMPLETE
4883,52.12,2025-01-22 06:44:47.250278,2025-01-22 06:45:01.978793,0 days 00:00:14.728515,1.4369745631032564,1.2316368964519517,0.4317288018835191,4,1,COMPLETE
4884,51.68000000000001,2025-01-22 06:44:59.503738,2025-01-22 06:45:14.697877,0 days 00:00:15.194139,1.3057479026754741,0.837313669464971,0.5461563635285949,4,1,COMPLETE
4885,51.15,2025-01-22 06:45:02.279173,2025-01-22 06:45:17.757691,0 days 00:00:15.478518,0.9093933895216024,0.7699531425396385,0.5676802954930529,6,1,COMPLETE
4886,52.339999999999996,2025-01-22 06:45:14.858597,2025-01-22 06:45:30.271630,0 days 00:00:15.413033,0.9301864539597096,1.4944810716649695,0.47062553144108094,6,1,COMPLETE
4887,52.019999999999996,2025-01-22 06:45:18.100587,2025-01-22 06:46:20.616850,0 days 00:01:02.516263,1.005484302693553,1.0036835078332087,0.47273267553598264,97,3,COMPLETE
4888,52.56999999999999,2025-01-22 06:45:30.419703,2025-01-22 06:45:43.838888,0 days 00:00:13.419185,1.1409228586250522,1.073828088690724,0.3565706163375124,2,1,COMPLETE
4889,49.1,2025-01-22 06:45:44.000533,2025-01-22 06:45:59.840834,0 days 00:00:15.840301,0.6988450787787434,1.4997216319093438,0.6524992643845761,8,2,COMPLETE
4890,52.12,2025-01-22 06:45:59.978149,2025-01-22 06:46:13.207965,0 days 00:00:13.229816,1.7071443429395516,1.2365027955459724,0.40070548087877733,2,1,COMPLETE
4891,52.35999999999999,2025-01-22 06:46:13.590885,2025-01-22 06:46:28.962348,0 days 00:00:15.371463,1.0638148892456671,0.9877864767454615,0.4635364269245985,4,1,COMPLETE
4892,52.44,2025-01-22 06:46:20.786579,2025-01-22 06:46:36.005979,0 days 00:00:15.219400,1.2916196040179906,1.5064065925722785,0.41802546941936336,4,1,COMPLETE
4893,52.44,2025-01-22 06:46:29.203097,2025-01-22 06:46:43.411580,0 days 00:00:14.208483,1.3067786187710928,1.4681120607515674,0.34899798185924713,2,1,COMPLETE
4894,51.980000000000004,2025-01-22 06:46:36.165995,2025-01-22 06:46:50.255571,0 days 00:00:14.089576,1.5169485211812244,1.4970961462503294,0.33075309393437896,2,1,COMPLETE
4895,51.07000000000001,2025-01-22 06:46:43.844102,2025-01-22 06:46:59.486466,0 days 00:00:15.642364,1.6459305653439027,1.2175004169689567,0.5828891833047591,6,1,COMPLETE
4896,23.14,2025-01-22 06:46:50.471530,2025-01-22 06:47:05.864898,0 days 00:00:15.393368,0.8283951605195762,1.1719254444142078,0.0017662547394560882,6,1,COMPLETE
4897,51.68000000000001,2025-01-22 06:46:59.758379,2025-01-22 06:47:44.486406,0 days 00:00:44.728027,0.8629937007583924,1.2338601412707046,0.5253098730061908,75,23,COMPLETE
4898,52.22,2025-01-22 06:47:06.022762,2025-01-22 06:47:20.290936,0 days 00:00:14.268174,1.141418921152358,1.6325367333004632,0.49169763608817685,4,1,COMPLETE
4899,52.839999999999996,2025-01-22 06:47:20.637187,2025-01-22 06:47:34.157393,0 days 00:00:13.520206,0.9424149228948712,0.9393762836226983,0.40695560018138127,2,1,COMPLETE
4900,50.660000000000004,2025-01-22 06:47:34.340480,2025-01-22 06:47:48.249325,0 days 00:00:13.908845,0.6338885347135269,1.326720382371882,0.3009692177276658,4,1,COMPLETE
4901,51.21,2025-01-22 06:47:44.828675,2025-01-22 06:48:01.446349,0 days 00:00:16.617674,1.2869679519119916,1.6707213091057096,0.2814319005752883,8,1,COMPLETE
4902,50.0,2025-01-22 06:47:48.428351,2025-01-22 06:48:02.146853,0 days 00:00:13.718502,2.0087189653737707,1.7057402832079074,0.6859420536048089,2,1,COMPLETE
4903,32.22,2025-01-22 06:48:01.587916,2025-01-22 06:48:14.944685,0 days 00:00:13.356769,1.0942130320462924,1.5932542765279796,0.04186916511792077,2,1,COMPLETE
4904,52.15,2025-01-22 06:48:02.278706,2025-01-22 06:48:17.706602,0 days 00:00:15.427896,1.0678842302303215,1.0461874535520035,0.4067298177941828,5,1,COMPLETE
4905,51.77,2025-01-22 06:48:15.094049,2025-01-22 06:48:29.975636,0 days 00:00:14.881587,1.5141379594815383,1.3301248098716154,0.4023361100122928,5,1,COMPLETE
4906,49.59,2025-01-22 06:48:17.862968,2025-01-22 06:48:32.209160,0 days 00:00:14.346192,1.5332188492833259,0.008815939779405394,0.3661378281771476,4,1,COMPLETE
4907,0.5,2025-01-22 06:48:30.145391,2025-01-22 06:48:45.243580,0 days 00:00:15.098189,0.00984310656621411,1.3942522940971736,1.7987928291136652,4,1,COMPLETE
4908,50.61,2025-01-22 06:48:32.724246,2025-01-22 06:48:49.139765,0 days 00:00:16.415519,0.7287340954012681,1.406904043908274,0.5776257395727179,8,2,COMPLETE
4909,34.62,2025-01-22 06:48:45.417324,2025-01-22 06:49:02.073532,0 days 00:00:16.656208,1.2385330566495547,1.143335765325768,0.050967032968546044,8,1,COMPLETE
4910,51.66,2025-01-22 06:48:49.325309,2025-01-22 06:49:02.763361,0 days 00:00:13.438052,1.2615789366983843,0.24570233549474585,0.47406486340114173,2,1,COMPLETE
4911,24.39,2025-01-22 06:49:02.227619,2025-01-22 06:49:16.897955,0 days 00:00:14.670336,0.9641175521047769,1.8116168070084824,0.007711672221336784,2,1,COMPLETE
4912,45.1,2025-01-22 06:49:02.944117,2025-01-22 06:49:17.650126,0 days 00:00:14.706009,0.23284006465005394,1.7384055482523688,0.34663240433221293,2,1,COMPLETE
4913,52.07000000000001,2025-01-22 06:49:17.077696,2025-01-22 06:49:32.978041,0 days 00:00:15.900345,0.8567470899683859,0.8167048729352411,0.33901326734200865,6,1,COMPLETE
4914,52.52,2025-01-22 06:49:17.783221,2025-01-22 06:49:33.317758,0 days 00:00:15.534537,0.8606656349824401,1.0055622434316915,0.44060120304143824,6,1,COMPLETE
4915,51.72,2025-01-22 06:49:33.130928,2025-01-22 06:49:48.153578,0 days 00:00:15.022650,1.7340013998110266,1.241326383661418,0.5249546878899619,4,1,COMPLETE
4916,51.65,2025-01-22 06:49:33.514039,2025-01-22 06:49:48.457499,0 days 00:00:14.943460,1.7925772646853126,1.4873119993269326,0.5326586494991515,4,1,COMPLETE
4917,50.260000000000005,2025-01-22 06:49:48.303068,2025-01-22 06:50:02.933833,0 days 00:00:14.630765,1.0447196260211697,1.538417378777108,0.6380914100547738,4,1,COMPLETE
4918,47.11,2025-01-22 06:49:48.635931,2025-01-22 06:50:06.291127,0 days 00:00:17.655196,0.5294278521172036,1.5611096641629019,0.2332702742943838,11,2,COMPLETE
4919,50.339999999999996,2025-01-22 06:50:03.099166,2025-01-22 06:50:21.095614,0 days 00:00:17.996448,1.3805482408212697,1.1410980493336207,0.24634531572119137,10,2,COMPLETE
4920,52.78,2025-01-22 06:50:06.469494,2025-01-22 06:50:20.075596,0 days 00:00:13.606102,1.2935390248389573,1.1377778185379865,0.45768752143559793,2,1,COMPLETE
4921,52.239999999999995,2025-01-22 06:50:20.261772,2025-01-22 06:50:33.404614,0 days 00:00:13.142842,1.4216260199665083,0.901168064334848,0.39385710008073654,2,1,COMPLETE
4922,52.839999999999996,2025-01-22 06:50:21.235665,2025-01-22 06:50:34.763042,0 days 00:00:13.527377,1.0920845220495738,1.8225378279999145,0.3926928982920975,2,1,COMPLETE
4923,51.559999999999995,2025-01-22 06:50:33.566697,2025-01-22 06:50:48.253986,0 days 00:00:14.687289,1.087708736563586,1.8107979575838125,0.301022190895554,6,1,COMPLETE
4924,35.27,2025-01-22 06:50:34.915187,2025-01-22 06:50:50.585431,0 days 00:00:15.670244,0.7308366247060881,0.7118622722342041,1.375071487170783,5,1,COMPLETE
4925,52.12,2025-01-22 06:50:48.419175,2025-01-22 06:51:02.687790,0 days 00:00:14.268615,0.7190782398042531,1.2638139656415373,0.4743780370013084,4,1,COMPLETE
4926,51.29,2025-01-22 06:50:50.972504,2025-01-22 06:51:44.227422,0 days 00:00:53.254918,2.0914434501726924,1.3688998699175186,0.461284488038685,92,4,COMPLETE
4927,50.339999999999996,2025-01-22 06:51:02.855269,2025-01-22 06:51:17.013476,0 days 00:00:14.158207,0.9273977434745053,0.0331760387774001,0.6157384373704733,4,1,COMPLETE
4928,52.370000000000005,2025-01-22 06:51:17.161247,2025-01-22 06:51:30.262522,0 days 00:00:13.101275,1.1810548309855502,1.3772116979974738,0.3366393832346642,2,1,COMPLETE
4929,51.080000000000005,2025-01-22 06:51:30.414394,2025-01-22 06:51:45.915080,0 days 00:00:15.500686,1.9966154117877981,0.9958055571335093,0.4203011595753831,7,1,COMPLETE
4930,50.370000000000005,2025-01-22 06:51:44.385302,2025-01-22 06:52:00.371015,0 days 00:00:15.985713,1.5184041481255082,0.018728596218694913,0.546651697080108,7,1,COMPLETE
4931,48.15,2025-01-22 06:51:46.081059,2025-01-22 06:52:01.256936,0 days 00:00:15.175877,1.545932163145101,1.9147256797148144,0.18568594910299205,4,1,COMPLETE
4932,49.07,2025-01-22 06:52:00.569172,2025-01-22 06:52:15.158574,0 days 00:00:14.589402,1.2026855576493698,1.9531508896535574,0.7165998667301858,4,1,COMPLETE
4933,52.51,2025-01-22 06:52:01.576885,2025-01-22 06:52:14.942190,0 days 00:00:13.365305,0.9375653662297833,1.561939486960126,0.3554431350279987,2,1,COMPLETE
4934,51.66,2025-01-22 06:52:15.125121,2025-01-22 06:52:29.559498,0 days 00:00:14.434377,1.0545530146074538,1.1103654549593405,0.2913573696265484,2,1,COMPLETE
4935,52.96999999999999,2025-01-22 06:52:15.316137,2025-01-22 06:52:29.415988,0 days 00:00:14.099851,1.025314681187781,1.06778307596326,0.42866163695863985,2,1,COMPLETE
4936,50.36000000000001,2025-01-22 06:52:29.609893,2025-01-22 06:52:44.824300,0 days 00:00:15.214407,0.565533266621578,0.8063016332662736,0.5705566706361304,6,1,COMPLETE
4937,49.93,2025-01-22 06:52:29.735793,2025-01-22 06:52:45.188796,0 days 00:00:15.453003,0.5957794460754222,0.8442559097987213,0.5964588539727586,6,1,COMPLETE
4938,52.12,2025-01-22 06:52:44.992204,2025-01-22 06:52:59.599348,0 days 00:00:14.607144,0.8195626520889786,0.6796424856446482,0.494683267441695,4,1,COMPLETE
4939,52.09,2025-01-22 06:52:45.388068,2025-01-22 06:53:00.090286,0 days 00:00:14.702218,0.7754780540150652,0.7354561348713982,0.5008419842062247,4,1,COMPLETE
4940,44.01,2025-01-22 06:52:59.774453,2025-01-22 06:53:13.761532,0 days 00:00:13.987079,0.7230545836991429,0.6410485673619193,0.8863011825738165,2,1,COMPLETE
4941,49.9,2025-01-22 06:53:00.257380,2025-01-22 06:53:14.247694,0 days 00:00:13.990314,0.8629377502850749,0.6824948718652115,0.6450971462841517,2,1,COMPLETE
4942,47.55,2025-01-22 06:53:13.956205,2025-01-22 06:53:28.924466,0 days 00:00:14.968261,0.6588032598952761,0.84778661736725,0.7057444122708875,4,1,COMPLETE
4943,52.349999999999994,2025-01-22 06:53:14.453918,2025-01-22 06:53:29.150373,0 days 00:00:14.696455,0.6546375368462838,0.8514467375911984,0.42181683653859575,4,1,COMPLETE
4944,52.239999999999995,2025-01-22 06:53:29.062888,2025-01-22 06:53:46.135122,0 days 00:00:17.072234,0.8613303211411525,0.8995662488210872,0.43786722564788383,9,2,COMPLETE
4945,52.11,2025-01-22 06:53:29.347224,2025-01-22 06:53:45.103242,0 days 00:00:15.756018,0.9249989207919949,0.906760720314884,0.4833283874798212,8,1,COMPLETE
4946,52.349999999999994,2025-01-22 06:53:45.248723,2025-01-22 06:53:59.887537,0 days 00:00:14.638814,0.9190859306392855,0.9055869722109858,0.38171457455004937,6,1,COMPLETE
4947,52.080000000000005,2025-01-22 06:53:46.313064,2025-01-22 06:54:01.645498,0 days 00:00:15.332434,0.9659181771243612,0.7288505641147901,0.35222614692083815,6,1,COMPLETE
4948,50.42,2025-01-22 06:54:00.209110,2025-01-22 06:54:13.397326,0 days 00:00:13.188216,0.4741383745129484,0.9431242684674981,0.5395618007105724,2,1,COMPLETE
4949,45.87,2025-01-22 06:54:02.126059,2025-01-22 06:54:15.820348,0 days 00:00:13.694289,0.1626820951087546,0.5105884740367308,0.5458865639806513,2,1,COMPLETE
4950,51.74999999999999,2025-01-22 06:54:13.562945,2025-01-22 06:54:27.597959,0 days 00:00:14.035014,0.7834014438171637,0.7918568945984108,0.5307497963630295,2,1,COMPLETE
4951,33.900000000000006,2025-01-22 06:54:16.562281,2025-01-22 06:54:31.237695,0 days 00:00:14.675414,0.7638138702691925,1.0216487296020822,0.057692346382530506,4,1,COMPLETE
4952,52.33,2025-01-22 06:54:27.774156,2025-01-22 06:54:42.731452,0 days 00:00:14.957296,1.220852019152768,0.9828701633373752,0.4326488965218941,4,1,COMPLETE
4953,52.300000000000004,2025-01-22 06:54:31.410148,2025-01-22 06:54:45.629780,0 days 00:00:14.219632,1.20074311931915,0.9544084779808999,0.4367731161673966,4,1,COMPLETE
4954,52.03,2025-01-22 06:54:42.886760,2025-01-22 06:54:58.112967,0 days 00:00:15.226207,1.024942058955278,1.0339245581490693,0.37172648984260315,5,1,COMPLETE
4955,51.739999999999995,2025-01-22 06:54:45.780132,2025-01-22 06:55:01.201056,0 days 00:00:15.420924,1.0185980975318862,0.6059043536023582,0.32772559279675506,6,1,COMPLETE
4956,51.83,2025-01-22 06:54:58.249615,2025-01-22 06:55:12.021370,0 days 00:00:13.771755,1.3719944709231848,1.0272634743391365,0.31902201732027574,2,1,COMPLETE
4957,50.89,2025-01-22 06:55:01.370996,2025-01-22 06:55:15.422646,0 days 00:00:14.051650,1.3664717710145635,0.7696284613020636,0.6222613756843001,2,1,COMPLETE
4958,50.67,2025-01-22 06:55:12.390658,2025-01-22 06:55:26.319225,0 days 00:00:13.928567,1.1882476063043133,0.8786689173994658,0.6261113764066991,2,1,COMPLETE
4959,48.69,2025-01-22 06:55:15.580581,2025-01-22 06:55:30.255767,0 days 00:00:14.675186,4.380841599883466,1.0658246219593543,0.5033425940410835,4,1,COMPLETE
4960,40.43,2025-01-22 06:55:26.491057,2025-01-22 06:55:42.729106,0 days 00:00:16.238049,0.9828909725672225,1.0466474032850568,1.0649067240629728,8,1,COMPLETE
4961,51.959999999999994,2025-01-22 06:55:30.413638,2025-01-22 06:55:46.188828,0 days 00:00:15.775190,1.0145825546979081,1.1004538568978457,0.38862509273301654,8,1,COMPLETE
4962,51.59,2025-01-22 06:55:42.896677,2025-01-22 06:55:58.474385,0 days 00:00:15.577708,1.659413942839274,1.1197556972018887,0.3927099477954768,6,1,COMPLETE
4963,52.400000000000006,2025-01-22 06:55:46.364479,2025-01-22 06:56:01.655643,0 days 00:00:15.291164,0.8293123592570729,1.130970115219571,0.45060019124318346,5,1,COMPLETE
4964,48.209999999999994,2025-01-22 06:55:58.628591,2025-01-22 06:56:13.495223,0 days 00:00:14.866632,2.833681737518133,0.7705111840984594,0.7436468298541837,4,1,COMPLETE
4965,52.300000000000004,2025-01-22 06:56:01.805783,2025-01-22 06:56:15.590873,0 days 00:00:13.785090,1.238038871082504,0.7960376324280916,0.4919970693890717,2,1,COMPLETE
4966,51.32,2025-01-22 06:56:13.658226,2025-01-22 06:56:27.661445,0 days 00:00:14.003219,1.1733932591963772,0.8247493484675793,0.2921452695310628,2,1,COMPLETE
4967,50.12,2025-01-22 06:56:16.129519,2025-01-22 06:56:30.354967,0 days 00:00:14.225448,0.6296062914127405,0.9592657219276596,0.2694856148470972,2,1,COMPLETE
4968,51.849999999999994,2025-01-22 06:56:27.802969,2025-01-22 06:56:56.578099,0 days 00:00:28.775130,0.6842448724521795,0.960352793945709,0.3531427038797595,39,3,COMPLETE
4969,51.67,2025-01-22 06:56:30.530767,2025-01-22 06:56:45.142154,0 days 00:00:14.611387,1.4028731011243305,1.0539237324744672,0.35528230350641077,4,1,COMPLETE
