number,value,datetime_start,datetime_complete,duration,params_gamma_1,params_gamma_2,params_lambda,params_n_clusters,params_n_neighbors,state
942,52.580000000000005,2025-01-21 21:38:10.630346,2025-01-21 21:38:32.804709,0 days 00:00:22.174363,0.9981153955065707,1.675438243886937,0.4635346693716342,25,7,COMPLETE
943,52.33,2025-01-21 21:38:18.688918,2025-01-21 21:38:38.679074,0 days 00:00:19.990156,1.0186061952439913,0.7611430175060518,0.47199941166463977,22,7,COMPLETE
944,50.519999999999996,2025-01-21 21:38:32.896734,2025-01-21 21:38:53.930633,0 days 00:00:21.033899,0.43697952128545786,0.9125629754834607,0.31918546103629664,22,7,COMPLETE
945,50.7,2025-01-21 21:38:38.748090,2025-01-21 21:38:56.177865,0 days 00:00:17.429775,1.2128760257109619,0.9853985934145342,0.6759188358765105,13,6,COMPLETE
946,36.919999999999995,2025-01-21 21:38:54.030478,2025-01-21 21:39:11.361988,0 days 00:00:17.331510,0.08497498113989249,1.2047987284738697,0.6732719811289947,13,6,COMPLETE
947,41.63,2025-01-21 21:38:56.377875,2025-01-21 21:39:20.059044,0 days 00:00:23.681169,0.7768720832727231,0.07229265276556102,0.11677394439039948,29,15,COMPLETE
948,51.67,2025-01-21 21:39:11.475411,2025-01-21 21:39:36.949779,0 days 00:00:25.474368,0.769827226885467,1.4110781273731214,0.5334096317840199,29,4,COMPLETE
949,51.800000000000004,2025-01-21 21:39:20.149174,2025-01-21 21:39:39.570906,0 days 00:00:19.421732,1.2210691504151125,1.4730351605120124,0.5500021592363803,17,8,COMPLETE
950,52.52,2025-01-21 21:39:37.033610,2025-01-21 21:39:56.413706,0 days 00:00:19.380096,1.1980185245647852,2.0272766332643144,0.38109589319471887,17,8,COMPLETE
951,0.5,2025-01-21 21:39:39.650157,2025-01-21 21:39:59.346817,0 days 00:00:19.696660,0.0682545293163595,2.001750598810942,0.372245740783754,20,7,COMPLETE
952,52.059999999999995,2025-01-21 21:39:56.506810,2025-01-21 21:40:25.757177,0 days 00:00:29.250367,0.956380528533446,2.823029356114643,0.4362735862844805,40,4,COMPLETE
953,50.5,2025-01-21 21:39:59.437285,2025-01-21 21:40:21.360030,0 days 00:00:21.922745,1.7323819063157,1.1642761116587526,0.4518370803295238,25,18,COMPLETE
954,49.89,2025-01-21 21:40:21.471285,2025-01-21 21:40:42.077611,0 days 00:00:20.606326,0.9831848079048444,3.909039751827657,0.3065280785647957,23,7,COMPLETE
955,50.760000000000005,2025-01-21 21:40:25.859386,2025-01-21 21:40:47.471617,0 days 00:00:21.612231,0.6043310101744622,1.7354925256278366,0.3189032817523906,24,7,COMPLETE
956,51.519999999999996,2025-01-21 21:40:42.175261,2025-01-21 21:41:05.215165,0 days 00:00:23.039904,1.550841484403059,1.7241160407609821,0.5192317245492954,27,9,COMPLETE
957,51.5,2025-01-21 21:40:47.554076,2025-01-21 21:41:11.474513,0 days 00:00:23.920437,1.5798641818184154,1.0592782769139186,0.5104981050808497,27,5,COMPLETE
958,52.61,2025-01-21 21:41:05.307962,2025-01-21 21:41:25.208703,0 days 00:00:19.900741,1.0767817985345915,2.3776735235963007,0.4128891540591899,21,6,COMPLETE
959,52.54,2025-01-21 21:41:11.577731,2025-01-21 21:41:31.874218,0 days 00:00:20.296487,1.094283772469984,2.462411463877728,0.40371689206795863,21,6,COMPLETE
960,52.04,2025-01-21 21:41:25.302037,2025-01-21 21:42:21.641294,0 days 00:00:56.339257,1.2907462623098311,2.8814747615018534,0.36303151911035014,98,11,COMPLETE
961,47.54,2025-01-21 21:41:31.973371,2025-01-21 21:41:51.031799,0 days 00:00:19.058428,3.350664661841693,0.0049081743163708,0.6202050770419453,19,8,COMPLETE
962,51.88,2025-01-21 21:41:51.120132,2025-01-21 21:42:08.732192,0 days 00:00:17.612060,1.273714089310284,2.846324334560573,0.35509754396213755,15,8,COMPLETE
963,52.5,2025-01-21 21:42:08.806208,2025-01-21 21:42:27.972176,0 days 00:00:19.165968,1.3756645488812929,3.2880253288684367,0.47886765927245467,18,6,COMPLETE
964,47.93,2025-01-21 21:42:21.742329,2025-01-21 21:42:41.375331,0 days 00:00:19.633002,1.499511325542424,4.304609722933939,0.8355909215296062,18,6,COMPLETE
965,50.32,2025-01-21 21:42:28.072685,2025-01-21 21:43:51.063809,0 days 00:01:22.991124,1.1119862201014643,3.622542960175192,0.5761013741658458,80,35,COMPLETE
966,50.77,2025-01-21 21:42:41.452219,2025-01-21 21:43:00.852789,0 days 00:00:19.400570,1.0901279184212096,0.10577992989351767,0.5811367751674336,20,7,COMPLETE
967,52.16,2025-01-21 21:43:00.938610,2025-01-21 21:43:20.553014,0 days 00:00:19.614404,1.8505425767858206,3.616520366392817,0.4506837857145313,21,7,COMPLETE
968,32.550000000000004,2025-01-21 21:43:20.657406,2025-01-21 21:43:37.886912,0 days 00:00:17.229506,1.091298592953031,2.2102094780839385,0.04786853314109075,15,8,COMPLETE
969,51.92,2025-01-21 21:43:37.985612,2025-01-21 21:43:57.472292,0 days 00:00:19.486680,0.8960364245136363,2.5108422246229,0.5213648564595962,21,7,COMPLETE
970,51.29,2025-01-21 21:43:51.162461,2025-01-21 21:44:15.021427,0 days 00:00:23.858966,0.9035618042845077,2.420089468695704,0.29807822508913634,21,7,COMPLETE
971,23.330000000000002,2025-01-21 21:43:57.598439,2025-01-21 21:44:16.290106,0 days 00:00:18.691667,1.3441524941554372,2.3958894394194057,0.0031746566539049633,17,6,COMPLETE
972,50.0,2025-01-21 21:44:15.125562,2025-01-21 21:44:33.825864,0 days 00:00:18.700302,1.3587347722552385,2.117459985677469,0.7102682917417458,17,8,COMPLETE
973,0.5,2025-01-21 21:44:16.375677,2025-01-21 21:44:37.998247,0 days 00:00:21.622570,0.0024001212873004086,2.088451397789756,0.41833543774518966,23,7,COMPLETE
974,52.31,2025-01-21 21:44:33.922158,2025-01-21 21:44:53.516756,0 days 00:00:19.594598,0.7547017969372082,0.5937417829801287,0.4077109246058432,19,8,COMPLETE
975,49.0,2025-01-21 21:44:38.094326,2025-01-21 21:45:12.443438,0 days 00:00:34.349112,0.7295253468354856,2.8996311058826105,0.3484316529317291,55,48,COMPLETE
976,51.790000000000006,2025-01-21 21:44:53.602008,2025-01-21 21:45:10.163625,0 days 00:00:16.561617,1.0238962500348983,2.832161265155703,0.34343724555680866,11,6,COMPLETE
977,51.32,2025-01-21 21:45:10.255807,2025-01-21 21:45:30.606838,0 days 00:00:20.351031,1.7002214066234245,0.7768834954762254,0.4430646573668646,23,7,COMPLETE
978,51.67,2025-01-21 21:45:12.591909,2025-01-21 21:45:33.409215,0 days 00:00:20.817306,1.7437963008134216,1.418483524052618,0.48453244710577725,23,7,COMPLETE
979,52.480000000000004,2025-01-21 21:45:30.699837,2025-01-21 21:45:50.515109,0 days 00:00:19.815272,1.1895588921231095,1.3766292327377068,0.5101396701175998,19,8,COMPLETE
980,50.43,2025-01-21 21:45:33.498090,2025-01-21 21:45:52.994617,0 days 00:00:19.496527,1.2663013606723528,1.1594694607384173,0.23212003279789906,19,6,COMPLETE
981,50.67,2025-01-21 21:45:50.609899,2025-01-21 21:46:08.836581,0 days 00:00:18.226682,0.8745006133912369,0.9102133321018185,0.260212603446321,16,8,COMPLETE
982,50.6,2025-01-21 21:45:53.120326,2025-01-21 21:46:11.580918,0 days 00:00:18.460592,0.889642591022494,0.9307484912990809,0.6304567118251665,16,8,COMPLETE
983,50.42,2025-01-21 21:46:08.923379,2025-01-21 21:46:29.245494,0 days 00:00:20.322115,0.9922225203122922,1.8027035558774744,0.6394389232936152,21,9,COMPLETE
984,52.300000000000004,2025-01-21 21:46:11.690243,2025-01-21 21:46:31.855380,0 days 00:00:20.165137,1.0433590290338888,1.9265778448730377,0.3929704564546865,21,9,COMPLETE
985,51.160000000000004,2025-01-21 21:46:29.351087,2025-01-21 21:46:43.953087,0 days 00:00:14.602000,0.6303526274078084,1.9603153252375762,0.3751116499327523,6,6,COMPLETE
986,52.44,2025-01-21 21:46:31.941454,2025-01-21 21:46:53.015573,0 days 00:00:21.074119,1.162206230087234,1.230222617550355,0.441661011105725,24,5,COMPLETE
987,52.38,2025-01-21 21:46:44.048781,2025-01-21 21:47:06.336655,0 days 00:00:22.287874,1.16851459738492,1.5100740214396347,0.48839585454835505,24,5,COMPLETE
988,51.33,2025-01-21 21:46:53.100227,2025-01-21 21:47:13.316887,0 days 00:00:20.216660,1.5234556812157545,1.5775304630331886,0.30214208258169784,22,7,COMPLETE
989,50.739999999999995,2025-01-21 21:47:06.786498,2025-01-21 21:47:27.459171,0 days 00:00:20.672673,1.522824634398207,0.4316024608643036,0.29442271793922603,22,7,COMPLETE
990,52.03,2025-01-21 21:47:13.406329,2025-01-21 21:47:32.463318,0 days 00:00:19.056989,0.8175657501493747,1.0604614215625776,0.5398432183470905,19,6,COMPLETE
991,51.23,2025-01-21 21:47:27.540036,2025-01-21 21:47:45.259631,0 days 00:00:17.719595,0.8056886867196078,2.4464239632843197,0.5524024596228868,13,6,COMPLETE
992,26.39,2025-01-21 21:47:32.558183,2025-01-21 21:47:50.600263,0 days 00:00:18.042080,0.6588103223229426,0.246590380419197,0.019576607682406107,14,8,COMPLETE
993,52.669999999999995,2025-01-21 21:47:45.337476,2025-01-21 21:47:59.105321,0 days 00:00:13.767845,1.0024862696663617,1.2759187081201648,0.4313499816546339,3,1,COMPLETE
994,48.54,2025-01-21 21:47:50.892212,2025-01-21 21:48:18.885713,0 days 00:00:27.993501,2.211863964098229,3.1864704558298373,0.7187708742331439,38,25,COMPLETE
995,52.410000000000004,2025-01-21 21:47:59.201970,2025-01-21 21:48:12.423683,0 days 00:00:13.221713,1.416888404060059,2.018919152453643,0.3407729334329268,2,1,COMPLETE
996,52.12,2025-01-21 21:48:12.516254,2025-01-21 21:48:25.676689,0 days 00:00:13.160435,2.084287090962413,3.238745643651185,0.4062182535905982,2,1,COMPLETE
997,52.68000000000001,2025-01-21 21:48:18.972381,2025-01-21 21:48:33.337944,0 days 00:00:14.365563,1.2526381731766325,1.4110422220121452,0.41039088518987893,3,1,COMPLETE
998,52.96999999999999,2025-01-21 21:48:25.798317,2025-01-21 21:48:37.941626,0 days 00:00:12.143309,1.2530376409280488,1.5331670702921265,0.44032374943226904,1,1,COMPLETE
999,50.33,2025-01-21 21:48:33.418452,2025-01-21 21:48:47.530033,0 days 00:00:14.111581,1.0153909861586663,0.044083201219901655,0.3249411084572424,3,1,COMPLETE
1000,51.89,2025-01-21 21:48:38.045269,2025-01-21 21:48:51.757451,0 days 00:00:13.712182,1.7648850074868885,1.2281554176380531,0.3568658792800829,3,1,COMPLETE
1001,52.629999999999995,2025-01-21 21:48:47.802850,2025-01-21 21:49:01.925438,0 days 00:00:14.122588,1.4250263751578867,1.2094616992927794,0.4299527209445517,3,1,COMPLETE
1002,52.080000000000005,2025-01-21 21:48:51.855476,2025-01-21 21:49:06.487101,0 days 00:00:14.631625,1.3660803694303958,1.3155269052031902,0.4685760673441408,5,1,COMPLETE
1003,47.48,2025-01-21 21:49:02.185728,2025-01-21 21:49:16.445172,0 days 00:00:14.259444,5.886191421125485,0.8292805120170577,0.42216796281474045,4,1,COMPLETE
1004,48.18,2025-01-21 21:49:06.571817,2025-01-21 21:49:18.385651,0 days 00:00:11.813834,2.047455951156536,0.013396702102822351,0.40000586283485484,1,1,COMPLETE
1005,51.55,2025-01-21 21:49:16.535714,2025-01-21 21:49:28.225303,0 days 00:00:11.689589,1.8578650547215774,1.044897400152452,0.5556272149897084,1,1,COMPLETE
1006,51.459999999999994,2025-01-21 21:49:18.662739,2025-01-21 21:49:32.819207,0 days 00:00:14.156468,1.8303685552595388,0.9961192995640281,0.5389129897848517,4,2,COMPLETE
1007,51.06,2025-01-21 21:49:28.363392,2025-01-21 21:49:40.711206,0 days 00:00:12.347814,1.619715036271837,0.7023883246002327,0.28233183689660163,1,1,COMPLETE
1008,51.53,2025-01-21 21:49:32.906127,2025-01-21 21:49:46.920407,0 days 00:00:14.014280,1.5095786031079672,0.7381129313078377,0.3168934069694712,3,1,COMPLETE
1009,48.870000000000005,2025-01-21 21:49:40.809428,2025-01-21 21:49:55.210548,0 days 00:00:14.401120,1.4980376140102447,0.9207107041573054,0.20524442324634393,3,1,COMPLETE
1010,51.73,2025-01-21 21:49:47.000019,2025-01-21 21:50:01.961408,0 days 00:00:14.961389,1.3983895764037273,1.0742530699181578,0.3948094542464374,5,1,COMPLETE
1011,51.81,2025-01-21 21:49:55.294350,2025-01-21 21:50:34.586250,0 days 00:00:39.291900,1.347427967114211,1.0773592065758253,0.38211414450732795,62,3,COMPLETE
1012,52.739999999999995,2025-01-21 21:50:02.036520,2025-01-21 21:50:13.711610,0 days 00:00:11.675090,1.2298913153099653,1.1509266633707615,0.48917596775541483,1,1,COMPLETE
1013,49.32,2025-01-21 21:50:13.804375,2025-01-21 21:50:25.813016,0 days 00:00:12.008641,2.2624234085271198,1.245524407973708,0.758545238796412,1,1,COMPLETE
1014,50.91,2025-01-21 21:50:25.908903,2025-01-21 21:50:40.012898,0 days 00:00:14.103995,1.5973665776859582,1.3490067786338302,0.6113885261682352,5,1,COMPLETE
1015,51.449999999999996,2025-01-21 21:50:34.812528,2025-01-21 21:50:49.060399,0 days 00:00:14.247871,1.5697162497158146,1.401236887987466,0.5822184309322761,3,1,COMPLETE
1016,52.59,2025-01-21 21:50:40.108164,2025-01-21 21:50:51.969573,0 days 00:00:11.861409,1.2559819324318156,1.3390686410451222,0.5078177224586297,1,1,COMPLETE
1017,52.190000000000005,2025-01-21 21:50:49.150253,2025-01-21 21:51:04.138007,0 days 00:00:14.987754,1.3032811816839314,1.2200027609353317,0.45501340198178636,6,1,COMPLETE
1018,30.459999999999997,2025-01-21 21:50:52.051635,2025-01-21 21:51:06.559595,0 days 00:00:14.507960,1.2756859593369416,1.1791970252140203,0.029338745007649946,5,1,COMPLETE
1019,49.82,2025-01-21 21:51:04.217412,2025-01-21 21:51:17.917295,0 days 00:00:13.699883,1.1828266295615508,1.517615827270479,0.6723573608818957,3,1,COMPLETE
1020,50.239999999999995,2025-01-21 21:51:06.674065,2025-01-21 21:51:20.242620,0 days 00:00:13.568555,1.7186802012735223,1.4848418579305644,0.6582784474164121,3,1,COMPLETE
1021,51.11,2025-01-21 21:51:18.007603,2025-01-21 21:51:31.192793,0 days 00:00:13.185190,1.850975392458526,0.8609698863294478,0.33761165932230086,2,1,COMPLETE
1022,50.71,2025-01-21 21:51:20.443622,2025-01-21 21:51:35.570626,0 days 00:00:15.127004,1.903023588893341,0.8567013138488282,0.35856245416793314,7,1,COMPLETE
1023,51.790000000000006,2025-01-21 21:51:31.275977,2025-01-21 21:51:47.160254,0 days 00:00:15.884277,1.0135018368090363,1.1061411873086395,0.5249795157156613,7,1,COMPLETE
1024,52.449999999999996,2025-01-21 21:51:35.688594,2025-01-21 21:51:48.186935,0 days 00:00:12.498341,1.0494590894017801,1.1967047870514196,0.49829238834131356,1,1,COMPLETE
1025,52.86,2025-01-21 21:51:47.249172,2025-01-21 21:51:59.336110,0 days 00:00:12.086938,1.1500036827970415,1.7828896420283697,0.4421400906631256,1,1,COMPLETE
1026,0.5,2025-01-21 21:51:48.288733,2025-01-21 21:52:03.303629,0 days 00:00:15.014896,0.012750948363339268,1.7600110742069064,0.0010397632471746622,3,1,COMPLETE
1027,48.010000000000005,2025-01-21 21:51:59.422070,2025-01-21 21:52:11.287764,0 days 00:00:11.865694,1.4058323111181525,0.20514402651436128,0.8037181609209958,1,1,COMPLETE
1028,47.61,2025-01-21 21:52:03.387022,2025-01-21 21:52:17.923125,0 days 00:00:14.536103,1.4302099535831416,1.3996059213770444,0.8029665248217882,4,1,COMPLETE
1029,50.870000000000005,2025-01-21 21:52:11.431637,2025-01-21 21:52:25.760896,0 days 00:00:14.329259,2.539697207895612,1.392440906487964,0.441210188063988,4,1,COMPLETE
1030,52.910000000000004,2025-01-21 21:52:18.038236,2025-01-21 21:53:02.292330,0 days 00:00:44.254094,0.9680713468505164,1.5519983009801523,0.4348373497744139,1,1,COMPLETE
1031,51.25999999999999,2025-01-21 21:52:25.852009,2025-01-21 21:52:37.491036,0 days 00:00:11.639027,0.947939415332434,1.6149755296025274,0.5872552391353832,1,1,COMPLETE
1032,52.16,2025-01-21 21:52:37.571681,2025-01-21 21:52:56.893436,0 days 00:00:19.321755,1.189209313176549,0.9878046111799758,0.49447824513281197,5,1,COMPLETE
1033,52.99,2025-01-21 21:52:57.131347,2025-01-21 21:53:09.701325,0 days 00:00:12.569978,1.1739567726673383,1.2151606994125117,0.40101234226869376,1,1,COMPLETE
1034,44.879999999999995,2025-01-21 21:53:02.526580,2025-01-21 21:53:14.688469,0 days 00:00:12.161889,0.2067397989901094,1.2059842859730052,0.5926621574226149,1,1,COMPLETE
1035,51.519999999999996,2025-01-21 21:53:09.829088,2025-01-21 21:53:22.740047,0 days 00:00:12.910959,0.87089005190431,1.058169545454487,0.27456946204196336,1,1,COMPLETE
1036,49.13,2025-01-21 21:53:14.782728,2025-01-21 21:53:27.375111,0 days 00:00:12.592383,0.8857170112322673,0.00241669818471836,0.2975274715825045,1,1,COMPLETE
1037,42.059999999999995,2025-01-21 21:53:22.892138,2025-01-21 21:53:37.281570,0 days 00:00:14.389432,0.10079657330988596,0.885049630584709,0.3629591272939576,3,1,COMPLETE
1038,51.519999999999996,2025-01-21 21:53:27.453666,2025-01-21 21:53:42.046367,0 days 00:00:14.592701,1.5814508874485884,0.9777196722993988,0.36579912304339457,4,1,COMPLETE
1039,0.5,2025-01-21 21:53:37.529253,2025-01-21 21:53:53.882803,0 days 00:00:16.353550,0.006766979586929501,1.0674908793487263,0.41750789574498476,6,1,COMPLETE
1040,52.33,2025-01-21 21:53:42.139128,2025-01-21 21:53:57.336804,0 days 00:00:15.197676,1.2522324654881598,1.2008245617820166,0.43307049241602363,6,1,COMPLETE
1041,52.89,2025-01-21 21:53:53.987624,2025-01-21 21:54:06.686102,0 days 00:00:12.698478,1.2172840215650536,1.263003140795938,0.47299822274743425,1,1,COMPLETE
1042,37.47,2025-01-21 21:53:57.419124,2025-01-21 21:54:09.784067,0 days 00:00:12.364943,0.9830333923171106,0.7444190498418067,0.07313676306075048,1,1,COMPLETE
1043,51.449999999999996,2025-01-21 21:54:06.776177,2025-01-21 21:54:20.425617,0 days 00:00:13.649440,1.635098150546209,1.0064843131299055,0.323590796756936,2,1,COMPLETE
1044,49.95,2025-01-21 21:54:09.878549,2025-01-21 21:54:24.156000,0 days 00:00:14.277451,1.6703927763744226,0.9161494479361194,0.24017104721725765,3,1,COMPLETE
1045,52.0,2025-01-21 21:54:20.517878,2025-01-21 21:54:34.648437,0 days 00:00:14.130559,1.4495378123007527,1.2619975323172576,0.4993644356998359,3,1,COMPLETE
1046,51.39,2025-01-21 21:54:24.241917,2025-01-21 21:54:38.398743,0 days 00:00:14.156826,2.1744002964211115,1.175958406235271,0.4928736411662855,3,1,COMPLETE
1047,50.94,2025-01-21 21:54:34.726023,2025-01-21 21:57:08.160814,0 days 00:02:33.434791,1.9731077373242982,0.8106426248713621,0.39564354080324154,5,1,COMPLETE
1048,52.459999999999994,2025-01-21 21:54:38.475974,2025-01-21 21:54:50.878039,0 days 00:00:12.402065,1.2605736562617282,0.7582153775665234,0.40576609692232546,1,1,COMPLETE
1049,51.88,2025-01-21 21:54:50.957357,2025-01-21 21:55:04.941916,0 days 00:00:13.984559,1.334778456806228,1.3179354837326664,0.38341258302246467,5,1,COMPLETE
1050,51.68000000000001,2025-01-21 21:55:05.031947,2025-01-21 21:55:18.473867,0 days 00:00:13.441920,1.1596176237478173,0.6017965635588879,0.3299884607148724,3,1,COMPLETE
1051,51.01,2025-01-21 21:55:18.585082,2025-01-21 21:55:29.967705,0 days 00:00:11.382623,1.921286638471445,0.8721551380374218,0.5696249029769782,1,1,COMPLETE
1052,52.03,2025-01-21 21:55:30.075222,2025-01-21 21:55:44.624782,0 days 00:00:14.549560,1.5218815909471999,1.0827239648500782,0.4517282480955357,6,1,COMPLETE
1053,53.080000000000005,2025-01-21 21:55:44.723908,2025-01-21 21:55:55.972492,0 days 00:00:11.248584,1.1826320664112233,1.313908715833055,0.40876761230928177,1,1,COMPLETE
1054,51.739999999999995,2025-01-21 21:55:56.065439,2025-01-21 21:56:07.530079,0 days 00:00:11.464640,1.3651323788575747,1.1953510743668674,0.2633472358089284,1,1,COMPLETE
1055,39.26,2025-01-21 21:56:07.615134,2025-01-21 21:56:21.486940,0 days 00:00:13.871806,1.9380787921887583,1.050673516147187,1.279572823925011,4,1,COMPLETE
1056,51.99,2025-01-21 21:56:21.575247,2025-01-21 21:56:35.157747,0 days 00:00:13.582500,1.2346656252795705,1.3545375232774697,0.35064483248695516,4,1,COMPLETE
1057,52.129999999999995,2025-01-21 21:56:35.253796,2025-01-21 21:56:46.516974,0 days 00:00:11.263178,1.438996097829635,0.8884147144762432,0.5296255713985635,1,1,COMPLETE
1058,50.629999999999995,2025-01-21 21:56:46.599737,2025-01-21 21:57:01.840491,0 days 00:00:15.240754,1.753273652039758,1.1906010630251695,0.631020802720233,8,1,COMPLETE
1059,52.690000000000005,2025-01-21 21:57:01.933914,2025-01-21 21:57:15.543537,0 days 00:00:13.609623,1.0779111753669368,1.3857563088345761,0.4613676346783275,3,1,COMPLETE
1060,52.54,2025-01-21 21:57:08.366763,2025-01-21 21:57:22.523727,0 days 00:00:14.156964,1.1592557212591676,1.4013079976626317,0.461222103616063,3,1,COMPLETE
1061,51.82,2025-01-21 21:57:15.640213,2025-01-21 21:57:29.916357,0 days 00:00:14.276144,1.148909467015182,1.3634281617746318,0.31818692855493275,3,1,COMPLETE
1062,51.300000000000004,2025-01-21 21:57:22.708911,2025-01-21 21:57:39.009334,0 days 00:00:16.300423,1.435168675626613,1.0512827292254998,0.305350411040618,6,1,COMPLETE
1063,51.59,2025-01-21 21:57:30.037838,2025-01-21 21:57:45.836699,0 days 00:00:15.798861,1.5035694022879278,1.0437866421950919,0.38690921308585285,7,1,COMPLETE
1064,50.5,2025-01-21 21:57:39.087131,2025-01-21 21:57:53.210122,0 days 00:00:14.122991,2.9237157065221266,1.1688798867361996,0.3772742161315256,3,1,COMPLETE
1065,52.03,2025-01-21 21:57:46.042270,2025-01-21 21:57:57.705828,0 days 00:00:11.663558,0.9969497580625643,1.2391132614507394,0.5445663088170979,1,1,COMPLETE
1066,52.16,2025-01-21 21:57:53.305484,2025-01-21 21:58:05.254921,0 days 00:00:11.949437,0.9940882486400603,1.3506424297303998,0.5203388509400302,1,1,COMPLETE
1067,52.910000000000004,2025-01-21 21:57:57.791067,2025-01-21 21:58:09.773582,0 days 00:00:11.982515,1.231680935003693,1.4764580224848098,0.44556448085104433,1,1,COMPLETE
1068,52.2,2025-01-21 21:58:05.342241,2025-01-21 21:58:20.052906,0 days 00:00:14.710665,1.2953358263382608,1.4526053323269346,0.442367690041245,5,1,COMPLETE
1069,50.38,2025-01-21 21:58:09.862811,2025-01-21 21:58:24.645260,0 days 00:00:14.782449,1.6370904410810834,1.5168211319340128,0.6590488788204956,5,1,COMPLETE
1070,48.94,2025-01-21 21:58:20.233620,2025-01-21 21:58:34.844429,0 days 00:00:14.610809,1.5874286829125526,0.91018319960496,0.7353399055337348,4,1,COMPLETE
1071,51.5,2025-01-21 21:58:24.738482,2025-01-21 21:58:38.643235,0 days 00:00:13.904753,1.2980506697836485,0.946161176925897,0.5892782440776839,3,1,COMPLETE
1072,44.92,2025-01-21 21:58:34.917914,2025-01-21 21:58:46.704841,0 days 00:00:11.786927,1.2947549154203313,1.1917415185283065,0.9590681812123321,1,1,COMPLETE
1073,52.21,2025-01-21 21:58:38.738296,2025-01-21 21:58:53.182360,0 days 00:00:14.444064,1.2898496148780791,1.1805270663682828,0.4760629971892931,3,1,COMPLETE
1074,52.72,2025-01-21 21:58:46.800986,2025-01-21 21:58:59.140293,0 days 00:00:12.339307,1.0759051598819696,1.4763033546009348,0.47883667918753847,1,1,COMPLETE
1075,52.690000000000005,2025-01-21 21:58:53.295778,2025-01-21 21:59:05.645709,0 days 00:00:12.349931,0.9469898864533889,1.5819571762953688,0.35402178347867763,1,1,COMPLETE
