number,value,datetime_start,datetime_complete,duration,params_gamma_1,params_gamma_2,params_lambda,params_n_clusters,params_n_neighbors,state
5372,50.72,2025-01-22 07:51:48.679723,2025-01-22 07:52:06.113580,0 days 00:00:17.433857,2.198791357641655,1.066494137374964,0.38453733073229457,9,2,COMPLETE
5373,51.32,2025-01-22 07:52:01.498042,2025-01-22 07:52:19.211476,0 days 00:00:17.713434,1.0920322530703581,1.0362707426101196,0.28952644915297104,8,1,COMPLETE
5374,51.449999999999996,2025-01-22 07:52:06.619077,2025-01-22 07:52:22.045016,0 days 00:00:15.425939,1.0848016413800514,1.4020251388698783,0.29009430495207544,4,1,COMPLETE
5375,49.25,2025-01-22 07:52:19.379420,2025-01-22 07:52:34.136177,0 days 00:00:14.756757,1.4638499516248065,1.4433913171090145,0.7223714356169989,4,1,COMPLETE
5376,26.11,2025-01-22 07:52:22.233708,2025-01-22 07:53:04.749857,0 days 00:00:42.516149,1.4808524086388384,1.2517421296797624,0.01038177554341067,65,4,COMPLETE
5377,52.16,2025-01-22 07:52:34.444291,2025-01-22 07:52:49.492396,0 days 00:00:15.048105,0.8917134688263072,1.2463918698733056,0.3573036350467014,6,1,COMPLETE
5378,51.59,2025-01-22 07:52:49.647771,2025-01-22 07:53:02.904955,0 days 00:00:13.257184,1.3577145031508207,1.6944628515893274,0.5983660211228947,2,1,COMPLETE
5379,51.68000000000001,2025-01-22 07:53:03.089415,2025-01-22 07:53:17.613484,0 days 00:00:14.524069,0.5180480168632824,1.1988148115441948,0.42376451703524987,4,1,COMPLETE
5380,52.23,2025-01-22 07:53:05.353578,2025-01-22 07:53:19.963763,0 days 00:00:14.610185,0.9703552747648746,0.6798474066904777,0.42445219306232,4,1,COMPLETE
5381,52.61,2025-01-22 07:53:17.780990,2025-01-22 07:53:31.688458,0 days 00:00:13.907468,0.9729806457829959,1.8910813693939885,0.47910270057986404,2,1,COMPLETE
5382,51.470000000000006,2025-01-22 07:53:20.525422,2025-01-22 07:53:34.040252,0 days 00:00:13.514830,0.7828457529198499,1.5554065468855482,0.5339033579816852,2,1,COMPLETE
5383,25.91,2025-01-22 07:53:31.887557,2025-01-22 07:53:47.291636,0 days 00:00:15.404079,0.7745391807483384,1.5514273180429599,0.01759773718262428,6,5,COMPLETE
5384,28.189999999999998,2025-01-22 07:53:34.497567,2025-01-22 07:53:50.034720,0 days 00:00:15.537153,1.2451287058173985,1.0111874721075467,0.019388487999639655,6,1,COMPLETE
5385,51.38,2025-01-22 07:53:47.447649,2025-01-22 07:54:04.557315,0 days 00:00:17.109666,1.193898235512443,0.9626363771969688,0.33978403801420776,12,2,COMPLETE
5386,51.71,2025-01-22 07:53:50.222727,2025-01-22 07:54:04.627401,0 days 00:00:14.404674,1.7493018231989739,2.1260067791659445,0.355528766338307,4,1,COMPLETE
5387,49.86,2025-01-22 07:54:04.763258,2025-01-22 07:54:18.777506,0 days 00:00:14.014248,0.6378829497835645,1.3854197900459782,0.5933112427045075,2,1,COMPLETE
5388,49.84,2025-01-22 07:54:04.886443,2025-01-22 07:54:18.920547,0 days 00:00:14.034104,0.6186071019372416,1.3999060584698046,0.5858803910220668,2,1,COMPLETE
5389,52.21,2025-01-22 07:54:18.958493,2025-01-22 07:54:34.224407,0 days 00:00:15.265914,1.11725821504036,1.8905756539024006,0.4009575756652565,5,1,COMPLETE
5390,52.28,2025-01-22 07:54:19.142586,2025-01-22 07:54:34.430061,0 days 00:00:15.287475,1.0798821898430249,1.834229774427216,0.4023952860569695,5,1,COMPLETE
5391,50.7,2025-01-22 07:54:34.427068,2025-01-22 07:54:50.933207,0 days 00:00:16.506139,1.5050081190155133,1.1345393586762154,0.2740707641969445,8,1,COMPLETE
5392,51.59,2025-01-22 07:54:34.628337,2025-01-22 07:54:50.967133,0 days 00:00:16.338796,1.4777628598312322,1.1571809393741446,0.47702999201455815,7,1,COMPLETE
5393,51.82,2025-01-22 07:54:51.118112,2025-01-22 07:55:05.842711,0 days 00:00:14.724599,0.9150096757197812,1.6271343859747764,0.3294395389327879,4,1,COMPLETE
5394,51.72,2025-01-22 07:54:51.235312,2025-01-22 07:55:05.987223,0 days 00:00:14.751911,0.8728677311612002,1.5858087511512442,0.3236737662551817,4,1,COMPLETE
5395,48.02,2025-01-22 07:55:06.033844,2025-01-22 07:55:19.919530,0 days 00:00:13.885686,1.272047582203439,0.8331511613621068,0.790371332256429,2,1,COMPLETE
5396,52.31,2025-01-22 07:55:06.360783,2025-01-22 07:55:20.101870,0 days 00:00:13.741087,1.8715115324910045,2.199987058194611,0.47677499833686254,2,1,COMPLETE
5397,52.449999999999996,2025-01-22 07:55:20.112563,2025-01-22 07:55:34.739366,0 days 00:00:14.626803,1.0751607911165573,1.2737385685191345,0.3938983089494372,4,1,COMPLETE
5398,52.410000000000004,2025-01-22 07:55:20.284897,2025-01-22 07:55:34.739353,0 days 00:00:14.454456,1.0893455802291625,1.268621365599393,0.3936567437227266,4,1,COMPLETE
5399,51.72,2025-01-22 07:55:34.899823,2025-01-22 07:55:50.692365,0 days 00:00:15.792542,1.32403910953165,1.0316554849460156,0.5258850591404748,6,1,COMPLETE
5400,51.800000000000004,2025-01-22 07:55:34.900531,2025-01-22 07:55:50.031473,0 days 00:00:15.130942,1.3073169272041467,1.0051998310407917,0.5229799580148871,6,1,COMPLETE
5401,52.669999999999995,2025-01-22 07:55:50.216131,2025-01-22 07:56:03.603082,0 days 00:00:13.386951,0.774593418458733,1.4649311113282288,0.4468125490396465,2,1,COMPLETE
5402,52.64,2025-01-22 07:55:50.841274,2025-01-22 07:56:04.669702,0 days 00:00:13.828428,0.7731734065501722,1.4872965788546961,0.4459931889312661,2,1,COMPLETE
5403,52.019999999999996,2025-01-22 07:56:03.770539,2025-01-22 07:56:17.180437,0 days 00:00:13.409898,1.6902390485871395,1.779885000064183,0.35196362542708665,2,1,COMPLETE
5404,44.59,2025-01-22 07:56:04.837978,2025-01-22 07:56:22.043634,0 days 00:00:17.205656,1.7067045102484375,1.8284847473753691,0.9353833596915788,10,2,COMPLETE
5405,49.63,2025-01-22 07:56:17.350847,2025-01-22 07:56:33.415330,0 days 00:00:16.064483,0.9541251961927304,2.2116155456327617,0.6562291034073552,8,1,COMPLETE
5406,49.51,2025-01-22 07:56:22.239710,2025-01-22 07:56:36.667217,0 days 00:00:14.427507,0.9139070970654849,0.06008263671919813,0.670280109386247,4,1,COMPLETE
5407,51.07000000000001,2025-01-22 07:56:33.602767,2025-01-22 07:56:48.455913,0 days 00:00:14.853146,1.1577085824541875,1.2194024716169407,0.26884784219642555,4,1,COMPLETE
5408,51.300000000000004,2025-01-22 07:56:36.841787,2025-01-22 07:56:51.535285,0 days 00:00:14.693498,1.204052716793103,1.2529025566144125,0.27724645153159694,4,1,COMPLETE
5409,52.559999999999995,2025-01-22 07:56:48.615985,2025-01-22 07:57:02.173638,0 days 00:00:13.557653,1.3424474473304266,1.4870079912148773,0.37475419125871406,2,1,COMPLETE
5410,52.55,2025-01-22 07:56:51.694405,2025-01-22 07:57:05.238184,0 days 00:00:13.543779,1.416764637158403,1.5955748959658294,0.3705318841039166,2,1,COMPLETE
5411,52.370000000000005,2025-01-22 07:57:02.492086,2025-01-22 07:57:18.216646,0 days 00:00:15.724560,1.032701906037898,0.8477245867800394,0.47223824477008425,6,1,COMPLETE
5412,51.459999999999994,2025-01-22 07:57:05.404667,2025-01-22 07:57:20.482469,0 days 00:00:15.077802,1.0276614056258306,0.9513973791063317,0.5618381676958336,6,1,COMPLETE
5413,51.190000000000005,2025-01-22 07:57:18.374889,2025-01-22 07:57:33.554500,0 days 00:00:15.179611,1.9234723761540733,2.1652702598851343,0.5553399285094005,6,1,COMPLETE
5414,51.300000000000004,2025-01-22 07:57:20.944487,2025-01-22 07:57:35.376602,0 days 00:00:14.432115,1.9021110661962275,2.191391518983,0.3200361632369126,4,1,COMPLETE
5415,0.5,2025-01-22 07:57:33.726548,2025-01-22 07:57:48.857675,0 days 00:00:15.131127,0.02101934084002038,1.8099413500787287,0.4209874065106517,4,1,COMPLETE
5416,52.66,2025-01-22 07:57:35.951159,2025-01-22 07:57:50.250442,0 days 00:00:14.299283,0.8571374502565108,0.6790824700451215,0.4342768327713769,2,1,COMPLETE
5417,48.71,2025-01-22 07:57:49.030522,2025-01-22 07:58:02.666084,0 days 00:00:13.635562,0.887529075711219,1.3349624529552782,0.21233013434915476,2,1,COMPLETE
5418,52.16,2025-01-22 07:57:50.418435,2025-01-22 07:58:07.980788,0 days 00:00:17.562353,0.6894646402774398,1.1226852703989263,0.4700167048427277,8,1,COMPLETE
5419,51.73,2025-01-22 07:58:02.994461,2025-01-22 07:58:19.481558,0 days 00:00:16.487097,0.6733696096165553,1.1256781626184615,0.509708550271572,8,1,COMPLETE
5420,51.73,2025-01-22 07:58:08.138609,2025-01-22 07:58:22.784952,0 days 00:00:14.646343,1.496565069087275,1.4641464277350908,0.3410282971708573,4,1,COMPLETE
5421,51.910000000000004,2025-01-22 07:58:19.836525,2025-01-22 07:58:33.260959,0 days 00:00:13.424434,1.5903690111302595,1.5164619996416069,0.33246517095759925,2,1,COMPLETE
5422,52.839999999999996,2025-01-22 07:58:22.955710,2025-01-22 07:58:36.278976,0 days 00:00:13.323266,1.1701008150844885,1.6909019045647369,0.39477639691722644,2,1,COMPLETE
5423,52.54,2025-01-22 07:58:33.635194,2025-01-22 07:58:47.977797,0 days 00:00:14.342603,1.1560011032971445,1.8473416347478582,0.4004001532998919,4,1,COMPLETE
5424,52.16,2025-01-22 07:58:36.429604,2025-01-22 07:58:51.142589,0 days 00:00:14.712985,1.2256627550029946,1.3137835854243671,0.44740429861466013,5,1,COMPLETE
5425,51.62,2025-01-22 07:58:48.332036,2025-01-22 07:59:03.415330,0 days 00:00:15.083294,1.3221397363602,1.2749355581067918,0.5455067162995484,6,1,COMPLETE
5426,49.84,2025-01-22 07:58:51.314648,2025-01-22 07:59:22.544255,0 days 00:00:31.229607,0.9798414151322726,0.9537204258996751,0.6175474755108318,48,32,COMPLETE
5427,51.790000000000006,2025-01-22 07:59:03.551135,2025-01-22 07:59:17.523588,0 days 00:00:13.972453,0.9401700163141483,0.9644985797531312,0.3079342227658247,2,1,COMPLETE
5428,48.92,2025-01-22 07:59:17.714920,2025-01-22 07:59:33.091677,0 days 00:00:15.376757,1.0019497139331457,1.0539369333635802,0.7089116291267639,4,1,COMPLETE
5429,48.83,2025-01-22 07:59:22.693253,2025-01-22 07:59:37.471577,0 days 00:00:14.778324,1.5476188997195648,1.1367173816850749,0.7472643630430721,4,1,COMPLETE
5430,52.03,2025-01-22 07:59:33.383057,2025-01-22 08:00:02.281353,0 days 00:00:28.898296,1.4881653496497715,1.8452701741166433,0.4937019633626746,38,3,COMPLETE
5431,50.17,2025-01-22 07:59:37.617635,2025-01-22 07:59:50.833452,0 days 00:00:13.215817,3.3920824525736766,1.8304709666350232,0.4466206151973036,2,1,COMPLETE
5432,49.57,2025-01-22 07:59:51.192468,2025-01-22 08:00:05.766909,0 days 00:00:14.574441,0.7987860878525882,1.525277752836002,0.2479208479272563,6,1,COMPLETE
5433,50.06,2025-01-22 08:00:02.426053,2025-01-22 08:00:18.743516,0 days 00:00:16.317463,0.7897915857930846,0.7753025985890133,0.2571705410393297,7,1,COMPLETE
5434,38.01,2025-01-22 08:00:05.914067,2025-01-22 08:00:19.785881,0 days 00:00:13.871814,1.1670079038933088,1.3514010743279317,0.07395878107208033,2,1,COMPLETE
5435,52.669999999999995,2025-01-22 08:00:18.919569,2025-01-22 08:00:32.186067,0 days 00:00:13.266498,1.1966748719495117,1.3887712774157208,0.3664205859022767,2,1,COMPLETE
5436,51.300000000000004,2025-01-22 08:00:19.975441,2025-01-22 08:00:35.160054,0 days 00:00:15.184613,2.0807213404145726,2.2567287299492262,0.3685769917209083,4,1,COMPLETE
5437,51.77,2025-01-22 08:00:32.368269,2025-01-22 08:00:47.046073,0 days 00:00:14.677804,1.3917900646825516,1.6018318417283648,0.5638261441949652,4,1,COMPLETE
5438,51.74999999999999,2025-01-22 08:00:35.296458,2025-01-22 08:00:49.920056,0 days 00:00:14.623598,1.3525039248781228,1.6077658526476017,0.5629176547122924,4,1,COMPLETE
5439,50.849999999999994,2025-01-22 08:00:47.210234,2025-01-22 08:01:02.391726,0 days 00:00:15.181492,1.0443579315557665,0.36369992657834893,0.2973542112904488,6,1,COMPLETE
5440,51.29,2025-01-22 08:00:50.138353,2025-01-22 08:01:07.322816,0 days 00:00:17.184463,0.9627812929464896,1.1682311312685165,0.3018864716442054,10,2,COMPLETE
5441,52.080000000000005,2025-01-22 08:01:02.572071,2025-01-22 08:01:20.470789,0 days 00:00:17.898718,0.915753264726096,1.1301271538818944,0.42692438886037437,10,2,COMPLETE
5442,41.46,2025-01-22 08:01:07.475582,2025-01-22 08:01:21.818419,0 days 00:00:14.342837,1.1022319654855715,1.95305712458277,1.100333628119822,2,1,COMPLETE
5443,51.07000000000001,2025-01-22 08:01:20.647061,2025-01-22 08:01:33.737522,0 days 00:00:13.090461,2.74491025963044,2.0603147150161636,0.46367045108971655,2,1,COMPLETE
5444,50.870000000000005,2025-01-22 08:01:21.993614,2025-01-22 08:01:35.862235,0 days 00:00:13.868621,2.757618752705832,1.3591860880850524,0.4893902860795037,2,1,COMPLETE
5445,48.620000000000005,2025-01-22 08:01:33.888116,2025-01-22 08:01:49.028563,0 days 00:00:15.140447,4.498792992835955,1.355965934442273,0.3936337589624748,5,1,COMPLETE
5446,51.78,2025-01-22 08:01:36.604883,2025-01-22 08:01:51.764829,0 days 00:00:15.159946,1.6531714738702763,1.628033601254903,0.3834778984011075,6,1,COMPLETE
5447,51.51,2025-01-22 08:01:49.214059,2025-01-22 08:02:05.576039,0 days 00:00:16.361980,1.6725621502222032,1.658774528007331,0.3547873924699099,7,6,COMPLETE
5448,51.480000000000004,2025-01-22 08:01:52.096260,2025-01-22 08:02:07.012846,0 days 00:00:14.916586,1.3155160176100837,0.8535903388400066,0.3357546834939953,4,1,COMPLETE
5449,50.88,2025-01-22 08:02:05.768757,2025-01-22 08:02:20.050297,0 days 00:00:14.281540,1.2931213913641721,0.8335736079862092,0.6122953042802658,4,1,COMPLETE
5450,52.480000000000004,2025-01-22 08:02:07.184776,2025-01-22 08:02:21.279744,0 days 00:00:14.094968,0.8281186258753844,1.1138360178431699,0.4869243027669045,2,1,COMPLETE
5451,51.78,2025-01-22 08:02:20.246610,2025-01-22 08:02:33.413860,0 days 00:00:13.167250,0.6586289113649273,1.0776095198160083,0.5044062291431366,2,1,COMPLETE
5452,52.39,2025-01-22 08:02:21.490475,2025-01-22 08:02:36.239366,0 days 00:00:14.748891,0.6982674819714293,1.2903374703333592,0.4190988739452353,4,1,COMPLETE
5453,52.16,2025-01-22 08:02:33.598910,2025-01-22 08:02:49.595080,0 days 00:00:15.996170,1.093514661264536,1.2947043355069143,0.41683063013805194,8,1,COMPLETE
5454,51.68000000000001,2025-01-22 08:02:36.498436,2025-01-22 08:02:51.850228,0 days 00:00:15.351792,0.551894645299011,1.4787172792379795,0.42731196477157335,6,1,COMPLETE
5455,50.38,2025-01-22 08:02:49.776795,2025-01-22 08:03:04.278909,0 days 00:00:14.502114,1.0693799998120521,0.0329143067934691,0.5995752094241027,5,1,COMPLETE
5456,45.62,2025-01-22 08:02:52.364109,2025-01-22 08:03:07.063883,0 days 00:00:14.699774,0.3209820250896292,2.179391059732145,0.33019676157045547,4,1,COMPLETE
5457,52.11,2025-01-22 08:03:04.457117,2025-01-22 08:03:18.053850,0 days 00:00:13.596733,1.4152311974686171,2.234445150339878,0.3159485626135374,2,1,COMPLETE
5458,52.54,2025-01-22 08:03:07.301663,2025-01-22 08:03:21.115597,0 days 00:00:13.813934,1.4766357213566117,1.8184232746193285,0.5028827470741138,2,1,COMPLETE
5459,52.15,2025-01-22 08:03:18.237999,2025-01-22 08:03:31.903225,0 days 00:00:13.665226,0.8582145711888818,1.7425542383970993,0.5137618784910725,2,1,COMPLETE
5460,41.22,2025-01-22 08:03:21.263394,2025-01-22 08:03:36.071332,0 days 00:00:14.807938,0.8659736982292947,0.9871119780968959,0.10578818991431925,4,1,COMPLETE
5461,50.980000000000004,2025-01-22 08:03:32.078223,2025-01-22 08:03:46.609668,0 days 00:00:14.531445,2.0909516439944773,0.9926878463140391,0.3847616705656464,4,1,COMPLETE
5462,51.970000000000006,2025-01-22 08:03:36.250120,2025-01-22 08:03:52.763678,0 days 00:00:16.513558,1.2046979293919513,1.4834323706544996,0.3655129583873715,8,1,COMPLETE
5463,32.28,2025-01-22 08:03:47.057098,2025-01-22 08:04:03.217801,0 days 00:00:16.160703,0.1032803739736129,1.4307588689533401,0.2749196541729281,8,1,COMPLETE
5464,51.080000000000005,2025-01-22 08:03:52.937978,2025-01-22 08:04:08.634618,0 days 00:00:15.696640,1.0528534295636827,0.09095785850104805,0.4281446212696511,6,1,COMPLETE
5465,48.33,2025-01-22 08:04:04.023992,2025-01-22 08:04:19.235316,0 days 00:00:15.211324,1.0592797077756064,0.6033380121065104,0.19409973592888058,5,1,COMPLETE
5466,23.96,2025-01-22 08:04:08.800535,2025-01-22 08:04:22.323605,0 days 00:00:13.523070,1.2361382181589848,1.1734509620454765,0.0030820760454539063,2,1,COMPLETE
5467,49.65,2025-01-22 08:04:19.395657,2025-01-22 08:04:33.201916,0 days 00:00:13.806259,1.7522118737607184,1.156205958233767,0.6969618862903345,2,1,COMPLETE
5468,50.06,2025-01-22 08:04:22.512165,2025-01-22 08:04:36.786337,0 days 00:00:14.274172,1.52687177339272,1.9238326421206868,0.6779135043780439,4,1,COMPLETE
5469,51.32,2025-01-22 08:04:33.390641,2025-01-22 08:04:47.837298,0 days 00:00:14.446657,0.9313989131761499,1.693207352214541,0.5608076719316637,4,1,COMPLETE
5470,51.18000000000001,2025-01-22 08:04:36.961675,2025-01-22 08:04:51.717068,0 days 00:00:14.755393,0.9581448965379679,1.6582204487382046,0.5610831122403827,6,1,COMPLETE
5471,44.76,2025-01-22 08:04:48.002167,2025-01-22 08:05:03.515673,0 days 00:00:15.513506,0.14877549994900616,1.3086982798396114,0.46103585176504214,6,1,COMPLETE
5472,52.65,2025-01-22 08:04:52.015806,2025-01-22 08:05:05.810457,0 days 00:00:13.794651,0.74213081928232,1.3075195647387066,0.43967277062374077,2,1,COMPLETE
5473,52.400000000000006,2025-01-22 08:05:03.714427,2025-01-22 08:05:17.257194,0 days 00:00:13.542767,0.745037946881025,1.4683774671701122,0.3586023783276131,2,1,COMPLETE
5474,51.17,2025-01-22 08:05:06.335657,2025-01-22 08:05:54.302861,0 days 00:00:47.967204,0.4396394967916533,0.9156036125353244,0.35843976169767516,83,3,COMPLETE
5475,49.6,2025-01-22 08:05:17.393422,2025-01-22 08:06:06.226327,0 days 00:00:48.832905,1.2442537670868747,0.7475013755286289,0.2924175514722077,77,45,COMPLETE
5476,47.199999999999996,2025-01-22 08:05:54.456456,2025-01-22 08:06:08.628920,0 days 00:00:14.172464,1.2790019247975706,5.9721606834624685,0.29665581554406545,4,1,COMPLETE
5477,52.2,2025-01-22 08:06:06.430889,2025-01-22 08:06:20.907760,0 days 00:00:14.476871,1.1403319646744283,2.28752447928027,0.4854037439725048,4,1,COMPLETE
5478,52.17,2025-01-22 08:06:09.080779,2025-01-22 08:06:23.254939,0 days 00:00:14.174160,1.0829917364477508,2.29761575358093,0.4825883832835567,4,1,COMPLETE
5479,52.66,2025-01-22 08:06:21.095245,2025-01-22 08:06:35.017522,0 days 00:00:13.922277,1.5282815006722437,1.9625472520045364,0.3982291683648861,2,1,COMPLETE
5480,51.7,2025-01-22 08:06:23.693645,2025-01-22 08:06:39.889342,0 days 00:00:16.195697,1.5458231295817444,1.1716185529427072,0.41831192908572934,7,1,COMPLETE
5481,51.459999999999994,2025-01-22 08:06:35.175860,2025-01-22 08:06:50.883251,0 days 00:00:15.707391,1.7902053573920151,1.1621625987259694,0.4059935133998208,6,1,COMPLETE
5482,51.38,2025-01-22 08:06:40.043769,2025-01-22 08:06:53.789716,0 days 00:00:13.745947,0.8901869029248362,1.5556575276655575,0.5674695103797419,2,1,COMPLETE
5483,50.54,2025-01-22 08:06:51.074876,2025-01-22 08:07:04.816970,0 days 00:00:13.742094,0.8503708303711437,1.5542978212903393,0.6023066325095334,2,1,COMPLETE
5484,47.44,2025-01-22 08:06:53.984807,2025-01-22 08:07:08.641365,0 days 00:00:14.656558,1.324605354132322,1.0006119060690162,0.8033630647171063,4,1,COMPLETE
5485,47.06,2025-01-22 08:07:04.986095,2025-01-22 08:07:19.507878,0 days 00:00:14.521783,1.302468390972942,0.9829479302230086,0.8142552625490914,4,1,COMPLETE
5486,52.14,2025-01-22 08:07:08.938648,2025-01-22 08:07:24.127622,0 days 00:00:15.188974,1.0172057343982133,1.9154050553043553,0.34692572947174644,4,1,COMPLETE
5487,51.870000000000005,2025-01-22 08:07:19.704270,2025-01-22 08:07:37.218904,0 days 00:00:17.514634,1.0567584928001017,1.8510794391777086,0.3444712163367958,9,2,COMPLETE
5488,49.370000000000005,2025-01-22 08:07:24.289668,2025-01-22 08:07:41.462441,0 days 00:00:17.172773,2.122645414322747,1.2930692657714444,0.2494202743938902,9,2,COMPLETE
5489,51.78,2025-01-22 08:07:37.372665,2025-01-22 08:07:51.332093,0 days 00:00:13.959428,1.9867481152167676,1.276478467899452,0.4857925433199795,2,1,COMPLETE
5490,52.72,2025-01-22 08:07:41.609937,2025-01-22 08:07:55.528564,0 days 00:00:13.918627,1.1961561557850957,1.4380023828419486,0.4745012497049847,2,1,COMPLETE
5491,50.580000000000005,2025-01-22 08:07:51.506726,2025-01-22 08:08:06.641440,0 days 00:00:15.134714,1.152031913513248,0.014190150239732144,0.4408899880102734,6,1,COMPLETE
5492,52.349999999999994,2025-01-22 08:07:55.660327,2025-01-22 08:08:11.272285,0 days 00:00:15.611958,0.8367668683819109,1.6301687831904643,0.40127977953586164,6,1,COMPLETE
5493,51.519999999999996,2025-01-22 08:08:06.785686,2025-01-22 08:08:22.269719,0 days 00:00:15.484033,0.7978809709527745,1.5939158350015845,0.3213299083407043,6,1,COMPLETE
5494,0.5,2025-01-22 08:08:11.420815,2025-01-22 08:08:50.209037,0 days 00:00:38.788222,0.004279512893300367,0.47547615143551125,0.29553179590946876,61,3,COMPLETE
5495,51.67,2025-01-22 08:08:22.449298,2025-01-22 08:08:36.457417,0 days 00:00:14.008119,1.4602444338237082,0.8366935456613137,0.5336686995666212,4,1,COMPLETE
5496,49.02,2025-01-22 08:08:36.796914,2025-01-22 08:08:49.865972,0 days 00:00:13.069058,0.6044654057256843,1.1155063083877408,0.6283072707736741,2,1,COMPLETE
5497,52.42,2025-01-22 08:08:50.061673,2025-01-22 08:09:05.369193,0 days 00:00:15.307520,0.9530047518206364,1.3596813034659214,0.3774668485799617,4,1,COMPLETE
5498,52.370000000000005,2025-01-22 08:08:50.390849,2025-01-22 08:09:05.393463,0 days 00:00:15.002614,0.9752720535420654,1.8573914485784542,0.36967625232019197,4,1,COMPLETE
5499,51.62,2025-01-22 08:09:05.545667,2025-01-22 08:09:23.289543,0 days 00:00:17.743876,1.3874302250567931,1.1620888546275656,0.5037185683644315,12,2,COMPLETE
5500,52.51,2025-01-22 08:09:05.567789,2025-01-22 08:09:20.152435,0 days 00:00:14.584646,1.4050872489207171,1.1683856016379786,0.4951737388804056,2,1,COMPLETE
5501,52.42,2025-01-22 08:09:20.328261,2025-01-22 08:09:34.366293,0 days 00:00:14.038032,1.6282897593981964,1.4485416604829047,0.439753960107774,2,1,COMPLETE
5502,52.22,2025-01-22 08:09:23.466596,2025-01-22 08:09:37.472659,0 days 00:00:14.006063,1.7788372467662508,1.485667968663639,0.42603626966387526,2,1,COMPLETE
5503,50.970000000000006,2025-01-22 08:09:34.537917,2025-01-22 08:09:50.609464,0 days 00:00:16.071547,0.6859927489000409,1.9282325750058495,0.3261526414294692,7,1,COMPLETE
5504,51.849999999999994,2025-01-22 08:09:37.628362,2025-01-22 08:09:53.440609,0 days 00:00:15.812247,1.1442765046720007,2.3744143465912515,0.3247359098379113,7,1,COMPLETE
5505,51.76,2025-01-22 08:09:50.777977,2025-01-22 08:10:05.500456,0 days 00:00:14.722479,1.1377794525057017,0.9304202854084953,0.5597896410694805,5,1,COMPLETE
