number,value,datetime_start,datetime_complete,duration,params_gamma_1,params_gamma_2,params_lambda,params_n_clusters,params_n_neighbors,state
7384,51.910000000000004,2025-01-22 14:33:01.823365,2025-01-22 14:33:19.863589,0 days 00:00:18.040224,0.7133642678811812,1.5999403913568204,0.3616909114720881,4,1,COMPLETE
7385,50.849999999999994,2025-01-22 14:33:20.063839,2025-01-22 14:33:37.113481,0 days 00:00:17.049642,0.9617331664908676,1.002206741314694,0.2656342652519116,2,1,COMPLETE
7386,52.12,2025-01-22 14:33:37.313681,2025-01-22 14:34:22.785640,0 days 00:00:45.471959,1.4287012443791989,2.0759739457496984,0.4304556833020549,40,3,COMPLETE
7387,51.99,2025-01-22 14:34:22.964350,2025-01-22 14:34:44.035197,0 days 00:00:21.070847,1.164371497665899,3.0073673446198317,0.4869971194278539,8,1,COMPLETE
7388,49.13,2025-01-22 14:34:44.413466,2025-01-22 14:35:03.270553,0 days 00:00:18.857087,0.9089918861538258,1.235672294584256,0.6810386087107613,5,1,COMPLETE
7389,52.28,2025-01-22 14:35:03.444309,2025-01-22 14:35:20.594551,0 days 00:00:17.150242,1.3202460260402962,1.7670166153359947,0.3276021514861195,2,1,COMPLETE
7390,52.629999999999995,2025-01-22 14:35:20.811294,2025-01-22 14:35:38.565748,0 days 00:00:17.754454,1.0616297222570383,1.4854134369879544,0.4017759673027259,4,1,COMPLETE
7391,50.94,2025-01-22 14:35:38.741452,2025-01-22 14:35:55.555624,0 days 00:00:16.814172,2.142743806950613,0.7404052786480594,0.5600879888649333,2,1,COMPLETE
7392,51.739999999999995,2025-01-22 14:35:55.728169,2025-01-22 14:36:14.847522,0 days 00:00:19.119353,1.671284945101068,1.067452015318974,0.4682738327367519,6,1,COMPLETE
7393,49.66,2025-01-22 14:36:15.019343,2025-01-22 14:36:32.981966,0 days 00:00:17.962623,1.207265216771938,1.4090285684238346,0.21792339579549605,4,1,COMPLETE
7394,51.64,2025-01-22 14:36:33.156340,2025-01-22 14:36:50.001340,0 days 00:00:16.845000,0.6060342891958227,1.727191434849658,0.36217041441365394,2,1,COMPLETE
7395,50.89,2025-01-22 14:36:50.183552,2025-01-22 14:37:08.113418,0 days 00:00:17.929866,0.8288628058905283,2.1470160484894576,0.2968664378275962,4,1,COMPLETE
7396,51.42,2025-01-22 14:37:08.327486,2025-01-22 14:37:29.379773,0 days 00:00:21.052287,1.539147272759895,0.8658221016323818,0.41505450796828125,8,1,COMPLETE
7397,51.870000000000005,2025-01-22 14:37:29.591750,2025-01-22 14:37:48.823423,0 days 00:00:19.231673,0.9698659617323193,1.244262088457217,0.5189060358225843,6,1,COMPLETE
7398,51.23,2025-01-22 14:37:49.013957,2025-01-22 14:38:06.170516,0 days 00:00:17.156559,1.1680449262857446,1.6096003264759986,0.606999518101488,2,1,COMPLETE
7399,38.41,2025-01-22 14:38:06.365332,2025-01-22 14:38:23.944405,0 days 00:00:17.579073,1.396069081802867,1.0252421061832757,0.07298585598228957,4,1,COMPLETE
7400,52.21,2025-01-22 14:38:24.132446,2025-01-22 14:38:41.223258,0 days 00:00:17.090812,0.7497193052667759,1.3057796879716206,0.3440180322377455,2,1,COMPLETE
7401,52.31,2025-01-22 14:38:41.423200,2025-01-22 14:38:59.975381,0 days 00:00:18.552181,0.9842188294046219,1.8836559459595452,0.4349241387284959,5,1,COMPLETE
7402,52.190000000000005,2025-01-22 14:39:00.179288,2025-01-22 14:39:17.744177,0 days 00:00:17.564889,1.1065759418446566,1.4903782941337715,0.49214275674725294,4,1,COMPLETE
7403,51.349999999999994,2025-01-22 14:39:17.931663,2025-01-22 14:39:38.241309,0 days 00:00:20.309646,1.8605839295179107,1.157934129468243,0.39166993009958273,7,1,COMPLETE
7404,49.4,2025-01-22 14:39:38.410911,2025-01-22 14:39:55.515214,0 days 00:00:17.104303,1.3646696210119476,2.249533182346367,0.7085595858688477,2,1,COMPLETE
7405,51.15,2025-01-22 14:39:55.700286,2025-01-22 14:40:13.214224,0 days 00:00:17.513938,0.8347444145375089,0.9299791380523937,0.2892919430936291,4,1,COMPLETE
7406,51.39,2025-01-22 14:40:13.541494,2025-01-22 14:40:36.271483,0 days 00:00:22.729989,1.2101544554477521,1.4530661770176134,0.5657251786875259,10,2,COMPLETE
7407,52.370000000000005,2025-01-22 14:40:36.467548,2025-01-22 14:40:53.539764,0 days 00:00:17.072216,0.9769010398055279,1.7944369969476093,0.34377405498831914,2,1,COMPLETE
7408,52.07000000000001,2025-01-22 14:40:53.733996,2025-01-22 14:41:12.906478,0 days 00:00:19.172482,1.5184536580704264,1.195150301314185,0.43790069563588807,6,1,COMPLETE
7409,51.39,2025-01-22 14:41:13.111524,2025-01-22 14:41:35.391769,0 days 00:00:22.280245,0.6821704090283883,1.535678319255804,0.5008728137798786,4,1,COMPLETE
7410,25.290000000000003,2025-01-22 14:41:35.628380,2025-01-22 14:41:53.130956,0 days 00:00:17.502576,1.0932265022096417,1.2805970337365857,0.008476841171447917,2,1,COMPLETE
7411,26.090000000000003,2025-01-22 14:41:53.318111,2025-01-22 14:42:14.147238,0 days 00:00:20.829127,1.3257446766830108,1.0388830808680047,0.010636647239242647,8,1,COMPLETE
7412,52.07000000000001,2025-01-22 14:42:14.326290,2025-01-22 14:42:32.598163,0 days 00:00:18.271873,0.8682851218721398,1.9864240729007117,0.3884794324262148,5,1,COMPLETE
7413,50.46000000000001,2025-01-22 14:42:32.788471,2025-01-22 14:42:49.887278,0 days 00:00:17.098807,1.6401457588021902,1.6832897114618302,0.24065188732194798,2,1,COMPLETE
7414,51.910000000000004,2025-01-22 14:42:50.077670,2025-01-22 14:43:07.865821,0 days 00:00:17.788151,1.0834251470395808,1.4020813643375418,0.31439304400733553,4,1,COMPLETE
7415,51.92,2025-01-22 14:43:08.215256,2025-01-22 14:43:27.159706,0 days 00:00:18.944450,1.284619293348028,0.721200926045165,0.46007443132861175,6,1,COMPLETE
7416,48.84,2025-01-22 14:43:27.359988,2025-01-22 14:43:45.381901,0 days 00:00:18.021913,0.7540643641429148,2.454415518232194,0.6500866774027289,2,1,COMPLETE
7417,52.05,2025-01-22 14:43:45.547028,2025-01-22 14:44:10.842723,0 days 00:00:25.295695,1.002719421262835,1.185651249241774,0.3814924746399124,14,2,COMPLETE
7418,51.0,2025-01-22 14:44:11.031969,2025-01-22 14:44:28.779297,0 days 00:00:17.747328,2.1186484628544404,0.934519367931442,0.533020637708769,4,1,COMPLETE
7419,52.73,2025-01-22 14:44:28.956537,2025-01-22 14:44:46.556960,0 days 00:00:17.600423,1.4488966832510233,1.7068293190722352,0.4155827496218885,2,1,COMPLETE
7420,51.870000000000005,2025-01-22 14:44:46.735110,2025-01-22 14:45:05.740730,0 days 00:00:19.005620,0.8758755051895487,1.4197612899153966,0.3344960881308899,6,1,COMPLETE
7421,47.06,2025-01-22 14:45:05.956881,2025-01-22 14:45:23.653411,0 days 00:00:17.696530,1.181913707592876,2.0854003159902614,0.17212893349070565,4,1,COMPLETE
7422,51.55,2025-01-22 14:45:23.839696,2025-01-22 14:45:44.632275,0 days 00:00:20.792579,1.7604704295006823,1.0950927105665433,0.46123854658123403,8,2,COMPLETE
7423,51.080000000000005,2025-01-22 14:45:44.831389,2025-01-22 14:46:01.884880,0 days 00:00:17.053491,1.0423443591777908,1.5748290107619978,0.2643892370269475,2,1,COMPLETE
7424,51.11,2025-01-22 14:46:02.245442,2025-01-22 14:46:21.510242,0 days 00:00:19.264800,1.3263877467963912,1.282287436861974,0.6010898703006179,4,1,COMPLETE
7425,52.04,2025-01-22 14:46:21.701666,2025-01-22 14:46:41.098979,0 days 00:00:19.397313,0.9064567176039883,0.603942934064125,0.3753843032708792,6,1,COMPLETE
7426,51.82,2025-01-22 14:46:41.254077,2025-01-22 14:46:58.241748,0 days 00:00:16.987671,0.6513174139597906,0.8366646046805661,0.4861331058286031,2,1,COMPLETE
7427,45.300000000000004,2025-01-22 14:46:58.415806,2025-01-22 14:47:16.282939,0 days 00:00:17.867133,1.4832609111006925,2.8353590855853987,0.9012282797549714,4,1,COMPLETE
7428,51.13999999999999,2025-01-22 14:47:16.455644,2025-01-22 14:47:40.236031,0 days 00:00:23.780387,1.1690669087299543,1.907674427413928,0.3071959720692547,12,2,COMPLETE
7429,52.62,2025-01-22 14:47:40.434438,2025-01-22 14:47:57.479798,0 days 00:00:17.045360,0.7889049337996243,1.4003343085073017,0.40508792971552265,2,1,COMPLETE
