number,value,datetime_start,datetime_complete,duration,params_gamma_1,params_gamma_2,params_lambda,params_n_clusters,params_n_neighbors,state
3895,51.33,2025-01-22 04:29:44.697287,2025-01-22 04:30:02.356872,0 days 00:00:17.659585,1.20501349393551,1.6056601673896669,0.32034311377156416,13,2,COMPLETE
3896,42.85,2025-01-22 04:29:56.286872,2025-01-22 04:30:14.180943,0 days 00:00:17.894071,1.0265207485361358,1.6057100354981595,0.9716165266064191,13,2,COMPLETE
3897,43.29,2025-01-22 04:30:02.494037,2025-01-22 04:30:17.912542,0 days 00:00:15.418505,1.0516019443454525,2.2519279115307116,0.9514059375593003,6,1,COMPLETE
3898,51.66,2025-01-22 04:30:14.341325,2025-01-22 04:30:29.639779,0 days 00:00:15.298454,1.456567654428107,2.2427104969309126,0.5166704646895596,6,1,COMPLETE
3899,50.0,2025-01-22 04:30:18.062501,2025-01-22 04:30:31.744270,0 days 00:00:13.681769,1.3998272611345683,0.0028907548365126453,0.5245662434196573,2,1,COMPLETE
3900,52.6,2025-01-22 04:30:29.798089,2025-01-22 04:30:43.163405,0 days 00:00:13.365316,1.3458987906361317,1.31356732403947,0.3842089121408174,2,1,COMPLETE
3901,52.900000000000006,2025-01-22 04:30:32.194016,2025-01-22 04:30:45.774879,0 days 00:00:13.580863,0.9561034789106704,1.286565348575514,0.4051297465162754,2,1,COMPLETE
3902,50.71,2025-01-22 04:30:43.313599,2025-01-22 04:30:58.115568,0 days 00:00:14.801969,0.9573098049224823,1.9224225509618464,0.2706597748970132,4,1,COMPLETE
3903,51.27,2025-01-22 04:30:46.005474,2025-01-22 04:31:00.095405,0 days 00:00:14.089931,0.7435374705731838,1.8664833983267792,0.31794090327761954,4,1,COMPLETE
3904,51.67,2025-01-22 04:30:58.265305,2025-01-22 04:31:12.664407,0 days 00:00:14.399102,0.7733155959196186,1.5906977046137722,0.32471619921645273,4,1,COMPLETE
3905,51.54,2025-01-22 04:31:00.790797,2025-01-22 04:31:17.588959,0 days 00:00:16.798162,1.7578501474032018,0.9745257715780289,0.4306900908329339,9,2,COMPLETE
3906,52.04,2025-01-22 04:31:12.822095,2025-01-22 04:31:29.221581,0 days 00:00:16.399486,1.1255776267198148,1.1060527302597571,0.43461531399945563,8,1,COMPLETE
3907,50.849999999999994,2025-01-22 04:31:17.726124,2025-01-22 04:31:33.192220,0 days 00:00:15.466096,1.162025306498796,1.4079928892177649,0.6170642988528101,6,1,COMPLETE
3908,51.129999999999995,2025-01-22 04:31:29.396000,2025-01-22 04:31:42.953922,0 days 00:00:13.557922,1.2194895146369293,1.2070618791099785,0.6081659697312854,2,1,COMPLETE
3909,52.49,2025-01-22 04:31:33.361275,2025-01-22 04:31:47.065005,0 days 00:00:13.703730,1.3376465830438244,1.2166737181935794,0.3740380246425019,2,1,COMPLETE
3910,51.739999999999995,2025-01-22 04:31:43.068987,2025-01-22 04:31:56.884597,0 days 00:00:13.815610,0.5198370997568106,0.7805720990087078,0.3689327596780972,2,1,COMPLETE
3911,51.64,2025-01-22 04:31:47.229800,2025-01-22 04:32:01.600254,0 days 00:00:14.370454,1.577994580221268,0.7996235182989476,0.5241286949844843,4,1,COMPLETE
3912,51.93,2025-01-22 04:31:57.100046,2025-01-22 04:32:12.618358,0 days 00:00:15.518312,1.6353749076195756,1.6571988578330388,0.48161521526515044,5,1,COMPLETE
3913,52.15,2025-01-22 04:32:01.774614,2025-01-22 04:32:17.187963,0 days 00:00:15.413349,0.9119943413066152,1.5274320065080824,0.4841605173957542,6,1,COMPLETE
3914,52.31,2025-01-22 04:32:12.857327,2025-01-22 04:32:28.736626,0 days 00:00:15.879299,0.8658541386049188,1.9389865554559804,0.42145981026873036,6,1,COMPLETE
3915,51.300000000000004,2025-01-22 04:32:17.323401,2025-01-22 04:32:32.176407,0 days 00:00:14.853006,1.0481390530752186,1.9840446075756846,0.29114423623057434,4,1,COMPLETE
3916,51.33,2025-01-22 04:32:28.873734,2025-01-22 04:32:43.651888,0 days 00:00:14.778154,1.105415774168618,0.9312450309469805,0.2822244976432221,4,1,COMPLETE
3917,51.99,2025-01-22 04:32:32.344931,2025-01-22 04:33:28.422954,0 days 00:00:56.078023,1.2385583824755213,1.4305934233890782,0.3596825574048484,88,4,COMPLETE
3918,51.129999999999995,2025-01-22 04:32:43.819098,2025-01-22 04:32:57.088184,0 days 00:00:13.269086,2.282154834733749,1.4229335054021197,0.35845967610529506,2,1,COMPLETE
3919,51.839999999999996,2025-01-22 04:32:57.215536,2025-01-22 04:33:10.628952,0 days 00:00:13.413416,1.2956749834471,1.1166482555481048,0.569167220765047,2,1,COMPLETE
3920,52.43,2025-01-22 04:33:10.769201,2025-01-22 04:33:25.080912,0 days 00:00:14.311711,0.7254138766938961,1.4530938107854205,0.4115370663576251,4,1,COMPLETE
3921,49.84,2025-01-22 04:33:25.232282,2025-01-22 04:33:39.036110,0 days 00:00:13.803828,1.8635955184969177,2.2969431335442216,0.6957401492404317,2,1,COMPLETE
3922,52.290000000000006,2025-01-22 04:33:28.558919,2025-01-22 04:33:42.525898,0 days 00:00:13.966979,0.9877494454580454,2.2891809645760155,0.5003596065798638,2,1,COMPLETE
3923,52.019999999999996,2025-01-22 04:33:39.201525,2025-01-22 04:33:55.581515,0 days 00:00:16.379990,1.0279905410097785,0.5865286915983938,0.48735099859231046,7,5,COMPLETE
3924,51.839999999999996,2025-01-22 04:33:42.670227,2025-01-22 04:33:58.200060,0 days 00:00:15.529833,1.4845970310210275,1.6796495145922719,0.45193593262108883,7,1,COMPLETE
3925,51.62,2025-01-22 04:33:55.704489,2025-01-22 04:34:10.311599,0 days 00:00:14.607110,1.5482899462976742,1.728102729877221,0.3238828552724505,4,1,COMPLETE
3926,51.949999999999996,2025-01-22 04:33:58.328456,2025-01-22 04:34:12.434730,0 days 00:00:14.106274,0.8713539543281421,1.1348935744261466,0.3260767621102545,4,1,COMPLETE
3927,50.160000000000004,2025-01-22 04:34:10.462352,2025-01-22 04:34:24.771113,0 days 00:00:14.308761,0.8166568036236469,1.0014583730256927,0.24840550585606636,4,1,COMPLETE
3928,0.5,2025-01-22 04:34:12.863916,2025-01-22 04:34:31.301200,0 days 00:00:18.437284,0.016156891395275173,1.2791460296413009,0.4127953893278801,11,2,COMPLETE
3929,52.910000000000004,2025-01-22 04:34:24.922418,2025-01-22 04:34:38.745132,0 days 00:00:13.822714,1.2411023613327525,1.2686687649795272,0.4081344217978443,2,1,COMPLETE
3930,48.199999999999996,2025-01-22 04:34:31.462376,2025-01-22 04:34:45.370559,0 days 00:00:13.908183,0.3303085650271627,1.3092026026969774,0.5585755271144484,2,1,COMPLETE
3931,50.870000000000005,2025-01-22 04:34:39.114119,2025-01-22 04:34:55.016611,0 days 00:00:15.902492,1.0388906645407103,1.9330649005551481,0.5878383074814296,6,1,COMPLETE
3932,49.59,2025-01-22 04:34:45.904072,2025-01-22 04:35:00.600159,0 days 00:00:14.696087,1.0800999721709612,1.8617171890016062,0.6663568448126497,6,1,COMPLETE
3933,27.49,2025-01-22 04:34:55.339723,2025-01-22 04:35:10.569428,0 days 00:00:15.229705,1.2509720729869975,0.9085618373466662,0.016893586445897883,5,1,COMPLETE
3934,52.11,2025-01-22 04:35:00.745951,2025-01-22 04:35:15.460673,0 days 00:00:14.714722,0.6913944064393265,0.8998986419243235,0.3718450928428213,4,1,COMPLETE
3935,52.129999999999995,2025-01-22 04:35:11.148566,2025-01-22 04:35:24.664329,0 days 00:00:13.515763,0.6789781528409704,1.5633490319680727,0.47674571334319293,2,1,COMPLETE
3936,52.68000000000001,2025-01-22 04:35:15.592157,2025-01-22 04:35:28.997875,0 days 00:00:13.405718,1.453784060763901,1.5472141085693802,0.46286732331341435,2,1,COMPLETE
3937,30.599999999999998,2025-01-22 04:35:24.927285,2025-01-22 04:35:41.805662,0 days 00:00:16.878377,0.05213500450498263,1.1238629253717818,0.3871917017177005,9,2,COMPLETE
3938,52.11,2025-01-22 04:35:29.166102,2025-01-22 04:35:46.017676,0 days 00:00:16.851574,0.8554471765945473,1.0926689365193176,0.37897656671819774,9,1,COMPLETE
3939,51.470000000000006,2025-01-22 04:35:41.934510,2025-01-22 04:35:56.390769,0 days 00:00:14.456259,1.8939049667505146,1.4179478532939207,0.5391370377826262,4,1,COMPLETE
3940,51.629999999999995,2025-01-22 04:35:46.155459,2025-01-22 04:36:00.849800,0 days 00:00:14.694341,1.709439861705772,1.4237359931844844,0.5387527553670335,4,1,COMPLETE
3941,32.71,2025-01-22 04:35:56.517032,2025-01-22 04:36:10.296214,0 days 00:00:13.779182,0.10455183457728419,1.651402985137234,0.3231435772358946,2,1,COMPLETE
3942,52.190000000000005,2025-01-22 04:36:00.979631,2025-01-22 04:36:14.296311,0 days 00:00:13.316680,1.3442097556161967,1.7998165351098752,0.32294665031074493,2,1,COMPLETE
3943,52.1,2025-01-22 04:36:10.440036,2025-01-22 04:36:25.634672,0 days 00:00:15.194636,1.3420637172816963,2.0034612729846164,0.44254462526566263,6,1,COMPLETE
3944,52.16,2025-01-22 04:36:14.425279,2025-01-22 04:36:29.414650,0 days 00:00:14.989371,1.103393627045335,2.2863442260482487,0.4373094133804659,6,1,COMPLETE
3945,28.13,2025-01-22 04:36:25.780316,2025-01-22 04:36:41.369227,0 days 00:00:15.588911,0.04095300990225715,0.7215651101702946,0.275482500578588,4,1,COMPLETE
3946,50.980000000000004,2025-01-22 04:36:29.564374,2025-01-22 04:36:44.327415,0 days 00:00:14.763041,0.9081205954994424,0.7152762774148325,0.28519744130931496,4,1,COMPLETE
3947,34.43,2025-01-22 04:36:41.511804,2025-01-22 04:36:55.424283,0 days 00:00:13.912479,0.946972647541023,1.200413680216309,1.5734756668505165,2,1,COMPLETE
3948,48.43,2025-01-22 04:36:44.463039,2025-01-22 04:36:57.688615,0 days 00:00:13.225576,1.1017519722568514,1.231093438803097,0.7543372773530487,2,1,COMPLETE
3949,22.13,2025-01-22 04:36:55.554720,2025-01-22 04:37:09.383349,0 days 00:00:13.828629,2.83037537349708,1.058605403837262,0.008341901041279486,2,1,COMPLETE
3950,38.74,2025-01-22 04:36:58.059318,2025-01-22 04:37:14.381178,0 days 00:00:16.321860,0.5819623787358893,0.9797425621101945,0.10499915396663469,8,1,COMPLETE
3951,51.7,2025-01-22 04:37:09.548847,2025-01-22 04:37:25.053014,0 days 00:00:15.504167,1.2252542733802754,1.549188221005697,0.5158706699741433,7,1,COMPLETE
3952,49.91,2025-01-22 04:37:14.531408,2025-01-22 04:37:28.996560,0 days 00:00:14.465152,1.5643933489077742,0.0010067746798201173,0.5060597606999702,5,1,COMPLETE
3953,48.3,2025-01-22 04:37:25.178641,2025-01-22 04:38:03.525541,0 days 00:00:38.346900,1.5543624957791844,1.3222681458033265,0.1740023702830706,63,4,COMPLETE
3954,52.35999999999999,2025-01-22 04:37:29.137366,2025-01-22 04:37:43.649019,0 days 00:00:14.511653,0.858147244039455,1.3625790876951935,0.3671898075199157,4,1,COMPLETE
3955,50.3,2025-01-22 04:37:43.773712,2025-01-22 04:37:57.607661,0 days 00:00:13.833949,1.1303887343669692,1.728341015072055,0.6491772123976799,2,1,COMPLETE
3956,52.35999999999999,2025-01-22 04:37:57.746350,2025-01-22 04:38:11.974935,0 days 00:00:14.228585,1.3726550658852597,2.0541000361415493,0.404506874331635,4,1,COMPLETE
3957,21.62,2025-01-22 04:38:03.726844,2025-01-22 04:38:18.365338,0 days 00:00:14.638494,0.800856304921813,2.1294504061214403,0.0018322794150997903,4,1,COMPLETE
3958,50.529999999999994,2025-01-22 04:38:12.106993,2025-01-22 04:38:27.574510,0 days 00:00:15.467517,0.7680240629805607,0.006814978048910595,0.35122689995014816,6,1,COMPLETE
3959,52.89,2025-01-22 04:38:18.746909,2025-01-22 04:38:32.570412,0 days 00:00:13.823503,1.0010460441885305,1.6308056876092816,0.43091648267115995,2,1,COMPLETE
3960,52.980000000000004,2025-01-22 04:38:27.716402,2025-01-22 04:38:41.410785,0 days 00:00:13.694383,1.0211149823600565,1.5459512193593499,0.4492237847397846,2,1,COMPLETE
3961,51.44,2025-01-22 04:38:32.727055,2025-01-22 04:38:46.535876,0 days 00:00:13.808821,1.968487914474396,0.9904494289588065,0.5573225873115577,2,1,COMPLETE
3962,51.0,2025-01-22 04:38:41.558071,2025-01-22 04:38:56.443683,0 days 00:00:14.885612,1.7505886919353788,2.518085188426723,0.6045585930196417,4,1,COMPLETE
3963,49.1,2025-01-22 04:38:46.692530,2025-01-22 04:39:01.609400,0 days 00:00:14.916870,1.2849739521362415,1.985536884639165,0.7136360399625947,5,1,COMPLETE
3964,50.3,2025-01-22 04:38:56.580711,2025-01-22 04:39:12.008479,0 days 00:00:15.427768,1.292200785300781,2.2937464213167518,0.650175168640937,6,1,COMPLETE
3965,50.83,2025-01-22 04:39:01.778074,2025-01-22 04:39:17.277134,0 days 00:00:15.499060,1.2632354394788972,2.30779780876388,0.5853317512001026,7,1,COMPLETE
3966,46.949999999999996,2025-01-22 04:39:12.154873,2025-01-22 04:39:26.041169,0 days 00:00:13.886296,1.1364040487296336,1.8250486515359232,0.8084064451073346,2,1,COMPLETE
3967,48.88,2025-01-22 04:39:17.406075,2025-01-22 04:39:54.066699,0 days 00:00:36.660624,1.4873481141101208,1.8409927464006781,0.7810530004004692,57,3,COMPLETE
3968,52.15,2025-01-22 04:39:26.176039,2025-01-22 04:39:40.223751,0 days 00:00:14.047712,1.5885368879921973,1.9130562298610885,0.49164251091176103,4,1,COMPLETE
3969,51.519999999999996,2025-01-22 04:39:40.381298,2025-01-22 04:39:53.583963,0 days 00:00:13.202665,2.454120802401857,1.8391843089641315,0.48893361475320696,2,1,COMPLETE
3970,51.32,2025-01-22 04:39:53.739881,2025-01-22 04:40:07.793742,0 days 00:00:14.053861,1.0416556443167027,1.6949425365886877,0.570332579680027,4,1,COMPLETE
3971,51.35999999999999,2025-01-22 04:39:54.237181,2025-01-22 04:40:09.681733,0 days 00:00:15.444552,1.0991060666082952,1.6252457065458439,0.5668919862957369,4,1,COMPLETE
3972,52.53,2025-01-22 04:40:07.932875,2025-01-22 04:40:21.326498,0 days 00:00:13.393623,1.1248898937055016,1.6441416941665188,0.5161932139421468,2,1,COMPLETE
3973,52.11,2025-01-22 04:40:10.162271,2025-01-22 04:40:26.571761,0 days 00:00:16.409490,1.322063208853844,1.5526626497186207,0.4691429128377356,8,1,COMPLETE
3974,52.1,2025-01-22 04:40:21.758798,2025-01-22 04:40:37.925650,0 days 00:00:16.166852,1.4199531341062883,1.547503093477102,0.42644389281072553,8,1,COMPLETE
3975,52.14,2025-01-22 04:40:26.715704,2025-01-22 04:40:42.049297,0 days 00:00:15.333593,0.9717692611921832,2.471031126531947,0.425485198934743,6,1,COMPLETE
3976,51.99,2025-01-22 04:40:38.063571,2025-01-22 04:40:53.087669,0 days 00:00:15.024098,0.9497641336876407,2.4067970970991723,0.4542605969545755,5,1,COMPLETE
3977,50.529999999999994,2025-01-22 04:40:42.182814,2025-01-22 04:40:55.989777,0 days 00:00:13.806963,1.9801014337452958,2.3103239980361248,0.6475675066418816,2,1,COMPLETE
3978,50.6,2025-01-22 04:40:53.233869,2025-01-22 04:41:06.986137,0 days 00:00:13.752268,1.72481570955026,2.031337449018099,0.6574927085601603,2,1,COMPLETE
3979,52.04,2025-01-22 04:40:56.133157,2025-01-22 04:41:10.272375,0 days 00:00:14.139218,1.6044977130858677,1.97667272485708,0.3826082532677421,4,1,COMPLETE
3980,52.28,2025-01-22 04:41:07.115579,2025-01-22 04:41:35.014458,0 days 00:00:27.898879,1.2083120759418966,1.9545379664680715,0.3734896814315411,35,12,COMPLETE
3981,39.900000000000006,2025-01-22 04:41:10.436173,2025-01-22 04:41:25.093481,0 days 00:00:14.657308,1.1983643003944713,1.486680328988235,1.1828093087620954,4,1,COMPLETE
3982,52.32,2025-01-22 04:41:25.245309,2025-01-22 04:41:38.277168,0 days 00:00:13.031859,0.8935690313359236,1.7258702895896885,0.5074594183052987,2,1,COMPLETE
3983,52.2,2025-01-22 04:41:35.156366,2025-01-22 04:41:49.430945,0 days 00:00:14.274579,0.8459600806391016,1.6539396091687733,0.5090257125385634,2,1,COMPLETE
3984,52.07000000000001,2025-01-22 04:41:38.435614,2025-01-22 04:41:53.532880,0 days 00:00:15.097266,1.3929328824488,1.4249764321966207,0.4645030459701041,6,1,COMPLETE
3985,51.76,2025-01-22 04:41:49.590440,2025-01-22 04:42:05.277806,0 days 00:00:15.687366,1.4204342147085929,1.4687554290647358,0.3418665137813389,6,1,COMPLETE
3986,44.47,2025-01-22 04:41:53.698390,2025-01-22 04:42:08.427391,0 days 00:00:14.729001,0.20709093059145875,1.501803416090644,0.3340098306001367,4,1,COMPLETE
3987,51.31,2025-01-22 04:42:05.395549,2025-01-22 04:42:20.298329,0 days 00:00:14.902780,1.0473804367155164,1.7999178853102622,0.5703941492141564,4,1,COMPLETE
3988,50.94,2025-01-22 04:42:08.585903,2025-01-22 04:42:23.432203,0 days 00:00:14.846300,1.0485075722814572,1.9758334953012662,0.5951179171593627,4,1,COMPLETE
3989,52.370000000000005,2025-01-22 04:42:20.446101,2025-01-22 04:42:53.043454,0 days 00:00:32.597353,1.1375747455425356,2.196653831344266,0.3983257761931918,46,3,COMPLETE
3990,51.83,2025-01-22 04:42:23.590218,2025-01-22 04:42:40.046446,0 days 00:00:16.456228,0.7180483628282646,1.3708459566778073,0.41194087890151904,10,2,COMPLETE
3991,52.93,2025-01-22 04:42:40.217319,2025-01-22 04:42:53.395764,0 days 00:00:13.178445,1.2054510302799153,1.64532699275342,0.4521627000869035,2,1,COMPLETE
3992,51.73,2025-01-22 04:42:53.210067,2025-01-22 04:43:06.943909,0 days 00:00:13.733842,0.8957220338881726,1.6889968866538865,0.5350128917311912,2,1,COMPLETE
3993,51.59,2025-01-22 04:42:53.567993,2025-01-22 04:43:09.054500,0 days 00:00:15.486507,0.8254091959423353,2.5590057239506616,0.4885193613932158,5,1,COMPLETE
3994,48.03,2025-01-22 04:43:07.083079,2025-01-22 04:43:22.832298,0 days 00:00:15.749219,0.7592811210796769,2.3871295051238683,0.690485856924189,8,2,COMPLETE
3995,48.77,2025-01-22 04:43:09.539059,2025-01-22 04:43:25.485601,0 days 00:00:15.946542,1.0035038586215543,2.37203444722874,0.7046229188688565,8,1,COMPLETE
3996,52.09,2025-01-22 04:43:22.954315,2025-01-22 04:43:38.596104,0 days 00:00:15.641789,0.9843821190478009,2.1629814269575602,0.448593870779804,7,1,COMPLETE
3997,52.1,2025-01-22 04:43:25.639638,2025-01-22 04:43:40.878685,0 days 00:00:15.239047,1.2372005683340053,2.088976930406014,0.4487658744185596,6,1,COMPLETE
3998,52.21,2025-01-22 04:43:38.926193,2025-01-22 04:43:54.502375,0 days 00:00:15.576182,1.2380965858317081,2.0073436516975267,0.37945960541313933,6,1,COMPLETE
3999,0.5,2025-01-22 04:43:41.328794,2025-01-22 04:43:57.736207,0 days 00:00:16.407413,0.004194171367856528,1.8583561224961567,0.3724201454735757,6,1,COMPLETE
4000,0.65,2025-01-22 04:43:54.642301,2025-01-22 04:44:12.139829,0 days 00:00:17.497528,0.07709123902372034,1.8134762004451668,0.3119548548887966,11,1,COMPLETE
4001,51.54,2025-01-22 04:43:57.880333,2025-01-22 04:44:12.822866,0 days 00:00:14.942533,1.561382203337452,1.837145020622501,0.31003129283532,4,1,COMPLETE
4002,52.1,2025-01-22 04:44:12.317522,2025-01-22 04:44:56.314535,0 days 00:00:43.997013,1.5384537665341107,1.618593082309005,0.5394969198907361,69,4,COMPLETE
4003,51.65,2025-01-22 04:44:12.985388,2025-01-22 04:44:27.253135,0 days 00:00:14.267747,1.3996558495759064,1.6336512801729166,0.5701707698239659,4,1,COMPLETE
4004,52.470000000000006,2025-01-22 04:44:27.384518,2025-01-22 04:45:08.225761,0 days 00:00:40.841243,0.972362415239946,2.478614745538741,0.48150615173821865,69,4,COMPLETE
4005,48.82,2025-01-22 04:44:56.457455,2025-01-22 04:45:12.785425,0 days 00:00:16.327970,0.9603701697214039,2.5902840408273473,0.24180681297006332,10,2,COMPLETE
4006,47.699999999999996,2025-01-22 04:45:08.356793,2025-01-22 04:45:24.646931,0 days 00:00:16.290138,0.5885685325402701,2.0477871853782257,0.2519978541081504,8,1,COMPLETE
4007,51.62,2025-01-22 04:45:12.944706,2025-01-22 04:45:28.267788,0 days 00:00:15.323082,0.6471782473662399,2.0304612738426524,0.41031447157847734,6,1,COMPLETE
4008,52.400000000000006,2025-01-22 04:45:24.805138,2025-01-22 04:45:39.338718,0 days 00:00:14.533580,1.1486459654490533,1.4935252335946962,0.4226289262798633,4,1,COMPLETE
4009,52.480000000000004,2025-01-22 04:45:28.422470,2025-01-22 04:45:43.489104,0 days 00:00:15.066634,1.1537306639547915,1.436292772028487,0.4413390625855984,4,1,COMPLETE
4010,52.15,2025-01-22 04:45:39.492328,2025-01-22 04:45:53.977015,0 days 00:00:14.484687,0.8008820667089291,1.3746831928818257,0.355196383546317,4,1,COMPLETE
4011,51.1,2025-01-22 04:45:43.642510,2025-01-22 04:45:57.214218,0 days 00:00:13.571708,2.2731031551037355,1.7144506581419878,0.6169539333376842,2,1,COMPLETE
4012,47.43,2025-01-22 04:45:54.133582,2025-01-22 04:46:08.030824,0 days 00:00:13.897242,2.256193744029146,1.7477310053605062,0.8608339752093364,2,1,COMPLETE
4013,51.54,2025-01-22 04:45:57.373714,2025-01-22 04:46:12.405834,0 days 00:00:15.032120,1.9253429647139095,1.6851511875356715,0.4864742707128151,6,1,COMPLETE
4014,51.73,2025-01-22 04:46:08.365353,2025-01-22 04:46:24.430625,0 days 00:00:16.065272,1.7544614439806592,1.3544675459865676,0.4927757395916878,6,1,COMPLETE
4015,51.92,2025-01-22 04:46:12.548678,2025-01-22 04:46:27.458113,0 days 00:00:14.909435,1.3313397630553498,1.2846684607867453,0.35726547168358413,4,1,COMPLETE
4016,51.83,2025-01-22 04:46:24.595159,2025-01-22 04:46:39.344639,0 days 00:00:14.749480,1.3132198208843153,1.3900091268785426,0.33957915957921364,4,1,COMPLETE
4017,50.1,2025-01-22 04:46:27.608072,2025-01-22 04:46:41.102040,0 days 00:00:13.493968,1.095396763913268,0.07360261402230743,0.30226221373747664,2,1,COMPLETE
4018,50.63999999999999,2025-01-22 04:46:39.503247,2025-01-22 04:46:53.050733,0 days 00:00:13.547486,0.8677499538275524,2.1443039921711455,0.5915427037257809,2,1,COMPLETE
4019,51.25999999999999,2025-01-22 04:46:41.613779,2025-01-22 04:46:55.008693,0 days 00:00:13.394914,0.8724640552391376,2.0467508364519165,0.5610090022027803,2,1,COMPLETE
4020,52.690000000000005,2025-01-22 04:46:53.227410,2025-01-22 04:47:09.162705,0 days 00:00:15.935295,0.967740767065453,1.538400626169403,0.4196289629440217,8,5,COMPLETE
4021,52.09,2025-01-22 04:46:55.679728,2025-01-22 04:47:11.539012,0 days 00:00:15.859284,1.0712737999687374,1.5753360037072783,0.4070026005967993,7,1,COMPLETE
4022,31.72,2025-01-22 04:47:09.305793,2025-01-22 04:47:54.732080,0 days 00:00:45.426287,0.7061235620109023,1.7159198144234622,0.05611954330777826,78,3,COMPLETE
4023,52.14,2025-01-22 04:47:12.024799,2025-01-22 04:47:26.547726,0 days 00:00:14.522927,1.3760557500146775,1.828300676323551,0.4962685709065064,5,1,COMPLETE
4024,52.21,2025-01-22 04:47:26.709242,2025-01-22 04:47:41.206763,0 days 00:00:14.497521,0.7114704666855383,1.2988766626817185,0.37853011591152197,4,1,COMPLETE
4025,33.160000000000004,2025-01-22 04:47:41.324287,2025-01-22 04:47:55.522619,0 days 00:00:14.198332,0.14532333474585735,2.495241050344741,0.6856807625072502,4,1,COMPLETE
4026,50.03999999999999,2025-01-22 04:47:54.885210,2025-01-22 04:48:09.513233,0 days 00:00:14.628023,1.622085136177701,1.3452772487753324,0.6782513917879547,4,1,COMPLETE
4027,52.32,2025-01-22 04:47:55.642510,2025-01-22 04:48:09.126392,0 days 00:00:13.483882,1.6302405937688222,1.3675681079839592,0.4592657243154168,2,1,COMPLETE
4028,51.690000000000005,2025-01-22 04:48:09.239030,2025-01-22 04:48:24.315006,0 days 00:00:15.075976,1.1922899725074787,1.593922401057408,0.29869466614230555,4,1,COMPLETE
4029,51.67,2025-01-22 04:48:09.714795,2025-01-22 04:48:25.197024,0 days 00:00:15.482229,1.200974180196463,2.0203289796764317,0.3011806274618367,6,1,COMPLETE
