number,value,datetime_start,datetime_complete,duration,params_gamma_1,params_gamma_2,params_lambda,params_n_clusters,params_n_neighbors,state
2687,52.61,2025-01-22 01:43:38.579185,2025-01-22 01:43:56.303750,0 days 00:00:17.724565,1.4995437609667719,1.7168962333018547,0.4690227612855459,2,1,COMPLETE
2688,52.28,2025-01-22 01:43:40.848826,2025-01-22 01:44:56.564428,0 days 00:01:15.715602,1.5491406099385971,1.73518981986731,0.5508232849536592,2,1,COMPLETE
2689,51.28,2025-01-22 01:43:56.419127,2025-01-22 01:44:10.139714,0 days 00:00:13.720587,1.2087044175579984,3.509074428577964,0.3127555781909778,4,1,COMPLETE
2690,51.82,2025-01-22 01:44:10.279604,2025-01-22 01:44:23.231047,0 days 00:00:12.951443,1.15770249024215,1.646918431213489,0.571695242407211,2,1,COMPLETE
2691,52.22,2025-01-22 01:44:23.369513,2025-01-22 01:44:37.207371,0 days 00:00:13.837858,1.4855665294297626,2.6992830414842306,0.4028896542849432,4,1,COMPLETE
2692,48.08,2025-01-22 01:44:37.312108,2025-01-22 01:44:50.188059,0 days 00:00:12.875951,1.1251379074631405,2.105496607736716,0.7534465920674184,2,1,COMPLETE
2693,51.82,2025-01-22 01:44:50.285091,2025-01-22 01:45:04.741747,0 days 00:00:14.456656,1.3477481454670408,1.284881193934525,0.5502033867161727,4,1,COMPLETE
2694,51.870000000000005,2025-01-22 01:44:56.704225,2025-01-22 01:45:12.887160,0 days 00:00:16.182935,1.339809719727978,1.3304662295238565,0.42474680807202625,7,1,COMPLETE
2695,50.849999999999994,2025-01-22 01:45:04.871413,2025-01-22 01:45:21.091788,0 days 00:00:16.220375,1.1787554910945846,0.0261780635549118,0.4191805852915129,7,1,COMPLETE
2696,51.89,2025-01-22 01:45:13.010123,2025-01-22 01:45:28.506047,0 days 00:00:15.495924,1.079064630253314,1.9023297482032877,0.3124528951757759,4,1,COMPLETE
2697,51.94,2025-01-22 01:45:21.299198,2025-01-22 01:45:36.215686,0 days 00:00:14.916488,1.0226842303744008,1.9806107784057463,0.3232303193908589,4,1,COMPLETE
2698,50.14999999999999,2025-01-22 01:45:28.862700,2025-01-22 01:45:42.059220,0 days 00:00:13.196520,1.8122920469921626,0.14867540723114187,0.3616940276807721,2,1,COMPLETE
2699,28.22,2025-01-22 01:45:36.329136,2025-01-22 01:45:50.089918,0 days 00:00:13.760782,1.5457618406708495,1.5551318439139141,0.019520415924857926,2,1,COMPLETE
2700,0.5,2025-01-22 01:45:42.186018,2025-01-22 01:45:58.221992,0 days 00:00:16.035974,0.005548079892668755,1.5251613360208924,0.48234921608211967,5,1,COMPLETE
2701,52.49,2025-01-22 01:45:50.350201,2025-01-22 01:46:05.276331,0 days 00:00:14.926130,1.0386044798821712,1.1608116241828694,0.48198672408891274,5,1,COMPLETE
2702,0.5,2025-01-22 01:45:58.383575,2025-01-22 01:46:13.770941,0 days 00:00:15.387366,0.0016995176160371523,2.6465884208037145,0.49366437861809737,4,1,COMPLETE
2703,50.480000000000004,2025-01-22 01:46:05.379576,2025-01-22 01:46:18.792585,0 days 00:00:13.413009,1.2858657297298315,2.633224715037057,0.6434756395667771,2,1,COMPLETE
2704,51.88,2025-01-22 01:46:13.890591,2025-01-22 01:46:30.774623,0 days 00:00:16.884032,1.3160166484387201,2.3211714509383174,0.381330695597018,10,2,COMPLETE
2705,0.5,2025-01-22 01:46:18.891011,2025-01-22 01:46:35.097286,0 days 00:00:16.206275,0.011330582735979323,1.3895378380286183,0.38512610718119594,6,1,COMPLETE
2706,50.849999999999994,2025-01-22 01:46:30.888615,2025-01-22 01:46:46.796205,0 days 00:00:15.907590,1.0321247932431394,1.334441922453105,0.26151319924453137,7,1,COMPLETE
2707,0.5,2025-01-22 01:46:35.214499,2025-01-22 01:46:49.936828,0 days 00:00:14.722329,0.007032963636084869,1.7590400583410672,0.43971964474589814,2,1,COMPLETE
2708,52.26,2025-01-22 01:46:46.904317,2025-01-22 01:47:00.090285,0 days 00:00:13.185968,1.7139159722373127,1.7996967128947114,0.5373438125798761,2,1,COMPLETE
2709,0.5,2025-01-22 01:46:50.049531,2025-01-22 01:47:05.512806,0 days 00:00:15.463275,0.002206092923090286,1.0653175420938272,0.5663488252832848,4,1,COMPLETE
2710,51.82,2025-01-22 01:47:00.192056,2025-01-22 01:47:14.475705,0 days 00:00:14.283649,1.1320187417490173,1.1666426333212292,0.2976336167619642,4,1,COMPLETE
2711,52.22,2025-01-22 01:47:05.613009,2025-01-22 01:47:20.236909,0 days 00:00:14.623900,1.1644680463405597,2.1288171757753007,0.3372950101544323,4,1,COMPLETE
2712,52.53,2025-01-22 01:47:14.840655,2025-01-22 01:47:28.230577,0 days 00:00:13.389922,0.9652410142943878,1.5584639385444694,0.35922625621820453,2,1,COMPLETE
2713,52.980000000000004,2025-01-22 01:47:20.345943,2025-01-22 01:47:34.050172,0 days 00:00:13.704229,0.9874053449530228,1.5316094517792678,0.4212937378995383,2,1,COMPLETE
2714,52.18000000000001,2025-01-22 01:47:28.339765,2025-01-22 01:47:43.181389,0 days 00:00:14.841624,1.5007311443222506,1.4139166539620105,0.4299289655874555,6,1,COMPLETE
2715,48.71,2025-01-22 01:47:34.173987,2025-01-22 01:47:50.625480,0 days 00:00:16.451493,1.5358873675609872,2.1259801258669766,0.7447463766305218,8,1,COMPLETE
2716,50.03999999999999,2025-01-22 01:47:43.290926,2025-01-22 01:47:59.755338,0 days 00:00:16.464412,1.4123277837333548,1.9632934124438157,0.6751873537732406,8,2,COMPLETE
2717,49.58,2025-01-22 01:47:50.732807,2025-01-22 01:48:05.129827,0 days 00:00:14.397020,1.28922601260315,1.92398992483119,0.6950610321856744,4,1,COMPLETE
2718,51.61,2025-01-22 01:47:59.887994,2025-01-22 01:48:14.738741,0 days 00:00:14.850747,2.010067597168896,1.7730307412487523,0.5033600921645646,4,1,COMPLETE
2719,52.01,2025-01-22 01:48:05.251310,2025-01-22 01:48:18.603380,0 days 00:00:13.352070,2.044037809487241,2.2914997569745976,0.5315918556634078,2,1,COMPLETE
2720,36.7,2025-01-22 01:48:14.878697,2025-01-22 01:48:28.474412,0 days 00:00:13.595715,0.15464896537232173,2.3971011610472144,0.5358615913238449,2,1,COMPLETE
2721,50.449999999999996,2025-01-22 01:48:18.721551,2025-01-22 01:48:33.855465,0 days 00:00:15.133914,1.1711989183791929,3.238939604624453,0.5893633956997751,6,1,COMPLETE
2722,0.5,2025-01-22 01:48:28.612137,2025-01-22 01:48:44.363022,0 days 00:00:15.750885,0.032985000747260525,1.6960608024143191,0.4522515099905361,6,1,COMPLETE
2723,52.190000000000005,2025-01-22 01:48:33.952949,2025-01-22 01:49:00.770795,0 days 00:00:26.817846,0.9821562935671823,1.7175062366509566,0.47059001353051033,34,3,COMPLETE
2724,50.99,2025-01-22 01:48:44.477828,2025-01-22 01:48:57.180501,0 days 00:00:12.702673,2.756417054526817,1.6609822051064353,0.457340232869185,2,1,COMPLETE
2725,52.18000000000001,2025-01-22 01:48:57.332241,2025-01-22 01:49:12.163589,0 days 00:00:14.831348,1.0387805058719615,2.787961888001943,0.40532885814648334,4,1,COMPLETE
2726,43.34,2025-01-22 01:49:00.865930,2025-01-22 01:49:15.446117,0 days 00:00:14.580187,1.2483438940820533,2.1422071085494805,0.9867657538746509,4,1,COMPLETE
2727,51.470000000000006,2025-01-22 01:49:12.285732,2025-01-22 01:49:26.686249,0 days 00:00:14.400517,1.2745006367824643,2.157874858491565,0.5694690111314139,4,1,COMPLETE
2728,50.870000000000005,2025-01-22 01:49:15.772498,2025-01-22 01:49:28.759745,0 days 00:00:12.987247,1.716221350387175,1.590123656519056,0.6310501938104067,2,1,COMPLETE
2729,51.78,2025-01-22 01:49:26.799820,2025-01-22 01:49:40.015013,0 days 00:00:13.215193,1.6225274237619738,4.910200905505543,0.3753175870775,2,1,COMPLETE
2730,52.76,2025-01-22 01:49:29.125804,2025-01-22 01:49:42.404795,0 days 00:00:13.278991,1.4187710619427625,1.933900185425279,0.3781331148909935,2,1,COMPLETE
2731,52.28,2025-01-22 01:49:40.149707,2025-01-22 01:50:11.793511,0 days 00:00:31.643804,0.9297607338162696,1.9027144652063177,0.43888485144624123,42,3,COMPLETE
2732,52.190000000000005,2025-01-22 01:49:42.630945,2025-01-22 01:49:57.685587,0 days 00:00:15.054642,1.0953521911323407,1.5332316475410366,0.4976740754488625,6,1,COMPLETE
2733,52.28,2025-01-22 01:49:57.801452,2025-01-22 01:50:11.692028,0 days 00:00:13.890576,0.9162174059353221,1.7890101383829544,0.43899174005427405,4,1,COMPLETE
2734,51.71,2025-01-22 01:50:11.846378,2025-01-22 01:50:27.554501,0 days 00:00:15.708123,1.1707570476001437,2.6157453026972566,0.33807399725387877,6,1,COMPLETE
2735,51.370000000000005,2025-01-22 01:50:11.940387,2025-01-22 01:50:29.152961,0 days 00:00:17.212574,1.1967257768957702,2.6029006240175385,0.3170129036029288,10,2,COMPLETE
2736,46.37,2025-01-22 01:50:27.674136,2025-01-22 01:50:44.438509,0 days 00:00:16.764373,1.3500022349217962,1.4925895145598915,0.8236138733058694,10,2,COMPLETE
2737,23.24,2025-01-22 01:50:29.577242,2025-01-22 01:50:43.569941,0 days 00:00:13.992699,1.5128267278332612,1.4651270187785375,0.0012031606784732457,2,1,COMPLETE
2738,47.160000000000004,2025-01-22 01:50:43.691314,2025-01-22 01:50:57.603246,0 days 00:00:13.911932,1.3808061274043244,1.4544896232634972,0.8151479404680159,4,1,COMPLETE
2739,50.38,2025-01-22 01:50:44.536192,2025-01-22 01:50:58.931253,0 days 00:00:14.395061,1.0342196426692696,2.045402118778794,0.618465758806601,4,1,COMPLETE
2740,52.28,2025-01-22 01:50:57.727397,2025-01-22 01:51:10.740028,0 days 00:00:13.012631,0.9564075074069033,2.130429148457069,0.5031497885725549,2,1,COMPLETE
2741,52.459999999999994,2025-01-22 01:50:59.062283,2025-01-22 01:51:12.862657,0 days 00:00:13.800374,1.766525279132012,2.2388641131001106,0.4815336521429732,2,1,COMPLETE
2742,51.76,2025-01-22 01:51:10.820401,2025-01-22 01:51:25.565175,0 days 00:00:14.744774,1.8480121458042669,1.70368497170814,0.4051772087052719,6,1,COMPLETE
2743,51.300000000000004,2025-01-22 01:51:13.148868,2025-01-22 01:51:28.463408,0 days 00:00:15.314540,0.8462089682736137,3.138161247342244,0.3942740340443532,6,1,COMPLETE
2744,50.63999999999999,2025-01-22 01:51:25.678163,2025-01-22 01:51:42.225717,0 days 00:00:16.547554,0.8120752969286208,1.39171890442476,0.2827416574593227,8,1,COMPLETE
2745,51.239999999999995,2025-01-22 01:51:28.577694,2025-01-22 01:51:44.358202,0 days 00:00:15.780508,1.0836913490836992,1.3313370616769789,0.2912081396057615,8,1,COMPLETE
2746,51.42,2025-01-22 01:51:42.354964,2025-01-22 01:51:56.511299,0 days 00:00:14.156335,1.137015114556771,1.7004731055553397,0.5686050725350676,4,1,COMPLETE
2747,51.51,2025-01-22 01:51:44.909220,2025-01-22 01:51:59.099224,0 days 00:00:14.190004,1.1627826302871622,1.7249276922103314,0.565250728586325,4,1,COMPLETE
2748,52.21,2025-01-22 01:51:56.634060,2025-01-22 01:52:50.193001,0 days 00:00:53.558941,1.336904527402987,1.7941353386800367,0.3602080603782159,85,4,COMPLETE
2749,52.629999999999995,2025-01-22 01:51:59.342273,2025-01-22 01:52:12.730880,0 days 00:00:13.388607,1.4145793045604877,2.38346506894275,0.3698959071333851,2,1,COMPLETE
2750,25.990000000000002,2025-01-22 01:52:12.882525,2025-01-22 01:52:45.432783,0 days 00:00:32.550258,0.0460646166105473,1.2587381923050192,0.4471481288442085,51,4,COMPLETE
2751,52.31,2025-01-22 01:52:45.566981,2025-01-22 01:52:59.373465,0 days 00:00:13.806484,0.934937567393327,1.553634095171658,0.3373719143910773,2,1,COMPLETE
2752,52.82,2025-01-22 01:52:50.302711,2025-01-22 01:53:03.805545,0 days 00:00:13.502834,0.9848592130402603,1.4026227398856461,0.47178476601692376,2,1,COMPLETE
2753,50.12,2025-01-22 01:52:59.743082,2025-01-22 01:53:14.981197,0 days 00:00:15.238115,1.6579905483030104,0.03820399394494597,0.4982991626866949,5,1,COMPLETE
2754,49.519999999999996,2025-01-22 01:53:03.914148,2025-01-22 01:53:18.826903,0 days 00:00:14.912755,1.5883576352844588,0.0018213876551218112,0.6328953105829362,5,1,COMPLETE
2755,49.93,2025-01-22 01:53:15.112070,2025-01-22 01:53:29.947557,0 days 00:00:14.835487,1.209522301410248,3.9951436626973096,0.6274208641321019,4,1,COMPLETE
2756,52.349999999999994,2025-01-22 01:53:18.964252,2025-01-22 01:53:33.319489,0 days 00:00:14.355237,1.2794024984207848,2.1835360281799394,0.4325113328857342,4,1,COMPLETE
2757,52.55,2025-01-22 01:53:30.069423,2025-01-22 01:53:43.774811,0 days 00:00:13.705388,0.7550993807155084,1.966350456033197,0.4046844891627133,2,1,COMPLETE
2758,49.89,2025-01-22 01:53:33.409610,2025-01-22 01:53:47.335698,0 days 00:00:13.926088,0.8031848807723991,1.2252176882045887,0.24158657392475175,2,1,COMPLETE
2759,52.11,2025-01-22 01:53:43.898566,2025-01-22 01:53:59.619622,0 days 00:00:15.721056,1.0443949013242022,1.223794785562272,0.5043882757879934,6,1,COMPLETE
2760,51.49,2025-01-22 01:53:47.451615,2025-01-22 01:54:02.718900,0 days 00:00:15.267285,1.0422966965419558,2.7196090017828247,0.5228486886833641,6,1,COMPLETE
2761,50.71,2025-01-22 01:53:59.744800,2025-01-22 01:54:14.623979,0 days 00:00:14.879179,2.226092792005055,1.5330605353416813,0.3250772120967948,4,1,COMPLETE
2762,51.82,2025-01-22 01:54:02.864343,2025-01-22 01:54:16.984471,0 days 00:00:14.120128,1.470182058285938,1.5663940421974023,0.35277157445589685,4,1,COMPLETE
2763,52.7,2025-01-22 01:54:14.758291,2025-01-22 01:54:28.052258,0 days 00:00:13.293967,1.4422571950273277,1.8359452560605412,0.3890763316788434,2,1,COMPLETE
2764,52.66,2025-01-22 01:54:17.230873,2025-01-22 01:54:30.348772,0 days 00:00:13.117899,0.8788107356753047,1.8870575530518483,0.4118027102115266,2,1,COMPLETE
2765,53.18000000000001,2025-01-22 01:54:28.197300,2025-01-22 01:54:41.927871,0 days 00:00:13.730571,1.2086546025829055,1.3244426630908384,0.4215699381980083,2,1,COMPLETE
2766,52.14,2025-01-22 01:54:30.749407,2025-01-22 01:54:46.880635,0 days 00:00:16.131228,1.2030765019606298,1.4445944658284156,0.4594323211430422,8,2,COMPLETE
2767,38.080000000000005,2025-01-22 01:54:42.251226,2025-01-22 01:54:58.717617,0 days 00:00:16.466391,0.10835909607483464,1.118240015500704,0.29335272263922973,8,1,COMPLETE
2768,39.589999999999996,2025-01-22 01:54:47.019495,2025-01-22 01:55:01.908991,0 days 00:00:14.889496,0.10647167598272292,1.0640218913764925,0.3177083655644708,4,1,COMPLETE
2769,50.8,2025-01-22 01:54:58.855108,2025-01-22 01:55:13.411135,0 days 00:00:14.556027,1.7927959511477722,1.0029827964604767,0.32438613640408015,4,1,COMPLETE
2770,48.209999999999994,2025-01-22 01:55:02.054891,2025-01-22 01:55:40.898096,0 days 00:00:38.843205,2.009457194049578,1.0376897512460226,0.23349798622406218,58,39,COMPLETE
2771,51.43,2025-01-22 01:55:13.513476,2025-01-22 01:55:27.104627,0 days 00:00:13.591151,2.028079187710676,1.1803312235452779,0.3915912041215712,2,1,COMPLETE
2772,0.5,2025-01-22 01:55:27.223260,2025-01-22 01:55:42.874905,0 days 00:00:15.651645,0.0010980747059716536,1.2397426809151852,0.00301090958674766,6,1,COMPLETE
2773,51.54,2025-01-22 01:55:41.040545,2025-01-22 01:55:55.981665,0 days 00:00:14.941120,1.533023350101777,1.1813446854648733,0.36507644721586047,6,1,COMPLETE
2774,50.78,2025-01-22 01:55:43.292581,2025-01-22 01:55:56.991267,0 days 00:00:13.698686,1.5392250229453945,1.258216644800564,0.25428062562983655,2,1,COMPLETE
2775,52.339999999999996,2025-01-22 01:55:56.111332,2025-01-22 01:56:09.142682,0 days 00:00:13.031350,1.2637782708575866,1.3133378872266679,0.5399315599554816,2,1,COMPLETE
2776,51.81,2025-01-22 01:55:57.090819,2025-01-22 01:56:11.659257,0 days 00:00:14.568438,1.195387348325424,1.3063873974514468,0.5520659278517028,4,1,COMPLETE
2777,52.459999999999994,2025-01-22 01:56:09.277891,2025-01-22 01:56:23.707738,0 days 00:00:14.429847,1.0308990224147911,1.0560237428533885,0.43700072019332553,4,1,COMPLETE
2778,49.69,2025-01-22 01:56:11.752322,2025-01-22 01:56:26.042325,0 days 00:00:14.290003,3.308186655706377,1.0918713906399464,0.40661804141505176,4,1,COMPLETE
2779,52.71,2025-01-22 01:56:23.846870,2025-01-22 01:56:37.153576,0 days 00:00:13.306706,0.9226953887563887,0.9907770855151017,0.3814433449715787,2,1,COMPLETE
2780,48.64,2025-01-22 01:56:26.305394,2025-01-22 01:56:39.387009,0 days 00:00:13.081615,0.9098793990170345,1.371912346339073,0.7009610613786165,2,1,COMPLETE
2781,48.72,2025-01-22 01:56:37.271338,2025-01-22 01:56:51.880291,0 days 00:00:14.608953,1.3309256333649329,1.3414455749756344,0.7341085583466828,6,1,COMPLETE
2782,51.51,2025-01-22 01:56:39.660696,2025-01-22 01:56:54.544776,0 days 00:00:14.884080,1.3788663838105135,1.3981987896378534,0.29370627655097903,6,1,COMPLETE
2783,48.04,2025-01-22 01:56:52.005271,2025-01-22 01:57:06.523252,0 days 00:00:14.517981,5.874571095019089,1.4817953340960424,0.47842211164107085,4,1,COMPLETE
2784,52.23,2025-01-22 01:56:54.760762,2025-01-22 01:57:09.364629,0 days 00:00:14.603867,1.0916991852588722,1.0065475369211911,0.48388801661994735,4,1,COMPLETE
2785,51.33,2025-01-22 01:57:06.661265,2025-01-22 01:57:20.812194,0 days 00:00:14.150929,1.7885533679842949,0.986350335792605,0.33498753255961145,2,1,COMPLETE
2786,52.0,2025-01-22 01:57:09.506378,2025-01-22 01:57:23.275818,0 days 00:00:13.769440,1.647143454425285,1.1539223674038723,0.36119469518031283,2,1,COMPLETE
2787,52.33,2025-01-22 01:57:20.943085,2025-01-22 01:58:18.597946,0 days 00:00:57.654861,0.7821764918311603,1.2234921682213065,0.42657298138737937,91,4,COMPLETE
2788,50.980000000000004,2025-01-22 01:57:23.657368,2025-01-22 01:57:39.045079,0 days 00:00:15.387711,1.09669565478683,1.4869590957575434,0.6091929565773108,8,1,COMPLETE
2789,52.580000000000005,2025-01-22 01:57:39.173083,2025-01-22 01:57:53.256442,0 days 00:00:14.083359,0.7928342671530152,1.282838106007194,0.4223159728107641,4,1,COMPLETE
2790,51.73,2025-01-22 01:57:53.398293,2025-01-22 01:58:07.879354,0 days 00:00:14.481061,1.334094960370475,1.5182515900567342,0.5274920856142111,6,1,COMPLETE
2791,51.080000000000005,2025-01-22 01:58:07.982600,2025-01-22 01:58:20.997487,0 days 00:00:13.014887,0.9558052913021836,1.1996493371939743,0.27286114868979305,2,1,COMPLETE
2792,51.73,2025-01-22 01:58:18.718684,2025-01-22 01:58:31.986564,0 days 00:00:13.267880,0.9797558679362848,0.9060049829624869,0.302923400226245,2,1,COMPLETE
2793,51.870000000000005,2025-01-22 01:58:21.224669,2025-01-22 01:58:35.504506,0 days 00:00:14.279837,1.1861334957947538,0.9041564195931945,0.354409095630588,4,1,COMPLETE
2794,52.31,2025-01-22 01:58:32.084359,2025-01-22 01:59:32.617471,0 days 00:01:00.533112,1.2427492451220943,1.5026550655840925,0.4764917283185649,96,4,COMPLETE
2795,52.03,2025-01-22 01:58:35.630455,2025-01-22 01:58:49.984213,0 days 00:00:14.353758,1.4089806874286523,1.479518570422175,0.49495093384970157,5,1,COMPLETE
2796,51.4,2025-01-22 01:58:50.288952,2025-01-22 01:59:03.522157,0 days 00:00:13.233205,1.1550852630541544,1.58153831959619,0.5954699965324787,2,1,COMPLETE
2797,31.900000000000002,2025-01-22 01:59:03.630637,2025-01-22 01:59:49.042017,0 days 00:00:45.411380,1.6450530970600266,1.127683487201471,0.03207021406361066,80,4,COMPLETE
2798,51.65,2025-01-22 01:59:32.723951,2025-01-22 01:59:46.955365,0 days 00:00:14.231414,1.636504378153619,1.104334591806881,0.40727874518995993,4,1,COMPLETE
2799,52.05,2025-01-22 01:59:47.088117,2025-01-22 02:00:37.946966,0 days 00:00:50.858849,0.8981768508538978,1.2769460680405804,0.3588197095544974,80,3,COMPLETE
2800,51.970000000000006,2025-01-22 01:59:49.661629,2025-01-22 02:00:05.317262,0 days 00:00:15.655633,0.9454063818834231,1.3167517211947177,0.35628597528548006,7,1,COMPLETE
2801,52.32,2025-01-22 02:00:05.433235,2025-01-22 02:00:19.510029,0 days 00:00:14.076794,0.6764084616322571,1.6008815704120105,0.4360372035284579,2,1,COMPLETE
2802,52.15,2025-01-22 02:00:19.642280,2025-01-22 02:00:34.400457,0 days 00:00:14.758177,1.0634713989210247,1.3577057729078674,0.5023588429715755,4,1,COMPLETE
2803,47.99,2025-01-22 02:00:34.511105,2025-01-22 02:01:09.091405,0 days 00:00:34.580300,0.8623967905256558,1.6532460479748998,0.19813617054383625,54,3,COMPLETE
2804,50.029999999999994,2025-01-22 02:00:38.042012,2025-01-22 02:00:52.496410,0 days 00:00:14.454398,1.3564678547752065,0.010790357879847163,0.6158727650707089,6,1,COMPLETE
2805,51.65,2025-01-22 02:00:52.640813,2025-01-22 02:01:29.004130,0 days 00:00:36.363317,1.1115432831799121,1.646347761219193,0.4052977352987062,54,19,COMPLETE
2806,52.71,2025-01-22 02:01:09.198641,2025-01-22 02:01:22.689944,0 days 00:00:13.491303,1.235016036502783,0.9579563734937006,0.4284782384037069,2,1,COMPLETE
2807,51.849999999999994,2025-01-22 02:01:22.815491,2025-01-22 02:01:37.280031,0 days 00:00:14.464540,1.087442509190855,1.6775922085260668,0.30344906630128493,4,1,COMPLETE
2808,50.55,2025-01-22 02:01:29.112774,2025-01-22 02:01:43.645819,0 days 00:00:14.533045,1.4930673404080637,0.01799847603123296,0.5477033243776891,4,1,COMPLETE
2809,50.86000000000001,2025-01-22 02:01:37.418818,2025-01-22 02:01:51.066465,0 days 00:00:13.647647,2.365276985752037,1.076666334360771,0.5581974566891567,2,1,COMPLETE
2810,48.94,2025-01-22 02:01:43.849584,2025-01-22 02:02:01.144915,0 days 00:00:17.295331,2.172115704851759,0.5830754977153235,0.6984988617118699,9,2,COMPLETE
2811,51.93,2025-01-22 02:01:51.200681,2025-01-22 02:02:08.238645,0 days 00:00:17.037964,0.7435211619814689,1.3306189195208769,0.46085774722979156,10,2,COMPLETE
2812,51.78,2025-01-22 02:02:01.410802,2025-01-22 02:02:16.455411,0 days 00:00:15.044609,0.6988212776482882,1.334488993827097,0.3384524468730425,6,1,COMPLETE
2813,50.99,2025-01-22 02:02:08.491400,2025-01-22 02:02:24.257740,0 days 00:00:15.766340,1.7998518403246537,0.8884736414171606,0.33436979862407834,6,1,COMPLETE
2814,51.49,2025-01-22 02:02:16.560254,2025-01-22 02:02:29.982836,0 days 00:00:13.422582,1.894215329514129,0.8950314024715783,0.3872236206446167,2,1,COMPLETE
2815,49.89,2025-01-22 02:02:24.362045,2025-01-22 02:02:38.497540,0 days 00:00:14.135495,1.3649108945316881,0.00431474646938849,0.3993625938048929,2,1,COMPLETE
2816,50.72,2025-01-22 02:02:30.240340,2025-01-22 02:03:16.582633,0 days 00:00:46.342293,1.394661718017413,1.13477353671183,0.2598949566116603,72,3,COMPLETE
2817,52.23,2025-01-22 02:02:38.598359,2025-01-22 02:02:52.910021,0 days 00:00:14.311662,0.9830029237955954,1.1216247979609888,0.48372984469926944,4,1,COMPLETE
2818,50.54,2025-01-22 02:02:53.033607,2025-01-22 02:03:07.282041,0 days 00:00:14.248434,1.2634807822420546,1.712132920167965,0.6431780682236091,4,1,COMPLETE
2819,50.59,2025-01-22 02:03:07.386975,2025-01-22 02:03:20.305235,0 days 00:00:12.918260,0.9216558445626641,1.4760911036463782,0.2535889837178077,2,1,COMPLETE
2820,45.440000000000005,2025-01-22 02:03:16.684784,2025-01-22 02:03:30.367841,0 days 00:00:13.683057,0.8728984944534701,1.4067845915667567,0.15734305416708652,2,1,COMPLETE
2821,52.190000000000005,2025-01-22 02:03:20.437282,2025-01-22 02:03:36.522208,0 days 00:00:16.084926,1.0721009155794512,1.7438572410134012,0.5072444766778056,8,1,COMPLETE
