number,value,datetime_start,datetime_complete,duration,params_gamma_1,params_gamma_2,params_lambda,params_n_clusters,params_n_neighbors,state
4164,52.190000000000005,2025-01-22 05:05:49.800190,2025-01-22 05:06:04.728390,0 days 00:00:14.928200,1.1273656486529735,2.194728292842609,0.3374541481829476,4,1,COMPLETE
4165,51.949999999999996,2025-01-22 05:06:04.871148,2025-01-22 05:06:20.492743,0 days 00:00:15.621595,1.2496416190463626,1.0953743952594823,0.39106217600305027,8,1,COMPLETE
4166,0.5,2025-01-22 05:06:11.585197,2025-01-22 05:06:27.651660,0 days 00:00:16.066463,0.003124087462668611,1.1809263921679212,0.7504493030108732,4,1,COMPLETE
4167,47.61,2025-01-22 05:06:20.634777,2025-01-22 05:06:35.574870,0 days 00:00:14.940093,0.8831418970624738,1.952200171185859,0.7335347577057498,4,1,COMPLETE
4168,51.28,2025-01-22 05:06:27.845076,2025-01-22 05:06:43.130847,0 days 00:00:15.285771,2.1327904651233247,1.968482422803045,0.5372582462377123,5,1,COMPLETE
4169,51.99,2025-01-22 05:06:35.908096,2025-01-22 05:06:49.728192,0 days 00:00:13.820096,1.0090574487865671,2.537043927273941,0.5256861511341491,2,1,COMPLETE
4170,52.800000000000004,2025-01-22 05:06:43.391821,2025-01-22 05:06:57.824445,0 days 00:00:14.432624,1.0898851626825794,2.4718690976045874,0.3960868343051246,2,1,COMPLETE
4171,52.190000000000005,2025-01-22 05:06:49.882201,2025-01-22 05:07:06.010496,0 days 00:00:16.128295,1.4302948380897837,1.4117658154447212,0.41117638459035233,6,1,COMPLETE
4172,52.05,2025-01-22 05:06:57.987406,2025-01-22 05:07:13.680993,0 days 00:00:15.693587,1.435643488231902,1.3820284498108402,0.462072400502715,6,1,COMPLETE
4173,52.21,2025-01-22 05:07:06.331973,2025-01-22 05:07:21.010615,0 days 00:00:14.678642,0.9101279203011396,1.6019438071648915,0.46513987961985587,4,1,COMPLETE
4174,51.25999999999999,2025-01-22 05:07:13.842803,2025-01-22 05:07:29.014703,0 days 00:00:15.171900,0.8568624544013913,1.6609034562016514,0.30294754665012463,4,1,COMPLETE
4175,51.480000000000004,2025-01-22 05:07:21.260303,2025-01-22 05:07:34.610813,0 days 00:00:13.350510,1.2855313510907955,1.0988009922520154,0.2969071768006715,2,1,COMPLETE
4176,51.83,2025-01-22 05:07:29.334765,2025-01-22 05:07:46.015467,0 days 00:00:16.680702,1.2335032059386866,1.1067319238755533,0.3777601913654354,8,1,COMPLETE
4177,52.01,2025-01-22 05:07:34.756722,2025-01-22 05:07:51.389559,0 days 00:00:16.632837,1.0648877641722765,1.2900817203830288,0.3766149788525122,9,1,COMPLETE
4178,51.09,2025-01-22 05:07:46.367000,2025-01-22 05:08:00.223104,0 days 00:00:13.856104,1.683306503608453,1.290572753028,0.6189956328204553,2,1,COMPLETE
4179,50.129999999999995,2025-01-22 05:07:51.770819,2025-01-22 05:08:05.114595,0 days 00:00:13.343776,1.6809040651335176,0.21476576172459144,0.6056038064791817,2,1,COMPLETE
4180,51.6,2025-01-22 05:08:00.403749,2025-01-22 05:08:14.849197,0 days 00:00:14.445448,1.0330107674170073,0.20728572590620245,0.4917688295240704,4,1,COMPLETE
4181,52.23,2025-01-22 05:08:05.289391,2025-01-22 05:08:19.589589,0 days 00:00:14.300198,1.0590110669241977,1.7914061356692241,0.4812342556391236,4,1,COMPLETE
4182,50.83,2025-01-22 05:08:14.986006,2025-01-22 05:08:30.780002,0 days 00:00:15.793996,2.2705075852924796,1.810593215101193,0.3292494236454484,6,1,COMPLETE
4183,24.14,2025-01-22 05:08:19.725704,2025-01-22 05:08:35.146887,0 days 00:00:15.421183,2.1618687948604074,2.0277169083238973,0.006828419714859994,6,1,COMPLETE
4184,52.56999999999999,2025-01-22 05:08:30.982046,2025-01-22 05:08:44.359267,0 days 00:00:13.377221,0.8522432464336188,2.1561523670541125,0.4082142204187192,2,1,COMPLETE
4185,52.059999999999995,2025-01-22 05:08:35.314996,2025-01-22 05:08:53.228482,0 days 00:00:17.913486,0.855831342021034,1.565263516151458,0.4171106804426372,12,2,COMPLETE
4186,51.849999999999994,2025-01-22 05:08:44.560974,2025-01-22 05:08:58.657508,0 days 00:00:14.096534,1.41223043878886,1.4790232083909338,0.5486876662633697,4,1,COMPLETE
4187,26.540000000000003,2025-01-22 05:08:53.567223,2025-01-22 05:09:08.395392,0 days 00:00:14.828169,1.3648902792510598,1.4320701797269189,0.013730259467417565,4,1,COMPLETE
4188,52.370000000000005,2025-01-22 05:08:58.835299,2025-01-22 05:09:12.957182,0 days 00:00:14.121883,1.249605240639199,1.105161681229667,0.34977395180466897,2,1,COMPLETE
4189,52.39,2025-01-22 05:09:08.697006,2025-01-22 05:09:22.601013,0 days 00:00:13.904007,1.2198708206382287,1.1201799640017822,0.3520157896390511,2,1,COMPLETE
4190,0.5,2025-01-22 05:09:13.077616,2025-01-22 05:10:00.863956,0 days 00:00:47.786340,0.005575305400039361,1.6792188484701496,0.45801338177948303,80,3,COMPLETE
4191,52.129999999999995,2025-01-22 05:09:22.913750,2025-01-22 05:09:38.052683,0 days 00:00:15.138933,1.0228338866272255,1.286254386044278,0.46054751055992493,7,1,COMPLETE
4192,51.59,2025-01-22 05:09:38.196438,2025-01-22 05:09:52.645506,0 days 00:00:14.449068,1.5932418949330724,1.745287149552059,0.5507103842099619,5,1,COMPLETE
4193,53.0,2025-01-22 05:09:52.802233,2025-01-22 05:10:05.533726,0 days 00:00:12.731493,1.1097881895786057,1.6372274338127293,0.4203605537597611,2,1,COMPLETE
4194,51.470000000000006,2025-01-22 05:10:01.006442,2025-01-22 05:10:14.716387,0 days 00:00:13.709945,1.1507439460064095,2.149494372280923,0.27444296170074983,2,1,COMPLETE
4195,49.38,2025-01-22 05:10:05.662420,2025-01-22 05:10:20.313312,0 days 00:00:14.650892,0.767290658247,1.2869294538912706,0.23775657962518873,4,1,COMPLETE
4196,51.019999999999996,2025-01-22 05:10:14.840937,2025-01-22 05:10:29.367535,0 days 00:00:14.526598,0.7770255042541053,1.3235746378619146,0.2942398013472834,4,1,COMPLETE
4197,46.57,2025-01-22 05:10:20.516562,2025-01-22 05:10:37.142506,0 days 00:00:16.625944,0.811199662009642,1.0282193787801832,0.17695398606370621,8,2,COMPLETE
4198,51.5,2025-01-22 05:10:29.774290,2025-01-22 05:10:46.775903,0 days 00:00:17.001613,0.8542296280860486,1.0346830554916755,0.3279094094332988,8,2,COMPLETE
4199,51.2,2025-01-22 05:10:37.290157,2025-01-22 05:10:52.350636,0 days 00:00:15.060479,0.9254340251737231,2.5779190063638655,0.3272865270417563,6,1,COMPLETE
4200,51.77,2025-01-22 05:10:47.201956,2025-01-22 05:11:02.520762,0 days 00:00:15.318806,0.9562297789249062,2.5997677009263573,0.3679138418723247,5,1,COMPLETE
4201,50.96000000000001,2025-01-22 05:10:52.513480,2025-01-22 05:11:06.035723,0 days 00:00:13.522243,0.970876614838476,1.4847405136428058,0.2642297182568877,2,1,COMPLETE
4202,50.580000000000005,2025-01-22 05:11:02.691297,2025-01-22 05:11:16.653313,0 days 00:00:13.962016,1.0002913066103483,1.4757188303246507,0.2502825478931322,2,1,COMPLETE
4203,52.59,2025-01-22 05:11:06.167071,2025-01-22 05:11:20.688769,0 days 00:00:14.521698,1.0232928772752785,1.9185220784820416,0.3796172882261573,4,1,COMPLETE
4204,51.43,2025-01-22 05:11:16.767313,2025-01-22 05:11:33.497001,0 days 00:00:16.729688,0.7196123526718272,1.9340884028309322,0.3809448397675623,10,2,COMPLETE
4205,46.57,2025-01-22 05:11:20.831694,2025-01-22 05:11:59.445784,0 days 00:00:38.614090,0.7700482379183509,5.155411006281342,0.39047179638107843,59,4,COMPLETE
4206,51.85999999999999,2025-01-22 05:11:33.641892,2025-01-22 05:12:10.002684,0 days 00:00:36.360792,0.8133689176520806,1.2474724686832868,0.31389079138438936,59,4,COMPLETE
4207,40.6,2025-01-22 05:11:59.588609,2025-01-22 05:12:13.927204,0 days 00:00:14.338595,0.12193801936985867,1.1815443152480365,0.3247378876638951,4,1,COMPLETE
4208,51.82,2025-01-22 05:12:10.141119,2025-01-22 05:12:24.944444,0 days 00:00:14.803325,1.1280382847959955,1.6192211433333779,0.30334329207495425,4,1,COMPLETE
4209,52.38,2025-01-22 05:12:14.281364,2025-01-22 05:12:47.651115,0 days 00:00:33.369751,1.121027150025053,1.6208836876928499,0.414426645681745,48,3,COMPLETE
4210,52.949999999999996,2025-01-22 05:12:25.232594,2025-01-22 05:12:39.415386,0 days 00:00:14.182792,1.0947607381643227,2.13273172107057,0.41689502390610134,2,1,COMPLETE
4211,51.94,2025-01-22 05:12:39.547958,2025-01-22 05:12:54.851552,0 days 00:00:15.303594,0.9486394278358466,2.980320464351314,0.42025600991155515,6,1,COMPLETE
4212,52.21,2025-01-22 05:12:47.775316,2025-01-22 05:13:02.101281,0 days 00:00:14.325965,0.8922908950775327,2.307455233265086,0.5047624206704161,2,1,COMPLETE
4213,52.53,2025-01-22 05:12:55.029063,2025-01-22 05:13:09.051518,0 days 00:00:14.022455,1.4152657313880448,2.488400750895353,0.4998054057190562,2,1,COMPLETE
4214,51.72,2025-01-22 05:13:02.230156,2025-01-22 05:13:18.050849,0 days 00:00:15.820693,1.3702576559575663,3.0731104037685713,0.48419559213110885,6,1,COMPLETE
4215,51.85999999999999,2025-01-22 05:13:09.200417,2025-01-22 05:13:24.325426,0 days 00:00:15.125009,1.2490952550913645,2.7138688697513875,0.36109433046775197,6,1,COMPLETE
4216,52.370000000000005,2025-01-22 05:13:18.187861,2025-01-22 05:13:33.037013,0 days 00:00:14.849152,1.160888762874939,2.622249029892058,0.36669927162740573,4,1,COMPLETE
4217,52.25,2025-01-22 05:13:24.461893,2025-01-22 05:13:39.197491,0 days 00:00:14.735598,1.089285049637623,2.8721078588746107,0.41694835126309765,4,1,COMPLETE
4218,50.83,2025-01-22 05:13:33.170306,2025-01-22 05:13:47.344166,0 days 00:00:14.173860,0.6833817020864722,3.1333683122853984,0.43330578541302484,2,1,COMPLETE
4219,51.2,2025-01-22 05:13:39.554307,2025-01-22 05:13:53.283003,0 days 00:00:13.728696,0.8927875501606406,2.3067517812062257,0.5634939224462789,2,1,COMPLETE
4220,0.5,2025-01-22 05:13:47.466027,2025-01-22 05:14:01.884720,0 days 00:00:14.418693,0.06036928004162124,2.3749110511520137,0.5718711748290504,2,1,COMPLETE
4221,49.82,2025-01-22 05:13:53.665074,2025-01-22 05:14:07.855636,0 days 00:00:14.190562,1.5157305743422598,2.7619139895812572,0.6842166302120508,4,1,COMPLETE
4222,46.45,2025-01-22 05:14:02.014483,2025-01-22 05:14:17.920855,0 days 00:00:15.906372,1.536058247624335,3.8676879559897572,0.8892936504010219,7,5,COMPLETE
4223,51.62,2025-01-22 05:14:07.997882,2025-01-22 05:14:24.043805,0 days 00:00:16.045923,0.9593050262185813,2.92360002092161,0.4606359940430029,7,1,COMPLETE
4224,51.970000000000006,2025-01-22 05:14:18.068492,2025-01-22 05:14:32.367548,0 days 00:00:14.299056,1.0189755126311015,3.061807701224026,0.46789096434340477,4,1,COMPLETE
4225,52.32,2025-01-22 05:14:24.188234,2025-01-22 05:14:39.108712,0 days 00:00:14.920478,1.2680459676829536,2.282335643917012,0.34558645784087594,4,1,COMPLETE
4226,52.38,2025-01-22 05:14:32.529457,2025-01-22 05:14:46.300357,0 days 00:00:13.770900,1.2718180853134475,2.2394860284530242,0.3442992650616922,2,1,COMPLETE
4227,48.53,2025-01-22 05:14:39.228257,2025-01-22 05:14:53.254973,0 days 00:00:14.026716,0.8233996121921888,3.4275617053385723,0.2777676067852603,2,1,COMPLETE
4228,50.449999999999996,2025-01-22 05:14:46.451388,2025-01-22 05:15:01.517710,0 days 00:00:15.066322,0.8447379960244893,2.059144956378108,0.2824348517431949,5,1,COMPLETE
4229,51.980000000000004,2025-01-22 05:14:53.406925,2025-01-22 05:15:08.860878,0 days 00:00:15.453953,1.682866611972671,3.497420296603087,0.4244967399746994,5,1,COMPLETE
4230,49.89,2025-01-22 05:15:01.862088,2025-01-22 05:15:19.318781,0 days 00:00:17.456693,3.9983176199220187,4.307371948032014,0.4081197769910741,10,2,COMPLETE
4231,50.519999999999996,2025-01-22 05:15:09.002924,2025-01-22 05:15:25.772588,0 days 00:00:16.769664,1.0882320038802942,4.259092111299906,0.5541782439948832,10,2,COMPLETE
4232,23.31,2025-01-22 05:15:19.472832,2025-01-22 05:16:02.997602,0 days 00:00:43.524770,1.090677453958076,1.9621437634459278,0.0015309748317855981,65,3,COMPLETE
4233,50.68,2025-01-22 05:15:25.896254,2025-01-22 05:15:39.618638,0 days 00:00:13.722384,1.8519885751656346,2.13333858133235,0.6464219197577483,2,1,COMPLETE
4234,51.1,2025-01-22 05:15:39.779865,2025-01-22 05:15:53.893263,0 days 00:00:14.113398,0.6775780462413256,2.03443554491814,0.5150397314172506,4,1,COMPLETE
4235,51.959999999999994,2025-01-22 05:15:54.015076,2025-01-22 05:16:08.842513,0 days 00:00:14.827437,1.3232434642913655,2.5210264745080337,0.3664628510122843,6,1,COMPLETE
4236,51.53,2025-01-22 05:16:03.395659,2025-01-22 05:16:31.437687,0 days 00:00:28.042028,1.3570715358055268,2.464761398421514,0.3646937405503927,33,17,COMPLETE
4237,50.29,2025-01-22 05:16:09.133751,2025-01-22 05:16:23.183235,0 days 00:00:14.049484,1.4757690203799076,0.05915162747765176,0.4811198529684128,2,1,COMPLETE
4238,51.77,2025-01-22 05:16:23.319256,2025-01-22 05:16:39.011946,0 days 00:00:15.692690,0.9911687620842109,3.37829395833596,0.3905586871280391,4,1,COMPLETE
4239,50.74999999999999,2025-01-22 05:16:31.604453,2025-01-22 05:16:46.642192,0 days 00:00:15.037739,0.9818581261700374,0.004273675340611001,0.4263133288207553,4,1,COMPLETE
4240,51.370000000000005,2025-01-22 05:16:39.175272,2025-01-22 05:16:56.214348,0 days 00:00:17.039076,1.1559851047548557,1.1079444299164054,0.2990047644879469,8,1,COMPLETE
4241,51.65,2025-01-22 05:16:46.804186,2025-01-22 05:17:02.971784,0 days 00:00:16.167598,1.1984019370110877,1.0303719470115553,0.5511572945702246,8,1,COMPLETE
4242,52.07000000000001,2025-01-22 05:16:56.365351,2025-01-22 05:17:10.450719,0 days 00:00:14.085368,1.775753675734543,1.8587684029853504,0.5596895927256371,2,1,COMPLETE
4243,52.410000000000004,2025-01-22 05:17:03.091440,2025-01-22 05:17:16.571486,0 days 00:00:13.480046,0.7961580552657794,1.7597833610544553,0.4722204327700748,2,1,COMPLETE
4244,48.559999999999995,2025-01-22 05:17:10.712964,2025-01-22 05:17:26.206250,0 days 00:00:15.493286,0.7798683918221618,1.3868364144043483,0.21403443554428278,6,1,COMPLETE
4245,48.79,2025-01-22 05:17:16.746859,2025-01-22 05:17:31.592903,0 days 00:00:14.846044,1.5025398480184806,0.3074564621666655,0.21658926561367697,6,1,COMPLETE
4246,51.44,2025-01-22 05:17:26.369594,2025-01-22 05:17:40.918180,0 days 00:00:14.548586,1.5028949458305738,1.2963528130914512,0.32077657118447417,4,1,COMPLETE
4247,51.32,2025-01-22 05:17:31.736999,2025-01-22 05:17:46.549352,0 days 00:00:14.812353,0.5917547102541606,1.3156824247263599,0.3375579325232978,4,1,COMPLETE
4248,45.28,2025-01-22 05:17:41.147735,2025-01-22 05:17:55.244707,0 days 00:00:14.096972,0.3794777988472017,2.1052702709018796,0.6704157836829097,2,1,COMPLETE
4249,52.839999999999996,2025-01-22 05:17:46.708923,2025-01-22 05:18:00.316985,0 days 00:00:13.608062,0.9541271773481299,1.0330582319616974,0.42122658533783797,2,1,COMPLETE
4250,52.73,2025-01-22 05:17:55.529988,2025-01-22 05:18:09.078510,0 days 00:00:13.548522,0.9516288070144807,1.0197986234841867,0.45467678350879764,2,1,COMPLETE
4251,52.339999999999996,2025-01-22 05:18:00.477718,2025-01-22 05:18:15.447498,0 days 00:00:14.969780,1.1465877375693514,1.5558913905301917,0.47350194250944094,4,1,COMPLETE
4252,40.760000000000005,2025-01-22 05:18:09.232473,2025-01-22 05:18:24.718064,0 days 00:00:15.485591,1.2035702571998124,1.6069648240859702,1.1076001239546773,6,1,COMPLETE
4253,52.21,2025-01-22 05:18:15.662027,2025-01-22 05:18:30.767682,0 days 00:00:15.105655,1.2745376356142883,1.7947101926348537,0.3810769432077093,6,1,COMPLETE
4254,52.35999999999999,2025-01-22 05:18:25.118236,2025-01-22 05:18:39.722955,0 days 00:00:14.604719,1.2732165098240888,1.843226251009769,0.386747277709257,4,1,COMPLETE
4255,51.41,2025-01-22 05:18:31.092345,2025-01-22 05:18:45.797734,0 days 00:00:14.705389,1.9523254031487471,2.084407505407235,0.5358808292197386,4,1,COMPLETE
4256,51.18000000000001,2025-01-22 05:18:39.862285,2025-01-22 05:18:53.703156,0 days 00:00:13.840871,1.9462613685171517,2.2657844626117103,0.6120418663077799,2,1,COMPLETE
4257,50.660000000000004,2025-01-22 05:18:45.936971,2025-01-22 05:19:00.228016,0 days 00:00:14.291045,0.8769183442753986,1.4275472688838755,0.6051148444032172,2,1,COMPLETE
4258,52.16,2025-01-22 05:18:53.834489,2025-01-22 05:19:08.029020,0 days 00:00:14.194531,0.9199800717936314,1.4225152682626896,0.32653952719038315,2,1,COMPLETE
4259,51.470000000000006,2025-01-22 05:19:00.526945,2025-01-22 05:19:15.343196,0 days 00:00:14.816251,0.6864517678697092,1.2901901526132475,0.32866063740315177,4,1,COMPLETE
4260,52.1,2025-01-22 05:19:08.173997,2025-01-22 05:19:24.745346,0 days 00:00:16.571349,1.0850895328854104,1.1856461003161658,0.42582068970520914,7,1,COMPLETE
4261,51.870000000000005,2025-01-22 05:19:15.461470,2025-01-22 05:19:30.369710,0 days 00:00:14.908240,1.5905168186058973,1.1768246383558583,0.4260113991468337,6,1,COMPLETE
4262,51.76,2025-01-22 05:19:25.040982,2025-01-22 05:19:39.751672,0 days 00:00:14.710690,1.4913293004600205,1.0166022653573885,0.5236481216303022,5,1,COMPLETE
4263,52.410000000000004,2025-01-22 05:19:30.512224,2025-01-22 05:19:45.053314,0 days 00:00:14.541090,1.3658985586014956,1.595948365293408,0.45554084146428936,4,1,COMPLETE
4264,47.160000000000004,2025-01-22 05:19:39.881854,2025-01-22 05:19:53.560858,0 days 00:00:13.679004,1.0887931984351074,1.6784914654738303,0.7926105219020733,2,1,COMPLETE
4265,51.300000000000004,2025-01-22 05:19:45.427261,2025-01-22 05:19:59.126211,0 days 00:00:13.698950,1.0570782158570673,1.7732491585300436,0.27098229162083914,2,1,COMPLETE
4266,49.62,2025-01-22 05:19:54.065247,2025-01-22 05:20:10.355765,0 days 00:00:16.290518,0.7963926275681612,2.5309468221502267,0.2777179693896615,8,1,COMPLETE
4267,51.21,2025-01-22 05:19:59.274225,2025-01-22 05:20:15.141079,0 days 00:00:15.866854,0.8071824326837915,2.891436957328525,0.3754118493947615,8,1,COMPLETE
4268,52.15,2025-01-22 05:20:10.599525,2025-01-22 05:20:25.442705,0 days 00:00:14.843180,1.310299425649024,1.4070672761699003,0.3721125333398589,4,1,COMPLETE
4269,36.64,2025-01-22 05:20:15.307732,2025-01-22 05:20:29.808729,0 days 00:00:14.500997,1.3142718152374697,1.456327728318385,0.062279499727772226,4,1,COMPLETE
4270,52.0,2025-01-22 05:20:25.730625,2025-01-22 05:20:40.490897,0 days 00:00:14.760272,1.7132777817548528,2.0494399703220747,0.5014870995795085,4,1,COMPLETE
4271,51.22,2025-01-22 05:20:29.940052,2025-01-22 05:20:43.576693,0 days 00:00:13.636641,1.055806192352305,0.15802963685735283,0.5161152532982718,2,1,COMPLETE
4272,51.05,2025-01-22 05:20:40.800616,2025-01-22 05:21:29.568599,0 days 00:00:48.767983,1.0137745319973435,0.9758665034188146,0.5022897560940554,85,34,COMPLETE
4273,24.12,2025-01-22 05:20:43.724257,2025-01-22 05:20:58.459991,0 days 00:00:14.735734,0.9660474496037007,0.9666339717399018,0.003439712598427456,6,1,COMPLETE
4274,49.74,2025-01-22 05:20:58.604677,2025-01-22 05:21:12.242194,0 days 00:00:13.637517,1.2478653259874266,1.2646680347987633,0.6936763962431856,2,1,COMPLETE
4275,52.190000000000005,2025-01-22 05:21:12.390270,2025-01-22 05:21:26.672825,0 days 00:00:14.282555,0.6508236964377141,1.1226455717050436,0.41284744923850897,5,1,COMPLETE
4276,50.39,2025-01-22 05:21:26.789730,2025-01-22 05:22:25.733698,0 days 00:00:58.943968,0.884666576040714,1.9016692939865723,0.3322572283039135,94,49,COMPLETE
4277,52.21,2025-01-22 05:21:29.739637,2025-01-22 05:21:43.203692,0 days 00:00:13.464055,1.5312298990123911,1.7504057777294093,0.3508563203634452,2,1,COMPLETE
4278,51.22,2025-01-22 05:21:43.321592,2025-01-22 05:21:57.908497,0 days 00:00:14.586905,0.8764817660733628,2.0296381975676034,0.2999216189713151,4,1,COMPLETE
4279,52.39,2025-01-22 05:21:58.031254,2025-01-22 05:22:13.068624,0 days 00:00:15.037370,1.1387887438608544,1.4887579313699728,0.4320189642674595,6,1,COMPLETE
4280,51.76,2025-01-22 05:22:13.224491,2025-01-22 05:22:26.589032,0 days 00:00:13.364541,1.7318647827866016,1.1990079697870324,0.5869673378682809,2,1,COMPLETE
4281,51.76,2025-01-22 05:22:25.907554,2025-01-22 05:22:40.064242,0 days 00:00:14.156688,1.3752569429170123,1.2300078463676951,0.57758445929295,2,1,COMPLETE
4282,52.33,2025-01-22 05:22:26.749071,2025-01-22 05:22:42.276702,0 days 00:00:15.527631,1.3515683480065708,1.6180176063756602,0.4609862735197672,4,1,COMPLETE
4283,52.290000000000006,2025-01-22 05:22:40.208028,2025-01-22 05:22:54.893457,0 days 00:00:14.685429,1.1640231608370142,2.3030965456392507,0.47117079415593804,4,1,COMPLETE
4284,50.43,2025-01-22 05:22:42.717964,2025-01-22 05:22:57.820880,0 days 00:00:15.102916,0.5300392491698506,2.2887291243996963,0.39098313959998826,6,1,COMPLETE
4285,52.2,2025-01-22 05:22:55.041077,2025-01-22 05:23:10.633198,0 days 00:00:15.592121,0.7214992742282827,1.4303464666929755,0.38391530037503535,6,1,COMPLETE
4286,52.44,2025-01-22 05:22:57.969830,2025-01-22 05:23:11.156111,0 days 00:00:13.186281,0.7126782962943289,1.4657258479750654,0.3872435058042422,2,1,COMPLETE
4287,48.19,2025-01-22 05:23:10.808720,2025-01-22 05:23:24.690811,0 days 00:00:13.882091,2.7149422036896493,0.008772870729847766,0.2983677020296673,2,1,COMPLETE
4288,51.18000000000001,2025-01-22 05:23:11.370719,2025-01-22 05:23:29.147966,0 days 00:00:17.777247,1.0703672152779866,1.0524217930787676,0.3094314098631349,13,2,COMPLETE
4289,49.72,2025-01-22 05:23:24.829768,2025-01-22 05:23:42.052300,0 days 00:00:17.222532,1.0498081865642608,1.0872004230986998,0.6582594742596398,9,2,COMPLETE
4290,51.62,2025-01-22 05:23:29.281525,2025-01-22 05:23:45.672822,0 days 00:00:16.391297,1.6603524582977176,1.7239111091769803,0.5083805065589213,9,1,COMPLETE
4291,50.3,2025-01-22 05:23:42.196360,2025-01-22 05:23:57.295970,0 days 00:00:15.099610,1.625248213558114,1.8008446695742801,0.24327382537249623,4,1,COMPLETE
4292,49.66,2025-01-22 05:23:46.001138,2025-01-22 05:24:00.564579,0 days 00:00:14.563441,2.243662120036686,1.969619023319,0.24399586652361782,4,1,COMPLETE
4293,51.31,2025-01-22 05:23:57.446312,2025-01-22 05:24:25.736139,0 days 00:00:28.289827,0.8797479085102956,1.3242021805782032,0.4361412741957763,37,26,COMPLETE
4294,51.470000000000006,2025-01-22 05:24:00.724229,2025-01-22 05:24:14.407432,0 days 00:00:13.683203,0.8857700734552905,0.07832973998694173,0.4518488700988184,2,1,COMPLETE
4295,51.38,2025-01-22 05:24:14.764676,2025-01-22 05:24:29.766908,0 days 00:00:15.002232,1.2307564335305865,1.3497144889350174,0.5514558437857665,7,1,COMPLETE
4296,52.07000000000001,2025-01-22 05:24:25.910430,2025-01-22 05:25:28.850932,0 days 00:01:02.940502,1.2517645199313356,2.757183815452678,0.34921899372184295,98,3,COMPLETE
4297,47.839999999999996,2025-01-22 05:24:29.937547,2025-01-22 05:24:43.692429,0 days 00:00:13.754882,5.963056867133041,3.183694004478443,0.35066769266538633,4,1,COMPLETE
