number,value,datetime_start,datetime_complete,duration,params_gamma_1,params_gamma_2,params_lambda,params_n_clusters,params_n_neighbors,state
6713,50.870000000000005,2025-01-22 10:57:04.690845,2025-01-22 10:57:19.009251,0 days 00:00:14.318406,1.039340225535238,2.2139336993798606,0.600468518836125,4,1,COMPLETE
6714,52.739999999999995,2025-01-22 10:57:09.194081,2025-01-22 10:57:22.701477,0 days 00:00:13.507396,0.9460608360504598,1.182550872373951,0.4757228918762363,2,1,COMPLETE
6715,48.0,2025-01-22 10:57:19.199225,2025-01-22 10:57:32.989077,0 days 00:00:13.789852,1.6397293441470975,1.1958214461740537,0.8113667830842304,2,1,COMPLETE
6716,48.02,2025-01-22 10:57:23.007086,2025-01-22 10:57:38.413052,0 days 00:00:15.405966,1.669687771293714,1.5120173872754017,0.7759728940526526,6,1,COMPLETE
6717,51.870000000000005,2025-01-22 10:57:33.371031,2025-01-22 10:57:48.855057,0 days 00:00:15.484026,1.2809746753009204,1.403289599969621,0.33965125309866673,6,1,COMPLETE
6718,52.17,2025-01-22 10:57:38.577923,2025-01-22 10:57:52.907785,0 days 00:00:14.329862,1.2524347962703146,0.9960074315452484,0.4132991936138877,4,1,COMPLETE
6719,52.410000000000004,2025-01-22 10:57:49.042285,2025-01-22 10:58:03.713008,0 days 00:00:14.670723,0.9495230950175139,0.9508401188058163,0.4510498968761248,4,1,COMPLETE
6720,51.51,2025-01-22 10:57:53.092548,2025-01-22 10:58:09.996553,0 days 00:00:16.904005,0.8979701508924218,1.778103952638322,0.5143655630600833,10,9,COMPLETE
6721,51.559999999999995,2025-01-22 10:58:04.024837,2025-01-22 10:58:21.296827,0 days 00:00:17.271990,0.8709293430239173,1.7461717191915165,0.5158467768488378,10,2,COMPLETE
6722,51.43,2025-01-22 10:58:10.201519,2025-01-22 10:58:23.977394,0 days 00:00:13.775875,2.1819148224190426,1.5845761794158637,0.3620863537205164,2,1,COMPLETE
6723,52.71,2025-01-22 10:58:21.477838,2025-01-22 10:58:35.097245,0 days 00:00:13.619407,1.1394475375969975,1.4178068426304955,0.3809201431509826,2,1,COMPLETE
6724,52.800000000000004,2025-01-22 10:58:24.244616,2025-01-22 10:58:37.384406,0 days 00:00:13.139790,1.1372339762589825,1.3353239377553972,0.40044809014763016,2,1,COMPLETE
6725,52.11,2025-01-22 10:58:35.293023,2025-01-22 10:58:49.564201,0 days 00:00:14.271178,1.4253635105076428,1.2138347419838644,0.4373192891775367,4,1,COMPLETE
6726,51.42,2025-01-22 10:58:38.111571,2025-01-22 10:58:53.266007,0 days 00:00:15.154436,1.4389857031382565,1.1326930291439936,0.3185306917986951,6,1,COMPLETE
6727,49.49,2025-01-22 10:58:49.738308,2025-01-22 10:59:05.387603,0 days 00:00:15.649295,0.46774983754260296,1.966636538585691,0.3320054892842441,6,1,COMPLETE
6728,24.87,2025-01-22 10:58:53.429979,2025-01-22 10:59:08.231392,0 days 00:00:14.801413,0.6951861765095935,2.028511064069968,0.020505395103521437,4,1,COMPLETE
6729,51.17,2025-01-22 10:59:05.580623,2025-01-22 10:59:21.146067,0 days 00:00:15.565444,0.7838452933087222,1.5585390041133187,0.5481464159596652,4,1,COMPLETE
6730,51.849999999999994,2025-01-22 10:59:08.407820,2025-01-22 10:59:22.073783,0 days 00:00:13.665963,1.1359901705341373,2.8567003506035027,0.53708693880811,2,1,COMPLETE
6731,52.559999999999995,2025-01-22 10:59:21.349169,2025-01-22 10:59:34.600026,0 days 00:00:13.250857,1.029090052723461,2.638607933187498,0.4674123459763081,2,1,COMPLETE
6732,52.739999999999995,2025-01-22 10:59:22.251104,2025-01-22 10:59:35.901613,0 days 00:00:13.650509,0.9948164384625308,1.0263850687483693,0.45162670353741474,2,1,COMPLETE
6733,50.260000000000005,2025-01-22 10:59:34.805596,2025-01-22 10:59:50.798766,0 days 00:00:15.993170,1.8469855029419584,1.0060272817891707,0.6674438296257712,8,1,COMPLETE
6734,50.07,2025-01-22 10:59:36.057116,2025-01-22 10:59:52.429713,0 days 00:00:16.372597,1.8035313745648054,1.39716832797203,0.25175997840059827,8,1,COMPLETE
6735,50.029999999999994,2025-01-22 10:59:51.003404,2025-01-22 11:00:05.796727,0 days 00:00:14.793323,1.3360859200958497,1.3736526505397995,0.23656727627249022,5,1,COMPLETE
6736,51.77,2025-01-22 10:59:52.700125,2025-01-22 11:00:08.071526,0 days 00:00:15.371401,1.4006955795349127,1.6720727349920224,0.3779146614750352,5,1,COMPLETE
6737,50.88,2025-01-22 11:00:05.984462,2025-01-22 11:00:20.738925,0 days 00:00:14.754463,1.2663421509492334,5.20366098069796,0.39071128474638833,4,1,COMPLETE
6738,51.470000000000006,2025-01-22 11:00:08.611641,2025-01-22 11:00:22.980468,0 days 00:00:14.368827,0.824604285423833,1.2118611622762105,0.30947406644550896,4,1,COMPLETE
6739,52.18000000000001,2025-01-22 11:00:20.900820,2025-01-22 11:00:34.336974,0 days 00:00:13.436154,0.8596909554940406,1.196272018511386,0.3281202368925671,2,1,COMPLETE
6740,52.849999999999994,2025-01-22 11:00:23.506942,2025-01-22 11:00:36.880669,0 days 00:00:13.373727,1.091850903411376,2.180717131259678,0.4730459195793828,2,1,COMPLETE
6741,41.660000000000004,2025-01-22 11:00:34.521186,2025-01-22 11:00:48.269466,0 days 00:00:13.748280,1.0924538009150444,0.8216074175453666,1.0931194198738634,2,1,COMPLETE
6742,50.92,2025-01-22 11:00:37.257412,2025-01-22 11:00:52.750719,0 days 00:00:15.493307,1.5404746686976167,0.758375206549861,0.5982073392067045,6,1,COMPLETE
6743,34.93,2025-01-22 11:00:48.820794,2025-01-22 11:01:04.118596,0 days 00:00:15.297802,1.5830472318927842,1.7353922153825998,0.05065857995202643,6,1,COMPLETE
6744,52.290000000000006,2025-01-22 11:00:52.929374,2025-01-22 11:01:07.558824,0 days 00:00:14.629450,0.7233194032502526,1.6318953084410022,0.42547555269278364,4,1,COMPLETE
6745,52.239999999999995,2025-01-22 11:01:04.296915,2025-01-22 11:01:21.179155,0 days 00:00:16.882240,0.6996103929869606,1.4767292302876698,0.4245435123680352,4,1,COMPLETE
6746,52.16,2025-01-22 11:01:07.743312,2025-01-22 11:01:22.806314,0 days 00:00:15.063002,0.9712819611371329,1.3719897592670824,0.5028301113950812,4,1,COMPLETE
6747,52.07000000000001,2025-01-22 11:01:21.342559,2025-01-22 11:01:35.149584,0 days 00:00:13.807025,0.959566551069672,1.9082350378491002,0.5271175881675728,2,1,COMPLETE
6748,52.51,2025-01-22 11:01:23.220266,2025-01-22 11:01:37.330371,0 days 00:00:14.110105,1.2416094112375553,1.9642967290433506,0.3574646118409722,2,1,COMPLETE
6749,51.300000000000004,2025-01-22 11:01:35.317604,2025-01-22 11:01:51.152658,0 days 00:00:15.835054,1.2559004896159198,1.0765038726987133,0.2874349354665959,7,1,COMPLETE
6750,51.449999999999996,2025-01-22 11:01:37.948128,2025-01-22 11:01:53.973911,0 days 00:00:16.025783,1.2224423904602402,1.0686439713036557,0.2927094513633981,8,5,COMPLETE
6751,49.769999999999996,2025-01-22 11:01:51.349027,2025-01-22 11:02:06.034347,0 days 00:00:14.685320,1.583096561445658,1.2586807057352831,0.690469221373722,4,1,COMPLETE
6752,25.61,2025-01-22 11:01:54.169488,2025-01-22 11:02:08.647202,0 days 00:00:14.477714,1.5392223238505602,1.2989417157589869,0.009922782008392389,4,1,COMPLETE
6753,45.59,2025-01-22 11:02:06.207116,2025-01-22 11:02:19.947247,0 days 00:00:13.740131,0.9027380260859363,2.366631484381176,0.17357104458911993,2,1,COMPLETE
6754,52.01,2025-01-22 11:02:09.004761,2025-01-22 11:02:22.532889,0 days 00:00:13.528128,0.8897413467409581,0.413323238139981,0.3796535260911732,2,1,COMPLETE
6755,51.349999999999994,2025-01-22 11:02:20.127960,2025-01-22 11:02:35.439158,0 days 00:00:15.311198,2.069547690620726,1.6215540524051877,0.38411281934384983,6,1,COMPLETE
6756,52.28,2025-01-22 11:02:22.880185,2025-01-22 11:02:38.235391,0 days 00:00:15.355206,1.1388673104571565,1.5728766642232794,0.4447117775754401,6,1,COMPLETE
6757,51.13999999999999,2025-01-22 11:02:35.620102,2025-01-22 11:02:51.557518,0 days 00:00:15.937416,1.0894082529432796,0.895553608681814,0.586577598604049,6,1,COMPLETE
6758,51.32,2025-01-22 11:02:38.440777,2025-01-22 11:03:02.882453,0 days 00:00:24.441676,1.044971825944291,0.8712307039190588,0.5805932715595553,28,12,COMPLETE
6759,52.449999999999996,2025-01-22 11:02:51.750530,2025-01-22 11:03:40.146466,0 days 00:00:48.395936,1.371590428972896,1.9097628201106858,0.48861777104138404,75,4,COMPLETE
6760,52.28,2025-01-22 11:03:03.040540,2025-01-22 11:03:17.253781,0 days 00:00:14.213241,1.3776649292954373,1.4120680769242158,0.47772035532152646,4,1,COMPLETE
6761,52.55,2025-01-22 11:03:17.454633,2025-01-22 11:03:30.694713,0 days 00:00:13.240080,1.3470498873261845,1.8994115434985974,0.35342933927409903,2,1,COMPLETE
6762,52.15,2025-01-22 11:03:30.843876,2025-01-22 11:04:15.267867,0 days 00:00:44.423991,0.7793961928584136,0.3089054007820368,0.4396394601784017,75,4,COMPLETE
6763,25.979999999999997,2025-01-22 11:03:40.355669,2025-01-22 11:03:54.711444,0 days 00:00:14.355775,0.7923505933081435,1.1849672929430017,0.01463477456268512,4,1,COMPLETE
6764,52.39,2025-01-22 11:03:54.889973,2025-01-22 11:04:08.771361,0 days 00:00:13.881388,1.811437742024457,3.3834977753299382,0.40574369330104776,2,1,COMPLETE
6765,29.580000000000002,2025-01-22 11:04:08.961659,2025-01-22 11:04:25.518455,0 days 00:00:16.556796,0.9760047336096952,1.4459784358550982,2.0446573547364495,8,2,COMPLETE
6766,51.64,2025-01-22 11:04:15.432234,2025-01-22 11:04:31.650063,0 days 00:00:16.217829,1.024389461661643,1.5193657555427056,0.3287352140917384,8,1,COMPLETE
6767,21.959999999999997,2025-01-22 11:04:25.977881,2025-01-22 11:04:40.561081,0 days 00:00:14.583200,0.6188498126030912,1.0557499999574833,0.0014017450330532245,4,1,COMPLETE
6768,37.72,2025-01-22 11:04:32.066713,2025-01-22 11:04:48.208794,0 days 00:00:16.142081,2.5586633115911313,0.9912808102578514,1.4617830376498957,4,1,COMPLETE
6769,52.07000000000001,2025-01-22 11:04:40.753441,2025-01-22 11:04:54.923278,0 days 00:00:14.169837,1.1723344389073485,2.3331990986752777,0.54258072148581,2,1,COMPLETE
6770,46.0,2025-01-22 11:04:48.484263,2025-01-22 11:05:02.717002,0 days 00:00:14.232739,0.29428884808853967,1.2366189846355515,0.2751236559942134,2,1,COMPLETE
6771,51.01,2025-01-22 11:04:55.131123,2025-01-22 11:05:10.724635,0 days 00:00:15.593512,1.558886087199514,1.2353001680251,0.2801094747600646,6,1,COMPLETE
6772,52.129999999999995,2025-01-22 11:05:02.999523,2025-01-22 11:05:18.290294,0 days 00:00:15.290771,1.613424235386562,1.68868255776363,0.41516513168008246,6,1,COMPLETE
6773,52.370000000000005,2025-01-22 11:05:10.877076,2025-01-22 11:05:25.596693,0 days 00:00:14.719617,1.19123911364881,1.5614962421126208,0.41238134801218235,4,1,COMPLETE
6774,49.95,2025-01-22 11:05:18.471619,2025-01-22 11:05:33.439856,0 days 00:00:14.968237,1.197556952547201,1.4833918475337209,0.6736171602561892,4,1,COMPLETE
6775,49.559999999999995,2025-01-22 11:05:26.179084,2025-01-22 11:05:40.339160,0 days 00:00:14.160076,0.9068037848530737,2.099245746130232,0.6582693197921626,2,1,COMPLETE
6776,52.239999999999995,2025-01-22 11:05:33.615219,2025-01-22 11:05:47.642815,0 days 00:00:14.027596,0.8901621289715184,1.8382170117054928,0.34329589918140985,2,1,COMPLETE
6777,52.44,2025-01-22 11:05:40.783483,2025-01-22 11:05:55.074140,0 days 00:00:14.290657,0.9478343077551917,1.097212685213903,0.34806241869743526,2,1,COMPLETE
6778,52.03,2025-01-22 11:05:47.803459,2025-01-22 11:06:03.746792,0 days 00:00:15.943333,1.3418966091792097,1.1241393205167132,0.45787479826733535,5,1,COMPLETE
6779,51.949999999999996,2025-01-22 11:05:55.250371,2025-01-22 11:06:10.052801,0 days 00:00:14.802430,1.4160752147502833,1.2975639412297122,0.4969543261166627,5,1,COMPLETE
6780,51.449999999999996,2025-01-22 11:06:04.041275,2025-01-22 11:06:18.711127,0 days 00:00:14.669852,1.942749172436029,1.276444985127446,0.5173681459722077,4,1,COMPLETE
6781,51.300000000000004,2025-01-22 11:06:10.430059,2025-01-22 11:06:27.261974,0 days 00:00:16.831915,0.701180966353331,1.8143413620115105,0.5283233816819245,10,2,COMPLETE
6782,51.6,2025-01-22 11:06:18.930514,2025-01-22 11:06:35.979998,0 days 00:00:17.049484,0.7228395115454191,1.6759537701416525,0.3778066919512781,10,2,COMPLETE
6783,52.59,2025-01-22 11:06:27.415799,2025-01-22 11:06:40.707750,0 days 00:00:13.291951,1.0557623837748262,0.7593303590127484,0.3783420993905553,2,1,COMPLETE
6784,52.86,2025-01-22 11:06:36.162349,2025-01-22 11:06:49.995627,0 days 00:00:13.833278,1.0640397376178699,0.9508484364915769,0.4324177911729966,2,1,COMPLETE
6785,50.96000000000001,2025-01-22 11:06:41.008016,2025-01-22 11:06:56.645927,0 days 00:00:15.637911,1.1620708088178562,0.9087022899540889,0.5978314542499,7,1,COMPLETE
6786,50.74999999999999,2025-01-22 11:06:50.176840,2025-01-22 11:07:06.278998,0 days 00:00:16.102158,1.1567140158754288,1.4379613009676355,0.6007481137945329,7,1,COMPLETE
6787,51.39,2025-01-22 11:06:57.106768,2025-01-22 11:07:11.427076,0 days 00:00:14.320308,1.6579159056244954,1.4495357226742522,0.3261452163189491,4,1,COMPLETE
6788,51.53,2025-01-22 11:07:06.437450,2025-01-22 11:07:20.980813,0 days 00:00:14.543363,1.7300343756389656,2.498958386644137,0.3364989276717633,4,1,COMPLETE
6789,52.019999999999996,2025-01-22 11:07:11.631436,2025-01-22 11:07:25.840222,0 days 00:00:14.208786,0.8389231314499347,2.299255804093491,0.4640025308132032,4,1,COMPLETE
6790,47.94,2025-01-22 11:07:21.145164,2025-01-22 11:07:35.370367,0 days 00:00:14.225203,0.8696714834838929,2.0996318664964506,0.20955023477463194,2,1,COMPLETE
6791,49.69,2025-01-22 11:07:26.001977,2025-01-22 11:07:39.580420,0 days 00:00:13.578443,1.3580958434513783,1.6845491492685971,0.21117910158307357,2,1,COMPLETE
6792,52.019999999999996,2025-01-22 11:07:35.601785,2025-01-22 11:07:54.618570,0 days 00:00:19.016785,1.4127562637157378,1.151222730052486,0.4155233204844581,16,2,COMPLETE
6793,52.449999999999996,2025-01-22 11:07:39.754531,2025-01-22 11:07:54.998264,0 days 00:00:15.243733,1.0132895693841906,1.2126303701320273,0.4378792152385049,5,1,COMPLETE
6794,42.76,2025-01-22 11:07:54.822719,2025-01-22 11:08:10.781371,0 days 00:00:15.958652,0.5345080871653175,1.3027539926210439,0.864058144030239,6,1,COMPLETE
6795,50.949999999999996,2025-01-22 11:07:55.235340,2025-01-22 11:08:11.036008,0 days 00:00:15.800668,0.5161866364739232,1.5202543279318765,0.5000882972826692,6,1,COMPLETE
6796,32.129999999999995,2025-01-22 11:08:10.983625,2025-01-22 11:08:25.261479,0 days 00:00:14.277854,1.2432868637042496,1.6903364084759924,0.039189776771429354,2,1,COMPLETE
6797,51.870000000000005,2025-01-22 11:08:11.239094,2025-01-22 11:08:25.044133,0 days 00:00:13.805039,1.235585996308829,1.8819868142285074,0.2941903326816424,2,1,COMPLETE
6798,52.26,2025-01-22 11:08:25.235907,2025-01-22 11:08:40.606888,0 days 00:00:15.370981,1.0098366889236996,1.0425017967407797,0.3745670043400766,4,1,COMPLETE
6799,52.370000000000005,2025-01-22 11:08:25.466631,2025-01-22 11:08:40.634362,0 days 00:00:15.167731,0.9903389070437854,1.018444365218879,0.38660308777106067,4,1,COMPLETE
6800,50.28,2025-01-22 11:08:40.808743,2025-01-22 11:08:56.885258,0 days 00:00:16.076515,2.0662345241201625,1.3964948497426726,0.25290546531827957,8,6,COMPLETE
6801,50.83,2025-01-22 11:08:40.857855,2025-01-22 11:08:57.518275,0 days 00:00:16.660420,2.3700375728901126,1.420829425705686,0.5496614049277407,8,1,COMPLETE
6802,51.18000000000001,2025-01-22 11:08:57.089502,2025-01-22 11:09:10.885047,0 days 00:00:13.795545,0.7695022592214357,2.104295774280593,0.5406332045365008,2,1,COMPLETE
6803,49.44,2025-01-22 11:08:57.712975,2025-01-22 11:09:11.794720,0 days 00:00:14.081745,1.50145370643063,2.0762876488123663,0.7178124334277755,2,1,COMPLETE
6804,52.28,2025-01-22 11:09:11.095663,2025-01-22 11:09:25.518449,0 days 00:00:14.422786,1.5473724531161743,2.9337913057328744,0.4624490216194507,4,1,COMPLETE
6805,50.74999999999999,2025-01-22 11:09:11.980524,2025-01-22 11:09:26.917977,0 days 00:00:14.937453,1.125318241826754,0.012985007235140237,0.456740100266081,4,1,COMPLETE
6806,50.06,2025-01-22 11:09:25.721522,2025-01-22 11:09:40.350405,0 days 00:00:14.628883,0.6504958324637968,0.0124591527232419,0.3146143334405669,6,1,COMPLETE
6807,51.83,2025-01-22 11:09:27.094308,2025-01-22 11:09:42.972282,0 days 00:00:15.877974,0.9153537750915879,1.6641695829203975,0.334079984375968,6,1,COMPLETE
6808,51.09,2025-01-22 11:09:40.538770,2025-01-22 11:10:38.094015,0 days 00:00:57.555245,0.7992658016028314,0.09701710930380708,0.35675104750578995,92,3,COMPLETE
6809,52.75,2025-01-22 11:09:43.268524,2025-01-22 11:09:56.476378,0 days 00:00:13.207854,1.3064760021386526,1.2052576563259079,0.40436214776542545,2,1,COMPLETE
6810,50.93,2025-01-22 11:09:56.642463,2025-01-22 11:10:11.602090,0 days 00:00:14.959627,0.8440128807568724,0.7657228782604614,0.5959519370145788,4,1,COMPLETE
6811,23.86,2025-01-22 11:10:11.933880,2025-01-22 11:10:41.269432,0 days 00:00:29.335552,1.0869801707094657,0.09487665976460621,0.0020374709569619645,43,3,COMPLETE
6812,52.64,2025-01-22 11:10:38.292208,2025-01-22 11:10:52.209515,0 days 00:00:13.917307,1.077347861750758,1.3415397364235995,0.48705492938388195,2,1,COMPLETE
6813,2.39,2025-01-22 11:10:41.439498,2025-01-22 11:10:55.488888,0 days 00:00:14.049390,0.04705280525376365,1.3803130747344605,0.5098693127144218,2,1,COMPLETE
6814,51.78,2025-01-22 11:10:52.362477,2025-01-22 11:11:37.228095,0 days 00:00:44.865618,1.3861380720962597,0.9215696924720312,0.40916443266632124,69,3,COMPLETE
6815,52.33,2025-01-22 11:10:55.670964,2025-01-22 11:11:09.991666,0 days 00:00:14.320702,1.3695665125209913,1.7694229223518552,0.4030569620594643,4,1,COMPLETE
6816,50.38,2025-01-22 11:11:10.172651,2025-01-22 11:11:25.685749,0 days 00:00:15.513098,1.6762798141481237,0.9508849456526972,0.28800282061048316,6,5,COMPLETE
6817,52.35999999999999,2025-01-22 11:11:25.863904,2025-01-22 11:11:40.268289,0 days 00:00:14.404385,1.2513829637451004,1.157636426649146,0.42944949976033875,4,1,COMPLETE
6818,51.959999999999994,2025-01-22 11:11:37.408067,2025-01-22 11:11:52.007839,0 days 00:00:14.599772,1.1860187719130544,1.1949069916229704,0.3459972846221136,4,1,COMPLETE
6819,51.65,2025-01-22 11:11:40.422338,2025-01-22 11:11:54.509226,0 days 00:00:14.086888,1.8737390875161857,1.5798722026265146,0.3389880076346032,2,1,COMPLETE
6820,51.2,2025-01-22 11:11:52.170084,2025-01-22 11:12:06.001437,0 days 00:00:13.831353,1.8573323595883844,1.5863901090561083,0.6168129127782658,2,1,COMPLETE
6821,51.07000000000001,2025-01-22 11:11:54.871261,2025-01-22 11:12:10.464986,0 days 00:00:15.593725,0.957693414060398,1.8733661394206134,0.5616233809093617,6,1,COMPLETE
6822,52.019999999999996,2025-01-22 11:12:06.182647,2025-01-22 11:12:21.679662,0 days 00:00:15.497015,0.9388785084295088,1.946433840476083,0.4846471233008387,6,1,COMPLETE
6823,50.129999999999995,2025-01-22 11:12:10.642013,2025-01-22 11:12:26.688456,0 days 00:00:16.046443,0.9449499293520238,0.04168837034183004,0.48001604425363825,8,7,COMPLETE
6824,52.27,2025-01-22 11:12:22.052047,2025-01-22 11:12:36.917119,0 days 00:00:14.865072,0.6884232218981532,1.3994578054800821,0.39318043219218923,4,1,COMPLETE
6825,48.15,2025-01-22 11:12:26.876388,2025-01-22 11:12:41.889909,0 days 00:00:15.013521,0.7443995111137759,2.4996508156266155,0.24848024021126675,4,1,COMPLETE
6826,51.73,2025-01-22 11:12:37.301366,2025-01-22 11:12:51.034849,0 days 00:00:13.733483,1.5022489357472026,2.375325895854836,0.28712374202587476,2,1,COMPLETE
6827,38.54,2025-01-22 11:12:42.060803,2025-01-22 11:12:56.070786,0 days 00:00:14.009983,1.4929685085910265,1.1231824313005168,0.07185846511881296,2,1,COMPLETE
6828,48.870000000000005,2025-01-22 11:12:51.226395,2025-01-22 11:13:05.382328,0 days 00:00:14.155933,1.1377999427712164,0.6482947018220182,0.718387304185316,2,1,COMPLETE
6829,48.66,2025-01-22 11:12:56.247984,2025-01-22 11:13:14.529923,0 days 00:00:18.281939,1.1453126172792394,0.6685103846296606,0.7314237432308162,12,2,COMPLETE
6830,52.38,2025-01-22 11:13:05.563270,2025-01-22 11:13:23.334711,0 days 00:00:17.771441,1.09212257988172,1.484642736380745,0.4344148045921594,12,2,COMPLETE
6831,52.17,2025-01-22 11:13:14.977639,2025-01-22 11:13:30.406321,0 days 00:00:15.428682,1.3159001767344733,1.5540237167991329,0.4393762074076151,5,1,COMPLETE
6832,0.5,2025-01-22 11:13:23.542087,2025-01-22 11:13:39.501035,0 days 00:00:15.958948,0.01650271015542548,1.0583420319608743,0.3754684239900621,5,1,COMPLETE
6833,39.410000000000004,2025-01-22 11:13:30.650586,2025-01-22 11:13:45.318125,0 days 00:00:14.667539,0.09117525631564441,1.0604740091903337,0.3575928132789776,4,1,COMPLETE
6834,23.69,2025-01-22 11:13:39.674764,2025-01-22 11:14:11.986878,0 days 00:00:32.312114,0.8135645358317215,1.2197420429018881,0.003925142950255278,46,3,COMPLETE
6835,51.580000000000005,2025-01-22 11:13:45.493394,2025-01-22 11:14:19.995613,0 days 00:00:34.502219,0.8036998157968637,1.3057246072569948,0.31134604144539696,55,3,COMPLETE
6836,51.25999999999999,2025-01-22 11:14:12.144577,2025-01-22 11:14:28.111985,0 days 00:00:15.967408,0.9571071182471049,1.7256292817902132,0.5486778060693026,7,1,COMPLETE
6837,51.39,2025-01-22 11:14:20.184364,2025-01-22 11:14:36.477650,0 days 00:00:16.293286,1.0087375879800757,1.784015921082489,0.5317544708335695,7,1,COMPLETE
6838,52.53,2025-01-22 11:14:28.456184,2025-01-22 11:14:41.834469,0 days 00:00:13.378285,1.3387511247126134,2.0050706712085744,0.4996457997638115,2,1,COMPLETE
6839,52.800000000000004,2025-01-22 11:14:36.773421,2025-01-22 11:14:50.976393,0 days 00:00:14.202972,1.306787275828903,1.3628981366837813,0.46830057914655115,2,1,COMPLETE
6840,50.94,2025-01-22 11:14:42.026167,2025-01-22 11:14:56.611373,0 days 00:00:14.585206,1.6773714509360427,0.8387414134074468,0.6239634396805569,4,1,COMPLETE
6841,50.849999999999994,2025-01-22 11:14:51.357115,2025-01-22 11:15:05.874613,0 days 00:00:14.517498,1.6218495162218776,0.8944722430619821,0.6230945394238167,4,1,COMPLETE
6842,51.18000000000001,2025-01-22 11:14:56.781128,2025-01-22 11:15:13.745707,0 days 00:00:16.964579,2.1737433624525666,1.5617544272726043,0.37059038254640836,9,2,COMPLETE
6843,4.3,2025-01-22 11:15:06.088675,2025-01-22 11:15:21.807541,0 days 00:00:15.718866,0.06211866195212901,1.5442716386126893,0.3980262511885856,6,1,COMPLETE
6844,0.5,2025-01-22 11:15:14.034983,2025-01-22 11:15:30.232686,0 days 00:00:16.197703,0.008398254433619556,1.3003291577152736,0.31143907315344244,4,1,COMPLETE
6845,51.910000000000004,2025-01-22 11:15:22.099157,2025-01-22 11:15:35.614587,0 days 00:00:13.515430,1.146911035700977,1.2393443386920175,0.29511432260128645,2,1,COMPLETE
