number,value,datetime_start,datetime_complete,duration,params_gamma_1,params_gamma_2,params_lambda,params_n_clusters,params_n_neighbors,state
1210,52.21,2025-01-21 22:15:00.733783,2025-01-21 22:15:16.085189,0 days 00:00:15.351406,0.7264491693246069,0.9161240692872388,0.3851198299498667,5,1,COMPLETE
1211,51.42,2025-01-21 22:15:09.660104,2025-01-21 22:15:24.733993,0 days 00:00:15.073889,0.5382642382459878,1.0405945106331214,0.4837058417462286,5,1,COMPLETE
1212,52.59,2025-01-21 22:15:16.170949,2025-01-21 22:15:27.905663,0 days 00:00:11.734714,1.112956911082231,1.031155117953803,0.5040640641795457,1,1,COMPLETE
1213,48.83,2025-01-21 22:15:24.889759,2025-01-21 22:15:36.816602,0 days 00:00:11.926843,1.1123265828110322,1.0332099334696687,0.747083367915473,1,1,COMPLETE
1214,48.41,2025-01-21 22:15:27.997315,2025-01-21 22:15:41.887562,0 days 00:00:13.890247,1.0554280111836685,0.9159599037703577,0.7255550290798845,3,1,COMPLETE
1215,52.05,2025-01-21 22:15:37.181503,2025-01-21 22:15:51.369181,0 days 00:00:14.187678,0.8417328880421873,0.8784252764148052,0.3513406569341268,3,1,COMPLETE
1216,51.6,2025-01-21 22:15:41.969106,2025-01-21 22:15:56.000081,0 days 00:00:14.030975,0.9184150558075735,0.7859576353776981,0.32931982257333486,4,3,COMPLETE
1217,49.93,2025-01-21 22:15:51.453861,2025-01-21 22:16:03.764834,0 days 00:00:12.310973,0.986558297487604,0.0040314223515975165,0.4147373331026652,1,1,COMPLETE
1218,0.5,2025-01-21 22:15:56.085237,2025-01-21 22:16:09.407074,0 days 00:00:13.321837,0.03200536955566045,1.169493851161213,0.4175353019866589,1,1,COMPLETE
1219,51.73,2025-01-21 22:16:03.850686,2025-01-21 22:16:19.715725,0 days 00:00:15.865039,0.6058617613477698,1.139430148946066,0.4820335103753907,5,1,COMPLETE
1220,51.239999999999995,2025-01-21 22:16:09.515878,2025-01-21 22:16:24.114557,0 days 00:00:14.598679,1.2373334984542839,1.1428979190103796,0.5897873485119135,5,1,COMPLETE
1221,49.35,2025-01-21 22:16:19.988345,2025-01-21 22:16:34.187100,0 days 00:00:14.198755,1.2375965814101413,0.009135198381871,0.2786721772745664,3,1,COMPLETE
1222,51.339999999999996,2025-01-21 22:16:24.211938,2025-01-21 22:16:36.577511,0 days 00:00:12.365573,0.7818621394467082,0.6509777094182532,0.2875400616502293,1,1,COMPLETE
1223,52.03,2025-01-21 22:16:34.288055,2025-01-21 22:16:46.646537,0 days 00:00:12.358482,0.7410006046397188,0.6490037644085127,0.5008204985772735,1,1,COMPLETE
1224,49.81,2025-01-21 22:16:36.875354,2025-01-21 22:16:50.625498,0 days 00:00:13.750144,1.5359520778937001,1.2985717343796666,0.22293158586891915,3,1,COMPLETE
1225,49.75,2025-01-21 22:16:46.769974,2025-01-21 22:17:00.930747,0 days 00:00:14.160773,1.450963525843683,1.3120048894145198,0.22372217329058294,3,1,COMPLETE
1226,50.64999999999999,2025-01-21 22:16:50.709129,2025-01-21 22:17:07.385352,0 days 00:00:16.676223,1.0323887020064444,1.0207917303712062,0.6038389222879347,9,2,COMPLETE
1227,50.81,2025-01-21 22:17:01.069721,2025-01-21 22:17:16.852176,0 days 00:00:15.782455,1.048635659643623,0.9943745977547921,0.6154173101425866,8,2,COMPLETE
1228,51.949999999999996,2025-01-21 22:17:07.479047,2025-01-21 22:17:22.864073,0 days 00:00:15.385026,1.214065691327553,0.7997464808337542,0.42666892144166985,7,1,COMPLETE
1229,52.32,2025-01-21 22:17:17.055062,2025-01-21 22:17:31.827279,0 days 00:00:14.772217,1.1654933688100864,2.0226584522852105,0.4214597464816687,6,1,COMPLETE
1230,8.14,2025-01-21 22:17:23.094425,2025-01-21 22:17:38.566541,0 days 00:00:15.472116,0.0010028107224235242,0.0011669615271034607,0.3532094758445105,5,1,COMPLETE
1231,52.51,2025-01-21 22:17:31.922465,2025-01-21 22:17:46.088758,0 days 00:00:14.166293,0.9343588125580646,1.5507702803557182,0.3717619670775527,3,1,COMPLETE
1232,51.94,2025-01-21 22:17:38.815053,2025-01-21 22:17:53.049522,0 days 00:00:14.234469,0.840076450587538,1.5488874778224708,0.5098879530577849,3,1,COMPLETE
1233,52.07000000000001,2025-01-21 22:17:46.183348,2025-01-21 22:17:58.875527,0 days 00:00:12.692179,0.8072176566683701,1.2303986357310672,0.5080001724183716,1,1,COMPLETE
1234,52.349999999999994,2025-01-21 22:17:53.232077,2025-01-21 22:18:05.401726,0 days 00:00:12.169649,1.6834862870977574,1.1682342766800349,0.48408675914378246,1,1,COMPLETE
1235,50.46000000000001,2025-01-21 22:17:58.966173,2025-01-21 22:18:11.350833,0 days 00:00:12.384660,1.6889007967771943,0.3102323379345565,0.3430447528343487,1,1,COMPLETE
1236,51.970000000000006,2025-01-21 22:18:05.489296,2025-01-21 22:18:20.253729,0 days 00:00:14.764433,1.396678374033888,2.005972028951586,0.3398173640011428,4,1,COMPLETE
1237,52.21,2025-01-21 22:18:11.436017,2025-01-21 22:18:26.439034,0 days 00:00:15.003017,1.3220073874130476,1.8938592655534947,0.40976522668598897,5,1,COMPLETE
1238,51.72,2025-01-21 22:18:20.375041,2025-01-21 22:18:34.437178,0 days 00:00:14.062137,2.12018580303347,1.719160799025257,0.43056834770091973,3,1,COMPLETE
1239,23.61,2025-01-21 22:18:26.539397,2025-01-21 22:18:40.568375,0 days 00:00:14.028978,1.0507413906998582,1.334112196644898,0.002317516045534653,3,1,COMPLETE
1240,51.800000000000004,2025-01-21 22:18:34.527714,2025-01-21 22:18:46.932546,0 days 00:00:12.404832,0.9586385188609543,1.3209954768481242,0.5574704085978178,1,1,COMPLETE
1241,51.910000000000004,2025-01-21 22:18:40.696805,2025-01-21 22:18:52.876286,0 days 00:00:12.179481,1.1428665148755521,0.8554194143839032,0.5492503803794055,1,1,COMPLETE
1242,48.11,2025-01-21 22:18:47.023489,2025-01-21 22:19:02.588791,0 days 00:00:15.565302,0.6760492283998157,0.998808598234224,0.692116059664794,6,1,COMPLETE
1243,51.07000000000001,2025-01-21 22:18:52.974290,2025-01-21 22:19:07.588868,0 days 00:00:14.614578,0.6241995567645992,1.0130894050747956,0.30930814964432873,5,1,COMPLETE
1244,51.849999999999994,2025-01-21 22:19:02.679107,2025-01-21 22:19:16.847966,0 days 00:00:14.168859,1.2566123301549972,1.4509027653718782,0.3132819993241277,4,1,COMPLETE
1245,0.51,2025-01-21 22:19:07.692531,2025-01-21 22:19:22.691122,0 days 00:00:14.998591,0.008574205383303139,1.5195087842499817,0.4378612226391453,3,1,COMPLETE
1246,52.480000000000004,2025-01-21 22:19:16.934351,2025-01-21 22:19:30.959371,0 days 00:00:14.025020,1.0126214836668164,1.1848768460612196,0.4611504426098198,3,1,COMPLETE
1247,52.73,2025-01-21 22:19:22.881847,2025-01-21 22:19:34.999632,0 days 00:00:12.117785,0.8805152061654363,1.1850099268170209,0.4621689228810324,1,1,COMPLETE
1248,52.690000000000005,2025-01-21 22:19:31.047181,2025-01-21 22:19:43.099136,0 days 00:00:12.051955,1.4952868645322501,1.7639500961290182,0.3840232744125174,1,1,COMPLETE
1249,31.65,2025-01-21 22:19:35.110754,2025-01-21 22:19:47.342233,0 days 00:00:12.231479,0.44343707974570606,1.727189928801508,0.08591325999384619,1,1,COMPLETE
1250,50.260000000000005,2025-01-21 22:19:43.321951,2025-01-21 22:19:55.435339,0 days 00:00:12.113388,0.7957126127881342,2.026692279121914,0.26517518507994403,1,1,COMPLETE
1251,48.370000000000005,2025-01-21 22:19:47.446261,2025-01-21 22:20:03.802451,0 days 00:00:16.356190,0.5890190310371622,2.0439720255429656,0.6367084916839156,7,1,COMPLETE
1252,46.68,2025-01-21 22:19:55.523172,2025-01-21 22:20:10.846394,0 days 00:00:15.323222,0.36644176515499194,1.3956137940650315,0.6501769666912305,6,1,COMPLETE
1253,50.980000000000004,2025-01-21 22:20:03.968080,2025-01-21 22:20:20.907357,0 days 00:00:16.939277,0.6909943588489089,1.3855573384768463,0.5464552023164806,9,2,COMPLETE
1254,51.62,2025-01-21 22:20:10.947867,2025-01-21 22:20:24.834118,0 days 00:00:13.886251,0.5239596211462135,1.4899257560987957,0.37982758203604977,3,1,COMPLETE
1255,52.43,2025-01-21 22:20:21.052975,2025-01-21 22:20:35.297129,0 days 00:00:14.244154,0.8390719419618003,1.1929839125007702,0.38373146636620953,3,1,COMPLETE
1256,51.99,2025-01-21 22:20:24.923287,2025-01-21 22:20:39.413685,0 days 00:00:14.490398,0.7930876705006424,1.1902719204835601,0.4799126573263111,4,3,COMPLETE
1257,27.12,2025-01-21 22:20:35.383417,2025-01-21 22:20:47.007226,0 days 00:00:11.623809,0.7568973894680178,0.06447942435170916,0.025303213083743458,1,1,COMPLETE
1258,51.5,2025-01-21 22:20:39.512885,2025-01-21 22:21:23.222833,0 days 00:00:43.709948,0.8391524554767412,1.7382460376814313,0.5495986025133691,1,1,COMPLETE
1259,51.449999999999996,2025-01-21 22:20:47.119527,2025-01-21 22:21:01.302511,0 days 00:00:14.182984,0.8884127004774306,1.6905809114979529,0.5404114908354916,5,1,COMPLETE
1260,47.699999999999996,2025-01-21 22:21:01.420574,2025-01-21 22:21:12.705723,0 days 00:00:11.285149,0.9419462461671854,0.7519148932696961,0.7782031620003473,1,1,COMPLETE
1261,50.57000000000001,2025-01-21 22:21:12.796267,2025-01-21 22:21:26.541612,0 days 00:00:13.745345,0.6058227242192515,2.0958399333938926,0.33180754203229224,3,1,COMPLETE
1262,41.760000000000005,2025-01-21 22:21:23.311288,2025-01-21 22:21:37.162934,0 days 00:00:13.851646,0.23401246167813733,2.164015496521052,0.3236611072206904,3,1,COMPLETE
1263,50.690000000000005,2025-01-21 22:21:26.641596,2025-01-21 22:21:41.041384,0 days 00:00:14.399788,1.1548130779804302,0.03399277842459547,0.4384736691818646,5,1,COMPLETE
1264,52.190000000000005,2025-01-21 22:21:37.249729,2025-01-21 22:21:52.264712,0 days 00:00:15.014983,1.1754531114451887,0.97829724622409,0.4275473623058396,5,1,COMPLETE
1265,52.52,2025-01-21 22:21:41.145648,2025-01-21 22:21:55.136123,0 days 00:00:13.990475,0.998143629944674,1.0464556269897514,0.4039042232912169,3,1,COMPLETE
1266,52.75,2025-01-21 22:21:52.351968,2025-01-21 22:22:04.665303,0 days 00:00:12.313335,0.966005330261531,1.3388383718016765,0.4717325499371904,1,1,COMPLETE
1267,52.190000000000005,2025-01-21 22:21:55.246270,2025-01-21 22:22:07.101372,0 days 00:00:11.855102,0.6886298925136916,1.281652009983681,0.47048051915702815,1,1,COMPLETE
1268,50.29,2025-01-21 22:22:04.754908,2025-01-21 22:22:19.993060,0 days 00:00:15.238152,1.3467051242323727,0.8894919385758349,0.648176628559763,7,1,COMPLETE
1269,50.07,2025-01-21 22:22:07.200707,2025-01-21 22:22:22.752929,0 days 00:00:15.552222,1.3892996844883891,0.7947484976807604,0.6766131491611911,8,1,COMPLETE
1270,51.65,2025-01-21 22:22:20.099835,2025-01-21 22:22:34.082847,0 days 00:00:13.983012,1.5966745242587803,1.115043674009252,0.57201235754452,3,1,COMPLETE
1271,45.300000000000004,2025-01-21 22:22:22.841554,2025-01-21 22:22:36.570277,0 days 00:00:13.728723,1.115974432746533,1.1401551227582405,0.8791410077692561,3,1,COMPLETE
1272,51.11,2025-01-21 22:22:34.179761,2025-01-21 22:23:20.220336,0 days 00:00:46.040575,2.422786641113379,1.2900422213586566,0.5096242167520931,3,1,COMPLETE
1273,51.73,2025-01-21 22:22:36.653635,2025-01-21 22:22:50.854295,0 days 00:00:14.200660,0.8959536820660055,1.3556438093324503,0.5220677423124811,5,1,COMPLETE
1274,51.629999999999995,2025-01-21 22:22:50.936650,2025-01-21 22:23:02.403248,0 days 00:00:11.466598,1.2359258298394595,0.91241011565111,0.5824698522242026,1,1,COMPLETE
1275,51.27,2025-01-21 22:23:02.502734,2025-01-21 22:23:16.371394,0 days 00:00:13.868660,2.2424690737393274,1.301898583233637,0.4749559444438005,3,1,COMPLETE
1276,47.55,2025-01-21 22:23:16.466297,2025-01-21 22:23:28.238845,0 days 00:00:11.772548,1.045427349141178,1.4747335193290851,0.791934714599096,1,1,COMPLETE
1277,48.809999999999995,2025-01-21 22:23:20.310095,2025-01-21 22:23:31.793381,0 days 00:00:11.483286,3.3990666523316126,1.013043848228794,0.6179913825459,1,1,COMPLETE
1278,50.839999999999996,2025-01-21 22:23:28.381376,2025-01-21 22:23:43.807896,0 days 00:00:15.426520,1.8366527211774493,1.111974238759337,0.6044916051673458,5,1,COMPLETE
1279,51.0,2025-01-21 22:23:31.926566,2025-01-21 22:23:46.341978,0 days 00:00:14.415412,1.8710606930152414,0.6045648500741168,0.4698912356280614,5,1,COMPLETE
1280,52.239999999999995,2025-01-21 22:23:43.893827,2025-01-21 22:23:59.961734,0 days 00:00:16.067907,0.7874898926023339,0.8265355476785661,0.47435751876660026,9,2,COMPLETE
1281,51.54,2025-01-21 22:23:46.478646,2025-01-21 22:24:02.819292,0 days 00:00:16.340646,0.6986286391095239,0.0894660651382851,0.49082525769558166,9,1,COMPLETE
1282,50.79,2025-01-21 22:24:00.062887,2025-01-21 22:24:14.276185,0 days 00:00:14.213298,1.423473314815164,0.14872299023775978,0.4041845298054748,3,1,COMPLETE
1283,52.480000000000004,2025-01-21 22:24:02.915019,2025-01-21 22:24:16.616912,0 days 00:00:13.701893,1.490341827248461,1.596883263203769,0.3937989177735104,3,1,COMPLETE
1284,24.11,2025-01-21 22:24:14.378028,2025-01-21 22:24:30.606919,0 days 00:00:16.228891,0.9659438051064213,1.674449395378875,0.006181479074663891,1,1,COMPLETE
1285,51.73,2025-01-21 22:24:16.801313,2025-01-21 22:24:28.260532,0 days 00:00:11.459219,1.056122821712434,1.193956639481923,0.5637782052559659,1,1,COMPLETE
1286,48.13,2025-01-21 22:24:28.376189,2025-01-21 22:24:43.409899,0 days 00:00:15.033710,0.9136176761473647,1.5015657274498346,0.7284762201145893,6,1,COMPLETE
1287,49.6,2025-01-21 22:24:30.825154,2025-01-21 22:24:46.117783,0 days 00:00:15.292629,1.207995652660697,0.9495239553478696,0.6821497353663372,6,1,COMPLETE
1288,52.21,2025-01-21 22:24:43.507209,2025-01-21 22:24:57.836338,0 days 00:00:14.329129,1.221706288974787,0.9836360422682536,0.42809713165144314,4,3,COMPLETE
1289,36.59,2025-01-21 22:24:46.191070,2025-01-21 22:25:00.162753,0 days 00:00:13.971683,1.2450678385165794,1.305611701802303,0.0629544854264765,4,3,COMPLETE
1290,51.839999999999996,2025-01-21 22:24:57.951036,2025-01-21 22:25:10.066321,0 days 00:00:12.115285,0.7975153694238133,1.2325739536128757,0.5296519217724782,1,1,COMPLETE
1291,52.05,2025-01-21 22:25:00.370075,2025-01-21 22:25:12.330075,0 days 00:00:11.960000,0.7963881658819678,1.9224874254666733,0.5163977135752835,1,1,COMPLETE
1292,52.53,2025-01-21 22:25:10.169283,2025-01-21 22:25:24.329911,0 days 00:00:14.160628,1.0329846587374099,1.8307301893266879,0.3794034905124354,3,1,COMPLETE
1293,52.31,2025-01-21 22:25:12.569630,2025-01-21 22:25:35.411061,0 days 00:00:22.841431,1.0322042831486464,0.6951146108157862,0.38260782271518534,3,1,COMPLETE
1294,51.519999999999996,2025-01-21 22:25:24.449603,2025-01-21 22:25:45.360592,0 days 00:00:20.910989,1.565275386903295,0.7850931955987843,0.4666864013572282,7,1,COMPLETE
1295,52.6,2025-01-21 22:25:35.510319,2025-01-21 22:25:46.964705,0 days 00:00:11.454386,1.5719775691458904,1.538349382742994,0.49268192194959437,1,1,COMPLETE
1296,51.51,2025-01-21 22:25:45.459584,2025-01-21 22:25:58.901952,0 days 00:00:13.442368,1.331556469478435,1.464480051385297,0.5913293944300843,1,1,COMPLETE
1297,50.690000000000005,2025-01-21 22:25:47.270675,2025-01-21 22:26:02.423193,0 days 00:00:15.152518,0.6418219589786152,0.0016406087384972909,0.4283140412107083,5,1,COMPLETE
1298,51.9,2025-01-21 22:25:59.019927,2025-01-21 22:26:13.132754,0 days 00:00:14.112827,0.565416040532933,1.1662677837826445,0.42621128963423577,4,1,COMPLETE
1299,51.81,2025-01-21 22:26:02.508003,2025-01-21 22:26:20.928977,0 days 00:00:18.420974,0.5489434959271139,1.1234230084749808,0.36650561443952495,3,1,COMPLETE
1300,52.11,2025-01-21 22:26:13.231086,2025-01-21 22:26:35.886272,0 days 00:00:22.655186,0.9033205511888668,1.0059750748088974,0.3385956866244073,3,1,COMPLETE
1301,51.29,2025-01-21 22:26:21.035013,2025-01-21 22:27:08.339891,0 days 00:00:47.304878,0.9091530038558951,0.9308892131596238,0.2911106341316896,83,3,COMPLETE
1302,50.690000000000005,2025-01-21 22:26:35.988250,2025-01-21 22:26:51.519431,0 days 00:00:15.531181,1.0818491013751064,1.752723745182815,0.5875999618965173,7,1,COMPLETE
1303,34.46,2025-01-21 22:26:51.614509,2025-01-21 22:27:03.112061,0 days 00:00:11.497552,1.375795504617783,1.3913832488134559,0.05019081318247972,1,1,COMPLETE
1304,52.17,2025-01-21 22:27:03.213533,2025-01-21 22:27:17.676345,0 days 00:00:14.462812,1.1510657010748164,0.8228630114974517,0.4473281823126387,5,1,COMPLETE
1305,51.99,2025-01-21 22:27:08.439891,2025-01-21 22:27:22.992429,0 days 00:00:14.552538,1.1673906951452973,2.152347299879816,0.5001254387020172,5,1,COMPLETE
1306,0.5,2025-01-21 22:27:17.799254,2025-01-21 22:27:32.928073,0 days 00:00:15.128819,0.019477196682319894,1.3578398357797057,0.5298701719092936,3,1,COMPLETE
1307,48.82,2025-01-21 22:27:23.097698,2025-01-21 22:27:40.919009,0 days 00:00:17.821311,0.7575321239734065,1.457886048281561,0.67623387669914,1,1,COMPLETE
1310,41.43,2025-01-21 22:30:01.093982,2025-01-21 22:30:18.460674,0 days 00:00:17.366692,0.9488532219683059,1.7331414491740238,0.1102253727999338,6,1,COMPLETE
1311,51.43,2025-01-21 22:30:02.346211,2025-01-21 22:30:18.984087,0 days 00:00:16.637876,1.7162406608984384,1.210194239740261,0.37028207784944583,6,1,COMPLETE
1312,51.300000000000004,2025-01-21 22:30:18.582899,2025-01-21 22:30:33.298444,0 days 00:00:14.715545,1.834052552962572,1.1141189073768654,0.3993219116923125,5,1,COMPLETE
1313,52.07000000000001,2025-01-21 22:30:19.100696,2025-01-21 22:30:33.800651,0 days 00:00:14.699955,1.3050137405378,1.0759318467205907,0.42381081554168043,5,1,COMPLETE
1314,51.67,2025-01-21 22:30:33.409056,2025-01-21 22:30:52.612897,0 days 00:00:19.203841,1.3561416718849653,2.068190369956252,0.32049409168894966,5,1,COMPLETE
1315,51.51,2025-01-21 22:30:33.924326,2025-01-21 22:30:51.458298,0 days 00:00:17.533972,1.0968966431307978,2.111017856622859,0.31161088162054157,5,1,COMPLETE
1316,50.39,2025-01-21 22:30:51.553922,2025-01-21 22:31:08.028831,0 days 00:00:16.474909,0.8793217326978875,1.7549074062049912,0.5916258942341992,7,1,COMPLETE
1317,50.449999999999996,2025-01-21 22:30:52.748414,2025-01-21 22:31:08.098350,0 days 00:00:15.349936,0.8649492549696474,1.5261294276596564,0.5911107625591445,7,1,COMPLETE
1318,52.07000000000001,2025-01-21 22:31:08.157437,2025-01-21 22:31:23.456676,0 days 00:00:15.299239,0.6878349413930288,1.2926002042315603,0.47482837356516255,4,1,COMPLETE
1319,52.43,2025-01-21 22:31:08.219268,2025-01-21 22:31:23.432627,0 days 00:00:15.213359,0.6741431109300764,0.8634731995592163,0.4520964835879358,4,1,COMPLETE
1320,51.690000000000005,2025-01-21 22:31:23.542556,2025-01-21 22:31:38.295806,0 days 00:00:14.753250,1.5075001701869069,1.5643664336632113,0.3596645068549723,5,1,COMPLETE
1321,46.93,2025-01-21 22:31:23.577347,2025-01-21 22:31:37.633576,0 days 00:00:14.056229,1.0581406070843624,0.7011086358414382,0.8083905449154014,4,1,COMPLETE
1322,43.45,2025-01-21 22:31:37.749384,2025-01-21 22:31:52.220174,0 days 00:00:14.470790,1.469227030399166,1.5645757671323157,1.002847778704964,4,1,COMPLETE
1323,50.78,2025-01-21 22:31:38.408363,2025-01-21 22:31:55.943935,0 days 00:00:17.535572,1.2356083029546119,1.0197736429492748,0.26842017275811303,9,2,COMPLETE
1324,50.81,2025-01-21 22:31:52.325890,2025-01-21 22:32:08.906560,0 days 00:00:16.580670,1.230391342681806,1.2705537133092788,0.2636768421117074,9,2,COMPLETE
1325,51.739999999999995,2025-01-21 22:31:56.038664,2025-01-21 22:32:10.311954,0 days 00:00:14.273290,0.98215161723664,1.3555816960138938,0.5263689925553526,4,1,COMPLETE
1326,51.970000000000006,2025-01-21 22:32:09.023744,2025-01-21 22:32:23.562571,0 days 00:00:14.538827,0.9859617032329584,1.861869215087721,0.5101636267426432,4,1,COMPLETE
1327,51.88,2025-01-21 22:32:10.565831,2025-01-21 22:32:27.057471,0 days 00:00:16.491640,0.7902107943853729,1.8419623534550216,0.40823873748306044,7,1,COMPLETE
1328,52.27,2025-01-21 22:32:23.665595,2025-01-21 22:32:39.464261,0 days 00:00:15.798666,0.8343859796043627,0.9302435237910018,0.4129168825671293,7,1,COMPLETE
1329,49.51,2025-01-21 22:32:27.175548,2025-01-21 22:32:41.433771,0 days 00:00:14.258223,2.125678277045695,1.1027288135058528,0.6899408632420359,4,1,COMPLETE
1330,49.480000000000004,2025-01-21 22:32:39.578586,2025-01-21 22:32:53.458799,0 days 00:00:13.880213,1.1036213914268083,0.5511708539215593,0.6961362119475124,4,1,COMPLETE
1331,46.48,2025-01-21 22:32:41.756551,2025-01-21 22:32:56.176801,0 days 00:00:14.420250,0.16945613254492525,0.590144962660576,0.3486650241957016,4,1,COMPLETE
1332,51.94,2025-01-21 22:32:53.559905,2025-01-21 22:33:07.833937,0 days 00:00:14.274032,1.5115522380268829,2.2234694557734276,0.3441101852016658,4,1,COMPLETE
1333,51.910000000000004,2025-01-21 22:32:56.299504,2025-01-21 22:33:16.327891,0 days 00:00:20.028387,1.725969626980896,2.2110208111417506,0.45827718790637323,6,1,COMPLETE
1334,52.26,2025-01-21 22:33:07.935640,2025-01-21 22:33:23.296208,0 days 00:00:15.360568,1.2484284460115331,1.3156158789510202,0.44760636585973507,6,1,COMPLETE
1335,51.55,2025-01-21 22:33:16.547086,2025-01-21 22:33:31.145007,0 days 00:00:14.597921,1.1611637650863509,1.3104014922452114,0.5693430535254828,4,1,COMPLETE
1336,51.72,2025-01-21 22:33:23.521892,2025-01-21 22:34:14.040439,0 days 00:00:50.518547,1.0679023460994292,1.1405005180849772,0.5522051603252801,4,1,COMPLETE
1337,52.54,2025-01-21 22:33:31.454547,2025-01-21 22:33:48.610355,0 days 00:00:17.155808,0.9515280179579011,1.5928637722032901,0.3787810942365916,4,1,COMPLETE
1338,51.62,2025-01-21 22:33:48.750850,2025-01-21 22:34:02.833667,0 days 00:00:14.082817,0.7339999295070683,0.8046034980641414,0.5239598909972734,4,1,COMPLETE
1339,51.41,2025-01-21 22:34:02.942097,2025-01-21 22:34:17.216783,0 days 00:00:14.274686,1.3508485999052169,1.0995985524071612,0.3095405898954973,4,1,COMPLETE
1340,51.27,2025-01-21 22:34:14.144558,2025-01-21 22:34:30.149343,0 days 00:00:16.004785,1.3905749586449039,0.9888702570246426,0.31305169922543374,7,1,COMPLETE
1341,52.33,2025-01-21 22:34:17.334441,2025-01-21 22:34:32.621825,0 days 00:00:15.287384,0.8134369739691165,1.6879222204336295,0.4483403474986894,6,1,COMPLETE
1342,52.370000000000005,2025-01-21 22:34:30.260540,2025-01-21 22:34:44.842354,0 days 00:00:14.581814,0.960071469822942,1.756871308619095,0.4303722246668128,6,1,COMPLETE
1343,40.22,2025-01-21 22:34:32.738945,2025-01-21 22:34:51.785605,0 days 00:00:19.046660,0.11540389138163275,1.4278752781232533,0.3960598243518113,4,1,COMPLETE
1344,52.31,2025-01-21 22:34:44.922163,2025-01-21 22:35:03.340495,0 days 00:00:18.418332,1.1314425804822974,1.4417261269694448,0.3721381210409528,4,1,COMPLETE
1345,51.12,2025-01-21 22:34:51.880337,2025-01-21 22:35:06.784595,0 days 00:00:14.904258,1.6925095449105914,0.9371182210960473,0.49514488672649637,4,3,COMPLETE
