number,value,datetime_start,datetime_complete,duration,params_gamma_1,params_gamma_2,params_lambda,params_n_clusters,params_n_neighbors,state
5775,52.12,2025-01-22 08:47:36.894447,2025-01-22 08:47:50.501545,0 days 00:00:13.607098,1.5681303715713888,1.2094399509207188,0.3572089128597286,2,1,COMPLETE
5776,52.61,2025-01-22 08:47:45.732518,2025-01-22 08:47:59.153464,0 days 00:00:13.420946,0.7317970205328427,1.2463471151947096,0.41749247121561717,2,1,COMPLETE
5777,52.44,2025-01-22 08:47:50.699936,2025-01-22 08:48:05.643809,0 days 00:00:14.943873,0.910847532036864,1.655094512328509,0.42668719347047923,4,1,COMPLETE
5778,51.81,2025-01-22 08:47:59.364121,2025-01-22 08:48:14.236362,0 days 00:00:14.872241,0.9474392830433521,1.7062977705286675,0.3222313836578928,4,1,COMPLETE
5779,51.800000000000004,2025-01-22 08:48:05.846152,2025-01-22 08:48:20.824821,0 days 00:00:14.978669,1.191746535065576,1.7431086278800871,0.3099688118844656,4,1,COMPLETE
5780,50.519999999999996,2025-01-22 08:48:14.414731,2025-01-22 08:48:28.618114,0 days 00:00:14.203383,1.206358077015048,0.9259004543856071,0.2517619220922659,2,1,COMPLETE
5781,50.81,2025-01-22 08:48:21.198919,2025-01-22 08:48:34.879922,0 days 00:00:13.681003,1.3049345782475739,0.9337903784641507,0.6257253899304904,2,1,COMPLETE
5782,48.88,2025-01-22 08:48:29.062218,2025-01-22 08:48:44.740006,0 days 00:00:15.677788,0.6019699229499501,1.4193939265101194,0.6369083004118867,6,1,COMPLETE
5783,51.459999999999994,2025-01-22 08:48:35.056183,2025-01-22 08:48:50.178093,0 days 00:00:15.121910,0.5704350251453004,1.4130047947216973,0.49619077370258624,6,1,COMPLETE
5784,51.21,2025-01-22 08:48:44.948132,2025-01-22 08:49:00.007000,0 days 00:00:15.058868,0.995421361277648,0.07581146053012688,0.47091948580709203,5,1,COMPLETE
5785,51.85999999999999,2025-01-22 08:48:50.370397,2025-01-22 08:49:05.034176,0 days 00:00:14.663779,1.8624541662447849,4.594462545745617,0.45824815409622016,4,1,COMPLETE
5786,52.400000000000006,2025-01-22 08:49:00.161683,2025-01-22 08:49:13.874359,0 days 00:00:13.712676,1.4257308192898954,1.071265677132194,0.3965838722479523,2,1,COMPLETE
5787,52.52,2025-01-22 08:49:05.247065,2025-01-22 08:49:19.127356,0 days 00:00:13.880291,1.4067706989462399,1.1087301371520843,0.3962193892298711,2,1,COMPLETE
5788,51.22,2025-01-22 08:49:14.017488,2025-01-22 08:49:30.055325,0 days 00:00:16.037837,0.81381758771058,1.246906699992165,0.5605915888484728,8,1,COMPLETE
5789,50.739999999999995,2025-01-22 08:49:19.422770,2025-01-22 08:49:35.345708,0 days 00:00:15.922938,0.8854919629726523,0.1485523806025305,0.3276031614174706,8,1,COMPLETE
5790,51.94,2025-01-22 08:49:30.234359,2025-01-22 08:49:45.453252,0 days 00:00:15.218893,1.126267504040979,1.562002336375573,0.3287639629703764,4,1,COMPLETE
5791,51.89,2025-01-22 08:49:35.541946,2025-01-22 08:49:50.500832,0 days 00:00:14.958886,1.0994170309721263,1.531043428507552,0.5270874185719682,4,1,COMPLETE
5792,52.65,2025-01-22 08:49:45.749400,2025-01-22 08:49:59.533710,0 days 00:00:13.784310,1.0805989481278078,1.4232638665761983,0.5125067237773298,2,1,COMPLETE
5793,39.94,2025-01-22 08:49:50.690463,2025-01-22 08:50:05.037408,0 days 00:00:14.346945,0.2180551505724475,1.8190003366242071,0.2683077423902655,2,1,COMPLETE
5794,52.17,2025-01-22 08:49:59.982871,2025-01-22 08:50:15.744223,0 days 00:00:15.761352,0.7627823004153452,1.8170184183920395,0.42794979647786524,6,1,COMPLETE
5795,52.459999999999994,2025-01-22 08:50:05.212303,2025-01-22 08:50:20.731779,0 days 00:00:15.519476,0.686739327563955,0.7971478939120867,0.42514360046410077,6,1,COMPLETE
5796,51.59,2025-01-22 08:50:15.916991,2025-01-22 08:50:30.989527,0 days 00:00:15.072536,1.622065592382732,1.1298001164646203,0.37428576343909087,4,1,COMPLETE
5797,51.93,2025-01-22 08:50:20.913021,2025-01-22 08:50:35.212480,0 days 00:00:14.299459,1.3404278473693818,1.2500110251050403,0.36694355858255384,4,1,COMPLETE
5798,50.4,2025-01-22 08:50:31.244597,2025-01-22 08:50:45.428732,0 days 00:00:14.184135,1.2275638974309557,1.335171021881752,0.6554923223476966,2,1,COMPLETE
5799,47.18,2025-01-22 08:50:35.334173,2025-01-22 08:50:49.016656,0 days 00:00:13.682483,0.9335354984429731,1.4128586445393754,0.7728711116473467,2,1,COMPLETE
5800,51.019999999999996,2025-01-22 08:50:45.576687,2025-01-22 08:51:20.097545,0 days 00:00:34.520858,0.9058119290581054,0.5429568960713044,0.29035912389282315,49,3,COMPLETE
5801,49.75,2025-01-22 08:50:49.180080,2025-01-22 08:51:04.143276,0 days 00:00:14.963196,0.9787083046316921,0.9042791850789174,0.22708870183877472,4,1,COMPLETE
5802,0.5,2025-01-22 08:51:04.301417,2025-01-22 08:51:19.520174,0 days 00:00:15.218757,0.054181924868810835,1.7340754688638484,0.4676378331223534,6,1,COMPLETE
5803,51.870000000000005,2025-01-22 08:51:19.705770,2025-01-22 08:51:33.476174,0 days 00:00:13.770404,1.9610063287073136,2.0099259990666547,0.5638042514109153,2,1,COMPLETE
5804,51.32,2025-01-22 08:51:20.300330,2025-01-22 08:51:34.413255,0 days 00:00:14.112925,2.052223937436435,1.1470187466409367,0.5799197366571959,2,1,COMPLETE
5805,52.11,2025-01-22 08:51:33.657860,2025-01-22 08:51:48.214822,0 days 00:00:14.556962,1.4297960926094215,1.1273524346776733,0.44324310142277695,4,1,COMPLETE
5806,52.23,2025-01-22 08:51:34.582936,2025-01-22 08:51:49.634688,0 days 00:00:15.051752,1.5344459082633548,1.5404970637605337,0.43757739234597437,4,1,COMPLETE
5807,51.790000000000006,2025-01-22 08:51:48.418700,2025-01-22 08:52:05.436540,0 days 00:00:17.017840,1.2208557865931788,1.5383928428965132,0.35002935480554714,8,1,COMPLETE
5808,51.910000000000004,2025-01-22 08:51:49.817347,2025-01-22 08:52:07.449624,0 days 00:00:17.632277,1.146774651528183,1.2985597412816101,0.3722832162092303,7,1,COMPLETE
5809,52.400000000000006,2025-01-22 08:52:05.620066,2025-01-22 08:52:20.450567,0 days 00:00:14.830501,1.0510232865989726,1.2857854807401605,0.38801042120564144,6,1,COMPLETE
5810,51.370000000000005,2025-01-22 08:52:08.260360,2025-01-22 08:52:22.772214,0 days 00:00:14.511854,1.020861333668375,1.838833557450909,0.30193251882870514,5,1,COMPLETE
5811,52.07000000000001,2025-01-22 08:52:20.623039,2025-01-22 08:52:34.840808,0 days 00:00:14.217769,0.7701110813599769,0.9730570013247376,0.5096822289935447,2,1,COMPLETE
5812,51.839999999999996,2025-01-22 08:52:23.415971,2025-01-22 08:52:36.887545,0 days 00:00:13.471574,0.7286083541650533,0.9737101111705493,0.5135352251279642,2,1,COMPLETE
5813,52.11,2025-01-22 08:52:35.019512,2025-01-22 08:52:49.322778,0 days 00:00:14.303266,1.6630179887310637,2.10999236965007,0.48922975271831454,4,1,COMPLETE
5814,52.18000000000001,2025-01-22 08:52:37.709298,2025-01-22 08:52:52.170677,0 days 00:00:14.461379,1.6812384557194555,2.095342749112574,0.42402134414840154,4,1,COMPLETE
5815,49.55,2025-01-22 08:52:49.503438,2025-01-22 08:53:05.308671,0 days 00:00:15.805233,1.2947551097685994,0.3956318126242997,0.6974673659459949,4,1,COMPLETE
5816,51.910000000000004,2025-01-22 08:52:52.342547,2025-01-22 08:53:06.275551,0 days 00:00:13.933004,1.345656126414789,0.676783497683865,0.3390534817227344,2,1,COMPLETE
5817,51.38,2025-01-22 08:53:05.494007,2025-01-22 08:53:22.722680,0 days 00:00:17.228673,0.8688596655724646,1.659976637602207,0.3250925021801686,10,2,COMPLETE
5818,50.42,2025-01-22 08:53:06.459111,2025-01-22 08:53:22.558727,0 days 00:00:16.099616,0.8460560263974852,1.6222439531616681,0.27036783613721554,6,1,COMPLETE
5819,52.93,2025-01-22 08:53:22.714277,2025-01-22 08:53:37.302857,0 days 00:00:14.588580,1.2090418051506375,1.3429194948579453,0.4051655925495724,2,1,COMPLETE
5820,42.86,2025-01-22 08:53:22.902562,2025-01-22 08:53:38.151209,0 days 00:00:15.248647,1.1672310125088656,1.3268136821243826,0.11163371395364434,2,1,COMPLETE
5821,51.09,2025-01-22 08:53:37.680679,2025-01-22 08:53:55.679399,0 days 00:00:17.998720,1.0403393642964747,1.1225414497689388,0.6007024426862343,4,1,COMPLETE
5822,50.88,2025-01-22 08:53:38.335611,2025-01-22 08:53:56.553840,0 days 00:00:18.218229,1.035064756598921,1.1070698086084343,0.6113671976373248,5,1,COMPLETE
5823,52.04,2025-01-22 08:53:56.218705,2025-01-22 08:54:11.513213,0 days 00:00:15.294508,1.5411713716738793,1.7571818291822712,0.4643125913603317,6,1,COMPLETE
5824,51.71,2025-01-22 08:53:56.959662,2025-01-22 08:54:13.528645,0 days 00:00:16.568983,1.453450729840724,0.8578466716496851,0.4621889497628871,8,1,COMPLETE
5825,51.24999999999999,2025-01-22 08:54:11.711213,2025-01-22 08:54:27.949402,0 days 00:00:16.238189,1.4304088778078816,0.7940566675890225,0.36207442472955015,8,1,COMPLETE
5826,51.13999999999999,2025-01-22 08:54:14.438261,2025-01-22 08:54:28.139694,0 days 00:00:13.701433,2.3731520066519662,1.4609338483013463,0.3903124835867327,2,1,COMPLETE
5827,51.459999999999994,2025-01-22 08:54:28.130800,2025-01-22 08:54:45.953483,0 days 00:00:17.822683,0.8914443198224553,1.4962900754806443,0.5363836526658211,12,2,COMPLETE
5828,51.32,2025-01-22 08:54:28.357998,2025-01-22 08:54:43.114479,0 days 00:00:14.756481,0.6614205084377441,1.8183998052098995,0.5093860675806604,4,1,COMPLETE
5829,42.559999999999995,2025-01-22 08:54:43.294697,2025-01-22 08:54:57.113600,0 days 00:00:13.818903,0.903189529601206,1.4153474938954713,0.9984580490959926,2,1,COMPLETE
5830,51.77,2025-01-22 08:54:46.106881,2025-01-22 08:55:00.051074,0 days 00:00:13.944193,1.1833286265428071,1.2214239844057,0.2933428687285101,2,1,COMPLETE
5831,51.66,2025-01-22 08:54:57.286316,2025-01-22 08:55:12.158987,0 days 00:00:14.872671,1.2455976649997047,1.1872333467571157,0.2963372891091509,4,1,COMPLETE
5832,51.32,2025-01-22 08:55:00.253058,2025-01-22 08:55:14.697053,0 days 00:00:14.443995,1.9452367798996777,1.0311569903015076,0.4157680558589154,4,1,COMPLETE
5833,51.910000000000004,2025-01-22 08:55:12.367463,2025-01-22 08:55:27.414449,0 days 00:00:15.046986,1.7951169730387881,2.1326281259157733,0.41667711699320176,6,1,COMPLETE
5834,51.949999999999996,2025-01-22 08:55:14.957584,2025-01-22 08:55:30.236054,0 days 00:00:15.278470,0.9466028828528354,2.222406788960592,0.355581804524033,6,1,COMPLETE
5835,52.44,2025-01-22 08:55:27.567662,2025-01-22 08:55:40.812895,0 days 00:00:13.245233,1.0513675780687075,1.732330143268143,0.3499209571134546,2,1,COMPLETE
5836,52.28,2025-01-22 08:55:30.384078,2025-01-22 08:56:20.445044,0 days 00:00:50.060966,1.314358150697177,1.7056539027739703,0.5354576139009569,80,4,COMPLETE
5837,47.56,2025-01-22 08:55:41.006466,2025-01-22 08:55:55.490378,0 days 00:00:14.483912,0.7492995766277373,1.5030026573195576,0.7247513171385492,4,1,COMPLETE
5838,50.28,2025-01-22 08:55:55.688103,2025-01-22 08:56:08.731423,0 days 00:00:13.043320,1.3178333448953783,1.3043174864344385,0.23072809534883873,2,1,COMPLETE
5839,51.4,2025-01-22 08:56:08.906709,2025-01-22 08:56:23.358669,0 days 00:00:14.451960,1.1134341202397182,0.2001015139402221,0.4604817401577066,4,1,COMPLETE
5840,52.27,2025-01-22 08:56:20.613593,2025-01-22 08:56:35.459936,0 days 00:00:14.846343,1.086178059159932,0.9548535212025905,0.46512525110649344,4,1,COMPLETE
5841,0.51,2025-01-22 08:56:23.511917,2025-01-22 08:56:39.398420,0 days 00:00:15.886503,0.002537927117934178,0.8855599566723956,0.40965536509113626,6,1,COMPLETE
5842,52.559999999999995,2025-01-22 08:56:35.669168,2025-01-22 08:56:49.109552,0 days 00:00:13.440384,1.6388981702649816,2.6599058544758787,0.38986131062355867,2,1,COMPLETE
5843,51.51,2025-01-22 08:56:39.554485,2025-01-22 08:56:53.293209,0 days 00:00:13.738724,0.8510803531410801,1.2317578695249158,0.5579482500102763,2,1,COMPLETE
5844,51.99,2025-01-22 08:56:49.374532,2025-01-22 08:57:03.144247,0 days 00:00:13.769715,0.8825112312405818,1.2349365843442135,0.3218719504232771,2,1,COMPLETE
5845,51.82,2025-01-22 08:56:53.452844,2025-01-22 08:57:09.077380,0 days 00:00:15.624536,0.9938060629033598,1.9387104617952922,0.31943437910506206,7,1,COMPLETE
5846,50.74999999999999,2025-01-22 08:57:03.523757,2025-01-22 08:57:20.075567,0 days 00:00:16.551810,0.5119035861134502,1.8962018441218318,0.47398859739344207,8,1,COMPLETE
5847,49.64,2025-01-22 08:57:09.240286,2025-01-22 08:57:24.109639,0 days 00:00:14.869353,0.6453990299306315,1.0532586938191555,0.6236420334974391,5,1,COMPLETE
5848,50.22,2025-01-22 08:57:20.243219,2025-01-22 08:57:35.405165,0 days 00:00:15.161946,1.4086928940259549,1.5067144040808744,0.6657524791167173,5,1,COMPLETE
5849,48.28,2025-01-22 08:57:24.287015,2025-01-22 08:57:39.076506,0 days 00:00:14.789491,1.3949232183746774,1.4956505353546734,0.1867678499925675,4,1,COMPLETE
5850,50.91,2025-01-22 08:57:35.759995,2025-01-22 08:57:50.284567,0 days 00:00:14.524572,1.19010582912421,1.4641429842597302,0.26074542263447503,4,1,COMPLETE
5851,51.17,2025-01-22 08:57:39.233541,2025-01-22 08:57:52.585554,0 days 00:00:13.352013,1.1380863637564735,1.3235165989558537,0.26452448167218356,2,1,COMPLETE
5852,52.73,2025-01-22 08:57:50.445162,2025-01-22 08:58:03.618410,0 days 00:00:13.173248,0.769851315766963,1.0734917569307012,0.3928594862965978,2,1,COMPLETE
5853,51.870000000000005,2025-01-22 08:57:53.008320,2025-01-22 08:58:09.936650,0 days 00:00:16.928330,0.7393364525237445,1.116357471773366,0.3841918382297457,10,2,COMPLETE
5854,49.08,2025-01-22 08:58:03.769302,2025-01-22 08:58:18.138126,0 days 00:00:14.368824,0.3665283060294494,1.7450972374149156,0.5165967778161585,4,1,COMPLETE
5855,51.43,2025-01-22 08:58:10.096341,2025-01-22 08:58:25.549385,0 days 00:00:15.453044,0.9834469267322127,1.6933700146122512,0.5406739989123264,6,1,COMPLETE
5856,52.01,2025-01-22 08:58:18.322332,2025-01-22 08:58:33.765525,0 days 00:00:15.443193,1.5338828712329236,2.332540219431738,0.45660151832578316,6,1,COMPLETE
5857,52.559999999999995,2025-01-22 08:58:25.960824,2025-01-22 08:58:39.396066,0 days 00:00:13.435242,1.68857858413717,2.467201371087504,0.44401053313642963,2,1,COMPLETE
5858,51.38,2025-01-22 08:58:33.929307,2025-01-22 08:58:47.333079,0 days 00:00:13.403772,1.7318750826501408,0.9090537957806945,0.33610138130201545,2,1,COMPLETE
5859,51.93,2025-01-22 08:58:39.678195,2025-01-22 08:58:54.660483,0 days 00:00:14.982288,1.1709175029946908,0.9185137712709716,0.3471085226419103,4,1,COMPLETE
5860,0.5,2025-01-22 08:58:47.515030,2025-01-22 08:59:03.181909,0 days 00:00:15.666879,0.029471857662833247,1.3391497365533709,0.3654384983652113,4,1,COMPLETE
5861,51.190000000000005,2025-01-22 08:58:54.972154,2025-01-22 08:59:09.392967,0 days 00:00:14.420813,0.9901773406352746,1.3129879285677448,0.5874554621676042,4,1,COMPLETE
5862,50.61,2025-01-22 08:59:03.349508,2025-01-22 08:59:19.478462,0 days 00:00:16.128954,0.9521436297841382,2.0086224046129906,0.5788121068398839,7,1,COMPLETE
5863,51.800000000000004,2025-01-22 08:59:09.565048,2025-01-22 08:59:40.461128,0 days 00:00:30.896080,1.3415181311172153,0.7222977173562865,0.43780632478293996,45,3,COMPLETE
5864,43.95,2025-01-22 08:59:19.638173,2025-01-22 08:59:33.602801,0 days 00:00:13.964628,0.1634730903041244,1.5819353917173211,0.43804392124071395,2,1,COMPLETE
5865,48.32,2025-01-22 08:59:33.762072,2025-01-22 08:59:47.034949,0 days 00:00:13.272877,1.29597684101794,0.6700597791489384,0.7693910629761688,2,1,COMPLETE
5866,47.17,2025-01-22 08:59:40.636335,2025-01-22 08:59:54.766716,0 days 00:00:14.130381,1.2190823734043414,0.054633376839198625,0.7788816746607357,2,1,COMPLETE
5867,50.05,2025-01-22 08:59:47.239180,2025-01-22 09:00:03.840293,0 days 00:00:16.601113,2.1934752539464117,1.0767135008850248,0.30462055896697865,8,1,COMPLETE
5868,36.78,2025-01-22 08:59:54.928310,2025-01-22 09:00:10.505009,0 days 00:00:15.576699,0.09627925962190495,1.1187353732769274,0.2967550524704151,5,1,COMPLETE
5869,52.019999999999996,2025-01-22 09:00:04.032949,2025-01-22 09:00:19.121827,0 days 00:00:15.088878,0.8133378285538985,1.5171814717520073,0.48888154749708473,5,1,COMPLETE
5870,51.73,2025-01-22 09:00:10.719692,2025-01-22 09:00:26.286077,0 days 00:00:15.566385,0.8418758807225921,1.5736425567694647,0.5060488523877308,4,1,COMPLETE
5871,52.56999999999999,2025-01-22 09:00:19.402662,2025-01-22 09:00:34.362561,0 days 00:00:14.959899,1.0909103489523222,1.8342462682852942,0.38408205056757644,4,1,COMPLETE
5872,52.86,2025-01-22 09:00:26.501961,2025-01-22 09:00:40.465604,0 days 00:00:13.963643,1.0786823265049441,2.040562034834919,0.40349539612967295,2,1,COMPLETE
5873,52.72,2025-01-22 09:00:34.523670,2025-01-22 09:00:48.112415,0 days 00:00:13.588745,1.40111439757628,1.2649651824508885,0.40618340463937463,2,1,COMPLETE
5874,51.57000000000001,2025-01-22 09:00:40.642577,2025-01-22 09:00:57.137687,0 days 00:00:16.495110,1.5421820927151213,1.2708898573743623,0.3526425432024151,6,1,COMPLETE
5875,51.61,2025-01-22 09:00:48.282488,2025-01-22 09:01:03.183090,0 days 00:00:14.900602,0.6552645150418708,1.291434659616805,0.33887907255993344,6,1,COMPLETE
5876,49.45,2025-01-22 09:00:57.324436,2025-01-22 09:01:13.660490,0 days 00:00:16.336054,0.6587819160745191,1.4578514144389334,0.6354025275778573,8,6,COMPLETE
5877,52.1,2025-01-22 09:01:03.332450,2025-01-22 09:01:18.133036,0 days 00:00:14.800586,1.0090191812347502,1.766384349073035,0.5105771977867917,4,1,COMPLETE
5878,51.93,2025-01-22 09:01:13.847392,2025-01-22 09:01:29.249366,0 days 00:00:15.401974,0.9584455745432974,1.799775832300555,0.5113895465575842,4,1,COMPLETE
5879,51.800000000000004,2025-01-22 09:01:18.310818,2025-01-22 09:01:32.050140,0 days 00:00:13.739322,1.8809263662744158,1.0232910269211424,0.4547854924538656,2,1,COMPLETE
5880,52.04,2025-01-22 09:01:29.407643,2025-01-22 09:01:42.967431,0 days 00:00:13.559788,1.7990346836428077,1.039409056903829,0.43580077551667373,2,1,COMPLETE
5881,52.53,2025-01-22 09:01:32.205757,2025-01-22 09:01:45.248623,0 days 00:00:13.042866,1.2418060953765682,0.8347224681047739,0.4153182511366123,2,1,COMPLETE
5882,51.01,2025-01-22 09:01:43.126107,2025-01-22 09:02:00.353255,0 days 00:00:17.227148,1.2061765922773067,2.226629625163574,0.5817088355670142,10,2,COMPLETE
5883,0.5,2025-01-22 09:01:45.708889,2025-01-22 09:02:49.275418,0 days 00:01:03.566529,0.042713213950456554,2.175104158445064,0.2748116009213716,100,3,COMPLETE
5884,30.270000000000003,2025-01-22 09:02:00.535480,2025-01-22 09:02:15.536394,0 days 00:00:15.000914,0.8593191677971708,1.5170267463601363,0.03711746695687676,6,1,COMPLETE
5885,0.5,2025-01-22 09:02:15.710002,2025-01-22 09:02:30.834374,0 days 00:00:15.124372,0.03654679599046066,1.2023409410929538,0.22799147887828838,4,1,COMPLETE
5886,49.65,2025-01-22 09:02:30.999884,2025-01-22 09:02:44.926971,0 days 00:00:13.927087,1.0924652129430699,0.00983414821148787,0.29399865386583823,4,1,COMPLETE
5887,51.53,2025-01-22 09:02:45.089772,2025-01-22 09:03:01.075636,0 days 00:00:15.985864,1.491995432279125,1.4262593870856966,0.3535606497860558,7,5,COMPLETE
5888,51.85999999999999,2025-01-22 09:02:49.443182,2025-01-22 09:03:05.141389,0 days 00:00:15.698207,1.4306762875950998,1.5210192746792377,0.3579558067881994,6,1,COMPLETE
5889,52.68000000000001,2025-01-22 09:03:01.249916,2025-01-22 09:03:15.188480,0 days 00:00:13.938564,1.3561234458579536,1.678817078027819,0.4749843797199514,2,1,COMPLETE
5890,52.42,2025-01-22 09:03:05.471870,2025-01-22 09:03:19.447249,0 days 00:00:13.975379,0.8093079113176058,1.7465537889929108,0.48741211359822606,2,1,COMPLETE
5891,50.99,2025-01-22 09:03:15.341511,2025-01-22 09:03:29.620409,0 days 00:00:14.278898,0.8911578646749915,1.1512173976880944,0.5920074435003174,4,1,COMPLETE
5892,49.669999999999995,2025-01-22 09:03:19.620105,2025-01-22 09:03:33.984738,0 days 00:00:14.364633,1.0269287954295694,1.1777410593945683,0.6671249893593658,4,1,COMPLETE
5893,52.28,2025-01-22 09:03:29.953605,2025-01-22 09:03:44.427476,0 days 00:00:14.473871,1.1280117490283812,0.9519495349963984,0.3977092489817015,4,1,COMPLETE
5894,51.970000000000006,2025-01-22 09:03:34.150759,2025-01-22 09:03:50.090131,0 days 00:00:15.939372,1.1820638279737143,0.9758051381459598,0.39590226110659604,8,1,COMPLETE
5895,51.54,2025-01-22 09:03:44.600750,2025-01-22 09:04:01.276040,0 days 00:00:16.675290,1.5988015370377324,1.3451203371152443,0.535775960076215,8,1,COMPLETE
5896,22.830000000000002,2025-01-22 09:03:50.245281,2025-01-22 09:04:03.933499,0 days 00:00:13.688218,1.6061720467957408,1.2691892043480948,0.0012202952475039181,2,1,COMPLETE
5897,50.31,2025-01-22 09:04:01.406201,2025-01-22 09:04:28.591261,0 days 00:00:27.185060,0.7422429393014806,2.58548386647998,0.3375943377427728,37,21,COMPLETE
5898,49.99,2025-01-22 09:04:04.113381,2025-01-22 09:04:19.085421,0 days 00:00:14.972040,2.3732718496710214,0.7577851642557993,0.3247011689173742,6,1,COMPLETE
5899,52.790000000000006,2025-01-22 09:04:19.236602,2025-01-22 09:04:32.028094,0 days 00:00:12.791492,0.9493195344287615,1.9820314830743309,0.44201426069595456,2,1,COMPLETE
5900,52.769999999999996,2025-01-22 09:04:28.746402,2025-01-22 09:04:42.362020,0 days 00:00:13.615618,0.949929095582263,1.8763825135480077,0.45247536716736797,2,1,COMPLETE
5901,51.77,2025-01-22 09:04:32.211231,2025-01-22 09:04:46.692827,0 days 00:00:14.481596,1.2163486747523737,1.491943158265942,0.5500205818839119,4,1,COMPLETE
5902,52.21,2025-01-22 09:04:42.772187,2025-01-22 09:04:57.181244,0 days 00:00:14.409057,1.267786759331988,1.5235128031554108,0.3756403229670824,4,1,COMPLETE
5903,45.73,2025-01-22 09:04:46.835683,2025-01-22 09:05:01.975452,0 days 00:00:15.139769,1.3896869887887127,1.4251913873113937,0.869156309431287,6,1,COMPLETE
5904,51.739999999999995,2025-01-22 09:04:57.645136,2025-01-22 09:05:12.827234,0 days 00:00:15.182098,0.5755415991227324,1.1212655441518962,0.48281101222536815,6,1,COMPLETE
5905,50.2,2025-01-22 09:05:02.127165,2025-01-22 09:05:26.819482,0 days 00:00:24.692317,1.0893818690958623,0.09743648837729535,0.49057457704003116,29,14,COMPLETE
5906,35.5,2025-01-22 09:05:12.994070,2025-01-22 09:05:26.124306,0 days 00:00:13.130236,1.0946713360477731,0.8404922619532278,0.05745926025877477,2,1,COMPLETE
5907,50.05,2025-01-22 09:05:26.299909,2025-01-22 09:05:41.298393,0 days 00:00:14.998484,0.7889963569926208,1.6911488600025724,0.26732280652415336,4,1,COMPLETE
5908,50.07,2025-01-22 09:05:27.004236,2025-01-22 09:05:42.538332,0 days 00:00:15.534096,2.001071410392684,1.7457560832922587,0.26084985552361484,4,1,COMPLETE
