number,value,datetime_start,datetime_complete,duration,params_gamma_1,params_gamma_2,params_lambda,params_n_clusters,params_n_neighbors,state
6177,50.57000000000001,2025-01-22 09:41:53.841364,2025-01-22 09:42:07.999334,0 days 00:00:14.157970,0.721844358025074,1.2523658797241726,0.584692242759811,4,1,COMPLETE
6178,50.12,2025-01-22 09:42:04.868028,2025-01-22 09:42:18.599066,0 days 00:00:13.731038,0.7405227688847583,1.1374114963095248,0.25268818649048425,2,1,COMPLETE
6179,50.63999999999999,2025-01-22 09:42:08.171761,2025-01-22 09:42:21.782430,0 days 00:00:13.610669,1.070808330068785,1.051799713662437,0.25589067913325503,2,1,COMPLETE
6180,52.81,2025-01-22 09:42:18.776912,2025-01-22 09:42:32.586732,0 days 00:00:13.809820,1.0581140635502502,1.6403498665679517,0.4729681953494602,2,1,COMPLETE
6181,52.27,2025-01-22 09:42:21.955586,2025-01-22 09:42:36.766397,0 days 00:00:14.810811,1.3801641575870165,1.710923356368024,0.4881730343897465,4,1,COMPLETE
6182,37.36,2025-01-22 09:42:32.742064,2025-01-22 09:42:47.701348,0 days 00:00:14.959284,1.4561473001723158,1.3743191448346044,0.0658903910459465,4,1,COMPLETE
6183,51.54,2025-01-22 09:42:36.959436,2025-01-22 09:42:52.338374,0 days 00:00:15.378938,1.7827837891322127,1.3960356416933157,0.37674794157800817,6,1,COMPLETE
6184,51.849999999999994,2025-01-22 09:42:47.902278,2025-01-22 09:43:04.603085,0 days 00:00:16.700807,0.8682587313441114,2.3744078611377506,0.401917803648557,7,1,COMPLETE
6185,52.73,2025-01-22 09:42:52.490120,2025-01-22 09:43:05.760878,0 days 00:00:13.270758,0.8763204817085956,0.998234570051307,0.456834176364799,2,1,COMPLETE
6186,51.839999999999996,2025-01-22 09:43:04.777043,2025-01-22 09:43:18.217159,0 days 00:00:13.440116,1.2119468497502883,0.9741093368147687,0.31260459003415,2,1,COMPLETE
6187,51.849999999999994,2025-01-22 09:43:06.110434,2025-01-22 09:43:20.667908,0 days 00:00:14.557474,1.1956043598890114,1.9374108146121112,0.3088679428659788,4,1,COMPLETE
6188,51.74999999999999,2025-01-22 09:43:18.420979,2025-01-22 09:43:33.512056,0 days 00:00:15.091077,1.1378395054033765,1.8859120333739343,0.5533977812963556,4,1,COMPLETE
6189,25.080000000000002,2025-01-22 09:43:21.170784,2025-01-22 09:43:36.204857,0 days 00:00:15.034073,1.0085388485799445,1.5483224815130834,0.008718293500166936,5,1,COMPLETE
6190,49.38,2025-01-22 09:43:33.674323,2025-01-22 09:43:50.242620,0 days 00:00:16.568297,1.5935547354573412,1.2643318648500412,0.6919686112202345,10,2,COMPLETE
6191,49.97,2025-01-22 09:43:36.370567,2025-01-22 09:43:53.320875,0 days 00:00:16.950308,1.5481952407949071,0.7077677131217839,0.6534427717985267,10,2,COMPLETE
6192,41.89,2025-01-22 09:43:50.435815,2025-01-22 09:44:04.255258,0 days 00:00:13.819443,1.954451591522798,1.1885396868787446,0.09503856834942272,2,1,COMPLETE
6193,49.94,2025-01-22 09:43:53.484232,2025-01-22 09:44:06.552194,0 days 00:00:13.067962,3.3011798278586046,1.228543884302347,0.44562797655698155,2,1,COMPLETE
6194,51.74999999999999,2025-01-22 09:44:04.419489,2025-01-22 09:44:20.190443,0 days 00:00:15.770954,0.657026248072994,1.583303620890972,0.45117408844788487,7,1,COMPLETE
6195,51.970000000000006,2025-01-22 09:44:06.983537,2025-01-22 09:44:22.464137,0 days 00:00:15.480600,0.8610787852416851,1.5759321405325217,0.36463997973504003,7,1,COMPLETE
6196,51.61,2025-01-22 09:44:20.518770,2025-01-22 09:44:35.248073,0 days 00:00:14.729303,0.930327743456975,2.5997895477343973,0.36460568008169736,5,1,COMPLETE
6197,52.0,2025-01-22 09:44:23.247669,2025-01-22 09:44:37.676535,0 days 00:00:14.428866,1.3262102438852033,2.546118371551064,0.5260933446257955,4,1,COMPLETE
6198,51.85999999999999,2025-01-22 09:44:35.622008,2025-01-22 09:44:50.580690,0 days 00:00:14.958682,1.2723819278554598,1.030807650561334,0.5290815270207134,4,1,COMPLETE
6199,52.82,2025-01-22 09:44:38.496707,2025-01-22 09:44:52.212529,0 days 00:00:13.715822,1.0417228563638528,1.0779962097402107,0.40969488811236654,2,1,COMPLETE
6200,52.790000000000006,2025-01-22 09:44:50.779350,2025-01-22 09:45:04.205175,0 days 00:00:13.425825,1.010590140079465,1.856688950526145,0.4207922387119825,2,1,COMPLETE
6201,50.36000000000001,2025-01-22 09:44:52.383344,2025-01-22 09:45:06.183425,0 days 00:00:13.800081,0.7841898637612574,0.0848362006835689,0.32462454830208054,2,1,COMPLETE
6202,51.370000000000005,2025-01-22 09:45:04.371506,2025-01-22 09:45:19.075633,0 days 00:00:14.704127,1.4517237319619447,1.3931156376730878,0.31493203951636906,5,1,COMPLETE
6203,26.14,2025-01-22 09:45:06.832778,2025-01-22 09:45:21.778576,0 days 00:00:14.945798,1.4236564079055727,0.007385535749897805,0.016408271784439533,5,1,COMPLETE
6204,51.13999999999999,2025-01-22 09:45:19.236576,2025-01-22 09:45:33.890067,0 days 00:00:14.653491,1.7250511922650489,0.488485256347438,0.501035074213461,4,1,COMPLETE
6205,51.89,2025-01-22 09:45:21.947330,2025-01-22 09:45:37.860061,0 days 00:00:15.912731,1.165994213710645,0.843996710377522,0.4941012956816101,8,1,COMPLETE
6206,51.839999999999996,2025-01-22 09:45:34.092995,2025-01-22 09:45:50.329984,0 days 00:00:16.236989,1.1618428437763424,0.8930905914486176,0.37606508885167494,8,1,COMPLETE
6207,52.86,2025-01-22 09:45:38.017706,2025-01-22 09:45:51.573308,0 days 00:00:13.555602,0.9478485209196392,1.3663539862629175,0.3852818172531992,2,1,COMPLETE
6208,50.57000000000001,2025-01-22 09:45:50.491909,2025-01-22 09:46:04.187957,0 days 00:00:13.696048,0.8674901566139583,1.291843880195875,0.613708141059306,2,1,COMPLETE
6209,49.94,2025-01-22 09:45:51.723133,2025-01-22 09:46:06.851352,0 days 00:00:15.128219,0.8272063292324131,2.074293279413489,0.27779873878754235,6,1,COMPLETE
6210,48.83,2025-01-22 09:46:04.350435,2025-01-22 09:46:20.283566,0 days 00:00:15.933131,0.6645655043556383,2.155874444992627,0.2712591677489645,6,1,COMPLETE
6211,49.79,2025-01-22 09:46:06.997618,2025-01-22 09:46:21.378120,0 days 00:00:14.380502,1.301636162967966,1.6394483207547812,0.22234571194508682,4,1,COMPLETE
6212,51.27,2025-01-22 09:46:20.461769,2025-01-22 09:46:34.616166,0 days 00:00:14.154397,2.261200582742336,1.5939530958651433,0.46743506090251313,4,1,COMPLETE
6213,51.25999999999999,2025-01-22 09:46:21.539768,2025-01-22 09:46:36.664295,0 days 00:00:15.124527,1.8298698363099581,5.986761920025164,0.44285201003857194,4,1,COMPLETE
6214,51.64,2025-01-22 09:46:34.797941,2025-01-22 09:47:22.487713,0 days 00:00:47.689772,0.49485584068524985,1.1096883308670795,0.4267820617134053,83,3,COMPLETE
6215,51.49,2025-01-22 09:46:37.285173,2025-01-22 09:47:15.178786,0 days 00:00:37.893613,1.0594286417214043,1.0994479705763405,0.5673396759718744,58,3,COMPLETE
6216,48.92,2025-01-22 09:47:15.363213,2025-01-22 09:47:28.492261,0 days 00:00:13.129048,1.4617021994541841,1.767327059583611,0.7498807257968111,2,1,COMPLETE
6217,52.53,2025-01-22 09:47:22.670245,2025-01-22 09:47:36.703771,0 days 00:00:14.033526,1.3678169549479782,1.7501474263829728,0.3493721431858544,2,1,COMPLETE
6218,52.68000000000001,2025-01-22 09:47:28.659760,2025-01-22 09:47:42.083381,0 days 00:00:13.423621,1.1637701990719052,1.3572271694051303,0.3695248763474526,2,1,COMPLETE
6219,49.2,2025-01-22 09:47:36.915186,2025-01-22 09:47:52.675036,0 days 00:00:15.759850,4.221434395900567,1.3756538951444972,0.5471956964659025,6,1,COMPLETE
6220,44.99,2025-01-22 09:47:42.293870,2025-01-22 09:47:57.900959,0 days 00:00:15.607089,0.177495856221088,1.4325724208416242,0.5350603988345538,6,1,COMPLETE
6221,52.190000000000005,2025-01-22 09:47:52.879792,2025-01-22 09:48:07.660175,0 days 00:00:14.780383,0.9385603222979798,1.5228561052311629,0.4756333664098359,4,1,COMPLETE
6222,52.49,2025-01-22 09:47:58.083594,2025-01-22 09:48:12.519652,0 days 00:00:14.436058,0.95449536134602,0.9267234354249494,0.4234400102986062,4,1,COMPLETE
6223,51.57000000000001,2025-01-22 09:48:07.858113,2025-01-22 09:48:34.872991,0 days 00:00:27.014878,0.7424117032340114,0.9996797206635204,0.33416934197818476,36,16,COMPLETE
6224,52.35999999999999,2025-01-22 09:48:12.723245,2025-01-22 09:48:26.501253,0 days 00:00:13.778008,1.1650804375109844,1.1909543356930932,0.34083999438606377,2,1,COMPLETE
6225,51.09,2025-01-22 09:48:26.685329,2025-01-22 09:48:41.397829,0 days 00:00:14.712500,0.7753993937199274,2.036460842956883,0.30682738866333864,4,1,COMPLETE
6226,25.88,2025-01-22 09:48:35.061695,2025-01-22 09:48:49.887255,0 days 00:00:14.825560,1.8257150025948925,2.025060322965288,0.011361493490221301,4,1,COMPLETE
6227,51.05,2025-01-22 09:48:41.579889,2025-01-22 09:48:58.157950,0 days 00:00:16.578061,1.6858513541284812,3.2930139233867664,0.6053047452794517,8,6,COMPLETE
6228,45.93,2025-01-22 09:48:50.080479,2025-01-22 09:49:03.587822,0 days 00:00:13.507343,1.5926431278379962,1.2269230388375172,0.9083673224841387,2,1,COMPLETE
6229,43.4,2025-01-22 09:48:58.372089,2025-01-22 09:49:12.542825,0 days 00:00:14.170736,1.0619569169898155,0.7102851738752992,0.9858943125554197,2,1,COMPLETE
6230,52.480000000000004,2025-01-22 09:49:03.763794,2025-01-22 09:49:19.056288,0 days 00:00:15.292494,1.0931544548075853,1.6121161726034456,0.41721070424532825,6,1,COMPLETE
6231,52.2,2025-01-22 09:49:12.872090,2025-01-22 09:49:27.770015,0 days 00:00:14.897925,1.3453082885514327,1.6193620420111268,0.4667319778524235,5,1,COMPLETE
6232,52.21,2025-01-22 09:49:19.401221,2025-01-22 09:49:33.783636,0 days 00:00:14.382415,1.2780717622823659,1.2898743685313994,0.4849248461419538,4,1,COMPLETE
6233,52.56999999999999,2025-01-22 09:49:27.936874,2025-01-22 09:49:42.497952,0 days 00:00:14.561078,1.3225452813744807,1.2518438857269185,0.38907329251996314,2,1,COMPLETE
6234,35.91,2025-01-22 09:49:34.112457,2025-01-22 09:49:48.109985,0 days 00:00:13.997528,0.9392072027933182,0.04574032265115984,1.445333229797314,2,1,COMPLETE
6235,50.129999999999995,2025-01-22 09:49:42.755957,2025-01-22 09:49:59.310441,0 days 00:00:16.554484,0.9995379170379476,1.8531540527964572,0.6427643660199008,8,1,COMPLETE
6236,47.99,2025-01-22 09:49:48.269702,2025-01-22 09:50:04.090392,0 days 00:00:15.820690,0.5885458053866868,1.8583847103700017,0.6601500200633319,7,1,COMPLETE
6237,51.81,2025-01-22 09:49:59.542202,2025-01-22 09:50:14.967926,0 days 00:00:15.425724,0.8154345882857803,2.4532388835566206,0.38746818595928045,6,1,COMPLETE
6238,51.870000000000005,2025-01-22 09:50:04.247399,2025-01-22 09:50:18.786841,0 days 00:00:14.539442,0.8211858937098272,2.3438461521962384,0.38253656537016867,4,1,COMPLETE
6239,51.49,2025-01-22 09:50:15.165807,2025-01-22 09:50:29.917989,0 days 00:00:14.752182,1.184656330052177,1.0480523889045994,0.28512583217972076,4,1,COMPLETE
6240,52.17,2025-01-22 09:50:18.955989,2025-01-22 09:50:32.157024,0 days 00:00:13.201035,1.5400649780212545,1.0675895422022754,0.5290611638901379,2,1,COMPLETE
6241,51.72,2025-01-22 09:50:30.086447,2025-01-22 09:50:43.844275,0 days 00:00:13.757828,1.5150637280330796,0.7931846520826643,0.5513244721668356,2,1,COMPLETE
6242,52.78,2025-01-22 09:50:32.611126,2025-01-22 09:50:45.981995,0 days 00:00:13.370869,1.1109790598744491,0.8354527786697935,0.44530587223627305,2,1,COMPLETE
6243,51.4,2025-01-22 09:50:44.015690,2025-01-22 09:50:58.452290,0 days 00:00:14.436600,2.093850107624948,1.4548397912577338,0.4471348041274326,4,1,COMPLETE
6244,50.23,2025-01-22 09:50:46.611304,2025-01-22 09:51:01.060719,0 days 00:00:14.449415,2.6171098058403506,1.5317839380450702,0.3291167957919119,4,1,COMPLETE
6245,49.919999999999995,2025-01-22 09:50:58.622392,2025-01-22 09:51:13.542516,0 days 00:00:14.920124,2.6974880752652863,1.452923101625503,0.29559857617036,6,1,COMPLETE
6246,52.18000000000001,2025-01-22 09:51:01.298395,2025-01-22 09:51:16.243013,0 days 00:00:14.944618,0.6755486059995971,1.257126459093783,0.3819557321879995,6,1,COMPLETE
6247,51.800000000000004,2025-01-22 09:51:13.704464,2025-01-22 09:51:30.192137,0 days 00:00:16.487673,1.304733290908952,1.2083661834749428,0.37467925800475393,9,2,COMPLETE
6248,47.56,2025-01-22 09:51:16.437193,2025-01-22 09:51:33.090554,0 days 00:00:16.653361,0.9746249337260057,1.79496775289445,0.7495015894255407,10,2,COMPLETE
6249,49.41,2025-01-22 09:51:30.344712,2025-01-22 09:51:43.863636,0 days 00:00:13.518924,0.9832667523180397,1.7486495390171837,0.2218338165065111,2,1,COMPLETE
6250,47.88,2025-01-22 09:51:33.265758,2025-01-22 09:51:47.071240,0 days 00:00:13.805482,1.1449524377849678,0.9864854259338066,0.180734160348649,2,1,COMPLETE
6251,51.910000000000004,2025-01-22 09:51:44.048081,2025-01-22 09:51:58.704063,0 days 00:00:14.655982,1.1903329356816366,0.9581243103779026,0.5209738636871697,4,1,COMPLETE
6252,52.25,2025-01-22 09:51:47.229353,2025-01-22 09:52:01.638408,0 days 00:00:14.409055,1.3561518949594245,1.4274080426928015,0.49083190821686123,4,1,COMPLETE
6253,29.909999999999997,2025-01-22 09:51:58.873555,2025-01-22 09:52:13.187263,0 days 00:00:14.313708,1.566398565574984,1.415979147984265,0.02512261733377213,4,1,COMPLETE
6254,52.14,2025-01-22 09:52:01.807661,2025-01-22 09:52:17.044734,0 days 00:00:15.237073,0.8639351522360227,2.230536426575251,0.42535610625853637,6,1,COMPLETE
6255,52.64,2025-01-22 09:52:13.506160,2025-01-22 09:52:28.434520,0 days 00:00:14.928360,0.8398639621194366,1.147508882312441,0.4232815030852237,6,1,COMPLETE
6256,51.690000000000005,2025-01-22 09:52:17.235810,2025-01-22 09:53:01.911625,0 days 00:00:44.675815,1.9329989724268817,1.1711700505086637,0.33674327862431,73,4,COMPLETE
6257,52.38,2025-01-22 09:52:28.595222,2025-01-22 09:52:41.764627,0 days 00:00:13.169405,1.062094298717299,1.682291231680688,0.34582283764323535,2,1,COMPLETE
6258,50.39,2025-01-22 09:52:41.930438,2025-01-22 09:52:55.015098,0 days 00:00:13.084660,1.8175607379097825,1.2664211511627004,0.26175702992350736,2,1,COMPLETE
6259,45.61,2025-01-22 09:52:55.177527,2025-01-22 09:53:09.757164,0 days 00:00:14.579637,0.2890927417698091,2.0209770570075585,0.5976384752641751,4,1,COMPLETE
6260,50.970000000000006,2025-01-22 09:53:02.403391,2025-01-22 09:53:17.670132,0 days 00:00:15.266741,1.368153322429527,1.625741306731667,0.6123105319143906,4,1,COMPLETE
6261,52.28,2025-01-22 09:53:10.081856,2025-01-22 09:53:24.656473,0 days 00:00:14.574617,1.346151916910344,1.4843761566786802,0.5027361496634338,4,1,COMPLETE
6262,51.980000000000004,2025-01-22 09:53:17.884357,2025-01-22 09:53:35.624596,0 days 00:00:17.740239,1.1843961308638942,1.4550936135000971,0.4857524902714586,12,2,COMPLETE
6263,51.129999999999995,2025-01-22 09:53:24.824362,2025-01-22 09:53:42.017384,0 days 00:00:17.193022,0.7117161926234032,0.005003828845367604,0.44161820544031255,12,2,COMPLETE
6264,51.03,2025-01-22 09:53:35.792811,2025-01-22 09:54:05.779821,0 days 00:00:29.987010,0.6896281401136661,0.014467080283624466,0.43242262617127825,43,3,COMPLETE
6265,51.910000000000004,2025-01-22 09:53:42.370477,2025-01-22 09:53:58.201998,0 days 00:00:15.831521,0.9468930768109293,1.0395336620440692,0.3651665734515695,8,1,COMPLETE
6266,24.33,2025-01-22 09:53:58.375997,2025-01-22 09:54:11.743402,0 days 00:00:13.367405,1.04526541257521,1.902343479593999,0.006670915059694034,2,1,COMPLETE
6267,51.85999999999999,2025-01-22 09:54:05.970427,2025-01-22 09:54:19.878036,0 days 00:00:13.907609,1.0583058835833539,2.071284966817449,0.30592342459125105,2,1,COMPLETE
6268,50.99,2025-01-22 09:54:11.918089,2025-01-22 09:54:27.564939,0 days 00:00:15.646850,1.6423505068626865,3.767708250304953,0.3058170600343053,6,1,COMPLETE
6269,51.5,2025-01-22 09:54:20.054616,2025-01-22 09:54:35.074858,0 days 00:00:15.020242,1.4379260520068855,2.814794634677774,0.5484570706939951,5,1,COMPLETE
6270,51.44,2025-01-22 09:54:27.727983,2025-01-22 09:54:42.234260,0 days 00:00:14.506277,1.3098808863794738,2.937344904149269,0.5672603857206306,4,1,COMPLETE
6271,52.56999999999999,2025-01-22 09:54:35.270490,2025-01-22 09:54:49.660021,0 days 00:00:14.389531,0.9114110949328217,0.6542647017539787,0.3907609090721238,2,1,COMPLETE
6272,23.61,2025-01-22 09:54:42.662217,2025-01-22 09:54:56.729031,0 days 00:00:14.066814,0.8998083004870873,1.2671527752472609,0.003240028982017227,2,1,COMPLETE
6273,51.970000000000006,2025-01-22 09:54:49.814356,2025-01-22 09:55:06.074223,0 days 00:00:16.259867,1.1781569789709863,1.2534411923482887,0.45943159786393656,7,1,COMPLETE
6274,51.9,2025-01-22 09:54:57.019357,2025-01-22 09:55:13.187169,0 days 00:00:16.167812,1.1929574125638918,0.8567848228262289,0.47436256280689787,8,1,COMPLETE
6275,49.5,2025-01-22 09:55:06.251290,2025-01-22 09:55:20.974174,0 days 00:00:14.722884,1.6327382898993401,0.9022559395635498,0.7136217320388697,4,1,COMPLETE
6276,48.94,2025-01-22 09:55:13.623233,2025-01-22 09:55:29.056984,0 days 00:00:15.433751,1.702452298599873,1.6928566405442371,0.7357035053368229,4,1,COMPLETE
6277,52.339999999999996,2025-01-22 09:55:21.414677,2025-01-22 09:55:35.114324,0 days 00:00:13.699647,0.8061591767993179,1.6252855890407911,0.350385786349191,2,1,COMPLETE
6278,46.1,2025-01-22 09:55:29.352148,2025-01-22 09:55:43.163300,0 days 00:00:13.811152,0.23123864951401382,1.6050683933389387,0.3647480942329964,2,1,COMPLETE
6279,52.449999999999996,2025-01-22 09:55:35.331732,2025-01-22 09:55:50.848192,0 days 00:00:15.516460,1.0341123753383616,1.0508537814642886,0.3985658843416394,6,1,COMPLETE
6280,52.55,2025-01-22 09:55:43.327086,2025-01-22 09:55:58.798493,0 days 00:00:15.471407,0.9896602596662072,1.0245131810372774,0.4236701477090773,6,1,COMPLETE
6281,52.17,2025-01-22 09:55:51.108802,2025-01-22 09:56:06.336215,0 days 00:00:15.227413,1.3887500632529337,1.3536898427816726,0.5145688997837555,4,1,COMPLETE
6282,51.12,2025-01-22 09:55:59.019184,2025-01-22 09:56:13.761816,0 days 00:00:14.742632,1.3693467257057252,1.2808806130301107,0.27213594977269673,4,1,COMPLETE
6283,49.09,2025-01-22 09:56:06.522573,2025-01-22 09:56:20.515605,0 days 00:00:13.993032,0.6253946657234501,2.2577615707088423,0.28061125024516953,2,1,COMPLETE
6284,51.32,2025-01-22 09:56:13.983556,2025-01-22 09:56:28.315844,0 days 00:00:14.332288,0.7912509940598665,2.326629082837707,0.3310331140837168,2,1,COMPLETE
6285,50.96000000000001,2025-01-22 09:56:21.092201,2025-01-22 09:56:35.642688,0 days 00:00:14.550487,2.069183247783668,1.8832793905049492,0.6219847595272757,2,1,COMPLETE
6286,50.449999999999996,2025-01-22 09:56:28.471560,2025-01-22 09:56:44.288656,0 days 00:00:15.817096,2.1002111864743465,1.8877463438064332,0.6191933733076216,6,1,COMPLETE
6287,52.1,2025-01-22 09:56:35.816810,2025-01-22 09:56:51.191402,0 days 00:00:15.374592,1.1744589272887018,1.14521846115405,0.49666367177300963,6,1,COMPLETE
6288,52.339999999999996,2025-01-22 09:56:44.512436,2025-01-22 09:56:59.850426,0 days 00:00:15.337990,1.1756120744251402,1.13915681205595,0.41414030560118964,4,1,COMPLETE
6289,52.449999999999996,2025-01-22 09:56:51.374324,2025-01-22 09:57:06.311623,0 days 00:00:14.937299,1.1609294715547231,1.443823126895193,0.4070906756600656,4,1,COMPLETE
6290,52.04,2025-01-22 09:57:00.000433,2025-01-22 09:57:16.292296,0 days 00:00:16.291863,0.900525757845255,1.4584123857185733,0.3651763698576378,8,7,COMPLETE
6291,49.96,2025-01-22 09:57:06.486257,2025-01-22 09:57:22.603909,0 days 00:00:16.117652,0.9665403033471053,1.4913960092905838,0.23973750623655632,8,1,COMPLETE
6292,52.449999999999996,2025-01-22 09:57:16.751554,2025-01-22 09:57:30.151670,0 days 00:00:13.400116,1.546817176798787,1.6683684071326719,0.48385157027985215,2,1,COMPLETE
6293,52.1,2025-01-22 09:57:22.783657,2025-01-22 09:57:37.681338,0 days 00:00:14.897681,1.5476569429404397,0.8242776537351985,0.4964817405444792,2,1,COMPLETE
6294,51.839999999999996,2025-01-22 09:57:30.349451,2025-01-22 09:57:45.465899,0 days 00:00:15.116448,0.7594024384731032,0.94963295163461,0.3320740976090589,4,1,COMPLETE
6295,51.65,2025-01-22 09:57:37.902597,2025-01-22 09:57:53.145721,0 days 00:00:15.243124,0.7623402510682503,1.2529404123443126,0.32299686626898605,4,1,COMPLETE
6296,51.559999999999995,2025-01-22 09:57:45.639904,2025-01-22 09:58:00.708553,0 days 00:00:15.068649,1.0499105507611128,1.2726835931126657,0.5719360909811444,5,1,COMPLETE
6297,52.459999999999994,2025-01-22 09:57:53.437836,2025-01-22 09:58:09.091001,0 days 00:00:15.653165,1.0524594867367743,1.7987505823509824,0.42308808846088586,6,1,COMPLETE
6298,51.580000000000005,2025-01-22 09:58:00.890695,2025-01-22 09:58:14.508781,0 days 00:00:13.618086,0.5077156149756831,0.23446627675803722,0.42895676167378166,2,1,COMPLETE
6299,52.55,2025-01-22 09:58:09.247648,2025-01-22 09:58:23.556663,0 days 00:00:14.309015,1.34642681562811,1.0857268782125864,0.39446445400373553,2,1,COMPLETE
6300,51.04,2025-01-22 09:58:14.918095,2025-01-22 09:58:30.362460,0 days 00:00:15.444365,1.2764816583970835,0.11005978158216083,0.5436049267374186,4,1,COMPLETE
6301,52.27,2025-01-22 09:58:23.832757,2025-01-22 09:58:38.645726,0 days 00:00:14.812969,1.2807163638011074,1.4459225168864256,0.5049688491410427,4,1,COMPLETE
6302,52.07000000000001,2025-01-22 09:58:30.543427,2025-01-22 09:58:45.108665,0 days 00:00:14.565238,0.9293074097550086,0.42081565299088775,0.44824064720366885,4,1,COMPLETE
6303,52.339999999999996,2025-01-22 09:58:38.940823,2025-01-22 09:58:53.042569,0 days 00:00:14.101746,0.8967731514625805,2.050195003030473,0.35543165726541043,2,1,COMPLETE
6304,52.21,2025-01-22 09:58:45.276684,2025-01-22 09:58:58.938645,0 days 00:00:13.661961,1.6735067554704246,2.082103572744314,0.35336174407217597,2,1,COMPLETE
6305,51.339999999999996,2025-01-22 09:58:53.261473,2025-01-22 09:59:08.897523,0 days 00:00:15.636050,1.6451230889674389,1.668202884684313,0.3012970353305655,6,1,COMPLETE
6306,51.160000000000004,2025-01-22 09:58:59.121475,2025-01-22 09:59:14.242318,0 days 00:00:15.120843,1.0990135135607213,0.7123847591622864,0.28902464597602456,6,1,COMPLETE
6307,37.7,2025-01-22 09:59:09.095058,2025-01-22 09:59:26.269872,0 days 00:00:17.174814,0.6389500867886206,0.7321793937746903,1.161313287639754,10,2,COMPLETE
6308,49.88,2025-01-22 09:59:14.444717,2025-01-22 09:59:31.389157,0 days 00:00:16.944440,1.170847611769304,1.0801784710029212,0.6520240197958077,10,2,COMPLETE
6309,50.64999999999999,2025-01-22 09:59:26.656931,2025-01-22 09:59:41.122718,0 days 00:00:14.465787,1.4000305286205244,1.1154424103767897,0.6382276494423672,4,1,COMPLETE
6310,52.17,2025-01-22 09:59:31.587478,2025-01-22 09:59:46.087006,0 days 00:00:14.499528,1.459849440215465,1.284959597019754,0.47757857292258576,4,1,COMPLETE
