number,value,datetime_start,datetime_complete,duration,params_gamma_1,params_gamma_2,params_lambda,params_n_clusters,params_n_neighbors,state
403,51.35999999999999,2025-01-21 18:47:01.134582,2025-01-21 18:47:24.416086,0 days 00:00:23.281504,0.8763818276607762,1.8701663959367347,0.5512930239705461,28,6,COMPLETE
404,39.51,2025-01-21 18:47:24.486090,2025-01-21 18:47:45.802966,0 days 00:00:21.316876,0.4300420100558822,4.554137608813719,0.4096157126643411,25,9,COMPLETE
405,52.14,2025-01-21 18:47:45.867257,2025-01-21 18:48:03.950693,0 days 00:00:18.083436,0.7500375072333871,0.9829039227539731,0.3587644456573447,16,8,COMPLETE
406,52.410000000000004,2025-01-21 18:48:04.022473,2025-01-21 18:48:23.999499,0 days 00:00:19.977026,1.2111344984030394,1.4777296112218359,0.46979059373055704,22,7,COMPLETE
407,48.230000000000004,2025-01-21 18:48:24.069630,2025-01-21 18:48:43.056300,0 days 00:00:18.986670,1.030700203237708,2.2674709047179924,0.1987963118905451,19,8,COMPLETE
408,50.73,2025-01-21 18:48:43.129534,2025-01-21 18:49:05.527370,0 days 00:00:22.397836,1.840984093962141,1.1687602298807738,0.28456166592032667,26,9,COMPLETE
409,49.32,2025-01-21 18:49:05.602846,2025-01-21 18:49:26.229085,0 days 00:00:20.626239,0.8764019615568155,0.030124320789234122,0.5337113462890041,24,20,COMPLETE
410,52.5,2025-01-21 18:49:26.321293,2025-01-21 18:49:45.502027,0 days 00:00:19.180734,1.3549178918449984,1.63586184168347,0.4255105921678757,20,7,COMPLETE
411,48.72,2025-01-21 18:49:45.607510,2025-01-21 18:50:20.769665,0 days 00:00:35.162155,0.9799493224292355,0.0075565612333626676,0.6261701732649172,57,31,COMPLETE
412,52.22,2025-01-21 18:50:20.862202,2025-01-21 18:50:39.446885,0 days 00:00:18.584683,0.6611101235346798,1.4361856553906973,0.44207124745514964,17,7,COMPLETE
413,52.03,2025-01-21 18:50:39.518052,2025-01-21 18:51:07.754006,0 days 00:00:28.235954,1.26261065649644,1.6800418533966066,0.33603619632590226,30,6,COMPLETE
414,0.5,2025-01-21 18:51:07.824871,2025-01-21 18:51:26.105104,0 days 00:00:18.280233,0.002925785096917751,1.3004222618641452,0.7897313401360426,14,8,COMPLETE
415,52.01,2025-01-21 18:51:26.200273,2025-01-21 18:51:45.808740,0 days 00:00:19.608467,0.8152958948588207,0.9082890554809094,0.5232805976464326,20,7,COMPLETE
416,52.349999999999994,2025-01-21 18:51:45.884206,2025-01-21 18:52:08.611044,0 days 00:00:22.726838,1.0842294382612432,1.1055621397483655,0.3909535968876656,27,6,COMPLETE
417,52.25,2025-01-21 18:52:08.673064,2025-01-21 18:52:28.745527,0 days 00:00:20.072463,0.7308372570181606,1.6953353364916033,0.4621410711320232,23,7,COMPLETE
418,51.72,2025-01-21 18:52:28.833883,2025-01-21 18:52:48.917384,0 days 00:00:20.083501,0.914144710345473,1.3861413566819347,0.3298235037972494,22,7,COMPLETE
419,49.63,2025-01-21 18:52:48.993203,2025-01-21 18:53:10.363653,0 days 00:00:21.370450,0.5087347913617023,1.8604566963793399,0.5852139524270985,25,9,COMPLETE
420,50.74999999999999,2025-01-21 18:53:10.433809,2025-01-21 18:53:29.804022,0 days 00:00:19.370213,1.6134891346902163,1.121260317479844,0.2566229177200995,20,7,COMPLETE
421,52.01,2025-01-21 18:53:29.863671,2025-01-21 18:53:53.642459,0 days 00:00:23.778788,0.610271105003362,1.5182053612445456,0.4108351845202095,31,6,COMPLETE
422,47.82,2025-01-21 18:53:53.742560,2025-01-21 18:54:12.259390,0 days 00:00:18.516830,5.84386239350324,1.968954856565593,0.523700974454314,18,8,COMPLETE
423,52.32,2025-01-21 18:54:12.359904,2025-01-21 18:54:35.391745,0 days 00:00:23.031841,1.2150694491842373,1.2563932906728432,0.36627414781868706,28,6,COMPLETE
424,52.629999999999995,2025-01-21 18:54:35.463616,2025-01-21 18:54:56.107301,0 days 00:00:20.643685,0.9549740312245248,0.9341098358435959,0.4588870465236149,24,7,COMPLETE
425,51.129999999999995,2025-01-21 18:54:56.190333,2025-01-21 18:55:17.503352,0 days 00:00:21.313019,0.792648753955459,1.0360000522544728,0.28660501869905863,25,7,COMPLETE
426,52.2,2025-01-21 18:55:17.580477,2025-01-21 18:55:40.212265,0 days 00:00:22.631788,0.9301457673235556,0.7498872508447825,0.4227160011607243,27,6,COMPLETE
427,51.55,2025-01-21 18:55:40.290907,2025-01-21 18:56:01.070355,0 days 00:00:20.779448,1.399706815860734,0.8685657149015784,0.3607470935198202,24,7,COMPLETE
428,48.39,2025-01-21 18:56:01.149062,2025-01-21 18:56:21.385320,0 days 00:00:20.236258,0.6379776033221609,1.5722493086989717,0.7031236202931624,23,7,COMPLETE
429,52.400000000000006,2025-01-21 18:56:21.452450,2025-01-21 18:57:06.691357,0 days 00:00:45.238907,1.0939694291112716,1.9242427622053324,0.4638434288158921,80,11,COMPLETE
430,48.27,2025-01-21 18:57:06.765152,2025-01-21 18:57:29.350366,0 days 00:00:22.585214,0.33228556628449757,1.4460894538114806,0.5970626319639941,26,6,COMPLETE
431,40.37,2025-01-21 18:57:29.651327,2025-01-21 18:57:49.441832,0 days 00:00:19.790505,0.7776026339429589,1.2712120231899406,1.2208863843851727,21,7,COMPLETE
432,51.73,2025-01-21 18:57:49.512520,2025-01-21 18:58:12.773939,0 days 00:00:23.261419,0.8994583010240159,1.6616179222309104,0.31429623607695184,29,6,COMPLETE
433,50.160000000000004,2025-01-21 18:58:12.870247,2025-01-21 18:58:33.539991,0 days 00:00:20.669744,1.2233023342103813,0.0011459167322240438,0.4115540603532896,24,7,COMPLETE
434,51.93,2025-01-21 18:58:33.619946,2025-01-21 18:58:52.600944,0 days 00:00:18.980998,0.6933999073662238,0.9369793405693799,0.5081298991990965,18,8,COMPLETE
435,50.21,2025-01-21 18:58:52.675698,2025-01-21 18:59:12.732611,0 days 00:00:20.056913,1.0931242363868614,0.04762465475461324,0.3741353325172528,22,7,COMPLETE
436,50.17,2025-01-21 18:59:12.817987,2025-01-21 18:59:35.240064,0 days 00:00:22.422077,2.1691514608896485,1.9626000813468913,0.4613655233139906,26,17,COMPLETE
437,51.080000000000005,2025-01-21 18:59:35.307833,2025-01-21 18:59:54.846826,0 days 00:00:19.538993,1.3750933436398949,0.7401348848031893,0.5674140316811364,20,8,COMPLETE
438,51.300000000000004,2025-01-21 18:59:54.915696,2025-01-21 19:00:17.761371,0 days 00:00:22.845675,0.8388097638917382,2.452532076294197,0.34419548351703644,28,5,COMPLETE
439,51.66,2025-01-21 19:00:17.831520,2025-01-21 19:00:38.849083,0 days 00:00:21.017563,0.5368660809071651,1.3390595901827866,0.4250578676130803,24,7,COMPLETE
440,23.25,2025-01-21 19:00:38.930797,2025-01-21 19:00:59.267439,0 days 00:00:20.336642,1.0103546529371072,1.653015163347833,0.0017962281316351305,22,8,COMPLETE
441,49.69,2025-01-21 19:00:59.335540,2025-01-21 19:01:17.373427,0 days 00:00:18.037887,0.7321569167411401,1.0407456823228327,0.6555223332282893,15,8,COMPLETE
442,51.949999999999996,2025-01-21 19:01:17.461137,2025-01-21 19:01:40.112914,0 days 00:00:22.651777,1.4956704107716854,1.1791632564166203,0.5266248534520847,26,6,COMPLETE
443,51.470000000000006,2025-01-21 19:01:40.202257,2025-01-21 19:02:20.162255,0 days 00:00:39.959998,0.9173825954528354,1.489945738825648,0.39117911636039016,68,27,COMPLETE
444,51.15,2025-01-21 19:02:20.235658,2025-01-21 19:02:51.778948,0 days 00:00:31.543290,1.1829991941859082,2.1147138621394674,0.26891408496125896,49,11,COMPLETE
445,40.81,2025-01-21 19:02:51.860555,2025-01-21 19:03:11.474210,0 days 00:00:19.613655,0.6144463708056106,1.364907846927882,0.12594378052380073,19,7,COMPLETE
446,52.339999999999996,2025-01-21 19:03:11.545182,2025-01-21 19:03:32.387630,0 days 00:00:20.842448,0.7938102805143218,1.7541819811134356,0.47201696020969097,24,7,COMPLETE
447,51.06,2025-01-21 19:03:32.474097,2025-01-21 19:03:47.893253,0 days 00:00:15.419156,1.680048982653422,0.9896500363344717,0.3416650100227474,8,7,COMPLETE
448,51.54,2025-01-21 19:03:47.984631,2025-01-21 19:04:07.737393,0 days 00:00:19.752762,1.044186676149998,2.6492885966020525,0.3042404405756602,21,8,COMPLETE
449,50.980000000000004,2025-01-21 19:04:07.810876,2025-01-21 19:04:31.158074,0 days 00:00:23.347198,0.8833316902624199,0.08906978170643372,0.5258280624744491,29,9,COMPLETE
450,52.31,2025-01-21 19:04:31.234899,2025-01-21 19:04:55.134287,0 days 00:00:23.899388,0.6840949873757968,1.2001867056992506,0.4510626297918866,31,5,COMPLETE
451,50.91,2025-01-21 19:04:55.206729,2025-01-21 19:05:15.334285,0 days 00:00:20.127556,1.3524672687234736,0.8636659738986139,0.6261096041193452,23,8,COMPLETE
452,52.6,2025-01-21 19:05:15.410192,2025-01-21 19:05:33.810434,0 days 00:00:18.400242,1.0818725653129075,1.7165918564438039,0.39501639252052984,17,8,COMPLETE
453,52.16,2025-01-21 19:05:33.896442,2025-01-21 19:05:51.745895,0 days 00:00:17.849453,1.1821896988613527,2.0566383248558773,0.38722770970003206,16,8,COMPLETE
454,46.19,2025-01-21 19:05:51.822046,2025-01-21 19:06:09.543359,0 days 00:00:17.721313,1.0460068148965123,1.677717318511982,0.15413461573094353,14,8,COMPLETE
455,48.55,2025-01-21 19:06:09.624377,2025-01-21 19:06:26.738354,0 days 00:00:17.113977,1.6435264429264875,0.17290506996120572,0.23096852744565813,13,8,COMPLETE
456,51.83,2025-01-21 19:06:26.821675,2025-01-21 19:06:44.931245,0 days 00:00:18.109570,1.3118619904835522,2.050427651267404,0.33316213313227067,16,8,COMPLETE
457,46.63,2025-01-21 19:06:45.006800,2025-01-21 19:07:03.649408,0 days 00:00:18.642608,1.033111584630854,2.353604604538116,0.8844949870762822,18,7,COMPLETE
458,52.23,2025-01-21 19:07:03.720545,2025-01-21 19:07:59.212886,0 days 00:00:55.492341,1.2359272738037004,1.670355727125168,0.4941842699415707,98,11,COMPLETE
459,51.690000000000005,2025-01-21 19:07:59.282563,2025-01-21 19:08:18.101032,0 days 00:00:18.818469,2.0130431695949316,3.2392683665003488,0.4006340357505873,18,7,COMPLETE
460,49.41,2025-01-21 19:08:18.181567,2025-01-21 19:08:37.721466,0 days 00:00:19.539899,0.9550741154404097,1.4611337856090305,0.7152510116988519,20,7,COMPLETE
461,51.04,2025-01-21 19:08:37.788393,2025-01-21 19:08:57.099209,0 days 00:00:19.310816,0.7869711831818634,1.8316607303967631,0.2869601237790131,20,8,COMPLETE
462,49.51,2025-01-21 19:08:57.182124,2025-01-21 19:09:17.141779,0 days 00:00:19.959655,0.44181408777635445,1.2024587799838458,0.5742177913116888,22,9,COMPLETE
463,52.62,2025-01-21 19:09:17.224484,2025-01-21 19:09:35.832127,0 days 00:00:18.607643,1.1167857403628532,1.4143697618598565,0.42753355394761716,17,8,COMPLETE
464,51.13999999999999,2025-01-21 19:09:35.902907,2025-01-21 19:09:52.666360,0 days 00:00:16.763453,1.4659619447894996,5.664053346968716,0.4779006060210075,12,8,COMPLETE
465,52.2,2025-01-21 19:09:52.741532,2025-01-21 19:10:10.226806,0 days 00:00:17.485274,1.1869045509780238,2.420364939188009,0.3685897973404085,15,8,COMPLETE
466,51.88,2025-01-21 19:10:10.301508,2025-01-21 19:10:29.009150,0 days 00:00:18.707642,1.703938534549562,1.5645830768028217,0.44690407294170387,17,8,COMPLETE
467,51.6,2025-01-21 19:10:29.084086,2025-01-21 19:10:47.638197,0 days 00:00:18.554111,1.3518788026606097,1.0209672892556014,0.5533260441652288,17,8,COMPLETE
468,51.72,2025-01-21 19:10:47.707542,2025-01-21 19:11:06.559101,0 days 00:00:18.851559,1.0701692847385085,0.6844438377568809,0.326991451710721,19,7,COMPLETE
469,52.83,2025-01-21 19:11:06.624175,2025-01-21 19:11:24.980321,0 days 00:00:18.356146,0.9975694774956471,2.088525880747532,0.42770112945988426,17,8,COMPLETE
470,52.290000000000006,2025-01-21 19:11:25.052045,2025-01-21 19:11:43.205434,0 days 00:00:18.153389,0.9393693075860301,1.9198310346040186,0.36997483756239613,14,8,COMPLETE
471,52.349999999999994,2025-01-21 19:11:43.292906,2025-01-21 19:12:00.216901,0 days 00:00:16.923995,0.8776643010886963,1.4047020232901908,0.4202770950955112,12,8,COMPLETE
472,51.64,2025-01-21 19:12:00.299717,2025-01-21 19:12:16.693246,0 days 00:00:16.393529,1.04542518861895,1.7650709990387046,0.5218450985691578,10,8,COMPLETE
473,51.55,2025-01-21 19:12:16.794412,2025-01-21 19:12:34.633731,0 days 00:00:17.839319,0.7822842951869999,1.1627641965980768,0.30487566229241037,16,8,COMPLETE
474,50.519999999999996,2025-01-21 19:12:34.710041,2025-01-21 19:12:53.160880,0 days 00:00:18.450839,0.9449893758633947,1.502866434424689,0.6546875504629689,17,7,COMPLETE
475,52.449999999999996,2025-01-21 19:12:53.245834,2025-01-21 19:13:11.152973,0 days 00:00:17.907139,1.1518571832909694,2.053648255229273,0.43669738362504723,15,8,COMPLETE
476,49.74,2025-01-21 19:13:11.237538,2025-01-21 19:13:30.154208,0 days 00:00:18.916670,2.673292855383046,0.8776906373597032,0.3747628976869738,19,7,COMPLETE
477,51.12,2025-01-21 19:13:30.225231,2025-01-21 19:13:48.951005,0 days 00:00:18.725774,1.478125263825346,1.297702509720942,0.25631799934087385,18,7,COMPLETE
478,51.6,2025-01-21 19:13:49.012324,2025-01-21 19:14:08.360528,0 days 00:00:19.348204,0.6714116598932578,1.6892725479291324,0.5056201318546178,20,9,COMPLETE
479,51.09,2025-01-21 19:14:08.447095,2025-01-21 19:14:28.508176,0 days 00:00:20.061081,0.842322446777046,1.079653119590139,0.5983927189277901,22,9,COMPLETE
480,52.35999999999999,2025-01-21 19:14:28.592547,2025-01-21 19:15:11.668778,0 days 00:00:43.076231,1.1062779838960985,1.4148929555831593,0.33840798969766767,75,10,COMPLETE
481,52.12,2025-01-21 19:15:11.744752,2025-01-21 19:15:29.545884,0 days 00:00:17.801132,0.9159644163834064,2.1742977443762834,0.43736116172670675,16,8,COMPLETE
482,51.31,2025-01-21 19:15:29.629664,2025-01-21 19:15:48.746105,0 days 00:00:19.116441,0.5718545048715927,1.782389469425544,0.497802860928737,19,7,COMPLETE
483,51.93,2025-01-21 19:15:48.824611,2025-01-21 19:16:08.720722,0 days 00:00:19.896111,1.2826061542835243,1.2082219565846193,0.3835079807300131,22,9,COMPLETE
484,48.230000000000004,2025-01-21 19:16:08.797520,2025-01-21 19:16:27.137015,0 days 00:00:18.339495,3.801356553959562,2.748273484706914,0.7294876139750242,14,8,COMPLETE
485,51.05,2025-01-21 19:16:27.208125,2025-01-21 19:16:48.034404,0 days 00:00:20.826279,0.7234373463079216,1.4993075700008498,0.302348353715707,24,9,COMPLETE
486,51.74999999999999,2025-01-21 19:16:48.102384,2025-01-21 19:17:07.950314,0 days 00:00:19.847930,1.042908966678097,0.9866221926948142,0.5569246816844245,21,7,COMPLETE
487,52.49,2025-01-21 19:17:08.032165,2025-01-21 19:17:30.389635,0 days 00:00:22.357470,0.8527362642500663,1.2699472018241895,0.43255186434897186,26,6,COMPLETE
488,52.019999999999996,2025-01-21 19:17:30.479599,2025-01-21 19:17:49.508189,0 days 00:00:19.028590,1.509185442275727,1.8208655823643367,0.35784613960521544,18,7,COMPLETE
489,36.22,2025-01-21 19:17:49.583705,2025-01-21 19:18:09.776782,0 days 00:00:20.193077,1.2008208769095732,2.161254183135768,0.0642113591057173,23,9,COMPLETE
490,51.24999999999999,2025-01-21 19:18:10.046163,2025-01-21 19:18:32.868127,0 days 00:00:22.821964,0.9983080292142854,0.3017787193485566,0.4788366954155824,27,13,COMPLETE
491,50.91,2025-01-21 19:18:32.942160,2025-01-21 19:18:52.604115,0 days 00:00:19.661955,0.7664700156406525,0.7843981768185393,0.2751895929537986,20,7,COMPLETE
492,49.96,2025-01-21 19:18:52.681405,2025-01-21 19:19:13.185731,0 days 00:00:20.504326,0.6317435769995527,1.5617316505099705,0.6119136060495469,24,9,COMPLETE
493,48.25,2025-01-21 19:19:13.272683,2025-01-21 19:19:31.941085,0 days 00:00:18.668402,1.3515320757776101,0.002642879277316781,0.2150755552506541,17,8,COMPLETE
494,51.25999999999999,2025-01-21 19:19:32.023496,2025-01-21 19:19:51.649511,0 days 00:00:19.626015,1.9415974964555407,1.113372778703631,0.39512483915342284,21,7,COMPLETE
495,52.290000000000006,2025-01-21 19:19:51.727275,2025-01-21 19:20:14.643395,0 days 00:00:22.916120,0.9335866321840266,1.3228025930128373,0.511376614331437,27,6,COMPLETE
496,0.5,2025-01-21 19:20:14.714904,2025-01-21 19:20:35.807790,0 days 00:00:21.092886,0.04702873641756518,1.6416069475724,0.8224785405143389,23,9,COMPLETE
497,51.980000000000004,2025-01-21 19:20:35.884939,2025-01-21 19:20:54.959519,0 days 00:00:19.074580,1.1277487481202042,0.9458978925322129,0.3196943423792547,19,8,COMPLETE
498,52.09,2025-01-21 19:20:55.028757,2025-01-21 19:21:12.687470,0 days 00:00:17.658713,0.7811941345439464,1.8365473230260814,0.42305540384829593,13,8,COMPLETE
499,51.5,2025-01-21 19:21:12.762183,2025-01-21 19:21:34.492785,0 days 00:00:21.730602,0.9591112779736056,1.41352134990204,0.5785135726659179,25,6,COMPLETE
500,50.529999999999994,2025-01-21 19:21:34.565248,2025-01-21 19:21:54.687968,0 days 00:00:20.122720,0.5590883457482179,2.3599785847326626,0.3701354164415932,22,7,COMPLETE
501,52.949999999999996,2025-01-21 19:21:54.775245,2025-01-21 19:22:06.248306,0 days 00:00:11.473061,1.2243053103549086,1.1190022127083135,0.47071150912695325,1,1,COMPLETE
502,51.6,2025-01-21 19:22:06.333477,2025-01-21 19:22:39.453435,0 days 00:00:33.119958,1.3975238402057097,0.8188829704007937,0.4904820696932927,53,10,COMPLETE
503,50.62,2025-01-21 19:22:39.521185,2025-01-21 19:22:51.070716,0 days 00:00:11.549531,1.2255553264006942,1.0397826435719164,0.6653521826619017,1,1,COMPLETE
504,51.4,2025-01-21 19:22:51.160996,2025-01-21 19:23:05.805336,0 days 00:00:14.644340,1.5628760320793116,1.096724042129172,0.34474914491647113,6,2,COMPLETE
505,51.03,2025-01-21 19:23:05.882288,2025-01-21 19:23:20.361025,0 days 00:00:14.478737,1.6514139760147422,0.668240956878182,0.4212405110957799,6,3,COMPLETE
506,51.62,2025-01-21 19:23:20.442623,2025-01-21 19:23:36.942060,0 days 00:00:16.499437,1.1076834919340055,1.2186770089558763,0.5441757240955708,10,8,COMPLETE
507,50.67,2025-01-21 19:23:37.023875,2025-01-21 19:24:00.844726,0 days 00:00:23.820851,1.9104053327267718,0.9647805272346142,0.4267001362435428,31,10,COMPLETE
508,51.6,2025-01-21 19:24:00.923122,2025-01-21 19:24:20.282282,0 days 00:00:19.359160,1.2661251611592947,1.2684125977479865,0.29786073428460175,20,8,COMPLETE
509,52.03,2025-01-21 19:24:20.352257,2025-01-21 19:24:43.236845,0 days 00:00:22.884588,0.8453314627737455,0.8512671335725744,0.36859559352397847,28,10,COMPLETE
510,51.790000000000006,2025-01-21 19:24:43.322005,2025-01-21 19:24:58.826054,0 days 00:00:15.504049,0.6957069974862325,1.463862072863239,0.4668584262199148,7,2,COMPLETE
511,51.5,2025-01-21 19:24:58.909455,2025-01-21 19:25:19.332369,0 days 00:00:20.422914,1.0913688625947475,1.173822068243224,0.5818922474295091,23,9,COMPLETE
512,0.5,2025-01-21 19:25:19.394439,2025-01-21 19:25:38.781359,0 days 00:00:19.386920,0.0075490093226508945,1.4900459906969745,0.32659490646099676,16,8,COMPLETE
513,50.03999999999999,2025-01-21 19:25:38.876316,2025-01-21 19:25:52.579497,0 days 00:00:13.703181,0.8309326339517155,1.1135136104463776,0.2471228946180044,3,1,COMPLETE
514,52.28,2025-01-21 19:25:52.654421,2025-01-21 19:26:14.112653,0 days 00:00:21.458232,1.3915766249112682,1.6517970199652094,0.40393735912054324,25,9,COMPLETE
515,52.239999999999995,2025-01-21 19:26:14.201690,2025-01-21 19:26:30.662580,0 days 00:00:16.460890,1.0163701862531256,1.3448080118598662,0.510592701881843,11,8,COMPLETE
516,49.09,2025-01-21 19:26:30.728478,2025-01-21 19:27:19.733815,0 days 00:00:49.005337,0.6745047741121557,1.0189648115083403,0.7142685433147064,87,12,COMPLETE
517,51.39,2025-01-21 19:27:19.806625,2025-01-21 19:27:39.536251,0 days 00:00:19.729626,0.4990795811495131,1.7976152058617998,0.4582482593423798,21,9,COMPLETE
518,52.0,2025-01-21 19:27:39.623744,2025-01-21 19:27:58.927241,0 days 00:00:19.303497,1.2154881521540497,0.8730396923580772,0.3532035144019075,18,8,COMPLETE
519,0.49,2025-01-21 19:27:59.025101,2025-01-21 19:28:23.594875,0 days 00:00:24.569774,0.01559459518516838,1.329593694370737,0.5552231177965063,29,10,COMPLETE
520,52.51,2025-01-21 19:28:23.679092,2025-01-21 19:28:43.939708,0 days 00:00:20.260616,0.944314149373753,1.4884842512737755,0.3957512420116655,23,9,COMPLETE
521,51.82,2025-01-21 19:28:44.005524,2025-01-21 19:29:03.165440,0 days 00:00:19.159916,1.805816050916269,1.9450325364552328,0.40862530093210336,20,9,COMPLETE
522,50.23,2025-01-21 19:29:03.246833,2025-01-21 19:29:23.260685,0 days 00:00:20.013852,2.4376239057723468,1.5471263854758792,0.4976905508614106,23,9,COMPLETE
523,51.12,2025-01-21 19:29:23.344262,2025-01-21 19:29:43.226459,0 days 00:00:19.882197,1.0332296837680965,1.2588204134097973,0.6224366049693559,22,9,COMPLETE
524,36.99,2025-01-21 19:29:43.304729,2025-01-21 19:30:02.843149,0 days 00:00:19.538420,0.8805385087523299,1.6426912312442359,1.5401446979706575,19,7,COMPLETE
525,51.129999999999995,2025-01-21 19:30:02.912804,2025-01-21 19:30:18.848819,0 days 00:00:15.936015,1.4889930768474786,1.931375229844876,0.30484942207712634,9,8,COMPLETE
526,52.080000000000005,2025-01-21 19:30:18.930298,2025-01-21 19:30:33.120636,0 days 00:00:14.190338,1.2322249969839134,1.119603111323726,0.4459859049251178,5,2,COMPLETE
527,52.18000000000001,2025-01-21 19:30:33.204029,2025-01-21 19:30:53.918362,0 days 00:00:20.714333,0.7187497472834962,0.715039610511343,0.3831173608152069,24,9,COMPLETE
528,52.339999999999996,2025-01-21 19:30:53.994188,2025-01-21 19:31:12.419659,0 days 00:00:18.425471,0.9755793800392627,1.5238965546701744,0.528156263259569,17,8,COMPLETE
529,50.870000000000005,2025-01-21 19:31:12.514485,2025-01-21 19:31:32.345680,0 days 00:00:19.831195,0.7989582770769922,0.9860582991439364,0.27030493215166224,21,7,COMPLETE
530,52.44,2025-01-21 19:31:32.438396,2025-01-21 19:32:02.371060,0 days 00:00:29.932664,1.1451411050138567,1.2941066651930113,0.4553707445694709,46,11,COMPLETE
531,30.04,2025-01-21 19:32:02.449701,2025-01-21 19:32:19.672372,0 days 00:00:17.222671,1.3678660775443934,0.005211141570135614,0.034222019121798314,13,8,COMPLETE
532,48.97,2025-01-21 19:32:19.741901,2025-01-21 19:32:39.517064,0 days 00:00:19.775163,0.6004069339648932,1.9832217927213032,0.6413279311662711,22,10,COMPLETE
533,52.07000000000001,2025-01-21 19:32:39.623101,2025-01-21 19:32:59.020282,0 days 00:00:19.397181,0.9497513286780314,1.615371506888688,0.33953023009034045,19,7,COMPLETE
534,0.5,2025-01-21 19:32:59.091482,2025-01-21 19:33:17.806187,0 days 00:00:18.714705,0.00104491325259205,1.2098066176888227,0.4026984662969717,15,8,COMPLETE
535,48.809999999999995,2025-01-21 19:33:17.910781,2025-01-21 19:33:39.740307,0 days 00:00:21.829526,1.6835614900527203,0.8868016209240132,0.8094088288249605,25,9,COMPLETE
536,47.099999999999994,2025-01-21 19:33:39.817208,2025-01-21 19:34:00.149158,0 days 00:00:20.331950,0.2331695478502062,1.4908489336529136,0.5061403313176155,23,14,COMPLETE
537,51.09,2025-01-21 19:34:00.232472,2025-01-21 19:34:14.617855,0 days 00:00:14.385383,0.7787533042335203,2.732510109513711,0.3649947118327172,4,4,COMPLETE
