number,value,datetime_start,datetime_complete,duration,params_gamma_1,params_gamma_2,params_lambda,params_n_clusters,params_n_neighbors,state
6579,35.24,2025-01-22 10:38:21.837982,2025-01-22 10:38:35.739123,0 days 00:00:13.901141,0.07743767869944948,0.9953305321213811,0.2991870970158092,2,1,COMPLETE
6580,51.55,2025-01-22 10:38:34.805421,2025-01-22 10:38:48.170126,0 days 00:00:13.364705,0.7986007292482997,0.9306019061743405,0.5449155909449498,2,1,COMPLETE
6581,51.68000000000001,2025-01-22 10:38:35.905477,2025-01-22 10:38:49.535927,0 days 00:00:13.630450,0.8080535271892354,1.193018437294645,0.5372333203220304,2,1,COMPLETE
6582,52.35999999999999,2025-01-22 10:38:48.366765,2025-01-22 10:39:02.405935,0 days 00:00:14.039170,1.3261214528571195,1.8812156107455515,0.40114991539028705,4,1,COMPLETE
6583,40.32,2025-01-22 10:38:49.705717,2025-01-22 10:39:05.252011,0 days 00:00:15.546294,1.3205488572114699,1.909412083766275,0.08989550890575942,6,1,COMPLETE
6584,52.23,2025-01-22 10:39:02.601957,2025-01-22 10:39:17.928998,0 days 00:00:15.327041,0.9998173738857887,1.6388013517808613,0.4760178127975299,6,1,COMPLETE
6585,51.29,2025-01-22 10:39:05.425696,2025-01-22 10:39:19.615703,0 days 00:00:14.190007,2.24025300253068,1.5610289510131865,0.46153320198336556,4,1,COMPLETE
6586,52.1,2025-01-22 10:39:18.124674,2025-01-22 10:39:32.891445,0 days 00:00:14.766771,0.6322272348925799,1.2458806714341828,0.3843061774792063,4,1,COMPLETE
6587,52.49,2025-01-22 10:39:20.264954,2025-01-22 10:39:34.882915,0 days 00:00:14.617961,1.1361858942299963,1.2227060777445977,0.3469992196506987,2,1,COMPLETE
6588,52.400000000000006,2025-01-22 10:39:33.106530,2025-01-22 10:39:46.794536,0 days 00:00:13.688006,1.0987428562057933,1.1730045623651313,0.3409569326722629,2,1,COMPLETE
6589,0.51,2025-01-22 10:39:35.547681,2025-01-22 10:39:50.093548,0 days 00:00:14.545867,0.0012380790057212932,3.016840566503527,0.6010122897664146,2,1,COMPLETE
6590,50.96000000000001,2025-01-22 10:39:47.154719,2025-01-22 10:40:02.552303,0 days 00:00:15.397584,1.5295493352410683,3.7750538078597566,0.5819754278558454,6,1,COMPLETE
6591,52.16,2025-01-22 10:39:50.258211,2025-01-22 10:40:07.257166,0 days 00:00:16.998955,1.4740190320951727,2.170213452392599,0.4279274214887276,11,2,COMPLETE
6592,51.339999999999996,2025-01-22 10:40:02.723947,2025-01-22 10:40:30.387171,0 days 00:00:27.663224,0.9484790244666663,1.4599071283609797,0.291887949261678,35,3,COMPLETE
6593,0.5,2025-01-22 10:40:07.437099,2025-01-22 10:40:50.551666,0 days 00:00:43.114567,0.01032105475045974,1.4721511009209942,0.2860677342477924,71,4,COMPLETE
6594,51.65,2025-01-22 10:40:30.566629,2025-01-22 10:40:44.779233,0 days 00:00:14.212604,2.000494933813559,1.6751788981568627,0.4869311154251012,4,1,COMPLETE
6595,52.32,2025-01-22 10:40:44.934088,2025-01-22 10:41:01.100049,0 days 00:00:16.165961,0.7408320571939354,1.0514578978885878,0.3980776079402248,8,6,COMPLETE
6596,52.410000000000004,2025-01-22 10:40:50.722965,2025-01-22 10:41:06.640343,0 days 00:00:15.917378,0.8887794878682502,1.0262181462972675,0.4030842040158846,8,6,COMPLETE
6597,48.58,2025-01-22 10:41:01.256556,2025-01-22 10:41:15.782458,0 days 00:00:14.525902,0.9277309738355793,0.9359986561789958,0.7189584600400968,4,1,COMPLETE
6598,48.870000000000005,2025-01-22 10:41:06.848566,2025-01-22 10:41:21.742956,0 days 00:00:14.894390,1.2489517370728866,1.938618780944374,0.734643727734952,4,1,COMPLETE
6599,52.61,2025-01-22 10:41:16.081454,2025-01-22 10:41:29.879586,0 days 00:00:13.798132,1.2582130883766907,1.9380799865273648,0.4992023616206527,2,1,COMPLETE
6600,49.82,2025-01-22 10:41:22.066074,2025-01-22 10:41:35.681721,0 days 00:00:13.615647,1.1400218019344492,1.3196086185620994,0.22208050174163668,2,1,COMPLETE
6601,50.4,2025-01-22 10:41:30.055539,2025-01-22 10:41:45.461917,0 days 00:00:15.406378,1.0988089461026342,1.3181751049540715,0.2452982720329756,6,1,COMPLETE
6602,20.39,2025-01-22 10:41:35.856254,2025-01-22 10:41:50.907315,0 days 00:00:15.051061,0.5416390583829156,1.6072917345472961,0.002771422613665089,6,1,COMPLETE
6603,50.93,2025-01-22 10:41:45.671875,2025-01-22 10:42:00.386636,0 days 00:00:14.714761,0.5485091766296816,1.6199683563302107,0.33820036275258736,5,1,COMPLETE
6604,51.74999999999999,2025-01-22 10:41:51.056957,2025-01-22 10:42:05.453898,0 days 00:00:14.396941,1.6470614401184245,2.216233281843053,0.3482121810399068,4,1,COMPLETE
6605,52.42,2025-01-22 10:42:00.569167,2025-01-22 10:42:14.492822,0 days 00:00:13.923655,1.4573496963608397,1.1572039360611759,0.5118140399161459,2,1,COMPLETE
6606,52.410000000000004,2025-01-22 10:42:05.620934,2025-01-22 10:42:19.413877,0 days 00:00:13.792943,1.4017013758131633,1.1124169855911659,0.5150559858651073,2,1,COMPLETE
6607,52.410000000000004,2025-01-22 10:42:14.656596,2025-01-22 10:42:29.392222,0 days 00:00:14.735626,0.9965141536725706,0.875208028692709,0.43438200760241824,4,1,COMPLETE
6608,51.12,2025-01-22 10:42:19.592730,2025-01-22 10:42:34.007837,0 days 00:00:14.415107,0.6968878978902122,0.023062386322551233,0.4338829197672443,4,1,COMPLETE
6609,49.43,2025-01-22 10:42:29.836814,2025-01-22 10:43:09.628054,0 days 00:00:39.791240,0.6646735291487551,1.3806082902489722,0.6184753499132145,60,31,COMPLETE
6610,51.99,2025-01-22 10:42:34.188729,2025-01-22 10:42:50.015901,0 days 00:00:15.827172,0.7994859896858844,1.4446379727224758,0.3769633952333972,7,1,COMPLETE
6611,50.94,2025-01-22 10:42:50.292544,2025-01-22 10:43:03.742783,0 days 00:00:13.450239,1.0046735750202724,1.8229276013872862,0.6004461721355197,2,1,COMPLETE
6612,51.83,2025-01-22 10:43:03.894856,2025-01-22 10:43:18.815222,0 days 00:00:14.920366,1.271040744813395,1.3421133296262233,0.31110395009699615,4,1,COMPLETE
6613,44.3,2025-01-22 10:43:10.198736,2025-01-22 10:43:24.749610,0 days 00:00:14.550874,1.2889764015836351,2.4327803678670845,0.9405169803336971,4,1,COMPLETE
6614,52.55,2025-01-22 10:43:18.983524,2025-01-22 10:43:33.167747,0 days 00:00:14.184223,1.7221767052287067,2.5526030000573643,0.4537332321255786,2,1,COMPLETE
6615,52.370000000000005,2025-01-22 10:43:24.916296,2025-01-22 10:43:38.317339,0 days 00:00:13.401043,1.7613283244986129,1.744791090596954,0.4661238087068723,2,1,COMPLETE
6616,52.339999999999996,2025-01-22 10:43:33.496427,2025-01-22 10:43:48.729060,0 days 00:00:15.232633,0.9933429970245965,1.720657395774212,0.3888737766414096,6,1,COMPLETE
6617,52.400000000000006,2025-01-22 10:43:38.499862,2025-01-22 10:43:53.645778,0 days 00:00:15.145916,0.8867054222391836,1.0601067339013295,0.3893024585622446,6,1,COMPLETE
6618,51.85999999999999,2025-01-22 10:43:49.035124,2025-01-22 10:44:04.199435,0 days 00:00:15.164311,0.8488890538062972,1.059884827190589,0.32445439628786826,6,1,COMPLETE
6619,51.519999999999996,2025-01-22 10:43:53.816158,2025-01-22 10:44:10.637333,0 days 00:00:16.821175,1.1425280584467847,1.2800530088219444,0.5477011447819814,10,2,COMPLETE
6620,51.49,2025-01-22 10:44:04.593264,2025-01-22 10:44:21.416924,0 days 00:00:16.823660,1.1477405817893307,1.2918158407378941,0.5487454236567224,10,2,COMPLETE
6621,30.23,2025-01-22 10:44:10.791180,2025-01-22 10:44:25.511707,0 days 00:00:14.720527,0.0342008251105104,0.86752038554161,0.4993123720992231,4,1,COMPLETE
6622,52.0,2025-01-22 10:44:21.590049,2025-01-22 10:44:36.013801,0 days 00:00:14.423752,1.4156255702995166,0.8629196940960906,0.4298794993160764,4,1,COMPLETE
6623,52.65,2025-01-22 10:44:25.899110,2025-01-22 10:44:39.630371,0 days 00:00:13.731261,1.5653229483998468,2.068405978281758,0.4195792217778508,2,1,COMPLETE
6624,30.36,2025-01-22 10:44:36.205531,2025-01-22 10:44:49.774333,0 days 00:00:13.568802,2.062560796703087,1.5306994564188483,0.02868516253548194,2,1,COMPLETE
6625,0.5,2025-01-22 10:44:39.801594,2025-01-22 10:44:54.459474,0 days 00:00:14.657880,0.0064557091915707345,1.4939704066249682,0.27879626029672055,2,1,COMPLETE
6626,48.4,2025-01-22 10:44:49.951892,2025-01-22 10:45:35.999685,0 days 00:00:46.047793,1.00590524511511,0.12719230858108105,0.2783445185830568,79,49,COMPLETE
6627,50.21,2025-01-22 10:44:54.636286,2025-01-22 10:45:11.896131,0 days 00:00:17.259845,2.6042956717473693,1.2073447654944593,0.3666521590364329,14,2,COMPLETE
6628,51.449999999999996,2025-01-22 10:45:12.067768,2025-01-22 10:45:27.785870,0 days 00:00:15.718102,0.9691552084251983,1.8152444848534692,0.3227759192357651,8,7,COMPLETE
6629,50.17,2025-01-22 10:45:27.990635,2025-01-22 10:45:42.744376,0 days 00:00:14.753741,1.2605552901186878,2.10697038097648,0.6516322944616438,5,1,COMPLETE
6630,49.82,2025-01-22 10:45:36.169445,2025-01-22 10:45:51.418289,0 days 00:00:15.248844,1.2665174315206507,1.5520163363852273,0.6731632986399708,5,1,COMPLETE
6631,52.05,2025-01-22 10:45:42.935994,2025-01-22 10:45:57.545088,0 days 00:00:14.609094,0.7920985748207838,1.57068855884543,0.4772002859868515,4,1,COMPLETE
6632,52.28,2025-01-22 10:45:51.595229,2025-01-22 10:46:05.520591,0 days 00:00:13.925362,0.7776652491722751,1.149966021628834,0.4921530608950484,2,1,COMPLETE
6633,52.75,2025-01-22 10:45:57.714057,2025-01-22 10:46:11.361048,0 days 00:00:13.646991,1.1199226245222396,1.1002125483390743,0.3659754763160397,2,1,COMPLETE
6634,52.27,2025-01-22 10:46:05.696752,2025-01-22 10:46:21.543014,0 days 00:00:15.846262,1.099140660003473,1.3025957773198067,0.36293895124888925,4,1,COMPLETE
6635,50.56,2025-01-22 10:46:11.534508,2025-01-22 10:46:27.581797,0 days 00:00:16.047289,1.4825579910210684,0.081547425969342,0.41452452214483865,7,1,COMPLETE
6636,51.980000000000004,2025-01-22 10:46:21.742700,2025-01-22 10:46:37.662062,0 days 00:00:15.919362,1.4938614630921105,1.9354203036167024,0.4247648842826677,7,1,COMPLETE
6637,51.339999999999996,2025-01-22 10:46:27.795024,2025-01-22 10:46:42.158660,0 days 00:00:14.363636,0.9097324648397581,1.9774625150477558,0.5540019826726686,4,1,COMPLETE
6638,51.66,2025-01-22 10:46:38.122566,2025-01-22 10:46:52.873373,0 days 00:00:14.750807,0.9368286545238651,0.9709033923963762,0.547597919189823,4,1,COMPLETE
6639,51.09,2025-01-22 10:46:42.327728,2025-01-22 10:46:56.178408,0 days 00:00:13.850680,1.961464908287464,1.395662826047174,0.3116690514243565,2,1,COMPLETE
6640,30.470000000000002,2025-01-22 10:46:53.054902,2025-01-22 10:47:07.431685,0 days 00:00:14.376783,1.2982226878930336,1.412944655442922,2.320530018094665,2,1,COMPLETE
6641,44.379999999999995,2025-01-22 10:46:56.361791,2025-01-22 10:47:09.627051,0 days 00:00:13.265260,1.282775898065503,1.6373784228233126,0.12565684828569976,2,1,COMPLETE
6642,52.23,2025-01-22 10:47:07.630557,2025-01-22 10:47:22.801533,0 days 00:00:15.170976,1.1409748661558519,1.6041890002311605,0.46355078607315936,6,5,COMPLETE
6643,52.480000000000004,2025-01-22 10:47:10.379717,2025-01-22 10:47:25.458885,0 days 00:00:15.079168,1.074051790164249,1.202389055145492,0.4475814921459044,6,1,COMPLETE
6644,51.959999999999994,2025-01-22 10:47:23.143244,2025-01-22 10:47:38.315603,0 days 00:00:15.172359,0.7107873355569935,1.161532290516117,0.35175132407757964,4,1,COMPLETE
6645,50.46000000000001,2025-01-22 10:47:26.000465,2025-01-22 10:47:40.771519,0 days 00:00:14.771054,0.6726120232298859,2.777830407558158,0.3503978641326411,4,1,COMPLETE
6646,50.03999999999999,2025-01-22 10:47:38.490409,2025-01-22 10:47:52.611797,0 days 00:00:14.121388,1.5986922161911383,3.0053571924818794,0.24036540439353282,4,1,COMPLETE
6647,50.14999999999999,2025-01-22 10:47:41.049678,2025-01-22 10:48:19.715336,0 days 00:00:38.665658,1.684642002572169,2.2409171560073275,0.23418879018944228,57,3,COMPLETE
6648,50.129999999999995,2025-01-22 10:47:53.023667,2025-01-22 10:48:09.259605,0 days 00:00:16.235938,0.8666882128260015,2.2698753318698888,0.6030498311041806,8,1,COMPLETE
6649,51.73,2025-01-22 10:48:09.414889,2025-01-22 10:48:22.440134,0 days 00:00:13.025245,1.7616543842380665,0.9604554564221789,0.3986347087719744,2,1,COMPLETE
6650,38.690000000000005,2025-01-22 10:48:19.910842,2025-01-22 10:48:33.628912,0 days 00:00:13.718070,1.0201536403725553,0.9421741270808944,1.2491415152089114,2,1,COMPLETE
6651,52.690000000000005,2025-01-22 10:48:22.650536,2025-01-22 10:48:36.119093,0 days 00:00:13.468557,1.005669261698984,1.3762507369253698,0.4895336403982284,2,1,COMPLETE
6652,52.12,2025-01-22 10:48:33.787326,2025-01-22 10:48:48.882292,0 days 00:00:15.094966,1.332169766870796,1.7848642110726556,0.49504502343320733,5,1,COMPLETE
6653,51.519999999999996,2025-01-22 10:48:36.718917,2025-01-22 10:48:51.557203,0 days 00:00:14.838286,1.399495055351301,1.7447485880669071,0.31429830166556294,5,1,COMPLETE
6654,51.42,2025-01-22 10:48:49.208946,2025-01-22 10:49:04.094780,0 days 00:00:14.885834,0.8173601324605498,1.3262337112108744,0.3079290867196382,6,1,COMPLETE
6655,52.31,2025-01-22 10:48:51.831970,2025-01-22 10:49:08.119968,0 days 00:00:16.287998,0.8725124940934643,1.3421984200794186,0.40652793176781143,8,1,COMPLETE
6656,0.5,2025-01-22 10:49:04.296875,2025-01-22 10:49:19.728841,0 days 00:00:15.431966,0.002577649802761296,1.501911851678102,0.3992655287892019,4,1,COMPLETE
6657,0.5,2025-01-22 10:49:08.280348,2025-01-22 10:49:23.540995,0 days 00:00:15.260647,0.002423024729564418,1.105243100638356,0.10627224981648868,4,1,COMPLETE
6658,51.53,2025-01-22 10:49:19.945060,2025-01-22 10:49:33.804929,0 days 00:00:13.859869,1.1307683789538898,1.1107306361529306,0.5775011746702249,2,1,COMPLETE
6659,50.86000000000001,2025-01-22 10:49:23.699997,2025-01-22 10:49:37.305988,0 days 00:00:13.605991,1.199206513754415,1.8535396106464208,0.6281571883255459,2,1,COMPLETE
6660,25.05,2025-01-22 10:49:33.997865,2025-01-22 10:49:47.567759,0 days 00:00:13.569894,1.2119562386282332,0.8008322732064118,0.007830082843290119,2,1,COMPLETE
6661,52.059999999999995,2025-01-22 10:49:37.499219,2025-01-22 10:49:52.536037,0 days 00:00:15.036818,1.5339961064511471,1.5913667428060132,0.4623849815321168,6,1,COMPLETE
6662,46.69,2025-01-22 10:49:47.737298,2025-01-22 10:50:03.137890,0 days 00:00:15.400592,1.450151700931828,1.5222618185487549,0.8326184838025417,6,1,COMPLETE
6663,47.99,2025-01-22 10:49:52.712011,2025-01-22 10:50:07.270798,0 days 00:00:14.558787,1.001684467240273,1.272772395559658,0.7512810423244242,4,1,COMPLETE
6664,51.0,2025-01-22 10:50:03.320848,2025-01-22 10:50:28.868463,0 days 00:00:25.547615,0.9797310910344548,1.2460926404725794,0.36155993628446553,31,21,COMPLETE
6665,51.62,2025-01-22 10:50:07.599357,2025-01-22 10:50:21.886004,0 days 00:00:14.286647,0.7444235064621448,1.9569980117276902,0.35326854481465647,4,1,COMPLETE
6666,51.92,2025-01-22 10:50:22.024755,2025-01-22 10:50:38.576463,0 days 00:00:16.551708,0.9689565958563542,1.0101582773645854,0.5184108153344307,9,2,COMPLETE
6667,36.21,2025-01-22 10:50:29.025878,2025-01-22 10:50:45.998845,0 days 00:00:16.972967,2.0579105095895263,1.0368446608245467,0.05960040220212746,9,2,COMPLETE
6668,51.23,2025-01-22 10:50:38.767806,2025-01-22 10:50:52.089395,0 days 00:00:13.321589,1.2981881239526085,1.6259278458545796,0.26881534787407974,2,1,COMPLETE
6669,52.88,2025-01-22 10:50:46.308428,2025-01-22 10:51:00.059342,0 days 00:00:13.750914,1.3226643185086073,1.6457110485286628,0.43442386873997985,2,1,COMPLETE
6670,51.43,2025-01-22 10:50:52.273505,2025-01-22 10:51:07.189293,0 days 00:00:14.915788,0.598932327362585,2.1255666821691417,0.433992495951275,4,1,COMPLETE
6671,51.949999999999996,2025-01-22 10:51:00.226244,2025-01-22 10:51:14.982073,0 days 00:00:14.755829,0.8276726681374363,2.3079124260472654,0.4133861619929347,4,1,COMPLETE
6672,51.49,2025-01-22 10:51:07.611317,2025-01-22 10:51:23.606978,0 days 00:00:15.995661,0.8286280598778453,1.3741175489633008,0.535211622054506,6,1,COMPLETE
6673,51.65,2025-01-22 10:51:15.171076,2025-01-22 10:51:30.805530,0 days 00:00:15.634454,1.117304367787091,1.3640899622611187,0.5488931844658016,6,1,COMPLETE
6674,51.65,2025-01-22 10:51:24.062832,2025-01-22 10:51:37.857419,0 days 00:00:13.794587,1.118959828234268,0.7926241902972153,0.31015701724325756,2,1,COMPLETE
6675,51.07000000000001,2025-01-22 10:51:30.977377,2025-01-22 10:51:45.104901,0 days 00:00:14.127524,1.7360474791345895,0.8915448910496335,0.30547616197433974,2,1,COMPLETE
6676,51.81,2025-01-22 10:51:38.047311,2025-01-22 10:51:53.137635,0 days 00:00:15.090324,1.649945383347171,1.8312762389712798,0.36698911769716697,4,1,COMPLETE
6677,52.12,2025-01-22 10:51:45.714552,2025-01-22 10:52:00.782548,0 days 00:00:15.067996,1.45201115549051,1.8313228475519883,0.3821172688583412,4,1,COMPLETE
6678,52.339999999999996,2025-01-22 10:51:53.348817,2025-01-22 10:52:08.536487,0 days 00:00:15.187670,1.1446274978891238,1.2068149279940814,0.4684389379784591,4,1,COMPLETE
6679,52.56999999999999,2025-01-22 10:52:01.123195,2025-01-22 10:52:14.463240,0 days 00:00:13.340045,1.1500274349830146,1.1415452280686975,0.4901168560224051,2,1,COMPLETE
6680,52.480000000000004,2025-01-22 10:52:08.758250,2025-01-22 10:52:22.422409,0 days 00:00:13.664159,0.9357216233691409,1.5083431731248105,0.4936604392243538,2,1,COMPLETE
6681,49.19,2025-01-22 10:52:14.634001,2025-01-22 10:52:30.644558,0 days 00:00:16.010557,0.9118290876510984,1.461188164281936,0.6685507520546523,7,1,COMPLETE
6682,49.74,2025-01-22 10:52:22.721755,2025-01-22 10:52:38.915835,0 days 00:00:16.194080,1.370223852815917,1.4986880749475957,0.6784750890997513,7,1,COMPLETE
6683,30.380000000000003,2025-01-22 10:52:30.795919,2025-01-22 10:53:08.521247,0 days 00:00:37.725328,2.4313644303293547,0.006126519633443036,2.9747714056017265,52,4,COMPLETE
6684,51.0,2025-01-22 10:52:39.088233,2025-01-22 10:53:08.595422,0 days 00:00:29.507189,0.40224769071848304,1.146477194379577,0.3995352552637565,41,3,COMPLETE
6685,50.160000000000004,2025-01-22 10:53:08.736172,2025-01-22 10:53:23.828414,0 days 00:00:15.092242,0.6972479397792243,0.030663571673079374,0.3379452567491577,4,1,COMPLETE
6686,51.239999999999995,2025-01-22 10:53:08.928429,2025-01-22 10:53:23.823723,0 days 00:00:14.895294,0.7076040401437951,1.9475763790541103,0.32603970032525775,4,1,COMPLETE
6687,51.11,2025-01-22 10:53:23.985562,2025-01-22 10:53:41.494090,0 days 00:00:17.508528,1.3186298462155124,0.952384468588018,0.5746855936107528,12,2,COMPLETE
6688,51.35999999999999,2025-01-22 10:53:24.235708,2025-01-22 10:53:38.480916,0 days 00:00:14.245208,1.9605015986411722,0.9605013396734047,0.5709661576307457,2,1,COMPLETE
6689,52.49,2025-01-22 10:53:38.651177,2025-01-22 10:53:53.955588,0 days 00:00:15.304411,1.0558415463298254,1.287841891234503,0.42813644919092225,6,1,COMPLETE
6690,52.470000000000006,2025-01-22 10:53:41.686367,2025-01-22 10:53:56.726237,0 days 00:00:15.039870,1.035661518963474,1.318174989867528,0.42351552284081545,6,1,COMPLETE
6691,51.21,2025-01-22 10:53:54.102546,2025-01-22 10:54:07.855484,0 days 00:00:13.752938,1.5370547201526528,2.4525383999662367,0.2670448863781604,2,1,COMPLETE
6692,36.63,2025-01-22 10:53:56.891290,2025-01-22 10:54:10.694000,0 days 00:00:13.802710,0.1679644714077824,1.708759745167326,0.2622740524704066,2,1,COMPLETE
6693,52.22,2025-01-22 10:54:08.027353,2025-01-22 10:54:22.852496,0 days 00:00:14.825143,1.2518891354833783,1.7897811254251395,0.3655752849550477,4,1,COMPLETE
6694,51.42,2025-01-22 10:54:10.858567,2025-01-22 10:54:25.745393,0 days 00:00:14.886826,0.866790128547791,0.22110538829633658,0.3701302789746567,4,1,COMPLETE
6695,51.370000000000005,2025-01-22 10:54:23.042924,2025-01-22 10:54:39.002170,0 days 00:00:15.959246,0.8388605555715806,0.232146876136912,0.474798600723373,8,7,COMPLETE
6696,49.24,2025-01-22 10:54:26.112392,2025-01-22 10:54:53.226093,0 days 00:00:27.113701,4.356687292931415,1.0814464717971628,0.4908624259051594,37,3,COMPLETE
6697,52.669999999999995,2025-01-22 10:54:39.173583,2025-01-22 10:54:53.107463,0 days 00:00:13.933880,1.1170491204991273,1.1148479307252441,0.4769616218215702,2,1,COMPLETE
6698,50.49,2025-01-22 10:54:53.326163,2025-01-22 10:55:08.170440,0 days 00:00:14.844277,3.0333222287940753,4.171976185782688,0.4008940053580756,5,1,COMPLETE
6699,52.1,2025-01-22 10:54:53.499981,2025-01-22 10:55:08.673986,0 days 00:00:15.174005,1.4559648269538767,2.1229570656473298,0.39966545301828216,5,1,COMPLETE
6700,51.71,2025-01-22 10:55:08.359774,2025-01-22 10:55:22.513443,0 days 00:00:14.153669,1.4539797353490256,1.52022595085599,0.3084746091801511,2,1,COMPLETE
6701,49.16,2025-01-22 10:55:08.909700,2025-01-22 10:55:22.841366,0 days 00:00:13.931666,1.7107527950351085,1.5552278739888465,0.20430875673404092,2,1,COMPLETE
6702,51.62,2025-01-22 10:55:22.700118,2025-01-22 10:55:37.294266,0 days 00:00:14.594148,0.9939950817137706,1.3451759661089155,0.5550818384547527,4,1,COMPLETE
6703,51.83,2025-01-22 10:55:23.079407,2025-01-22 10:55:37.823605,0 days 00:00:14.744198,1.011923306825811,1.3214899453287248,0.5328072838176253,4,1,COMPLETE
6704,51.77,2025-01-22 10:55:37.467580,2025-01-22 10:55:54.091394,0 days 00:00:16.623814,1.2248388753748367,1.2933808678459133,0.35601304319902627,8,1,COMPLETE
6705,51.49,2025-01-22 10:55:38.040733,2025-01-22 10:55:55.018637,0 days 00:00:16.977904,1.2460060868555316,0.8501549271277214,0.335513406279987,8,1,COMPLETE
6706,52.6,2025-01-22 10:55:54.242176,2025-01-22 10:56:07.650906,0 days 00:00:13.408730,0.7935527053658747,0.8199900705764175,0.4478667376026762,2,1,COMPLETE
6707,49.220000000000006,2025-01-22 10:55:55.215761,2025-01-22 10:56:10.537221,0 days 00:00:15.321460,0.7819213010519983,1.8598962026638326,0.6447155780498166,6,1,COMPLETE
6708,49.93,2025-01-22 10:56:07.847099,2025-01-22 10:57:04.510526,0 days 00:00:56.663427,0.5851111244854081,1.704307561873354,0.2903819301570865,89,3,COMPLETE
6709,52.01,2025-01-22 10:56:10.702300,2025-01-22 10:56:24.721698,0 days 00:00:14.019398,1.9136430027817783,2.5333241805942066,0.42817598295038106,4,1,COMPLETE
6710,51.7,2025-01-22 10:56:24.889340,2025-01-22 10:56:39.372732,0 days 00:00:14.483392,1.1494953289402374,1.645977136845074,0.28648162337249905,2,1,COMPLETE
6711,51.88,2025-01-22 10:56:39.537379,2025-01-22 10:56:54.474492,0 days 00:00:14.937113,1.3625171391870916,1.0923775813165353,0.379607660520259,6,1,COMPLETE
6712,49.25,2025-01-22 10:56:54.668741,2025-01-22 10:57:08.991748,0 days 00:00:14.323007,0.6132977300272804,2.1023853442689737,0.6077589595884544,4,1,COMPLETE
