number,value,datetime_start,datetime_complete,duration,params_gamma_1,params_gamma_2,params_lambda,params_n_clusters,params_n_neighbors,state
6981,52.27,2025-01-22 11:33:58.297266,2025-01-22 11:34:12.637002,0 days 00:00:14.339736,1.0660786457413098,1.1634833148097339,0.48868176871318736,4,1,COMPLETE
6982,52.349999999999994,2025-01-22 11:34:02.491512,2025-01-22 11:34:16.462205,0 days 00:00:13.970693,0.9755257305916554,2.6249574509449927,0.48736529266909084,2,1,COMPLETE
6983,51.949999999999996,2025-01-22 11:34:12.818724,2025-01-22 11:34:26.115096,0 days 00:00:13.296372,1.9400770961043388,1.8192826803821525,0.388607825792814,2,1,COMPLETE
6984,51.38,2025-01-22 11:34:16.640613,2025-01-22 11:34:33.907979,0 days 00:00:17.267366,1.8348185074696508,1.8424748390184174,0.3658889488578968,10,2,COMPLETE
6985,51.78,2025-01-22 11:34:26.273251,2025-01-22 11:34:41.913414,0 days 00:00:15.640163,1.2781118252641241,1.3588869544181634,0.3168783147735622,6,1,COMPLETE
6986,50.5,2025-01-22 11:34:34.088577,2025-01-22 11:34:49.250868,0 days 00:00:15.162291,1.3160920603730437,0.28396533057070655,0.30057387259875185,5,1,COMPLETE
6987,50.1,2025-01-22 11:34:42.102704,2025-01-22 11:34:57.824091,0 days 00:00:15.721387,0.6347475974712958,1.6171725374579282,0.5842878140916452,4,1,COMPLETE
6988,50.74999999999999,2025-01-22 11:34:49.431105,2025-01-22 11:35:04.535039,0 days 00:00:15.103934,0.634340563297007,1.579532839262217,0.5587177945525371,4,1,COMPLETE
6989,52.5,2025-01-22 11:34:58.090333,2025-01-22 11:35:12.041928,0 days 00:00:13.951595,1.5495746020922094,1.3491133596476117,0.43593144493267455,2,1,COMPLETE
6990,52.5,2025-01-22 11:35:04.874522,2025-01-22 11:35:19.102234,0 days 00:00:14.227712,1.5296644014088023,1.2877143520973038,0.4365690471809921,2,1,COMPLETE
6991,52.68000000000001,2025-01-22 11:35:12.227116,2025-01-22 11:35:28.095486,0 days 00:00:15.868370,0.8388617938777461,1.0816861417130195,0.4288141023133976,6,1,COMPLETE
6992,52.129999999999995,2025-01-22 11:35:19.266413,2025-01-22 11:35:35.075551,0 days 00:00:15.809138,0.8868897987507728,1.0617597944520458,0.35686893168891426,6,1,COMPLETE
6993,52.11,2025-01-22 11:35:28.389245,2025-01-22 11:35:43.448040,0 days 00:00:15.058795,0.9900466894924513,2.0816846802002043,0.35055186694986135,4,1,COMPLETE
6994,51.970000000000006,2025-01-22 11:35:35.501236,2025-01-22 11:35:50.107923,0 days 00:00:14.606687,1.1112798340274643,1.9963751104006222,0.5279593897114928,4,1,COMPLETE
6995,52.72,2025-01-22 11:35:43.890305,2025-01-22 11:35:58.050538,0 days 00:00:14.160233,1.161442389022935,1.6505338219263728,0.505549873251324,2,1,COMPLETE
6996,52.68000000000001,2025-01-22 11:35:50.287853,2025-01-22 11:36:04.046985,0 days 00:00:13.759132,1.2177333929019614,1.623806412171846,0.4871309449396898,2,1,COMPLETE
6997,52.03,2025-01-22 11:35:58.248408,2025-01-22 11:36:15.426397,0 days 00:00:17.177989,0.753347456474931,1.42691310104587,0.39792509603987974,9,2,COMPLETE
6998,50.72,2025-01-22 11:36:04.226130,2025-01-22 11:36:19.933019,0 days 00:00:15.706889,0.8070204002209825,1.360626146146514,0.27529627082604763,7,1,COMPLETE
6999,46.239999999999995,2025-01-22 11:36:15.605529,2025-01-22 11:36:30.429459,0 days 00:00:14.823930,5.054897520886291,0.7008747978013852,0.26404569804420025,4,1,COMPLETE
7000,51.07000000000001,2025-01-22 11:36:20.094949,2025-01-22 11:36:34.379827,0 days 00:00:14.284878,1.4045336208909658,4.449840221583163,0.3209296296055445,4,1,COMPLETE
7001,51.800000000000004,2025-01-22 11:36:30.641697,2025-01-22 11:36:44.086535,0 days 00:00:13.444838,1.45280925805649,0.9966157868478007,0.32541714651723486,2,1,COMPLETE
7002,34.839999999999996,2025-01-22 11:36:34.575232,2025-01-22 11:37:38.155407,0 days 00:01:03.580175,1.0071972358310803,0.9755199709782694,1.6559381136808553,98,3,COMPLETE
7003,52.44,2025-01-22 11:36:44.301326,2025-01-22 11:36:59.212224,0 days 00:00:14.910898,1.0165244654044296,1.189865884153124,0.40422843030197175,6,1,COMPLETE
7004,51.01,2025-01-22 11:36:59.431711,2025-01-22 11:37:12.624509,0 days 00:00:13.192798,1.7058458580969962,2.534484597783715,0.6174298841592037,2,1,COMPLETE
7005,52.239999999999995,2025-01-22 11:37:12.801547,2025-01-22 11:37:27.126778,0 days 00:00:14.325231,0.9816274134220824,1.926157978475144,0.46178782034731247,4,1,COMPLETE
7006,48.76,2025-01-22 11:37:27.306403,2025-01-22 11:37:40.391098,0 days 00:00:13.084695,1.277391193012096,1.4024114918329698,0.753459715077018,2,1,COMPLETE
7007,45.300000000000004,2025-01-22 11:37:38.479237,2025-01-22 11:37:52.187762,0 days 00:00:13.708525,1.233235919689783,1.4625152755297925,0.1397489933049198,2,1,COMPLETE
7008,52.080000000000005,2025-01-22 11:37:41.066365,2025-01-22 11:37:57.480305,0 days 00:00:16.413940,1.1817052220847235,1.6646829318953547,0.3900505773593869,8,1,COMPLETE
7009,24.05,2025-01-22 11:37:52.788453,2025-01-22 11:38:09.178597,0 days 00:00:16.390144,1.649963935277855,1.1733295824617866,0.0047004304938821195,8,1,COMPLETE
7010,51.370000000000005,2025-01-22 11:37:57.659332,2025-01-22 11:38:12.575331,0 days 00:00:14.915999,0.8776740889449497,1.1905618317020648,0.5572767763088581,5,1,COMPLETE
7011,51.190000000000005,2025-01-22 11:38:09.331507,2025-01-22 11:38:24.566313,0 days 00:00:15.234806,0.8895968496996829,2.0203353889608797,0.5576808683676421,5,1,COMPLETE
7012,51.92,2025-01-22 11:38:12.758439,2025-01-22 11:38:27.438672,0 days 00:00:14.680233,0.7351784905860614,1.9533374398329688,0.44629217409019845,4,1,COMPLETE
7013,0.51,2025-01-22 11:38:24.757120,2025-01-22 11:38:40.594339,0 days 00:00:15.837219,0.0015594505445157398,0.8865372367434716,0.4455634714011841,4,1,COMPLETE
7014,50.7,2025-01-22 11:38:27.613445,2025-01-22 11:38:41.562185,0 days 00:00:13.948740,2.2862747973824775,0.8458233505258136,0.3450805337574213,2,1,COMPLETE
7015,52.54,2025-01-22 11:38:40.776268,2025-01-22 11:38:54.017816,0 days 00:00:13.241548,1.4246927143693133,1.6536482566513901,0.3660523602556964,2,1,COMPLETE
7016,52.09,2025-01-22 11:38:41.755400,2025-01-22 11:38:57.221739,0 days 00:00:15.466339,1.3692173543273136,1.6293492735084245,0.3728771939716126,6,1,COMPLETE
7017,52.25,2025-01-22 11:38:54.408098,2025-01-22 11:39:10.141710,0 days 00:00:15.733612,1.0973921065720182,1.3066909844855978,0.4874076053936758,6,1,COMPLETE
7018,0.5,2025-01-22 11:38:57.431542,2025-01-22 11:39:13.067709,0 days 00:00:15.636167,0.0037809348256962936,1.2776257028813578,0.5017162998965686,4,1,COMPLETE
7019,50.7,2025-01-22 11:39:10.347230,2025-01-22 11:39:24.498139,0 days 00:00:14.150909,1.0782323993025276,1.0795098292609715,0.6246668298021937,4,1,COMPLETE
7020,47.49,2025-01-22 11:39:13.238276,2025-01-22 11:39:26.656833,0 days 00:00:13.418557,0.49935830354079486,1.074842833817795,0.6680195853225647,2,1,COMPLETE
7021,51.59,2025-01-22 11:39:24.661415,2025-01-22 11:39:38.260509,0 days 00:00:13.599094,1.7952378106442695,2.6457453806292524,0.3085683263829645,2,1,COMPLETE
7022,22.3,2025-01-22 11:39:27.331691,2025-01-22 11:39:40.682779,0 days 00:00:13.351088,2.0061854956342904,2.3958898102348525,0.0011476646481393539,2,1,COMPLETE
7023,52.61,2025-01-22 11:39:38.438761,2025-01-22 11:39:53.207407,0 days 00:00:14.768646,0.9089590149120476,1.4392569219287976,0.3981024860316021,4,1,COMPLETE
7024,52.49,2025-01-22 11:39:41.096193,2025-01-22 11:39:56.780452,0 days 00:00:15.684259,0.9356107939279263,1.4669646890462806,0.4145142044572495,6,1,COMPLETE
7025,48.96,2025-01-22 11:39:53.363783,2025-01-22 11:40:09.134773,0 days 00:00:15.770990,1.2252694675162918,1.74062223559461,0.19764919183793372,6,5,COMPLETE
7026,51.57000000000001,2025-01-22 11:39:56.984168,2025-01-22 11:40:12.154905,0 days 00:00:15.170737,1.1865893717168565,1.7920342790219546,0.2946966574734472,4,1,COMPLETE
7027,48.47,2025-01-22 11:40:09.454882,2025-01-22 11:40:26.450468,0 days 00:00:16.995586,0.711777603579612,2.0609158727372376,0.24950137191713687,11,2,COMPLETE
7028,51.76,2025-01-22 11:40:12.351226,2025-01-22 11:40:29.597836,0 days 00:00:17.246610,0.7206187496507402,1.2348836670515377,0.49313457160066787,11,2,COMPLETE
7029,50.63999999999999,2025-01-22 11:40:26.614617,2025-01-22 11:40:40.827198,0 days 00:00:14.212581,1.5084755460308332,0.14101901939513486,0.4843013630752839,2,1,COMPLETE
7030,51.77,2025-01-22 11:40:29.768378,2025-01-22 11:40:43.801355,0 days 00:00:14.032977,1.5534606302804759,0.7659073855353677,0.3515349599729827,2,1,COMPLETE
7031,49.96,2025-01-22 11:40:41.024338,2025-01-22 11:40:57.492667,0 days 00:00:16.468329,2.6830550573573757,0.769934746877929,0.35679101278282177,8,1,COMPLETE
7032,52.129999999999995,2025-01-22 11:40:44.240088,2025-01-22 11:41:00.313725,0 days 00:00:16.073637,1.0457720292307597,1.4375109777978383,0.4171860746372792,8,1,COMPLETE
7033,45.019999999999996,2025-01-22 11:40:57.670062,2025-01-22 11:41:12.857782,0 days 00:00:15.187720,1.0889233071109259,1.0011538244804212,0.8887216677494296,4,1,COMPLETE
7034,51.17,2025-01-22 11:41:00.688790,2025-01-22 11:41:15.083818,0 days 00:00:14.395028,1.2736773445428096,1.0512660411418586,0.5954750345007738,4,1,COMPLETE
7035,51.68000000000001,2025-01-22 11:41:13.075974,2025-01-22 11:41:27.170109,0 days 00:00:14.094135,1.2892528454415333,1.2073810127646687,0.5639095050416895,4,1,COMPLETE
7036,52.459999999999994,2025-01-22 11:41:15.659616,2025-01-22 11:41:30.813215,0 days 00:00:15.153599,0.8109142519410302,1.5987781504878251,0.4233289796301612,6,1,COMPLETE
7037,29.2,2025-01-22 11:41:27.504110,2025-01-22 11:43:46.430173,0 days 00:02:18.926063,0.8256384773334662,1.6921140638888208,0.033923002043675494,6,1,COMPLETE
7038,52.65,2025-01-22 11:41:30.956812,2025-01-22 11:41:44.581275,0 days 00:00:13.624463,0.9731060862206802,2.1680598515773153,0.46031702938907637,2,1,COMPLETE
7039,51.62,2025-01-22 11:41:44.771307,2025-01-22 11:41:57.750273,0 days 00:00:12.978966,1.5571932380849736,1.3758251405698572,0.31043372166086924,2,1,COMPLETE
7040,52.410000000000004,2025-01-22 11:41:57.910128,2025-01-22 11:42:12.472270,0 days 00:00:14.562142,1.1344058202828329,1.8006420706296176,0.3745485666182759,6,1,COMPLETE
7041,52.23,2025-01-22 11:42:12.812215,2025-01-22 11:42:26.653956,0 days 00:00:13.841741,1.35915965637465,1.3015539729606143,0.4285833240256492,4,1,COMPLETE
7042,52.42,2025-01-22 11:42:26.824671,2025-01-22 11:42:39.949396,0 days 00:00:13.124725,0.9490837603171154,1.601554257327008,0.5175188443872925,2,1,COMPLETE
7043,49.78,2025-01-22 11:42:40.115874,2025-01-22 11:42:54.389579,0 days 00:00:14.273705,1.8304137368978872,0.932298859512017,0.6859818047069393,4,1,COMPLETE
7044,41.5,2025-01-22 11:42:54.565534,2025-01-22 11:43:09.222387,0 days 00:00:14.656853,0.8022901784839187,1.1819537894134693,0.11415940409378977,6,1,COMPLETE
7045,51.83,2025-01-22 11:43:09.430935,2025-01-22 11:43:22.553834,0 days 00:00:13.122899,1.1221289913940022,3.089542547080235,0.33178800677670667,2,1,COMPLETE
7046,52.28,2025-01-22 11:43:22.903844,2025-01-22 11:43:36.977389,0 days 00:00:14.073545,1.4481690095552107,1.7629651509050268,0.3983786680200057,4,1,COMPLETE
7047,32.269999999999996,2025-01-22 11:43:37.192166,2025-01-22 11:43:50.404223,0 days 00:00:13.212057,0.9356794540008246,1.4358181269553927,0.04580032429205155,2,1,COMPLETE
7048,52.290000000000006,2025-01-22 11:43:46.623092,2025-01-22 11:44:00.011677,0 days 00:00:13.388585,0.9926510651763271,1.3915872940595901,0.5335437539492311,2,1,COMPLETE
7049,51.339999999999996,2025-01-22 11:43:50.557436,2025-01-22 11:44:05.488431,0 days 00:00:14.930995,0.631882724340662,1.1624607681243382,0.5201946433490234,4,1,COMPLETE
7050,52.129999999999995,2025-01-22 11:44:00.470493,2025-01-22 11:44:16.525580,0 days 00:00:16.055087,1.248347849297143,2.2271699364059763,0.47205130802407747,8,1,COMPLETE
7051,51.080000000000005,2025-01-22 11:44:05.667236,2025-01-22 11:44:22.495852,0 days 00:00:16.828616,1.6369032333162783,2.2289594915018824,0.2815870808526161,9,2,COMPLETE
7052,51.74999999999999,2025-01-22 11:44:16.783690,2025-01-22 11:44:31.697567,0 days 00:00:14.913877,1.7424158246691674,1.921456388247734,0.37303742148863656,4,1,COMPLETE
7053,52.16,2025-01-22 11:44:22.686332,2025-01-22 11:44:37.431037,0 days 00:00:14.744705,1.1309979089683833,0.9201703674517646,0.3667078756104668,4,1,COMPLETE
7054,52.38,2025-01-22 11:44:32.080213,2025-01-22 11:44:52.067272,0 days 00:00:19.987059,1.1503768265074514,0.955089456591026,0.4328343812064746,6,1,COMPLETE
7055,50.54,2025-01-22 11:44:37.772958,2025-01-22 11:44:51.522771,0 days 00:00:13.749813,1.3754559561729174,1.1375049310397147,0.24060541524132056,2,1,COMPLETE
7056,52.51,2025-01-22 11:44:51.737566,2025-01-22 11:45:06.887984,0 days 00:00:15.150418,1.0824840621663314,1.5177416709538447,0.43153320862876005,6,1,COMPLETE
7057,51.59,2025-01-22 11:44:52.336629,2025-01-22 11:45:06.148639,0 days 00:00:13.812010,0.8245051717718067,1.4793571273448078,0.3066994373251599,2,1,COMPLETE
7058,50.6,2025-01-22 11:45:06.348215,2025-01-22 11:45:21.036607,0 days 00:00:14.688392,1.4201656715846838,1.2418362724105017,0.6372748939740567,6,1,COMPLETE
7059,49.76,2025-01-22 11:45:07.048719,2025-01-22 11:45:43.668796,0 days 00:00:36.620077,2.0950239454845567,1.2470853366981383,0.7468031696173895,59,4,COMPLETE
7060,51.49,2025-01-22 11:45:21.198098,2025-01-22 11:45:49.377751,0 days 00:00:28.179653,0.941659362100322,1.8921709332386933,0.5609349378202151,38,3,COMPLETE
7061,51.18000000000001,2025-01-22 11:45:43.829808,2025-01-22 11:45:58.645788,0 days 00:00:14.815980,0.9546135684236726,1.8312355516771435,0.5744040402419024,4,1,COMPLETE
7062,51.519999999999996,2025-01-22 11:45:49.862011,2025-01-22 11:46:04.645550,0 days 00:00:14.783539,0.7042932722511701,0.36200368533911953,0.34645278490888753,4,1,COMPLETE
7063,52.03,2025-01-22 11:45:59.122824,2025-01-22 11:46:42.285349,0 days 00:00:43.162525,1.3253948131479376,1.4887892772497346,0.34923566419313534,72,3,COMPLETE
7064,52.93,2025-01-22 11:46:04.836639,2025-01-22 11:46:18.310088,0 days 00:00:13.473449,1.3292219194481985,1.5822258641482214,0.4311243438366061,2,1,COMPLETE
7065,49.89,2025-01-22 11:46:18.448333,2025-01-22 11:46:31.850658,0 days 00:00:13.402325,4.068230171491157,2.6225890319149534,0.4820464842910248,2,1,COMPLETE
7066,51.66,2025-01-22 11:46:32.026360,2025-01-22 11:46:46.088884,0 days 00:00:14.062524,1.2360113496550005,1.0550621851781066,0.3169213375936262,4,1,COMPLETE
7067,52.470000000000006,2025-01-22 11:46:42.471652,2025-01-22 11:46:57.106691,0 days 00:00:14.635039,1.111277371870048,1.0081319917929716,0.42640827614064236,4,1,COMPLETE
7068,49.559999999999995,2025-01-22 11:46:46.251454,2025-01-22 11:46:59.904736,0 days 00:00:13.653282,1.732404005540407,0.00813087743114408,0.4035931505598537,2,1,COMPLETE
7069,52.35999999999999,2025-01-22 11:46:57.265969,2025-01-22 11:47:11.466836,0 days 00:00:14.200867,1.6344595327737754,1.2955535636978415,0.4890261517098167,2,1,COMPLETE
7070,51.949999999999996,2025-01-22 11:47:00.121328,2025-01-22 11:47:15.939696,0 days 00:00:15.818368,0.8679864913914896,1.2816691011081969,0.49251009685271413,7,1,COMPLETE
7071,51.13999999999999,2025-01-22 11:47:11.658961,2025-01-22 11:47:27.425357,0 days 00:00:15.766396,0.7942236372778652,1.6724337342124231,0.2968960065316159,7,6,COMPLETE
7072,50.89,2025-01-22 11:47:16.114809,2025-01-22 11:47:31.642669,0 days 00:00:15.527860,1.0218072934325275,1.6162304999719932,0.2667834807974965,6,1,COMPLETE
7073,50.12,2025-01-22 11:47:27.608948,2025-01-22 11:47:43.179765,0 days 00:00:15.570817,0.5612765148270573,0.0015161700051481621,0.3664654649102134,5,1,COMPLETE
7074,52.080000000000005,2025-01-22 11:47:31.834594,2025-01-22 11:47:46.130766,0 days 00:00:14.296172,1.4648125189306755,2.0745833043535757,0.38070341944987657,4,1,COMPLETE
7075,51.78,2025-01-22 11:47:43.350296,2025-01-22 11:47:57.286241,0 days 00:00:13.935945,1.4710274466251076,0.828550685794702,0.569679908724699,2,1,COMPLETE
7076,51.190000000000005,2025-01-22 11:47:46.289901,2025-01-22 11:47:59.564787,0 days 00:00:13.274886,1.1300310280811423,0.8300339450877448,0.5940381639324313,2,1,COMPLETE
7077,52.25,2025-01-22 11:47:57.476583,2025-01-22 11:48:13.823486,0 days 00:00:16.346903,1.1323284907610458,1.165592433419644,0.45335297490382276,9,2,COMPLETE
7078,52.5,2025-01-22 11:48:00.024620,2025-01-22 11:48:14.255441,0 days 00:00:14.230821,0.9855442607209498,1.0981149352133817,0.44973894513146084,4,1,COMPLETE
7079,40.67,2025-01-22 11:48:14.030238,2025-01-22 11:48:28.720543,0 days 00:00:14.690305,0.9483926603697596,1.3949886862475613,1.0973174014691305,4,1,COMPLETE
7080,52.15,2025-01-22 11:48:14.485079,2025-01-22 11:48:28.057351,0 days 00:00:13.572272,1.3046772839302672,1.369698336149136,0.329189246090719,2,1,COMPLETE
7081,49.64,2025-01-22 11:48:28.421300,2025-01-22 11:48:44.040649,0 days 00:00:15.619349,2.1021483906754357,1.895432450961318,0.6911172785146085,5,1,COMPLETE
7082,47.19,2025-01-22 11:48:28.927994,2025-01-22 11:48:44.187175,0 days 00:00:15.259181,0.6695038542769889,1.9642051863742491,0.7172205613926896,5,1,COMPLETE
7083,52.059999999999995,2025-01-22 11:48:44.236304,2025-01-22 11:49:10.556347,0 days 00:00:26.320043,0.828523971554305,1.5944012452733307,0.38444155355254916,30,3,COMPLETE
7084,52.23,2025-01-22 11:48:44.409330,2025-01-22 11:48:58.283250,0 days 00:00:13.873920,0.8319664201946642,2.3808769415201803,0.39673437249199733,2,1,COMPLETE
7085,50.22,2025-01-22 11:48:58.465477,2025-01-22 11:49:15.180078,0 days 00:00:16.714601,1.3167925266507998,1.5892996470132135,0.221109022745568,8,6,COMPLETE
7086,50.1,2025-01-22 11:49:10.731376,2025-01-22 11:49:26.721124,0 days 00:00:15.989748,1.2400872529305718,1.051059730264313,0.22170616984361557,8,7,COMPLETE
7087,52.27,2025-01-22 11:49:15.352336,2025-01-22 11:49:29.242775,0 days 00:00:13.890439,1.0993638235672494,0.66463782882165,0.5115462077437656,2,1,COMPLETE
7088,51.71,2025-01-22 11:49:26.894418,2025-01-22 11:49:40.611465,0 days 00:00:13.717047,1.6545401781529163,0.6293412494960967,0.5242925675183888,2,1,COMPLETE
7089,51.080000000000005,2025-01-22 11:49:29.602572,2025-01-22 11:49:44.571921,0 days 00:00:14.969349,1.628162531763041,1.3207164800521745,0.29621238787108667,4,1,COMPLETE
7090,51.449999999999996,2025-01-22 11:49:40.814852,2025-01-22 11:49:55.180364,0 days 00:00:14.365512,1.0070994738216767,1.3341399054908687,0.2935470854570884,4,1,COMPLETE
7091,52.559999999999995,2025-01-22 11:49:44.764347,2025-01-22 11:49:59.976524,0 days 00:00:15.212177,0.9404083769069594,1.3228300446403227,0.438856630888406,6,1,COMPLETE
7092,52.23,2025-01-22 11:49:55.575467,2025-01-22 11:50:11.125676,0 days 00:00:15.550209,0.7010594462702086,1.7325281628137568,0.4325519174186292,6,1,COMPLETE
7093,51.870000000000005,2025-01-22 11:50:00.179665,2025-01-22 11:50:14.108232,0 days 00:00:13.928567,0.6987238071315357,1.7577028931003804,0.35023733269292573,2,1,COMPLETE
7094,52.400000000000006,2025-01-22 11:50:11.316138,2025-01-22 11:50:25.069637,0 days 00:00:13.753499,1.248622350534947,1.0135742486756323,0.3579813447297,2,1,COMPLETE
7095,50.849999999999994,2025-01-22 11:50:14.447178,2025-01-22 11:50:29.280829,0 days 00:00:14.833651,1.332024302364016,1.099187523688188,0.6134444501505565,4,1,COMPLETE
7096,51.580000000000005,2025-01-22 11:50:25.244936,2025-01-22 11:50:39.991073,0 days 00:00:14.746137,1.4297220002715794,1.1578960625715524,0.5677846361967925,4,1,COMPLETE
7097,50.71,2025-01-22 11:50:29.459065,2025-01-22 11:51:24.092285,0 days 00:00:54.633220,1.8865728227163643,2.219722484857815,0.49566387065179707,94,27,COMPLETE
7098,51.519999999999996,2025-01-22 11:50:40.193451,2025-01-22 11:50:54.874769,0 days 00:00:14.681318,1.9641714637759728,1.4740987607038343,0.48363214123672355,6,1,COMPLETE
7099,52.78,2025-01-22 11:50:55.048617,2025-01-22 11:51:08.837817,0 days 00:00:13.789200,1.1012364190743817,2.221015108692493,0.39345300025164653,2,1,COMPLETE
7100,52.11,2025-01-22 11:51:09.162012,2025-01-22 11:51:23.152870,0 days 00:00:13.990858,0.9072283598651119,1.5191154085228074,0.48557500707953166,4,1,COMPLETE
7101,51.13999999999999,2025-01-22 11:51:23.319163,2025-01-22 11:51:36.230283,0 days 00:00:12.911120,2.464202405296774,2.7673031156663366,0.3268233802297579,2,1,COMPLETE
7102,51.2,2025-01-22 11:51:24.297947,2025-01-22 11:51:37.927342,0 days 00:00:13.629395,2.4638779277279728,2.710145410430331,0.34268357436467783,2,1,COMPLETE
7103,46.79,2025-01-22 11:51:36.422022,2025-01-22 11:51:52.024000,0 days 00:00:15.601978,1.105257315248776,0.8911864882161401,0.8380386881624028,6,5,COMPLETE
7104,51.980000000000004,2025-01-22 11:51:38.361096,2025-01-22 11:51:55.806710,0 days 00:00:17.445614,1.105350276438731,1.9283349964274326,0.42588125477744576,10,2,COMPLETE
7105,52.300000000000004,2025-01-22 11:51:52.210680,2025-01-22 11:52:06.884519,0 days 00:00:14.673839,1.523695797774235,1.7913005350681095,0.4165357341905989,4,1,COMPLETE
7106,51.76,2025-01-22 11:51:55.983411,2025-01-22 11:52:10.551206,0 days 00:00:14.567795,1.596175357808387,1.1956449464167482,0.4081013424069815,4,1,COMPLETE
7107,50.239999999999995,2025-01-22 11:52:07.078180,2025-01-22 11:52:23.189375,0 days 00:00:16.111195,0.801324705674506,1.3124156552852595,0.5970582255063775,7,1,COMPLETE
7108,50.23,2025-01-22 11:52:10.935720,2025-01-22 11:52:26.490698,0 days 00:00:15.554978,0.8231882781749953,1.3038765560677765,0.6052440855017639,7,1,COMPLETE
7109,48.88,2025-01-22 11:52:23.377484,2025-01-22 11:52:37.215325,0 days 00:00:13.837841,0.5619709311072051,1.59348775066081,0.2654808134903747,2,1,COMPLETE
7110,47.19,2025-01-22 11:52:26.679102,2025-01-22 11:52:40.546965,0 days 00:00:13.867863,0.47008951095668977,1.6625984197970494,0.24844457089239225,2,1,COMPLETE
7111,51.92,2025-01-22 11:52:37.384869,2025-01-22 11:53:28.770840,0 days 00:00:51.385971,1.2523677329060712,0.9739367900958478,0.5023629027988135,81,3,COMPLETE
7112,52.129999999999995,2025-01-22 11:52:40.722581,2025-01-22 11:52:55.019465,0 days 00:00:14.296884,1.2389455589503613,0.9597955403606301,0.49194889395877267,5,1,COMPLETE
7113,52.23,2025-01-22 11:52:55.205907,2025-01-22 11:53:09.535913,0 days 00:00:14.330006,1.0170402205057136,1.1525075120219006,0.36275478091458313,4,1,COMPLETE
7114,51.89,2025-01-22 11:53:09.693928,2025-01-22 11:53:23.948848,0 days 00:00:14.254920,1.288057735731339,2.0358615185731828,0.31358656933461027,4,1,COMPLETE
