number,value,datetime_start,datetime_complete,duration,params_gamma_1,params_gamma_2,params_lambda,params_n_clusters,params_n_neighbors,state
4701,51.800000000000004,2025-01-22 06:19:51.987339,2025-01-22 06:20:05.248784,0 days 00:00:13.261445,1.5966888929583463,1.1245542631027197,0.32868477187738965,2,1,COMPLETE
4702,51.190000000000005,2025-01-22 06:19:53.034044,2025-01-22 06:20:07.775485,0 days 00:00:14.741441,1.3708876081983408,1.019989246287963,0.6006367939394672,4,1,COMPLETE
4703,50.5,2025-01-22 06:20:05.423212,2025-01-22 06:20:20.002336,0 days 00:00:14.579124,2.397229411857914,0.8684996035564291,0.5656785669326466,4,1,COMPLETE
4704,51.11,2025-01-22 06:20:08.007807,2025-01-22 06:20:22.650366,0 days 00:00:14.642559,2.319157703638129,1.433673550881977,0.41135948355040325,4,1,COMPLETE
4705,52.459999999999994,2025-01-22 06:20:20.150605,2025-01-22 06:20:35.042537,0 days 00:00:14.891932,1.013280576179656,1.4621288279918956,0.41188305059171315,6,1,COMPLETE
4706,52.04,2025-01-22 06:20:22.878928,2025-01-22 06:20:37.915734,0 days 00:00:15.036806,0.6740206204545182,1.6131646482723603,0.4591368029652035,6,1,COMPLETE
4707,51.2,2025-01-22 06:20:35.206686,2025-01-22 06:20:49.092186,0 days 00:00:13.885500,0.6723550039927887,0.06691969349486906,0.4832265968634965,2,1,COMPLETE
4708,40.1,2025-01-22 06:20:38.085725,2025-01-22 06:20:52.102706,0 days 00:00:14.016981,0.11225123335726502,1.224202026558335,0.3491163007564121,2,1,COMPLETE
4709,47.81,2025-01-22 06:20:49.220375,2025-01-22 06:21:02.994977,0 days 00:00:13.774602,1.1671638315906658,1.7983938749688981,0.7724702614007378,2,1,COMPLETE
4710,50.92,2025-01-22 06:20:52.231573,2025-01-22 06:21:06.983272,0 days 00:00:14.751699,1.1616362221442842,1.7717937915975448,0.2625616076952852,4,1,COMPLETE
4711,50.91,2025-01-22 06:21:03.165674,2025-01-22 06:21:17.386243,0 days 00:00:14.220569,1.353393687829585,1.8610433589370443,0.26137580323604265,4,1,COMPLETE
4712,51.72,2025-01-22 06:21:07.150073,2025-01-22 06:21:21.762376,0 days 00:00:14.612303,0.9334477619844194,0.835118468389083,0.546220224075345,4,1,COMPLETE
4713,51.99,2025-01-22 06:21:17.772248,2025-01-22 06:21:33.843553,0 days 00:00:16.071305,0.9222461545332759,1.3570591789952524,0.36223219689879776,7,1,COMPLETE
4714,51.39,2025-01-22 06:21:21.908885,2025-01-22 06:21:38.362518,0 days 00:00:16.453633,1.7327347457142142,1.3589242293571433,0.3758428549710847,7,1,COMPLETE
4715,52.11,2025-01-22 06:21:34.026869,2025-01-22 06:21:47.856186,0 days 00:00:13.829317,1.6684839793193362,1.0668426011705447,0.4236196241248333,2,1,COMPLETE
4716,52.61,2025-01-22 06:21:38.698011,2025-01-22 06:21:52.444285,0 days 00:00:13.746274,1.3632495503968816,1.0228681772135522,0.4481332107616126,2,1,COMPLETE
4717,52.54,2025-01-22 06:21:48.228232,2025-01-22 06:22:01.585419,0 days 00:00:13.357187,1.3354385461476934,1.5685120822877319,0.5138958884281419,2,1,COMPLETE
4718,51.959999999999994,2025-01-22 06:21:52.625190,2025-01-22 06:22:07.676112,0 days 00:00:15.050922,1.1067556615974905,1.514244505653689,0.5199508039942208,4,1,COMPLETE
4719,50.59,2025-01-22 06:22:01.745814,2025-01-22 06:22:16.818256,0 days 00:00:15.072442,1.050060534216321,1.20743319630976,0.6254327051142065,5,1,COMPLETE
4720,0.5,2025-01-22 06:22:07.826201,2025-01-22 06:22:24.055569,0 days 00:00:16.229368,0.018254482091410198,1.1704516891673853,0.3113407814071616,5,1,COMPLETE
4721,50.82,2025-01-22 06:22:17.074152,2025-01-22 06:22:35.065013,0 days 00:00:17.990861,0.813428171326258,1.9717166490590576,0.3077384938802872,10,2,COMPLETE
4722,52.28,2025-01-22 06:22:24.246622,2025-01-22 06:22:37.938465,0 days 00:00:13.691843,0.7657595444386626,2.024396404001141,0.38026847880205,2,1,COMPLETE
4723,52.86,2025-01-22 06:22:35.216332,2025-01-22 06:22:48.537293,0 days 00:00:13.320961,1.2077895513375096,1.8119121276220382,0.39334997729173626,2,1,COMPLETE
4724,51.64,2025-01-22 06:22:38.119094,2025-01-22 06:23:26.474220,0 days 00:00:48.355126,1.1777279266521419,0.3272485521569674,0.4524445410040632,84,4,COMPLETE
4725,52.42,2025-01-22 06:22:48.720823,2025-01-22 06:23:04.262492,0 days 00:00:15.541669,0.9881026637956021,1.4112123608818556,0.46132635462781413,6,1,COMPLETE
4726,50.19,2025-01-22 06:23:04.628873,2025-01-22 06:23:18.386528,0 days 00:00:13.757655,1.9815062556540022,0.8868043749239586,0.6555672159185115,4,1,COMPLETE
4727,49.65,2025-01-22 06:23:18.532212,2025-01-22 06:23:34.666051,0 days 00:00:16.133839,1.5160797965622486,1.5667781398044927,0.22568081535285828,8,1,COMPLETE
4728,51.49,2025-01-22 06:23:26.620592,2025-01-22 06:23:43.020509,0 days 00:00:16.399917,1.605737901519514,1.529231155906523,0.5348163545157268,8,1,COMPLETE
4729,32.34,2025-01-22 06:23:34.800317,2025-01-22 06:23:49.654129,0 days 00:00:14.853812,0.05867861522681528,1.286861091582451,0.5118883993410094,4,1,COMPLETE
4730,52.32,2025-01-22 06:23:43.302650,2025-01-22 06:23:58.337047,0 days 00:00:15.034397,0.894597326568825,1.1542562317077056,0.36286226492529533,4,1,COMPLETE
4731,38.519999999999996,2025-01-22 06:23:49.831607,2025-01-22 06:24:03.637485,0 days 00:00:13.805878,0.8888956451444181,0.14147255718838403,0.08898929457631374,2,1,COMPLETE
4732,51.959999999999994,2025-01-22 06:23:58.504395,2025-01-22 06:24:12.476074,0 days 00:00:13.971679,1.0599649163960077,0.9942068121879204,0.31847826521669353,2,1,COMPLETE
4733,51.71,2025-01-22 06:24:03.775269,2025-01-22 06:24:19.412907,0 days 00:00:15.637638,1.3264049908932416,1.7938295402743811,0.3284238651470175,6,1,COMPLETE
4734,52.28,2025-01-22 06:24:12.634546,2025-01-22 06:24:28.524900,0 days 00:00:15.890354,1.346309154074416,1.7224574261601786,0.41079068131206137,6,1,COMPLETE
4735,0.48,2025-01-22 06:24:19.539075,2025-01-22 06:24:35.144383,0 days 00:00:15.605308,0.003522392009731795,1.346247809376572,0.412158248713914,4,1,COMPLETE
4736,51.81,2025-01-22 06:24:28.683864,2025-01-22 06:24:59.118893,0 days 00:00:30.435029,1.0256516831520828,1.3329972279390696,0.44845466144985985,44,3,COMPLETE
4737,49.07,2025-01-22 06:24:35.301826,2025-01-22 06:25:13.506177,0 days 00:00:38.204351,0.5659678653460007,2.2539743938613808,0.6419398080321804,57,4,COMPLETE
4738,51.370000000000005,2025-01-22 06:24:59.278631,2025-01-22 06:25:12.634801,0 days 00:00:13.356170,1.144995021044986,1.9987318226065827,0.593968768402038,2,1,COMPLETE
4739,47.589999999999996,2025-01-22 06:25:12.807641,2025-01-22 06:25:27.893556,0 days 00:00:15.085915,0.7776042736689133,1.0185802653738938,0.7373028037188156,4,1,COMPLETE
4740,51.92,2025-01-22 06:25:13.649871,2025-01-22 06:25:28.764512,0 days 00:00:15.114641,0.774838338396626,0.7862787959890847,0.35544225754064757,4,1,COMPLETE
4741,51.77,2025-01-22 06:25:28.058678,2025-01-22 06:25:41.480300,0 days 00:00:13.421622,1.780067200005439,1.557927586082898,0.35544869303800053,2,1,COMPLETE
4742,52.28,2025-01-22 06:25:28.922603,2025-01-22 06:25:42.644581,0 days 00:00:13.721978,1.7611481720445363,1.6319814777167636,0.5256415935980155,2,1,COMPLETE
4743,50.23,2025-01-22 06:25:41.665560,2025-01-22 06:25:56.726009,0 days 00:00:15.060449,1.5216786571694283,0.0032102856312266666,0.5055643739350889,6,1,COMPLETE
4744,51.849999999999994,2025-01-22 06:25:42.978480,2025-01-22 06:26:01.447277,0 days 00:00:18.468797,1.4340061401539108,1.1513354751906684,0.45958257358244037,14,2,COMPLETE
4745,52.12,2025-01-22 06:25:56.858452,2025-01-22 06:26:15.266585,0 days 00:00:18.408133,1.2482186375623094,1.1679757782423938,0.43280858728382393,14,2,COMPLETE
4746,51.78,2025-01-22 06:26:01.589140,2025-01-22 06:26:15.878659,0 days 00:00:14.289519,1.1657531475963196,1.3023259615712102,0.29712003396814773,4,1,COMPLETE
4747,51.23,2025-01-22 06:26:15.389771,2025-01-22 06:26:29.983062,0 days 00:00:14.593291,0.9978863077516769,1.3459472733536582,0.2801960404380999,4,1,COMPLETE
4748,52.739999999999995,2025-01-22 06:26:16.034649,2025-01-22 06:26:29.668975,0 days 00:00:13.634326,0.9619872670777391,1.895002265450815,0.3789612410567964,2,1,COMPLETE
4749,42.66,2025-01-22 06:26:29.837654,2025-01-22 06:26:45.976458,0 days 00:00:16.138804,0.6423681747548112,1.4213385563055227,0.8973638256805435,6,1,COMPLETE
4750,50.62,2025-01-22 06:26:30.164755,2025-01-22 06:26:45.892347,0 days 00:00:15.727592,0.664277785547589,0.9660294731744938,0.5775395970746217,6,5,COMPLETE
4751,52.78,2025-01-22 06:26:46.092557,2025-01-22 06:26:59.926591,0 days 00:00:13.834034,1.3245365267445988,1.7196652356915247,0.39584181036439803,2,1,COMPLETE
4752,50.91,2025-01-22 06:26:46.193384,2025-01-22 06:27:03.466075,0 days 00:00:17.272691,0.49732239974246273,1.7284884031963612,0.40276126915947014,10,9,COMPLETE
4753,51.949999999999996,2025-01-22 06:27:00.081891,2025-01-22 06:27:17.850251,0 days 00:00:17.768360,0.8831317069675034,1.958743166158987,0.48264199367671223,9,2,COMPLETE
4754,51.790000000000006,2025-01-22 06:27:03.608166,2025-01-22 06:27:18.232838,0 days 00:00:14.624672,0.8978169301972245,2.255929561946396,0.48949170049871715,4,1,COMPLETE
4755,44.48,2025-01-22 06:27:18.200979,2025-01-22 06:27:32.191623,0 days 00:00:13.990644,1.14517430445925,1.1256810102906614,0.1308129713593209,2,1,COMPLETE
4756,46.6,2025-01-22 06:27:18.365564,2025-01-22 06:27:32.605758,0 days 00:00:14.240194,3.0963781266711394,1.1253853758417163,0.19143642710542033,2,1,COMPLETE
4757,51.23,2025-01-22 06:27:32.366443,2025-01-22 06:27:46.897002,0 days 00:00:14.530559,2.026700292877535,1.4876706974643021,0.5637352043174257,4,1,COMPLETE
4758,51.05,2025-01-22 06:27:32.821468,2025-01-22 06:27:47.353257,0 days 00:00:14.531789,2.0506073644794713,1.4937610075875198,0.332869081480233,4,1,COMPLETE
4759,51.29,2025-01-22 06:27:47.098696,2025-01-22 06:28:02.973884,0 days 00:00:15.875188,1.4836755479208814,0.8707317627402119,0.3289579506882747,7,1,COMPLETE
4760,48.02,2025-01-22 06:27:47.588226,2025-01-22 06:28:03.677879,0 days 00:00:16.089653,0.20295241149695611,0.9034332887788505,0.43696549468358437,7,1,COMPLETE
4761,49.91,2025-01-22 06:28:03.097174,2025-01-22 06:28:18.045284,0 days 00:00:14.948110,1.0746577121867473,2.225300283433135,0.24554055958391746,6,1,COMPLETE
4762,50.9,2025-01-22 06:28:04.002860,2025-01-22 06:28:17.826502,0 days 00:00:13.823642,1.085175368899537,2.169696873358747,0.2625003652966631,2,1,COMPLETE
4763,50.39,2025-01-22 06:28:18.004099,2025-01-22 06:28:33.325219,0 days 00:00:15.321120,1.2978867410612855,1.2871433294992292,0.6538157043881747,4,1,COMPLETE
4764,52.04,2025-01-22 06:28:18.218605,2025-01-22 06:28:32.923371,0 days 00:00:14.704766,1.3431342723501085,1.2855836882912743,0.3931262135597592,4,1,COMPLETE
4765,41.58,2025-01-22 06:28:33.099698,2025-01-22 06:28:47.677527,0 days 00:00:14.577829,0.7778691726206501,1.656917554873175,1.0123722007283793,2,1,COMPLETE
4766,52.470000000000006,2025-01-22 06:28:33.522617,2025-01-22 06:28:47.284018,0 days 00:00:13.761401,0.7780432644305594,1.655073484004567,0.462470603112943,2,1,COMPLETE
4767,51.89,2025-01-22 06:28:47.437318,2025-01-22 06:29:02.366100,0 days 00:00:14.928782,1.6973620646787322,1.8476438516579838,0.5715791969560338,2,1,COMPLETE
4768,51.470000000000006,2025-01-22 06:28:47.881545,2025-01-22 06:29:03.766826,0 days 00:00:15.885281,1.5801867796402493,1.0493177285936541,0.5405528372936539,5,1,COMPLETE
4769,51.839999999999996,2025-01-22 06:29:02.547437,2025-01-22 06:29:16.750369,0 days 00:00:14.202932,1.0299950417163595,1.047750429906967,0.3469225006902494,5,1,COMPLETE
4770,52.290000000000006,2025-01-22 06:29:03.934980,2025-01-22 06:29:20.012420,0 days 00:00:16.077440,0.9759905940623937,1.390740697715423,0.36105908876661746,6,1,COMPLETE
4771,52.18000000000001,2025-01-22 06:29:16.896723,2025-01-22 06:30:13.674918,0 days 00:00:56.778195,1.2055963751531449,1.410819136588343,0.4037655454013888,89,3,COMPLETE
4772,52.449999999999996,2025-01-22 06:29:20.190260,2025-01-22 06:29:34.328913,0 days 00:00:14.138653,1.2803864990353264,1.4832402951633812,0.4381284270139897,4,1,COMPLETE
4773,47.38,2025-01-22 06:29:34.483275,2025-01-22 06:29:47.759604,0 days 00:00:13.276329,1.1647205807629546,1.9642697871966237,0.7900436971419739,2,1,COMPLETE
4774,52.11,2025-01-22 06:29:47.932817,2025-01-22 06:30:04.058750,0 days 00:00:16.125933,0.9109401004011279,2.4280557389856074,0.40729742917890654,8,1,COMPLETE
4775,51.29,2025-01-22 06:30:04.241440,2025-01-22 06:30:18.602131,0 days 00:00:14.360691,1.4653000840991401,1.2005587291285564,0.3074632978728708,4,1,COMPLETE
4776,51.1,2025-01-22 06:30:14.124350,2025-01-22 06:30:28.410128,0 days 00:00:14.285778,1.5218483028836323,1.2097261071007177,0.2984541276546144,4,1,COMPLETE
4777,50.64999999999999,2025-01-22 06:30:18.762402,2025-01-22 06:30:32.741311,0 days 00:00:13.978909,1.0599534909591983,0.01488226704117917,0.48853691062159005,2,1,COMPLETE
4778,50.39,2025-01-22 06:30:28.580252,2025-01-22 06:30:42.459921,0 days 00:00:13.879669,0.36703184774927994,0.7714013614944877,0.4969581006500971,2,1,COMPLETE
4779,50.03999999999999,2025-01-22 06:30:32.880723,2025-01-22 06:30:47.954577,0 days 00:00:15.073854,0.8649481337806495,1.6895058999660924,0.6156880950121236,6,1,COMPLETE
4780,49.81,2025-01-22 06:30:42.608153,2025-01-22 06:30:58.246998,0 days 00:00:15.638845,0.8379297713193425,1.667567876046538,0.6230416936189089,6,1,COMPLETE
4781,52.32,2025-01-22 06:30:48.116163,2025-01-22 06:31:02.954883,0 days 00:00:14.838720,1.2070005946247344,1.9443290510185791,0.34975157594684453,4,1,COMPLETE
4782,52.35999999999999,2025-01-22 06:30:58.640472,2025-01-22 06:31:13.758171,0 days 00:00:15.117699,1.2300660000563852,2.0279648143744433,0.36478238177805417,4,1,COMPLETE
4783,52.59,2025-01-22 06:31:03.132633,2025-01-22 06:31:17.552118,0 days 00:00:14.419485,1.0245279378833534,2.5514369202545013,0.4529243484520786,2,1,COMPLETE
4784,51.88,2025-01-22 06:31:13.939466,2025-01-22 06:31:27.655968,0 days 00:00:13.716502,1.7891895035832588,0.9589897868834665,0.44996309244784244,2,1,COMPLETE
4785,51.959999999999994,2025-01-22 06:31:17.705432,2025-01-22 06:31:31.837643,0 days 00:00:14.132211,1.781949638414194,0.9865134205203991,0.5096668403049478,2,1,COMPLETE
4786,51.6,2025-01-22 06:31:27.975152,2025-01-22 06:31:45.093751,0 days 00:00:17.118599,1.4379069425419637,1.4788383740563387,0.5316745986662014,8,1,COMPLETE
4787,51.82,2025-01-22 06:31:32.024101,2025-01-22 06:31:47.685768,0 days 00:00:15.661667,1.4152048158766004,1.4649385229367808,0.3874065858798241,8,1,COMPLETE
4788,52.35999999999999,2025-01-22 06:31:45.250889,2025-01-22 06:31:59.597236,0 days 00:00:14.346347,0.6744385586029186,1.263575417023689,0.4020103751961002,4,1,COMPLETE
4789,50.949999999999996,2025-01-22 06:31:47.892040,2025-01-22 06:32:02.248759,0 days 00:00:14.356719,0.6736253924442185,1.2138689259122124,0.3052990115160508,4,1,COMPLETE
4790,51.39,2025-01-22 06:31:59.783834,2025-01-22 06:32:14.838127,0 days 00:00:15.054293,1.0378743001677404,1.7557447328970868,0.2966625525970294,6,1,COMPLETE
4791,48.43,2025-01-22 06:32:02.511440,2025-01-22 06:32:17.836445,0 days 00:00:15.325005,0.9903235231382818,1.6725655637833412,0.7188515815501849,6,1,COMPLETE
4792,38.53,2025-01-22 06:32:14.995934,2025-01-22 06:32:28.921227,0 days 00:00:13.925293,0.0888997985395789,0.0011743657100458482,0.7232477575322546,2,1,COMPLETE
4793,52.839999999999996,2025-01-22 06:32:17.966990,2025-01-22 06:32:31.707886,0 days 00:00:13.740896,1.2084592231242928,2.1881792437751497,0.4655299358423569,2,1,COMPLETE
4794,26.19,2025-01-22 06:32:29.072190,2025-01-22 06:32:43.906221,0 days 00:00:14.834031,1.1858850198024173,1.394069037785577,0.0121898111771974,4,1,COMPLETE
4795,50.59,2025-01-22 06:32:31.884370,2025-01-22 06:32:46.148864,0 days 00:00:14.264494,0.8658236629822578,0.0017209354261871453,0.5619878230903267,4,1,COMPLETE
4796,51.27,2025-01-22 06:32:44.062168,2025-01-22 06:32:58.623384,0 days 00:00:14.561216,0.9073358446043399,1.1125921312816314,0.5677645035671983,4,1,COMPLETE
4797,52.2,2025-01-22 06:32:46.614267,2025-01-22 06:33:00.570505,0 days 00:00:13.956238,1.4460141511533684,1.1039474088341907,0.3518469254013193,2,1,COMPLETE
4798,51.849999999999994,2025-01-22 06:32:58.786318,2025-01-22 06:33:48.934348,0 days 00:00:50.148030,1.4816814995265652,2.7581123726920356,0.3495316681137182,78,3,COMPLETE
4799,51.22,2025-01-22 06:33:01.443037,2025-01-22 06:33:17.854772,0 days 00:00:16.411735,2.1243626020011743,1.5466732749598329,0.4176720375072083,10,2,COMPLETE
4800,52.09,2025-01-22 06:33:18.008965,2025-01-22 06:33:33.590526,0 days 00:00:15.581561,1.103985379385238,2.952038847272668,0.45535709143890946,7,5,COMPLETE
4801,52.75,2025-01-22 06:33:33.750022,2025-01-22 06:33:47.385418,0 days 00:00:13.635396,1.350597970611682,1.927900580560399,0.38481181107378204,2,1,COMPLETE
4802,49.54,2025-01-22 06:33:47.592887,2025-01-22 06:34:02.375441,0 days 00:00:14.782554,1.6352467791450638,0.8214489936152962,0.23136789860787113,6,1,COMPLETE
4803,50.7,2025-01-22 06:33:49.596120,2025-01-22 06:34:04.963004,0 days 00:00:15.366884,0.9993794884253996,1.371054171358563,0.2583444730179271,6,1,COMPLETE
4804,52.32,2025-01-22 06:34:02.535862,2025-01-22 06:34:16.849953,0 days 00:00:14.314091,1.0536620390530336,1.3674149561795437,0.4743422767042984,4,1,COMPLETE
4805,51.44,2025-01-22 06:34:05.220462,2025-01-22 06:34:19.298607,0 days 00:00:14.078145,0.7170778494810639,1.6433862695119292,0.5138475107795833,4,1,COMPLETE
4806,51.35999999999999,2025-01-22 06:34:17.016281,2025-01-22 06:34:30.354415,0 days 00:00:13.338134,0.7450735108164961,1.6704560461444604,0.5354568999545245,2,1,COMPLETE
4807,52.6,2025-01-22 06:34:19.534020,2025-01-22 06:34:32.728891,0 days 00:00:13.194871,0.8109045618506904,1.9368971841765574,0.4104020358094597,2,1,COMPLETE
4808,52.78,2025-01-22 06:34:30.527692,2025-01-22 06:34:43.859079,0 days 00:00:13.331387,1.34304489695848,2.191948206684738,0.41527593182635036,2,1,COMPLETE
4809,50.24999999999999,2025-01-22 06:34:33.217053,2025-01-22 06:34:47.809756,0 days 00:00:14.592703,2.523199160053758,1.2147590974019513,0.3259013007012269,4,1,COMPLETE
4810,51.6,2025-01-22 06:34:44.004509,2025-01-22 06:34:59.177057,0 days 00:00:15.172548,1.1425257762406966,1.2113514333557986,0.3095942943498613,5,1,COMPLETE
4811,50.07,2025-01-22 06:34:47.947067,2025-01-22 06:35:02.715371,0 days 00:00:14.768304,1.1830150568288356,0.9509442226109287,0.6603772131525418,5,1,COMPLETE
4812,50.77,2025-01-22 06:34:59.324101,2025-01-22 06:35:15.753076,0 days 00:00:16.428975,1.7237918013624767,0.4263345432668546,0.371558421211816,8,1,COMPLETE
4813,51.949999999999996,2025-01-22 06:35:02.862061,2025-01-22 06:35:18.606892,0 days 00:00:15.744831,0.9005406515880089,1.5090453777202646,0.3720847024480959,8,1,COMPLETE
4814,52.86,2025-01-22 06:35:15.909251,2025-01-22 06:35:29.845607,0 days 00:00:13.936356,0.9292131803997389,1.4900870514775961,0.46071051562793175,2,1,COMPLETE
4815,52.65,2025-01-22 06:35:18.772151,2025-01-22 06:35:32.649172,0 days 00:00:13.877021,1.3013560142292997,2.382565601465704,0.45609752081768623,2,1,COMPLETE
4816,51.629999999999995,2025-01-22 06:35:29.999621,2025-01-22 06:35:44.395065,0 days 00:00:14.395444,1.277843982955186,1.0845834493102742,0.5703825708605881,4,1,COMPLETE
4817,51.01,2025-01-22 06:35:32.814469,2025-01-22 06:35:47.940598,0 days 00:00:15.126129,1.1038719690382908,1.025909651409401,0.5989266709274027,6,1,COMPLETE
4818,50.91,2025-01-22 06:35:44.573641,2025-01-22 06:36:13.654325,0 days 00:00:29.080684,1.5984484181417349,1.8358622728048282,0.26953393105775075,41,3,COMPLETE
4819,52.56999999999999,2025-01-22 06:35:48.250566,2025-01-22 06:36:01.513572,0 days 00:00:13.263006,1.7022206496570111,1.83936180307656,0.42145514504004206,2,1,COMPLETE
4820,51.03,2025-01-22 06:36:01.656753,2025-01-22 06:36:15.505335,0 days 00:00:13.848582,0.983235075187415,1.285406122676206,0.27424427656622613,4,1,COMPLETE
4821,51.17,2025-01-22 06:36:13.816817,2025-01-22 06:36:28.405271,0 days 00:00:14.588454,0.5385476508291634,1.2677118973572192,0.5066595328581521,4,1,COMPLETE
4822,51.160000000000004,2025-01-22 06:36:16.053250,2025-01-22 06:36:30.775252,0 days 00:00:14.722002,2.0488894287658983,1.4422130302024587,0.34686453122364513,4,1,COMPLETE
4823,51.77,2025-01-22 06:36:28.553668,2025-01-22 06:36:43.735719,0 days 00:00:15.182051,0.8040059177328318,0.7818350375457738,0.3255413239654848,6,1,COMPLETE
4824,51.910000000000004,2025-01-22 06:36:31.112854,2025-01-22 06:36:46.354334,0 days 00:00:15.241480,0.7967771657942383,2.2452273629918236,0.4014468074991542,6,1,COMPLETE
4825,52.800000000000004,2025-01-22 06:36:43.867260,2025-01-22 06:36:57.735409,0 days 00:00:13.868149,1.401817885661492,1.638973969167587,0.41206070770813613,2,1,COMPLETE
4826,28.13,2025-01-22 06:36:46.534025,2025-01-22 06:37:00.151816,0 days 00:00:13.617791,1.3897809184704093,1.6425270025435181,0.019835112410232593,2,1,COMPLETE
4827,32.14,2025-01-22 06:36:57.888633,2025-01-22 06:37:11.885683,0 days 00:00:13.997050,0.04208509040648335,0.9514559660108526,0.5115041364905293,2,1,COMPLETE
4828,51.9,2025-01-22 06:37:00.476767,2025-01-22 06:37:15.159788,0 days 00:00:14.683021,1.1119608878622704,1.004012737141533,0.5085116351599391,4,1,COMPLETE
4829,52.16,2025-01-22 06:37:12.054933,2025-01-22 06:37:29.667251,0 days 00:00:17.612318,1.0689895024789127,2.0044797650628157,0.4583412745182078,10,1,COMPLETE
4830,50.78,2025-01-22 06:37:15.348219,2025-01-22 06:37:29.697910,0 days 00:00:14.349691,0.9799227293501582,3.8371246333808053,0.335662228492046,4,1,COMPLETE
4831,51.080000000000005,2025-01-22 06:37:29.846801,2025-01-22 06:37:45.153388,0 days 00:00:15.306587,1.188905646018555,1.3153338232509122,0.5922327278937097,6,1,COMPLETE
4832,49.66,2025-01-22 06:37:29.854118,2025-01-22 06:37:45.160337,0 days 00:00:15.306219,1.2445563641361665,1.3129268667630858,0.6860591179542642,6,1,COMPLETE
4833,52.49,2025-01-22 06:37:45.343433,2025-01-22 06:37:59.147159,0 days 00:00:13.803726,1.564036905227508,1.584293254056448,0.38253148475624826,2,1,COMPLETE
4834,51.6,2025-01-22 06:37:45.479035,2025-01-22 06:38:50.295051,0 days 00:01:04.816016,0.6100521158769386,1.6076162719095584,0.3918392018045061,100,3,COMPLETE
4835,52.019999999999996,2025-01-22 06:37:59.293125,2025-01-22 06:38:14.127398,0 days 00:00:14.834273,0.9447881836194205,2.5018854305935703,0.4451452774320381,4,1,COMPLETE
