number,value,datetime_start,datetime_complete,duration,params_gamma_1,params_gamma_2,params_lambda,params_n_clusters,params_n_neighbors,state
5506,50.72,2025-01-22 08:09:53.605855,2025-01-22 08:10:08.358970,0 days 00:00:14.753115,1.0021249930565017,0.9307638545878087,0.6170098577306538,4,1,COMPLETE
5507,49.65,2025-01-22 08:10:05.667788,2025-01-22 08:10:20.077179,0 days 00:00:14.409391,0.9623832171621154,1.6837704466168881,0.23200199540879807,4,1,COMPLETE
5508,49.87,2025-01-22 08:10:08.519030,2025-01-22 08:10:22.144128,0 days 00:00:13.625098,1.2663525479515454,0.7094112224642337,0.23507554854712548,2,1,COMPLETE
5509,52.559999999999995,2025-01-22 08:10:20.268100,2025-01-22 08:10:34.056438,0 days 00:00:13.788338,1.261488587048523,1.288004182645708,0.3878906492112734,2,1,COMPLETE
5510,51.76,2025-01-22 08:10:22.904865,2025-01-22 08:10:37.797254,0 days 00:00:14.892389,1.409788962008219,1.3053847617892906,0.3948327065171684,5,1,COMPLETE
5511,51.83,2025-01-22 08:10:34.240940,2025-01-22 08:10:50.224542,0 days 00:00:15.983602,0.7995516566625884,1.956077045372246,0.4628430818618328,5,1,COMPLETE
5512,52.019999999999996,2025-01-22 08:10:37.993159,2025-01-22 08:10:52.283904,0 days 00:00:14.290745,0.8032416094258937,2.129123461832537,0.46760482092931294,4,1,COMPLETE
5513,50.79,2025-01-22 08:10:50.415040,2025-01-22 08:11:06.779485,0 days 00:00:16.364445,1.6661298285516815,1.0740072805313865,0.2735889007252744,8,6,COMPLETE
5514,51.1,2025-01-22 08:10:52.891076,2025-01-22 08:11:09.005449,0 days 00:00:16.114373,1.068977486585259,1.652650593471307,0.2801964372892752,8,1,COMPLETE
5515,52.290000000000006,2025-01-22 08:11:06.972483,2025-01-22 08:11:21.614308,0 days 00:00:14.641825,1.0518389290446557,1.6552989296490417,0.533426678590461,2,1,COMPLETE
5516,51.24999999999999,2025-01-22 08:11:09.544245,2025-01-22 08:11:22.818169,0 days 00:00:13.273924,2.383341943156319,1.374204230580387,0.5388377152097175,2,1,COMPLETE
5517,31.509999999999998,2025-01-22 08:11:21.796376,2025-01-22 08:11:35.084300,0 days 00:00:13.287924,0.6810895050181184,1.4077658208383135,0.052060435330394124,2,1,COMPLETE
5518,49.13,2025-01-22 08:11:23.011289,2025-01-22 08:11:38.093748,0 days 00:00:15.082459,0.9221507782513004,1.0796432789247705,0.6824132938236722,6,1,COMPLETE
5519,49.26,2025-01-22 08:11:35.260803,2025-01-22 08:11:50.601998,0 days 00:00:15.341195,1.4242129105558727,1.1334296190044886,0.7063942951993165,6,1,COMPLETE
5520,52.01,2025-01-22 08:11:38.369130,2025-01-22 08:11:52.854914,0 days 00:00:14.485784,1.404186196401717,1.7798846581451042,0.35918150164066726,4,1,COMPLETE
5521,52.370000000000005,2025-01-22 08:11:50.765248,2025-01-22 08:12:05.114605,0 days 00:00:14.349357,1.1956557526268836,2.3189300178689716,0.35235435844501156,4,1,COMPLETE
5522,51.99,2025-01-22 08:11:53.525577,2025-01-22 08:12:07.899980,0 days 00:00:14.374403,0.5469434504539206,0.845615338057055,0.4138065850860367,4,1,COMPLETE
5523,52.17,2025-01-22 08:12:05.307445,2025-01-22 08:12:19.540501,0 days 00:00:14.233056,1.82635986827229,1.4831838060587483,0.4259939019458661,2,1,COMPLETE
5524,52.12,2025-01-22 08:12:08.209347,2025-01-22 08:12:21.863018,0 days 00:00:13.653671,1.9002336979963448,1.4288212853571312,0.44895453177081684,2,1,COMPLETE
5525,52.01,2025-01-22 08:12:19.737586,2025-01-22 08:12:33.768711,0 days 00:00:14.031125,0.8945870162060601,1.2309148444162705,0.3209980962714372,2,1,COMPLETE
5526,50.82,2025-01-22 08:12:22.339180,2025-01-22 08:12:37.392887,0 days 00:00:15.053707,0.9261146078411963,1.1941432703369514,0.5859109542741326,6,1,COMPLETE
5527,50.92,2025-01-22 08:12:34.158335,2025-01-22 08:12:52.809871,0 days 00:00:18.651536,1.1416884616316934,1.9154614024226098,0.5867672754879513,15,2,COMPLETE
5528,52.44,2025-01-22 08:12:37.568801,2025-01-22 08:12:52.524603,0 days 00:00:14.955802,1.1506333409263005,1.9358940558120168,0.37035820453677953,4,1,COMPLETE
5529,52.35999999999999,2025-01-22 08:12:52.692300,2025-01-22 08:13:28.295574,0 days 00:00:35.603274,1.2567845228288772,0.9872258542431842,0.50162504601395,51,4,COMPLETE
5530,51.85999999999999,2025-01-22 08:12:53.028135,2025-01-22 08:13:07.329232,0 days 00:00:14.301097,1.603524471011741,0.9936357011380335,0.4902288632424496,4,1,COMPLETE
5531,51.78,2025-01-22 08:13:07.529392,2025-01-22 08:13:25.067090,0 days 00:00:17.537698,1.2973709092779904,1.5734283271477623,0.40072658811025,10,2,COMPLETE
5532,51.190000000000005,2025-01-22 08:13:25.237985,2025-01-22 08:13:41.060983,0 days 00:00:15.822998,0.7250895122621115,1.658356078445482,0.3145433632665502,6,1,COMPLETE
5533,51.67,2025-01-22 08:13:28.463357,2025-01-22 08:13:44.056611,0 days 00:00:15.593254,1.0185547868089746,1.6495545103315783,0.31154802807510984,6,1,COMPLETE
5534,52.669999999999995,2025-01-22 08:13:41.246754,2025-01-22 08:13:54.999042,0 days 00:00:13.752288,0.9948713177244021,2.3883460782522166,0.4379913983515832,2,1,COMPLETE
5535,52.43,2025-01-22 08:13:44.204488,2025-01-22 08:13:57.473173,0 days 00:00:13.268685,1.5650509819468317,1.2532315436673978,0.43746372422683294,2,1,COMPLETE
5536,49.69,2025-01-22 08:13:55.186163,2025-01-22 08:14:10.380356,0 days 00:00:15.194193,1.5177963288915322,0.0023923706685319806,0.37690713502190754,4,1,COMPLETE
5537,50.44,2025-01-22 08:13:57.967374,2025-01-22 08:14:13.551598,0 days 00:00:15.584224,1.3582397578083916,0.17271451331635462,0.37168571320658694,4,1,COMPLETE
5538,51.7,2025-01-22 08:14:10.566114,2025-01-22 08:14:26.883668,0 days 00:00:16.317554,0.8076689078400505,0.7309665264467476,0.5261907777756857,8,1,COMPLETE
5539,51.580000000000005,2025-01-22 08:14:13.714383,2025-01-22 08:14:29.642351,0 days 00:00:15.927968,0.7785322440543134,1.4107092225516389,0.5224965758762123,8,1,COMPLETE
5540,50.690000000000005,2025-01-22 08:14:27.239524,2025-01-22 08:14:41.346683,0 days 00:00:14.107159,1.11462931749619,1.3636430255480714,0.6323789850529744,2,1,COMPLETE
5541,50.739999999999995,2025-01-22 08:14:30.068038,2025-01-22 08:14:44.093433,0 days 00:00:14.025395,1.1567523632930965,1.0870122683332482,0.6240875576320905,2,1,COMPLETE
5542,51.88,2025-01-22 08:14:41.499342,2025-01-22 08:15:11.422508,0 days 00:00:29.923166,0.9036549901644843,1.0790827570014971,0.4573373264780017,44,3,COMPLETE
5543,50.470000000000006,2025-01-22 08:14:44.252730,2025-01-22 08:14:58.624926,0 days 00:00:14.372196,0.9333386857141313,2.067054454523293,0.2674975304660057,4,1,COMPLETE
5544,52.129999999999995,2025-01-22 08:14:58.787774,2025-01-22 08:15:13.466899,0 days 00:00:14.679125,0.652543892800182,1.7112935343544307,0.44478544758987926,6,1,COMPLETE
5545,51.870000000000005,2025-01-22 08:15:11.563929,2025-01-22 08:15:26.793354,0 days 00:00:15.229425,1.3659616054355497,1.754843538874042,0.35004166895708416,6,1,COMPLETE
5546,51.71,2025-01-22 08:15:14.090495,2025-01-22 08:15:28.832344,0 days 00:00:14.741849,1.23321082256852,0.8298989200523227,0.34191236574288353,4,1,COMPLETE
5547,52.31,2025-01-22 08:15:26.955389,2025-01-22 08:15:41.513585,0 days 00:00:14.558196,1.1058128867038166,1.288550414514844,0.38625271947459616,4,1,COMPLETE
5548,52.12,2025-01-22 08:15:29.400786,2025-01-22 08:15:42.876128,0 days 00:00:13.475342,1.7072371885850237,1.2839860114794759,0.4092467451298537,2,1,COMPLETE
5549,52.44,2025-01-22 08:15:41.710609,2025-01-22 08:15:55.260921,0 days 00:00:13.550312,1.6683011902587956,1.468893810517255,0.5035525017793899,2,1,COMPLETE
5550,52.66,2025-01-22 08:15:43.250487,2025-01-22 08:15:57.229017,0 days 00:00:13.978530,1.0120826287935685,1.4413650794878445,0.5046330604615333,2,1,COMPLETE
5551,50.73,2025-01-22 08:15:55.449287,2025-01-22 08:16:09.678270,0 days 00:00:14.228983,0.9438898978690836,2.0945914037332223,0.2792952890597024,4,1,COMPLETE
5552,51.17,2025-01-22 08:15:57.827785,2025-01-22 08:16:12.128981,0 days 00:00:14.301196,1.3387051825147374,2.1293070500441145,0.27595550669110547,4,1,COMPLETE
5553,50.43,2025-01-22 08:16:09.870381,2025-01-22 08:16:25.198108,0 days 00:00:15.327727,2.202892143081847,0.95618101155958,0.32909321152660376,6,1,COMPLETE
5554,45.59,2025-01-22 08:16:12.499857,2025-01-22 08:16:27.721989,0 days 00:00:15.222132,2.2448618099880298,0.9746800803783559,0.9129235182505455,6,1,COMPLETE
5555,52.15,2025-01-22 08:16:25.551405,2025-01-22 08:16:52.751151,0 days 00:00:27.199746,0.7786405803181606,1.179849964154737,0.41861602729589126,35,3,COMPLETE
5556,52.75,2025-01-22 08:16:28.071747,2025-01-22 08:16:41.952826,0 days 00:00:13.881079,0.8126402786497099,1.2061208123815543,0.41476637488982165,2,1,COMPLETE
5557,51.83,2025-01-22 08:16:42.146198,2025-01-22 08:16:56.221245,0 days 00:00:14.075047,1.1594471118061105,1.6288495428348921,0.5422489782766164,4,1,COMPLETE
5558,51.59,2025-01-22 08:16:52.940177,2025-01-22 08:17:07.635659,0 days 00:00:14.695482,1.1288768772322273,1.6691768394935358,0.5576970861456685,4,1,COMPLETE
5559,48.57,2025-01-22 08:16:56.405741,2025-01-22 08:17:12.136125,0 days 00:00:15.730384,1.403521956563023,2.4276366367259175,0.747813214662882,8,1,COMPLETE
5560,51.71,2025-01-22 08:17:07.802049,2025-01-22 08:17:24.358110,0 days 00:00:16.556061,1.3810050332829464,1.4719928652969376,0.3650198008439806,8,1,COMPLETE
5561,52.55,2025-01-22 08:17:12.313507,2025-01-22 08:17:26.584928,0 days 00:00:14.271421,0.9919485883724113,1.4560218486844443,0.3528885418689478,2,1,COMPLETE
5562,46.32,2025-01-22 08:17:24.553369,2025-01-22 08:17:38.210409,0 days 00:00:13.657040,0.9650765474090374,0.5790835721859344,0.16697955447133012,2,1,COMPLETE
5563,47.05,2025-01-22 08:17:27.008297,2025-01-22 08:17:41.399481,0 days 00:00:14.391184,1.6313011865655993,1.8624293460219654,0.16252138626437362,4,1,COMPLETE
5564,51.78,2025-01-22 08:17:38.374476,2025-01-22 08:17:53.809260,0 days 00:00:15.434784,0.6507835260561331,1.8586579316355125,0.46000324819285787,5,1,COMPLETE
5565,51.88,2025-01-22 08:17:41.584287,2025-01-22 08:17:56.783103,0 days 00:00:15.198816,0.603899840199875,1.083380165616673,0.47367495428499223,6,1,COMPLETE
5566,0.5,2025-01-22 08:17:54.000793,2025-01-22 08:18:12.583652,0 days 00:00:18.582859,0.0019924949469663413,1.0970541380287515,0.20704632732835984,11,2,COMPLETE
5567,50.91,2025-01-22 08:17:56.977167,2025-01-22 08:18:10.307308,0 days 00:00:13.330141,1.1929125553963094,1.2865613856286284,0.6178052941659252,2,1,COMPLETE
5568,51.66,2025-01-22 08:18:10.495957,2025-01-22 08:18:25.092511,0 days 00:00:14.596554,0.8414885959418088,0.9145773892857333,0.31736917248346447,4,1,COMPLETE
5569,51.629999999999995,2025-01-22 08:18:13.063717,2025-01-22 08:18:27.655894,0 days 00:00:14.592177,0.8818747038770625,0.8818568312239535,0.3143964424674459,4,1,COMPLETE
5570,52.0,2025-01-22 08:18:25.249654,2025-01-22 08:18:38.849690,0 days 00:00:13.600036,1.9604452446234932,1.5243274360393657,0.41164333894300725,2,1,COMPLETE
5571,51.92,2025-01-22 08:18:27.887564,2025-01-22 08:18:41.163380,0 days 00:00:13.275816,1.9104468002041266,1.544559598728818,0.391714645176888,2,1,COMPLETE
5572,52.300000000000004,2025-01-22 08:18:39.024597,2025-01-22 08:18:54.942438,0 days 00:00:15.917841,1.1846725716338737,1.2272224153418896,0.477137578397952,6,1,COMPLETE
5573,51.74999999999999,2025-01-22 08:18:41.931293,2025-01-22 08:18:58.021118,0 days 00:00:16.089825,1.2712039116949314,1.2667176513813612,0.4846744803068099,7,1,COMPLETE
5574,51.559999999999995,2025-01-22 08:18:55.103570,2025-01-22 08:19:09.811235,0 days 00:00:14.707665,1.5036926806571183,2.0072647599543267,0.5637642176983806,4,1,COMPLETE
5575,49.75,2025-01-22 08:18:58.190683,2025-01-22 08:19:12.907687,0 days 00:00:14.717004,1.5074982305884375,0.001003753314056574,0.6565472581493276,4,1,COMPLETE
5576,49.62,2025-01-22 08:19:10.141271,2025-01-22 08:19:34.511165,0 days 00:00:24.369894,1.046912396943037,0.0029983943817661427,0.37640848633843305,30,17,COMPLETE
5577,52.43,2025-01-22 08:19:13.072248,2025-01-22 08:20:05.145345,0 days 00:00:52.073097,1.0406510239515623,1.8292486369335947,0.3923847149301092,90,4,COMPLETE
5578,52.459999999999994,2025-01-22 08:19:34.696365,2025-01-22 08:19:47.677956,0 days 00:00:12.981591,0.728845298779739,1.791273646855356,0.42425396462698417,2,1,COMPLETE
5579,51.7,2025-01-22 08:19:47.813303,2025-01-22 08:20:24.859117,0 days 00:00:37.045814,1.0757876192823284,2.479990693421998,0.52851792057401,56,4,COMPLETE
5580,51.31,2025-01-22 08:20:05.325432,2025-01-22 08:20:19.306315,0 days 00:00:13.980883,1.284915244259713,0.7081168644748919,0.30365542964490594,2,1,COMPLETE
5581,51.83,2025-01-22 08:20:19.428920,2025-01-22 08:20:34.775742,0 days 00:00:15.346822,0.9112734374972716,2.3638899578506645,0.4919111894273274,6,1,COMPLETE
5582,52.33,2025-01-22 08:20:25.044805,2025-01-22 08:20:40.181906,0 days 00:00:15.137101,0.9059734554509075,1.3974712585761955,0.44501277170840414,6,5,COMPLETE
5583,52.059999999999995,2025-01-22 08:20:34.944898,2025-01-22 08:20:49.780304,0 days 00:00:14.835406,1.5681838410060667,1.4028642642959988,0.44416140626040873,4,1,COMPLETE
5584,50.24999999999999,2025-01-22 08:20:40.377659,2025-01-22 08:20:54.634644,0 days 00:00:14.256985,1.478751893625346,1.0132210391105438,0.24893589969689262,4,1,COMPLETE
5585,52.21,2025-01-22 08:20:49.953621,2025-01-22 08:21:04.203178,0 days 00:00:14.249557,1.2771984509380103,1.0568394632696028,0.3464705681964781,2,1,COMPLETE
5586,51.41,2025-01-22 08:20:54.808551,2025-01-22 08:21:08.190693,0 days 00:00:13.382142,0.5087766440057275,1.1871254200920047,0.3501073981122854,2,1,COMPLETE
5587,48.66,2025-01-22 08:21:04.396348,2025-01-22 08:21:21.343752,0 days 00:00:16.947404,0.48443606736710915,1.6369861376211379,0.6101689012425844,9,2,COMPLETE
5588,51.09,2025-01-22 08:21:08.371819,2025-01-22 08:21:22.820243,0 days 00:00:14.448424,1.115327683078065,1.644291544178661,0.6009314128311574,4,1,COMPLETE
5589,46.96,2025-01-22 08:21:21.510194,2025-01-22 08:21:35.771284,0 days 00:00:14.261090,0.7386563249089844,1.58092570841227,0.746094374369495,4,1,COMPLETE
5590,47.52,2025-01-22 08:21:23.005126,2025-01-22 08:21:36.948597,0 days 00:00:13.943471,0.7925374728800215,0.8145690210997489,0.7321077645183174,2,1,COMPLETE
5591,51.64,2025-01-22 08:21:35.939775,2025-01-22 08:21:49.497164,0 days 00:00:13.557389,1.7963562290889346,0.8089243536945504,0.39805063824649145,2,1,COMPLETE
5592,50.7,2025-01-22 08:21:37.121700,2025-01-22 08:21:53.202442,0 days 00:00:16.080742,1.8171672985868554,2.03471099952928,0.2907244861112843,7,1,COMPLETE
5593,51.239999999999995,2025-01-22 08:21:49.658593,2025-01-22 08:22:05.853420,0 days 00:00:16.194827,1.2607307340561147,2.13893462451014,0.28809033427521136,7,1,COMPLETE
5594,51.980000000000004,2025-01-22 08:21:53.360989,2025-01-22 08:22:08.945504,0 days 00:00:15.584515,1.2896389621815978,1.267751691878196,0.5190121810143299,5,1,COMPLETE
5595,52.16,2025-01-22 08:22:06.034972,2025-01-22 08:22:21.172735,0 days 00:00:15.137763,1.0297790507900992,1.3298493591165053,0.5152801931424904,5,1,COMPLETE
5596,23.5,2025-01-22 08:22:09.148824,2025-01-22 08:22:23.979677,0 days 00:00:14.830853,1.0159697674857509,1.3197926304540137,0.0014808812978618121,4,1,COMPLETE
5597,52.53,2025-01-22 08:22:21.315700,2025-01-22 08:22:35.351714,0 days 00:00:14.036014,0.9285749455255885,1.1382193820965,0.3544268580072424,2,1,COMPLETE
5598,50.81,2025-01-22 08:22:24.205498,2025-01-22 08:22:37.342022,0 days 00:00:13.136524,1.44311522516899,0.24452515115736248,0.35957186983667266,2,1,COMPLETE
5599,52.76,2025-01-22 08:22:35.532961,2025-01-22 08:22:49.139160,0 days 00:00:13.606199,1.4827775077938612,1.6930587912734372,0.42084422172521324,2,1,COMPLETE
5600,52.43,2025-01-22 08:22:37.982156,2025-01-22 08:22:52.551703,0 days 00:00:14.569547,1.1514807668328924,1.7090762314579042,0.45299842222359216,4,1,COMPLETE
5601,52.32,2025-01-22 08:22:49.319362,2025-01-22 08:23:04.395942,0 days 00:00:15.076580,1.1540533448193464,1.4858096185163172,0.45065329353563205,6,1,COMPLETE
5602,50.980000000000004,2025-01-22 08:22:52.741582,2025-01-22 08:23:07.716481,0 days 00:00:14.974899,0.8635132978031641,1.000977037857429,0.5685380008212907,6,1,COMPLETE
5603,50.99,2025-01-22 08:23:04.565797,2025-01-22 08:23:22.180551,0 days 00:00:17.614754,0.8797116699979207,1.0358904864204537,0.5678422326429807,10,2,COMPLETE
5604,51.4,2025-01-22 08:23:07.882871,2025-01-22 08:23:22.901618,0 days 00:00:15.018747,0.6735168126496175,1.1582561354439476,0.3243577484318059,4,1,COMPLETE
5605,51.22,2025-01-22 08:23:22.333601,2025-01-22 08:23:36.757170,0 days 00:00:14.423569,0.668606492415833,1.941002455615101,0.33345693485116357,4,1,COMPLETE
5606,52.76,2025-01-22 08:23:23.064769,2025-01-22 08:23:36.595631,0 days 00:00:13.530862,1.3258673743254692,1.944853335276101,0.3768844035322041,2,1,COMPLETE
5607,50.31,2025-01-22 08:23:36.794280,2025-01-22 08:23:53.991618,0 days 00:00:17.197338,1.0864670248995814,1.4104486358195356,0.24644004790032253,8,1,COMPLETE
5608,52.559999999999995,2025-01-22 08:23:36.960413,2025-01-22 08:23:54.131547,0 days 00:00:17.171134,1.0688224521601781,1.387794689374104,0.4463334039111592,8,6,COMPLETE
5609,36.52,2025-01-22 08:23:54.183299,2025-01-22 08:24:08.400589,0 days 00:00:14.217290,1.695816593015442,1.2217008794082127,1.5440898993183154,2,1,COMPLETE
5610,52.52,2025-01-22 08:23:54.317446,2025-01-22 08:24:07.934829,0 days 00:00:13.617383,1.6800452753059716,2.337102930378412,0.40049602432950815,2,1,COMPLETE
5611,0.5,2025-01-22 08:24:08.075806,2025-01-22 08:24:23.466908,0 days 00:00:15.391102,0.006088905859072236,1.5623737820609,0.5108849057296482,4,1,COMPLETE
5612,52.019999999999996,2025-01-22 08:24:08.572898,2025-01-22 08:24:25.112849,0 days 00:00:16.539951,1.3031388393052021,1.5800878442224018,0.503696170687725,5,1,COMPLETE
5613,50.32,2025-01-22 08:24:23.626876,2025-01-22 08:24:37.906471,0 days 00:00:14.279595,1.313492053020421,0.8918410989896361,0.652422287131657,5,1,COMPLETE
5614,52.459999999999994,2025-01-22 08:24:25.925683,2025-01-22 08:24:40.572502,0 days 00:00:14.646819,0.8636836611519838,0.9675954255257925,0.38884984066171463,4,1,COMPLETE
5615,50.63999999999999,2025-01-22 08:24:38.049948,2025-01-22 08:24:51.482855,0 days 00:00:13.432907,0.8467553443635167,0.017289367566586385,0.392778066783915,2,1,COMPLETE
5616,51.959999999999994,2025-01-22 08:24:40.749944,2025-01-22 08:24:54.190532,0 days 00:00:13.440588,1.0655797527179631,1.19325720747767,0.30445738378356163,2,1,COMPLETE
5617,51.72,2025-01-22 08:24:51.650628,2025-01-22 08:25:06.923872,0 days 00:00:15.273244,1.0991462098719738,1.1341438452099324,0.3041366703071843,6,1,COMPLETE
5618,52.17,2025-01-22 08:24:54.501715,2025-01-22 08:25:09.566793,0 days 00:00:15.065078,1.4939540407028686,1.8249794348440815,0.46243995105382646,6,1,COMPLETE
5619,52.410000000000004,2025-01-22 08:25:07.071628,2025-01-22 08:25:21.625122,0 days 00:00:14.553494,1.4471068087575283,1.96762303241122,0.4649479541629359,4,1,COMPLETE
5620,51.76,2025-01-22 08:25:10.004725,2025-01-22 08:25:24.208339,0 days 00:00:14.203614,0.9896230679493504,1.3786703375300495,0.5447131079654449,4,1,COMPLETE
5621,25.330000000000002,2025-01-22 08:25:21.795411,2025-01-22 08:25:35.576840,0 days 00:00:13.781429,0.9717112652818648,1.4317786123801366,0.009339413028886254,2,1,COMPLETE
5622,52.66,2025-01-22 08:25:24.504128,2025-01-22 08:25:37.762535,0 days 00:00:13.258407,1.2361109828026529,1.5132394258190813,0.38073635626862856,2,1,COMPLETE
5623,51.73,2025-01-22 08:25:35.743087,2025-01-22 08:25:49.728700,0 days 00:00:13.985613,0.7519886363417928,2.5289913230874728,0.3825986261125525,2,1,COMPLETE
5624,48.88,2025-01-22 08:25:38.686557,2025-01-22 08:25:54.303592,0 days 00:00:15.617035,0.7769263095331878,1.7424834843597024,0.6602091099513583,7,1,COMPLETE
5625,49.64,2025-01-22 08:25:49.890805,2025-01-22 08:26:05.504445,0 days 00:00:15.613640,2.057817613062087,1.7499175480048486,0.6843040693768223,6,5,COMPLETE
5626,24.2,2025-01-22 08:25:54.472199,2025-01-22 08:26:09.116821,0 days 00:00:14.644622,2.009363028028376,0.0017952598382435594,0.012655768861769839,4,1,COMPLETE
5627,52.349999999999994,2025-01-22 08:26:05.709119,2025-01-22 08:26:20.317986,0 days 00:00:14.608867,1.1944743046382584,1.0596766400382365,0.4442055688260858,4,1,COMPLETE
5628,52.28,2025-01-22 08:26:09.265741,2025-01-22 08:26:23.621000,0 days 00:00:14.355259,1.2104036985903326,1.2597775908713844,0.4476765545107232,4,1,COMPLETE
5629,50.4,2025-01-22 08:26:20.494987,2025-01-22 08:26:37.662894,0 days 00:00:17.167907,1.6349343859942482,1.3163371864374884,0.2644679974778046,10,2,COMPLETE
5630,51.690000000000005,2025-01-22 08:26:23.804935,2025-01-22 08:26:40.667566,0 days 00:00:16.862631,0.9678064322148733,0.688704504303271,0.3278239332375404,9,2,COMPLETE
5631,51.5,2025-01-22 08:26:37.840064,2025-01-22 08:26:52.207977,0 days 00:00:14.367913,0.9919156171446453,0.7015872945792164,0.5631151764270313,2,1,COMPLETE
5632,51.970000000000006,2025-01-22 08:26:40.845830,2025-01-22 08:26:54.755474,0 days 00:00:13.909644,1.419235039447292,2.2208154961875777,0.5700685975582167,2,1,COMPLETE
5633,0.5,2025-01-22 08:26:52.392626,2025-01-22 08:27:07.258901,0 days 00:00:14.866275,0.0010587463395175638,2.361038100009581,0.3461542561980978,2,1,COMPLETE
5634,51.690000000000005,2025-01-22 08:26:55.115291,2025-01-22 08:27:10.394666,0 days 00:00:15.279375,0.5696655054051529,0.9361301034601535,0.35252608159523,6,1,COMPLETE
5635,51.81,2025-01-22 08:27:07.413781,2025-01-22 08:27:22.808524,0 days 00:00:15.394743,0.5836677987643125,0.8787633163645386,0.4845743827948589,5,1,COMPLETE
5636,49.51,2025-01-22 08:27:10.590187,2025-01-22 08:27:25.697694,0 days 00:00:15.107507,1.2180280805939738,1.538014750055693,0.21577080638847254,4,1,COMPLETE
5637,43.35,2025-01-22 08:27:23.100456,2025-01-22 08:27:38.241563,0 days 00:00:15.141107,1.1937838943502115,1.539290012528465,0.9857125119312776,4,1,COMPLETE
5638,0.5,2025-01-22 08:27:25.857030,2025-01-22 08:27:42.755012,0 days 00:00:16.897982,0.0033079674074508766,1.2043114082293653,0.4157266824850268,8,1,COMPLETE
5639,0.51,2025-01-22 08:27:38.419259,2025-01-22 08:28:00.214681,0 days 00:00:21.795422,0.0032566395213594196,1.078128744076076,0.40983565483865686,8,1,COMPLETE
5640,52.32,2025-01-22 08:27:42.925953,2025-01-22 08:27:56.355379,0 days 00:00:13.429426,0.8292024190850602,2.006425070788272,0.48934209431700704,2,1,COMPLETE
