number,value,datetime_start,datetime_complete,duration,params_gamma_1,params_gamma_2,params_lambda,params_n_clusters,params_n_neighbors,state
3091,48.79,2025-01-22 02:39:26.302912,2025-01-22 02:39:41.047356,0 days 00:00:14.744444,0.6151284645972201,2.3293879400664954,0.6167800109389593,4,1,COMPLETE
3092,51.980000000000004,2025-01-22 02:39:34.079199,2025-01-22 02:39:49.118751,0 days 00:00:15.039552,0.8662593762401143,2.287403800519246,0.4632902618392603,4,1,COMPLETE
3093,52.580000000000005,2025-01-22 02:39:41.184153,2025-01-22 02:39:54.698120,0 days 00:00:13.513967,0.8719720288501055,1.644574065487881,0.4736807484999107,2,1,COMPLETE
3094,52.739999999999995,2025-01-22 02:39:49.221853,2025-01-22 02:40:02.898381,0 days 00:00:13.676528,0.9718873037387066,1.6924229849016907,0.39277467329917554,2,1,COMPLETE
3095,52.370000000000005,2025-01-22 02:39:54.907303,2025-01-22 02:40:10.114285,0 days 00:00:15.206982,1.0123749901190555,1.591281689855531,0.39107561294457,6,1,COMPLETE
3096,51.24999999999999,2025-01-22 02:40:03.289169,2025-01-22 02:40:18.712042,0 days 00:00:15.422873,0.7568769511512696,1.4643671572886703,0.31024901870749494,6,1,COMPLETE
3097,50.83,2025-01-22 02:40:10.261162,2025-01-22 02:40:25.152013,0 days 00:00:14.890851,0.7212634231847964,1.9968328462466143,0.31006398552039416,5,1,COMPLETE
3098,52.080000000000005,2025-01-22 02:40:18.821138,2025-01-22 02:40:33.835086,0 days 00:00:15.013948,1.0793362127844615,1.9518999320402257,0.518649119890183,4,1,COMPLETE
3099,52.470000000000006,2025-01-22 02:40:25.456122,2025-01-22 02:40:39.325445,0 days 00:00:13.869323,1.1342492893229639,1.4210878463446048,0.5272024672521161,2,1,COMPLETE
3100,53.04,2025-01-22 02:40:34.037171,2025-01-22 02:40:47.621836,0 days 00:00:13.584665,1.118358752320057,1.3701956685824865,0.4396682750752608,2,1,COMPLETE
3101,51.980000000000004,2025-01-22 02:40:39.503627,2025-01-22 02:40:52.786733,0 days 00:00:13.283106,0.9219584113038686,2.683052021595508,0.362505493075917,2,1,COMPLETE
3102,49.88,2025-01-22 02:40:47.909350,2025-01-22 02:41:34.946997,0 days 00:00:47.037647,0.3709472887085686,1.2372718477010614,0.339382965075154,4,1,COMPLETE
3103,48.5,2025-01-22 02:40:52.898263,2025-01-22 02:41:06.768582,0 days 00:00:13.870319,0.43828355813990966,1.1540520962456389,0.27247630161959924,4,1,COMPLETE
3104,51.61,2025-01-22 02:41:06.921156,2025-01-22 02:41:21.073464,0 days 00:00:14.152308,0.6782534475923339,1.2516170950021317,0.3372078805405843,4,1,COMPLETE
3105,50.160000000000004,2025-01-22 02:41:21.215764,2025-01-22 02:41:37.472064,0 days 00:00:16.256300,0.8281668162398139,1.0534528702218149,0.2545758613895486,8,1,COMPLETE
3106,50.28,2025-01-22 02:41:35.078297,2025-01-22 02:42:16.381537,0 days 00:00:41.303240,0.7951652159083961,1.0106698593050623,0.25637891161008947,70,4,COMPLETE
3107,52.839999999999996,2025-01-22 02:41:37.588094,2025-01-22 02:41:50.598064,0 days 00:00:13.009970,0.907301843755945,1.3135562832918537,0.39894176431080314,2,1,COMPLETE
3108,52.54,2025-01-22 02:41:50.714400,2025-01-22 02:42:05.452833,0 days 00:00:14.738433,1.0247707938417119,1.2931799122918397,0.41417981281786853,6,1,COMPLETE
3109,51.66,2025-01-22 02:42:05.570972,2025-01-22 02:42:18.770030,0 days 00:00:13.199058,0.8339468357347499,1.3887635121715372,0.30641649069030913,2,1,COMPLETE
3110,52.03,2025-01-22 02:42:16.502911,2025-01-22 02:42:29.811419,0 days 00:00:13.308508,1.1336682558646838,1.380390632430747,0.3074701172866113,2,1,COMPLETE
3111,52.31,2025-01-22 02:42:19.162995,2025-01-22 02:42:33.741664,0 days 00:00:14.578669,1.130016863171608,1.0974046874478816,0.3835025074399205,6,1,COMPLETE
3112,52.410000000000004,2025-01-22 02:42:29.924947,2025-01-22 02:42:47.329875,0 days 00:00:17.404928,0.9955352121104551,1.1235623696689425,0.4345003023867974,12,2,COMPLETE
3113,52.33,2025-01-22 02:42:33.891830,2025-01-22 02:42:48.383464,0 days 00:00:14.491634,0.6635281079929919,1.1069547143832583,0.45419886297043166,4,1,COMPLETE
3114,52.01,2025-01-22 02:42:47.471221,2025-01-22 02:43:01.584757,0 days 00:00:14.113536,0.6596683998677014,1.4265598325023927,0.37056868548152055,4,1,COMPLETE
3115,52.1,2025-01-22 02:42:48.508920,2025-01-22 02:43:03.019051,0 days 00:00:14.510131,1.2555405887394224,1.3934796628770325,0.36117998220191866,4,1,COMPLETE
3116,52.59,2025-01-22 02:43:01.707714,2025-01-22 02:43:14.729268,0 days 00:00:13.021554,1.264153144185987,0.848170843021076,0.4638769334970881,2,1,COMPLETE
3117,52.75,2025-01-22 02:43:03.367588,2025-01-22 02:43:17.163654,0 days 00:00:13.796066,0.9707961816375361,0.8239404028947382,0.44282219033998815,2,1,COMPLETE
3118,52.27,2025-01-22 02:43:14.860176,2025-01-22 02:43:32.517830,0 days 00:00:17.657654,0.9416313749165327,1.223861058619702,0.42800673859200694,8,1,COMPLETE
3119,50.849999999999994,2025-01-22 02:43:17.408108,2025-01-22 02:43:32.945614,0 days 00:00:15.537506,0.9588492376945525,1.1946390010585302,0.5919927950152154,6,1,COMPLETE
3120,51.22,2025-01-22 02:43:32.645432,2025-01-22 02:43:47.592133,0 days 00:00:14.946701,1.1263423110013722,0.9956862896267225,0.5840456397589638,6,1,COMPLETE
3121,49.519999999999996,2025-01-22 02:43:33.074405,2025-01-22 02:43:48.044538,0 days 00:00:14.970133,1.2216204325053817,1.5188827082172387,0.21842864555928407,5,1,COMPLETE
3122,48.82,2025-01-22 02:43:47.733726,2025-01-22 02:44:02.596295,0 days 00:00:14.862569,1.3221709182204489,1.4759692361119037,0.1981986130550405,4,1,COMPLETE
3123,52.03,2025-01-22 02:43:48.224087,2025-01-22 02:44:02.160565,0 days 00:00:13.936478,0.78825945347114,1.5403335541625987,0.33529871433240843,2,1,COMPLETE
3124,52.15,2025-01-22 02:44:02.296315,2025-01-22 02:44:16.538282,0 days 00:00:14.241967,1.28163871114226,1.362568499393028,0.5133138363869211,4,1,COMPLETE
3125,52.410000000000004,2025-01-22 02:44:02.752243,2025-01-22 02:44:16.642591,0 days 00:00:13.890348,1.0867124300047486,1.0134859235245206,0.5038249392192986,2,1,COMPLETE
3126,24.02,2025-01-22 02:44:16.674579,2025-01-22 02:44:30.540117,0 days 00:00:13.865538,0.8691064043042129,1.2393852988373024,0.004961577449737742,2,1,COMPLETE
3127,51.580000000000005,2025-01-22 02:44:16.810692,2025-01-22 02:44:33.954492,0 days 00:00:17.143800,0.540133376195863,1.2263479594158362,0.38536008020881574,9,2,COMPLETE
3128,51.54,2025-01-22 02:44:30.818994,2025-01-22 02:44:46.534201,0 days 00:00:15.715207,1.4925677184957633,0.9703236817037608,0.3840569786125007,7,1,COMPLETE
3129,51.49,2025-01-22 02:44:34.066644,2025-01-22 02:44:49.250952,0 days 00:00:15.184308,1.4978234457877675,1.6509854854219115,0.29419009394833995,6,1,COMPLETE
3130,51.88,2025-01-22 02:44:46.676160,2025-01-22 02:45:00.986052,0 days 00:00:14.309892,1.037632227991069,1.618336199571361,0.3142359958882119,4,1,COMPLETE
3131,50.21,2025-01-22 02:44:49.355945,2025-01-22 02:45:03.661899,0 days 00:00:14.305954,1.0459559671078928,0.7086351311351672,0.646695779791114,4,1,COMPLETE
3132,52.65,2025-01-22 02:45:01.130426,2025-01-22 02:45:14.921850,0 days 00:00:13.791424,0.7790720594283198,0.7433148226800188,0.4357046539755613,2,1,COMPLETE
3133,52.17,2025-01-22 02:45:03.794237,2025-01-22 02:45:16.814027,0 days 00:00:13.019790,0.7472112317630161,0.40286196541033525,0.4562287559206989,2,1,COMPLETE
3134,52.61,2025-01-22 02:45:15.061287,2025-01-22 02:45:28.452264,0 days 00:00:13.390977,1.2287937185359545,1.3810090344406272,0.4969915172840416,2,1,COMPLETE
3135,52.129999999999995,2025-01-22 02:45:17.255997,2025-01-22 02:45:32.054117,0 days 00:00:14.798120,1.3301030787607842,1.3955419625431444,0.3804419488757629,4,1,COMPLETE
3136,52.03,2025-01-22 02:45:28.567914,2025-01-22 02:45:43.265568,0 days 00:00:14.697654,0.8806079201259644,1.0735202234324779,0.36289248387338063,5,1,COMPLETE
3137,52.23,2025-01-22 02:45:32.182971,2025-01-22 02:45:47.327225,0 days 00:00:15.144254,0.9083325187230781,1.0347788306382528,0.3592444176825014,6,1,COMPLETE
3138,52.07000000000001,2025-01-22 02:45:43.403754,2025-01-22 02:45:57.002528,0 days 00:00:13.598774,1.0879304695135532,1.6641113024341059,0.5515761953066354,2,1,COMPLETE
3139,51.66,2025-01-22 02:45:47.452963,2025-01-22 02:46:01.364821,0 days 00:00:13.911858,1.08514697659437,1.6926514639003805,0.5750787489133212,2,1,COMPLETE
3140,50.239999999999995,2025-01-22 02:45:57.147881,2025-01-22 02:46:11.249561,0 days 00:00:14.101680,1.462692728801977,1.2084650583319534,0.6655522868932736,4,1,COMPLETE
3141,52.09,2025-01-22 02:46:01.480865,2025-01-22 02:46:16.395081,0 days 00:00:14.914216,1.4409744113090956,1.213480184356189,0.4262687701820267,4,1,COMPLETE
3142,51.82,2025-01-22 02:46:11.607584,2025-01-22 02:46:27.579526,0 days 00:00:15.971942,1.364472005405801,0.9402560421663945,0.42557826954189887,8,1,COMPLETE
3143,51.449999999999996,2025-01-22 02:46:16.544082,2025-01-22 02:46:32.793894,0 days 00:00:16.249812,1.2415322328608576,0.89099969239466,0.3148767355461582,8,1,COMPLETE
3144,0.5,2025-01-22 02:46:27.896219,2025-01-22 02:46:42.552550,0 days 00:00:14.656331,0.002573134376823127,1.361680713301913,0.2907165686898282,2,1,COMPLETE
3145,52.190000000000005,2025-01-22 02:46:32.915179,2025-01-22 02:46:46.862266,0 days 00:00:13.947087,0.6617750231921192,1.501029712052362,0.4571110385785506,2,1,COMPLETE
3146,52.1,2025-01-22 02:46:42.672766,2025-01-22 02:46:57.213101,0 days 00:00:14.540335,0.954380578592294,1.5692610086669931,0.5027707223645261,5,1,COMPLETE
3147,51.970000000000006,2025-01-22 02:46:46.977280,2025-01-22 02:47:02.342719,0 days 00:00:15.365439,0.949368025220179,1.7013376679982821,0.5055378665825097,6,1,COMPLETE
3148,52.09,2025-01-22 02:46:57.414972,2025-01-22 02:47:12.118560,0 days 00:00:14.703588,1.1343918010363963,1.183120133305403,0.35575962741843764,4,1,COMPLETE
3149,51.910000000000004,2025-01-22 02:47:02.455339,2025-01-22 02:47:16.930318,0 days 00:00:14.474979,1.178686543245075,1.1414485873164792,0.34808376187857487,4,1,COMPLETE
3150,50.370000000000005,2025-01-22 02:47:12.332981,2025-01-22 02:47:26.844215,0 days 00:00:14.511234,1.640716885895247,1.3699548871912446,0.2564966984120552,4,1,COMPLETE
3151,52.62,2025-01-22 02:47:17.040985,2025-01-22 02:47:30.581330,0 days 00:00:13.540345,0.7920537180219713,1.3703789635732264,0.41051947294214336,2,1,COMPLETE
3152,52.55,2025-01-22 02:47:26.971278,2025-01-22 02:47:40.772369,0 days 00:00:13.801091,0.738577861096183,1.793680545263995,0.41587114821549453,2,1,COMPLETE
3153,0.5,2025-01-22 02:47:30.697771,2025-01-22 02:47:48.861555,0 days 00:00:18.163784,0.02482643313569961,1.7449961389937512,0.7006986998626091,10,2,COMPLETE
3154,31.25,2025-01-22 02:47:40.915534,2025-01-22 02:47:58.143094,0 days 00:00:17.227560,1.0120396141768726,0.0035409893441372,1.7443803125776296,10,2,COMPLETE
3155,31.39,2025-01-22 02:47:49.262550,2025-01-22 02:48:04.840176,0 days 00:00:15.577626,1.009731908561036,0.750932085602646,1.8347041512430498,6,1,COMPLETE
3156,51.349999999999994,2025-01-22 02:47:58.268323,2025-01-22 02:48:37.037306,0 days 00:00:38.768983,1.2982915373913917,1.0294080654782183,0.571925350738134,57,4,COMPLETE
3157,42.71,2025-01-22 02:48:04.957155,2025-01-22 02:48:19.352286,0 days 00:00:14.395131,1.5889770104643344,1.1050617691541647,0.10726641699519607,4,1,COMPLETE
3158,52.38,2025-01-22 02:48:19.507461,2025-01-22 02:48:32.943771,0 days 00:00:13.436310,1.2040725480936272,0.9381574203682953,0.510961139868322,2,1,COMPLETE
3159,49.44,2025-01-22 02:48:33.079067,2025-01-22 02:48:48.393805,0 days 00:00:15.314738,0.5551895125162647,1.5558150786019633,0.5940974316842502,6,1,COMPLETE
3160,51.72,2025-01-22 02:48:37.175320,2025-01-22 02:48:52.269597,0 days 00:00:15.094277,0.874146327066995,1.5473550349440715,0.32936756227602026,6,1,COMPLETE
3161,0.5,2025-01-22 02:48:48.524247,2025-01-22 02:49:03.359641,0 days 00:00:14.835394,0.012764242906226497,1.2799349245111025,0.3291955199810563,2,1,COMPLETE
3162,52.75,2025-01-22 02:48:52.388932,2025-01-22 02:49:05.999367,0 days 00:00:13.610435,1.4027440979492591,1.2953989391080414,0.4130935055300523,2,1,COMPLETE
3163,52.410000000000004,2025-01-22 02:49:03.482290,2025-01-22 02:49:17.885658,0 days 00:00:14.403368,1.3782768488482642,1.8380788495969822,0.46022280639284435,4,1,COMPLETE
3164,52.66,2025-01-22 02:49:06.119163,2025-01-22 02:49:54.279009,0 days 00:00:48.159846,1.1133019429055468,0.8317941127168006,0.4835031777032857,74,4,COMPLETE
3165,52.1,2025-01-22 02:49:18.017743,2025-01-22 02:49:32.704580,0 days 00:00:14.686837,1.1266469491760371,0.7905494762515776,0.4890270761371332,4,1,COMPLETE
3166,50.81,2025-01-22 02:49:32.835073,2025-01-22 02:49:46.223795,0 days 00:00:13.388722,1.7694587374766466,1.4722578172604341,0.2716703444879245,2,1,COMPLETE
3167,52.09,2025-01-22 02:49:46.343798,2025-01-22 02:50:02.072582,0 days 00:00:15.728784,0.8262937970100417,1.0326843869080875,0.38513440114196695,7,1,COMPLETE
3168,37.39,2025-01-22 02:49:54.399829,2025-01-22 02:50:11.208219,0 days 00:00:16.808390,0.8545625349830784,0.22367169438766143,1.195530916298895,8,1,COMPLETE
3169,50.22,2025-01-22 02:50:02.369103,2025-01-22 02:50:32.400252,0 days 00:00:30.031149,0.9519900596083847,1.174978114465908,0.6640289927275568,41,3,COMPLETE
3170,52.5,2025-01-22 02:50:11.322731,2025-01-22 02:50:26.163402,0 days 00:00:14.840671,0.9589147257770396,1.9091235041566017,0.40173570819747023,4,1,COMPLETE
3171,49.980000000000004,2025-01-22 02:50:26.297049,2025-01-22 02:50:39.458848,0 days 00:00:13.161799,1.6662626541781673,1.2163802053644535,0.6791816584616827,2,1,COMPLETE
3172,46.97,2025-01-22 02:50:32.504845,2025-01-22 02:50:46.867680,0 days 00:00:14.362835,1.614128837167985,1.479900621123776,0.8606219873558418,2,1,COMPLETE
3173,51.73,2025-01-22 02:50:39.776928,2025-01-22 02:50:54.734138,0 days 00:00:14.957210,1.2479367616978592,1.6143843007396705,0.5564570984154311,4,1,COMPLETE
3174,51.83,2025-01-22 02:50:47.090673,2025-01-22 02:51:02.414755,0 days 00:00:15.324082,1.2721741086793632,1.7094121063988703,0.5438679492400151,5,1,COMPLETE
3175,52.300000000000004,2025-01-22 02:50:54.871786,2025-01-22 02:51:09.761700,0 days 00:00:14.889914,1.1012538375485532,1.8381985577352118,0.3720468973561359,6,1,COMPLETE
3176,52.0,2025-01-22 02:51:02.538570,2025-01-22 02:51:33.769152,0 days 00:00:31.230582,0.7061135652219918,1.3608592549980445,0.3619196306857922,47,3,COMPLETE
3177,52.22,2025-01-22 02:51:09.894148,2025-01-22 02:51:23.955928,0 days 00:00:14.061780,0.6819631606174129,0.48206591132081644,0.4409626455127759,4,1,COMPLETE
3178,50.29,2025-01-22 02:51:24.071408,2025-01-22 02:51:37.245537,0 days 00:00:13.174129,2.277919824426771,0.9695442333580059,0.312360415666801,2,1,COMPLETE
3179,51.7,2025-01-22 02:51:33.906202,2025-01-22 02:51:47.638921,0 days 00:00:13.732719,1.4243120244574112,0.9842319083747044,0.312728373563745,2,1,COMPLETE
3180,52.35999999999999,2025-01-22 02:51:37.379060,2025-01-22 02:51:51.737940,0 days 00:00:14.358880,1.5209044118990658,2.1160276140790795,0.45612468321418265,4,1,COMPLETE
3181,52.03,2025-01-22 02:51:47.788123,2025-01-22 02:52:02.342107,0 days 00:00:14.553984,1.0332970515038182,0.5904624051928214,0.46280881774207094,4,1,COMPLETE
3182,47.839999999999996,2025-01-22 02:51:51.861586,2025-01-22 02:52:07.073810,0 days 00:00:15.212224,4.6787699817150425,0.031283863536952145,0.4035768662850229,6,1,COMPLETE
3183,52.019999999999996,2025-01-22 02:52:02.571241,2025-01-22 02:52:18.823188,0 days 00:00:16.251947,0.7949626433987104,1.3921425770002835,0.38678912360358525,7,1,COMPLETE
3184,50.73,2025-01-22 02:52:07.184930,2025-01-22 02:52:21.038229,0 days 00:00:13.853299,0.8737437168638154,1.349414145450844,0.5988787837901994,2,1,COMPLETE
3185,49.88,2025-01-22 02:52:18.953202,2025-01-22 02:52:32.008669,0 days 00:00:13.055467,1.1850903201694014,5.485718110920118,0.5840168809771591,2,1,COMPLETE
3186,52.1,2025-01-22 02:52:21.341814,2025-01-22 02:52:35.471206,0 days 00:00:14.129392,1.1937894513485723,1.1465740415887764,0.4972652643481523,4,1,COMPLETE
3187,50.3,2025-01-22 02:52:32.137487,2025-01-22 02:52:46.751322,0 days 00:00:14.613835,1.0943458031483162,1.0914570475120355,0.2372583060397093,4,1,COMPLETE
3188,50.09,2025-01-22 02:52:35.619506,2025-01-22 02:52:50.254797,0 days 00:00:14.635291,1.914566649883656,1.6082676469330148,0.24809564011781798,4,1,COMPLETE
3189,50.92,2025-01-22 02:52:46.872243,2025-01-22 02:53:00.588598,0 days 00:00:13.716355,1.8731062173092348,1.7361294014765183,0.28805331616552354,2,1,COMPLETE
3190,24.58,2025-01-22 02:52:50.373838,2025-01-22 02:53:04.111354,0 days 00:00:13.737516,0.971270950317294,1.981690883071787,0.009724624409607622,2,1,COMPLETE
3191,51.88,2025-01-22 02:53:00.696982,2025-01-22 02:53:16.021160,0 days 00:00:15.324178,0.9748280664317749,1.9750495653783613,0.34227848201850125,6,1,COMPLETE
3192,51.519999999999996,2025-01-22 02:53:04.214880,2025-01-22 02:53:20.064543,0 days 00:00:15.849663,0.6129903848788328,1.2975654589380574,0.3513383994846548,7,1,COMPLETE
3193,52.12,2025-01-22 02:53:16.120465,2025-01-22 02:53:31.949367,0 days 00:00:15.828902,1.3605218510223351,1.2591030695682497,0.43546413644800563,8,2,COMPLETE
3194,51.81,2025-01-22 02:53:20.165896,2025-01-22 02:53:35.258335,0 days 00:00:15.092439,1.4003118969558523,0.8894706941145097,0.43126645318626183,5,1,COMPLETE
3195,51.739999999999995,2025-01-22 02:53:32.088635,2025-01-22 02:53:46.483544,0 days 00:00:14.394909,1.4709057669908203,0.8113581402436196,0.518639217251067,4,1,COMPLETE
3196,52.33,2025-01-22 02:53:35.406075,2025-01-22 02:53:48.855447,0 days 00:00:13.449372,0.8522440127206454,1.5352637492173233,0.5078280650676014,2,1,COMPLETE
3197,46.739999999999995,2025-01-22 02:53:46.603968,2025-01-22 02:54:00.330088,0 days 00:00:13.726120,0.8342916635974388,1.5145650579002434,0.7698376022455017,2,1,COMPLETE
3198,52.849999999999994,2025-01-22 02:53:49.154289,2025-01-22 02:54:02.493545,0 days 00:00:13.339256,1.1568343147709963,1.545696487352572,0.3960482645654936,2,1,COMPLETE
3199,52.33,2025-01-22 02:54:00.480754,2025-01-22 02:54:15.098940,0 days 00:00:14.618186,1.1137834380160847,1.1169900079453279,0.3857338667829429,4,1,COMPLETE
3200,50.44,2025-01-22 02:54:03.087819,2025-01-22 02:54:18.087706,0 days 00:00:14.999887,1.048547533599058,1.1117048234537068,0.6349882726196071,5,1,COMPLETE
3201,50.86000000000001,2025-01-22 02:54:15.247946,2025-01-22 02:54:30.326285,0 days 00:00:15.078339,1.5976723980792886,2.241099697219985,0.6160062747444287,6,1,COMPLETE
3202,51.9,2025-01-22 02:54:18.210162,2025-01-22 02:54:32.823081,0 days 00:00:14.612919,1.6645642807209267,2.2864624274845378,0.4645609744451394,6,1,COMPLETE
3203,50.99,2025-01-22 02:54:30.461615,2025-01-22 02:54:43.836280,0 days 00:00:13.374665,2.830492062270515,1.912581619334343,0.46826392399757205,2,1,COMPLETE
3204,51.839999999999996,2025-01-22 02:54:33.058149,2025-01-22 02:54:46.223075,0 days 00:00:13.164926,1.2268564862478601,1.78759185168514,0.29209480575391333,2,1,COMPLETE
3205,51.739999999999995,2025-01-22 02:54:43.932933,2025-01-22 02:54:58.558169,0 days 00:00:14.625236,1.2379870334119134,1.31436612307103,0.2921032435961956,4,1,COMPLETE
3206,51.81,2025-01-22 02:54:46.455596,2025-01-22 02:55:00.676037,0 days 00:00:14.220441,0.7215384515487823,1.2800698938917885,0.3396522279411546,4,1,COMPLETE
3207,51.11,2025-01-22 02:54:58.699749,2025-01-22 02:55:14.800483,0 days 00:00:16.100734,0.48155279175041044,0.9091803952822914,0.3535001030209991,9,1,COMPLETE
3208,51.13999999999999,2025-01-22 02:55:01.042896,2025-01-22 02:55:17.519861,0 days 00:00:16.476965,0.9404468783711304,0.054792244056084544,0.5462978444653711,9,2,COMPLETE
3209,52.019999999999996,2025-01-22 02:55:14.937119,2025-01-22 02:55:28.432811,0 days 00:00:13.495692,0.9886010010603902,1.538143795784928,0.5460471521108806,2,1,COMPLETE
3210,52.12,2025-01-22 02:55:17.645101,2025-01-22 02:55:30.995459,0 days 00:00:13.350358,1.3993108518755177,0.650482790233231,0.41166084065817804,2,1,COMPLETE
3211,51.05,2025-01-22 02:55:28.549563,2025-01-22 02:55:42.650441,0 days 00:00:14.100878,2.1442995374148475,1.017042638327059,0.41494672497017665,4,1,COMPLETE
3212,52.300000000000004,2025-01-22 02:55:31.148270,2025-01-22 02:55:45.379262,0 days 00:00:14.230992,0.8074875686267748,1.7125403707479796,0.4373330634692832,4,1,COMPLETE
3213,52.18000000000001,2025-01-22 02:55:42.798314,2025-01-22 02:56:15.590393,0 days 00:00:32.792079,0.7786671571423146,1.783139654279728,0.4799111521710939,52,4,COMPLETE
3214,51.72,2025-01-22 02:55:45.512759,2025-01-22 02:56:47.743245,0 days 00:01:02.230486,1.2781463596591565,1.4206895454474155,0.49472252565209807,98,3,COMPLETE
3215,48.93,2025-01-22 02:56:15.706939,2025-01-22 02:56:30.655179,0 days 00:00:14.948240,1.2985055312753795,1.3809728299059831,0.7201462681467925,6,1,COMPLETE
3216,52.49,2025-01-22 02:56:30.754461,2025-01-22 02:56:44.302511,0 days 00:00:13.548050,1.0729505938617994,1.1587178489226264,0.34830056845122565,2,1,COMPLETE
3217,52.17,2025-01-22 02:56:44.447445,2025-01-22 02:56:59.648758,0 days 00:00:15.201313,1.5258430308301363,2.235170062842849,0.5166247891315034,4,1,COMPLETE
3218,51.980000000000004,2025-01-22 02:56:47.900106,2025-01-22 02:57:02.661390,0 days 00:00:14.761284,1.6159448209198055,2.091966550416604,0.3888517749731204,4,1,COMPLETE
3219,52.43,2025-01-22 02:56:59.753752,2025-01-22 02:57:15.823368,0 days 00:00:16.069616,0.9457252105076408,1.0422097482536092,0.4009009933500386,6,1,COMPLETE
3220,51.790000000000006,2025-01-22 02:57:02.781187,2025-01-22 02:57:18.706712,0 days 00:00:15.925525,0.931184441995406,0.927774215624052,0.324597342177476,7,1,COMPLETE
3221,50.71,2025-01-22 02:57:15.959835,2025-01-22 02:57:29.559291,0 days 00:00:13.599456,1.0884409343642905,0.8731700216743159,0.6143663318679187,2,1,COMPLETE
3222,49.33,2025-01-22 02:57:18.816018,2025-01-22 02:57:32.048791,0 days 00:00:13.232773,0.6083118938686033,1.5874662296489417,0.6099150579387095,2,1,COMPLETE
3223,49.059999999999995,2025-01-22 02:57:29.674264,2025-01-22 02:57:43.208787,0 days 00:00:13.534523,0.3201570931194211,1.6396810723204702,0.4619092474536429,2,1,COMPLETE
3224,51.01,2025-01-22 02:57:32.190192,2025-01-22 02:57:46.557163,0 days 00:00:14.366971,1.2787467396258907,1.1928276594824117,0.26546590565157907,4,1,COMPLETE
