number,value,datetime_start,datetime_complete,duration,params_gamma_1,params_gamma_2,params_lambda,params_n_clusters,params_n_neighbors,state
4298,52.669999999999995,2025-01-22 05:24:43.851733,2025-01-22 05:24:57.298555,0 days 00:00:13.446822,1.4035143084220183,2.579813231074425,0.3986369604215724,2,1,COMPLETE
4299,52.14,2025-01-22 05:24:57.423813,2025-01-22 05:25:34.297817,0 days 00:00:36.874004,1.1426841427343373,1.4933959594488204,0.48398599755465865,61,3,COMPLETE
4300,52.01,2025-01-22 05:25:29.007126,2025-01-22 05:25:44.242297,0 days 00:00:15.235171,1.0300174283254362,1.5813541877730692,0.5034606420144436,6,1,COMPLETE
4301,50.46000000000001,2025-01-22 05:25:34.472567,2025-01-22 05:25:49.688411,0 days 00:00:15.215844,1.9248512530150401,0.9608807843000178,0.6215914460768156,6,1,COMPLETE
4302,48.35,2025-01-22 05:25:44.385102,2025-01-22 05:25:58.786293,0 days 00:00:14.401191,1.971161014706172,0.9232827296711217,0.7595306905679908,4,1,COMPLETE
4303,48.46,2025-01-22 05:25:49.835233,2025-01-22 05:26:04.739447,0 days 00:00:14.904214,1.45828087853973,1.1646301268629897,0.7700602128959078,4,1,COMPLETE
4304,52.62,2025-01-22 05:25:59.137595,2025-01-22 05:26:12.882697,0 days 00:00:13.745102,1.4400835693049643,1.2328160488892494,0.42011868122623974,2,1,COMPLETE
4305,52.66,2025-01-22 05:26:04.910641,2025-01-22 05:26:18.847725,0 days 00:00:13.937084,0.9230623857174686,1.9768841174332838,0.41425652178069966,2,1,COMPLETE
4306,52.05,2025-01-22 05:26:13.017935,2025-01-22 05:26:26.989667,0 days 00:00:13.971732,0.9789796940937175,2.073804629880091,0.32513376046847836,2,1,COMPLETE
4307,43.62,2025-01-22 05:26:18.985242,2025-01-22 05:26:50.248367,0 days 00:00:31.263125,1.1125477237172792,1.7175198328486638,0.12221037222079655,42,3,COMPLETE
4308,51.13999999999999,2025-01-22 05:26:27.151093,2025-01-22 05:26:42.293335,0 days 00:00:15.142242,0.771162723952357,1.656781028973973,0.5537050578820509,5,1,COMPLETE
4309,52.17,2025-01-22 05:26:42.632904,2025-01-22 05:26:57.270948,0 days 00:00:14.638044,1.1941106814660247,1.3562089740586292,0.3656425556243579,4,1,COMPLETE
4310,52.01,2025-01-22 05:26:50.501912,2025-01-22 05:27:05.709435,0 days 00:00:15.207523,1.2520508540250455,1.2896701523864598,0.3589065232775609,4,1,COMPLETE
4311,51.64,2025-01-22 05:26:57.445045,2025-01-22 05:27:13.897882,0 days 00:00:16.452837,0.6031023129629312,1.1318310133461054,0.47117712428762293,7,1,COMPLETE
4312,51.76,2025-01-22 05:27:05.852527,2025-01-22 05:27:21.989056,0 days 00:00:16.136529,1.614056328460705,1.0804714475415462,0.46352976532605983,8,1,COMPLETE
4313,40.18,2025-01-22 05:27:14.061301,2025-01-22 05:27:27.926976,0 days 00:00:13.865675,0.16508917224081404,1.4944108279041923,0.28983499746907543,2,1,COMPLETE
4314,51.83,2025-01-22 05:27:22.162284,2025-01-22 05:27:36.031861,0 days 00:00:13.869577,0.8502723736210843,1.5613994099293347,0.5289140101450284,2,1,COMPLETE
4315,49.94,2025-01-22 05:27:28.289102,2025-01-22 05:27:42.148039,0 days 00:00:13.858937,0.816350339430661,2.1624171734276385,0.6245602863611057,2,1,COMPLETE
4316,50.0,2025-01-22 05:27:36.158506,2025-01-22 05:27:51.152661,0 days 00:00:14.994155,1.0126850569880443,2.3490113481329282,0.6339961664306594,5,1,COMPLETE
4317,52.349999999999994,2025-01-22 05:27:42.333496,2025-01-22 05:27:58.040459,0 days 00:00:15.706963,0.9941064161631572,1.808968628355028,0.39347989015091267,6,1,COMPLETE
4318,52.349999999999994,2025-01-22 05:27:51.384839,2025-01-22 05:28:06.535488,0 days 00:00:15.150649,1.3292948434768876,1.808892543138157,0.40152988787362737,4,1,COMPLETE
4319,52.1,2025-01-22 05:27:58.184793,2025-01-22 05:28:12.860000,0 days 00:00:14.675207,1.3736387186134862,0.9183011013631022,0.4250035980979112,4,1,COMPLETE
4320,51.28,2025-01-22 05:28:06.672820,2025-01-22 05:28:21.589659,0 days 00:00:14.916839,1.5721332157078378,1.281933180271286,0.3104878940145279,4,1,COMPLETE
4321,51.49,2025-01-22 05:28:13.032586,2025-01-22 05:28:26.565511,0 days 00:00:13.532925,1.6243882528721716,1.257580894912591,0.31149912333785973,2,1,COMPLETE
4322,52.629999999999995,2025-01-22 05:28:21.724361,2025-01-22 05:28:35.367851,0 days 00:00:13.643490,1.1581822686930452,1.5208858009793742,0.5152031469867094,2,1,COMPLETE
4323,25.15,2025-01-22 05:28:26.694281,2025-01-22 05:28:42.978258,0 days 00:00:16.283977,0.002102515478946317,0.03549295992754705,0.5102928648623003,6,1,COMPLETE
4324,51.910000000000004,2025-01-22 05:28:35.769010,2025-01-22 05:28:51.773952,0 days 00:00:16.004942,0.6919001180195586,1.049142806727869,0.46327088468521854,7,1,COMPLETE
4325,51.739999999999995,2025-01-22 05:28:43.117039,2025-01-22 05:28:59.596901,0 days 00:00:16.479862,1.1306537360348223,1.0669309274426693,0.3512360206140337,8,2,COMPLETE
4326,52.1,2025-01-22 05:28:51.908851,2025-01-22 05:29:06.663070,0 days 00:00:14.754219,1.1389485065300047,1.527940420452448,0.3439707423505431,4,1,COMPLETE
4327,52.54,2025-01-22 05:28:59.966691,2025-01-22 05:29:15.165066,0 days 00:00:15.198375,0.95001640016835,1.5423268250334337,0.41241607474757136,4,1,COMPLETE
4328,51.09,2025-01-22 05:29:06.818659,2025-01-22 05:29:20.549633,0 days 00:00:13.730974,0.9287743889927719,1.9875715646192291,0.5779634233711726,2,1,COMPLETE
4329,52.21,2025-01-22 05:29:15.575313,2025-01-22 05:29:29.430393,0 days 00:00:13.855080,1.3513525664568922,2.0078618202732295,0.55485877403781,2,1,COMPLETE
4330,23.26,2025-01-22 05:29:20.671656,2025-01-22 05:29:34.423230,0 days 00:00:13.751574,1.3462027765347564,1.2836556361470803,0.0010587426950412775,2,1,COMPLETE
4331,43.82,2025-01-22 05:29:29.560353,2025-01-22 05:29:46.994100,0 days 00:00:17.433747,0.23482486682964898,1.2912690361020709,0.26931231342591616,10,2,COMPLETE
4332,49.01,2025-01-22 05:29:34.551115,2025-01-22 05:29:49.927295,0 days 00:00:15.376180,0.7534137494655915,2.451689182212438,0.2670389304780073,5,1,COMPLETE
4333,52.129999999999995,2025-01-22 05:29:47.150638,2025-01-22 05:30:01.752949,0 days 00:00:14.602311,0.7802703718394294,0.9138811679198787,0.45284660058708337,5,1,COMPLETE
4334,51.72,2025-01-22 05:29:50.044407,2025-01-22 05:30:04.373978,0 days 00:00:14.329571,1.9125009278725211,1.6890547139136303,0.4517860619027858,4,1,COMPLETE
4335,51.580000000000005,2025-01-22 05:30:01.869785,2025-01-22 05:30:16.228283,0 days 00:00:14.358498,1.8898186838062963,1.7383715105738602,0.4014651188718012,4,1,COMPLETE
4336,52.64,2025-01-22 05:30:04.514352,2025-01-22 05:30:18.405044,0 days 00:00:13.890692,1.0688686827701364,1.7193272157342807,0.3751718746635916,2,1,COMPLETE
4337,52.52,2025-01-22 05:30:16.373693,2025-01-22 05:30:29.971499,0 days 00:00:13.597806,1.0889211109492622,1.3972766322663552,0.359217883155545,2,1,COMPLETE
4338,50.6,2025-01-22 05:30:18.859302,2025-01-22 05:30:33.665611,0 days 00:00:14.806309,1.5171368642686505,1.4302360461390515,0.6407582162807877,6,5,COMPLETE
4339,45.64,2025-01-22 05:30:30.131500,2025-01-22 05:30:45.292607,0 days 00:00:15.161107,1.5070717955836659,1.2103195614397633,0.8780483863379697,6,1,COMPLETE
4340,51.65,2025-01-22 05:30:33.815746,2025-01-22 05:30:49.340940,0 days 00:00:15.525194,1.2571191536622184,1.1547159796931061,0.5177393991947715,7,1,COMPLETE
4341,0.51,2025-01-22 05:30:45.475414,2025-01-22 05:30:59.960527,0 days 00:00:14.485113,0.020333664600672378,1.0891648326243955,0.5114997877721822,2,1,COMPLETE
4342,52.64,2025-01-22 05:30:49.520290,2025-01-22 05:31:03.101884,0 days 00:00:13.581594,0.8871103428294045,2.164478349042984,0.43892275648447443,2,1,COMPLETE
4343,52.239999999999995,2025-01-22 05:31:00.139627,2025-01-22 05:31:14.843055,0 days 00:00:14.703428,0.8954071929194392,2.1462256285500065,0.42196615370000595,4,1,COMPLETE
4344,51.800000000000004,2025-01-22 05:31:03.245493,2025-01-22 05:31:18.954225,0 days 00:00:15.708732,1.1846387852302815,2.777861957037466,0.3242054000937323,4,1,COMPLETE
4345,49.76,2025-01-22 05:31:15.154067,2025-01-22 05:31:30.160020,0 days 00:00:15.005953,1.2094917846255102,0.01786146307639037,0.3245745819219139,4,1,COMPLETE
4346,48.04,2025-01-22 05:31:19.242115,2025-01-22 05:31:33.903438,0 days 00:00:14.661323,0.6341586833429387,0.8818840434801911,0.6783347974999165,4,1,COMPLETE
4347,51.07000000000001,2025-01-22 05:31:30.330823,2025-01-22 05:31:43.925635,0 days 00:00:13.594812,2.4498300390968994,1.5845777305613231,0.5954470680823792,2,1,COMPLETE
4348,51.25999999999999,2025-01-22 05:31:34.074591,2025-01-22 05:31:50.803918,0 days 00:00:16.729327,1.718720173734037,1.4855629022716919,0.56211096895281,8,1,COMPLETE
4349,52.18000000000001,2025-01-22 05:31:44.153656,2025-01-22 05:32:00.339530,0 days 00:00:16.185874,1.0155263370697083,1.8484750399081487,0.38044562916101493,8,2,COMPLETE
4350,52.42,2025-01-22 05:31:50.955528,2025-01-22 05:32:06.111752,0 days 00:00:15.156224,1.0575095939575467,1.8111640778321592,0.3851879740420945,6,1,COMPLETE
4351,50.11,2025-01-22 05:32:00.748541,2025-01-22 05:32:16.207129,0 days 00:00:15.458588,3.1557724758594725,1.3437410793345972,0.46883223986910416,6,1,COMPLETE
4352,52.669999999999995,2025-01-22 05:32:06.252137,2025-01-22 05:32:19.924487,0 days 00:00:13.672350,1.3294579615136188,1.2789404701245333,0.48161080100908127,2,1,COMPLETE
4353,51.349999999999994,2025-01-22 05:32:16.372833,2025-01-22 05:32:30.223782,0 days 00:00:13.850949,1.3851926425963774,1.0206456483647615,0.2897374053747534,2,1,COMPLETE
4354,51.17,2025-01-22 05:32:20.065290,2025-01-22 05:32:34.761858,0 days 00:00:14.696568,0.8071154762535406,1.0102162073310832,0.29364935624469485,4,1,COMPLETE
4355,45.440000000000005,2025-01-22 05:32:30.657457,2025-01-22 05:32:45.321440,0 days 00:00:14.663983,0.7840593860845645,2.4585561818898514,0.18719386494366133,4,1,COMPLETE
4356,52.6,2025-01-22 05:32:34.900078,2025-01-22 05:32:49.981512,0 days 00:00:15.081434,1.0032830763989153,1.7058849860650387,0.415174368846167,4,1,COMPLETE
4357,52.43,2025-01-22 05:32:45.499940,2025-01-22 05:32:58.794395,0 days 00:00:13.294455,0.9418499429733426,1.8552602132176734,0.3528508797736544,2,1,COMPLETE
4358,52.129999999999995,2025-01-22 05:32:50.128786,2025-01-22 05:33:03.746178,0 days 00:00:13.617392,1.69733698698092,3.4816692005311047,0.3397081415641036,2,1,COMPLETE
4359,51.629999999999995,2025-01-22 05:32:58.933039,2025-01-22 05:33:14.023397,0 days 00:00:15.090358,1.6920172280838544,1.4408732249375382,0.49365987155310076,6,1,COMPLETE
4360,49.94,2025-01-22 05:33:03.878668,2025-01-22 05:33:21.156892,0 days 00:00:17.278224,1.216149474389314,1.4350020833322819,0.23689869644987563,11,2,COMPLETE
4361,52.43,2025-01-22 05:33:14.216766,2025-01-22 05:33:28.727678,0 days 00:00:14.510912,1.2271010519716419,1.2377296076729043,0.425361561603184,4,1,COMPLETE
4362,52.14,2025-01-22 05:33:21.291705,2025-01-22 05:33:36.425162,0 days 00:00:15.133457,1.4310417133954565,1.2493154056662297,0.4258413821508366,4,1,COMPLETE
4363,50.160000000000004,2025-01-22 05:33:28.894835,2025-01-22 05:33:42.696251,0 days 00:00:13.801416,1.4381459048775076,0.08986203104174685,0.5629168993389448,2,1,COMPLETE
4364,51.870000000000005,2025-01-22 05:33:36.688460,2025-01-22 05:33:50.900705,0 days 00:00:14.212245,1.060159815390697,2.0844159035918675,0.5506819255809017,2,1,COMPLETE
4365,49.17,2025-01-22 05:33:43.030329,2025-01-22 05:33:59.178911,0 days 00:00:16.148582,1.0566338594796971,2.187930868798821,0.6869164437176047,6,1,COMPLETE
4366,48.79,2025-01-22 05:33:51.158001,2025-01-22 05:34:06.966179,0 days 00:00:15.808178,0.8693710529048032,0.8940329969832282,0.6907806695630992,6,1,COMPLETE
4367,51.910000000000004,2025-01-22 05:33:59.307285,2025-01-22 05:34:15.136783,0 days 00:00:15.829498,0.6787824080539072,0.8986837705950337,0.35362528641236163,6,1,COMPLETE
4368,50.849999999999994,2025-01-22 05:34:07.100618,2025-01-22 05:34:21.822281,0 days 00:00:14.721663,2.1850450036811293,1.0871481654879993,0.36120871528566295,4,1,COMPLETE
4369,24.19,2025-01-22 05:34:15.340827,2025-01-22 05:34:29.508731,0 days 00:00:14.167904,1.2370012088194016,1.5886260893776312,0.004865507300455124,2,1,COMPLETE
4370,52.71,2025-01-22 05:34:22.135350,2025-01-22 05:34:36.316353,0 days 00:00:14.181003,1.1355040545637147,1.6586026672753724,0.474232536773915,2,1,COMPLETE
4371,51.21,2025-01-22 05:34:29.700905,2025-01-22 05:34:47.111577,0 days 00:00:17.410672,0.5435393091443419,1.545972312434955,0.4758661320797477,9,2,COMPLETE
4372,52.32,2025-01-22 05:34:36.482793,2025-01-22 05:34:51.247387,0 days 00:00:14.764594,0.9166006472870718,1.1225347882005183,0.4702366177313507,4,1,COMPLETE
4373,52.22,2025-01-22 05:34:47.285463,2025-01-22 05:35:01.640774,0 days 00:00:14.355311,1.5148186268131505,2.597145907484065,0.4061494839488212,4,1,COMPLETE
4374,52.14,2025-01-22 05:34:51.412078,2025-01-22 05:35:05.694863,0 days 00:00:14.282785,1.573614466695767,2.475769124884174,0.39527169310739546,4,1,COMPLETE
4375,51.839999999999996,2025-01-22 05:35:01.748519,2025-01-22 05:35:15.375288,0 days 00:00:13.626769,1.2913335115802727,1.927366129258003,0.2889093005671972,2,1,COMPLETE
4376,0.5,2025-01-22 05:35:05.836256,2025-01-22 05:35:20.044525,0 days 00:00:14.208269,0.0015166379028994158,1.9533132811516472,0.2973991059780356,2,1,COMPLETE
4377,51.15,2025-01-22 05:35:15.545598,2025-01-22 05:35:31.912024,0 days 00:00:16.366426,0.9818430921441941,1.338219481150615,0.5862570026156643,8,1,COMPLETE
4378,50.519999999999996,2025-01-22 05:35:20.232664,2025-01-22 05:35:36.175237,0 days 00:00:15.942573,0.7517178138506548,1.4218752557685335,0.5727454905984195,7,1,COMPLETE
4379,51.790000000000006,2025-01-22 05:35:32.040363,2025-01-22 05:35:47.522876,0 days 00:00:15.482513,0.7532521930328157,1.1934920270966751,0.5093614724567119,5,1,COMPLETE
4380,51.51,2025-01-22 05:35:36.305066,2025-01-22 05:35:51.646759,0 days 00:00:15.341693,1.19939119783888,1.1186247035639318,0.3320946240503668,5,1,COMPLETE
4381,51.67,2025-01-22 05:35:47.686694,2025-01-22 05:36:00.975079,0 days 00:00:13.288385,1.8128598880523557,1.6373962047425843,0.33516283565460486,2,1,COMPLETE
4382,52.019999999999996,2025-01-22 05:35:51.962045,2025-01-22 05:36:05.909172,0 days 00:00:13.947127,1.9477103034793883,1.6826667537219184,0.41948225993095467,2,1,COMPLETE
4383,52.980000000000004,2025-01-22 05:36:01.324413,2025-01-22 05:36:15.153332,0 days 00:00:13.828919,0.9757305380521042,1.4645214467616239,0.42479878260072973,2,1,COMPLETE
4384,50.46000000000001,2025-01-22 05:36:06.074477,2025-01-22 05:36:20.466971,0 days 00:00:14.392494,0.9434582207465455,1.3535186704402127,0.2484747658924481,4,1,COMPLETE
4385,48.9,2025-01-22 05:36:15.313941,2025-01-22 05:36:31.740385,0 days 00:00:16.426444,1.3868711047246354,2.20093248652073,0.7315136895719181,8,1,COMPLETE
4386,48.92,2025-01-22 05:36:20.609594,2025-01-22 05:36:36.746703,0 days 00:00:16.137109,1.40732719408832,2.2538290540117036,0.7276175026816237,8,1,COMPLETE
4387,51.980000000000004,2025-01-22 05:36:31.899679,2025-01-22 05:36:47.623773,0 days 00:00:15.724094,1.0536303656426658,1.966362349855318,0.4912308644339825,7,1,COMPLETE
4388,51.71,2025-01-22 05:36:36.898840,2025-01-22 05:36:52.227889,0 days 00:00:15.329049,1.126232548352707,3.018230025003649,0.4944788878667331,6,1,COMPLETE
4389,50.32,2025-01-22 05:36:47.764268,2025-01-22 05:37:02.625099,0 days 00:00:14.860831,1.1801694674887093,0.024302708603381393,0.6124334904458312,6,1,COMPLETE
4390,42.89,2025-01-22 05:36:52.388407,2025-01-22 05:37:09.509395,0 days 00:00:17.120988,0.8329740199181289,1.9992713736628418,0.954267731966476,11,2,COMPLETE
4391,0.5,2025-01-22 05:37:03.058664,2025-01-22 05:37:21.441843,0 days 00:00:18.383179,0.047809149216319985,1.8929853533810943,0.39048437729679075,12,2,COMPLETE
4392,51.59,2025-01-22 05:37:09.652420,2025-01-22 05:37:26.317014,0 days 00:00:16.664594,1.6253064208475856,1.7992127509889377,0.38911256484312307,10,2,COMPLETE
4393,51.839999999999996,2025-01-22 05:37:21.610028,2025-01-22 05:37:37.252560,0 days 00:00:15.642532,0.6265769781335857,1.7492672355586598,0.4194936516240257,6,1,COMPLETE
4394,26.33,2025-01-22 05:37:26.499765,2025-01-22 05:37:41.640824,0 days 00:00:15.141059,0.6403268333891691,2.4112291089838584,0.039767188137555524,6,1,COMPLETE
4395,51.05,2025-01-22 05:37:37.447822,2025-01-22 05:37:52.174168,0 days 00:00:14.726346,0.9189166547718243,2.4478401141241433,0.5579925225658612,5,1,COMPLETE
4396,51.74999999999999,2025-01-22 05:37:41.805178,2025-01-22 05:37:56.691581,0 days 00:00:14.886403,0.9125317233295362,1.6794263810163759,0.5119057690924915,4,1,COMPLETE
4397,25.929999999999996,2025-01-22 05:37:52.322257,2025-01-22 05:38:07.330452,0 days 00:00:15.008195,1.2683810440663343,1.6476090403630081,0.011065553784560941,4,1,COMPLETE
4398,52.449999999999996,2025-01-22 05:37:56.844045,2025-01-22 05:38:11.402517,0 days 00:00:14.558472,1.3196600674575045,1.5342381002450893,0.44546864643416323,4,1,COMPLETE
4399,52.300000000000004,2025-01-22 05:38:07.469795,2025-01-22 05:38:23.438399,0 days 00:00:15.968604,1.0873534475362525,1.6078282199415046,0.4530485342517681,8,1,COMPLETE
4400,51.949999999999996,2025-01-22 05:38:11.531882,2025-01-22 05:38:27.174592,0 days 00:00:15.642710,1.0666313320892977,1.9135291708235576,0.3504603828880622,8,1,COMPLETE
4401,51.93,2025-01-22 05:38:23.597805,2025-01-22 05:38:38.409045,0 days 00:00:14.811240,1.501101962658793,2.0797846672694726,0.34588386360808776,4,1,COMPLETE
4402,50.94,2025-01-22 05:38:27.454467,2025-01-22 05:38:42.518654,0 days 00:00:15.064187,1.4762288422274297,2.1168131175122333,0.6192678728204444,4,1,COMPLETE
4403,49.4,2025-01-22 05:38:38.742002,2025-01-22 05:38:53.948381,0 days 00:00:15.206379,0.7915131788123825,3.0439950662326503,0.5995536399454455,6,1,COMPLETE
4404,51.35999999999999,2025-01-22 05:38:42.656890,2025-01-22 05:38:57.664883,0 days 00:00:15.007993,0.7948665368659413,3.04231918882673,0.45105215899836715,6,1,COMPLETE
4405,51.300000000000004,2025-01-22 05:38:54.075406,2025-01-22 05:39:08.837784,0 days 00:00:14.762378,2.1800879656967,1.5151121422940326,0.45782704059935897,4,1,COMPLETE
4406,0.5,2025-01-22 05:38:57.803006,2025-01-22 05:39:13.090136,0 days 00:00:15.287130,0.008848462214515117,1.5183402857801007,0.3882749054209036,4,1,COMPLETE
4407,14.81,2025-01-22 05:39:09.202648,2025-01-22 05:39:22.945319,0 days 00:00:13.742671,0.0952765483056144,1.823921879545576,0.30459303159454965,2,1,COMPLETE
4408,51.24999999999999,2025-01-22 05:39:13.215293,2025-01-22 05:39:26.924341,0 days 00:00:13.709048,1.7652733810969754,1.848398082336252,0.3023739360414682,2,1,COMPLETE
4409,52.31,2025-01-22 05:39:23.096711,2025-01-22 05:39:36.684702,0 days 00:00:13.587991,1.7415041123802273,1.8458997566404747,0.5308943442715853,2,1,COMPLETE
4410,51.739999999999995,2025-01-22 05:39:27.050918,2025-01-22 05:39:41.805286,0 days 00:00:14.754368,1.2130677644864065,2.214025944879303,0.5531745789287874,4,1,COMPLETE
4411,52.21,2025-01-22 05:39:36.833626,2025-01-22 05:39:52.105159,0 days 00:00:15.271533,1.1720384713823389,2.371867988566238,0.3783611678401275,6,1,COMPLETE
4412,33.14,2025-01-22 05:39:41.959148,2025-01-22 05:39:57.280032,0 days 00:00:15.320884,0.9608849156506657,1.470471613650608,1.6074521210299437,6,1,COMPLETE
4413,35.69,2025-01-22 05:39:52.253018,2025-01-22 05:40:38.961420,0 days 00:00:46.708402,0.9749442539988908,1.4361700896408696,1.6374788602005073,72,4,COMPLETE
4414,26.740000000000002,2025-01-22 05:39:57.416638,2025-01-22 05:40:11.942468,0 days 00:00:14.525830,1.0067345645819885,5.075545820919721,0.07955525095820308,4,1,COMPLETE
4415,52.88,2025-01-22 05:40:12.081966,2025-01-22 05:40:25.770241,0 days 00:00:13.688275,1.3410955945272798,1.4197178524529026,0.4317520956575794,2,1,COMPLETE
4416,52.38,2025-01-22 05:40:25.902326,2025-01-22 05:40:39.903295,0 days 00:00:14.000969,1.0689805679428332,1.7012553071025964,0.3661130536853073,4,1,COMPLETE
4417,48.63,2025-01-22 05:40:39.130050,2025-01-22 05:40:55.918012,0 days 00:00:16.787962,0.3184199458670014,1.6583078291140423,0.38009389393246384,9,2,COMPLETE
4418,50.660000000000004,2025-01-22 05:40:40.234112,2025-01-22 05:40:57.060998,0 days 00:00:16.826886,1.4176012039285564,1.6151500796651792,0.26201257042701825,9,2,COMPLETE
4419,51.349999999999994,2025-01-22 05:40:56.050797,2025-01-22 05:41:09.195943,0 days 00:00:13.145146,1.398946513266422,2.117730915020849,0.26927677966372726,2,1,COMPLETE
4420,52.480000000000004,2025-01-22 05:40:57.226201,2025-01-22 05:41:10.496580,0 days 00:00:13.270379,0.8462174756247212,1.3349646636804977,0.49027837611205605,2,1,COMPLETE
4421,0.5,2025-01-22 05:41:09.354651,2025-01-22 05:41:46.385878,0 days 00:00:37.031227,0.014330178094976085,2.605263115192637,0.48457155022163156,51,4,COMPLETE
4422,49.82,2025-01-22 05:41:10.676296,2025-01-22 05:41:26.040616,0 days 00:00:15.364320,1.1731730061160799,1.8380004005415624,0.6656302653874632,6,1,COMPLETE
4423,51.12,2025-01-22 05:41:26.173458,2025-01-22 05:41:40.904848,0 days 00:00:14.731390,0.7193460162898594,2.6346131055720914,0.5073007803610197,4,1,COMPLETE
4424,51.93,2025-01-22 05:41:41.058246,2025-01-22 05:41:55.681716,0 days 00:00:14.623470,1.649310712083201,1.422208840162801,0.4271495352660644,4,1,COMPLETE
4425,51.42,2025-01-22 05:41:46.678843,2025-01-22 05:42:01.513773,0 days 00:00:14.834930,1.6023848675330599,1.4012455594459932,0.32062721190365046,4,1,COMPLETE
4426,49.45,2025-01-22 05:41:55.820114,2025-01-22 05:42:09.603002,0 days 00:00:13.782888,0.48130852060844986,2.0528640556904714,0.33101470426238516,2,1,COMPLETE
4427,41.260000000000005,2025-01-22 05:42:01.662711,2025-01-22 05:42:15.149063,0 days 00:00:13.486352,1.1571115302872559,1.9011852492432268,0.10125932726115079,2,1,COMPLETE
4428,52.12,2025-01-22 05:42:09.797410,2025-01-22 05:42:28.187070,0 days 00:00:18.389660,1.1960704041256636,1.7195885021238395,0.4193223295999274,14,2,COMPLETE
4429,52.459999999999994,2025-01-22 05:42:15.307197,2025-01-22 05:42:30.919003,0 days 00:00:15.611806,0.9016006591856136,1.5871083657341565,0.40901417855258565,7,5,COMPLETE
4430,45.08,2025-01-22 05:42:28.320716,2025-01-22 05:42:43.660329,0 days 00:00:15.339613,0.8955866683306636,1.3971467186341442,0.8460640823528457,6,1,COMPLETE
4431,46.69,2025-01-22 05:42:31.082051,2025-01-22 05:42:45.780367,0 days 00:00:14.698316,2.1188150532276095,1.315266531314501,0.8533572733725632,5,1,COMPLETE
