number,value,datetime_start,datetime_complete,duration,params_gamma_1,params_gamma_2,params_lambda,params_n_clusters,params_n_neighbors,state
4567,48.91,2025-01-22 06:01:22.394158,2025-01-22 06:01:49.647826,0 days 00:00:27.253668,1.0091940072871288,5.987892283305885,0.45528635458590533,34,17,COMPLETE
4568,52.410000000000004,2025-01-22 06:01:34.694082,2025-01-22 06:01:48.952923,0 days 00:00:14.258841,0.974568045570552,1.182378863200333,0.4566850941576946,4,1,COMPLETE
4569,43.5,2025-01-22 06:01:49.107401,2025-01-22 06:02:04.543035,0 days 00:00:15.435634,0.13693653010911297,1.3554702614753478,0.5070848206523356,4,1,COMPLETE
4570,51.07000000000001,2025-01-22 06:01:49.774036,2025-01-22 06:02:07.987687,0 days 00:00:18.213651,0.6045292433557047,1.3704920819569277,0.5358025308327051,12,2,COMPLETE
4571,51.85999999999999,2025-01-22 06:02:04.709356,2025-01-22 06:02:21.667949,0 days 00:00:16.958593,0.6857026633510028,1.842654310882104,0.3969196317595009,8,1,COMPLETE
4572,51.980000000000004,2025-01-22 06:02:08.167260,2025-01-22 06:02:24.249227,0 days 00:00:16.081967,0.7510296281833142,1.7971154590339962,0.39255268472789445,8,1,COMPLETE
4573,50.31,2025-01-22 06:02:21.798869,2025-01-22 06:02:35.631979,0 days 00:00:13.833110,0.7986252365764229,1.116788395528924,0.6153629312535369,2,1,COMPLETE
4574,50.19,2025-01-22 06:02:24.422200,2025-01-22 06:02:38.229754,0 days 00:00:13.807554,0.8225461784337386,1.1573633476506968,0.6221107006088634,2,1,COMPLETE
4575,50.22,2025-01-22 06:02:35.777629,2025-01-22 06:02:50.263459,0 days 00:00:14.485830,2.460847989579563,1.511903961916343,0.29752376393017155,4,1,COMPLETE
4576,50.77,2025-01-22 06:02:38.472316,2025-01-22 06:02:53.444280,0 days 00:00:14.971964,1.1271360764058511,1.5233570606421205,0.26798586237739536,5,1,COMPLETE
4577,51.76,2025-01-22 06:02:50.442337,2025-01-22 06:03:06.222384,0 days 00:00:15.780047,1.1314924824593722,2.7653461910458033,0.34798730986592824,6,1,COMPLETE
4578,51.64,2025-01-22 06:02:53.614909,2025-01-22 06:03:08.997355,0 days 00:00:15.382446,1.2874085263498203,0.8562066263664951,0.34243275571084436,6,1,COMPLETE
4579,52.42,2025-01-22 06:03:06.592076,2025-01-22 06:03:21.002329,0 days 00:00:14.410253,1.3719149148329755,1.9351501113392466,0.4160097968986614,4,1,COMPLETE
4580,52.2,2025-01-22 06:03:09.256182,2025-01-22 06:03:23.560347,0 days 00:00:14.304165,1.5241436046859538,3.6027616725203893,0.4563137057496866,4,1,COMPLETE
4581,52.73,2025-01-22 06:03:21.151627,2025-01-22 06:03:35.025923,0 days 00:00:13.874296,0.9251238669608083,1.2214173603943264,0.4666975579784797,2,1,COMPLETE
4582,51.959999999999994,2025-01-22 06:03:23.819474,2025-01-22 06:03:37.157704,0 days 00:00:13.338230,0.9579808833682936,1.279268086388343,0.5427208515565929,2,1,COMPLETE
4583,51.849999999999994,2025-01-22 06:03:35.172069,2025-01-22 06:04:19.028914,0 days 00:00:43.856845,1.0021516587878587,1.5996573068493718,0.557595276822519,67,3,COMPLETE
4584,51.73,2025-01-22 06:03:37.829929,2025-01-22 06:03:51.921992,0 days 00:00:14.092063,1.7563667907052993,1.7485526362938868,0.38084546426748944,4,1,COMPLETE
4585,48.4,2025-01-22 06:03:52.104519,2025-01-22 06:04:05.723096,0 days 00:00:13.618577,1.1052092326452534,2.1174198678848724,0.7357827911670094,2,1,COMPLETE
4586,51.870000000000005,2025-01-22 06:04:05.883172,2025-01-22 06:04:21.100392,0 days 00:00:15.217220,1.3041177365147394,0.938634043839072,0.519407062986569,6,1,COMPLETE
4587,52.16,2025-01-22 06:04:19.325882,2025-01-22 06:04:35.120478,0 days 00:00:15.794596,1.2855107798100673,0.9468514915951207,0.45242153305519456,6,1,COMPLETE
4588,50.839999999999996,2025-01-22 06:04:21.619082,2025-01-22 06:04:38.937714,0 days 00:00:17.318632,0.4741304169473461,1.5059206983281515,0.43037651985863007,10,2,COMPLETE
4589,51.4,2025-01-22 06:04:35.268636,2025-01-22 06:04:49.988127,0 days 00:00:14.719491,1.5698288914925405,1.4270889684784127,0.3135043961393959,4,1,COMPLETE
4590,49.14,2025-01-22 06:04:39.056598,2025-01-22 06:04:53.385163,0 days 00:00:14.328565,1.544688129236568,0.0021032237738826077,0.30028827040888234,4,1,COMPLETE
4591,52.03,2025-01-22 06:04:50.144304,2025-01-22 06:05:03.697497,0 days 00:00:13.553193,0.8339073606142641,2.407133393317833,0.3679736374719068,2,1,COMPLETE
4592,52.76,2025-01-22 06:04:53.522553,2025-01-22 06:05:07.360427,0 days 00:00:13.837874,0.8467114060706121,1.1366387607161526,0.386037838760451,2,1,COMPLETE
4593,49.4,2025-01-22 06:05:03.832308,2025-01-22 06:05:17.451268,0 days 00:00:13.618960,1.1010733452493027,1.1093792836797414,0.6920460810062211,2,1,COMPLETE
4594,47.32,2025-01-22 06:05:07.523704,2025-01-22 06:05:22.291567,0 days 00:00:14.767863,1.0955748784963772,1.7763765162790386,0.17632235796295603,4,1,COMPLETE
4595,51.970000000000006,2025-01-22 06:05:17.648862,2025-01-22 06:05:33.533597,0 days 00:00:15.884735,1.2020148286306462,1.97560973779648,0.5008090415625002,7,1,COMPLETE
4596,51.88,2025-01-22 06:05:22.476538,2025-01-22 06:05:38.318196,0 days 00:00:15.841658,1.2863480060459642,2.160830699152191,0.4908510209997828,7,1,COMPLETE
4597,51.59,2025-01-22 06:05:33.798581,2025-01-22 06:05:48.356501,0 days 00:00:14.557920,1.8754241496417976,1.3486556430711416,0.4236008842662432,4,1,COMPLETE
4598,49.919999999999995,2025-01-22 06:05:38.471592,2025-01-22 06:05:53.111305,0 days 00:00:14.639713,0.9813587225362214,1.3601080280790392,0.2326046433872148,4,1,COMPLETE
4599,50.21,2025-01-22 06:05:48.501091,2025-01-22 06:06:43.914112,0 days 00:00:55.413021,0.9099172629254956,1.596769697716038,0.2533541776982406,87,3,COMPLETE
4600,49.88,2025-01-22 06:05:53.272798,2025-01-22 06:06:06.427026,0 days 00:00:13.154228,1.527497882413836,0.05184440944681707,0.3534824884066962,2,1,COMPLETE
4601,50.239999999999995,2025-01-22 06:06:06.590371,2025-01-22 06:06:20.355339,0 days 00:00:13.764968,0.674835547471653,1.6844277197466022,0.5808668197328622,2,1,COMPLETE
4602,52.28,2025-01-22 06:06:20.487202,2025-01-22 06:06:35.188168,0 days 00:00:14.700966,0.9107594895385104,1.6301182206343403,0.4276337429318411,5,1,COMPLETE
4603,36.93,2025-01-22 06:06:35.342614,2025-01-22 06:06:49.023564,0 days 00:00:13.680950,1.3857710944645194,2.922098032175039,0.07006174965886948,2,1,COMPLETE
4604,24.310000000000002,2025-01-22 06:06:44.068508,2025-01-22 06:06:58.123883,0 days 00:00:14.055375,1.3727746697124674,2.8085688022532076,0.00908236647391453,2,1,COMPLETE
4605,47.620000000000005,2025-01-22 06:06:49.206182,2025-01-22 06:07:04.694499,0 days 00:00:15.488317,4.922721198866877,1.0460341018899482,0.338522575514023,6,1,COMPLETE
4606,51.82,2025-01-22 06:06:58.287430,2025-01-22 06:07:40.178274,0 days 00:00:41.890844,1.110200911481759,1.0744618945739324,0.3203668702760361,63,4,COMPLETE
4607,51.690000000000005,2025-01-22 06:07:04.836162,2025-01-22 06:07:19.250551,0 days 00:00:14.414389,1.0787866372820876,1.2503987580121283,0.5530760738412461,4,1,COMPLETE
4608,27.0,2025-01-22 06:07:19.383943,2025-01-22 06:07:57.237951,0 days 00:00:37.854008,1.6585183331881057,2.063236464652995,0.016339595748449336,63,22,COMPLETE
4609,51.72,2025-01-22 06:07:40.351948,2025-01-22 06:07:57.377169,0 days 00:00:17.025221,1.7431274425717633,1.96483745739574,0.41363647557038413,10,2,COMPLETE
4610,46.800000000000004,2025-01-22 06:07:57.403938,2025-01-22 06:08:28.723341,0 days 00:00:31.319403,0.7475377841832306,1.380248090565981,0.8116949003616609,46,3,COMPLETE
4611,49.24,2025-01-22 06:07:57.534624,2025-01-22 06:08:11.618379,0 days 00:00:14.083755,0.810207716276612,1.430505044042322,0.6569660173080001,4,1,COMPLETE
4612,51.32,2025-01-22 06:08:11.806423,2025-01-22 06:08:27.832731,0 days 00:00:16.026308,2.132099878369801,1.2798062225142812,0.4655609569927632,8,1,COMPLETE
4613,45.12,2025-01-22 06:08:28.004051,2025-01-22 06:08:43.051022,0 days 00:00:15.046971,1.2054266196938448,0.8785500365685893,0.8792373703236419,6,1,COMPLETE
4614,50.239999999999995,2025-01-22 06:08:29.075337,2025-01-22 06:08:44.280553,0 days 00:00:15.205216,1.2199242698901755,0.02836596589189683,0.3755802322617733,6,1,COMPLETE
4615,52.81,2025-01-22 06:08:43.218467,2025-01-22 06:08:56.935108,0 days 00:00:13.716641,1.0001003106109976,1.740071251439801,0.3961037661575726,2,1,COMPLETE
4616,52.55,2025-01-22 06:08:44.459383,2025-01-22 06:08:58.856907,0 days 00:00:14.397524,0.9695597970692953,1.7253561902931591,0.4867549676148686,2,1,COMPLETE
4617,52.18000000000001,2025-01-22 06:08:57.106717,2025-01-22 06:09:11.362915,0 days 00:00:14.256198,1.3923679808058638,2.3707386865397466,0.5034544990431506,4,1,COMPLETE
4618,49.35,2025-01-22 06:08:59.566432,2025-01-22 06:09:13.808510,0 days 00:00:14.242078,0.5774546336944688,2.406150050261718,0.5731505763035778,4,1,COMPLETE
4619,50.54,2025-01-22 06:09:11.493217,2025-01-22 06:09:25.720686,0 days 00:00:14.227469,0.6401238085558217,1.1824694468323218,0.2965158097454737,4,1,COMPLETE
4620,51.33,2025-01-22 06:09:14.224293,2025-01-22 06:09:28.141351,0 days 00:00:13.917058,1.4335093189883843,1.152559677179629,0.282319279511469,2,1,COMPLETE
4621,52.300000000000004,2025-01-22 06:09:25.911638,2025-01-22 06:09:39.086554,0 days 00:00:13.174916,1.464666969395108,1.4815509336504546,0.3492431682881128,2,1,COMPLETE
4622,37.1,2025-01-22 06:09:28.414039,2025-01-22 06:09:44.738153,0 days 00:00:16.324114,1.0947400130974534,1.5326991716676766,1.2908910017303212,8,1,COMPLETE
4623,52.35999999999999,2025-01-22 06:09:39.482077,2025-01-22 06:09:55.498341,0 days 00:00:16.016264,1.0648553346672283,1.8466424570179774,0.4290787415647673,8,1,COMPLETE
4624,52.370000000000005,2025-01-22 06:09:44.916240,2025-01-22 06:09:59.563946,0 days 00:00:14.647706,0.941568274012777,0.9319166761706301,0.4265253127947806,5,1,COMPLETE
4625,50.17,2025-01-22 06:09:55.656766,2025-01-22 06:10:10.598751,0 days 00:00:14.941985,0.8233221852019216,0.9410010972979475,0.6209968007509341,5,1,COMPLETE
4626,51.160000000000004,2025-01-22 06:09:59.701941,2025-01-22 06:10:14.495741,0 days 00:00:14.793800,1.2442480858086533,1.4189545131752628,0.5929540716382097,4,1,COMPLETE
4627,48.33,2025-01-22 06:10:10.760903,2025-01-22 06:10:24.190834,0 days 00:00:13.429931,0.27554215539409144,1.2683299459470783,0.4960238766560055,2,1,COMPLETE
4628,51.72,2025-01-22 06:10:14.658135,2025-01-22 06:10:47.010843,0 days 00:00:32.352708,1.822224265512088,2.0299816317449495,0.35611691381548477,49,3,COMPLETE
4629,51.870000000000005,2025-01-22 06:10:24.351415,2025-01-22 06:10:38.045898,0 days 00:00:13.694483,1.7796227119750387,2.061155082791483,0.3358878950868874,2,1,COMPLETE
4630,52.339999999999996,2025-01-22 06:10:38.180408,2025-01-22 06:10:53.372827,0 days 00:00:15.192419,1.2361567574747163,1.7615781052544666,0.3853955567581254,6,1,COMPLETE
4631,52.31,2025-01-22 06:10:47.256591,2025-01-22 06:11:03.119426,0 days 00:00:15.862835,1.2604214624149785,1.6612220195151344,0.4212852728767473,6,1,COMPLETE
4632,52.44,2025-01-22 06:10:53.593577,2025-01-22 06:11:08.003718,0 days 00:00:14.410141,0.9446930630506447,1.067670930775117,0.4596559267628111,4,1,COMPLETE
4633,51.94,2025-01-22 06:11:03.473029,2025-01-22 06:11:18.501483,0 days 00:00:15.028454,0.9151142747631048,1.0864657365511599,0.5109315087420516,4,1,COMPLETE
4634,47.23,2025-01-22 06:11:08.164603,2025-01-22 06:11:22.013110,0 days 00:00:13.848507,0.7435330125947441,0.0025971120104898975,0.7038020595915574,2,1,COMPLETE
4635,51.07000000000001,2025-01-22 06:11:18.672756,2025-01-22 06:11:32.433744,0 days 00:00:13.760988,1.5584021397097676,1.3210957114249575,0.27062404995754835,2,1,COMPLETE
4636,51.129999999999995,2025-01-22 06:11:22.130745,2025-01-22 06:11:35.400453,0 days 00:00:13.269708,1.6295231407359851,1.3863719649325226,0.28169654576249376,2,1,COMPLETE
4637,52.38,2025-01-22 06:11:32.572252,2025-01-22 06:11:47.843491,0 days 00:00:15.271239,1.0957386800725508,1.5082019392750163,0.37132229666631483,4,1,COMPLETE
4638,52.42,2025-01-22 06:11:35.558631,2025-01-22 06:11:50.540813,0 days 00:00:14.982182,1.0937951868238853,2.3915399765787035,0.3774527962910121,4,1,COMPLETE
4639,50.64999999999999,2025-01-22 06:11:48.008088,2025-01-22 06:12:03.307593,0 days 00:00:15.299505,2.2133076848019955,4.3967042503920375,0.5613444566848211,6,1,COMPLETE
4640,50.78,2025-01-22 06:11:50.702590,2025-01-22 06:12:06.088128,0 days 00:00:15.385538,1.3675423808766136,0.17491170310542564,0.5176782651251913,6,1,COMPLETE
4641,52.65,2025-01-22 06:12:03.435265,2025-01-22 06:12:17.397257,0 days 00:00:13.961992,1.3980965193234915,1.667788932464454,0.4749789899482569,2,1,COMPLETE
4642,52.62,2025-01-22 06:12:06.231065,2025-01-22 06:12:19.365233,0 days 00:00:13.134168,0.8131452294832459,1.7637997168329043,0.44914316445024927,2,1,COMPLETE
4643,51.72,2025-01-22 06:12:17.560222,2025-01-22 06:12:34.255007,0 days 00:00:16.694785,0.8682570420377622,1.1818139199147022,0.32280259409743406,9,2,COMPLETE
4644,51.64,2025-01-22 06:12:20.105715,2025-01-22 06:12:36.753098,0 days 00:00:16.647383,1.1654285602723902,1.2123360181455005,0.32162322738819177,9,2,COMPLETE
4645,52.44,2025-01-22 06:12:34.412099,2025-01-22 06:12:48.847833,0 days 00:00:14.435734,1.1827097226742134,1.4920852531429905,0.39834231206445064,4,1,COMPLETE
4646,51.89,2025-01-22 06:12:37.025890,2025-01-22 06:12:51.782743,0 days 00:00:14.756853,1.0494845840832623,3.2787993257375825,0.43514274256588437,4,1,COMPLETE
4647,49.8,2025-01-22 06:12:48.987239,2025-01-22 06:13:04.110013,0 days 00:00:15.122774,0.9823543242562105,0.8300026595238876,0.2270717153184771,4,1,COMPLETE
4648,50.690000000000005,2025-01-22 06:12:51.944872,2025-01-22 06:13:07.556938,0 days 00:00:15.612066,1.465573270268919,0.833025408346757,0.619008028394189,7,1,COMPLETE
4649,48.88,2025-01-22 06:13:04.252011,2025-01-22 06:13:20.435833,0 days 00:00:16.183822,0.722599774686795,2.1528516382280976,0.6448694223343949,7,1,COMPLETE
4650,50.949999999999996,2025-01-22 06:13:07.724930,2025-01-22 06:13:21.102488,0 days 00:00:13.377558,0.7246254736530039,2.019160727136026,0.544188315187969,2,1,COMPLETE
4651,51.05,2025-01-22 06:13:20.811784,2025-01-22 06:13:34.534503,0 days 00:00:13.722719,2.803793918398348,1.869735021101404,0.5085637300659862,2,1,COMPLETE
4652,53.05,2025-01-22 06:13:21.298813,2025-01-22 06:13:35.006356,0 days 00:00:13.707543,1.2360913120789099,1.4688104693883723,0.4097325869455375,2,1,COMPLETE
4653,52.26,2025-01-22 06:13:34.688630,2025-01-22 06:13:48.835041,0 days 00:00:14.146411,1.2736951657074245,2.5988711762752987,0.3657310320986557,4,1,COMPLETE
4654,49.96,2025-01-22 06:13:35.179206,2025-01-22 06:13:50.435045,0 days 00:00:15.255839,1.8655825558320782,0.9187495978407855,0.26621161187840914,5,1,COMPLETE
4655,30.959999999999997,2025-01-22 06:13:48.997295,2025-01-22 06:14:03.846183,0 days 00:00:14.848888,1.8361089572173568,0.9352305325110402,0.03270909704139367,5,1,COMPLETE
4656,50.41,2025-01-22 06:13:51.285318,2025-01-22 06:14:19.864491,0 days 00:00:28.579173,1.598196371917696,1.0465119464473474,0.3115180004285896,36,20,COMPLETE
4657,51.49,2025-01-22 06:14:04.022941,2025-01-22 06:14:18.066922,0 days 00:00:14.043981,1.582462783461228,1.098303803183957,0.31664700939531387,2,1,COMPLETE
4658,51.78,2025-01-22 06:14:18.240379,2025-01-22 06:14:32.798258,0 days 00:00:14.557879,0.961397472345332,1.0966715366439423,0.3170385679763184,4,1,COMPLETE
4659,50.470000000000006,2025-01-22 06:14:20.414392,2025-01-22 06:14:35.255480,0 days 00:00:14.841088,0.9902443315759113,1.1917651382333032,0.2458737903188106,4,1,COMPLETE
4660,50.49,2025-01-22 06:14:32.986587,2025-01-22 06:14:48.234295,0 days 00:00:15.247708,1.314871382598483,1.12550524548232,0.24628855160884844,6,1,COMPLETE
4661,51.65,2025-01-22 06:14:35.586777,2025-01-22 06:14:51.321776,0 days 00:00:15.734999,1.3427306134055756,1.2050792791234919,0.35925216013551775,7,1,COMPLETE
4662,52.65,2025-01-22 06:14:48.405482,2025-01-22 06:15:02.595775,0 days 00:00:14.190293,1.109908084177927,1.297023211847887,0.3607410289903069,2,1,COMPLETE
4663,52.82,2025-01-22 06:14:51.481666,2025-01-22 06:15:05.258101,0 days 00:00:13.776435,0.857892557439521,1.26275353533007,0.3974371587777754,2,1,COMPLETE
4664,48.15,2025-01-22 06:15:02.729361,2025-01-22 06:15:16.463970,0 days 00:00:13.734609,2.242822430237281,0.955270882593404,0.2048431730422377,2,1,COMPLETE
4665,52.449999999999996,2025-01-22 06:15:05.422579,2025-01-22 06:15:19.446105,0 days 00:00:14.023526,1.1102553094813212,0.9723297039642723,0.44469403460046475,4,1,COMPLETE
4666,52.459999999999994,2025-01-22 06:15:16.595905,2025-01-22 06:15:31.745488,0 days 00:00:15.149583,1.1156681281612417,1.420468911991261,0.42575860560545203,4,1,COMPLETE
4667,51.13999999999999,2025-01-22 06:15:19.618094,2025-01-22 06:15:34.428496,0 days 00:00:14.810402,1.5598408834357835,1.3123487607302091,0.29366657916215366,4,1,COMPLETE
4668,28.53,2025-01-22 06:15:32.063510,2025-01-22 06:15:48.842260,0 days 00:00:16.778750,1.5440470558279267,1.3412634113930124,2.4741719831274596,6,1,COMPLETE
4669,52.1,2025-01-22 06:15:34.684599,2025-01-22 06:15:50.632592,0 days 00:00:15.947993,0.8469129310850846,1.305661731155237,0.3511656212348056,6,1,COMPLETE
4670,52.690000000000005,2025-01-22 06:15:49.005536,2025-01-22 06:16:02.308655,0 days 00:00:13.303119,0.8990910511862548,0.8376669876041637,0.3901532461902261,2,1,COMPLETE
4671,52.059999999999995,2025-01-22 06:15:51.168947,2025-01-22 06:16:04.959457,0 days 00:00:13.790510,0.5571607495009493,1.0853222442694532,0.401608366626623,2,1,COMPLETE
4672,51.38,2025-01-22 06:16:02.486263,2025-01-22 06:16:20.245413,0 days 00:00:17.759150,0.6230224992906411,1.0434768274593775,0.4902949642259878,12,2,COMPLETE
4673,51.78,2025-01-22 06:16:05.212914,2025-01-22 06:16:23.092982,0 days 00:00:17.880068,1.2963093608684462,1.4839177918473985,0.49127276640713624,12,2,COMPLETE
4674,0.5,2025-01-22 06:16:20.385293,2025-01-22 06:16:36.074844,0 days 00:00:15.689551,0.0064635016052207615,1.4784624381996954,0.34879028745567936,4,1,COMPLETE
4675,51.59,2025-01-22 06:16:23.243263,2025-01-22 06:16:39.226708,0 days 00:00:15.983445,1.0404197457877271,1.510010149722427,0.32607862363182366,8,1,COMPLETE
4676,51.15,2025-01-22 06:16:36.239528,2025-01-22 06:16:53.041756,0 days 00:00:16.802228,1.0174709212490043,1.3021385114114594,0.28711783074894687,8,1,COMPLETE
4677,52.89,2025-01-22 06:16:39.382054,2025-01-22 06:16:53.005066,0 days 00:00:13.623012,1.3607416561493657,1.2512413366030086,0.44007890535759747,2,1,COMPLETE
4678,51.03,2025-01-22 06:16:53.211900,2025-01-22 06:17:07.978484,0 days 00:00:14.766584,0.7425936587941789,1.05290888794933,0.5601461296067014,4,1,COMPLETE
4679,43.34,2025-01-22 06:16:53.285327,2025-01-22 06:17:07.836073,0 days 00:00:14.550746,1.972795410182379,1.046749620341788,0.11474397029675154,4,1,COMPLETE
4680,52.26,2025-01-22 06:17:08.013787,2025-01-22 06:17:23.453111,0 days 00:00:15.439324,1.2320084665316169,1.5310485704714367,0.40894162256855754,6,5,COMPLETE
4681,52.2,2025-01-22 06:17:08.164025,2025-01-22 06:17:23.450851,0 days 00:00:15.286826,1.198137232532763,0.8146377854385014,0.4085096364542067,6,1,COMPLETE
4682,52.669999999999995,2025-01-22 06:17:23.606039,2025-01-22 06:17:37.325480,0 days 00:00:13.719441,0.8984930279226608,1.246661329046898,0.47666769520430463,2,1,COMPLETE
4683,52.580000000000005,2025-01-22 06:17:23.632739,2025-01-22 06:17:37.631795,0 days 00:00:13.999056,0.8877469168345081,1.1851953090164125,0.4852872618446958,2,1,COMPLETE
4684,52.17,2025-01-22 06:17:37.470994,2025-01-22 06:17:52.177170,0 days 00:00:14.706176,1.5350324855916446,1.4571347191633086,0.3599530778893397,2,1,COMPLETE
4685,51.800000000000004,2025-01-22 06:17:37.821319,2025-01-22 06:17:52.664347,0 days 00:00:14.843028,1.4407599285762065,1.5336663800533965,0.34555281976788393,4,1,COMPLETE
4686,51.81,2025-01-22 06:17:52.315462,2025-01-22 06:18:06.534296,0 days 00:00:14.218834,1.4093701119733342,1.5572535981894482,0.5564664516781332,4,1,COMPLETE
4687,51.74999999999999,2025-01-22 06:17:52.805078,2025-01-22 06:18:08.018733,0 days 00:00:15.213655,1.2418381089800636,0.895378062814473,0.5574251890666954,4,1,COMPLETE
4688,49.69,2025-01-22 06:18:06.700238,2025-01-22 06:18:22.575530,0 days 00:00:15.875292,1.0948691147195486,1.2664377822644024,0.6764938789735188,6,1,COMPLETE
4689,49.1,2025-01-22 06:18:08.177580,2025-01-22 06:18:24.218439,0 days 00:00:16.040859,1.0502415266565301,1.1978935709801792,0.7004119320125975,6,1,COMPLETE
4690,50.660000000000004,2025-01-22 06:18:22.750857,2025-01-22 06:18:39.662928,0 days 00:00:16.912071,0.7467891914408235,1.0545166735464286,0.28406185939523615,10,2,COMPLETE
4691,0.5,2025-01-22 06:18:24.415406,2025-01-22 06:18:39.809639,0 days 00:00:15.394233,0.0047203323061680725,1.6149695067050804,0.28662581458554925,2,1,COMPLETE
4692,51.980000000000004,2025-01-22 06:18:39.807279,2025-01-22 06:18:53.730390,0 days 00:00:13.923111,1.9051525792018735,1.3961536128940724,0.4282583716747609,2,1,COMPLETE
4693,52.15,2025-01-22 06:18:39.978440,2025-01-22 06:18:53.821185,0 days 00:00:13.842745,1.780394448347671,1.4407371233372248,0.4281688970017379,2,1,COMPLETE
4694,51.85999999999999,2025-01-22 06:18:53.921373,2025-01-22 06:19:20.256229,0 days 00:00:26.334856,1.0046442413321566,0.9943466871569717,0.38081159433283795,32,12,COMPLETE
4695,50.06,2025-01-22 06:18:54.024832,2025-01-22 06:19:08.728070,0 days 00:00:14.703238,0.9682380096865421,0.0013662137338976404,0.3629801072977679,4,1,COMPLETE
4696,23.95,2025-01-22 06:19:08.899401,2025-01-22 06:19:23.193561,0 days 00:00:14.294160,1.2190558556173725,1.7411801876963307,0.004202645473209597,5,1,COMPLETE
4697,52.28,2025-01-22 06:19:20.419716,2025-01-22 06:19:35.078840,0 days 00:00:14.659124,1.2171185010443852,1.6653684512982392,0.47922285747137877,5,1,COMPLETE
4698,52.01,2025-01-22 06:19:23.349223,2025-01-22 06:19:39.218496,0 days 00:00:15.869273,0.824535416683429,1.651344296215781,0.48740269823170224,8,1,COMPLETE
4699,22.830000000000002,2025-01-22 06:19:35.232929,2025-01-22 06:19:51.821136,0 days 00:00:16.588207,0.8177484381289155,1.3038071126175792,0.0013253157115661006,8,1,COMPLETE
4700,51.6,2025-01-22 06:19:39.343268,2025-01-22 06:19:52.867763,0 days 00:00:13.524495,1.5195068852369995,1.2325750411225764,0.31081666825710463,2,1,COMPLETE
