number,value,datetime_start,datetime_complete,duration,params_gamma_1,params_gamma_2,params_lambda,params_n_clusters,params_n_neighbors,state
6043,50.56,2025-01-22 09:23:40.524149,2025-01-22 09:23:55.390220,0 days 00:00:14.866071,1.0691932527136097,0.06641945888316604,0.33680698707554246,6,1,COMPLETE
6044,52.32,2025-01-22 09:23:41.783841,2025-01-22 09:23:57.670420,0 days 00:00:15.886579,0.7818207026544369,0.8904562887943751,0.4004300295571614,6,1,COMPLETE
6045,51.15,2025-01-22 09:23:55.565521,2025-01-22 09:24:10.399029,0 days 00:00:14.833508,0.8104117893029281,1.6289517527238235,0.551183277532235,4,1,COMPLETE
6046,48.83,2025-01-22 09:23:58.167669,2025-01-22 09:24:13.034354,0 days 00:00:14.866685,2.075041794324327,0.5306181854432045,0.24850805525299702,4,1,COMPLETE
6047,51.300000000000004,2025-01-22 09:24:10.533471,2025-01-22 09:24:27.176314,0 days 00:00:16.642843,2.09006513963074,4.978089866416638,0.46675053907692404,10,2,COMPLETE
6048,52.05,2025-01-22 09:24:13.406652,2025-01-22 09:24:30.296961,0 days 00:00:16.890309,1.4284020493680887,1.7299706669540862,0.46797273606951517,9,2,COMPLETE
6049,52.88,2025-01-22 09:24:27.334539,2025-01-22 09:24:41.385176,0 days 00:00:14.050637,1.4099155845770754,1.751578098518816,0.4093775157682303,2,1,COMPLETE
6050,52.86,2025-01-22 09:24:30.475790,2025-01-22 09:24:44.212806,0 days 00:00:13.737016,0.9821830289439503,1.119096059587671,0.3824414976244028,2,1,COMPLETE
6051,51.38,2025-01-22 09:24:41.549594,2025-01-22 09:24:56.272814,0 days 00:00:14.723220,0.9005670944884839,1.1513181024959982,0.29021268820092,4,1,COMPLETE
6052,51.49,2025-01-22 09:24:44.390114,2025-01-22 09:24:58.927134,0 days 00:00:14.537020,1.2011631338318574,1.4180249095844535,0.5708747030568643,4,1,COMPLETE
6053,50.43,2025-01-22 09:24:56.616402,2025-01-22 09:25:12.467829,0 days 00:00:15.851427,1.1964277588692545,0.7439866559373907,0.631180029732895,7,1,COMPLETE
6054,51.449999999999996,2025-01-22 09:24:59.490229,2025-01-22 09:25:15.062847,0 days 00:00:15.572618,1.1632975467167632,0.9107490714111195,0.3275998293876592,7,1,COMPLETE
6055,52.080000000000005,2025-01-22 09:25:12.637787,2025-01-22 09:25:26.325482,0 days 00:00:13.687695,1.5787191786494716,0.919051384526418,0.5131833325839867,2,1,COMPLETE
6056,51.349999999999994,2025-01-22 09:25:15.311285,2025-01-22 09:25:28.684465,0 days 00:00:13.373180,0.5972469914167319,1.529100171757134,0.502449885782143,2,1,COMPLETE
6057,52.5,2025-01-22 09:25:26.512086,2025-01-22 09:25:40.599200,0 days 00:00:14.087114,0.9955953926475754,1.4731395143559805,0.4242214401301815,4,1,COMPLETE
6058,51.790000000000006,2025-01-22 09:25:29.109672,2025-01-22 09:25:44.088904,0 days 00:00:14.979232,0.9745010275860168,2.689597169955302,0.4096844750091222,5,1,COMPLETE
6059,51.2,2025-01-22 09:25:40.760366,2025-01-22 09:25:55.733899,0 days 00:00:14.973533,0.7590296618493644,2.3921245495008234,0.36318342080758914,5,1,COMPLETE
6060,51.349999999999994,2025-01-22 09:25:44.259658,2025-01-22 09:25:58.856965,0 days 00:00:14.597307,0.7144295623870603,2.0765800288598593,0.3428685117462118,4,1,COMPLETE
6061,52.01,2025-01-22 09:25:55.894253,2025-01-22 09:26:09.401477,0 days 00:00:13.507224,1.349433345082276,1.9212061600664234,0.30933919005047067,2,1,COMPLETE
6062,38.76,2025-01-22 09:25:59.042058,2025-01-22 09:26:12.491753,0 days 00:00:13.449695,0.08434443302945926,1.2358657840742,0.45977279908708985,2,1,COMPLETE
6063,50.21,2025-01-22 09:26:09.598849,2025-01-22 09:26:24.895960,0 days 00:00:15.297111,1.7476365566444583,0.1307829080804858,0.44340086224790554,6,1,COMPLETE
6064,50.980000000000004,2025-01-22 09:26:12.624370,2025-01-22 09:26:27.447513,0 days 00:00:14.823143,1.6628377039579507,1.2469316137740243,0.6065563866985356,6,1,COMPLETE
6065,51.4,2025-01-22 09:26:25.031873,2025-01-22 09:26:39.775165,0 days 00:00:14.743292,1.3214560910444326,1.286369966594784,0.5838346141995951,4,1,COMPLETE
6066,46.26,2025-01-22 09:26:27.692076,2025-01-22 09:26:42.391604,0 days 00:00:14.699528,1.131362664321532,1.6675976616050219,0.8349952785030091,4,1,COMPLETE
6067,52.18000000000001,2025-01-22 09:26:39.920294,2025-01-22 09:26:56.489430,0 days 00:00:16.569136,1.0510079654993185,1.612122830977843,0.37760122022598147,8,1,COMPLETE
6068,50.71,2025-01-22 09:26:42.616096,2025-01-22 09:26:56.583009,0 days 00:00:13.966913,0.8639552851192781,1.1199056988698093,0.25851658068627836,2,1,COMPLETE
6069,51.99,2025-01-22 09:26:56.676521,2025-01-22 09:27:10.687911,0 days 00:00:14.011390,1.398339966414399,0.6497302070687548,0.49909549815267623,2,1,COMPLETE
6070,42.89,2025-01-22 09:26:56.823192,2025-01-22 09:27:10.750944,0 days 00:00:13.927752,0.13333061285561354,1.435349966642298,0.4753653989082965,2,1,COMPLETE
6071,51.339999999999996,2025-01-22 09:27:10.883780,2025-01-22 09:27:25.519634,0 days 00:00:14.635854,0.8998508387992312,0.9767129652819343,0.2992361399044359,4,1,COMPLETE
6072,52.33,2025-01-22 09:27:11.010713,2025-01-22 09:27:25.816446,0 days 00:00:14.805733,0.8991676559430011,0.9918268273432863,0.3733225173642699,4,1,COMPLETE
6073,52.33,2025-01-22 09:27:25.664388,2025-01-22 09:27:41.110122,0 days 00:00:15.445734,1.2114832554494877,1.8258926808372997,0.38423509262149314,6,1,COMPLETE
6074,50.160000000000004,2025-01-22 09:27:25.976407,2025-01-22 09:28:14.632319,0 days 00:00:48.655912,1.2079090386690277,1.9157823002971748,0.6993032810937988,85,4,COMPLETE
6075,51.980000000000004,2025-01-22 09:27:41.289846,2025-01-22 09:28:16.824370,0 days 00:00:35.534524,1.4639268374251266,1.330909300280559,0.5389575873070775,52,4,COMPLETE
6076,51.53,2025-01-22 09:28:14.808520,2025-01-22 09:28:30.687398,0 days 00:00:15.878878,1.516602928259726,1.3265216183447521,0.5416067813113359,8,1,COMPLETE
6077,50.91,2025-01-22 09:28:17.522962,2025-01-22 09:28:33.544291,0 days 00:00:16.021329,0.5227140483240488,0.002037215338809916,0.43974440140885673,8,1,COMPLETE
6078,0.5,2025-01-22 09:28:31.056876,2025-01-22 09:28:45.433023,0 days 00:00:14.376147,0.008594451483682099,1.5533440156909128,0.42443099666128714,2,1,COMPLETE
6079,52.14,2025-01-22 09:28:33.774675,2025-01-22 09:28:47.470660,0 days 00:00:13.695985,1.0564871671337797,1.1184012211543444,0.3238043791336872,2,1,COMPLETE
6080,51.72,2025-01-22 09:28:45.603312,2025-01-22 09:28:59.982484,0 days 00:00:14.379172,1.0361577789707823,2.182412449380538,0.3168823016972051,4,1,COMPLETE
6081,51.42,2025-01-22 09:28:48.076366,2025-01-22 09:29:02.430271,0 days 00:00:14.353905,0.707695825502149,2.2839779916638703,0.367258403664341,4,1,COMPLETE
6082,51.82,2025-01-22 09:29:00.132729,2025-01-22 09:29:15.077690,0 days 00:00:14.944961,0.6553770143135391,1.6462633972975171,0.373947665389299,6,1,COMPLETE
6083,49.69,2025-01-22 09:29:02.701099,2025-01-22 09:29:17.661115,0 days 00:00:14.960016,1.883916453992776,1.526394815327417,0.23931745308975633,6,1,COMPLETE
6084,51.629999999999995,2025-01-22 09:29:15.211249,2025-01-22 09:29:28.783560,0 days 00:00:13.572311,1.9010541383726902,0.8033966718545024,0.48609426815004336,2,1,COMPLETE
6085,52.370000000000005,2025-01-22 09:29:17.912673,2025-01-22 09:29:31.156776,0 days 00:00:13.244103,0.827460301588828,0.8112971335512059,0.4890019661546814,2,1,COMPLETE
6086,49.93,2025-01-22 09:29:28.957474,2025-01-22 09:29:43.283850,0 days 00:00:14.326376,0.8158575957642243,1.1113781108528265,0.629326966342472,4,1,COMPLETE
6087,51.07000000000001,2025-01-22 09:29:31.482669,2025-01-22 09:29:45.793031,0 days 00:00:14.310362,1.30644305201166,1.1441894960547139,0.600284139525923,4,1,COMPLETE
6088,50.19,2025-01-22 09:29:43.447817,2025-01-22 09:30:20.446956,0 days 00:00:36.999139,1.334475231019947,2.9573805948801635,0.4196830995098849,62,46,COMPLETE
6089,42.94,2025-01-22 09:29:46.135022,2025-01-22 09:30:26.018496,0 days 00:00:39.883474,1.0140282865586938,1.3575073668129443,1.0418196498883348,61,3,COMPLETE
6090,51.080000000000005,2025-01-22 09:30:20.608690,2025-01-22 09:30:36.348187,0 days 00:00:15.739497,1.0377557279069671,1.477058606385368,0.27083653838522165,6,1,COMPLETE
6091,52.349999999999994,2025-01-22 09:30:26.198313,2025-01-22 09:30:41.313977,0 days 00:00:15.115664,1.1433605606831263,1.9015335894699124,0.4319497808739929,6,1,COMPLETE
6092,52.7,2025-01-22 09:30:36.520838,2025-01-22 09:30:50.950023,0 days 00:00:14.429185,1.5346358648280203,1.8158333804131763,0.42129254381779596,2,1,COMPLETE
6093,51.959999999999994,2025-01-22 09:30:41.491207,2025-01-22 09:30:55.069594,0 days 00:00:13.578387,1.6123023757640902,1.2929580572933652,0.3419986076197171,2,1,COMPLETE
6094,52.03,2025-01-22 09:30:51.132157,2025-01-22 09:31:06.163112,0 days 00:00:15.030955,1.228871088497577,1.2647437986900476,0.5317873151709195,4,1,COMPLETE
6095,51.83,2025-01-22 09:30:55.254406,2025-01-22 09:31:09.401281,0 days 00:00:14.146875,1.248541780817482,0.9818129933717469,0.5252611906283295,4,1,COMPLETE
6096,49.59,2025-01-22 09:31:06.319506,2025-01-22 09:31:21.441607,0 days 00:00:15.122101,2.6722998088003385,0.9821602863916635,0.29201596889495085,4,1,COMPLETE
6097,48.05,2025-01-22 09:31:09.551536,2025-01-22 09:31:26.436258,0 days 00:00:16.884722,0.9139765881477242,1.695379390094651,0.72643507684424,10,2,COMPLETE
6098,52.769999999999996,2025-01-22 09:31:21.627933,2025-01-22 09:31:35.404306,0 days 00:00:13.776373,0.917885285860366,1.6018193426674623,0.3715937167246888,2,1,COMPLETE
6099,52.64,2025-01-22 09:31:26.609024,2025-01-22 09:31:40.207083,0 days 00:00:13.598059,0.9770255489750738,1.4669395384116228,0.3635125429047326,2,1,COMPLETE
6100,52.42,2025-01-22 09:31:35.567174,2025-01-22 09:31:51.329666,0 days 00:00:15.762492,1.110985384463885,1.1889417008417222,0.45210467643696717,6,1,COMPLETE
6101,52.23,2025-01-22 09:31:40.375565,2025-01-22 09:31:55.513974,0 days 00:00:15.138409,0.742399460245408,1.1685732439510197,0.46810503035487994,6,1,COMPLETE
6102,52.410000000000004,2025-01-22 09:31:51.641786,2025-01-22 09:32:06.576452,0 days 00:00:14.934666,1.4387410990718825,2.0891073745876225,0.47501962727983166,4,1,COMPLETE
6103,48.4,2025-01-22 09:31:55.674896,2025-01-22 09:32:09.373364,0 days 00:00:13.698468,1.4562721562567271,2.015175195463384,0.1866094153296427,2,1,COMPLETE
6104,52.05,2025-01-22 09:32:06.776188,2025-01-22 09:32:20.261746,0 days 00:00:13.485558,1.1660996170350504,1.4248602835033157,0.31048648263184875,2,1,COMPLETE
6105,51.06,2025-01-22 09:32:09.556004,2025-01-22 09:32:25.387072,0 days 00:00:15.831068,1.146381554081518,2.4530910462238023,0.5743588194776211,8,1,COMPLETE
6106,50.89,2025-01-22 09:32:20.490236,2025-01-22 09:32:36.873578,0 days 00:00:16.383342,0.8470137952090152,0.3362763843267486,0.598392218329971,8,1,COMPLETE
6107,52.55,2025-01-22 09:32:25.595138,2025-01-22 09:32:40.125883,0 days 00:00:14.530745,0.7894964542512327,0.9160322966366522,0.41604340424932185,4,1,COMPLETE
6108,28.07,2025-01-22 09:32:37.012375,2025-01-22 09:32:51.395071,0 days 00:00:14.382696,1.858416295620149,0.8849856697519325,0.020975034776210075,4,1,COMPLETE
6109,51.61,2025-01-22 09:32:40.286321,2025-01-22 09:32:54.490658,0 days 00:00:14.204337,1.7730107881045962,1.6293884549581938,0.38618628209689737,4,1,COMPLETE
6110,50.370000000000005,2025-01-22 09:32:51.538668,2025-01-22 09:33:05.167224,0 days 00:00:13.628556,0.47520943667151544,1.7644393822464504,0.3462996733358017,2,1,COMPLETE
6111,50.61,2025-01-22 09:32:54.676834,2025-01-22 09:33:20.183323,0 days 00:00:25.506489,1.3493773905407203,1.310552194266977,0.33618374176988575,31,19,COMPLETE
6112,51.83,2025-01-22 09:33:05.319485,2025-01-22 09:33:20.755228,0 days 00:00:15.435743,1.3396386788795493,1.275163506834223,0.5148620353073629,6,1,COMPLETE
6113,51.05,2025-01-22 09:33:20.352480,2025-01-22 09:33:35.049819,0 days 00:00:14.697339,2.3246437299887175,1.0884300776555134,0.4985365401320401,6,1,COMPLETE
6114,52.800000000000004,2025-01-22 09:33:21.090340,2025-01-22 09:33:34.818902,0 days 00:00:13.728562,0.9935625419574261,1.0676331949917095,0.4189207704948413,2,1,COMPLETE
6115,49.34,2025-01-22 09:33:35.009666,2025-01-22 09:33:50.019753,0 days 00:00:15.010087,1.0635503813031004,1.5408786646092842,0.6909288675319986,4,1,COMPLETE
6116,51.1,2025-01-22 09:33:35.226516,2025-01-22 09:33:49.954203,0 days 00:00:14.727687,1.0578053773083422,1.435389820643564,0.27326520075388183,4,1,COMPLETE
6117,52.12,2025-01-22 09:33:50.160690,2025-01-22 09:34:04.106042,0 days 00:00:13.945352,0.6540902486321448,1.8976907823278362,0.41259972468329703,2,1,COMPLETE
6118,50.57000000000001,2025-01-22 09:33:50.286745,2025-01-22 09:34:04.140462,0 days 00:00:13.853717,0.6165052665632916,0.003505510721123338,0.42789384387479334,2,1,COMPLETE
6119,51.629999999999995,2025-01-22 09:34:04.314687,2025-01-22 09:35:06.495966,0 days 00:01:02.181279,1.5690945899410893,2.4199078539640744,0.31160538591402415,98,3,COMPLETE
6120,51.449999999999996,2025-01-22 09:34:04.413411,2025-01-22 09:34:18.844409,0 days 00:00:14.430998,1.598444727759165,2.439062292373488,0.5574150092744977,5,1,COMPLETE
6121,51.470000000000006,2025-01-22 09:34:19.012823,2025-01-22 09:34:34.766036,0 days 00:00:15.753213,0.8262523831959657,0.7124090762796138,0.31883169354272434,8,6,COMPLETE
6122,49.919999999999995,2025-01-22 09:34:35.205800,2025-01-22 09:34:49.657860,0 days 00:00:14.452060,1.252635082778816,0.01986630007515186,0.3723672695304169,4,1,COMPLETE
6123,52.580000000000005,2025-01-22 09:34:49.803258,2025-01-22 09:35:03.259170,0 days 00:00:13.455912,0.9332386393109012,1.2526915581864075,0.49989083935605544,2,1,COMPLETE
6124,26.479999999999997,2025-01-22 09:35:03.428470,2025-01-22 09:35:18.846616,0 days 00:00:15.418146,0.01657174555686851,0.1874458926879547,0.244208607508251,5,1,COMPLETE
6125,47.56,2025-01-22 09:35:06.641521,2025-01-22 09:35:21.518338,0 days 00:00:14.876817,1.2434392619480976,0.18139127592757792,0.7943898311786339,6,5,COMPLETE
6126,46.7,2025-01-22 09:35:19.040572,2025-01-22 09:35:32.420881,0 days 00:00:13.380309,1.238963842436703,1.79357559645018,0.8366433818506793,2,1,COMPLETE
6127,31.069999999999997,2025-01-22 09:35:21.788638,2025-01-22 09:35:36.150008,0 days 00:00:14.361370,1.0752390984231042,1.7704194285985564,2.0573579783955043,2,1,COMPLETE
6128,50.14999999999999,2025-01-22 09:35:32.590902,2025-01-22 09:35:47.168615,0 days 00:00:14.577713,0.9638551954104554,1.5040014883796058,0.6359520870604954,4,1,COMPLETE
6129,51.980000000000004,2025-01-22 09:35:36.343214,2025-01-22 09:35:53.793388,0 days 00:00:17.450174,0.923409417100792,1.0714867825461534,0.46039621803163655,10,2,COMPLETE
6130,51.78,2025-01-22 09:35:47.339293,2025-01-22 09:36:02.832889,0 days 00:00:15.493596,1.4664487450485186,1.1191943143498075,0.4441605104344189,7,1,COMPLETE
6131,51.76,2025-01-22 09:35:53.934158,2025-01-22 09:36:08.218836,0 days 00:00:14.284678,1.4608617646396624,1.2795780113805084,0.3947585772968237,4,1,COMPLETE
6132,50.64999999999999,2025-01-22 09:36:03.177773,2025-01-22 09:36:17.830806,0 days 00:00:14.653033,0.7370323432411972,0.01162887202338147,0.38105870173812206,4,1,COMPLETE
6133,51.32,2025-01-22 09:36:08.379436,2025-01-22 09:36:21.610174,0 days 00:00:13.230738,0.7218633945595107,1.4496362677816963,0.5357580232524969,2,1,COMPLETE
6134,51.92,2025-01-22 09:36:17.998085,2025-01-22 09:36:31.806760,0 days 00:00:13.808675,1.138237506413704,2.097146181836158,0.5563294552427878,2,1,COMPLETE
6135,51.85999999999999,2025-01-22 09:36:21.752119,2025-01-22 09:36:37.166736,0 days 00:00:15.414617,1.1303100885436628,2.023030938506966,0.3330126965514468,6,1,COMPLETE
6136,50.64999999999999,2025-01-22 09:36:31.964351,2025-01-22 09:36:47.435948,0 days 00:00:15.471597,2.041305238788032,0.9617080998235238,0.3321384408190166,6,1,COMPLETE
6137,51.29,2025-01-22 09:36:37.313031,2025-01-22 09:36:51.481555,0 days 00:00:14.168524,2.02308346896961,0.8821202782065805,0.4466214204463287,4,1,COMPLETE
6138,23.14,2025-01-22 09:36:47.598585,2025-01-22 09:37:02.212262,0 days 00:00:14.613677,0.8664249473156767,1.4749666628426372,0.0023754761668939675,4,1,COMPLETE
6139,51.06,2025-01-22 09:36:51.660855,2025-01-22 09:37:05.243283,0 days 00:00:13.582428,0.8818561292713635,1.573250967579937,0.2809586384180451,2,1,COMPLETE
6140,50.39,2025-01-22 09:37:02.380929,2025-01-22 09:37:15.845274,0 days 00:00:13.464345,1.651416255712385,1.2678697226027036,0.6618472079688067,2,1,COMPLETE
6141,50.339999999999996,2025-01-22 09:37:05.444490,2025-01-22 09:37:21.281375,0 days 00:00:15.836885,1.6530056650346876,1.2325605856727733,0.6631027117972801,8,1,COMPLETE
6142,0.5,2025-01-22 09:37:16.018036,2025-01-22 09:37:33.004950,0 days 00:00:16.986914,0.011689277851619509,1.1484580282690553,0.3724596585371216,8,1,COMPLETE
6143,52.15,2025-01-22 09:37:21.475707,2025-01-22 09:37:35.903715,0 days 00:00:14.428008,1.3591764155719173,1.7081172647839038,0.386097290410383,4,1,COMPLETE
6144,52.25,2025-01-22 09:37:33.153597,2025-01-22 09:38:03.759518,0 days 00:00:30.605921,1.2956331224086506,2.8561071598803944,0.4685936692139416,41,3,COMPLETE
6145,52.21,2025-01-22 09:37:36.379134,2025-01-22 09:37:51.234001,0 days 00:00:14.854867,1.0499499618641441,1.4297048127132983,0.49428232559932045,6,1,COMPLETE
6146,52.580000000000005,2025-01-22 09:37:51.408957,2025-01-22 09:38:04.609616,0 days 00:00:13.200659,1.3069360913009902,2.870658872637693,0.44129794748465584,2,1,COMPLETE
6147,51.690000000000005,2025-01-22 09:38:03.907668,2025-01-22 09:38:17.539612,0 days 00:00:13.631944,1.0289092907532689,1.8209656592431038,0.5595386635346885,2,1,COMPLETE
6148,49.13,2025-01-22 09:38:04.770113,2025-01-22 09:38:23.202985,0 days 00:00:18.432872,1.0627469229406121,1.710311946466571,0.22487624316903954,14,2,COMPLETE
6149,50.239999999999995,2025-01-22 09:38:17.717542,2025-01-22 09:38:35.520851,0 days 00:00:17.803309,0.7986497544753931,1.036860959677126,0.27759887304824976,13,2,COMPLETE
6150,50.9,2025-01-22 09:38:23.371372,2025-01-22 09:38:37.646517,0 days 00:00:14.275145,0.7927506314098336,1.0900154460959801,0.2855310273520714,4,1,COMPLETE
6151,51.980000000000004,2025-01-22 09:38:35.690151,2025-01-22 09:38:50.167993,0 days 00:00:14.477842,1.1917871453887554,0.7939021571488409,0.3893975335873481,4,1,COMPLETE
6152,51.78,2025-01-22 09:38:38.288526,2025-01-22 09:38:52.683532,0 days 00:00:14.395006,1.2275080186212015,0.7719391104186659,0.4002742801551696,5,1,COMPLETE
6153,51.480000000000004,2025-01-22 09:38:50.326078,2025-01-22 09:39:20.782936,0 days 00:00:30.456858,1.5423750238709815,1.3497512183340095,0.5183869276574782,47,3,COMPLETE
6154,52.44,2025-01-22 09:38:52.962454,2025-01-22 09:39:05.948465,0 days 00:00:12.986011,1.480779585698432,1.4174551127501207,0.5105182156084523,2,1,COMPLETE
6155,51.78,2025-01-22 09:39:06.122174,2025-01-22 09:39:20.703193,0 days 00:00:14.581019,0.9548957156179495,2.1500191700459164,0.3416617403807028,6,1,COMPLETE
6156,51.849999999999994,2025-01-22 09:39:20.900043,2025-01-22 09:39:35.018031,0 days 00:00:14.117988,0.5672778396140632,1.5508678287634483,0.4344479713054822,2,1,COMPLETE
6157,51.7,2025-01-22 09:39:21.048607,2025-01-22 09:39:35.296137,0 days 00:00:14.247530,0.6066625352996272,1.784888281886845,0.42838262122420295,4,1,COMPLETE
6158,52.12,2025-01-22 09:39:35.180393,2025-01-22 09:39:49.941500,0 days 00:00:14.761107,0.9204845772734673,1.2340338317022832,0.34132817715879993,4,1,COMPLETE
6159,51.09,2025-01-22 09:39:35.523136,2025-01-22 09:39:50.519504,0 days 00:00:14.996368,0.965848704986143,0.6051412449954021,0.5890410136377398,6,1,COMPLETE
6160,50.86000000000001,2025-01-22 09:39:50.118502,2025-01-22 09:40:05.301560,0 days 00:00:15.183058,1.744501775103333,1.1109180311690308,0.5985116575488493,6,1,COMPLETE
6161,51.980000000000004,2025-01-22 09:39:50.689280,2025-01-22 09:40:04.879646,0 days 00:00:14.190366,1.7639858095668797,0.9754632203531938,0.48320040435345385,2,1,COMPLETE
6162,52.349999999999994,2025-01-22 09:40:05.063544,2025-01-22 09:40:19.760204,0 days 00:00:14.696660,1.2575812874837002,2.1286039737649585,0.3608316528511328,4,1,COMPLETE
6163,0.5,2025-01-22 09:40:05.708036,2025-01-22 09:40:24.182608,0 days 00:00:18.474572,0.004011984618178061,2.200340751593373,0.37382751900149996,10,2,COMPLETE
6164,52.87,2025-01-22 09:40:19.949741,2025-01-22 09:40:33.808002,0 days 00:00:13.858261,1.1167786608186456,1.3763255485590549,0.403886574525366,2,1,COMPLETE
6165,35.870000000000005,2025-01-22 09:40:24.349223,2025-01-22 09:40:38.131562,0 days 00:00:13.782339,0.39069831367559593,1.3813523996087425,0.11948677188988686,2,1,COMPLETE
6166,52.05,2025-01-22 09:40:34.014943,2025-01-22 09:40:50.374026,0 days 00:00:16.359083,0.7481333562532043,1.6658563009537244,0.45312055979676696,8,5,COMPLETE
6167,51.42,2025-01-22 09:40:38.272379,2025-01-22 09:40:53.962229,0 days 00:00:15.689850,1.3683761987770109,1.6599731375024114,0.3066599661701885,8,1,COMPLETE
6168,51.03,2025-01-22 09:40:50.551724,2025-01-22 09:41:05.870337,0 days 00:00:15.318613,1.361555425187097,0.8887923426065005,0.3011232058170344,4,1,COMPLETE
6169,51.870000000000005,2025-01-22 09:40:54.116525,2025-01-22 09:41:08.654354,0 days 00:00:14.537829,1.0751096097211328,0.8956517532690482,0.5381897248479229,4,1,COMPLETE
6170,52.239999999999995,2025-01-22 09:41:06.038864,2025-01-22 09:41:20.713945,0 days 00:00:14.675081,1.0658357608715303,1.1935441984241533,0.49665470631192016,4,1,COMPLETE
6171,48.53,2025-01-22 09:41:08.846560,2025-01-22 09:41:22.345844,0 days 00:00:13.499284,0.9381580704665523,1.2075788313859441,0.7141474220048362,2,1,COMPLETE
6172,52.64,2025-01-22 09:41:21.036602,2025-01-22 09:41:34.335412,0 days 00:00:13.298810,0.859311268471486,1.9021598407466709,0.4123774107670453,2,1,COMPLETE
6173,51.24999999999999,2025-01-22 09:41:22.518757,2025-01-22 09:41:38.436686,0 days 00:00:15.917929,2.2937759370921267,1.9862134631156516,0.41433302606268013,6,1,COMPLETE
6174,51.910000000000004,2025-01-22 09:41:34.512730,2025-01-22 09:41:50.064046,0 days 00:00:15.551316,1.250770099594497,1.4948493714782727,0.3410782769288268,6,1,COMPLETE
6175,51.980000000000004,2025-01-22 09:41:38.624044,2025-01-22 09:41:53.660585,0 days 00:00:15.036541,1.2041341604961286,1.4590121841648442,0.34844833749843074,6,1,COMPLETE
6176,50.3,2025-01-22 09:41:50.255823,2025-01-22 09:42:04.696848,0 days 00:00:14.441025,1.5378467252245382,0.026694522488990274,0.595875178917925,4,1,COMPLETE
