number,value,datetime_start,datetime_complete,duration,params_gamma_1,params_gamma_2,params_lambda,params_n_clusters,params_n_neighbors,state
5238,48.75,2025-01-22 07:32:34.923071,2025-01-22 07:32:49.391734,0 days 00:00:14.468663,0.5017354802692904,1.2215084970697314,0.6207042641829226,4,1,COMPLETE
5239,51.04,2025-01-22 07:32:45.318848,2025-01-22 07:32:58.601254,0 days 00:00:13.282406,1.3854208178672252,1.192625776843057,0.619332705088969,2,1,COMPLETE
5240,52.480000000000004,2025-01-22 07:32:49.562860,2025-01-22 07:33:02.990769,0 days 00:00:13.427909,1.463301530782456,1.7650932491014675,0.49548658243932364,2,1,COMPLETE
5241,51.77,2025-01-22 07:32:58.838696,2025-01-22 07:33:14.757074,0 days 00:00:15.918378,1.0188639421118102,1.801671474182593,0.32260567847074384,6,1,COMPLETE
5242,51.74999999999999,2025-01-22 07:33:03.150338,2025-01-22 07:33:18.208860,0 days 00:00:15.058522,1.0121791173197363,1.9069546052864934,0.3271451398835826,6,1,COMPLETE
5243,52.39,2025-01-22 07:33:14.916487,2025-01-22 07:33:29.335376,0 days 00:00:14.418889,1.2620717079958221,1.4379027097635735,0.4519096581145022,4,1,COMPLETE
5244,52.349999999999994,2025-01-22 07:33:18.367860,2025-01-22 07:33:32.574606,0 days 00:00:14.206746,1.2448805170004487,1.426547931400399,0.47384473292442997,4,1,COMPLETE
5245,28.79,2025-01-22 07:33:29.491938,2025-01-22 07:33:44.772638,0 days 00:00:15.280700,1.755547762241927,0.8723367923351053,2.9878151736416783,2,1,COMPLETE
5246,51.949999999999996,2025-01-22 07:33:32.731887,2025-01-22 07:33:46.591091,0 days 00:00:13.859204,1.6826038944452764,1.0978835003140774,0.3728331367315769,2,1,COMPLETE
5247,51.959999999999994,2025-01-22 07:33:44.956781,2025-01-22 07:34:01.574972,0 days 00:00:16.618191,0.8495812972477473,1.068404166514391,0.37339015369115736,9,2,COMPLETE
5248,51.5,2025-01-22 07:33:47.175884,2025-01-22 07:34:03.468631,0 days 00:00:16.292747,0.8436535368334507,1.6295721425847591,0.5363757266096516,8,1,COMPLETE
5249,51.690000000000005,2025-01-22 07:34:01.739615,2025-01-22 07:34:16.504844,0 days 00:00:14.765229,1.1601344015257093,1.536940881895511,0.5406485958829915,6,1,COMPLETE
5250,51.239999999999995,2025-01-22 07:34:04.061013,2025-01-22 07:34:18.799868,0 days 00:00:14.738855,1.0997589297428032,1.3864650238558993,0.2809874568543185,4,1,COMPLETE
5251,51.13999999999999,2025-01-22 07:34:16.658790,2025-01-22 07:34:30.966669,0 days 00:00:14.307879,1.500093999355162,1.2735378888948161,0.2948751184825481,4,1,COMPLETE
5252,52.53,2025-01-22 07:34:19.322735,2025-01-22 07:34:32.994650,0 days 00:00:13.671915,1.4768659431925628,1.2294172331975823,0.43017056478042964,2,1,COMPLETE
5253,52.39,2025-01-22 07:34:31.144587,2025-01-22 07:34:44.573890,0 days 00:00:13.429303,0.7314811564944887,1.96777243616435,0.4142274880052123,2,1,COMPLETE
5254,52.75,2025-01-22 07:34:33.587532,2025-01-22 07:34:46.951771,0 days 00:00:13.364239,0.9543934600502647,2.0268880851705537,0.42993040831766566,2,1,COMPLETE
5255,48.86,2025-01-22 07:34:44.933128,2025-01-22 07:34:59.856831,0 days 00:00:14.923703,0.9526251252454911,0.8885199767376796,0.6945104047538873,6,1,COMPLETE
5256,51.629999999999995,2025-01-22 07:34:47.437283,2025-01-22 07:35:02.409869,0 days 00:00:14.972586,1.2503482671005177,0.798632113240172,0.3421019190814594,6,1,COMPLETE
5257,52.2,2025-01-22 07:35:00.038032,2025-01-22 07:35:14.725272,0 days 00:00:14.687240,1.25972498407251,1.6632527966195672,0.34138883418813515,4,1,COMPLETE
5258,51.18000000000001,2025-01-22 07:35:02.681293,2025-01-22 07:35:17.071653,0 days 00:00:14.390360,1.0930556710407453,0.10403651168970378,0.5082244721431105,4,1,COMPLETE
5259,48.199999999999996,2025-01-22 07:35:14.886128,2025-01-22 07:35:29.533116,0 days 00:00:14.646988,2.001557444449898,1.0682879454005578,0.19974351851628913,4,1,COMPLETE
5260,50.64999999999999,2025-01-22 07:35:17.478203,2025-01-22 07:35:35.230169,0 days 00:00:17.751966,1.830897597825378,1.0913585285402347,0.5839176789471153,10,2,COMPLETE
5261,50.91,2025-01-22 07:35:29.865340,2025-01-22 07:35:43.593332,0 days 00:00:13.727992,0.7236192261005011,1.3535106153803091,0.5624982865176466,2,1,COMPLETE
5262,52.129999999999995,2025-01-22 07:35:35.487901,2025-01-22 07:35:49.262828,0 days 00:00:13.774927,0.7168200796642193,0.6602583492463783,0.4846659167837818,2,1,COMPLETE
5263,51.910000000000004,2025-01-22 07:35:43.737594,2025-01-22 07:36:01.828335,0 days 00:00:18.090741,1.4833871582071365,1.618358745121277,0.469434559366336,14,2,COMPLETE
5264,0.5,2025-01-22 07:35:49.410835,2025-01-22 07:36:05.833243,0 days 00:00:16.422408,0.012601420768687194,1.6991007706486754,0.39925600424730767,6,1,COMPLETE
5265,52.370000000000005,2025-01-22 07:36:01.989202,2025-01-22 07:36:17.506549,0 days 00:00:15.517347,0.9424781647673917,1.3409344526769709,0.37622836320998243,6,1,COMPLETE
5266,52.43,2025-01-22 07:36:06.130255,2025-01-22 07:36:20.609294,0 days 00:00:14.479039,0.9484867910013794,1.342923183668179,0.37653042914758134,4,1,COMPLETE
5267,44.800000000000004,2025-01-22 07:36:17.702965,2025-01-22 07:36:32.261091,0 days 00:00:14.558126,1.0795501428605896,0.027074262070904884,0.8857865045857753,4,1,COMPLETE
5268,51.559999999999995,2025-01-22 07:36:20.765969,2025-01-22 07:36:34.306396,0 days 00:00:13.540427,1.1129528849839767,1.972186175197765,0.2846218505318925,2,1,COMPLETE
5269,51.32,2025-01-22 07:36:32.414434,2025-01-22 07:36:45.932266,0 days 00:00:13.517832,1.3202885094187071,1.8725751833576416,0.2689483397781902,2,1,COMPLETE
5270,52.28,2025-01-22 07:36:34.880847,2025-01-22 07:36:48.471172,0 days 00:00:13.590325,1.4267358888311392,0.9487721440276017,0.438145995127828,2,1,COMPLETE
5271,52.290000000000006,2025-01-22 07:36:46.091049,2025-01-22 07:37:01.944553,0 days 00:00:15.853504,0.8452541664260037,0.9551875161065448,0.45444056242918074,7,1,COMPLETE
5272,49.419999999999995,2025-01-22 07:36:48.797087,2025-01-22 07:37:04.852480,0 days 00:00:16.055393,0.8340713772366941,1.1543452636478873,0.6614987827280415,8,1,COMPLETE
5273,50.22,2025-01-22 07:37:02.111653,2025-01-22 07:37:16.925215,0 days 00:00:14.813562,1.224809308983708,1.1956406730428466,0.6595138118509198,4,1,COMPLETE
5274,30.320000000000004,2025-01-22 07:37:05.021468,2025-01-22 07:37:20.317587,0 days 00:00:15.296119,0.08547226280074596,1.535044825739218,0.32952087066298497,4,1,COMPLETE
5275,51.349999999999994,2025-01-22 07:37:17.083388,2025-01-22 07:37:32.279184,0 days 00:00:15.195796,1.6221641880358866,1.540721668955888,0.3380261281530343,5,1,COMPLETE
5276,49.36,2025-01-22 07:37:20.485552,2025-01-22 07:37:33.873381,0 days 00:00:13.387829,0.4263210919014789,1.4818310890289246,0.5535121986060874,2,1,COMPLETE
5277,52.25,2025-01-22 07:37:32.451770,2025-01-22 07:37:45.997886,0 days 00:00:13.546116,1.0414985625388884,1.3657311880688057,0.5388917474171496,2,1,COMPLETE
5278,43.71,2025-01-22 07:37:34.060400,2025-01-22 07:37:47.607532,0 days 00:00:13.547132,0.19145228364187677,1.9510493501060764,0.492517810089064,2,1,COMPLETE
5279,42.78,2025-01-22 07:37:46.162976,2025-01-22 07:38:13.235291,0 days 00:00:27.072315,0.18567599229620696,1.916833815888679,0.39215085783713244,33,3,COMPLETE
5280,51.870000000000005,2025-01-22 07:37:48.378817,2025-01-22 07:38:03.207868,0 days 00:00:14.829051,1.3794465562528808,1.1604910041483265,0.4116597327925692,5,1,COMPLETE
5281,51.470000000000006,2025-01-22 07:38:03.361763,2025-01-22 07:38:17.430684,0 days 00:00:14.068921,0.5490669049011861,0.31821242685251827,0.3781286598627345,4,1,COMPLETE
5282,51.839999999999996,2025-01-22 07:38:13.386941,2025-01-22 07:38:27.479297,0 days 00:00:14.092356,1.1727017768631,1.6308133506594138,0.3137416798858186,4,1,COMPLETE
5283,48.730000000000004,2025-01-22 07:38:17.581499,2025-01-22 07:38:34.991653,0 days 00:00:17.410154,2.7627868509625486,0.7336068838032631,0.32107746168148815,7,5,COMPLETE
5284,49.8,2025-01-22 07:38:27.644850,2025-01-22 07:38:44.221413,0 days 00:00:16.576563,0.9080216099404305,1.138169447696654,0.23348630820815613,7,1,COMPLETE
5285,52.790000000000006,2025-01-22 07:38:35.163574,2025-01-22 07:38:49.551662,0 days 00:00:14.388088,0.9673072224620787,1.1571324640923535,0.46802298798495023,2,1,COMPLETE
5286,51.24999999999999,2025-01-22 07:38:44.360810,2025-01-22 07:38:58.300955,0 days 00:00:13.940145,1.7587076784395506,0.4427255444081299,0.4510068826155629,2,1,COMPLETE
5287,51.93,2025-01-22 07:38:49.729732,2025-01-22 07:39:05.006460,0 days 00:00:15.276728,1.5585505345470743,1.4045220493143569,0.4262406897837267,5,1,COMPLETE
5288,51.24999999999999,2025-01-22 07:38:58.474564,2025-01-22 07:39:13.899445,0 days 00:00:15.424881,1.2814381833843598,1.3972211350467418,0.5976586083195473,5,1,COMPLETE
5289,1.92,2025-01-22 07:39:05.161590,2025-01-22 07:39:22.597711,0 days 00:00:17.436121,0.06171712760755764,1.6883896662639564,0.576403044304169,10,2,COMPLETE
5290,50.980000000000004,2025-01-22 07:39:14.037561,2025-01-22 07:39:31.204332,0 days 00:00:17.166771,0.6520508064708072,0.012048958020533573,0.526420325933231,10,2,COMPLETE
5291,48.3,2025-01-22 07:39:22.776007,2025-01-22 07:39:37.862654,0 days 00:00:15.086647,0.2439520649916994,0.9303365542385436,0.3580169652568485,4,1,COMPLETE
5292,46.6,2025-01-22 07:39:31.352585,2025-01-22 07:39:46.502282,0 days 00:00:15.149697,0.7815575853387574,0.9053384314739894,0.7750445180640166,4,1,COMPLETE
5293,52.94,2025-01-22 07:39:38.024721,2025-01-22 07:39:52.083413,0 days 00:00:14.058692,1.1029789980471034,2.0059811209920273,0.4106870940407064,2,1,COMPLETE
5294,46.48,2025-01-22 07:39:46.903931,2025-01-22 07:40:00.788359,0 days 00:00:13.884428,1.1114098153515017,1.705059168730861,0.1633547875738606,2,1,COMPLETE
5295,51.35999999999999,2025-01-22 07:39:52.487797,2025-01-22 07:40:08.435667,0 days 00:00:15.947870,1.3572873315442482,1.6435755147019135,0.28909637919820463,6,1,COMPLETE
5296,51.629999999999995,2025-01-22 07:40:00.959062,2025-01-22 07:40:17.555548,0 days 00:00:16.596486,1.3228600160188508,1.2512279566151203,0.4900729407784488,7,1,COMPLETE
5297,52.51,2025-01-22 07:40:08.620245,2025-01-22 07:40:52.089490,0 days 00:00:43.469245,0.9576338172505775,1.2930711197334637,0.4836315797706545,73,4,COMPLETE
5298,51.65,2025-01-22 07:40:17.701622,2025-01-22 07:41:01.648985,0 days 00:00:43.947363,0.9597366650435063,1.0847038528825033,0.3913486672729381,69,25,COMPLETE
5299,51.519999999999996,2025-01-22 07:40:52.242843,2025-01-22 07:41:06.135705,0 days 00:00:13.892862,1.5529744865606725,1.0498937132659072,0.3626477166976778,4,1,COMPLETE
5300,51.949999999999996,2025-01-22 07:41:02.078699,2025-01-22 07:41:16.550575,0 days 00:00:14.471876,0.7804364208171586,1.4445706154295384,0.3465924188183831,4,1,COMPLETE
5301,31.480000000000004,2025-01-22 07:41:06.269156,2025-01-22 07:41:20.350272,0 days 00:00:14.081116,0.8243591818325943,2.067975485962624,1.9018232919872822,2,1,COMPLETE
5302,33.900000000000006,2025-01-22 07:41:16.715085,2025-01-22 07:41:31.001751,0 days 00:00:14.286666,2.0532742288950647,2.069979645451272,1.8624740101772557,2,1,COMPLETE
5303,52.32,2025-01-22 07:41:20.509419,2025-01-22 07:41:33.927303,0 days 00:00:13.417884,1.8650148778115039,1.7117849917541128,0.463626382783757,2,1,COMPLETE
5304,52.25,2025-01-22 07:41:31.202335,2025-01-22 07:41:46.615270,0 days 00:00:15.412935,1.168615585375662,1.6696518451850633,0.4432050180654591,6,1,COMPLETE
5305,50.9,2025-01-22 07:41:34.069121,2025-01-22 07:41:49.380986,0 days 00:00:15.311865,1.1717240432943172,1.390036698097461,0.6142964668995352,6,1,COMPLETE
5306,50.93,2025-01-22 07:41:46.958558,2025-01-22 07:42:03.140317,0 days 00:00:16.181759,1.1085287099660535,0.7857579316663107,0.609767403904085,8,1,COMPLETE
5307,51.06,2025-01-22 07:41:49.723804,2025-01-22 07:42:04.595390,0 days 00:00:14.871586,1.3303795697651855,0.7756209815801005,0.3089750691690243,4,1,COMPLETE
5308,51.04,2025-01-22 07:42:03.308340,2025-01-22 07:42:17.577850,0 days 00:00:14.269510,1.4435689676374213,1.13927133663919,0.29463419386770473,4,1,COMPLETE
5309,49.29,2025-01-22 07:42:04.764354,2025-01-22 07:42:19.241518,0 days 00:00:14.477164,1.5047779616953891,0.13549546772556373,0.2608183296651754,4,1,COMPLETE
5310,52.25,2025-01-22 07:42:17.784504,2025-01-22 07:42:31.728734,0 days 00:00:13.944230,1.0121677716663007,1.3004684820414483,0.5350688350714404,2,1,COMPLETE
5311,51.41,2025-01-22 07:42:19.429901,2025-01-22 07:42:33.278983,0 days 00:00:13.849082,0.6565951652469947,1.2972598864933358,0.5225945930215812,2,1,COMPLETE
5312,52.25,2025-01-22 07:42:31.918373,2025-01-22 07:42:45.213810,0 days 00:00:13.295437,0.6010874577398614,0.9864241386474828,0.39556469012864615,2,1,COMPLETE
5313,52.43,2025-01-22 07:42:33.425164,2025-01-22 07:42:49.354758,0 days 00:00:15.929594,1.0260373537284555,0.9950414907709946,0.3985041130809823,6,1,COMPLETE
5314,52.22,2025-01-22 07:42:45.374614,2025-01-22 07:43:00.512479,0 days 00:00:15.137865,0.8839119541950352,1.5572295958048865,0.36144180540161647,6,1,COMPLETE
5315,0.5,2025-01-22 07:42:49.529621,2025-01-22 07:43:05.469825,0 days 00:00:15.940204,0.03561308977511431,1.5699835147418046,0.35500544785921834,4,1,COMPLETE
5316,49.0,2025-01-22 07:43:00.790217,2025-01-22 07:43:15.742432,0 days 00:00:14.952215,1.2504740572470332,1.921529254869282,0.7269101540583027,4,1,COMPLETE
5317,52.33,2025-01-22 07:43:05.641712,2025-01-22 07:43:20.234815,0 days 00:00:14.593103,1.228603586305498,1.997825549699012,0.45682729330028277,4,1,COMPLETE
5318,51.72,2025-01-22 07:43:16.149933,2025-01-22 07:43:32.126196,0 days 00:00:15.976263,1.7440009627901543,1.372835278968788,0.44786094663065,8,1,COMPLETE
5319,51.790000000000006,2025-01-22 07:43:20.427081,2025-01-22 07:43:36.818308,0 days 00:00:16.391227,1.6498121275565234,1.2503410192142983,0.5067244783621419,8,1,COMPLETE
5320,52.05,2025-01-22 07:43:32.268592,2025-01-22 07:43:45.694098,0 days 00:00:13.425506,0.81905073164883,1.192492942535805,0.5202568493626996,2,1,COMPLETE
5321,51.92,2025-01-22 07:43:36.975883,2025-01-22 07:43:51.200288,0 days 00:00:14.224405,0.7494868767848113,1.6978091406230669,0.3380286632130025,2,1,COMPLETE
5322,51.849999999999994,2025-01-22 07:43:45.946883,2025-01-22 07:43:59.437800,0 days 00:00:13.490917,1.0167373836135343,0.5910336446632418,0.3272317649128213,2,1,COMPLETE
5323,52.410000000000004,2025-01-22 07:43:51.515357,2025-01-22 07:44:06.980949,0 days 00:00:15.465592,1.0396376804656997,1.4727443574442005,0.42066541663297935,5,1,COMPLETE
5324,50.92,2025-01-22 07:43:59.578633,2025-01-22 07:44:14.790013,0 days 00:00:15.211380,2.4353431026255823,1.4841583002666765,0.408676805406034,5,1,COMPLETE
5325,52.04,2025-01-22 07:44:07.176290,2025-01-22 07:44:22.231933,0 days 00:00:15.055643,1.4140513571329882,1.0460002680603764,0.4233026675185855,4,1,COMPLETE
5326,49.86,2025-01-22 07:44:14.949797,2025-01-22 07:44:30.185638,0 days 00:00:15.235841,1.3987630579204426,1.0546788451116487,0.22106477531506985,4,1,COMPLETE
5327,50.019999999999996,2025-01-22 07:44:22.650826,2025-01-22 07:44:36.297813,0 days 00:00:13.646987,1.1855566008988665,0.8681593542144911,0.6683758152340986,2,1,COMPLETE
5328,48.82,2025-01-22 07:44:30.530078,2025-01-22 07:45:09.592315,0 days 00:00:39.062237,0.9124143601787963,1.79270306415748,0.6698098636742307,58,44,COMPLETE
5329,0.5,2025-01-22 07:44:36.480302,2025-01-22 07:44:52.902005,0 days 00:00:16.421703,0.0052905169354633685,1.753895546244598,0.5846800144797678,6,1,COMPLETE
5330,50.5,2025-01-22 07:44:53.175339,2025-01-22 07:45:06.666432,0 days 00:00:13.491093,0.920720618017462,2.1379910509271,0.2665088840929414,2,1,COMPLETE
5331,48.16,2025-01-22 07:45:06.794240,2025-01-22 07:45:21.554710,0 days 00:00:14.760470,5.903259814164106,1.1945146760466157,0.4929518604851362,6,1,COMPLETE
5332,52.01,2025-01-22 07:45:09.734000,2025-01-22 07:45:42.628337,0 days 00:00:32.894337,1.2107207109449853,1.420283957505198,0.5008712935409659,46,3,COMPLETE
5333,36.54,2025-01-22 07:45:21.731040,2025-01-22 07:45:36.594899,0 days 00:00:14.863859,1.2112759164915,1.3236728975438457,1.4246269781720362,4,1,COMPLETE
5334,52.04,2025-01-22 07:45:36.780465,2025-01-22 07:45:50.636683,0 days 00:00:13.856218,1.6433158816081919,1.4907118104888655,0.36287599754022654,2,1,COMPLETE
5335,51.9,2025-01-22 07:45:43.091289,2025-01-22 07:45:56.555288,0 days 00:00:13.463999,1.947562036478908,2.096771017817639,0.3617947810557194,2,1,COMPLETE
5336,50.77,2025-01-22 07:45:50.791848,2025-01-22 07:46:07.170830,0 days 00:00:16.378982,0.7275253415947597,1.1672777035677446,0.295626333009556,8,1,COMPLETE
5337,41.42,2025-01-22 07:45:56.876075,2025-01-22 07:46:13.528867,0 days 00:00:16.652792,0.7108066657339298,1.1798579382648118,0.12248676692777274,8,1,COMPLETE
5338,24.099999999999998,2025-01-22 07:46:07.319363,2025-01-22 07:46:24.736120,0 days 00:00:17.416757,0.9957940459329129,1.7004689333313279,0.005371932404995,4,1,COMPLETE
5339,52.580000000000005,2025-01-22 07:46:13.806268,2025-01-22 07:47:14.643182,0 days 00:01:00.836914,1.0434045059916086,0.9097691522502805,0.4355854699805271,79,4,COMPLETE
5340,52.16,2025-01-22 07:46:25.197590,2025-01-22 07:46:43.178630,0 days 00:00:17.981040,1.4335654295918243,1.663403469941317,0.4201644305173868,6,1,COMPLETE
5341,51.629999999999995,2025-01-22 07:46:43.414297,2025-01-22 07:47:07.649039,0 days 00:00:24.234742,1.1094476682889902,0.8899760620917015,0.567566293998287,4,1,COMPLETE
5342,45.81,2025-01-22 07:47:10.845905,2025-01-22 07:47:31.749362,0 days 00:00:20.903457,0.8538105484219944,0.9928764989762374,0.8274916870873562,2,1,COMPLETE
5343,51.839999999999996,2025-01-22 07:47:17.771613,2025-01-22 07:47:38.012223,0 days 00:00:20.240610,0.8822187538166089,1.4088732600553406,0.30725242468084485,2,1,COMPLETE
5344,50.36000000000001,2025-01-22 07:47:31.979182,2025-01-22 07:48:29.599801,0 days 00:00:57.620619,1.3681125010080077,1.4228838981948757,0.3125674335471429,86,39,COMPLETE
5345,49.919999999999995,2025-01-22 07:47:38.188870,2025-01-22 07:48:03.496918,0 days 00:00:25.308048,1.3302656153277908,0.007519082408632138,0.3749563445477507,4,1,COMPLETE
5346,51.949999999999996,2025-01-22 07:48:04.388533,2025-01-22 07:48:20.758209,0 days 00:00:16.369676,1.6242652291694173,2.1375221396586794,0.48439855928644615,6,1,COMPLETE
5347,51.519999999999996,2025-01-22 07:48:20.929623,2025-01-22 07:48:36.476652,0 days 00:00:15.547029,1.1348993053104768,1.2345654319677388,0.5710843339317953,4,1,COMPLETE
5348,31.95,2025-01-22 07:48:30.956422,2025-01-22 07:48:46.133553,0 days 00:00:15.177131,1.1222690907733586,1.794158894638278,0.040146104458535156,4,1,COMPLETE
5349,50.11,2025-01-22 07:48:36.634213,2025-01-22 07:48:50.180361,0 days 00:00:13.546148,2.0062093967402514,0.2207502416765021,0.4353768369540478,2,1,COMPLETE
5350,52.339999999999996,2025-01-22 07:48:46.323066,2025-01-22 07:49:00.288868,0 days 00:00:13.965802,1.604713269476986,1.1021920097658124,0.42602943539799476,2,1,COMPLETE
5351,52.15,2025-01-22 07:48:50.357125,2025-01-22 07:49:07.087700,0 days 00:00:16.730575,0.8782024199122149,1.5866565713545655,0.35962685603670025,6,1,COMPLETE
5352,52.23,2025-01-22 07:49:00.665250,2025-01-22 07:49:18.547280,0 days 00:00:17.882030,0.8410384150187117,1.5147071946054693,0.3776355975130526,6,1,COMPLETE
5353,50.94,2025-01-22 07:49:07.709549,2025-01-22 07:49:27.547647,0 days 00:00:19.838098,1.314090795572453,5.1767831731635185,0.5064944427978929,4,1,COMPLETE
5354,51.690000000000005,2025-01-22 07:49:20.260075,2025-01-22 07:49:38.503023,0 days 00:00:18.242948,1.2516777297423338,1.9902259077674669,0.5264067911713833,10,2,COMPLETE
5355,50.27,2025-01-22 07:49:27.919281,2025-01-22 07:49:42.129357,0 days 00:00:14.210076,1.0516086372048903,1.965825261120969,0.24554255597522792,2,1,COMPLETE
5356,50.23,2025-01-22 07:49:38.680055,2025-01-22 07:49:54.182670,0 days 00:00:15.502615,1.0446931951763287,1.2725241581240154,0.23894828252775765,2,1,COMPLETE
5357,52.09,2025-01-22 07:49:42.312238,2025-01-22 07:49:57.898967,0 days 00:00:15.586729,1.5493467012836497,1.3105049525407992,0.4595722522199928,4,1,COMPLETE
5358,51.78,2025-01-22 07:49:54.400320,2025-01-22 07:50:09.578565,0 days 00:00:15.178245,1.4555577122083618,0.7479527361475296,0.45618247206301077,4,1,COMPLETE
5359,48.97,2025-01-22 07:49:58.093564,2025-01-22 07:50:13.905547,0 days 00:00:15.811983,0.6006556352196487,1.122545662400403,0.6376795180010048,6,1,COMPLETE
5360,31.44,2025-01-22 07:50:09.796935,2025-01-22 07:50:29.569507,0 days 00:00:19.772572,0.04558082011471463,1.0381472540605898,0.642284657166626,6,1,COMPLETE
5361,52.2,2025-01-22 07:50:14.080353,2025-01-22 07:50:31.605615,0 days 00:00:17.525262,0.7588013308726048,1.6008114175720853,0.35478301751665203,2,1,COMPLETE
5362,51.580000000000005,2025-01-22 07:50:29.770988,2025-01-22 07:50:43.955976,0 days 00:00:14.184988,0.7442193668788758,1.7299958916272637,0.32309567122283384,2,1,COMPLETE
5363,51.74999999999999,2025-01-22 07:50:32.250032,2025-01-22 07:50:49.664758,0 days 00:00:17.414726,0.9595575948169665,1.4168638071204487,0.3179849640977136,4,1,COMPLETE
5364,27.310000000000002,2025-01-22 07:50:44.392820,2025-01-22 07:51:01.647787,0 days 00:00:17.254967,1.016165917338448,1.3729197992688527,2.5355875156836944,8,1,COMPLETE
5365,52.44,2025-01-22 07:50:50.024304,2025-01-22 07:51:04.511709,0 days 00:00:14.487405,1.216785235940083,2.0977944775332196,0.39817776185531706,4,1,COMPLETE
5366,52.04,2025-01-22 07:51:01.813137,2025-01-22 07:51:16.647680,0 days 00:00:14.834543,1.799336259515886,2.129550735435887,0.406557189339077,4,1,COMPLETE
5367,22.49,2025-01-22 07:51:04.693452,2025-01-22 07:51:17.827262,0 days 00:00:13.133810,1.6866920441663669,0.8592213283638754,0.0010029452620789465,2,1,COMPLETE
5368,50.33,2025-01-22 07:51:16.825468,2025-01-22 07:51:47.133220,0 days 00:00:30.307752,1.2700915606848662,0.8771057492664786,0.5267154439192009,41,28,COMPLETE
5369,51.67,2025-01-22 07:51:17.994592,2025-01-22 07:51:33.499047,0 days 00:00:15.504455,1.2370161824329553,1.2126137936155992,0.5403132171182433,6,1,COMPLETE
5370,52.480000000000004,2025-01-22 07:51:33.781539,2025-01-22 07:51:48.496066,0 days 00:00:14.714527,0.9008780868972258,1.7297396027824052,0.4862562185870136,2,1,COMPLETE
5371,51.519999999999996,2025-01-22 07:51:47.444497,2025-01-22 07:52:01.338098,0 days 00:00:13.893601,2.366709158447327,1.6981179786877552,0.4538252304810701,2,1,COMPLETE
