number,value,datetime_start,datetime_complete,duration,params_gamma_1,params_gamma_2,params_lambda,params_n_clusters,params_n_neighbors,state
673,50.74999999999999,2025-01-21 20:20:30.517628,2025-01-21 20:21:14.659064,0 days 00:00:44.141436,1.6541881167580457,0.9313367503032866,0.6149050453999807,78,11,COMPLETE
674,52.300000000000004,2025-01-21 20:21:14.751395,2025-01-21 20:22:07.105389,0 days 00:00:52.353994,1.2104233868121745,1.7278880299043695,0.4046672199524304,94,4,COMPLETE
675,51.94,2025-01-21 20:22:07.193099,2025-01-21 20:22:26.714267,0 days 00:00:19.521168,0.8106506984997291,2.2087032977316827,0.5042849041535016,21,7,COMPLETE
676,51.72,2025-01-21 20:22:26.806017,2025-01-21 20:22:47.173210,0 days 00:00:20.367193,1.0019881805359856,1.4779934586012327,0.3255736899788372,24,9,COMPLETE
677,52.09,2025-01-21 20:22:47.269841,2025-01-21 20:23:06.397479,0 days 00:00:19.127638,0.5704358568580082,0.6761112375981503,0.42610263415649213,20,7,COMPLETE
678,51.739999999999995,2025-01-21 20:23:06.487795,2025-01-21 20:23:27.279271,0 days 00:00:20.791476,1.4472338650893863,1.1248045599406435,0.3581069372151978,25,9,COMPLETE
679,52.43,2025-01-21 20:23:27.353662,2025-01-21 20:23:45.935081,0 days 00:00:18.581419,1.0222464132192883,1.532829173622029,0.5091483429744084,17,8,COMPLETE
680,47.89,2025-01-21 20:23:46.038227,2025-01-21 20:24:02.171943,0 days 00:00:16.133716,0.40377402486220304,1.846104488691089,0.6074057369170801,11,8,COMPLETE
681,50.09,2025-01-21 20:24:02.256446,2025-01-21 20:24:16.110384,0 days 00:00:13.853938,2.0959725200221673,0.26666578935677127,0.4490956839168906,5,1,COMPLETE
682,46.650000000000006,2025-01-21 20:24:16.173435,2025-01-21 20:24:36.029370,0 days 00:00:19.855935,0.194353410748336,1.2499900722757131,0.3785165583844273,22,7,COMPLETE
683,46.379999999999995,2025-01-21 20:24:36.124475,2025-01-21 20:24:55.109993,0 days 00:00:18.985518,0.7848474840178398,2.4242371445457787,0.19224721492664795,19,8,COMPLETE
684,49.87,2025-01-21 20:24:55.194088,2025-01-21 20:25:15.150812,0 days 00:00:19.956724,1.2478777618011545,0.8598034176706727,0.7375049707248604,23,9,COMPLETE
685,51.67,2025-01-21 20:25:15.246580,2025-01-21 20:25:38.222627,0 days 00:00:22.976047,0.6576304807454973,1.0610284300228348,0.5358920793105484,28,6,COMPLETE
686,51.67,2025-01-21 20:25:38.319740,2025-01-21 20:25:59.462029,0 days 00:00:21.142289,0.9028040422294242,1.3917351403098563,0.31279737332166696,25,6,COMPLETE
687,52.6,2025-01-21 20:25:59.555358,2025-01-21 20:26:19.148386,0 days 00:00:19.593028,1.11870386738173,1.9721479736871081,0.4280893089683162,21,7,COMPLETE
688,51.17,2025-01-21 20:26:19.230483,2025-01-21 20:26:39.239358,0 days 00:00:20.008875,1.6602035425729613,3.0917518344967396,0.2832933153465225,22,7,COMPLETE
689,52.410000000000004,2025-01-21 20:26:39.316842,2025-01-21 20:27:01.416241,0 days 00:00:22.099399,1.3402445643123926,2.079555868424968,0.3944537302138706,26,5,COMPLETE
690,52.66,2025-01-21 20:27:01.518186,2025-01-21 20:27:21.763306,0 days 00:00:20.245120,1.161925235566532,2.3581245688203043,0.45569181372657763,24,6,COMPLETE
691,50.39,2025-01-21 20:27:22.050485,2025-01-21 20:28:04.031019,0 days 00:00:41.980534,1.1228738370302964,2.3287472200225094,0.24300728644092515,73,5,COMPLETE
692,36.25,2025-01-21 20:28:04.115784,2025-01-21 20:28:23.793546,0 days 00:00:19.677762,0.30905208376419446,3.615081002843209,0.34819804837427903,21,6,COMPLETE
693,52.61,2025-01-21 20:28:23.896160,2025-01-21 20:28:44.003478,0 days 00:00:20.107318,1.095518679509906,2.812482484146089,0.4760858747155709,24,6,COMPLETE
694,47.32,2025-01-21 20:28:44.087290,2025-01-21 20:29:06.866760,0 days 00:00:22.779470,1.5393538055422258,3.90900465227347,0.8994033699708976,29,5,COMPLETE
695,19.18,2025-01-21 20:29:06.944592,2025-01-21 20:29:29.167542,0 days 00:00:22.222950,1.3094108664151574,5.114527257237615,0.02109989670889837,27,23,COMPLETE
696,50.72,2025-01-21 20:29:29.259658,2025-01-21 20:29:49.315267,0 days 00:00:20.055609,1.125725828238272,3.0010617135275095,0.64955401142561,24,6,COMPLETE
697,51.76,2025-01-21 20:29:49.410284,2025-01-21 20:30:10.577025,0 days 00:00:21.166741,1.429133698802589,2.9736753319007,0.5618566079960498,25,6,COMPLETE
698,51.29,2025-01-21 20:30:10.652166,2025-01-21 20:30:33.149594,0 days 00:00:22.497428,1.0855721857758018,4.310633774487685,0.48049670242602305,27,5,COMPLETE
699,49.95,2025-01-21 20:30:33.231168,2025-01-21 20:30:56.353459,0 days 00:00:23.122291,1.7217313754071593,2.4939874545292393,0.685463521660251,30,5,COMPLETE
700,51.83,2025-01-21 20:30:56.450591,2025-01-21 20:31:16.437264,0 days 00:00:19.986673,1.257937474612529,3.400464983689761,0.5516584540616034,23,6,COMPLETE
701,52.43,2025-01-21 20:31:16.513755,2025-01-21 20:31:39.594629,0 days 00:00:23.080874,0.9968502341422518,2.714920993613596,0.44794161235850716,25,6,COMPLETE
702,52.03,2025-01-21 20:31:39.676602,2025-01-21 20:32:14.453778,0 days 00:00:34.777176,1.8434303139949821,3.1461970261931214,0.46919383539315396,58,4,COMPLETE
703,51.53,2025-01-21 20:32:14.543211,2025-01-21 20:32:34.725400,0 days 00:00:20.182189,1.1603741759796604,2.804455332516304,0.5565239415046438,21,6,COMPLETE
704,52.18000000000001,2025-01-21 20:32:34.821715,2025-01-21 20:32:50.541018,0 days 00:00:15.719303,0.967220968251583,2.3770630335126244,0.4087140254120961,7,6,COMPLETE
705,51.31,2025-01-21 20:32:50.621400,2025-01-21 20:33:10.344567,0 days 00:00:19.723167,1.4508852575686155,3.5821139341877735,0.6218275433094199,23,6,COMPLETE
706,50.86000000000001,2025-01-21 20:33:10.429942,2025-01-21 20:33:34.139926,0 days 00:00:23.709984,1.0183217877755004,2.504885058813547,0.45171044321511866,32,25,COMPLETE
707,52.32,2025-01-21 20:33:34.302839,2025-01-21 20:33:53.439000,0 days 00:00:19.136161,1.2649184292480686,2.7242614081252285,0.37666757046810984,20,6,COMPLETE
708,51.790000000000006,2025-01-21 20:33:53.519983,2025-01-21 20:34:16.274883,0 days 00:00:22.754900,0.8892319625758144,2.2100824206953074,0.5107260425330958,28,5,COMPLETE
709,49.61,2025-01-21 20:34:16.364766,2025-01-21 20:34:38.466906,0 days 00:00:22.102140,1.0818108701782436,2.0417040890392193,0.7162996097485984,26,6,COMPLETE
710,51.980000000000004,2025-01-21 20:34:38.556637,2025-01-21 20:34:58.376089,0 days 00:00:19.819452,1.4485692947318094,2.1669482243901927,0.5178649007895716,23,7,COMPLETE
711,52.190000000000005,2025-01-21 20:34:58.464416,2025-01-21 20:35:17.485132,0 days 00:00:19.020716,0.8884655502641049,2.63092348905734,0.41218748970279206,20,7,COMPLETE
712,52.080000000000005,2025-01-21 20:35:17.587610,2025-01-21 20:35:37.963426,0 days 00:00:20.375816,1.1710430360253008,1.9514635375665836,0.3295857994708009,24,6,COMPLETE
713,50.9,2025-01-21 20:35:38.071437,2025-01-21 20:35:57.573083,0 days 00:00:19.501646,1.9950294124755608,3.0298099575328483,0.6188819761194013,22,7,COMPLETE
714,52.1,2025-01-21 20:35:57.653941,2025-01-21 20:36:15.957631,0 days 00:00:18.303690,0.8056770339405754,2.4860629313292257,0.47390546444325404,18,7,COMPLETE
715,41.52,2025-01-21 20:36:16.048039,2025-01-21 20:36:38.116588,0 days 00:00:22.068549,1.005358702121343,1.9337662849193407,0.10832348738847111,26,5,COMPLETE
716,52.080000000000005,2025-01-21 20:36:38.203245,2025-01-21 20:37:03.477789,0 days 00:00:25.274544,1.3379794927830957,1.7823032608599978,0.37373696720519894,34,5,COMPLETE
717,51.849999999999994,2025-01-21 20:37:03.573614,2025-01-21 20:37:20.971118,0 days 00:00:17.397504,1.151393462805014,3.600115405778871,0.4239918355040784,16,7,COMPLETE
718,51.22,2025-01-21 20:37:21.046070,2025-01-21 20:37:40.549287,0 days 00:00:19.503217,0.8583366100406485,2.2818433299602385,0.2973659826987107,21,6,COMPLETE
719,29.54,2025-01-21 20:37:40.634339,2025-01-21 20:38:02.317263,0 days 00:00:21.682924,0.9725279327446221,0.0013652118176596115,2.9449122412738684,24,6,COMPLETE
720,51.93,2025-01-21 20:38:02.417169,2025-01-21 20:38:14.007661,0 days 00:00:11.590492,1.6659187135817068,1.9390027693940441,0.5564836288480032,1,1,COMPLETE
721,47.48,2025-01-21 20:38:14.091009,2025-01-21 20:38:36.618051,0 days 00:00:22.527042,0.7712506476772681,1.680652118326647,0.7978553052773332,28,5,COMPLETE
722,52.190000000000005,2025-01-21 20:38:36.694283,2025-01-21 20:38:56.436511,0 days 00:00:19.742228,1.2529785896315966,2.085559601537351,0.4847991931880888,22,7,COMPLETE
723,51.38,2025-01-21 20:38:56.504151,2025-01-21 20:39:25.848228,0 days 00:00:29.344077,1.509462678272004,0.5596000524653946,0.35834563153966636,47,3,COMPLETE
724,38.86,2025-01-21 20:39:25.931229,2025-01-21 20:39:44.815159,0 days 00:00:18.883930,1.0608168808703722,2.6082843974202685,1.3777928396915065,19,7,COMPLETE
725,52.580000000000005,2025-01-21 20:39:44.898999,2025-01-21 20:40:05.889180,0 days 00:00:20.990181,0.907906332878892,1.6917240114231313,0.4179536772065201,25,6,COMPLETE
726,51.449999999999996,2025-01-21 20:40:05.990831,2025-01-21 20:40:26.185888,0 days 00:00:20.195057,0.914582624064756,1.7564317053385197,0.5896482201548957,24,6,COMPLETE
727,51.64,2025-01-21 20:40:26.280549,2025-01-21 20:40:48.392397,0 days 00:00:22.111848,1.325199240725017,2.210888295717911,0.42977398592816257,26,17,COMPLETE
728,48.980000000000004,2025-01-21 20:40:48.460067,2025-01-21 20:41:08.108773,0 days 00:00:19.648706,2.2405728070936672,0.011434728305483564,0.3294374720999314,22,7,COMPLETE
729,51.89,2025-01-21 20:41:08.211487,2025-01-21 20:41:29.405737,0 days 00:00:21.194250,0.7188095024601272,1.729065506875022,0.5088605432748832,25,6,COMPLETE
730,52.43,2025-01-21 20:41:29.500377,2025-01-21 20:41:48.405612,0 days 00:00:18.905235,1.1072834021735802,1.9395826451491753,0.39275637145532777,20,7,COMPLETE
731,52.470000000000006,2025-01-21 20:41:48.476959,2025-01-21 20:42:10.859056,0 days 00:00:22.382097,0.8377933190466488,1.637129228547562,0.4648419995315713,27,6,COMPLETE
732,45.11,2025-01-21 20:42:10.962447,2025-01-21 20:42:31.213518,0 days 00:00:20.251071,1.237294071732107,2.6134109121392965,0.14100010920369616,24,6,COMPLETE
733,49.29,2025-01-21 20:42:31.308868,2025-01-21 20:42:47.294650,0 days 00:00:15.985782,0.9632936439463337,3.1029263948912384,0.6607890183245083,9,8,COMPLETE
734,51.39,2025-01-21 20:42:47.378922,2025-01-21 20:43:04.335488,0 days 00:00:16.956566,1.4901404434495695,2.066069899741874,0.28966799632500523,14,7,COMPLETE
735,50.12,2025-01-21 20:43:04.435489,2025-01-21 20:43:24.232703,0 days 00:00:19.797214,1.0759291924866365,0.03356945559037669,0.36932300978504107,22,7,COMPLETE
736,35.82,2025-01-21 20:43:24.322395,2025-01-21 20:43:42.825137,0 days 00:00:18.502742,0.7671212270084042,1.5907018214879127,0.07335742007658266,18,7,COMPLETE
737,51.32,2025-01-21 20:43:42.916390,2025-01-21 20:44:02.208381,0 days 00:00:19.291991,1.7840280194275624,2.134872265577774,0.5629793013958868,20,7,COMPLETE
738,51.160000000000004,2025-01-21 20:44:02.293354,2025-01-21 20:44:24.190107,0 days 00:00:21.896753,0.9505092270659349,4.130265012072727,0.43348336752784467,26,6,COMPLETE
739,51.62,2025-01-21 20:44:24.257974,2025-01-21 20:44:41.900034,0 days 00:00:17.642060,0.6418649837608087,1.702151209622611,0.5025502112523864,16,7,COMPLETE
740,52.31,2025-01-21 20:44:41.977014,2025-01-21 20:45:02.095498,0 days 00:00:20.118484,1.224806482957835,2.361498451188527,0.37142404012491137,23,6,COMPLETE
741,43.69,2025-01-21 20:45:02.173996,2025-01-21 20:45:41.806655,0 days 00:00:39.632659,0.8402885758157911,1.5429005364381325,1.034435539684225,67,4,COMPLETE
742,0.5,2025-01-21 20:45:41.897796,2025-01-21 20:46:05.848609,0 days 00:00:23.950813,0.0035141270146382716,1.8921834515181195,0.3182909469530192,29,5,COMPLETE
743,52.17,2025-01-21 20:46:05.945325,2025-01-21 20:46:26.294957,0 days 00:00:20.349632,1.4600610265668545,1.3808486472027335,0.423405746073366,24,7,COMPLETE
744,49.33,2025-01-21 20:46:26.388663,2025-01-21 20:46:45.949313,0 days 00:00:19.560650,1.0598563970514794,2.5961262179464795,0.7178859599657856,21,7,COMPLETE
745,21.349999999999998,2025-01-21 20:46:46.043485,2025-01-21 20:47:04.615753,0 days 00:00:18.572268,0.6938351679893977,1.809316467028517,0.001822429539567819,18,7,COMPLETE
746,51.74999999999999,2025-01-21 20:47:04.697911,2025-01-21 20:47:26.669703,0 days 00:00:21.971792,1.1447563277024866,1.5106349019660004,0.5776186714993494,25,6,COMPLETE
747,48.44,2025-01-21 20:47:26.753194,2025-01-21 20:47:41.070861,0 days 00:00:14.317667,0.9160599796600762,3.1928699700304537,0.24274646969345684,4,3,COMPLETE
748,51.72,2025-01-21 20:47:41.170293,2025-01-21 20:47:57.957480,0 days 00:00:16.787187,0.7956199724835219,2.1994527929987426,0.4916275451850532,13,7,COMPLETE
749,52.459999999999994,2025-01-21 20:47:58.045745,2025-01-21 20:48:17.242867,0 days 00:00:19.197122,1.3344047744714291,1.426936416224971,0.4092091929363967,20,7,COMPLETE
750,51.0,2025-01-21 20:48:17.341793,2025-01-21 20:48:57.779068,0 days 00:00:40.437275,1.0019896693759904,1.835688163343074,0.3541713348918165,70,35,COMPLETE
751,49.9,2025-01-21 20:48:57.863813,2025-01-21 20:49:20.310598,0 days 00:00:22.446785,1.6349743187079477,0.0019898056955993267,0.5029869388480711,28,5,COMPLETE
752,51.0,2025-01-21 20:49:20.402276,2025-01-21 20:49:40.261574,0 days 00:00:19.859298,1.2333097214827893,1.58447705860097,0.6116155027249719,22,12,COMPLETE
753,51.77,2025-01-21 20:49:40.374356,2025-01-21 20:50:02.355527,0 days 00:00:21.981171,0.5903151098626603,0.4065652926282378,0.44216072850611415,26,2,COMPLETE
754,50.980000000000004,2025-01-21 20:50:02.426685,2025-01-21 20:50:20.067943,0 days 00:00:17.641258,0.7982320774617547,2.2139724534318272,0.3033702678209453,16,8,COMPLETE
755,52.22,2025-01-21 20:50:20.159099,2025-01-21 20:50:40.251289,0 days 00:00:20.092190,1.0115825013265927,1.2663016525119164,0.5323585637279475,23,6,COMPLETE
756,52.190000000000005,2025-01-21 20:50:40.339125,2025-01-21 20:50:59.069703,0 days 00:00:18.730578,1.371228202924562,1.83477615786007,0.3829820281157017,19,7,COMPLETE
757,48.89,2025-01-21 20:50:59.146595,2025-01-21 20:51:19.246933,0 days 00:00:20.100338,2.520947443081205,0.08348138713260454,0.4420712576780823,24,6,COMPLETE
758,49.59,2025-01-21 20:51:19.326272,2025-01-21 20:51:39.014597,0 days 00:00:19.688325,0.8928740113318951,2.85706792176523,0.26614509268070613,21,6,COMPLETE
759,48.809999999999995,2025-01-21 20:51:39.100112,2025-01-21 20:52:01.264559,0 days 00:00:22.164447,0.4888170241063639,1.441400247726637,0.635411581370875,27,9,COMPLETE
760,28.799999999999997,2025-01-21 20:52:01.335226,2025-01-21 20:52:20.268502,0 days 00:00:18.933276,1.135746499394956,2.4595003712192502,0.030462814545617757,18,8,COMPLETE
761,51.85999999999999,2025-01-21 20:52:20.380872,2025-01-21 20:52:42.097435,0 days 00:00:21.716563,0.6896743484312142,1.627585916620358,0.3549369033513237,25,6,COMPLETE
762,52.23,2025-01-21 20:52:42.203109,2025-01-21 20:53:02.026954,0 days 00:00:19.823845,0.9867926646427345,1.22969616747391,0.513956630343021,22,7,COMPLETE
763,51.74999999999999,2025-01-21 20:53:02.123753,2025-01-21 20:53:25.176659,0 days 00:00:23.052906,1.8343438950235254,1.8537490116773296,0.42273637190044916,30,5,COMPLETE
764,47.27,2025-01-21 20:53:25.286251,2025-01-21 20:53:44.300793,0 days 00:00:19.014542,0.8105969608183605,0.0076163242386625505,0.8171069164366489,20,7,COMPLETE
765,52.0,2025-01-21 20:53:44.395528,2025-01-21 20:54:01.628190,0 days 00:00:17.232662,1.1675177984487553,1.315358824816202,0.32986046763892507,15,8,COMPLETE
766,52.22,2025-01-21 20:54:01.710870,2025-01-21 20:54:21.617123,0 days 00:00:19.906253,1.39238078942935,2.0170164565861657,0.4895841216612109,23,6,COMPLETE
767,51.59,2025-01-21 20:54:21.706223,2025-01-21 20:54:43.644369,0 days 00:00:21.938146,0.929759256670747,1.591655336012473,0.5844076976724042,26,5,COMPLETE
768,51.77,2025-01-21 20:54:43.730899,2025-01-21 20:55:03.647983,0 days 00:00:19.917084,0.6952826114525641,2.3139425481516662,0.39444542684111183,21,7,COMPLETE
769,49.64,2025-01-21 20:55:03.724766,2025-01-21 20:55:20.778995,0 days 00:00:17.054229,1.5229458858131482,1.0844734871268806,0.6934503385966976,12,8,COMPLETE
770,52.66,2025-01-21 20:55:20.874120,2025-01-21 20:55:39.456442,0 days 00:00:18.582322,1.1141348472839927,1.432716083579358,0.4720097801240365,18,7,COMPLETE
771,52.12,2025-01-21 20:55:39.574886,2025-01-21 20:55:57.073557,0 days 00:00:17.498671,1.2469302166812224,1.6642997804936406,0.5050433581507151,16,8,COMPLETE
772,22.63,2025-01-21 20:55:57.171267,2025-01-21 20:56:14.279057,0 days 00:00:17.107790,1.5993786670785157,2.9121206617249924,0.0023165322797556276,14,8,COMPLETE
773,51.190000000000005,2025-01-21 20:56:14.375514,2025-01-21 20:56:31.876082,0 days 00:00:17.500568,1.1116385206833514,2.110517972138835,0.6032832530368465,16,8,COMPLETE
774,52.01,2025-01-21 20:56:31.956883,2025-01-21 20:56:48.055007,0 days 00:00:16.098124,1.2596625655597684,1.498602011914221,0.35014808653202595,10,6,COMPLETE
775,51.690000000000005,2025-01-21 20:56:48.148601,2025-01-21 20:57:06.627866,0 days 00:00:18.479265,1.9851657150359936,1.937044248132208,0.45373143672312016,18,7,COMPLETE
776,51.59,2025-01-21 20:57:06.724607,2025-01-21 20:57:25.053914,0 days 00:00:18.329307,1.0763597960119322,3.432989265896143,0.5356323582570617,17,7,COMPLETE
777,52.26,2025-01-21 20:57:25.134701,2025-01-21 20:57:43.886696,0 days 00:00:18.751995,1.3956765885671922,2.535060297117305,0.39444485941061924,19,7,COMPLETE
778,51.17,2025-01-21 20:57:43.967999,2025-01-21 20:58:02.514256,0 days 00:00:18.546257,0.8580392863181955,1.2520486175468097,0.2858475949102445,18,7,COMPLETE
779,48.699999999999996,2025-01-21 20:58:02.596069,2025-01-21 20:58:19.498119,0 days 00:00:16.902050,1.0957727750103947,1.7512933364464114,0.7427532640555129,14,8,COMPLETE
780,51.9,2025-01-21 20:58:19.580172,2025-01-21 20:58:38.391936,0 days 00:00:18.811764,1.64559693343665,4.524593959173949,0.46082866719752796,20,7,COMPLETE
781,51.51,2025-01-21 20:58:38.472691,2025-01-21 20:59:01.216175,0 days 00:00:22.743484,1.2951552225387588,1.476270793229903,0.5666753213509629,28,9,COMPLETE
782,51.959999999999994,2025-01-21 20:59:01.314367,2025-01-21 20:59:19.426559,0 days 00:00:18.112192,0.9999628481553546,2.189215647938291,0.32781230559069546,17,8,COMPLETE
783,51.559999999999995,2025-01-21 20:59:19.538911,2025-01-21 20:59:39.822822,0 days 00:00:20.283911,0.8990181123070407,0.334920222161164,0.3977730446149599,24,6,COMPLETE
784,49.65,2025-01-21 20:59:39.928190,2025-01-21 20:59:56.731993,0 days 00:00:16.803803,0.6131462532732155,1.0789039549784705,0.6385027462817273,13,8,COMPLETE
785,52.54,2025-01-21 20:59:56.815714,2025-01-21 21:00:15.483768,0 days 00:00:18.668054,1.191681045672429,1.706640169236248,0.46519682012666663,20,7,COMPLETE
786,30.44,2025-01-21 21:00:15.578836,2025-01-21 21:00:34.512416,0 days 00:00:18.933580,0.758949058927191,1.3802673661623168,0.04156189092665186,19,7,COMPLETE
787,52.5,2025-01-21 21:00:34.597335,2025-01-21 21:00:54.745359,0 days 00:00:20.148024,1.5128796240731877,1.958950639118391,0.3809857391096016,23,6,COMPLETE
788,52.0,2025-01-21 21:00:54.822609,2025-01-21 21:01:12.291867,0 days 00:00:17.469258,1.0325997406933218,1.2284139874170414,0.5280489517213621,16,8,COMPLETE
789,45.6,2025-01-21 21:01:12.374324,2025-01-21 21:01:33.368720,0 days 00:00:20.994396,0.8477846576585482,2.667436442361016,0.9060698498807829,25,9,COMPLETE
790,51.88,2025-01-21 21:01:33.468182,2025-01-21 21:01:53.029575,0 days 00:00:19.561393,1.3015448809798345,1.5365040043575737,0.32290556018058436,22,6,COMPLETE
791,50.71,2025-01-21 21:01:53.126367,2025-01-21 21:02:30.391222,0 days 00:00:37.264855,0.7537402874651321,1.003175039373156,0.42823952055953146,64,41,COMPLETE
792,51.66,2025-01-21 21:02:30.465103,2025-01-21 21:02:52.804853,0 days 00:00:22.339750,1.072858010898284,1.9974326149769146,0.5435833257910568,27,5,COMPLETE
793,51.65,2025-01-21 21:02:52.874603,2025-01-21 21:03:11.293155,0 days 00:00:18.418552,1.917318989778014,2.385030181780761,0.3648744729621344,18,7,COMPLETE
794,52.459999999999994,2025-01-21 21:03:11.374454,2025-01-21 21:03:30.695491,0 days 00:00:19.321037,0.9220801530890829,1.1904723951801357,0.4706924746293678,21,7,COMPLETE
795,48.480000000000004,2025-01-21 21:03:30.780808,2025-01-21 21:03:51.807129,0 days 00:00:21.026321,0.566617387755438,0.0034211915682594842,0.6653731643075228,25,13,COMPLETE
796,31.619999999999997,2025-01-21 21:03:51.893242,2025-01-21 21:04:11.961929,0 days 00:00:20.068687,0.12364138219821,1.6108884615194603,0.25289037251353097,23,6,COMPLETE
797,51.949999999999996,2025-01-21 21:04:12.049231,2025-01-21 21:04:35.049600,0 days 00:00:23.000369,1.4456800242005197,1.8061350974713954,0.41011145893620843,30,10,COMPLETE
798,47.32,2025-01-21 21:04:35.154719,2025-01-21 21:04:52.408772,0 days 00:00:17.254053,1.1795514155424482,5.960819220803823,0.30884636423929857,15,8,COMPLETE
799,52.12,2025-01-21 21:04:52.488073,2025-01-21 21:05:11.553949,0 days 00:00:19.065876,0.7569624768312875,1.3976389875140207,0.5008823564553183,19,8,COMPLETE
800,51.49,2025-01-21 21:05:11.635768,2025-01-21 21:05:33.770816,0 days 00:00:22.135048,1.048168291261457,1.0789414714305918,0.5798643250357632,27,9,COMPLETE
801,50.56,2025-01-21 21:05:33.844004,2025-01-21 21:05:53.443129,0 days 00:00:19.599125,0.6620554659435607,3.2501211725731123,0.42257431359877473,21,6,COMPLETE
802,50.8,2025-01-21 21:05:53.541961,2025-01-21 21:06:13.949562,0 days 00:00:20.407601,0.9073876902783222,2.1944697479474335,0.35008857344305083,24,20,COMPLETE
803,51.54,2025-01-21 21:06:14.041764,2025-01-21 21:06:30.344452,0 days 00:00:16.302688,1.6309252695985879,1.4000509280097198,0.4769171810546223,12,8,COMPLETE
804,49.62,2025-01-21 21:06:30.416203,2025-01-21 21:06:48.920251,0 days 00:00:18.504048,1.2328418527016693,1.8068566904321457,0.7302859252103963,17,8,COMPLETE
805,0.51,2025-01-21 21:06:49.007808,2025-01-21 21:07:18.849585,0 days 00:00:29.841777,0.0018413610538965924,2.6728232416504745,0.38586701465193635,42,37,COMPLETE
806,51.449999999999996,2025-01-21 21:07:18.924795,2025-01-21 21:07:37.929783,0 days 00:00:19.004988,0.8241424317931594,1.1859956276978445,0.578194290981,20,7,COMPLETE
807,51.15,2025-01-21 21:07:38.012498,2025-01-21 21:07:59.002627,0 days 00:00:20.990129,1.0149100810483904,1.5626886763750125,0.27038254350088803,25,9,COMPLETE
