number,value,datetime_start,datetime_complete,duration,params_gamma_1,params_gamma_2,params_lambda,params_n_clusters,params_n_neighbors,state
1748,52.1,2025-01-21 23:37:14.849654,2025-01-21 23:37:27.920308,0 days 00:00:13.070654,1.1087529245151977,2.041320780786703,0.3109545237032798,2,1,COMPLETE
1749,52.53,2025-01-21 23:37:28.030782,2025-01-21 23:37:42.263661,0 days 00:00:14.232879,0.9455076636038878,1.898405618495544,0.379758732976259,4,1,COMPLETE
1750,52.339999999999996,2025-01-21 23:37:42.369032,2025-01-21 23:37:55.090924,0 days 00:00:12.721892,1.841163846387603,2.5781074231919425,0.4932637823583494,2,1,COMPLETE
1751,52.7,2025-01-21 23:37:53.786139,2025-01-21 23:38:06.956414,0 days 00:00:13.170275,1.2992033743740232,1.9927036307094423,0.4806332732485085,2,1,COMPLETE
1752,29.220000000000002,2025-01-21 23:37:55.644181,2025-01-21 23:38:10.781373,0 days 00:00:15.137192,1.2416572411091436,2.047107019448087,2.384153686094683,4,1,COMPLETE
1753,52.51,2025-01-21 23:38:07.072403,2025-01-21 23:38:21.589474,0 days 00:00:14.517071,1.0992697065919796,1.793858200687643,0.40454099258172355,4,1,COMPLETE
1754,48.28,2025-01-21 23:38:10.901293,2025-01-21 23:38:25.804915,0 days 00:00:14.903622,5.9308548656884135,1.8615889560526002,0.6022160453147949,6,1,COMPLETE
1755,50.19,2025-01-21 23:38:21.715611,2025-01-21 23:38:37.333069,0 days 00:00:15.617458,0.8046025427260086,1.738218552385916,0.5988266438028789,6,1,COMPLETE
1756,49.480000000000004,2025-01-21 23:38:25.904126,2025-01-21 23:38:39.798626,0 days 00:00:13.894500,0.7527748899905943,2.397902281385825,0.27644466676263685,2,1,COMPLETE
1757,50.67,2025-01-21 23:38:37.430764,2025-01-21 23:38:50.975071,0 days 00:00:13.544307,0.9713289330268339,2.006350052383792,0.2607104278789202,2,1,COMPLETE
1758,51.38,2025-01-21 23:38:40.000319,2025-01-21 23:38:54.552079,0 days 00:00:14.551760,0.9651016738699013,0.3762609017613156,0.3291164550658181,4,1,COMPLETE
1759,51.89,2025-01-21 23:38:51.080409,2025-01-21 23:39:05.636334,0 days 00:00:14.555925,1.405064648492713,1.6307499396221838,0.34084865492802635,4,1,COMPLETE
1760,52.449999999999996,2025-01-21 23:38:54.634114,2025-01-21 23:39:08.988197,0 days 00:00:14.354083,1.3975530044789708,1.6569287664906063,0.4318355389915712,4,1,COMPLETE
1761,52.86,2025-01-21 23:39:05.724033,2025-01-21 23:39:19.167936,0 days 00:00:13.443903,1.1566914240748767,2.3242120186550865,0.44109459611552215,2,1,COMPLETE
1762,30.580000000000002,2025-01-21 23:39:09.094246,2025-01-21 23:39:26.390468,0 days 00:00:17.296222,1.6696874461881754,2.253095688565853,0.02867968877963201,11,2,COMPLETE
1763,48.19,2025-01-21 23:39:19.377265,2025-01-21 23:39:35.937360,0 days 00:00:16.560095,1.6556416752809968,2.0683285771725304,0.7894217497250179,11,2,COMPLETE
1764,49.5,2025-01-21 23:39:26.705967,2025-01-21 23:39:42.032283,0 days 00:00:15.326316,1.6124559892373918,1.8907522332910771,0.6985698057512112,7,1,COMPLETE
1765,50.8,2025-01-21 23:39:36.347948,2025-01-21 23:39:52.054277,0 days 00:00:15.706329,1.1925988049364786,0.0014536697769719142,0.5244852370728742,8,1,COMPLETE
1766,52.53,2025-01-21 23:39:42.125552,2025-01-21 23:39:55.570846,0 days 00:00:13.445294,1.1845577807617516,1.5773043584237956,0.5203066734567006,2,1,COMPLETE
1767,52.42,2025-01-21 23:39:52.163099,2025-01-21 23:40:05.664319,0 days 00:00:13.501220,1.293618298347244,1.5397229588392796,0.5354424728509429,2,1,COMPLETE
1768,49.05,2025-01-21 23:39:55.673213,2025-01-21 23:40:09.813382,0 days 00:00:14.140169,0.8813891675028607,1.7113007771235182,0.6714300947553419,4,1,COMPLETE
1769,52.22,2025-01-21 23:40:05.852778,2025-01-21 23:40:21.113331,0 days 00:00:15.260553,0.8774783848491258,1.757554376690061,0.4546450210908465,6,1,COMPLETE
1770,51.43,2025-01-21 23:40:09.918659,2025-01-21 23:42:28.118945,0 days 00:02:18.200286,2.100380582105623,1.8220787817674184,0.45590507558118615,5,1,COMPLETE
1771,51.41,2025-01-21 23:40:21.208401,2025-01-21 23:40:34.887987,0 days 00:00:13.679586,2.0691239124149603,2.233838234996998,0.38409559131055104,4,1,COMPLETE
1772,52.92,2025-01-21 23:40:35.005473,2025-01-21 23:40:47.886439,0 days 00:00:12.880966,1.0568646070909127,1.5187070762129857,0.4592625191466708,2,1,COMPLETE
1773,51.65,2025-01-21 23:40:47.975451,2025-01-21 23:41:00.807885,0 days 00:00:12.832434,0.635479955066805,1.94139235079591,0.37060280809342583,2,1,COMPLETE
1774,51.790000000000006,2025-01-21 23:41:00.934093,2025-01-21 23:41:15.500267,0 days 00:00:14.566174,0.6994070683307654,2.097731149853083,0.4302140533030057,6,1,COMPLETE
1775,51.42,2025-01-21 23:41:15.625815,2025-01-21 23:41:29.453318,0 days 00:00:13.827503,0.9986855017907842,1.7698499015679456,0.5613909587870294,4,1,COMPLETE
1776,52.05,2025-01-21 23:41:29.557864,2025-01-21 23:41:42.310198,0 days 00:00:12.752334,0.8209423217069242,1.5418583291289478,0.3313552649860816,2,1,COMPLETE
1777,50.32,2025-01-21 23:41:42.412694,2025-01-21 23:41:56.241078,0 days 00:00:13.828384,3.366850804162269,2.287174065423616,0.45808800460536003,4,1,COMPLETE
1778,50.24999999999999,2025-01-21 23:41:56.384486,2025-01-21 23:42:10.714844,0 days 00:00:14.330358,0.9745070943478081,1.7252531410606309,0.6254876967992546,6,1,COMPLETE
1779,52.629999999999995,2025-01-21 23:42:10.820497,2025-01-21 23:42:25.060487,0 days 00:00:14.239990,1.3813367069700844,1.5174356289436541,0.3844837005354549,2,1,COMPLETE
1780,49.43,2025-01-21 23:42:25.146593,2025-01-21 23:42:39.977115,0 days 00:00:14.830522,1.1006422632309083,2.1206025490108087,0.22784950209730528,4,1,COMPLETE
1781,52.019999999999996,2025-01-21 23:42:28.230028,2025-01-21 23:42:43.662415,0 days 00:00:15.432387,1.0978654118687932,2.0357597202875697,0.5095239178629591,8,2,COMPLETE
1782,51.690000000000005,2025-01-21 23:42:40.069046,2025-01-21 23:42:56.491756,0 days 00:00:16.422710,0.8175494288903078,1.5577944359228333,0.5195627634312988,8,2,COMPLETE
1783,51.790000000000006,2025-01-21 23:42:43.773505,2025-01-21 23:42:57.028576,0 days 00:00:13.255071,0.8298598957288549,1.48663838974165,0.3134529018370474,2,1,COMPLETE
1784,51.970000000000006,2025-01-21 23:42:56.580703,2025-01-21 23:43:09.594104,0 days 00:00:13.013401,1.356774745978036,2.6336649985011635,0.3037333848490618,2,1,COMPLETE
1785,50.99,2025-01-21 23:42:57.140763,2025-01-21 23:43:50.625161,0 days 00:00:53.484398,0.6799975397494061,2.6035045838228204,0.3788653179727082,88,3,COMPLETE
1786,51.93,2025-01-21 23:43:09.699382,2025-01-21 23:43:23.688681,0 days 00:00:13.989299,0.6956238236036546,1.7777189950906924,0.3851770453997644,4,1,COMPLETE
1787,50.07,2025-01-21 23:43:23.794892,2025-01-21 23:43:38.646254,0 days 00:00:14.851362,0.9768955929590127,1.4914034128326141,0.6337841346427389,6,1,COMPLETE
1788,44.28,2025-01-21 23:43:38.763080,2025-01-21 23:43:52.129845,0 days 00:00:13.366765,1.4826633729667096,1.9386793876029556,0.9879541506137911,2,1,COMPLETE
1789,52.76,2025-01-21 23:43:50.729652,2025-01-21 23:44:03.930627,0 days 00:00:13.200975,1.4779199972272705,1.8797517030681217,0.45076541017973965,2,1,COMPLETE
1790,24.26,2025-01-21 23:43:52.256554,2025-01-21 23:44:06.642295,0 days 00:00:14.385741,1.2082530951647616,1.4312044069806846,0.004272759685372783,4,1,COMPLETE
1791,51.41,2025-01-21 23:44:04.028828,2025-01-21 23:44:18.969863,0 days 00:00:14.941035,1.837133977229012,2.384656374884076,0.34366254207231534,6,1,COMPLETE
1792,50.31,2025-01-21 23:44:06.733790,2025-01-21 23:44:21.967531,0 days 00:00:15.233741,2.656816929638029,2.4174153980434196,0.34488262548006504,7,1,COMPLETE
1793,52.23,2025-01-21 23:44:19.066572,2025-01-21 23:44:33.679302,0 days 00:00:14.612730,1.6494910075182785,2.317235678665427,0.42813282658296525,4,1,COMPLETE
1794,51.459999999999994,2025-01-21 23:44:22.055868,2025-01-21 23:44:36.304087,0 days 00:00:14.248219,2.4798418112524407,2.9402353801015155,0.4140187905477211,4,1,COMPLETE
1795,50.05,2025-01-21 23:44:33.804658,2025-01-21 23:44:47.896323,0 days 00:00:14.091665,2.4954136394499438,2.1131526117880033,0.2719556763146596,4,1,COMPLETE
1796,50.33,2025-01-21 23:44:36.410622,2025-01-21 23:44:51.775533,0 days 00:00:15.364911,1.9417793574818971,1.9894799026798784,0.26004866967308715,6,1,COMPLETE
1797,51.68000000000001,2025-01-21 23:44:47.985085,2025-01-21 23:45:03.129233,0 days 00:00:15.144148,1.986917874856144,1.9391308831978515,0.4515123648659299,6,1,COMPLETE
1798,51.76,2025-01-21 23:44:51.875226,2025-01-21 23:45:08.713928,0 days 00:00:16.838702,1.8451261530609644,3.3413043123798216,0.4386889029488323,9,2,COMPLETE
1799,51.9,2025-01-21 23:45:03.217420,2025-01-21 23:45:19.993434,0 days 00:00:16.776014,1.5544639862765792,2.4601603360833106,0.3999852164963904,9,2,COMPLETE
1800,51.83,2025-01-21 23:45:08.818244,2025-01-21 23:45:21.931509,0 days 00:00:13.113265,1.5801797840488072,2.683856969429174,0.555288064463157,2,1,COMPLETE
1801,52.239999999999995,2025-01-21 23:45:20.099688,2025-01-21 23:45:33.042740,0 days 00:00:12.943052,1.5623731065624107,1.7076109790774505,0.5472724261933352,2,1,COMPLETE
1802,51.68000000000001,2025-01-21 23:45:22.270761,2025-01-21 23:45:36.900296,0 days 00:00:14.629535,1.7260871283871215,1.8684269732487029,0.3438730451645888,4,1,COMPLETE
1803,51.1,2025-01-21 23:45:33.159960,2025-01-21 23:45:48.106673,0 days 00:00:14.946713,2.173780781172819,1.801845159887437,0.34497569978414666,4,1,COMPLETE
1804,51.690000000000005,2025-01-21 23:45:36.987729,2025-01-21 23:45:51.499413,0 days 00:00:14.511684,1.4030671634185443,2.1366252532212484,0.30011820845361653,4,1,COMPLETE
1805,22.95,2025-01-21 23:45:48.199695,2025-01-21 23:46:01.644107,0 days 00:00:13.444412,1.364351041100468,2.3292093707502945,0.0012054405544892558,2,1,COMPLETE
1806,51.019999999999996,2025-01-21 23:45:51.598630,2025-01-21 23:46:04.786442,0 days 00:00:13.187812,1.3425861178761074,5.879512241696979,0.48406838697249654,2,1,COMPLETE
1807,52.61,2025-01-21 23:46:01.770421,2025-01-21 23:46:15.361573,0 days 00:00:13.591152,1.3055092198997686,1.5505307247511175,0.4914766925786517,2,1,COMPLETE
1808,51.67,2025-01-21 23:46:04.898645,2025-01-21 23:46:20.370767,0 days 00:00:15.472122,1.8102536893814642,1.6514080342778916,0.3956683857860456,6,1,COMPLETE
1809,51.41,2025-01-21 23:46:15.587764,2025-01-21 23:46:30.164583,0 days 00:00:14.576819,1.8600198016855163,1.6771021418730034,0.40021895699128074,5,1,COMPLETE
1810,47.38,2025-01-21 23:46:20.464907,2025-01-21 23:46:35.142103,0 days 00:00:14.677196,1.671649577625208,2.914777156896058,0.17971743396514814,4,1,COMPLETE
1811,50.129999999999995,2025-01-21 23:46:30.297052,2025-01-21 23:46:45.225649,0 days 00:00:14.928597,1.5312349910780763,0.005157702660229735,0.6107294747506958,4,1,COMPLETE
1812,50.71,2025-01-21 23:46:35.256284,2025-01-21 23:46:49.083968,0 days 00:00:13.827684,1.1995740622443194,2.1106496493143956,0.6312395835954048,2,1,COMPLETE
1813,52.89,2025-01-21 23:46:45.316635,2025-01-21 23:46:58.503303,0 days 00:00:13.186668,1.1892617197903412,2.053103022705264,0.4584035436465588,2,1,COMPLETE
1814,52.01,2025-01-21 23:46:49.202822,2025-01-21 23:47:05.297189,0 days 00:00:16.094367,1.19000014572729,1.459425164695683,0.4446059410970836,7,1,COMPLETE
1815,51.33,2025-01-21 23:46:58.588309,2025-01-21 23:47:14.283906,0 days 00:00:15.695597,1.6024341739713663,2.440548910409225,0.31425445072402686,7,1,COMPLETE
1816,51.4,2025-01-21 23:47:05.416738,2025-01-21 23:47:20.407363,0 days 00:00:14.990625,1.5005565767786968,2.5338585764484014,0.30771616416731745,6,1,COMPLETE
1817,49.38,2025-01-21 23:47:14.388776,2025-01-21 23:47:50.365289,0 days 00:00:35.976513,1.3855598175077748,2.941211891296186,0.37065215345974944,52,50,COMPLETE
1818,51.92,2025-01-21 23:47:20.503748,2025-01-21 23:47:34.468606,0 days 00:00:13.964858,1.3697405734531714,3.7375971003891633,0.3619537181363137,4,1,COMPLETE
1819,48.16,2025-01-21 23:47:34.582173,2025-01-21 23:47:50.782811,0 days 00:00:16.200638,1.350831147438341,2.475000380243773,0.7414271870206692,10,2,COMPLETE
1820,51.18000000000001,2025-01-21 23:47:50.489811,2025-01-21 23:48:07.200453,0 days 00:00:16.710642,2.139223888361542,3.3987802921864882,0.5210292390734338,9,2,COMPLETE
1821,50.64999999999999,2025-01-21 23:47:50.896118,2025-01-21 23:48:05.546305,0 days 00:00:14.650187,3.050866193739291,2.9337336170014128,0.5256437828804462,4,1,COMPLETE
1822,35.620000000000005,2025-01-21 23:48:05.634836,2025-01-21 23:48:20.381913,0 days 00:00:14.747077,1.8785704426557353,2.181672953311897,0.053698336201916684,6,1,COMPLETE
1823,51.949999999999996,2025-01-21 23:48:07.563136,2025-01-21 23:48:23.013160,0 days 00:00:15.450024,1.7706223287377545,2.301336927231368,0.4210469629198784,6,1,COMPLETE
1824,49.71,2025-01-21 23:48:20.473740,2025-01-21 23:48:34.127752,0 days 00:00:13.654012,1.1929200552713441,2.1917913337091997,0.22913756706419844,2,1,COMPLETE
1825,36.95,2025-01-21 23:48:23.128637,2025-01-21 23:48:36.252228,0 days 00:00:13.123591,1.2006972350167446,2.145442913817268,0.07001542568255081,2,1,COMPLETE
1826,52.410000000000004,2025-01-21 23:48:34.225722,2025-01-21 23:48:48.216481,0 days 00:00:13.990759,1.5208960837104901,1.9948181699283671,0.43990929654928757,4,1,COMPLETE
1827,51.99,2025-01-21 23:48:36.459495,2025-01-21 23:49:07.845641,0 days 00:00:31.386146,1.5376574464044026,1.8877784019959192,0.4559335501984291,41,3,COMPLETE
1828,35.410000000000004,2025-01-21 23:48:48.489511,2025-01-21 23:49:03.462087,0 days 00:00:14.972576,1.1370646808405565,1.941759148417011,1.4973385641041659,4,1,COMPLETE
1829,52.5,2025-01-21 23:49:03.581013,2025-01-21 23:49:17.176758,0 days 00:00:13.595745,1.335624258408621,2.7637322224869734,0.36789490171716305,2,1,COMPLETE
1830,51.78,2025-01-21 23:49:07.938012,2025-01-21 23:49:21.292212,0 days 00:00:13.354200,2.2132420466241594,2.5914515255304056,0.36795888940133054,2,1,COMPLETE
1831,51.06,2025-01-21 23:49:17.504677,2025-01-21 23:49:31.887180,0 days 00:00:14.382503,1.0662891742143972,1.9035889814306555,0.27537444080793444,4,1,COMPLETE
1832,51.01,2025-01-21 23:49:21.386358,2025-01-21 23:49:36.179655,0 days 00:00:14.793297,1.0550486861657833,1.8671800222961312,0.586620780152263,5,1,COMPLETE
1833,51.68000000000001,2025-01-21 23:49:31.997712,2025-01-21 23:49:47.075907,0 days 00:00:15.078195,1.2676562742441984,1.6980709315822504,0.5385877049520376,6,1,COMPLETE
1834,51.849999999999994,2025-01-21 23:49:36.309508,2025-01-21 23:49:52.207505,0 days 00:00:15.897997,1.2409614813991439,3.1375634552946576,0.5114979991605462,8,1,COMPLETE
1835,51.980000000000004,2025-01-21 23:49:47.183408,2025-01-21 23:50:19.118135,0 days 00:00:31.934727,1.6508906825314122,3.256708305911708,0.47997702459591624,48,3,COMPLETE
1836,49.6,2025-01-21 23:49:52.298136,2025-01-21 23:50:05.316988,0 days 00:00:13.018852,1.637002005337966,2.2160596379175295,0.7050479673415972,2,1,COMPLETE
1837,52.55,2025-01-21 23:50:05.428243,2025-01-21 23:50:19.555846,0 days 00:00:14.127603,1.0126937242365317,1.7441608763224745,0.420072210371231,4,1,COMPLETE
1838,51.9,2025-01-21 23:50:19.217214,2025-01-21 23:50:33.389416,0 days 00:00:14.172202,1.0276566857316607,1.7330759672833045,0.3236212602707632,4,1,COMPLETE
1839,0.5,2025-01-21 23:50:19.647307,2025-01-21 23:50:33.920047,0 days 00:00:14.272740,0.001195858353319167,2.532436956646744,0.32345127238617744,2,1,COMPLETE
1840,52.410000000000004,2025-01-21 23:50:33.493706,2025-01-21 23:50:47.111992,0 days 00:00:13.618286,1.3365375701261684,2.608354530922988,0.3897634594919728,3,1,COMPLETE
1841,52.15,2025-01-21 23:50:34.024306,2025-01-21 23:51:06.429862,0 days 00:00:32.405556,1.3177687726728045,1.617506289489513,0.38480330139767194,45,3,COMPLETE
1842,50.949999999999996,2025-01-21 23:50:47.219339,2025-01-21 23:51:02.589299,0 days 00:00:15.369960,1.129820064563478,2.115211227171126,0.5852485949948698,6,1,COMPLETE
1843,52.1,2025-01-21 23:51:02.685833,2025-01-21 23:51:30.036461,0 days 00:00:27.350628,1.4322688630597298,1.61067880562986,0.45248544466590185,38,3,COMPLETE
1844,52.76,2025-01-21 23:51:06.543824,2025-01-21 23:51:19.997494,0 days 00:00:13.453670,0.9565367935230061,1.8538538476065516,0.45338141408682625,2,1,COMPLETE
1845,50.55,2025-01-21 23:51:20.470175,2025-01-21 23:51:35.773373,0 days 00:00:15.303198,0.8764752310205051,2.2316668569805267,0.29263855973282693,8,1,COMPLETE
1846,50.239999999999995,2025-01-21 23:51:30.158982,2025-01-21 23:51:46.437846,0 days 00:00:16.278864,0.8220866848123071,2.1951989325192365,0.28874876250412274,8,1,COMPLETE
1847,51.28,2025-01-21 23:51:35.881376,2025-01-21 23:51:50.983802,0 days 00:00:15.102426,0.9174190467950126,2.7837607414569425,0.34599900772526404,6,1,COMPLETE
1848,52.559999999999995,2025-01-21 23:51:46.551666,2025-01-21 23:52:01.105798,0 days 00:00:14.554132,0.9688365843007218,2.0066339254866157,0.37981426222875636,5,4,COMPLETE
1849,52.44,2025-01-21 23:51:51.068374,2025-01-21 23:52:05.370140,0 days 00:00:14.301766,0.9620255572181764,1.961801374971155,0.40308377384291566,4,1,COMPLETE
1850,52.35999999999999,2025-01-21 23:52:01.325605,2025-01-21 23:52:16.090825,0 days 00:00:14.765220,1.006853595947072,2.267544269103856,0.4180417219359386,4,1,COMPLETE
1851,51.7,2025-01-21 23:52:05.643792,2025-01-21 23:52:20.041565,0 days 00:00:14.397773,0.734830814577221,2.356350737295708,0.4638186280845184,4,1,COMPLETE
1852,51.1,2025-01-21 23:52:16.194776,2025-01-21 23:52:29.683950,0 days 00:00:13.489174,0.7606053202343587,2.4719355954878264,0.3408568831627585,2,1,COMPLETE
1853,45.67,2025-01-21 23:52:20.137519,2025-01-21 23:52:33.670123,0 days 00:00:13.532604,0.5576688141720605,2.7775754860141784,0.2534765122755075,2,1,COMPLETE
1854,47.660000000000004,2025-01-21 23:52:29.774302,2025-01-21 23:52:44.981854,0 days 00:00:15.207552,0.5975280422771682,2.071885686387554,0.24979205497443657,6,1,COMPLETE
1855,51.82,2025-01-21 23:52:33.760117,2025-01-21 23:52:48.479932,0 days 00:00:14.719815,1.1276194774496442,1.8969185499897983,0.5173796342994545,6,1,COMPLETE
1856,51.78,2025-01-21 23:52:45.092121,2025-01-21 23:52:59.733492,0 days 00:00:14.641371,1.0972363220169332,1.8262975130441497,0.5425575889131344,4,1,COMPLETE
1857,51.51,2025-01-21 23:52:48.593534,2025-01-21 23:53:05.300820,0 days 00:00:16.707286,0.9162672870682478,1.8455919422546572,0.33765557424282283,11,2,COMPLETE
1858,50.99,2025-01-21 23:53:00.028628,2025-01-21 23:53:13.801447,0 days 00:00:13.772819,0.9927148201176852,3.963928129417999,0.3552318820223791,2,1,COMPLETE
1859,51.080000000000005,2025-01-21 23:53:05.467772,2025-01-21 23:53:18.635554,0 days 00:00:13.167782,0.8366649956079364,3.71088005234889,0.4265242201386997,2,1,COMPLETE
1860,41.25,2025-01-21 23:53:13.894754,2025-01-21 23:53:28.484945,0 days 00:00:14.590191,0.2660180603955244,3.124805148005289,0.4693910739077142,4,1,COMPLETE
1861,52.05,2025-01-21 23:53:18.743403,2025-01-21 23:53:33.159350,0 days 00:00:14.415947,1.124019561850508,2.8991323769667807,0.4657255837805797,4,1,COMPLETE
1862,50.78,2025-01-21 23:53:28.764643,2025-01-21 23:53:44.762915,0 days 00:00:15.998272,1.1992597746959208,1.6209021971745519,0.6324577237019792,8,1,COMPLETE
1863,42.17,2025-01-21 23:53:33.250579,2025-01-21 23:53:49.454490,0 days 00:00:16.203911,0.08536320752292112,0.26420208650373356,0.6131388377083711,8,1,COMPLETE
1864,51.31,2025-01-21 23:53:44.863046,2025-01-21 23:53:58.381071,0 days 00:00:13.518025,0.8391701662978988,1.9022541930411114,0.30472418003162943,2,1,COMPLETE
1865,51.2,2025-01-21 23:53:49.541414,2025-01-21 23:54:03.599744,0 days 00:00:14.058330,0.8726341903842738,1.9240320373416748,0.2946635254564417,2,1,COMPLETE
1866,51.970000000000006,2025-01-21 23:53:58.469567,2025-01-21 23:54:13.082315,0 days 00:00:14.612748,0.9403940082140507,2.2793416807403806,0.39865961837121416,5,1,COMPLETE
1867,52.290000000000006,2025-01-21 23:54:03.690713,2025-01-21 23:54:18.553180,0 days 00:00:14.862467,1.0340646298747667,2.4700265829489263,0.39230487526799673,6,1,COMPLETE
1868,52.480000000000004,2025-01-21 23:54:13.212259,2025-01-21 23:54:27.904202,0 days 00:00:14.691943,1.1122200898536645,1.6859868800734192,0.39156816985238474,4,1,COMPLETE
1869,43.2,2025-01-21 23:54:18.700410,2025-01-21 23:54:33.307810,0 days 00:00:14.607400,0.6829966429257635,1.5871873609419718,0.15100721785715102,4,1,COMPLETE
1870,47.85,2025-01-21 23:54:28.158793,2025-01-21 23:54:41.684535,0 days 00:00:13.525742,0.6755314731633996,1.5330915371725973,0.21673851686766699,2,1,COMPLETE
1871,34.75,2025-01-21 23:54:33.508249,2025-01-21 23:54:47.372791,0 days 00:00:13.864542,0.014679115820726413,0.16039473986347977,0.5048800407580881,2,1,COMPLETE
1872,52.49,2025-01-21 23:54:41.787972,2025-01-21 23:54:55.442673,0 days 00:00:13.654701,1.3943788443093992,2.05081441570778,0.520352317006774,2,1,COMPLETE
1873,49.370000000000005,2025-01-21 23:54:47.585052,2025-01-21 23:55:24.572542,0 days 00:00:36.987490,4.980156269233654,2.1550431186371752,0.5463856442652116,55,3,COMPLETE
1874,52.28,2025-01-21 23:54:55.553260,2025-01-21 23:55:10.141575,0 days 00:00:14.588315,1.2706849487959657,1.4469925664265952,0.4416220635187485,5,1,COMPLETE
1875,46.89,2025-01-21 23:55:10.230884,2025-01-21 23:55:25.230549,0 days 00:00:14.999665,1.516778312172939,1.8503793328411062,0.8294853784452138,7,1,COMPLETE
1876,51.43,2025-01-21 23:55:24.683785,2025-01-21 23:55:40.090363,0 days 00:00:15.406578,1.524038504908365,1.6585986983781325,0.3459883210226959,7,1,COMPLETE
1877,52.15,2025-01-21 23:55:25.364269,2025-01-21 23:55:40.051523,0 days 00:00:14.687254,1.0198152352812788,1.5056368167777325,0.342368862139027,4,1,COMPLETE
1878,52.75,2025-01-21 23:55:40.184505,2025-01-21 23:55:53.574561,0 days 00:00:13.390056,1.1890240679029607,2.667480258819597,0.4389762627159447,2,1,COMPLETE
1879,51.82,2025-01-21 23:55:40.250985,2025-01-21 23:55:53.740104,0 days 00:00:13.489119,0.7930173313390404,2.7923695448692585,0.4386271022041535,2,1,COMPLETE
1880,48.870000000000005,2025-01-21 23:55:53.697511,2025-01-21 23:56:08.243212,0 days 00:00:14.545701,0.8331931500872307,0.059291342649762456,0.6862175414568268,4,1,COMPLETE
1881,50.6,2025-01-21 23:55:53.874359,2025-01-21 23:56:08.243176,0 days 00:00:14.368817,1.8965373910441456,1.4463230875605022,0.6437285152254106,4,1,COMPLETE
1882,52.129999999999995,2025-01-21 23:56:08.358686,2025-01-21 23:56:23.696274,0 days 00:00:15.337588,1.315564478821123,1.8652190732899014,0.3844935873646905,6,1,COMPLETE
